2024-10-11 05:34:45,053 INFO - ContAudITWrapper#79 - Initializing ContAudIT Wrapper...
2024-10-11 05:34:45,278 INFO - ContAudITWrapper#79 - Current directory: /home/ec2-user/Code/ufrgs-poc/contaudit-wrapper.jar
2024-10-11 05:35:11,351 INFO - ContAudITWrapper#79 - Wrapper hash: b7519188ed863d76e5199a8d880bb968bdf9124fad53b871583787e123a7a764
2024-10-11 05:35:11,682 INFO - ContAudITWrapper#79 - Validating Wrapper...
2024-10-11 05:36:21,622 INFO - ContAudITWrapper#79 - Response true
2024-10-11 05:36:21,847 INFO - ContAudITWrapper#79 - Application hash: e36ee2d35f8c4c41bd358782dfb3ac8852b40439d350ff27616f0c18819ce9bf
2024-10-11 05:36:21,953 INFO - ContAudITWrapper#79 - Validating Application...
2024-10-11 05:36:33,304 INFO - ContAudITWrapper#79 - Response true
2024-10-11 05:36:33,313 INFO - ContAudITWrapper#79 - Artifact apache2.workflow hash: bdb4cee855e21446b6ae53ddcb76a1632ef8c4545b5db0517e01ffd552157f6e
2024-10-11 05:36:33,406 INFO - ContAudITWrapper#79 - Validating Artifact...
2024-10-11 05:36:47,889 INFO - ContAudITWrapper#79 - Response true
2024-10-11 05:36:47,895 INFO - ContAudITWrapper#79 - Running pre-command actions...
2024-10-11 05:36:47,897 INFO - ContAudITWrapper#79 - Analyzing current environment state...
2024-10-11 05:36:48,129 INFO - ContAudITWrapper#79 - Saving current environment state...
2024-10-11 05:36:48,130 INFO - ContAudITWrapper#79 - Environment state hash: a7ffc6f8bf1ed76651c14756a061d662f580ff4de43b49fa82d80a4b80f8434a
2024-10-11 05:36:48,131 INFO - ContAudITWrapper#79 - Executing command...
2024-10-11 05:36:49,786 INFO - ContAudITWrapper#79 - Command output: 
2024-10-11 05:36:48.311645574 [executor] Initializing the workflow...
[apache2_workflow] Apache HTTP Server already installed.
[apache2_workflow] UserDir module already loaded.
[apache2_workflow] Configs to UserDir already exist.
[apache2_workflow] public_html directory already exists in /home/ec2-user.
[apache2_workflow] Creating a simple webpage...
[apache2_workflow] Moving webpage to Apache HTTP Server user website folder...
[apache2_workflow] Page moved successfully!
2024-10-11 05:36:49.785821795 [executor] Finished!

2024-10-11 05:36:49,787 INFO - ContAudITWrapper#79 - Running post-command actions...
2024-10-11 05:36:49,787 INFO - ContAudITWrapper#79 - Analyzing current environment state...
2024-10-11 05:36:49,874 INFO - ContAudITWrapper#79 - Saving current environment state...
2024-10-11 05:36:49,875 INFO - ContAudITWrapper#79 - Environment state hash: a7ffc6f8bf1ed76651c14756a061d662f580ff4de43b49fa82d80a4b80f8434a
2024-10-11 05:36:49,875 INFO - ContAudITWrapper#79 - Checking environment diff...
2024-10-11 05:36:49,960 INFO - ContAudITWrapper#79 - Environment diff: 
2024-10-11 05:36:49,960 INFO - ContAudITWrapper#79 - Cleaning temporary files...
2024-10-11 05:36:50,017 INFO - ContAudITWrapper#79 - Sending to blockchain...
2024-10-11 05:37:00,922 INFO - ContAudITWrapper#79 - Response 
2024-10-11 05:37:00,924 INFO - ContAudITWrapper#79 - Finishing ContAudIT Wrapper...
