2024-10-11 05:34:45,151 INFO - ContAudITWrapper#50 - Initializing ContAudIT Wrapper...
2024-10-11 05:34:45,283 INFO - ContAudITWrapper#50 - Current directory: /home/ec2-user/Code/ufrgs-poc/contaudit-wrapper.jar
2024-10-11 05:35:09,153 INFO - ContAudITWrapper#50 - Wrapper hash: b7519188ed863d76e5199a8d880bb968bdf9124fad53b871583787e123a7a764
2024-10-11 05:35:09,299 INFO - ContAudITWrapper#50 - Validating Wrapper...
2024-10-11 05:36:22,808 INFO - ContAudITWrapper#50 - Response true
2024-10-11 05:36:23,094 INFO - ContAudITWrapper#50 - Application hash: e36ee2d35f8c4c41bd358782dfb3ac8852b40439d350ff27616f0c18819ce9bf
2024-10-11 05:36:23,095 INFO - ContAudITWrapper#50 - Validating Application...
2024-10-11 05:36:34,633 INFO - ContAudITWrapper#50 - Response true
2024-10-11 05:36:34,649 INFO - ContAudITWrapper#50 - Artifact apache2.workflow hash: bdb4cee855e21446b6ae53ddcb76a1632ef8c4545b5db0517e01ffd552157f6e
2024-10-11 05:36:34,758 INFO - ContAudITWrapper#50 - Validating Artifact...
2024-10-11 05:36:47,955 INFO - ContAudITWrapper#50 - Response true
2024-10-11 05:36:47,963 INFO - ContAudITWrapper#50 - Running pre-command actions...
2024-10-11 05:36:47,964 INFO - ContAudITWrapper#50 - Analyzing current environment state...
2024-10-11 05:36:48,180 INFO - ContAudITWrapper#50 - Saving current environment state...
2024-10-11 05:36:48,181 INFO - ContAudITWrapper#50 - Environment state hash: a7ffc6f8bf1ed76651c14756a061d662f580ff4de43b49fa82d80a4b80f8434a
2024-10-11 05:36:48,181 INFO - ContAudITWrapper#50 - Executing command...
2024-10-11 05:36:49,647 INFO - ContAudITWrapper#50 - Command output: 
2024-10-11 05:36:48.318152139 [executor] Initializing the workflow...
[apache2_workflow] Apache HTTP Server already installed.
[apache2_workflow] UserDir module already loaded.
[apache2_workflow] Configs to UserDir already exist.
[apache2_workflow] public_html directory already exists in /home/ec2-user.
[apache2_workflow] Creating a simple webpage...
[apache2_workflow] Moving webpage to Apache HTTP Server user website folder...
[apache2_workflow] Page moved successfully!
2024-10-11 05:36:49.637476247 [executor] Finished!

2024-10-11 05:36:49,648 INFO - ContAudITWrapper#50 - Running post-command actions...
2024-10-11 05:36:49,648 INFO - ContAudITWrapper#50 - Analyzing current environment state...
2024-10-11 05:36:49,757 INFO - ContAudITWrapper#50 - Saving current environment state...
2024-10-11 05:36:49,757 INFO - ContAudITWrapper#50 - Environment state hash: a7ffc6f8bf1ed76651c14756a061d662f580ff4de43b49fa82d80a4b80f8434a
2024-10-11 05:36:49,758 INFO - ContAudITWrapper#50 - Checking environment diff...
2024-10-11 05:36:49,834 INFO - ContAudITWrapper#50 - Environment diff: 
2024-10-11 05:36:49,835 INFO - ContAudITWrapper#50 - Cleaning temporary files...
2024-10-11 05:36:49,935 INFO - ContAudITWrapper#50 - Sending to blockchain...
2024-10-11 05:37:00,533 INFO - ContAudITWrapper#50 - Response 
2024-10-11 05:37:00,535 INFO - ContAudITWrapper#50 - Finishing ContAudIT Wrapper...
