2024-10-11 05:34:45,131 INFO - ContAudITWrapper#66 - Initializing ContAudIT Wrapper...
2024-10-11 05:34:45,370 INFO - ContAudITWrapper#66 - Current directory: /home/ec2-user/Code/ufrgs-poc/contaudit-wrapper.jar
2024-10-11 05:35:11,196 INFO - ContAudITWrapper#66 - Wrapper hash: b7519188ed863d76e5199a8d880bb968bdf9124fad53b871583787e123a7a764
2024-10-11 05:35:11,331 INFO - ContAudITWrapper#66 - Validating Wrapper...
2024-10-11 05:36:21,291 INFO - ContAudITWrapper#66 - Response true
2024-10-11 05:36:21,562 INFO - ContAudITWrapper#66 - Application hash: e36ee2d35f8c4c41bd358782dfb3ac8852b40439d350ff27616f0c18819ce9bf
2024-10-11 05:36:21,569 INFO - ContAudITWrapper#66 - Validating Application...
2024-10-11 05:36:36,119 INFO - ContAudITWrapper#66 - Response true
2024-10-11 05:36:36,127 INFO - ContAudITWrapper#66 - Artifact apache2.workflow hash: bdb4cee855e21446b6ae53ddcb76a1632ef8c4545b5db0517e01ffd552157f6e
2024-10-11 05:36:36,147 INFO - ContAudITWrapper#66 - Validating Artifact...
2024-10-11 05:36:50,326 INFO - ContAudITWrapper#66 - Response true
2024-10-11 05:36:50,327 INFO - ContAudITWrapper#66 - Running pre-command actions...
2024-10-11 05:36:50,328 INFO - ContAudITWrapper#66 - Analyzing current environment state...
2024-10-11 05:36:50,496 INFO - ContAudITWrapper#66 - Saving current environment state...
2024-10-11 05:36:50,498 INFO - ContAudITWrapper#66 - Environment state hash: a7ffc6f8bf1ed76651c14756a061d662f580ff4de43b49fa82d80a4b80f8434a
2024-10-11 05:36:50,499 INFO - ContAudITWrapper#66 - Executing command...
2024-10-11 05:36:51,648 INFO - ContAudITWrapper#66 - Command output: 
2024-10-11 05:36:50.652069563 [executor] Initializing the workflow...
[apache2_workflow] Apache HTTP Server already installed.
[apache2_workflow] UserDir module already loaded.
[apache2_workflow] Configs to UserDir already exist.
[apache2_workflow] public_html directory already exists in /home/ec2-user.
[apache2_workflow] Creating a simple webpage...
[apache2_workflow] Moving webpage to Apache HTTP Server user website folder...
[apache2_workflow] Page moved successfully!
2024-10-11 05:36:51.597564018 [executor] Finished!

2024-10-11 05:36:51,648 INFO - ContAudITWrapper#66 - Running post-command actions...
2024-10-11 05:36:51,649 INFO - ContAudITWrapper#66 - Analyzing current environment state...
2024-10-11 05:36:51,774 INFO - ContAudITWrapper#66 - Saving current environment state...
2024-10-11 05:36:51,774 INFO - ContAudITWrapper#66 - Environment state hash: a7ffc6f8bf1ed76651c14756a061d662f580ff4de43b49fa82d80a4b80f8434a
2024-10-11 05:36:51,775 INFO - ContAudITWrapper#66 - Checking environment diff...
2024-10-11 05:36:51,839 INFO - ContAudITWrapper#66 - Environment diff: 
2024-10-11 05:36:51,840 INFO - ContAudITWrapper#66 - Cleaning temporary files...
2024-10-11 05:36:51,893 INFO - ContAudITWrapper#66 - Sending to blockchain...
2024-10-11 05:37:00,192 INFO - ContAudITWrapper#66 - Response 
2024-10-11 05:37:00,195 INFO - ContAudITWrapper#66 - Finishing ContAudIT Wrapper...
