2024-10-11 05:34:44,681 INFO - ContAudITWrapper#99 - Initializing ContAudIT Wrapper...
2024-10-11 05:34:44,912 INFO - ContAudITWrapper#99 - Current directory: /home/ec2-user/Code/ufrgs-poc/contaudit-wrapper.jar
2024-10-11 05:35:06,627 INFO - ContAudITWrapper#99 - Wrapper hash: b7519188ed863d76e5199a8d880bb968bdf9124fad53b871583787e123a7a764
2024-10-11 05:35:06,805 INFO - ContAudITWrapper#99 - Validating Wrapper...
2024-10-11 05:36:16,111 INFO - ContAudITWrapper#99 - Response true
2024-10-11 05:36:16,239 INFO - ContAudITWrapper#99 - Application hash: e36ee2d35f8c4c41bd358782dfb3ac8852b40439d350ff27616f0c18819ce9bf
2024-10-11 05:36:16,240 INFO - ContAudITWrapper#99 - Validating Application...
2024-10-11 05:36:30,408 INFO - ContAudITWrapper#99 - Response true
2024-10-11 05:36:30,425 INFO - ContAudITWrapper#99 - Artifact apache2.workflow hash: bdb4cee855e21446b6ae53ddcb76a1632ef8c4545b5db0517e01ffd552157f6e
2024-10-11 05:36:30,449 INFO - ContAudITWrapper#99 - Validating Artifact...
2024-10-11 05:36:41,173 INFO - ContAudITWrapper#99 - Response true
2024-10-11 05:36:41,175 INFO - ContAudITWrapper#99 - Running pre-command actions...
2024-10-11 05:36:41,176 INFO - ContAudITWrapper#99 - Analyzing current environment state...
2024-10-11 05:36:41,432 INFO - ContAudITWrapper#99 - Saving current environment state...
2024-10-11 05:36:41,433 INFO - ContAudITWrapper#99 - Environment state hash: a7ffc6f8bf1ed76651c14756a061d662f580ff4de43b49fa82d80a4b80f8434a
2024-10-11 05:36:41,433 INFO - ContAudITWrapper#99 - Executing command...
2024-10-11 05:36:42,989 INFO - ContAudITWrapper#99 - Command output: 
2024-10-11 05:36:41.592454113 [executor] Initializing the workflow...
[apache2_workflow] Apache HTTP Server already installed.
[apache2_workflow] UserDir module already loaded.
[apache2_workflow] Configs to UserDir already exist.
[apache2_workflow] public_html directory already exists in /home/ec2-user.
[apache2_workflow] Creating a simple webpage...
[apache2_workflow] Moving webpage to Apache HTTP Server user website folder...
[apache2_workflow] Page moved successfully!
2024-10-11 05:36:42.987824585 [executor] Finished!

2024-10-11 05:36:42,989 INFO - ContAudITWrapper#99 - Running post-command actions...
2024-10-11 05:36:42,989 INFO - ContAudITWrapper#99 - Analyzing current environment state...
2024-10-11 05:36:43,043 INFO - ContAudITWrapper#99 - Saving current environment state...
2024-10-11 05:36:43,044 INFO - ContAudITWrapper#99 - Environment state hash: a7ffc6f8bf1ed76651c14756a061d662f580ff4de43b49fa82d80a4b80f8434a
2024-10-11 05:36:43,044 INFO - ContAudITWrapper#99 - Checking environment diff...
2024-10-11 05:36:43,156 INFO - ContAudITWrapper#99 - Environment diff: 
2024-10-11 05:36:43,158 INFO - ContAudITWrapper#99 - Cleaning temporary files...
2024-10-11 05:36:43,232 INFO - ContAudITWrapper#99 - Sending to blockchain...
2024-10-11 05:36:59,754 INFO - ContAudITWrapper#99 - Response 
2024-10-11 05:36:59,755 INFO - ContAudITWrapper#99 - Finishing ContAudIT Wrapper...
