2024-10-11 05:34:44,771 INFO - ContAudITWrapper#40 - Initializing ContAudIT Wrapper...
2024-10-11 05:34:44,963 INFO - ContAudITWrapper#40 - Current directory: /home/ec2-user/Code/ufrgs-poc/contaudit-wrapper.jar
2024-10-11 05:35:06,675 INFO - ContAudITWrapper#40 - Wrapper hash: b7519188ed863d76e5199a8d880bb968bdf9124fad53b871583787e123a7a764
2024-10-11 05:35:06,707 INFO - ContAudITWrapper#40 - Validating Wrapper...
2024-10-11 05:36:14,386 INFO - ContAudITWrapper#40 - Response true
2024-10-11 05:36:14,509 INFO - ContAudITWrapper#40 - Application hash: e36ee2d35f8c4c41bd358782dfb3ac8852b40439d350ff27616f0c18819ce9bf
2024-10-11 05:36:14,511 INFO - ContAudITWrapper#40 - Validating Application...
2024-10-11 05:36:29,430 INFO - ContAudITWrapper#40 - Response true
2024-10-11 05:36:29,442 INFO - ContAudITWrapper#40 - Artifact apache2.workflow hash: bdb4cee855e21446b6ae53ddcb76a1632ef8c4545b5db0517e01ffd552157f6e
2024-10-11 05:36:29,472 INFO - ContAudITWrapper#40 - Validating Artifact...
2024-10-11 05:36:41,866 INFO - ContAudITWrapper#40 - Response true
2024-10-11 05:36:41,920 INFO - ContAudITWrapper#40 - Running pre-command actions...
2024-10-11 05:36:41,921 INFO - ContAudITWrapper#40 - Analyzing current environment state...
2024-10-11 05:36:42,067 INFO - ContAudITWrapper#40 - Saving current environment state...
2024-10-11 05:36:42,068 INFO - ContAudITWrapper#40 - Environment state hash: a7ffc6f8bf1ed76651c14756a061d662f580ff4de43b49fa82d80a4b80f8434a
2024-10-11 05:36:42,069 INFO - ContAudITWrapper#40 - Executing command...
2024-10-11 05:36:43,641 INFO - ContAudITWrapper#40 - Command output: 
2024-10-11 05:36:42.134839513 [executor] Initializing the workflow...
[apache2_workflow] Apache HTTP Server already installed.
[apache2_workflow] UserDir module already loaded.
[apache2_workflow] Configs to UserDir already exist.
[apache2_workflow] public_html directory already exists in /home/ec2-user.
[apache2_workflow] Creating a simple webpage...
[apache2_workflow] Moving webpage to Apache HTTP Server user website folder...
[apache2_workflow] Page moved successfully!
2024-10-11 05:36:43.640314269 [executor] Finished!

2024-10-11 05:36:43,641 INFO - ContAudITWrapper#40 - Running post-command actions...
2024-10-11 05:36:43,641 INFO - ContAudITWrapper#40 - Analyzing current environment state...
2024-10-11 05:36:43,837 INFO - ContAudITWrapper#40 - Saving current environment state...
2024-10-11 05:36:43,837 INFO - ContAudITWrapper#40 - Environment state hash: a7ffc6f8bf1ed76651c14756a061d662f580ff4de43b49fa82d80a4b80f8434a
2024-10-11 05:36:43,838 INFO - ContAudITWrapper#40 - Checking environment diff...
2024-10-11 05:36:43,865 INFO - ContAudITWrapper#40 - Environment diff: 
2024-10-11 05:36:43,865 INFO - ContAudITWrapper#40 - Cleaning temporary files...
2024-10-11 05:36:43,897 INFO - ContAudITWrapper#40 - Sending to blockchain...
2024-10-11 05:36:54,852 INFO - ContAudITWrapper#40 - Response 
2024-10-11 05:36:54,854 INFO - ContAudITWrapper#40 - Finishing ContAudIT Wrapper...
