2024-10-11 05:34:44,579 INFO - ContAudITWrapper#68 - Initializing ContAudIT Wrapper...
2024-10-11 05:34:44,802 INFO - ContAudITWrapper#68 - Current directory: /home/ec2-user/Code/ufrgs-poc/contaudit-wrapper.jar
2024-10-11 05:35:03,048 INFO - ContAudITWrapper#68 - Wrapper hash: b7519188ed863d76e5199a8d880bb968bdf9124fad53b871583787e123a7a764
2024-10-11 05:35:03,057 INFO - ContAudITWrapper#68 - Validating Wrapper...
2024-10-11 05:36:06,036 INFO - ContAudITWrapper#68 - Response true
2024-10-11 05:36:06,216 INFO - ContAudITWrapper#68 - Application hash: e36ee2d35f8c4c41bd358782dfb3ac8852b40439d350ff27616f0c18819ce9bf
2024-10-11 05:36:06,217 INFO - ContAudITWrapper#68 - Validating Application...
2024-10-11 05:36:23,951 INFO - ContAudITWrapper#68 - Response true
2024-10-11 05:36:23,981 INFO - ContAudITWrapper#68 - Artifact apache2.workflow hash: bdb4cee855e21446b6ae53ddcb76a1632ef8c4545b5db0517e01ffd552157f6e
2024-10-11 05:36:24,047 INFO - ContAudITWrapper#68 - Validating Artifact...
2024-10-11 05:36:33,596 INFO - ContAudITWrapper#68 - Response true
2024-10-11 05:36:33,601 INFO - ContAudITWrapper#68 - Running pre-command actions...
2024-10-11 05:36:33,603 INFO - ContAudITWrapper#68 - Analyzing current environment state...
2024-10-11 05:36:33,828 INFO - ContAudITWrapper#68 - Saving current environment state...
2024-10-11 05:36:33,829 INFO - ContAudITWrapper#68 - Environment state hash: a7ffc6f8bf1ed76651c14756a061d662f580ff4de43b49fa82d80a4b80f8434a
2024-10-11 05:36:33,829 INFO - ContAudITWrapper#68 - Executing command...
2024-10-11 05:36:35,494 INFO - ContAudITWrapper#68 - Command output: 
2024-10-11 05:36:34.044714009 [executor] Initializing the workflow...
[apache2_workflow] Apache HTTP Server already installed.
[apache2_workflow] UserDir module already loaded.
[apache2_workflow] Configs to UserDir already exist.
[apache2_workflow] public_html directory already exists in /home/ec2-user.
[apache2_workflow] Creating a simple webpage...
[apache2_workflow] Moving webpage to Apache HTTP Server user website folder...
[apache2_workflow] Page moved successfully!
2024-10-11 05:36:35.419547504 [executor] Finished!

2024-10-11 05:36:35,495 INFO - ContAudITWrapper#68 - Running post-command actions...
2024-10-11 05:36:35,495 INFO - ContAudITWrapper#68 - Analyzing current environment state...
2024-10-11 05:36:35,590 INFO - ContAudITWrapper#68 - Saving current environment state...
2024-10-11 05:36:35,591 INFO - ContAudITWrapper#68 - Environment state hash: a7ffc6f8bf1ed76651c14756a061d662f580ff4de43b49fa82d80a4b80f8434a
2024-10-11 05:36:35,591 INFO - ContAudITWrapper#68 - Checking environment diff...
2024-10-11 05:36:35,708 INFO - ContAudITWrapper#68 - Environment diff: 
2024-10-11 05:36:35,708 INFO - ContAudITWrapper#68 - Cleaning temporary files...
2024-10-11 05:36:35,742 INFO - ContAudITWrapper#68 - Sending to blockchain...
2024-10-11 05:36:54,799 INFO - ContAudITWrapper#68 - Response 
2024-10-11 05:36:54,801 INFO - ContAudITWrapper#68 - Finishing ContAudIT Wrapper...
