2024-10-11 05:34:44,278 INFO - ContAudITWrapper#71 - Initializing ContAudIT Wrapper...
2024-10-11 05:34:44,513 INFO - ContAudITWrapper#71 - Current directory: /home/ec2-user/Code/ufrgs-poc/contaudit-wrapper.jar
2024-10-11 05:35:09,376 INFO - ContAudITWrapper#71 - Wrapper hash: b7519188ed863d76e5199a8d880bb968bdf9124fad53b871583787e123a7a764
2024-10-11 05:35:09,444 INFO - ContAudITWrapper#71 - Validating Wrapper...
2024-10-11 05:36:19,619 INFO - ContAudITWrapper#71 - Response true
2024-10-11 05:36:19,968 INFO - ContAudITWrapper#71 - Application hash: e36ee2d35f8c4c41bd358782dfb3ac8852b40439d350ff27616f0c18819ce9bf
2024-10-11 05:36:19,971 INFO - ContAudITWrapper#71 - Validating Application...
2024-10-11 05:36:32,036 INFO - ContAudITWrapper#71 - Response true
2024-10-11 05:36:32,039 INFO - ContAudITWrapper#71 - Artifact apache2.workflow hash: bdb4cee855e21446b6ae53ddcb76a1632ef8c4545b5db0517e01ffd552157f6e
2024-10-11 05:36:32,057 INFO - ContAudITWrapper#71 - Validating Artifact...
2024-10-11 05:36:46,488 INFO - ContAudITWrapper#71 - Response true
2024-10-11 05:36:46,507 INFO - ContAudITWrapper#71 - Running pre-command actions...
2024-10-11 05:36:46,508 INFO - ContAudITWrapper#71 - Analyzing current environment state...
2024-10-11 05:36:46,664 INFO - ContAudITWrapper#71 - Saving current environment state...
2024-10-11 05:36:46,665 INFO - ContAudITWrapper#71 - Environment state hash: a7ffc6f8bf1ed76651c14756a061d662f580ff4de43b49fa82d80a4b80f8434a
2024-10-11 05:36:46,666 INFO - ContAudITWrapper#71 - Executing command...
2024-10-11 05:36:48,762 INFO - ContAudITWrapper#71 - Command output: 
2024-10-11 05:36:46.788043256 [executor] Initializing the workflow...
[apache2_workflow] Apache HTTP Server already installed.
[apache2_workflow] UserDir module already loaded.
[apache2_workflow] Configs to UserDir already exist.
[apache2_workflow] public_html directory already exists in /home/ec2-user.
[apache2_workflow] Creating a simple webpage...
[apache2_workflow] Moving webpage to Apache HTTP Server user website folder...
[apache2_workflow] Page moved successfully!
2024-10-11 05:36:48.761345525 [executor] Finished!

2024-10-11 05:36:48,762 INFO - ContAudITWrapper#71 - Running post-command actions...
2024-10-11 05:36:48,762 INFO - ContAudITWrapper#71 - Analyzing current environment state...
2024-10-11 05:36:48,906 INFO - ContAudITWrapper#71 - Saving current environment state...
2024-10-11 05:36:48,906 INFO - ContAudITWrapper#71 - Environment state hash: a7ffc6f8bf1ed76651c14756a061d662f580ff4de43b49fa82d80a4b80f8434a
2024-10-11 05:36:48,907 INFO - ContAudITWrapper#71 - Checking environment diff...
2024-10-11 05:36:48,959 INFO - ContAudITWrapper#71 - Environment diff: 
2024-10-11 05:36:48,960 INFO - ContAudITWrapper#71 - Cleaning temporary files...
2024-10-11 05:36:49,002 INFO - ContAudITWrapper#71 - Sending to blockchain...
2024-10-11 05:37:00,132 INFO - ContAudITWrapper#71 - Response 
2024-10-11 05:37:00,135 INFO - ContAudITWrapper#71 - Finishing ContAudIT Wrapper...
