2024-10-11 05:34:43,596 INFO - ContAudITWrapper#2 - Initializing ContAudIT Wrapper...
2024-10-11 05:34:43,812 INFO - ContAudITWrapper#2 - Current directory: /home/ec2-user/Code/ufrgs-poc/contaudit-wrapper.jar
2024-10-11 05:35:10,033 INFO - ContAudITWrapper#2 - Wrapper hash: b7519188ed863d76e5199a8d880bb968bdf9124fad53b871583787e123a7a764
2024-10-11 05:35:10,196 INFO - ContAudITWrapper#2 - Validating Wrapper...
2024-10-11 05:36:19,319 INFO - ContAudITWrapper#2 - Response true
2024-10-11 05:36:19,652 INFO - ContAudITWrapper#2 - Application hash: e36ee2d35f8c4c41bd358782dfb3ac8852b40439d350ff27616f0c18819ce9bf
2024-10-11 05:36:19,692 INFO - ContAudITWrapper#2 - Validating Application...
2024-10-11 05:36:33,265 INFO - ContAudITWrapper#2 - Response true
2024-10-11 05:36:33,285 INFO - ContAudITWrapper#2 - Artifact apache2.workflow hash: bdb4cee855e21446b6ae53ddcb76a1632ef8c4545b5db0517e01ffd552157f6e
2024-10-11 05:36:33,342 INFO - ContAudITWrapper#2 - Validating Artifact...
2024-10-11 05:36:45,683 INFO - ContAudITWrapper#2 - Response true
2024-10-11 05:36:45,691 INFO - ContAudITWrapper#2 - Running pre-command actions...
2024-10-11 05:36:45,693 INFO - ContAudITWrapper#2 - Analyzing current environment state...
2024-10-11 05:36:45,833 INFO - ContAudITWrapper#2 - Saving current environment state...
2024-10-11 05:36:45,834 INFO - ContAudITWrapper#2 - Environment state hash: a7ffc6f8bf1ed76651c14756a061d662f580ff4de43b49fa82d80a4b80f8434a
2024-10-11 05:36:45,834 INFO - ContAudITWrapper#2 - Executing command...
2024-10-11 05:36:47,046 INFO - ContAudITWrapper#2 - Command output: 
2024-10-11 05:36:46.022893614 [executor] Initializing the workflow...
[apache2_workflow] Apache HTTP Server already installed.
[apache2_workflow] UserDir module already loaded.
[apache2_workflow] Configs to UserDir already exist.
[apache2_workflow] public_html directory already exists in /home/ec2-user.
[apache2_workflow] Creating a simple webpage...
[apache2_workflow] Moving webpage to Apache HTTP Server user website folder...
[apache2_workflow] Page moved successfully!
2024-10-11 05:36:47.045702315 [executor] Finished!

2024-10-11 05:36:47,047 INFO - ContAudITWrapper#2 - Running post-command actions...
2024-10-11 05:36:47,047 INFO - ContAudITWrapper#2 - Analyzing current environment state...
2024-10-11 05:36:47,156 INFO - ContAudITWrapper#2 - Saving current environment state...
2024-10-11 05:36:47,157 INFO - ContAudITWrapper#2 - Environment state hash: a7ffc6f8bf1ed76651c14756a061d662f580ff4de43b49fa82d80a4b80f8434a
2024-10-11 05:36:47,158 INFO - ContAudITWrapper#2 - Checking environment diff...
2024-10-11 05:36:47,292 INFO - ContAudITWrapper#2 - Environment diff: 
2024-10-11 05:36:47,292 INFO - ContAudITWrapper#2 - Cleaning temporary files...
2024-10-11 05:36:47,348 INFO - ContAudITWrapper#2 - Sending to blockchain...
2024-10-11 05:37:00,162 INFO - ContAudITWrapper#2 - Response 
2024-10-11 05:37:00,164 INFO - ContAudITWrapper#2 - Finishing ContAudIT Wrapper...
