2024-10-11 05:08:06,724 INFO - ContAudITWrapper#52 - Initializing ContAudIT Wrapper...
2024-10-11 05:08:06,973 INFO - ContAudITWrapper#52 - Current directory: /home/ec2-user/Code/ufrgs-poc/contaudit-wrapper.jar
2024-10-11 05:08:25,693 INFO - ContAudITWrapper#52 - Wrapper hash: b7519188ed863d76e5199a8d880bb968bdf9124fad53b871583787e123a7a764
2024-10-11 05:08:25,800 INFO - ContAudITWrapper#52 - Validating Wrapper...
2024-10-11 05:09:31,019 INFO - ContAudITWrapper#52 - Response true
2024-10-11 05:09:31,222 INFO - ContAudITWrapper#52 - Application hash: e36ee2d35f8c4c41bd358782dfb3ac8852b40439d350ff27616f0c18819ce9bf
2024-10-11 05:09:31,224 INFO - ContAudITWrapper#52 - Validating Application...
2024-10-11 05:09:47,363 INFO - ContAudITWrapper#52 - Response true
2024-10-11 05:09:47,374 INFO - ContAudITWrapper#52 - Artifact apache2.workflow hash: bdb4cee855e21446b6ae53ddcb76a1632ef8c4545b5db0517e01ffd552157f6e
2024-10-11 05:09:47,386 INFO - ContAudITWrapper#52 - Validating Artifact...
2024-10-11 05:09:59,175 INFO - ContAudITWrapper#52 - Response true
2024-10-11 05:09:59,176 INFO - ContAudITWrapper#52 - Running pre-command actions...
2024-10-11 05:09:59,177 INFO - ContAudITWrapper#52 - Analyzing current environment state...
2024-10-11 05:09:59,350 INFO - ContAudITWrapper#52 - Saving current environment state...
2024-10-11 05:09:59,351 INFO - ContAudITWrapper#52 - Environment state hash: a7ffc6f8bf1ed76651c14756a061d662f580ff4de43b49fa82d80a4b80f8434a
2024-10-11 05:09:59,351 INFO - ContAudITWrapper#52 - Executing command...
2024-10-11 05:10:01,323 INFO - ContAudITWrapper#52 - Command output: 
2024-10-11 05:09:59.566214553 [executor] Initializing the workflow...
[apache2_workflow] Apache HTTP Server already installed.
[apache2_workflow] UserDir module already loaded.
[apache2_workflow] Configs to UserDir already exist.
[apache2_workflow] public_html directory already exists in /home/ec2-user.
[apache2_workflow] Creating a simple webpage...
[apache2_workflow] Moving webpage to Apache HTTP Server user website folder...
[apache2_workflow] Page moved successfully!
2024-10-11 05:10:01.321155361 [executor] Finished!

2024-10-11 05:10:01,323 INFO - ContAudITWrapper#52 - Running post-command actions...
2024-10-11 05:10:01,323 INFO - ContAudITWrapper#52 - Analyzing current environment state...
2024-10-11 05:10:01,467 INFO - ContAudITWrapper#52 - Saving current environment state...
2024-10-11 05:10:01,467 INFO - ContAudITWrapper#52 - Environment state hash: a7ffc6f8bf1ed76651c14756a061d662f580ff4de43b49fa82d80a4b80f8434a
2024-10-11 05:10:01,468 INFO - ContAudITWrapper#52 - Checking environment diff...
2024-10-11 05:10:01,564 INFO - ContAudITWrapper#52 - Environment diff: 
2024-10-11 05:10:01,564 INFO - ContAudITWrapper#52 - Cleaning temporary files...
2024-10-11 05:10:01,662 INFO - ContAudITWrapper#52 - Sending to blockchain...
2024-10-11 05:10:15,988 INFO - ContAudITWrapper#52 - Response 
2024-10-11 05:10:15,989 INFO - ContAudITWrapper#52 - Finishing ContAudIT Wrapper...
