2024-10-11 05:08:06,723 INFO - ContAudITWrapper#36 - Initializing ContAudIT Wrapper...
2024-10-11 05:08:06,956 INFO - ContAudITWrapper#36 - Current directory: /home/ec2-user/Code/ufrgs-poc/contaudit-wrapper.jar
2024-10-11 05:08:28,381 INFO - ContAudITWrapper#36 - Wrapper hash: b7519188ed863d76e5199a8d880bb968bdf9124fad53b871583787e123a7a764
2024-10-11 05:08:28,389 INFO - ContAudITWrapper#36 - Validating Wrapper...
2024-10-11 05:09:39,228 INFO - ContAudITWrapper#36 - Response true
2024-10-11 05:09:39,460 INFO - ContAudITWrapper#36 - Application hash: e36ee2d35f8c4c41bd358782dfb3ac8852b40439d350ff27616f0c18819ce9bf
2024-10-11 05:09:39,516 INFO - ContAudITWrapper#36 - Validating Application...
2024-10-11 05:09:50,770 INFO - ContAudITWrapper#36 - Response true
2024-10-11 05:09:50,781 INFO - ContAudITWrapper#36 - Artifact apache2.workflow hash: bdb4cee855e21446b6ae53ddcb76a1632ef8c4545b5db0517e01ffd552157f6e
2024-10-11 05:09:50,803 INFO - ContAudITWrapper#36 - Validating Artifact...
2024-10-11 05:10:04,481 INFO - ContAudITWrapper#36 - Response true
2024-10-11 05:10:04,495 INFO - ContAudITWrapper#36 - Running pre-command actions...
2024-10-11 05:10:04,500 INFO - ContAudITWrapper#36 - Analyzing current environment state...
2024-10-11 05:10:04,769 INFO - ContAudITWrapper#36 - Saving current environment state...
2024-10-11 05:10:04,770 INFO - ContAudITWrapper#36 - Environment state hash: a7ffc6f8bf1ed76651c14756a061d662f580ff4de43b49fa82d80a4b80f8434a
2024-10-11 05:10:04,770 INFO - ContAudITWrapper#36 - Executing command...
2024-10-11 05:10:06,292 INFO - ContAudITWrapper#36 - Command output: 
2024-10-11 05:10:04.870950819 [executor] Initializing the workflow...
[apache2_workflow] Apache HTTP Server already installed.
[apache2_workflow] UserDir module already loaded.
[apache2_workflow] Configs to UserDir already exist.
[apache2_workflow] public_html directory already exists in /home/ec2-user.
[apache2_workflow] Creating a simple webpage...
[apache2_workflow] Moving webpage to Apache HTTP Server user website folder...
[apache2_workflow] Page moved successfully!
2024-10-11 05:10:06.291923286 [executor] Finished!

2024-10-11 05:10:06,293 INFO - ContAudITWrapper#36 - Running post-command actions...
2024-10-11 05:10:06,293 INFO - ContAudITWrapper#36 - Analyzing current environment state...
2024-10-11 05:10:06,368 INFO - ContAudITWrapper#36 - Saving current environment state...
2024-10-11 05:10:06,369 INFO - ContAudITWrapper#36 - Environment state hash: a7ffc6f8bf1ed76651c14756a061d662f580ff4de43b49fa82d80a4b80f8434a
2024-10-11 05:10:06,369 INFO - ContAudITWrapper#36 - Checking environment diff...
2024-10-11 05:10:06,471 INFO - ContAudITWrapper#36 - Environment diff: 
2024-10-11 05:10:06,471 INFO - ContAudITWrapper#36 - Cleaning temporary files...
2024-10-11 05:10:06,496 INFO - ContAudITWrapper#36 - Sending to blockchain...
2024-10-11 05:10:17,238 INFO - ContAudITWrapper#36 - Response 
2024-10-11 05:10:17,240 INFO - ContAudITWrapper#36 - Finishing ContAudIT Wrapper...
