2024-10-11 05:08:07,591 INFO - ContAudITWrapper#70 - Initializing ContAudIT Wrapper...
2024-10-11 05:08:07,753 INFO - ContAudITWrapper#70 - Current directory: /home/ec2-user/Code/ufrgs-poc/contaudit-wrapper.jar
2024-10-11 05:08:34,656 INFO - ContAudITWrapper#70 - Wrapper hash: b7519188ed863d76e5199a8d880bb968bdf9124fad53b871583787e123a7a764
2024-10-11 05:08:34,817 INFO - ContAudITWrapper#70 - Validating Wrapper...
2024-10-11 05:09:47,367 INFO - ContAudITWrapper#70 - Response true
2024-10-11 05:09:47,458 INFO - ContAudITWrapper#70 - Application hash: e36ee2d35f8c4c41bd358782dfb3ac8852b40439d350ff27616f0c18819ce9bf
2024-10-11 05:09:47,461 INFO - ContAudITWrapper#70 - Validating Application...
2024-10-11 05:09:58,218 INFO - ContAudITWrapper#70 - Response true
2024-10-11 05:09:58,236 INFO - ContAudITWrapper#70 - Artifact apache2.workflow hash: bdb4cee855e21446b6ae53ddcb76a1632ef8c4545b5db0517e01ffd552157f6e
2024-10-11 05:09:58,248 INFO - ContAudITWrapper#70 - Validating Artifact...
2024-10-11 05:10:09,202 INFO - ContAudITWrapper#70 - Response true
2024-10-11 05:10:09,210 INFO - ContAudITWrapper#70 - Running pre-command actions...
2024-10-11 05:10:09,211 INFO - ContAudITWrapper#70 - Analyzing current environment state...
2024-10-11 05:10:09,377 INFO - ContAudITWrapper#70 - Saving current environment state...
2024-10-11 05:10:09,378 INFO - ContAudITWrapper#70 - Environment state hash: a7ffc6f8bf1ed76651c14756a061d662f580ff4de43b49fa82d80a4b80f8434a
2024-10-11 05:10:09,379 INFO - ContAudITWrapper#70 - Executing command...
2024-10-11 05:10:10,532 INFO - ContAudITWrapper#70 - Command output: 
2024-10-11 05:10:09.547604062 [executor] Initializing the workflow...
[apache2_workflow] Apache HTTP Server already installed.
[apache2_workflow] UserDir module already loaded.
[apache2_workflow] Configs to UserDir already exist.
[apache2_workflow] public_html directory already exists in /home/ec2-user.
[apache2_workflow] Creating a simple webpage...
[apache2_workflow] Moving webpage to Apache HTTP Server user website folder...
[apache2_workflow] Page moved successfully!
2024-10-11 05:10:10.531264248 [executor] Finished!

2024-10-11 05:10:10,532 INFO - ContAudITWrapper#70 - Running post-command actions...
2024-10-11 05:10:10,532 INFO - ContAudITWrapper#70 - Analyzing current environment state...
2024-10-11 05:10:10,573 INFO - ContAudITWrapper#70 - Saving current environment state...
2024-10-11 05:10:10,574 INFO - ContAudITWrapper#70 - Environment state hash: a7ffc6f8bf1ed76651c14756a061d662f580ff4de43b49fa82d80a4b80f8434a
2024-10-11 05:10:10,575 INFO - ContAudITWrapper#70 - Checking environment diff...
2024-10-11 05:10:10,715 INFO - ContAudITWrapper#70 - Environment diff: 
2024-10-11 05:10:10,715 INFO - ContAudITWrapper#70 - Cleaning temporary files...
2024-10-11 05:10:10,774 INFO - ContAudITWrapper#70 - Sending to blockchain...
2024-10-11 05:10:20,569 INFO - ContAudITWrapper#70 - Response 
2024-10-11 05:10:20,572 INFO - ContAudITWrapper#70 - Finishing ContAudIT Wrapper...
