2024-10-11 05:08:05,116 INFO - ContAudITWrapper#10 - Initializing ContAudIT Wrapper...
2024-10-11 05:08:05,406 INFO - ContAudITWrapper#10 - Current directory: /home/ec2-user/Code/ufrgs-poc/contaudit-wrapper.jar
2024-10-11 05:08:28,833 INFO - ContAudITWrapper#10 - Wrapper hash: b7519188ed863d76e5199a8d880bb968bdf9124fad53b871583787e123a7a764
2024-10-11 05:08:28,891 INFO - ContAudITWrapper#10 - Validating Wrapper...
2024-10-11 05:09:33,016 INFO - ContAudITWrapper#10 - Response true
2024-10-11 05:09:33,207 INFO - ContAudITWrapper#10 - Application hash: e36ee2d35f8c4c41bd358782dfb3ac8852b40439d350ff27616f0c18819ce9bf
2024-10-11 05:09:33,352 INFO - ContAudITWrapper#10 - Validating Application...
2024-10-11 05:09:49,439 INFO - ContAudITWrapper#10 - Response true
2024-10-11 05:09:49,458 INFO - ContAudITWrapper#10 - Artifact apache2.workflow hash: bdb4cee855e21446b6ae53ddcb76a1632ef8c4545b5db0517e01ffd552157f6e
2024-10-11 05:09:49,475 INFO - ContAudITWrapper#10 - Validating Artifact...
2024-10-11 05:10:01,047 INFO - ContAudITWrapper#10 - Response true
2024-10-11 05:10:01,053 INFO - ContAudITWrapper#10 - Running pre-command actions...
2024-10-11 05:10:01,054 INFO - ContAudITWrapper#10 - Analyzing current environment state...
2024-10-11 05:10:01,236 INFO - ContAudITWrapper#10 - Saving current environment state...
2024-10-11 05:10:01,239 INFO - ContAudITWrapper#10 - Environment state hash: a7ffc6f8bf1ed76651c14756a061d662f580ff4de43b49fa82d80a4b80f8434a
2024-10-11 05:10:01,239 INFO - ContAudITWrapper#10 - Executing command...
2024-10-11 05:10:02,831 INFO - ContAudITWrapper#10 - Command output: 
2024-10-11 05:10:01.462846878 [executor] Initializing the workflow...
[apache2_workflow] Apache HTTP Server already installed.
[apache2_workflow] UserDir module already loaded.
[apache2_workflow] Configs to UserDir already exist.
[apache2_workflow] public_html directory already exists in /home/ec2-user.
[apache2_workflow] Creating a simple webpage...
[apache2_workflow] Moving webpage to Apache HTTP Server user website folder...
[apache2_workflow] Page moved successfully!
2024-10-11 05:10:02.732166681 [executor] Finished!

2024-10-11 05:10:02,832 INFO - ContAudITWrapper#10 - Running post-command actions...
2024-10-11 05:10:02,832 INFO - ContAudITWrapper#10 - Analyzing current environment state...
2024-10-11 05:10:03,007 INFO - ContAudITWrapper#10 - Saving current environment state...
2024-10-11 05:10:03,007 INFO - ContAudITWrapper#10 - Environment state hash: a7ffc6f8bf1ed76651c14756a061d662f580ff4de43b49fa82d80a4b80f8434a
2024-10-11 05:10:03,008 INFO - ContAudITWrapper#10 - Checking environment diff...
2024-10-11 05:10:03,094 INFO - ContAudITWrapper#10 - Environment diff: 
2024-10-11 05:10:03,095 INFO - ContAudITWrapper#10 - Cleaning temporary files...
2024-10-11 05:10:03,209 INFO - ContAudITWrapper#10 - Sending to blockchain...
2024-10-11 05:10:17,948 INFO - ContAudITWrapper#10 - Response 
2024-10-11 05:10:17,949 INFO - ContAudITWrapper#10 - Finishing ContAudIT Wrapper...
