2024-10-11 05:08:06,214 INFO - ContAudITWrapper#58 - Initializing ContAudIT Wrapper...
2024-10-11 05:08:06,436 INFO - ContAudITWrapper#58 - Current directory: /home/ec2-user/Code/ufrgs-poc/contaudit-wrapper.jar
2024-10-11 05:08:30,763 INFO - ContAudITWrapper#58 - Wrapper hash: b7519188ed863d76e5199a8d880bb968bdf9124fad53b871583787e123a7a764
2024-10-11 05:08:30,901 INFO - ContAudITWrapper#58 - Validating Wrapper...
2024-10-11 05:09:35,132 INFO - ContAudITWrapper#58 - Response true
2024-10-11 05:09:35,328 INFO - ContAudITWrapper#58 - Application hash: e36ee2d35f8c4c41bd358782dfb3ac8852b40439d350ff27616f0c18819ce9bf
2024-10-11 05:09:35,330 INFO - ContAudITWrapper#58 - Validating Application...
2024-10-11 05:09:44,040 INFO - ContAudITWrapper#58 - Response true
2024-10-11 05:09:44,052 INFO - ContAudITWrapper#58 - Artifact apache2.workflow hash: bdb4cee855e21446b6ae53ddcb76a1632ef8c4545b5db0517e01ffd552157f6e
2024-10-11 05:09:44,138 INFO - ContAudITWrapper#58 - Validating Artifact...
2024-10-11 05:09:56,245 INFO - ContAudITWrapper#58 - Response true
2024-10-11 05:09:56,256 INFO - ContAudITWrapper#58 - Running pre-command actions...
2024-10-11 05:09:56,257 INFO - ContAudITWrapper#58 - Analyzing current environment state...
2024-10-11 05:09:56,428 INFO - ContAudITWrapper#58 - Saving current environment state...
2024-10-11 05:09:56,429 INFO - ContAudITWrapper#58 - Environment state hash: a7ffc6f8bf1ed76651c14756a061d662f580ff4de43b49fa82d80a4b80f8434a
2024-10-11 05:09:56,429 INFO - ContAudITWrapper#58 - Executing command...
2024-10-11 05:09:57,721 INFO - ContAudITWrapper#58 - Command output: 
2024-10-11 05:09:56.537187024 [executor] Initializing the workflow...
[apache2_workflow] Apache HTTP Server already installed.
[apache2_workflow] UserDir module already loaded.
[apache2_workflow] Configs to UserDir already exist.
[apache2_workflow] public_html directory already exists in /home/ec2-user.
[apache2_workflow] Creating a simple webpage...
[apache2_workflow] Moving webpage to Apache HTTP Server user website folder...
[apache2_workflow] Page moved successfully!
2024-10-11 05:09:57.719021829 [executor] Finished!

2024-10-11 05:09:57,722 INFO - ContAudITWrapper#58 - Running post-command actions...
2024-10-11 05:09:57,723 INFO - ContAudITWrapper#58 - Analyzing current environment state...
2024-10-11 05:09:57,857 INFO - ContAudITWrapper#58 - Saving current environment state...
2024-10-11 05:09:57,858 INFO - ContAudITWrapper#58 - Environment state hash: a7ffc6f8bf1ed76651c14756a061d662f580ff4de43b49fa82d80a4b80f8434a
2024-10-11 05:09:57,858 INFO - ContAudITWrapper#58 - Checking environment diff...
2024-10-11 05:09:57,963 INFO - ContAudITWrapper#58 - Environment diff: 
2024-10-11 05:09:57,964 INFO - ContAudITWrapper#58 - Cleaning temporary files...
2024-10-11 05:09:58,080 INFO - ContAudITWrapper#58 - Sending to blockchain...
2024-10-11 05:10:11,541 INFO - ContAudITWrapper#58 - Response 
2024-10-11 05:10:11,543 INFO - ContAudITWrapper#58 - Finishing ContAudIT Wrapper...
