2024-10-11 05:08:06,268 INFO - ContAudITWrapper#91 - Initializing ContAudIT Wrapper...
2024-10-11 05:08:06,432 INFO - ContAudITWrapper#91 - Current directory: /home/ec2-user/Code/ufrgs-poc/contaudit-wrapper.jar
2024-10-11 05:08:29,565 INFO - ContAudITWrapper#91 - Wrapper hash: b7519188ed863d76e5199a8d880bb968bdf9124fad53b871583787e123a7a764
2024-10-11 05:08:29,662 INFO - ContAudITWrapper#91 - Validating Wrapper...
2024-10-11 05:09:40,043 INFO - ContAudITWrapper#91 - Response true
2024-10-11 05:09:40,434 INFO - ContAudITWrapper#91 - Application hash: e36ee2d35f8c4c41bd358782dfb3ac8852b40439d350ff27616f0c18819ce9bf
2024-10-11 05:09:40,435 INFO - ContAudITWrapper#91 - Validating Application...
2024-10-11 05:09:55,869 INFO - ContAudITWrapper#91 - Response true
2024-10-11 05:09:55,893 INFO - ContAudITWrapper#91 - Artifact apache2.workflow hash: bdb4cee855e21446b6ae53ddcb76a1632ef8c4545b5db0517e01ffd552157f6e
2024-10-11 05:09:55,923 INFO - ContAudITWrapper#91 - Validating Artifact...
2024-10-11 05:10:10,474 INFO - ContAudITWrapper#91 - Response true
2024-10-11 05:10:10,491 INFO - ContAudITWrapper#91 - Running pre-command actions...
2024-10-11 05:10:10,492 INFO - ContAudITWrapper#91 - Analyzing current environment state...
2024-10-11 05:10:10,700 INFO - ContAudITWrapper#91 - Saving current environment state...
2024-10-11 05:10:10,701 INFO - ContAudITWrapper#91 - Environment state hash: a7ffc6f8bf1ed76651c14756a061d662f580ff4de43b49fa82d80a4b80f8434a
2024-10-11 05:10:10,701 INFO - ContAudITWrapper#91 - Executing command...
2024-10-11 05:10:12,099 INFO - ContAudITWrapper#91 - Command output: 
2024-10-11 05:10:10.822036490 [executor] Initializing the workflow...
[apache2_workflow] Apache HTTP Server already installed.
[apache2_workflow] UserDir module already loaded.
[apache2_workflow] Configs to UserDir already exist.
[apache2_workflow] public_html directory already exists in /home/ec2-user.
[apache2_workflow] Creating a simple webpage...
[apache2_workflow] Moving webpage to Apache HTTP Server user website folder...
[apache2_workflow] Page moved successfully!
2024-10-11 05:10:12.098377275 [executor] Finished!

2024-10-11 05:10:12,099 INFO - ContAudITWrapper#91 - Running post-command actions...
2024-10-11 05:10:12,099 INFO - ContAudITWrapper#91 - Analyzing current environment state...
2024-10-11 05:10:12,217 INFO - ContAudITWrapper#91 - Saving current environment state...
2024-10-11 05:10:12,218 INFO - ContAudITWrapper#91 - Environment state hash: a7ffc6f8bf1ed76651c14756a061d662f580ff4de43b49fa82d80a4b80f8434a
2024-10-11 05:10:12,219 INFO - ContAudITWrapper#91 - Checking environment diff...
2024-10-11 05:10:12,264 INFO - ContAudITWrapper#91 - Environment diff: 
2024-10-11 05:10:12,265 INFO - ContAudITWrapper#91 - Cleaning temporary files...
2024-10-11 05:10:12,303 INFO - ContAudITWrapper#91 - Sending to blockchain...
2024-10-11 05:10:20,639 INFO - ContAudITWrapper#91 - Response 
2024-10-11 05:10:20,641 INFO - ContAudITWrapper#91 - Finishing ContAudIT Wrapper...
