2024-10-11 05:08:07,104 INFO - ContAudITWrapper#77 - Initializing ContAudIT Wrapper...
2024-10-11 05:08:07,296 INFO - ContAudITWrapper#77 - Current directory: /home/ec2-user/Code/ufrgs-poc/contaudit-wrapper.jar
2024-10-11 05:08:22,299 INFO - ContAudITWrapper#77 - Wrapper hash: b7519188ed863d76e5199a8d880bb968bdf9124fad53b871583787e123a7a764
2024-10-11 05:08:22,374 INFO - ContAudITWrapper#77 - Validating Wrapper...
2024-10-11 05:09:19,543 INFO - ContAudITWrapper#77 - Response true
2024-10-11 05:09:19,746 INFO - ContAudITWrapper#77 - Application hash: e36ee2d35f8c4c41bd358782dfb3ac8852b40439d350ff27616f0c18819ce9bf
2024-10-11 05:09:19,747 INFO - ContAudITWrapper#77 - Validating Application...
2024-10-11 05:09:36,216 INFO - ContAudITWrapper#77 - Response true
2024-10-11 05:09:36,222 INFO - ContAudITWrapper#77 - Artifact apache2.workflow hash: bdb4cee855e21446b6ae53ddcb76a1632ef8c4545b5db0517e01ffd552157f6e
2024-10-11 05:09:36,258 INFO - ContAudITWrapper#77 - Validating Artifact...
2024-10-11 05:09:52,993 INFO - ContAudITWrapper#77 - Response true
2024-10-11 05:09:53,001 INFO - ContAudITWrapper#77 - Running pre-command actions...
2024-10-11 05:09:53,014 INFO - ContAudITWrapper#77 - Analyzing current environment state...
2024-10-11 05:09:53,190 INFO - ContAudITWrapper#77 - Saving current environment state...
2024-10-11 05:09:53,191 INFO - ContAudITWrapper#77 - Environment state hash: a7ffc6f8bf1ed76651c14756a061d662f580ff4de43b49fa82d80a4b80f8434a
2024-10-11 05:09:53,192 INFO - ContAudITWrapper#77 - Executing command...
2024-10-11 05:09:54,871 INFO - ContAudITWrapper#77 - Command output: 
2024-10-11 05:09:53.339302914 [executor] Initializing the workflow...
[apache2_workflow] Apache HTTP Server already installed.
[apache2_workflow] UserDir module already loaded.
[apache2_workflow] Configs to UserDir already exist.
[apache2_workflow] public_html directory already exists in /home/ec2-user.
[apache2_workflow] Creating a simple webpage...
[apache2_workflow] Moving webpage to Apache HTTP Server user website folder...
[apache2_workflow] Page moved successfully!
2024-10-11 05:09:54.864819438 [executor] Finished!

2024-10-11 05:09:54,871 INFO - ContAudITWrapper#77 - Running post-command actions...
2024-10-11 05:09:54,871 INFO - ContAudITWrapper#77 - Analyzing current environment state...
2024-10-11 05:09:55,086 INFO - ContAudITWrapper#77 - Saving current environment state...
2024-10-11 05:09:55,087 INFO - ContAudITWrapper#77 - Environment state hash: a7ffc6f8bf1ed76651c14756a061d662f580ff4de43b49fa82d80a4b80f8434a
2024-10-11 05:09:55,087 INFO - ContAudITWrapper#77 - Checking environment diff...
2024-10-11 05:09:55,301 INFO - ContAudITWrapper#77 - Environment diff: 
2024-10-11 05:09:55,301 INFO - ContAudITWrapper#77 - Cleaning temporary files...
2024-10-11 05:09:55,383 INFO - ContAudITWrapper#77 - Sending to blockchain...
2024-10-11 05:10:09,588 INFO - ContAudITWrapper#77 - Response 
2024-10-11 05:10:09,589 INFO - ContAudITWrapper#77 - Finishing ContAudIT Wrapper...
