2024-10-11 05:08:06,742 INFO - ContAudITWrapper#42 - Initializing ContAudIT Wrapper...
2024-10-11 05:08:06,934 INFO - ContAudITWrapper#42 - Current directory: /home/ec2-user/Code/ufrgs-poc/contaudit-wrapper.jar
2024-10-11 05:08:30,407 INFO - ContAudITWrapper#42 - Wrapper hash: b7519188ed863d76e5199a8d880bb968bdf9124fad53b871583787e123a7a764
2024-10-11 05:08:30,483 INFO - ContAudITWrapper#42 - Validating Wrapper...
2024-10-11 05:09:35,509 INFO - ContAudITWrapper#42 - Response true
2024-10-11 05:09:35,613 INFO - ContAudITWrapper#42 - Application hash: e36ee2d35f8c4c41bd358782dfb3ac8852b40439d350ff27616f0c18819ce9bf
2024-10-11 05:09:35,614 INFO - ContAudITWrapper#42 - Validating Application...
2024-10-11 05:09:48,325 INFO - ContAudITWrapper#42 - Response true
2024-10-11 05:09:48,328 INFO - ContAudITWrapper#42 - Artifact apache2.workflow hash: bdb4cee855e21446b6ae53ddcb76a1632ef8c4545b5db0517e01ffd552157f6e
2024-10-11 05:09:48,406 INFO - ContAudITWrapper#42 - Validating Artifact...
2024-10-11 05:10:03,264 INFO - ContAudITWrapper#42 - Response true
2024-10-11 05:10:03,267 INFO - ContAudITWrapper#42 - Running pre-command actions...
2024-10-11 05:10:03,272 INFO - ContAudITWrapper#42 - Analyzing current environment state...
2024-10-11 05:10:03,503 INFO - ContAudITWrapper#42 - Saving current environment state...
2024-10-11 05:10:03,504 INFO - ContAudITWrapper#42 - Environment state hash: a7ffc6f8bf1ed76651c14756a061d662f580ff4de43b49fa82d80a4b80f8434a
2024-10-11 05:10:03,504 INFO - ContAudITWrapper#42 - Executing command...
2024-10-11 05:10:05,432 INFO - ContAudITWrapper#42 - Command output: 
2024-10-11 05:10:03.844275442 [executor] Initializing the workflow...
[apache2_workflow] Apache HTTP Server already installed.
[apache2_workflow] UserDir module already loaded.
[apache2_workflow] Configs to UserDir already exist.
[apache2_workflow] public_html directory already exists in /home/ec2-user.
[apache2_workflow] Creating a simple webpage...
[apache2_workflow] Moving webpage to Apache HTTP Server user website folder...
[apache2_workflow] Page moved successfully!
2024-10-11 05:10:05.431475544 [executor] Finished!

2024-10-11 05:10:05,432 INFO - ContAudITWrapper#42 - Running post-command actions...
2024-10-11 05:10:05,432 INFO - ContAudITWrapper#42 - Analyzing current environment state...
2024-10-11 05:10:05,587 INFO - ContAudITWrapper#42 - Saving current environment state...
2024-10-11 05:10:05,588 INFO - ContAudITWrapper#42 - Environment state hash: a7ffc6f8bf1ed76651c14756a061d662f580ff4de43b49fa82d80a4b80f8434a
2024-10-11 05:10:05,589 INFO - ContAudITWrapper#42 - Checking environment diff...
2024-10-11 05:10:05,611 INFO - ContAudITWrapper#42 - Environment diff: 
2024-10-11 05:10:05,612 INFO - ContAudITWrapper#42 - Cleaning temporary files...
2024-10-11 05:10:05,634 INFO - ContAudITWrapper#42 - Sending to blockchain...
2024-10-11 05:10:17,903 INFO - ContAudITWrapper#42 - Response 
2024-10-11 05:10:17,905 INFO - ContAudITWrapper#42 - Finishing ContAudIT Wrapper...
