2024-10-11 05:08:07,126 INFO - ContAudITWrapper#84 - Initializing ContAudIT Wrapper...
2024-10-11 05:08:07,313 INFO - ContAudITWrapper#84 - Current directory: /home/ec2-user/Code/ufrgs-poc/contaudit-wrapper.jar
2024-10-11 05:08:25,991 INFO - ContAudITWrapper#84 - Wrapper hash: b7519188ed863d76e5199a8d880bb968bdf9124fad53b871583787e123a7a764
2024-10-11 05:08:26,007 INFO - ContAudITWrapper#84 - Validating Wrapper...
2024-10-11 05:09:26,427 INFO - ContAudITWrapper#84 - Response true
2024-10-11 05:09:26,662 INFO - ContAudITWrapper#84 - Application hash: e36ee2d35f8c4c41bd358782dfb3ac8852b40439d350ff27616f0c18819ce9bf
2024-10-11 05:09:26,663 INFO - ContAudITWrapper#84 - Validating Application...
2024-10-11 05:09:38,146 INFO - ContAudITWrapper#84 - Response true
2024-10-11 05:09:38,200 INFO - ContAudITWrapper#84 - Artifact apache2.workflow hash: bdb4cee855e21446b6ae53ddcb76a1632ef8c4545b5db0517e01ffd552157f6e
2024-10-11 05:09:38,264 INFO - ContAudITWrapper#84 - Validating Artifact...
2024-10-11 05:09:53,383 INFO - ContAudITWrapper#84 - Response true
2024-10-11 05:09:53,392 INFO - ContAudITWrapper#84 - Running pre-command actions...
2024-10-11 05:09:53,394 INFO - ContAudITWrapper#84 - Analyzing current environment state...
2024-10-11 05:09:53,764 INFO - ContAudITWrapper#84 - Saving current environment state...
2024-10-11 05:09:53,765 INFO - ContAudITWrapper#84 - Environment state hash: a7ffc6f8bf1ed76651c14756a061d662f580ff4de43b49fa82d80a4b80f8434a
2024-10-11 05:09:53,766 INFO - ContAudITWrapper#84 - Executing command...
2024-10-11 05:09:55,123 INFO - ContAudITWrapper#84 - Command output: 
2024-10-11 05:09:54.016966254 [executor] Initializing the workflow...
[apache2_workflow] Apache HTTP Server already installed.
[apache2_workflow] UserDir module already loaded.
[apache2_workflow] Configs to UserDir already exist.
[apache2_workflow] public_html directory already exists in /home/ec2-user.
[apache2_workflow] Creating a simple webpage...
[apache2_workflow] Moving webpage to Apache HTTP Server user website folder...
[apache2_workflow] Page moved successfully!
2024-10-11 05:09:55.111012834 [executor] Finished!

2024-10-11 05:09:55,124 INFO - ContAudITWrapper#84 - Running post-command actions...
2024-10-11 05:09:55,124 INFO - ContAudITWrapper#84 - Analyzing current environment state...
2024-10-11 05:09:55,320 INFO - ContAudITWrapper#84 - Saving current environment state...
2024-10-11 05:09:55,321 INFO - ContAudITWrapper#84 - Environment state hash: a7ffc6f8bf1ed76651c14756a061d662f580ff4de43b49fa82d80a4b80f8434a
2024-10-11 05:09:55,321 INFO - ContAudITWrapper#84 - Checking environment diff...
2024-10-11 05:09:55,510 INFO - ContAudITWrapper#84 - Environment diff: 
2024-10-11 05:09:55,510 INFO - ContAudITWrapper#84 - Cleaning temporary files...
2024-10-11 05:09:55,605 INFO - ContAudITWrapper#84 - Sending to blockchain...
2024-10-11 05:10:09,742 INFO - ContAudITWrapper#84 - Response 
2024-10-11 05:10:09,753 INFO - ContAudITWrapper#84 - Finishing ContAudIT Wrapper...
