2024-10-11 05:08:06,471 INFO - ContAudITWrapper#23 - Initializing ContAudIT Wrapper...
2024-10-11 05:08:06,690 INFO - ContAudITWrapper#23 - Current directory: /home/ec2-user/Code/ufrgs-poc/contaudit-wrapper.jar
2024-10-11 05:08:32,543 INFO - ContAudITWrapper#23 - Wrapper hash: b7519188ed863d76e5199a8d880bb968bdf9124fad53b871583787e123a7a764
2024-10-11 05:08:32,551 INFO - ContAudITWrapper#23 - Validating Wrapper...
2024-10-11 05:09:41,598 INFO - ContAudITWrapper#23 - Response true
2024-10-11 05:09:41,674 INFO - ContAudITWrapper#23 - Application hash: e36ee2d35f8c4c41bd358782dfb3ac8852b40439d350ff27616f0c18819ce9bf
2024-10-11 05:09:41,675 INFO - ContAudITWrapper#23 - Validating Application...
2024-10-11 05:09:50,663 INFO - ContAudITWrapper#23 - Response true
2024-10-11 05:09:50,681 INFO - ContAudITWrapper#23 - Artifact apache2.workflow hash: bdb4cee855e21446b6ae53ddcb76a1632ef8c4545b5db0517e01ffd552157f6e
2024-10-11 05:09:50,690 INFO - ContAudITWrapper#23 - Validating Artifact...
2024-10-11 05:10:01,895 INFO - ContAudITWrapper#23 - Response true
2024-10-11 05:10:01,899 INFO - ContAudITWrapper#23 - Running pre-command actions...
2024-10-11 05:10:01,900 INFO - ContAudITWrapper#23 - Analyzing current environment state...
2024-10-11 05:10:02,105 INFO - ContAudITWrapper#23 - Saving current environment state...
2024-10-11 05:10:02,106 INFO - ContAudITWrapper#23 - Environment state hash: a7ffc6f8bf1ed76651c14756a061d662f580ff4de43b49fa82d80a4b80f8434a
2024-10-11 05:10:02,106 INFO - ContAudITWrapper#23 - Executing command...
2024-10-11 05:10:03,525 INFO - ContAudITWrapper#23 - Command output: 
2024-10-11 05:10:02.241393258 [executor] Initializing the workflow...
[apache2_workflow] Apache HTTP Server already installed.
[apache2_workflow] UserDir module already loaded.
[apache2_workflow] Configs to UserDir already exist.
[apache2_workflow] public_html directory already exists in /home/ec2-user.
[apache2_workflow] Creating a simple webpage...
[apache2_workflow] Moving webpage to Apache HTTP Server user website folder...
[apache2_workflow] Page moved successfully!
2024-10-11 05:10:03.497236790 [executor] Finished!

2024-10-11 05:10:03,525 INFO - ContAudITWrapper#23 - Running post-command actions...
2024-10-11 05:10:03,525 INFO - ContAudITWrapper#23 - Analyzing current environment state...
2024-10-11 05:10:03,629 INFO - ContAudITWrapper#23 - Saving current environment state...
2024-10-11 05:10:03,630 INFO - ContAudITWrapper#23 - Environment state hash: a7ffc6f8bf1ed76651c14756a061d662f580ff4de43b49fa82d80a4b80f8434a
2024-10-11 05:10:03,630 INFO - ContAudITWrapper#23 - Checking environment diff...
2024-10-11 05:10:03,657 INFO - ContAudITWrapper#23 - Environment diff: 
2024-10-11 05:10:03,657 INFO - ContAudITWrapper#23 - Cleaning temporary files...
2024-10-11 05:10:03,708 INFO - ContAudITWrapper#23 - Sending to blockchain...
2024-10-11 05:10:15,803 INFO - ContAudITWrapper#23 - Response 
2024-10-11 05:10:15,804 INFO - ContAudITWrapper#23 - Finishing ContAudIT Wrapper...
