2024-10-11 05:08:07,419 INFO - ContAudITWrapper#82 - Initializing ContAudIT Wrapper...
2024-10-11 05:08:07,579 INFO - ContAudITWrapper#82 - Current directory: /home/ec2-user/Code/ufrgs-poc/contaudit-wrapper.jar
2024-10-11 05:08:29,260 INFO - ContAudITWrapper#82 - Wrapper hash: b7519188ed863d76e5199a8d880bb968bdf9124fad53b871583787e123a7a764
2024-10-11 05:08:29,297 INFO - ContAudITWrapper#82 - Validating Wrapper...
2024-10-11 05:09:43,054 INFO - ContAudITWrapper#82 - Response true
2024-10-11 05:09:43,352 INFO - ContAudITWrapper#82 - Application hash: e36ee2d35f8c4c41bd358782dfb3ac8852b40439d350ff27616f0c18819ce9bf
2024-10-11 05:09:43,353 INFO - ContAudITWrapper#82 - Validating Application...
2024-10-11 05:09:57,101 INFO - ContAudITWrapper#82 - Response true
2024-10-11 05:09:57,112 INFO - ContAudITWrapper#82 - Artifact apache2.workflow hash: bdb4cee855e21446b6ae53ddcb76a1632ef8c4545b5db0517e01ffd552157f6e
2024-10-11 05:09:57,122 INFO - ContAudITWrapper#82 - Validating Artifact...
2024-10-11 05:10:11,277 INFO - ContAudITWrapper#82 - Response true
2024-10-11 05:10:11,280 INFO - ContAudITWrapper#82 - Running pre-command actions...
2024-10-11 05:10:11,282 INFO - ContAudITWrapper#82 - Analyzing current environment state...
2024-10-11 05:10:11,609 INFO - ContAudITWrapper#82 - Saving current environment state...
2024-10-11 05:10:11,610 INFO - ContAudITWrapper#82 - Environment state hash: a7ffc6f8bf1ed76651c14756a061d662f580ff4de43b49fa82d80a4b80f8434a
2024-10-11 05:10:11,610 INFO - ContAudITWrapper#82 - Executing command...
2024-10-11 05:10:12,945 INFO - ContAudITWrapper#82 - Command output: 
2024-10-11 05:10:11.679068765 [executor] Initializing the workflow...
[apache2_workflow] Apache HTTP Server already installed.
[apache2_workflow] UserDir module already loaded.
[apache2_workflow] Configs to UserDir already exist.
[apache2_workflow] public_html directory already exists in /home/ec2-user.
[apache2_workflow] Creating a simple webpage...
[apache2_workflow] Moving webpage to Apache HTTP Server user website folder...
[apache2_workflow] Page moved successfully!
2024-10-11 05:10:12.944073466 [executor] Finished!

2024-10-11 05:10:12,945 INFO - ContAudITWrapper#82 - Running post-command actions...
2024-10-11 05:10:12,945 INFO - ContAudITWrapper#82 - Analyzing current environment state...
2024-10-11 05:10:13,102 INFO - ContAudITWrapper#82 - Saving current environment state...
2024-10-11 05:10:13,103 INFO - ContAudITWrapper#82 - Environment state hash: a7ffc6f8bf1ed76651c14756a061d662f580ff4de43b49fa82d80a4b80f8434a
2024-10-11 05:10:13,103 INFO - ContAudITWrapper#82 - Checking environment diff...
2024-10-11 05:10:13,219 INFO - ContAudITWrapper#82 - Environment diff: 
2024-10-11 05:10:13,219 INFO - ContAudITWrapper#82 - Cleaning temporary files...
2024-10-11 05:10:13,294 INFO - ContAudITWrapper#82 - Sending to blockchain...
2024-10-11 05:10:20,884 INFO - ContAudITWrapper#82 - Response 
2024-10-11 05:10:20,885 INFO - ContAudITWrapper#82 - Finishing ContAudIT Wrapper...
