2024-10-09 05:07:10,094 INFO - ContAudITWrapper#14 - Initializing ContAudIT Wrapper...
2024-10-09 05:07:10,159 INFO - ContAudITWrapper#14 - Current directory: /home/ec2-user/Code/ufrgs-poc/contaudit-wrapper.jar
2024-10-09 05:07:18,402 INFO - ContAudITWrapper#14 - Wrapper hash: b7519188ed863d76e5199a8d880bb968bdf9124fad53b871583787e123a7a764
2024-10-09 05:07:18,445 INFO - ContAudITWrapper#14 - Validating Wrapper...
2024-10-09 05:07:41,139 INFO - ContAudITWrapper#14 - Response true
2024-10-09 05:07:41,298 INFO - ContAudITWrapper#14 - Application hash: e36ee2d35f8c4c41bd358782dfb3ac8852b40439d350ff27616f0c18819ce9bf
2024-10-09 05:07:41,305 INFO - ContAudITWrapper#14 - Validating Application...
2024-10-09 05:07:44,162 INFO - ContAudITWrapper#14 - Response true
2024-10-09 05:07:44,174 INFO - ContAudITWrapper#14 - Artifact apache2.workflow hash: bdb4cee855e21446b6ae53ddcb76a1632ef8c4545b5db0517e01ffd552157f6e
2024-10-09 05:07:44,190 INFO - ContAudITWrapper#14 - Validating Artifact...
2024-10-09 05:07:48,446 INFO - ContAudITWrapper#14 - Response true
2024-10-09 05:07:48,450 INFO - ContAudITWrapper#14 - Running pre-command actions...
2024-10-09 05:07:48,452 INFO - ContAudITWrapper#14 - Analyzing current environment state...
2024-10-09 05:07:48,579 INFO - ContAudITWrapper#14 - Saving current environment state...
2024-10-09 05:07:48,580 INFO - ContAudITWrapper#14 - Environment state hash: a7ffc6f8bf1ed76651c14756a061d662f580ff4de43b49fa82d80a4b80f8434a
2024-10-09 05:07:48,580 INFO - ContAudITWrapper#14 - Executing command...
2024-10-09 05:07:49,091 INFO - ContAudITWrapper#14 - Command output: 
2024-10-09 05:07:48.636889621 [executor] Initializing the workflow...
[apache2_workflow] Apache HTTP Server already installed.
[apache2_workflow] UserDir module already loaded.
[apache2_workflow] Configs to UserDir already exist.
[apache2_workflow] public_html directory already exists in /home/ec2-user.
[apache2_workflow] Creating a simple webpage...
[apache2_workflow] Moving webpage to Apache HTTP Server user website folder...
[apache2_workflow] Page moved successfully!
2024-10-09 05:07:49.087573908 [executor] Finished!

2024-10-09 05:07:49,092 INFO - ContAudITWrapper#14 - Running post-command actions...
2024-10-09 05:07:49,092 INFO - ContAudITWrapper#14 - Analyzing current environment state...
2024-10-09 05:07:49,124 INFO - ContAudITWrapper#14 - Saving current environment state...
2024-10-09 05:07:49,125 INFO - ContAudITWrapper#14 - Environment state hash: a7ffc6f8bf1ed76651c14756a061d662f580ff4de43b49fa82d80a4b80f8434a
2024-10-09 05:07:49,127 INFO - ContAudITWrapper#14 - Checking environment diff...
2024-10-09 05:07:49,219 INFO - ContAudITWrapper#14 - Environment diff: 
2024-10-09 05:07:49,219 INFO - ContAudITWrapper#14 - Cleaning temporary files...
2024-10-09 05:07:49,266 INFO - ContAudITWrapper#14 - Sending to blockchain...
2024-10-09 05:07:54,205 INFO - ContAudITWrapper#14 - Response 
2024-10-09 05:07:54,206 INFO - ContAudITWrapper#14 - Finishing ContAudIT Wrapper...
