2024-10-09 05:07:11,313 INFO - ContAudITWrapper#30 - Initializing ContAudIT Wrapper...
2024-10-09 05:07:11,372 INFO - ContAudITWrapper#30 - Current directory: /home/ec2-user/Code/ufrgs-poc/contaudit-wrapper.jar
2024-10-09 05:07:20,171 INFO - ContAudITWrapper#30 - Wrapper hash: b7519188ed863d76e5199a8d880bb968bdf9124fad53b871583787e123a7a764
2024-10-09 05:07:20,293 INFO - ContAudITWrapper#30 - Validating Wrapper...
2024-10-09 05:07:43,838 INFO - ContAudITWrapper#30 - Response true
2024-10-09 05:07:43,936 INFO - ContAudITWrapper#30 - Application hash: e36ee2d35f8c4c41bd358782dfb3ac8852b40439d350ff27616f0c18819ce9bf
2024-10-09 05:07:43,944 INFO - ContAudITWrapper#30 - Validating Application...
2024-10-09 05:07:49,386 INFO - ContAudITWrapper#30 - Response true
2024-10-09 05:07:49,394 INFO - ContAudITWrapper#30 - Artifact apache2.workflow hash: bdb4cee855e21446b6ae53ddcb76a1632ef8c4545b5db0517e01ffd552157f6e
2024-10-09 05:07:49,412 INFO - ContAudITWrapper#30 - Validating Artifact...
2024-10-09 05:07:53,113 INFO - ContAudITWrapper#30 - Response true
2024-10-09 05:07:53,127 INFO - ContAudITWrapper#30 - Running pre-command actions...
2024-10-09 05:07:53,128 INFO - ContAudITWrapper#30 - Analyzing current environment state...
2024-10-09 05:07:53,213 INFO - ContAudITWrapper#30 - Saving current environment state...
2024-10-09 05:07:53,213 INFO - ContAudITWrapper#30 - Environment state hash: a7ffc6f8bf1ed76651c14756a061d662f580ff4de43b49fa82d80a4b80f8434a
2024-10-09 05:07:53,214 INFO - ContAudITWrapper#30 - Executing command...
2024-10-09 05:07:53,825 INFO - ContAudITWrapper#30 - Command output: 
2024-10-09 05:07:53.250081387 [executor] Initializing the workflow...
[apache2_workflow] Apache HTTP Server already installed.
[apache2_workflow] UserDir module already loaded.
[apache2_workflow] Configs to UserDir already exist.
[apache2_workflow] public_html directory already exists in /home/ec2-user.
[apache2_workflow] Creating a simple webpage...
[apache2_workflow] Moving webpage to Apache HTTP Server user website folder...
[apache2_workflow] Page moved successfully!
2024-10-09 05:07:53.824528329 [executor] Finished!

2024-10-09 05:07:53,825 INFO - ContAudITWrapper#30 - Running post-command actions...
2024-10-09 05:07:53,825 INFO - ContAudITWrapper#30 - Analyzing current environment state...
2024-10-09 05:07:53,903 INFO - ContAudITWrapper#30 - Saving current environment state...
2024-10-09 05:07:53,904 INFO - ContAudITWrapper#30 - Environment state hash: a7ffc6f8bf1ed76651c14756a061d662f580ff4de43b49fa82d80a4b80f8434a
2024-10-09 05:07:53,904 INFO - ContAudITWrapper#30 - Checking environment diff...
2024-10-09 05:07:53,916 INFO - ContAudITWrapper#30 - Environment diff: 
2024-10-09 05:07:53,916 INFO - ContAudITWrapper#30 - Cleaning temporary files...
2024-10-09 05:07:53,959 INFO - ContAudITWrapper#30 - Sending to blockchain...
2024-10-09 05:07:57,567 INFO - ContAudITWrapper#30 - Response 
2024-10-09 05:07:57,569 INFO - ContAudITWrapper#30 - Finishing ContAudIT Wrapper...
