2024-10-09 05:07:11,153 INFO - ContAudITWrapper#10 - Initializing ContAudIT Wrapper...
2024-10-09 05:07:11,192 INFO - ContAudITWrapper#10 - Current directory: /home/ec2-user/Code/ufrgs-poc/contaudit-wrapper.jar
2024-10-09 05:07:18,645 INFO - ContAudITWrapper#10 - Wrapper hash: b7519188ed863d76e5199a8d880bb968bdf9124fad53b871583787e123a7a764
2024-10-09 05:07:18,659 INFO - ContAudITWrapper#10 - Validating Wrapper...
2024-10-09 05:07:40,729 INFO - ContAudITWrapper#10 - Response true
2024-10-09 05:07:40,937 INFO - ContAudITWrapper#10 - Application hash: e36ee2d35f8c4c41bd358782dfb3ac8852b40439d350ff27616f0c18819ce9bf
2024-10-09 05:07:40,938 INFO - ContAudITWrapper#10 - Validating Application...
2024-10-09 05:07:44,853 INFO - ContAudITWrapper#10 - Response true
2024-10-09 05:07:44,922 INFO - ContAudITWrapper#10 - Artifact apache2.workflow hash: bdb4cee855e21446b6ae53ddcb76a1632ef8c4545b5db0517e01ffd552157f6e
2024-10-09 05:07:44,940 INFO - ContAudITWrapper#10 - Validating Artifact...
2024-10-09 05:07:48,513 INFO - ContAudITWrapper#10 - Response true
2024-10-09 05:07:48,539 INFO - ContAudITWrapper#10 - Running pre-command actions...
2024-10-09 05:07:48,540 INFO - ContAudITWrapper#10 - Analyzing current environment state...
2024-10-09 05:07:48,617 INFO - ContAudITWrapper#10 - Saving current environment state...
2024-10-09 05:07:48,618 INFO - ContAudITWrapper#10 - Environment state hash: a7ffc6f8bf1ed76651c14756a061d662f580ff4de43b49fa82d80a4b80f8434a
2024-10-09 05:07:48,618 INFO - ContAudITWrapper#10 - Executing command...
2024-10-09 05:07:48,957 INFO - ContAudITWrapper#10 - Command output: 
2024-10-09 05:07:48.656841816 [executor] Initializing the workflow...
[apache2_workflow] Apache HTTP Server already installed.
[apache2_workflow] UserDir module already loaded.
[apache2_workflow] Configs to UserDir already exist.
[apache2_workflow] public_html directory already exists in /home/ec2-user.
[apache2_workflow] Creating a simple webpage...
[apache2_workflow] Moving webpage to Apache HTTP Server user website folder...
[apache2_workflow] Page moved successfully!
2024-10-09 05:07:48.943600121 [executor] Finished!

2024-10-09 05:07:48,957 INFO - ContAudITWrapper#10 - Running post-command actions...
2024-10-09 05:07:48,957 INFO - ContAudITWrapper#10 - Analyzing current environment state...
2024-10-09 05:07:49,059 INFO - ContAudITWrapper#10 - Saving current environment state...
2024-10-09 05:07:49,060 INFO - ContAudITWrapper#10 - Environment state hash: a7ffc6f8bf1ed76651c14756a061d662f580ff4de43b49fa82d80a4b80f8434a
2024-10-09 05:07:49,060 INFO - ContAudITWrapper#10 - Checking environment diff...
2024-10-09 05:07:49,106 INFO - ContAudITWrapper#10 - Environment diff: 
2024-10-09 05:07:49,106 INFO - ContAudITWrapper#10 - Cleaning temporary files...
2024-10-09 05:07:49,132 INFO - ContAudITWrapper#10 - Sending to blockchain...
2024-10-09 05:07:54,031 INFO - ContAudITWrapper#10 - Response 
2024-10-09 05:07:54,033 INFO - ContAudITWrapper#10 - Finishing ContAudIT Wrapper...
