2024-10-09 05:07:11,270 INFO - ContAudITWrapper#21 - Initializing ContAudIT Wrapper...
2024-10-09 05:07:11,382 INFO - ContAudITWrapper#21 - Current directory: /home/ec2-user/Code/ufrgs-poc/contaudit-wrapper.jar
2024-10-09 05:07:19,101 INFO - ContAudITWrapper#21 - Wrapper hash: b7519188ed863d76e5199a8d880bb968bdf9124fad53b871583787e123a7a764
2024-10-09 05:07:19,116 INFO - ContAudITWrapper#21 - Validating Wrapper...
2024-10-09 05:07:43,587 INFO - ContAudITWrapper#21 - Response true
2024-10-09 05:07:43,718 INFO - ContAudITWrapper#21 - Application hash: e36ee2d35f8c4c41bd358782dfb3ac8852b40439d350ff27616f0c18819ce9bf
2024-10-09 05:07:43,723 INFO - ContAudITWrapper#21 - Validating Application...
2024-10-09 05:07:48,037 INFO - ContAudITWrapper#21 - Response true
2024-10-09 05:07:48,083 INFO - ContAudITWrapper#21 - Artifact apache2.workflow hash: bdb4cee855e21446b6ae53ddcb76a1632ef8c4545b5db0517e01ffd552157f6e
2024-10-09 05:07:48,131 INFO - ContAudITWrapper#21 - Validating Artifact...
2024-10-09 05:07:51,473 INFO - ContAudITWrapper#21 - Response true
2024-10-09 05:07:51,494 INFO - ContAudITWrapper#21 - Running pre-command actions...
2024-10-09 05:07:51,495 INFO - ContAudITWrapper#21 - Analyzing current environment state...
2024-10-09 05:07:51,543 INFO - ContAudITWrapper#21 - Saving current environment state...
2024-10-09 05:07:51,544 INFO - ContAudITWrapper#21 - Environment state hash: a7ffc6f8bf1ed76651c14756a061d662f580ff4de43b49fa82d80a4b80f8434a
2024-10-09 05:07:51,544 INFO - ContAudITWrapper#21 - Executing command...
2024-10-09 05:07:51,976 INFO - ContAudITWrapper#21 - Command output: 
2024-10-09 05:07:51.551083168 [executor] Initializing the workflow...
[apache2_workflow] Apache HTTP Server already installed.
[apache2_workflow] UserDir module already loaded.
[apache2_workflow] Configs to UserDir already exist.
[apache2_workflow] public_html directory already exists in /home/ec2-user.
[apache2_workflow] Creating a simple webpage...
[apache2_workflow] Moving webpage to Apache HTTP Server user website folder...
[apache2_workflow] Page moved successfully!
2024-10-09 05:07:51.975857452 [executor] Finished!

2024-10-09 05:07:51,977 INFO - ContAudITWrapper#21 - Running post-command actions...
2024-10-09 05:07:51,977 INFO - ContAudITWrapper#21 - Analyzing current environment state...
2024-10-09 05:07:52,010 INFO - ContAudITWrapper#21 - Saving current environment state...
2024-10-09 05:07:52,011 INFO - ContAudITWrapper#21 - Environment state hash: a7ffc6f8bf1ed76651c14756a061d662f580ff4de43b49fa82d80a4b80f8434a
2024-10-09 05:07:52,011 INFO - ContAudITWrapper#21 - Checking environment diff...
2024-10-09 05:07:52,056 INFO - ContAudITWrapper#21 - Environment diff: 
2024-10-09 05:07:52,057 INFO - ContAudITWrapper#21 - Cleaning temporary files...
2024-10-09 05:07:52,081 INFO - ContAudITWrapper#21 - Sending to blockchain...
2024-10-09 05:07:55,728 INFO - ContAudITWrapper#21 - Response 
2024-10-09 05:07:55,730 INFO - ContAudITWrapper#21 - Finishing ContAudIT Wrapper...
