2024-10-09 05:07:11,163 INFO - ContAudITWrapper#35 - Initializing ContAudIT Wrapper...
2024-10-09 05:07:11,264 INFO - ContAudITWrapper#35 - Current directory: /home/ec2-user/Code/ufrgs-poc/contaudit-wrapper.jar
2024-10-09 05:07:18,858 INFO - ContAudITWrapper#35 - Wrapper hash: b7519188ed863d76e5199a8d880bb968bdf9124fad53b871583787e123a7a764
2024-10-09 05:07:18,884 INFO - ContAudITWrapper#35 - Validating Wrapper...
2024-10-09 05:07:41,682 INFO - ContAudITWrapper#35 - Response true
2024-10-09 05:07:41,820 INFO - ContAudITWrapper#35 - Application hash: e36ee2d35f8c4c41bd358782dfb3ac8852b40439d350ff27616f0c18819ce9bf
2024-10-09 05:07:41,820 INFO - ContAudITWrapper#35 - Validating Application...
2024-10-09 05:07:45,819 INFO - ContAudITWrapper#35 - Response true
2024-10-09 05:07:45,828 INFO - ContAudITWrapper#35 - Artifact apache2.workflow hash: bdb4cee855e21446b6ae53ddcb76a1632ef8c4545b5db0517e01ffd552157f6e
2024-10-09 05:07:45,867 INFO - ContAudITWrapper#35 - Validating Artifact...
2024-10-09 05:07:50,380 INFO - ContAudITWrapper#35 - Response true
2024-10-09 05:07:50,389 INFO - ContAudITWrapper#35 - Running pre-command actions...
2024-10-09 05:07:50,390 INFO - ContAudITWrapper#35 - Analyzing current environment state...
2024-10-09 05:07:50,508 INFO - ContAudITWrapper#35 - Saving current environment state...
2024-10-09 05:07:50,509 INFO - ContAudITWrapper#35 - Environment state hash: a7ffc6f8bf1ed76651c14756a061d662f580ff4de43b49fa82d80a4b80f8434a
2024-10-09 05:07:50,509 INFO - ContAudITWrapper#35 - Executing command...
2024-10-09 05:07:51,024 INFO - ContAudITWrapper#35 - Command output: 
2024-10-09 05:07:50.560951759 [executor] Initializing the workflow...
[apache2_workflow] Apache HTTP Server already installed.
[apache2_workflow] UserDir module already loaded.
[apache2_workflow] Configs to UserDir already exist.
[apache2_workflow] public_html directory already exists in /home/ec2-user.
[apache2_workflow] Creating a simple webpage...
[apache2_workflow] Moving webpage to Apache HTTP Server user website folder...
[apache2_workflow] Page moved successfully!
2024-10-09 05:07:51.018365023 [executor] Finished!

2024-10-09 05:07:51,024 INFO - ContAudITWrapper#35 - Running post-command actions...
2024-10-09 05:07:51,024 INFO - ContAudITWrapper#35 - Analyzing current environment state...
2024-10-09 05:07:51,061 INFO - ContAudITWrapper#35 - Saving current environment state...
2024-10-09 05:07:51,061 INFO - ContAudITWrapper#35 - Environment state hash: a7ffc6f8bf1ed76651c14756a061d662f580ff4de43b49fa82d80a4b80f8434a
2024-10-09 05:07:51,061 INFO - ContAudITWrapper#35 - Checking environment diff...
2024-10-09 05:07:51,103 INFO - ContAudITWrapper#35 - Environment diff: 
2024-10-09 05:07:51,103 INFO - ContAudITWrapper#35 - Cleaning temporary files...
2024-10-09 05:07:51,121 INFO - ContAudITWrapper#35 - Sending to blockchain...
2024-10-09 05:07:55,769 INFO - ContAudITWrapper#35 - Response 
2024-10-09 05:07:55,771 INFO - ContAudITWrapper#35 - Finishing ContAudIT Wrapper...
