2024-10-09 05:07:10,941 INFO - ContAudITWrapper#6 - Initializing ContAudIT Wrapper...
2024-10-09 05:07:11,013 INFO - ContAudITWrapper#6 - Current directory: /home/ec2-user/Code/ufrgs-poc/contaudit-wrapper.jar
2024-10-09 05:07:20,087 INFO - ContAudITWrapper#6 - Wrapper hash: b7519188ed863d76e5199a8d880bb968bdf9124fad53b871583787e123a7a764
2024-10-09 05:07:20,115 INFO - ContAudITWrapper#6 - Validating Wrapper...
2024-10-09 05:07:44,419 INFO - ContAudITWrapper#6 - Response true
2024-10-09 05:07:44,563 INFO - ContAudITWrapper#6 - Application hash: e36ee2d35f8c4c41bd358782dfb3ac8852b40439d350ff27616f0c18819ce9bf
2024-10-09 05:07:44,575 INFO - ContAudITWrapper#6 - Validating Application...
2024-10-09 05:07:49,278 INFO - ContAudITWrapper#6 - Response true
2024-10-09 05:07:49,299 INFO - ContAudITWrapper#6 - Artifact apache2.workflow hash: bdb4cee855e21446b6ae53ddcb76a1632ef8c4545b5db0517e01ffd552157f6e
2024-10-09 05:07:49,311 INFO - ContAudITWrapper#6 - Validating Artifact...
2024-10-09 05:07:52,520 INFO - ContAudITWrapper#6 - Response true
2024-10-09 05:07:52,528 INFO - ContAudITWrapper#6 - Running pre-command actions...
2024-10-09 05:07:52,529 INFO - ContAudITWrapper#6 - Analyzing current environment state...
2024-10-09 05:07:52,623 INFO - ContAudITWrapper#6 - Saving current environment state...
2024-10-09 05:07:52,624 INFO - ContAudITWrapper#6 - Environment state hash: a7ffc6f8bf1ed76651c14756a061d662f580ff4de43b49fa82d80a4b80f8434a
2024-10-09 05:07:52,624 INFO - ContAudITWrapper#6 - Executing command...
2024-10-09 05:07:53,272 INFO - ContAudITWrapper#6 - Command output: 
2024-10-09 05:07:52.680086101 [executor] Initializing the workflow...
[apache2_workflow] Apache HTTP Server already installed.
[apache2_workflow] UserDir module already loaded.
[apache2_workflow] Configs to UserDir already exist.
[apache2_workflow] public_html directory already exists in /home/ec2-user.
[apache2_workflow] Creating a simple webpage...
[apache2_workflow] Moving webpage to Apache HTTP Server user website folder...
[apache2_workflow] Page moved successfully!
2024-10-09 05:07:53.271433601 [executor] Finished!

2024-10-09 05:07:53,272 INFO - ContAudITWrapper#6 - Running post-command actions...
2024-10-09 05:07:53,272 INFO - ContAudITWrapper#6 - Analyzing current environment state...
2024-10-09 05:07:53,311 INFO - ContAudITWrapper#6 - Saving current environment state...
2024-10-09 05:07:53,312 INFO - ContAudITWrapper#6 - Environment state hash: a7ffc6f8bf1ed76651c14756a061d662f580ff4de43b49fa82d80a4b80f8434a
2024-10-09 05:07:53,312 INFO - ContAudITWrapper#6 - Checking environment diff...
2024-10-09 05:07:53,335 INFO - ContAudITWrapper#6 - Environment diff: 
2024-10-09 05:07:53,335 INFO - ContAudITWrapper#6 - Cleaning temporary files...
2024-10-09 05:07:53,354 INFO - ContAudITWrapper#6 - Sending to blockchain...
2024-10-09 05:07:55,674 INFO - ContAudITWrapper#6 - Response 
2024-10-09 05:07:55,675 INFO - ContAudITWrapper#6 - Finishing ContAudIT Wrapper...
