2024-10-09 05:07:10,493 INFO - ContAudITWrapper#1 - Initializing ContAudIT Wrapper...
2024-10-09 05:07:10,589 INFO - ContAudITWrapper#1 - Current directory: /home/ec2-user/Code/ufrgs-poc/contaudit-wrapper.jar
2024-10-09 05:07:19,086 INFO - ContAudITWrapper#1 - Wrapper hash: b7519188ed863d76e5199a8d880bb968bdf9124fad53b871583787e123a7a764
2024-10-09 05:07:19,130 INFO - ContAudITWrapper#1 - Validating Wrapper...
2024-10-09 05:07:44,461 INFO - ContAudITWrapper#1 - Response true
2024-10-09 05:07:44,543 INFO - ContAudITWrapper#1 - Application hash: e36ee2d35f8c4c41bd358782dfb3ac8852b40439d350ff27616f0c18819ce9bf
2024-10-09 05:07:44,551 INFO - ContAudITWrapper#1 - Validating Application...
2024-10-09 05:07:49,635 INFO - ContAudITWrapper#1 - Response true
2024-10-09 05:07:49,641 INFO - ContAudITWrapper#1 - Artifact apache2.workflow hash: bdb4cee855e21446b6ae53ddcb76a1632ef8c4545b5db0517e01ffd552157f6e
2024-10-09 05:07:49,694 INFO - ContAudITWrapper#1 - Validating Artifact...
2024-10-09 05:07:52,806 INFO - ContAudITWrapper#1 - Response true
2024-10-09 05:07:52,816 INFO - ContAudITWrapper#1 - Running pre-command actions...
2024-10-09 05:07:52,817 INFO - ContAudITWrapper#1 - Analyzing current environment state...
2024-10-09 05:07:52,935 INFO - ContAudITWrapper#1 - Saving current environment state...
2024-10-09 05:07:52,936 INFO - ContAudITWrapper#1 - Environment state hash: a7ffc6f8bf1ed76651c14756a061d662f580ff4de43b49fa82d80a4b80f8434a
2024-10-09 05:07:52,936 INFO - ContAudITWrapper#1 - Executing command...
2024-10-09 05:07:53,354 INFO - ContAudITWrapper#1 - Command output: 
2024-10-09 05:07:53.035266354 [executor] Initializing the workflow...
[apache2_workflow] Apache HTTP Server already installed.
[apache2_workflow] UserDir module already loaded.
[apache2_workflow] Configs to UserDir already exist.
[apache2_workflow] public_html directory already exists in /home/ec2-user.
[apache2_workflow] Creating a simple webpage...
[apache2_workflow] Moving webpage to Apache HTTP Server user website folder...
[apache2_workflow] Page moved successfully!
2024-10-09 05:07:53.353943299 [executor] Finished!

2024-10-09 05:07:53,355 INFO - ContAudITWrapper#1 - Running post-command actions...
2024-10-09 05:07:53,355 INFO - ContAudITWrapper#1 - Analyzing current environment state...
2024-10-09 05:07:53,396 INFO - ContAudITWrapper#1 - Saving current environment state...
2024-10-09 05:07:53,397 INFO - ContAudITWrapper#1 - Environment state hash: a7ffc6f8bf1ed76651c14756a061d662f580ff4de43b49fa82d80a4b80f8434a
2024-10-09 05:07:53,397 INFO - ContAudITWrapper#1 - Checking environment diff...
2024-10-09 05:07:53,421 INFO - ContAudITWrapper#1 - Environment diff: 
2024-10-09 05:07:53,421 INFO - ContAudITWrapper#1 - Cleaning temporary files...
2024-10-09 05:07:53,462 INFO - ContAudITWrapper#1 - Sending to blockchain...
2024-10-09 05:07:57,571 INFO - ContAudITWrapper#1 - Response 
2024-10-09 05:07:57,578 INFO - ContAudITWrapper#1 - Finishing ContAudIT Wrapper...
