2024-10-09 05:01:39,808 INFO - ContAudITWrapper#40 - Initializing ContAudIT Wrapper...
2024-10-09 05:01:39,914 INFO - ContAudITWrapper#40 - Current directory: /home/ec2-user/Code/ufrgs-poc/contaudit-wrapper.jar
2024-10-09 05:01:49,526 INFO - ContAudITWrapper#40 - Wrapper hash: b7519188ed863d76e5199a8d880bb968bdf9124fad53b871583787e123a7a764
2024-10-09 05:01:49,567 INFO - ContAudITWrapper#40 - Validating Wrapper...
2024-10-09 05:02:19,239 INFO - ContAudITWrapper#40 - Response true
2024-10-09 05:02:19,415 INFO - ContAudITWrapper#40 - Application hash: e36ee2d35f8c4c41bd358782dfb3ac8852b40439d350ff27616f0c18819ce9bf
2024-10-09 05:02:19,416 INFO - ContAudITWrapper#40 - Validating Application...
2024-10-09 05:02:26,461 INFO - ContAudITWrapper#40 - Response true
2024-10-09 05:02:26,480 INFO - ContAudITWrapper#40 - Artifact apache2.workflow hash: bdb4cee855e21446b6ae53ddcb76a1632ef8c4545b5db0517e01ffd552157f6e
2024-10-09 05:02:26,555 INFO - ContAudITWrapper#40 - Validating Artifact...
2024-10-09 05:02:31,180 INFO - ContAudITWrapper#40 - Response true
2024-10-09 05:02:31,203 INFO - ContAudITWrapper#40 - Running pre-command actions...
2024-10-09 05:02:31,204 INFO - ContAudITWrapper#40 - Analyzing current environment state...
2024-10-09 05:02:31,281 INFO - ContAudITWrapper#40 - Saving current environment state...
2024-10-09 05:02:31,283 INFO - ContAudITWrapper#40 - Environment state hash: a7ffc6f8bf1ed76651c14756a061d662f580ff4de43b49fa82d80a4b80f8434a
2024-10-09 05:02:31,283 INFO - ContAudITWrapper#40 - Executing command...
2024-10-09 05:02:32,385 INFO - ContAudITWrapper#40 - Command output: 
2024-10-09 05:02:31.344098736 [executor] Initializing the workflow...
[apache2_workflow] Apache HTTP Server already installed.
[apache2_workflow] UserDir module already loaded.
[apache2_workflow] Configs to UserDir already exist.
[apache2_workflow] public_html directory already exists in /home/ec2-user.
[apache2_workflow] Creating a simple webpage...
[apache2_workflow] Moving webpage to Apache HTTP Server user website folder...
[apache2_workflow] Page moved successfully!
2024-10-09 05:02:32.381491773 [executor] Finished!

2024-10-09 05:02:32,385 INFO - ContAudITWrapper#40 - Running post-command actions...
2024-10-09 05:02:32,385 INFO - ContAudITWrapper#40 - Analyzing current environment state...
2024-10-09 05:02:32,472 INFO - ContAudITWrapper#40 - Saving current environment state...
2024-10-09 05:02:32,473 INFO - ContAudITWrapper#40 - Environment state hash: a7ffc6f8bf1ed76651c14756a061d662f580ff4de43b49fa82d80a4b80f8434a
2024-10-09 05:02:32,473 INFO - ContAudITWrapper#40 - Checking environment diff...
2024-10-09 05:02:32,535 INFO - ContAudITWrapper#40 - Environment diff: 
2024-10-09 05:02:32,536 INFO - ContAudITWrapper#40 - Cleaning temporary files...
2024-10-09 05:02:32,601 INFO - ContAudITWrapper#40 - Sending to blockchain...
2024-10-09 05:02:37,461 INFO - ContAudITWrapper#40 - Response 
2024-10-09 05:02:37,463 INFO - ContAudITWrapper#40 - Finishing ContAudIT Wrapper...
