2024-10-10 03:24:44,179 INFO - ContAudITWrapper#8 - Initializing ContAudIT Wrapper...
2024-10-10 03:24:44,216 INFO - ContAudITWrapper#8 - Current directory: /home/ec2-user/Code/ufrgs-poc/contaudit-wrapper.jar
2024-10-10 03:24:47,483 INFO - ContAudITWrapper#8 - Wrapper hash: b7519188ed863d76e5199a8d880bb968bdf9124fad53b871583787e123a7a764
2024-10-10 03:24:47,492 INFO - ContAudITWrapper#8 - Validating Wrapper...
2024-10-10 03:24:57,467 INFO - ContAudITWrapper#8 - Response true
2024-10-10 03:24:57,500 INFO - ContAudITWrapper#8 - Application hash: e36ee2d35f8c4c41bd358782dfb3ac8852b40439d350ff27616f0c18819ce9bf
2024-10-10 03:24:57,501 INFO - ContAudITWrapper#8 - Validating Application...
2024-10-10 03:24:59,539 INFO - ContAudITWrapper#8 - Response true
2024-10-10 03:24:59,563 INFO - ContAudITWrapper#8 - Artifact user.workflow hash: 52877374d8c54314b7af92814eaf729121e99a87e9706a2888cd9bcd951b11c9
2024-10-10 03:24:59,598 INFO - ContAudITWrapper#8 - Validating Artifact...
2024-10-10 03:25:01,323 INFO - ContAudITWrapper#8 - Response true
2024-10-10 03:25:01,334 INFO - ContAudITWrapper#8 - Running pre-command actions...
2024-10-10 03:25:01,336 INFO - ContAudITWrapper#8 - Analyzing current environment state...
2024-10-10 03:25:01,351 INFO - ContAudITWrapper#8 - Saving current environment state...
2024-10-10 03:25:01,352 INFO - ContAudITWrapper#8 - Environment state hash: a7ffc6f8bf1ed76651c14756a061d662f580ff4de43b49fa82d80a4b80f8434a
2024-10-10 03:25:01,352 INFO - ContAudITWrapper#8 - Executing command...
2024-10-10 03:25:02,494 INFO - ContAudITWrapper#8 - Command output: 
2024-10-10 03:25:01.358257519 [executor] Initializing the workflow...
[useradd_workflow] User contaudit8 already exists. Removing...
[useradd_workflow] User contaudit8 successfully removed.
[useradd_workflow] User contaudit8 created successfully.
2024-10-10 03:25:02.492765033 [executor] Finished!

2024-10-10 03:25:02,495 INFO - ContAudITWrapper#8 - Running post-command actions...
2024-10-10 03:25:02,495 INFO - ContAudITWrapper#8 - Analyzing current environment state...
2024-10-10 03:25:02,508 INFO - ContAudITWrapper#8 - Saving current environment state...
2024-10-10 03:25:02,509 INFO - ContAudITWrapper#8 - Environment state hash: a7ffc6f8bf1ed76651c14756a061d662f580ff4de43b49fa82d80a4b80f8434a
2024-10-10 03:25:02,509 INFO - ContAudITWrapper#8 - Checking environment diff...
2024-10-10 03:25:02,513 INFO - ContAudITWrapper#8 - Environment diff: 
2024-10-10 03:25:02,513 INFO - ContAudITWrapper#8 - Cleaning temporary files...
2024-10-10 03:25:02,517 INFO - ContAudITWrapper#8 - Sending to blockchain...
2024-10-10 03:25:03,837 INFO - ContAudITWrapper#8 - Response 
2024-10-10 03:25:03,856 INFO - ContAudITWrapper#8 - Finishing ContAudIT Wrapper...
