2024-10-10 03:24:44,051 INFO - ContAudITWrapper#7 - Initializing ContAudIT Wrapper...
2024-10-10 03:24:44,080 INFO - ContAudITWrapper#7 - Current directory: /home/ec2-user/Code/ufrgs-poc/contaudit-wrapper.jar
2024-10-10 03:24:47,474 INFO - ContAudITWrapper#7 - Wrapper hash: b7519188ed863d76e5199a8d880bb968bdf9124fad53b871583787e123a7a764
2024-10-10 03:24:47,481 INFO - ContAudITWrapper#7 - Validating Wrapper...
2024-10-10 03:24:57,584 INFO - ContAudITWrapper#7 - Response true
2024-10-10 03:24:57,633 INFO - ContAudITWrapper#7 - Application hash: e36ee2d35f8c4c41bd358782dfb3ac8852b40439d350ff27616f0c18819ce9bf
2024-10-10 03:24:57,634 INFO - ContAudITWrapper#7 - Validating Application...
2024-10-10 03:24:59,280 INFO - ContAudITWrapper#7 - Response true
2024-10-10 03:24:59,307 INFO - ContAudITWrapper#7 - Artifact user.workflow hash: 52877374d8c54314b7af92814eaf729121e99a87e9706a2888cd9bcd951b11c9
2024-10-10 03:24:59,321 INFO - ContAudITWrapper#7 - Validating Artifact...
2024-10-10 03:25:00,762 INFO - ContAudITWrapper#7 - Response true
2024-10-10 03:25:00,779 INFO - ContAudITWrapper#7 - Running pre-command actions...
2024-10-10 03:25:00,780 INFO - ContAudITWrapper#7 - Analyzing current environment state...
2024-10-10 03:25:00,824 INFO - ContAudITWrapper#7 - Saving current environment state...
2024-10-10 03:25:00,825 INFO - ContAudITWrapper#7 - Environment state hash: a7ffc6f8bf1ed76651c14756a061d662f580ff4de43b49fa82d80a4b80f8434a
2024-10-10 03:25:00,825 INFO - ContAudITWrapper#7 - Executing command...
2024-10-10 03:25:01,564 INFO - ContAudITWrapper#7 - Command output: 
2024-10-10 03:25:00.854384416 [executor] Initializing the workflow...
[useradd_workflow] User contaudit7 already exists. Removing...
[useradd_workflow] User contaudit7 successfully removed.
[useradd_workflow] User contaudit7 created successfully.
2024-10-10 03:25:01.563222631 [executor] Finished!

2024-10-10 03:25:01,564 INFO - ContAudITWrapper#7 - Running post-command actions...
2024-10-10 03:25:01,564 INFO - ContAudITWrapper#7 - Analyzing current environment state...
2024-10-10 03:25:01,572 INFO - ContAudITWrapper#7 - Saving current environment state...
2024-10-10 03:25:01,573 INFO - ContAudITWrapper#7 - Environment state hash: a7ffc6f8bf1ed76651c14756a061d662f580ff4de43b49fa82d80a4b80f8434a
2024-10-10 03:25:01,573 INFO - ContAudITWrapper#7 - Checking environment diff...
2024-10-10 03:25:01,577 INFO - ContAudITWrapper#7 - Environment diff: 
2024-10-10 03:25:01,579 INFO - ContAudITWrapper#7 - Cleaning temporary files...
2024-10-10 03:25:01,587 INFO - ContAudITWrapper#7 - Sending to blockchain...
2024-10-10 03:25:03,802 INFO - ContAudITWrapper#7 - Response 
2024-10-10 03:25:03,803 INFO - ContAudITWrapper#7 - Finishing ContAudIT Wrapper...
