2024-10-10 03:24:44,184 INFO - ContAudITWrapper#10 - Initializing ContAudIT Wrapper...
2024-10-10 03:24:44,207 INFO - ContAudITWrapper#10 - Current directory: /home/ec2-user/Code/ufrgs-poc/contaudit-wrapper.jar
2024-10-10 03:24:47,456 INFO - ContAudITWrapper#10 - Wrapper hash: b7519188ed863d76e5199a8d880bb968bdf9124fad53b871583787e123a7a764
2024-10-10 03:24:47,464 INFO - ContAudITWrapper#10 - Validating Wrapper...
2024-10-10 03:24:57,382 INFO - ContAudITWrapper#10 - Response true
2024-10-10 03:24:57,422 INFO - ContAudITWrapper#10 - Application hash: e36ee2d35f8c4c41bd358782dfb3ac8852b40439d350ff27616f0c18819ce9bf
2024-10-10 03:24:57,423 INFO - ContAudITWrapper#10 - Validating Application...
2024-10-10 03:24:58,851 INFO - ContAudITWrapper#10 - Response true
2024-10-10 03:24:58,863 INFO - ContAudITWrapper#10 - Artifact user.workflow hash: 52877374d8c54314b7af92814eaf729121e99a87e9706a2888cd9bcd951b11c9
2024-10-10 03:24:58,874 INFO - ContAudITWrapper#10 - Validating Artifact...
2024-10-10 03:25:00,698 INFO - ContAudITWrapper#10 - Response true
2024-10-10 03:25:00,709 INFO - ContAudITWrapper#10 - Running pre-command actions...
2024-10-10 03:25:00,710 INFO - ContAudITWrapper#10 - Analyzing current environment state...
2024-10-10 03:25:00,732 INFO - ContAudITWrapper#10 - Saving current environment state...
2024-10-10 03:25:00,733 INFO - ContAudITWrapper#10 - Environment state hash: a7ffc6f8bf1ed76651c14756a061d662f580ff4de43b49fa82d80a4b80f8434a
2024-10-10 03:25:00,733 INFO - ContAudITWrapper#10 - Executing command...
2024-10-10 03:25:01,369 INFO - ContAudITWrapper#10 - Command output: 
2024-10-10 03:25:00.753022020 [executor] Initializing the workflow...
[useradd_workflow] User contaudit10 already exists. Removing...
[useradd_workflow] User contaudit10 successfully removed.
[useradd_workflow] User contaudit10 created successfully.
2024-10-10 03:25:01.368383660 [executor] Finished!

2024-10-10 03:25:01,369 INFO - ContAudITWrapper#10 - Running post-command actions...
2024-10-10 03:25:01,369 INFO - ContAudITWrapper#10 - Analyzing current environment state...
2024-10-10 03:25:01,376 INFO - ContAudITWrapper#10 - Saving current environment state...
2024-10-10 03:25:01,376 INFO - ContAudITWrapper#10 - Environment state hash: a7ffc6f8bf1ed76651c14756a061d662f580ff4de43b49fa82d80a4b80f8434a
2024-10-10 03:25:01,377 INFO - ContAudITWrapper#10 - Checking environment diff...
2024-10-10 03:25:01,394 INFO - ContAudITWrapper#10 - Environment diff: 
2024-10-10 03:25:01,394 INFO - ContAudITWrapper#10 - Cleaning temporary files...
2024-10-10 03:25:01,403 INFO - ContAudITWrapper#10 - Sending to blockchain...
2024-10-10 03:25:03,855 INFO - ContAudITWrapper#10 - Response 
2024-10-10 03:25:03,857 INFO - ContAudITWrapper#10 - Finishing ContAudIT Wrapper...
