2024-10-11 05:25:05,260 INFO - ContAudITWrapper#67 - Initializing ContAudIT Wrapper...
2024-10-11 05:25:05,438 INFO - ContAudITWrapper#67 - Current directory: /home/ec2-user/Code/ufrgs-poc/contaudit-wrapper.jar
2024-10-11 05:25:29,949 INFO - ContAudITWrapper#67 - Wrapper hash: b7519188ed863d76e5199a8d880bb968bdf9124fad53b871583787e123a7a764
2024-10-11 05:25:30,043 INFO - ContAudITWrapper#67 - Validating Wrapper...
2024-10-11 05:26:41,289 INFO - ContAudITWrapper#67 - Response true
2024-10-11 05:26:41,585 INFO - ContAudITWrapper#67 - Application hash: e36ee2d35f8c4c41bd358782dfb3ac8852b40439d350ff27616f0c18819ce9bf
2024-10-11 05:26:41,586 INFO - ContAudITWrapper#67 - Validating Application...
2024-10-11 05:26:55,842 INFO - ContAudITWrapper#67 - Response true
2024-10-11 05:26:55,855 INFO - ContAudITWrapper#67 - Artifact apache2.workflow hash: bdb4cee855e21446b6ae53ddcb76a1632ef8c4545b5db0517e01ffd552157f6e
2024-10-11 05:26:55,928 INFO - ContAudITWrapper#67 - Validating Artifact...
2024-10-11 05:27:08,352 INFO - ContAudITWrapper#67 - Response true
2024-10-11 05:27:08,364 INFO - ContAudITWrapper#67 - Running pre-command actions...
2024-10-11 05:27:08,365 INFO - ContAudITWrapper#67 - Analyzing current environment state...
2024-10-11 05:27:08,602 INFO - ContAudITWrapper#67 - Saving current environment state...
2024-10-11 05:27:08,603 INFO - ContAudITWrapper#67 - Environment state hash: a7ffc6f8bf1ed76651c14756a061d662f580ff4de43b49fa82d80a4b80f8434a
2024-10-11 05:27:08,604 INFO - ContAudITWrapper#67 - Executing command...
2024-10-11 05:27:09,261 INFO - ContAudITWrapper#67 - Command output: 
2024-10-11 05:27:08.730283284 [executor] Initializing the workflow...
[apache2_workflow] Apache HTTP Server already installed.
[apache2_workflow] UserDir module already loaded.
[apache2_workflow] Configs to UserDir already exist.
[apache2_workflow] public_html directory already exists in /home/ec2-user.
[apache2_workflow] Creating a simple webpage...
[apache2_workflow] Moving webpage to Apache HTTP Server user website folder...
[apache2_workflow] Page moved successfully!
2024-10-11 05:27:09.260497613 [executor] Finished!

2024-10-11 05:27:09,261 INFO - ContAudITWrapper#67 - Running post-command actions...
2024-10-11 05:27:09,262 INFO - ContAudITWrapper#67 - Analyzing current environment state...
2024-10-11 05:27:09,461 INFO - ContAudITWrapper#67 - Saving current environment state...
2024-10-11 05:27:09,462 INFO - ContAudITWrapper#67 - Environment state hash: a7ffc6f8bf1ed76651c14756a061d662f580ff4de43b49fa82d80a4b80f8434a
2024-10-11 05:27:09,462 INFO - ContAudITWrapper#67 - Checking environment diff...
2024-10-11 05:27:09,630 INFO - ContAudITWrapper#67 - Environment diff: 
2024-10-11 05:27:09,631 INFO - ContAudITWrapper#67 - Cleaning temporary files...
2024-10-11 05:27:09,773 INFO - ContAudITWrapper#67 - Sending to blockchain...
2024-10-11 05:27:20,138 INFO - ContAudITWrapper#67 - Response 
2024-10-11 05:27:20,140 INFO - ContAudITWrapper#67 - Finishing ContAudIT Wrapper...
