2024-10-11 05:25:01,927 INFO - ContAudITWrapper#25 - Initializing ContAudIT Wrapper...
2024-10-11 05:25:02,216 INFO - ContAudITWrapper#25 - Current directory: /home/ec2-user/Code/ufrgs-poc/contaudit-wrapper.jar
2024-10-11 05:25:28,155 INFO - ContAudITWrapper#25 - Wrapper hash: b7519188ed863d76e5199a8d880bb968bdf9124fad53b871583787e123a7a764
2024-10-11 05:25:28,285 INFO - ContAudITWrapper#25 - Validating Wrapper...
2024-10-11 05:26:39,183 INFO - ContAudITWrapper#25 - Response true
2024-10-11 05:26:39,317 INFO - ContAudITWrapper#25 - Application hash: e36ee2d35f8c4c41bd358782dfb3ac8852b40439d350ff27616f0c18819ce9bf
2024-10-11 05:26:39,318 INFO - ContAudITWrapper#25 - Validating Application...
2024-10-11 05:26:57,212 INFO - ContAudITWrapper#25 - Response true
2024-10-11 05:26:57,224 INFO - ContAudITWrapper#25 - Artifact apache2.workflow hash: bdb4cee855e21446b6ae53ddcb76a1632ef8c4545b5db0517e01ffd552157f6e
2024-10-11 05:26:57,256 INFO - ContAudITWrapper#25 - Validating Artifact...
2024-10-11 05:27:09,708 INFO - ContAudITWrapper#25 - Response true
2024-10-11 05:27:09,716 INFO - ContAudITWrapper#25 - Running pre-command actions...
2024-10-11 05:27:09,717 INFO - ContAudITWrapper#25 - Analyzing current environment state...
2024-10-11 05:27:09,883 INFO - ContAudITWrapper#25 - Saving current environment state...
2024-10-11 05:27:09,884 INFO - ContAudITWrapper#25 - Environment state hash: a7ffc6f8bf1ed76651c14756a061d662f580ff4de43b49fa82d80a4b80f8434a
2024-10-11 05:27:09,885 INFO - ContAudITWrapper#25 - Executing command...
2024-10-11 05:27:11,202 INFO - ContAudITWrapper#25 - Command output: 
2024-10-11 05:27:10.018440585 [executor] Initializing the workflow...
[apache2_workflow] Apache HTTP Server already installed.
[apache2_workflow] UserDir module already loaded.
[apache2_workflow] Configs to UserDir already exist.
[apache2_workflow] public_html directory already exists in /home/ec2-user.
[apache2_workflow] Creating a simple webpage...
[apache2_workflow] Moving webpage to Apache HTTP Server user website folder...
[apache2_workflow] Page moved successfully!
2024-10-11 05:27:11.201401641 [executor] Finished!

2024-10-11 05:27:11,202 INFO - ContAudITWrapper#25 - Running post-command actions...
2024-10-11 05:27:11,203 INFO - ContAudITWrapper#25 - Analyzing current environment state...
2024-10-11 05:27:11,367 INFO - ContAudITWrapper#25 - Saving current environment state...
2024-10-11 05:27:11,368 INFO - ContAudITWrapper#25 - Environment state hash: a7ffc6f8bf1ed76651c14756a061d662f580ff4de43b49fa82d80a4b80f8434a
2024-10-11 05:27:11,368 INFO - ContAudITWrapper#25 - Checking environment diff...
2024-10-11 05:27:11,467 INFO - ContAudITWrapper#25 - Environment diff: 
2024-10-11 05:27:11,467 INFO - ContAudITWrapper#25 - Cleaning temporary files...
2024-10-11 05:27:11,490 INFO - ContAudITWrapper#25 - Sending to blockchain...
2024-10-11 05:27:19,482 INFO - ContAudITWrapper#25 - Response 
2024-10-11 05:27:19,484 INFO - ContAudITWrapper#25 - Finishing ContAudIT Wrapper...
