2024-10-11 05:25:04,330 INFO - ContAudITWrapper#76 - Initializing ContAudIT Wrapper...
2024-10-11 05:25:04,537 INFO - ContAudITWrapper#76 - Current directory: /home/ec2-user/Code/ufrgs-poc/contaudit-wrapper.jar
2024-10-11 05:25:27,514 INFO - ContAudITWrapper#76 - Wrapper hash: b7519188ed863d76e5199a8d880bb968bdf9124fad53b871583787e123a7a764
2024-10-11 05:25:27,582 INFO - ContAudITWrapper#76 - Validating Wrapper...
2024-10-11 05:26:33,926 INFO - ContAudITWrapper#76 - Response true
2024-10-11 05:26:34,057 INFO - ContAudITWrapper#76 - Application hash: e36ee2d35f8c4c41bd358782dfb3ac8852b40439d350ff27616f0c18819ce9bf
2024-10-11 05:26:34,084 INFO - ContAudITWrapper#76 - Validating Application...
2024-10-11 05:26:47,625 INFO - ContAudITWrapper#76 - Response true
2024-10-11 05:26:47,631 INFO - ContAudITWrapper#76 - Artifact apache2.workflow hash: bdb4cee855e21446b6ae53ddcb76a1632ef8c4545b5db0517e01ffd552157f6e
2024-10-11 05:26:47,648 INFO - ContAudITWrapper#76 - Validating Artifact...
2024-10-11 05:26:59,283 INFO - ContAudITWrapper#76 - Response true
2024-10-11 05:26:59,289 INFO - ContAudITWrapper#76 - Running pre-command actions...
2024-10-11 05:26:59,291 INFO - ContAudITWrapper#76 - Analyzing current environment state...
2024-10-11 05:26:59,485 INFO - ContAudITWrapper#76 - Saving current environment state...
2024-10-11 05:26:59,487 INFO - ContAudITWrapper#76 - Environment state hash: a7ffc6f8bf1ed76651c14756a061d662f580ff4de43b49fa82d80a4b80f8434a
2024-10-11 05:26:59,487 INFO - ContAudITWrapper#76 - Executing command...
2024-10-11 05:27:00,926 INFO - ContAudITWrapper#76 - Command output: 
2024-10-11 05:26:59.648925006 [executor] Initializing the workflow...
[apache2_workflow] Apache HTTP Server already installed.
[apache2_workflow] UserDir module already loaded.
[apache2_workflow] Configs to UserDir already exist.
[apache2_workflow] public_html directory already exists in /home/ec2-user.
[apache2_workflow] Creating a simple webpage...
[apache2_workflow] Moving webpage to Apache HTTP Server user website folder...
[apache2_workflow] Page moved successfully!
2024-10-11 05:27:00.925999682 [executor] Finished!

2024-10-11 05:27:00,927 INFO - ContAudITWrapper#76 - Running post-command actions...
2024-10-11 05:27:00,927 INFO - ContAudITWrapper#76 - Analyzing current environment state...
2024-10-11 05:27:01,059 INFO - ContAudITWrapper#76 - Saving current environment state...
2024-10-11 05:27:01,060 INFO - ContAudITWrapper#76 - Environment state hash: a7ffc6f8bf1ed76651c14756a061d662f580ff4de43b49fa82d80a4b80f8434a
2024-10-11 05:27:01,060 INFO - ContAudITWrapper#76 - Checking environment diff...
2024-10-11 05:27:01,138 INFO - ContAudITWrapper#76 - Environment diff: 
2024-10-11 05:27:01,138 INFO - ContAudITWrapper#76 - Cleaning temporary files...
2024-10-11 05:27:01,226 INFO - ContAudITWrapper#76 - Sending to blockchain...
2024-10-11 05:27:15,514 INFO - ContAudITWrapper#76 - Response 
2024-10-11 05:27:15,515 INFO - ContAudITWrapper#76 - Finishing ContAudIT Wrapper...
