2024-10-11 05:25:05,028 INFO - ContAudITWrapper#63 - Initializing ContAudIT Wrapper...
2024-10-11 05:25:05,274 INFO - ContAudITWrapper#63 - Current directory: /home/ec2-user/Code/ufrgs-poc/contaudit-wrapper.jar
2024-10-11 05:25:31,151 INFO - ContAudITWrapper#63 - Wrapper hash: b7519188ed863d76e5199a8d880bb968bdf9124fad53b871583787e123a7a764
2024-10-11 05:25:31,160 INFO - ContAudITWrapper#63 - Validating Wrapper...
2024-10-11 05:26:44,613 INFO - ContAudITWrapper#63 - Response true
2024-10-11 05:26:44,965 INFO - ContAudITWrapper#63 - Application hash: e36ee2d35f8c4c41bd358782dfb3ac8852b40439d350ff27616f0c18819ce9bf
2024-10-11 05:26:44,994 INFO - ContAudITWrapper#63 - Validating Application...
2024-10-11 05:26:58,677 INFO - ContAudITWrapper#63 - Response true
2024-10-11 05:26:58,696 INFO - ContAudITWrapper#63 - Artifact apache2.workflow hash: bdb4cee855e21446b6ae53ddcb76a1632ef8c4545b5db0517e01ffd552157f6e
2024-10-11 05:26:58,725 INFO - ContAudITWrapper#63 - Validating Artifact...
2024-10-11 05:27:07,410 INFO - ContAudITWrapper#63 - Response true
2024-10-11 05:27:07,422 INFO - ContAudITWrapper#63 - Running pre-command actions...
2024-10-11 05:27:07,426 INFO - ContAudITWrapper#63 - Analyzing current environment state...
2024-10-11 05:27:07,640 INFO - ContAudITWrapper#63 - Saving current environment state...
2024-10-11 05:27:07,642 INFO - ContAudITWrapper#63 - Environment state hash: a7ffc6f8bf1ed76651c14756a061d662f580ff4de43b49fa82d80a4b80f8434a
2024-10-11 05:27:07,649 INFO - ContAudITWrapper#63 - Executing command...
2024-10-11 05:27:08,988 INFO - ContAudITWrapper#63 - Command output: 
2024-10-11 05:27:07.817792106 [executor] Initializing the workflow...
[apache2_workflow] Apache HTTP Server already installed.
[apache2_workflow] UserDir module already loaded.
[apache2_workflow] Configs to UserDir already exist.
[apache2_workflow] public_html directory already exists in /home/ec2-user.
[apache2_workflow] Creating a simple webpage...
[apache2_workflow] Moving webpage to Apache HTTP Server user website folder...
[apache2_workflow] Page moved successfully!
2024-10-11 05:27:08.980368988 [executor] Finished!

2024-10-11 05:27:08,988 INFO - ContAudITWrapper#63 - Running post-command actions...
2024-10-11 05:27:08,988 INFO - ContAudITWrapper#63 - Analyzing current environment state...
2024-10-11 05:27:09,132 INFO - ContAudITWrapper#63 - Saving current environment state...
2024-10-11 05:27:09,132 INFO - ContAudITWrapper#63 - Environment state hash: a7ffc6f8bf1ed76651c14756a061d662f580ff4de43b49fa82d80a4b80f8434a
2024-10-11 05:27:09,133 INFO - ContAudITWrapper#63 - Checking environment diff...
2024-10-11 05:27:09,248 INFO - ContAudITWrapper#63 - Environment diff: 
2024-10-11 05:27:09,249 INFO - ContAudITWrapper#63 - Cleaning temporary files...
2024-10-11 05:27:09,343 INFO - ContAudITWrapper#63 - Sending to blockchain...
2024-10-11 05:27:19,942 INFO - ContAudITWrapper#63 - Response 
2024-10-11 05:27:19,943 INFO - ContAudITWrapper#63 - Finishing ContAudIT Wrapper...
