2024-10-11 05:25:04,168 INFO - ContAudITWrapper#56 - Initializing ContAudIT Wrapper...
2024-10-11 05:25:04,445 INFO - ContAudITWrapper#56 - Current directory: /home/ec2-user/Code/ufrgs-poc/contaudit-wrapper.jar
2024-10-11 05:25:28,975 INFO - ContAudITWrapper#56 - Wrapper hash: b7519188ed863d76e5199a8d880bb968bdf9124fad53b871583787e123a7a764
2024-10-11 05:25:29,104 INFO - ContAudITWrapper#56 - Validating Wrapper...
2024-10-11 05:26:37,926 INFO - ContAudITWrapper#56 - Response true
2024-10-11 05:26:38,207 INFO - ContAudITWrapper#56 - Application hash: e36ee2d35f8c4c41bd358782dfb3ac8852b40439d350ff27616f0c18819ce9bf
2024-10-11 05:26:38,217 INFO - ContAudITWrapper#56 - Validating Application...
2024-10-11 05:26:51,570 INFO - ContAudITWrapper#56 - Response true
2024-10-11 05:26:51,574 INFO - ContAudITWrapper#56 - Artifact apache2.workflow hash: bdb4cee855e21446b6ae53ddcb76a1632ef8c4545b5db0517e01ffd552157f6e
2024-10-11 05:26:51,641 INFO - ContAudITWrapper#56 - Validating Artifact...
2024-10-11 05:27:04,336 INFO - ContAudITWrapper#56 - Response true
2024-10-11 05:27:04,342 INFO - ContAudITWrapper#56 - Running pre-command actions...
2024-10-11 05:27:04,343 INFO - ContAudITWrapper#56 - Analyzing current environment state...
2024-10-11 05:27:04,474 INFO - ContAudITWrapper#56 - Saving current environment state...
2024-10-11 05:27:04,475 INFO - ContAudITWrapper#56 - Environment state hash: a7ffc6f8bf1ed76651c14756a061d662f580ff4de43b49fa82d80a4b80f8434a
2024-10-11 05:27:04,476 INFO - ContAudITWrapper#56 - Executing command...
2024-10-11 05:27:06,141 INFO - ContAudITWrapper#56 - Command output: 
2024-10-11 05:27:04.615968356 [executor] Initializing the workflow...
[apache2_workflow] Apache HTTP Server already installed.
[apache2_workflow] UserDir module already loaded.
[apache2_workflow] Configs to UserDir already exist.
[apache2_workflow] public_html directory already exists in /home/ec2-user.
[apache2_workflow] Creating a simple webpage...
[apache2_workflow] Moving webpage to Apache HTTP Server user website folder...
[apache2_workflow] Page moved successfully!
2024-10-11 05:27:06.141201347 [executor] Finished!

2024-10-11 05:27:06,142 INFO - ContAudITWrapper#56 - Running post-command actions...
2024-10-11 05:27:06,142 INFO - ContAudITWrapper#56 - Analyzing current environment state...
2024-10-11 05:27:06,294 INFO - ContAudITWrapper#56 - Saving current environment state...
2024-10-11 05:27:06,294 INFO - ContAudITWrapper#56 - Environment state hash: a7ffc6f8bf1ed76651c14756a061d662f580ff4de43b49fa82d80a4b80f8434a
2024-10-11 05:27:06,295 INFO - ContAudITWrapper#56 - Checking environment diff...
2024-10-11 05:27:06,373 INFO - ContAudITWrapper#56 - Environment diff: 
2024-10-11 05:27:06,377 INFO - ContAudITWrapper#56 - Cleaning temporary files...
2024-10-11 05:27:06,413 INFO - ContAudITWrapper#56 - Sending to blockchain...
2024-10-11 05:27:18,923 INFO - ContAudITWrapper#56 - Response 
2024-10-11 05:27:18,924 INFO - ContAudITWrapper#56 - Finishing ContAudIT Wrapper...
