2024-10-11 05:25:03,870 INFO - ContAudITWrapper#96 - Initializing ContAudIT Wrapper...
2024-10-11 05:25:04,077 INFO - ContAudITWrapper#96 - Current directory: /home/ec2-user/Code/ufrgs-poc/contaudit-wrapper.jar
2024-10-11 05:25:30,102 INFO - ContAudITWrapper#96 - Wrapper hash: b7519188ed863d76e5199a8d880bb968bdf9124fad53b871583787e123a7a764
2024-10-11 05:25:30,224 INFO - ContAudITWrapper#96 - Validating Wrapper...
2024-10-11 05:26:40,614 INFO - ContAudITWrapper#96 - Response true
2024-10-11 05:26:40,870 INFO - ContAudITWrapper#96 - Application hash: e36ee2d35f8c4c41bd358782dfb3ac8852b40439d350ff27616f0c18819ce9bf
2024-10-11 05:26:40,930 INFO - ContAudITWrapper#96 - Validating Application...
2024-10-11 05:26:55,809 INFO - ContAudITWrapper#96 - Response true
2024-10-11 05:26:55,849 INFO - ContAudITWrapper#96 - Artifact apache2.workflow hash: bdb4cee855e21446b6ae53ddcb76a1632ef8c4545b5db0517e01ffd552157f6e
2024-10-11 05:26:56,015 INFO - ContAudITWrapper#96 - Validating Artifact...
2024-10-11 05:27:09,718 INFO - ContAudITWrapper#96 - Response true
2024-10-11 05:27:09,724 INFO - ContAudITWrapper#96 - Running pre-command actions...
2024-10-11 05:27:09,725 INFO - ContAudITWrapper#96 - Analyzing current environment state...
2024-10-11 05:27:09,885 INFO - ContAudITWrapper#96 - Saving current environment state...
2024-10-11 05:27:09,886 INFO - ContAudITWrapper#96 - Environment state hash: a7ffc6f8bf1ed76651c14756a061d662f580ff4de43b49fa82d80a4b80f8434a
2024-10-11 05:27:09,887 INFO - ContAudITWrapper#96 - Executing command...
2024-10-11 05:27:11,111 INFO - ContAudITWrapper#96 - Command output: 
2024-10-11 05:27:10.044237538 [executor] Initializing the workflow...
[apache2_workflow] Apache HTTP Server already installed.
[apache2_workflow] UserDir module already loaded.
[apache2_workflow] Configs to UserDir already exist.
[apache2_workflow] public_html directory already exists in /home/ec2-user.
[apache2_workflow] Creating a simple webpage...
[apache2_workflow] Moving webpage to Apache HTTP Server user website folder...
[apache2_workflow] Page moved successfully!
2024-10-11 05:27:11.110018192 [executor] Finished!

2024-10-11 05:27:11,111 INFO - ContAudITWrapper#96 - Running post-command actions...
2024-10-11 05:27:11,111 INFO - ContAudITWrapper#96 - Analyzing current environment state...
2024-10-11 05:27:11,245 INFO - ContAudITWrapper#96 - Saving current environment state...
2024-10-11 05:27:11,245 INFO - ContAudITWrapper#96 - Environment state hash: a7ffc6f8bf1ed76651c14756a061d662f580ff4de43b49fa82d80a4b80f8434a
2024-10-11 05:27:11,246 INFO - ContAudITWrapper#96 - Checking environment diff...
2024-10-11 05:27:11,343 INFO - ContAudITWrapper#96 - Environment diff: 
2024-10-11 05:27:11,344 INFO - ContAudITWrapper#96 - Cleaning temporary files...
2024-10-11 05:27:11,397 INFO - ContAudITWrapper#96 - Sending to blockchain...
2024-10-11 05:27:20,111 INFO - ContAudITWrapper#96 - Response 
2024-10-11 05:27:20,123 INFO - ContAudITWrapper#96 - Finishing ContAudIT Wrapper...
