2024-10-11 05:25:04,743 INFO - ContAudITWrapper#37 - Initializing ContAudIT Wrapper...
2024-10-11 05:25:05,073 INFO - ContAudITWrapper#37 - Current directory: /home/ec2-user/Code/ufrgs-poc/contaudit-wrapper.jar
2024-10-11 05:25:22,363 INFO - ContAudITWrapper#37 - Wrapper hash: b7519188ed863d76e5199a8d880bb968bdf9124fad53b871583787e123a7a764
2024-10-11 05:25:22,469 INFO - ContAudITWrapper#37 - Validating Wrapper...
2024-10-11 05:26:19,987 INFO - ContAudITWrapper#37 - Response true
2024-10-11 05:26:20,332 INFO - ContAudITWrapper#37 - Application hash: e36ee2d35f8c4c41bd358782dfb3ac8852b40439d350ff27616f0c18819ce9bf
2024-10-11 05:26:20,333 INFO - ContAudITWrapper#37 - Validating Application...
2024-10-11 05:26:37,156 INFO - ContAudITWrapper#37 - Response true
2024-10-11 05:26:37,168 INFO - ContAudITWrapper#37 - Artifact apache2.workflow hash: bdb4cee855e21446b6ae53ddcb76a1632ef8c4545b5db0517e01ffd552157f6e
2024-10-11 05:26:37,231 INFO - ContAudITWrapper#37 - Validating Artifact...
2024-10-11 05:26:54,924 INFO - ContAudITWrapper#37 - Response true
2024-10-11 05:26:54,944 INFO - ContAudITWrapper#37 - Running pre-command actions...
2024-10-11 05:26:54,946 INFO - ContAudITWrapper#37 - Analyzing current environment state...
2024-10-11 05:26:55,102 INFO - ContAudITWrapper#37 - Saving current environment state...
2024-10-11 05:26:55,103 INFO - ContAudITWrapper#37 - Environment state hash: a7ffc6f8bf1ed76651c14756a061d662f580ff4de43b49fa82d80a4b80f8434a
2024-10-11 05:26:55,104 INFO - ContAudITWrapper#37 - Executing command...
2024-10-11 05:26:56,946 INFO - ContAudITWrapper#37 - Command output: 
2024-10-11 05:26:55.231569725 [executor] Initializing the workflow...
[apache2_workflow] Apache HTTP Server already installed.
[apache2_workflow] UserDir module already loaded.
[apache2_workflow] Configs to UserDir already exist.
[apache2_workflow] public_html directory already exists in /home/ec2-user.
[apache2_workflow] Creating a simple webpage...
[apache2_workflow] Moving webpage to Apache HTTP Server user website folder...
[apache2_workflow] Page moved successfully!
2024-10-11 05:26:56.945862827 [executor] Finished!

2024-10-11 05:26:56,947 INFO - ContAudITWrapper#37 - Running post-command actions...
2024-10-11 05:26:56,947 INFO - ContAudITWrapper#37 - Analyzing current environment state...
2024-10-11 05:26:57,079 INFO - ContAudITWrapper#37 - Saving current environment state...
2024-10-11 05:26:57,079 INFO - ContAudITWrapper#37 - Environment state hash: a7ffc6f8bf1ed76651c14756a061d662f580ff4de43b49fa82d80a4b80f8434a
2024-10-11 05:26:57,079 INFO - ContAudITWrapper#37 - Checking environment diff...
2024-10-11 05:26:57,103 INFO - ContAudITWrapper#37 - Environment diff: 
2024-10-11 05:26:57,103 INFO - ContAudITWrapper#37 - Cleaning temporary files...
2024-10-11 05:26:57,173 INFO - ContAudITWrapper#37 - Sending to blockchain...
2024-10-11 05:27:12,065 INFO - ContAudITWrapper#37 - Response 
2024-10-11 05:27:12,067 INFO - ContAudITWrapper#37 - Finishing ContAudIT Wrapper...
