2024-10-11 05:25:04,553 INFO - ContAudITWrapper#29 - Initializing ContAudIT Wrapper...
2024-10-11 05:25:04,776 INFO - ContAudITWrapper#29 - Current directory: /home/ec2-user/Code/ufrgs-poc/contaudit-wrapper.jar
2024-10-11 05:25:27,854 INFO - ContAudITWrapper#29 - Wrapper hash: b7519188ed863d76e5199a8d880bb968bdf9124fad53b871583787e123a7a764
2024-10-11 05:25:28,031 INFO - ContAudITWrapper#29 - Validating Wrapper...
2024-10-11 05:26:36,166 INFO - ContAudITWrapper#29 - Response true
2024-10-11 05:26:36,238 INFO - ContAudITWrapper#29 - Application hash: e36ee2d35f8c4c41bd358782dfb3ac8852b40439d350ff27616f0c18819ce9bf
2024-10-11 05:26:36,238 INFO - ContAudITWrapper#29 - Validating Application...
2024-10-11 05:26:53,739 INFO - ContAudITWrapper#29 - Response true
2024-10-11 05:26:53,747 INFO - ContAudITWrapper#29 - Artifact apache2.workflow hash: bdb4cee855e21446b6ae53ddcb76a1632ef8c4545b5db0517e01ffd552157f6e
2024-10-11 05:26:53,779 INFO - ContAudITWrapper#29 - Validating Artifact...
2024-10-11 05:27:09,153 INFO - ContAudITWrapper#29 - Response true
2024-10-11 05:27:09,162 INFO - ContAudITWrapper#29 - Running pre-command actions...
2024-10-11 05:27:09,164 INFO - ContAudITWrapper#29 - Analyzing current environment state...
2024-10-11 05:27:09,400 INFO - ContAudITWrapper#29 - Saving current environment state...
2024-10-11 05:27:09,400 INFO - ContAudITWrapper#29 - Environment state hash: a7ffc6f8bf1ed76651c14756a061d662f580ff4de43b49fa82d80a4b80f8434a
2024-10-11 05:27:09,401 INFO - ContAudITWrapper#29 - Executing command...
2024-10-11 05:27:11,072 INFO - ContAudITWrapper#29 - Command output: 
2024-10-11 05:27:09.611280825 [executor] Initializing the workflow...
[apache2_workflow] Apache HTTP Server already installed.
[apache2_workflow] UserDir module already loaded.
[apache2_workflow] Configs to UserDir already exist.
[apache2_workflow] public_html directory already exists in /home/ec2-user.
[apache2_workflow] Creating a simple webpage...
[apache2_workflow] Moving webpage to Apache HTTP Server user website folder...
[apache2_workflow] Page moved successfully!
2024-10-11 05:27:11.071457805 [executor] Finished!

2024-10-11 05:27:11,072 INFO - ContAudITWrapper#29 - Running post-command actions...
2024-10-11 05:27:11,072 INFO - ContAudITWrapper#29 - Analyzing current environment state...
2024-10-11 05:27:11,221 INFO - ContAudITWrapper#29 - Saving current environment state...
2024-10-11 05:27:11,223 INFO - ContAudITWrapper#29 - Environment state hash: a7ffc6f8bf1ed76651c14756a061d662f580ff4de43b49fa82d80a4b80f8434a
2024-10-11 05:27:11,223 INFO - ContAudITWrapper#29 - Checking environment diff...
2024-10-11 05:27:11,331 INFO - ContAudITWrapper#29 - Environment diff: 
2024-10-11 05:27:11,331 INFO - ContAudITWrapper#29 - Cleaning temporary files...
2024-10-11 05:27:11,403 INFO - ContAudITWrapper#29 - Sending to blockchain...
2024-10-11 05:27:20,098 INFO - ContAudITWrapper#29 - Response 
2024-10-11 05:27:20,101 INFO - ContAudITWrapper#29 - Finishing ContAudIT Wrapper...
