2024-10-11 05:25:03,540 INFO - ContAudITWrapper#17 - Initializing ContAudIT Wrapper...
2024-10-11 05:25:03,558 INFO - ContAudITWrapper#17 - Current directory: /home/ec2-user/Code/ufrgs-poc/contaudit-wrapper.jar
2024-10-11 05:25:28,122 INFO - ContAudITWrapper#17 - Wrapper hash: b7519188ed863d76e5199a8d880bb968bdf9124fad53b871583787e123a7a764
2024-10-11 05:25:28,217 INFO - ContAudITWrapper#17 - Validating Wrapper...
2024-10-11 05:26:34,716 INFO - ContAudITWrapper#17 - Response true
2024-10-11 05:26:34,911 INFO - ContAudITWrapper#17 - Application hash: e36ee2d35f8c4c41bd358782dfb3ac8852b40439d350ff27616f0c18819ce9bf
2024-10-11 05:26:34,943 INFO - ContAudITWrapper#17 - Validating Application...
2024-10-11 05:26:52,100 INFO - ContAudITWrapper#17 - Response true
2024-10-11 05:26:52,108 INFO - ContAudITWrapper#17 - Artifact apache2.workflow hash: bdb4cee855e21446b6ae53ddcb76a1632ef8c4545b5db0517e01ffd552157f6e
2024-10-11 05:26:52,225 INFO - ContAudITWrapper#17 - Validating Artifact...
2024-10-11 05:27:06,091 INFO - ContAudITWrapper#17 - Response true
2024-10-11 05:27:06,094 INFO - ContAudITWrapper#17 - Running pre-command actions...
2024-10-11 05:27:06,097 INFO - ContAudITWrapper#17 - Analyzing current environment state...
2024-10-11 05:27:06,353 INFO - ContAudITWrapper#17 - Saving current environment state...
2024-10-11 05:27:06,354 INFO - ContAudITWrapper#17 - Environment state hash: a7ffc6f8bf1ed76651c14756a061d662f580ff4de43b49fa82d80a4b80f8434a
2024-10-11 05:27:06,354 INFO - ContAudITWrapper#17 - Executing command...
2024-10-11 05:27:08,170 INFO - ContAudITWrapper#17 - Command output: 
2024-10-11 05:27:06.433213107 [executor] Initializing the workflow...
[apache2_workflow] Apache HTTP Server already installed.
[apache2_workflow] UserDir module already loaded.
[apache2_workflow] Configs to UserDir already exist.
[apache2_workflow] public_html directory already exists in /home/ec2-user.
[apache2_workflow] Creating a simple webpage...
[apache2_workflow] Moving webpage to Apache HTTP Server user website folder...
[apache2_workflow] Page moved successfully!
2024-10-11 05:27:08.169092270 [executor] Finished!

2024-10-11 05:27:08,170 INFO - ContAudITWrapper#17 - Running post-command actions...
2024-10-11 05:27:08,170 INFO - ContAudITWrapper#17 - Analyzing current environment state...
2024-10-11 05:27:08,252 INFO - ContAudITWrapper#17 - Saving current environment state...
2024-10-11 05:27:08,253 INFO - ContAudITWrapper#17 - Environment state hash: a7ffc6f8bf1ed76651c14756a061d662f580ff4de43b49fa82d80a4b80f8434a
2024-10-11 05:27:08,253 INFO - ContAudITWrapper#17 - Checking environment diff...
2024-10-11 05:27:08,308 INFO - ContAudITWrapper#17 - Environment diff: 
2024-10-11 05:27:08,308 INFO - ContAudITWrapper#17 - Cleaning temporary files...
2024-10-11 05:27:08,550 INFO - ContAudITWrapper#17 - Sending to blockchain...
2024-10-11 05:27:19,565 INFO - ContAudITWrapper#17 - Response 
2024-10-11 05:27:19,566 INFO - ContAudITWrapper#17 - Finishing ContAudIT Wrapper...
