2024-10-11 05:25:04,950 INFO - ContAudITWrapper#51 - Initializing ContAudIT Wrapper...
2024-10-11 05:25:05,145 INFO - ContAudITWrapper#51 - Current directory: /home/ec2-user/Code/ufrgs-poc/contaudit-wrapper.jar
2024-10-11 05:25:28,125 INFO - ContAudITWrapper#51 - Wrapper hash: b7519188ed863d76e5199a8d880bb968bdf9124fad53b871583787e123a7a764
2024-10-11 05:25:28,176 INFO - ContAudITWrapper#51 - Validating Wrapper...
2024-10-11 05:26:38,548 INFO - ContAudITWrapper#51 - Response true
2024-10-11 05:26:38,803 INFO - ContAudITWrapper#51 - Application hash: e36ee2d35f8c4c41bd358782dfb3ac8852b40439d350ff27616f0c18819ce9bf
2024-10-11 05:26:38,804 INFO - ContAudITWrapper#51 - Validating Application...
2024-10-11 05:26:54,301 INFO - ContAudITWrapper#51 - Response true
2024-10-11 05:26:54,310 INFO - ContAudITWrapper#51 - Artifact apache2.workflow hash: bdb4cee855e21446b6ae53ddcb76a1632ef8c4545b5db0517e01ffd552157f6e
2024-10-11 05:26:54,431 INFO - ContAudITWrapper#51 - Validating Artifact...
2024-10-11 05:27:05,480 INFO - ContAudITWrapper#51 - Response true
2024-10-11 05:27:05,490 INFO - ContAudITWrapper#51 - Running pre-command actions...
2024-10-11 05:27:05,491 INFO - ContAudITWrapper#51 - Analyzing current environment state...
2024-10-11 05:27:05,639 INFO - ContAudITWrapper#51 - Saving current environment state...
2024-10-11 05:27:05,640 INFO - ContAudITWrapper#51 - Environment state hash: a7ffc6f8bf1ed76651c14756a061d662f580ff4de43b49fa82d80a4b80f8434a
2024-10-11 05:27:05,640 INFO - ContAudITWrapper#51 - Executing command...
2024-10-11 05:27:06,654 INFO - ContAudITWrapper#51 - Command output: 
2024-10-11 05:27:05.880746065 [executor] Initializing the workflow...
[apache2_workflow] Apache HTTP Server already installed.
[apache2_workflow] UserDir module already loaded.
[apache2_workflow] Configs to UserDir already exist.
[apache2_workflow] public_html directory already exists in /home/ec2-user.
[apache2_workflow] Creating a simple webpage...
[apache2_workflow] Moving webpage to Apache HTTP Server user website folder...
[apache2_workflow] Page moved successfully!
2024-10-11 05:27:06.653524497 [executor] Finished!

2024-10-11 05:27:06,654 INFO - ContAudITWrapper#51 - Running post-command actions...
2024-10-11 05:27:06,655 INFO - ContAudITWrapper#51 - Analyzing current environment state...
2024-10-11 05:27:06,764 INFO - ContAudITWrapper#51 - Saving current environment state...
2024-10-11 05:27:06,764 INFO - ContAudITWrapper#51 - Environment state hash: a7ffc6f8bf1ed76651c14756a061d662f580ff4de43b49fa82d80a4b80f8434a
2024-10-11 05:27:06,765 INFO - ContAudITWrapper#51 - Checking environment diff...
2024-10-11 05:27:06,863 INFO - ContAudITWrapper#51 - Environment diff: 
2024-10-11 05:27:06,864 INFO - ContAudITWrapper#51 - Cleaning temporary files...
2024-10-11 05:27:06,970 INFO - ContAudITWrapper#51 - Sending to blockchain...
2024-10-11 05:27:17,987 INFO - ContAudITWrapper#51 - Response 
2024-10-11 05:27:18,018 INFO - ContAudITWrapper#51 - Finishing ContAudIT Wrapper...
