2024-10-11 05:25:04,132 INFO - ContAudITWrapper#41 - Initializing ContAudIT Wrapper...
2024-10-11 05:25:04,383 INFO - ContAudITWrapper#41 - Current directory: /home/ec2-user/Code/ufrgs-poc/contaudit-wrapper.jar
2024-10-11 05:25:28,798 INFO - ContAudITWrapper#41 - Wrapper hash: b7519188ed863d76e5199a8d880bb968bdf9124fad53b871583787e123a7a764
2024-10-11 05:25:28,903 INFO - ContAudITWrapper#41 - Validating Wrapper...
2024-10-11 05:26:38,161 INFO - ContAudITWrapper#41 - Response true
2024-10-11 05:26:38,259 INFO - ContAudITWrapper#41 - Application hash: e36ee2d35f8c4c41bd358782dfb3ac8852b40439d350ff27616f0c18819ce9bf
2024-10-11 05:26:38,260 INFO - ContAudITWrapper#41 - Validating Application...
2024-10-11 05:26:52,341 INFO - ContAudITWrapper#41 - Response true
2024-10-11 05:26:52,351 INFO - ContAudITWrapper#41 - Artifact apache2.workflow hash: bdb4cee855e21446b6ae53ddcb76a1632ef8c4545b5db0517e01ffd552157f6e
2024-10-11 05:26:52,362 INFO - ContAudITWrapper#41 - Validating Artifact...
2024-10-11 05:27:03,861 INFO - ContAudITWrapper#41 - Response true
2024-10-11 05:27:03,867 INFO - ContAudITWrapper#41 - Running pre-command actions...
2024-10-11 05:27:03,868 INFO - ContAudITWrapper#41 - Analyzing current environment state...
2024-10-11 05:27:03,980 INFO - ContAudITWrapper#41 - Saving current environment state...
2024-10-11 05:27:03,981 INFO - ContAudITWrapper#41 - Environment state hash: a7ffc6f8bf1ed76651c14756a061d662f580ff4de43b49fa82d80a4b80f8434a
2024-10-11 05:27:03,981 INFO - ContAudITWrapper#41 - Executing command...
2024-10-11 05:27:05,454 INFO - ContAudITWrapper#41 - Command output: 
2024-10-11 05:27:04.120819375 [executor] Initializing the workflow...
[apache2_workflow] Apache HTTP Server already installed.
[apache2_workflow] UserDir module already loaded.
[apache2_workflow] Configs to UserDir already exist.
[apache2_workflow] public_html directory already exists in /home/ec2-user.
[apache2_workflow] Creating a simple webpage...
[apache2_workflow] Moving webpage to Apache HTTP Server user website folder...
[apache2_workflow] Page moved successfully!
2024-10-11 05:27:05.453976330 [executor] Finished!

2024-10-11 05:27:05,455 INFO - ContAudITWrapper#41 - Running post-command actions...
2024-10-11 05:27:05,455 INFO - ContAudITWrapper#41 - Analyzing current environment state...
2024-10-11 05:27:05,634 INFO - ContAudITWrapper#41 - Saving current environment state...
2024-10-11 05:27:05,634 INFO - ContAudITWrapper#41 - Environment state hash: a7ffc6f8bf1ed76651c14756a061d662f580ff4de43b49fa82d80a4b80f8434a
2024-10-11 05:27:05,634 INFO - ContAudITWrapper#41 - Checking environment diff...
2024-10-11 05:27:05,698 INFO - ContAudITWrapper#41 - Environment diff: 
2024-10-11 05:27:05,699 INFO - ContAudITWrapper#41 - Cleaning temporary files...
2024-10-11 05:27:05,832 INFO - ContAudITWrapper#41 - Sending to blockchain...
2024-10-11 05:27:18,290 INFO - ContAudITWrapper#41 - Response 
2024-10-11 05:27:18,292 INFO - ContAudITWrapper#41 - Finishing ContAudIT Wrapper...
