2024-06-27 22:23:42,918 INFO - ContAudITWrapper#7 - Initializing ContAudIT Wrapper...
2024-06-27 22:23:43,007 INFO - ContAudITWrapper#7 - Current directory: /home/kali/Code/ufrgs-poc/contaudit-wrapper.jar
2024-06-27 22:23:49,449 INFO - ContAudITWrapper#7 - Wrapper hash: c76a1b1bb9edc25f91da61e17225b6709df7b63d34810aab1d42c0f930950c0b
2024-06-27 22:23:49,460 INFO - ContAudITWrapper#7 - Validating Wrapper...
2024-06-27 22:24:04,340 INFO - ContAudITWrapper#7 - Response true
2024-06-27 22:24:04,467 INFO - ContAudITWrapper#7 - Application hash: e36ee2d35f8c4c41bd358782dfb3ac8852b40439d350ff27616f0c18819ce9bf
2024-06-27 22:24:04,468 INFO - ContAudITWrapper#7 - Validating Application...
2024-06-27 22:24:08,461 INFO - ContAudITWrapper#7 - Response true
2024-06-27 22:24:08,542 INFO - ContAudITWrapper#7 - Artifact apache2.workflow hash: 94d5f6758492dbe0e869e1486907a86cb16f7931019b4acb0e7f38c98cf1b06d
2024-06-27 22:24:08,548 INFO - ContAudITWrapper#7 - Validating Artifact...
2024-06-27 22:24:11,883 INFO - ContAudITWrapper#7 - Response true
2024-06-27 22:24:11,889 INFO - ContAudITWrapper#7 - Running pre-command actions...
2024-06-27 22:24:11,890 INFO - ContAudITWrapper#7 - Analyzing current environment state...
2024-06-27 22:24:12,739 INFO - ContAudITWrapper#7 - Saving current environment state...
2024-06-27 22:24:12,890 INFO - ContAudITWrapper#7 - Environment state hash: 1776e4b78f696d486603e30cb7241013e927d69ca8030fa37e187c49ffd758cd
2024-06-27 22:24:12,891 INFO - ContAudITWrapper#7 - Executing command...
2024-06-27 22:24:13,318 INFO - ContAudITWrapper#7 - Command output: 
2024-06-27 22:24:13.025889370 [executor] Initializing the workflow...
[apache2_workflow] Create a simple webpage...
[apache2_workflow] Move webpage to Apache HTTP Server user website folder...
2024-06-27 22:24:13.317765859 [executor] Finished!

2024-06-27 22:24:13,319 INFO - ContAudITWrapper#7 - Running post-command actions...
2024-06-27 22:24:13,319 INFO - ContAudITWrapper#7 - Analyzing current environment state...
2024-06-27 22:24:13,988 INFO - ContAudITWrapper#7 - Saving current environment state...
2024-06-27 22:24:13,993 INFO - ContAudITWrapper#7 - Environment state hash: 1776e4b78f696d486603e30cb7241013e927d69ca8030fa37e187c49ffd758cd
2024-06-27 22:24:13,993 INFO - ContAudITWrapper#7 - Checking environment diff...
2024-06-27 22:24:14,059 INFO - ContAudITWrapper#7 - Environment diff: 
2024-06-27 22:24:14,059 INFO - ContAudITWrapper#7 - Cleaning temporary files...
2024-06-27 22:24:14,077 INFO - ContAudITWrapper#7 - Sending to blockchain...
2024-06-27 22:24:23,977 INFO - ContAudITWrapper#7 - Response 
2024-06-27 22:24:23,988 INFO - ContAudITWrapper#7 - Finishing ContAudIT Wrapper...
