2024-06-27 22:23:42,034 INFO - ContAudITWrapper#14 - Initializing ContAudIT Wrapper...
2024-06-27 22:23:42,109 INFO - ContAudITWrapper#14 - Current directory: /home/kali/Code/ufrgs-poc/contaudit-wrapper.jar
2024-06-27 22:23:46,260 INFO - ContAudITWrapper#14 - Wrapper hash: c76a1b1bb9edc25f91da61e17225b6709df7b63d34810aab1d42c0f930950c0b
2024-06-27 22:23:46,272 INFO - ContAudITWrapper#14 - Validating Wrapper...
2024-06-27 22:24:00,975 INFO - ContAudITWrapper#14 - Response true
2024-06-27 22:24:01,123 INFO - ContAudITWrapper#14 - Application hash: e36ee2d35f8c4c41bd358782dfb3ac8852b40439d350ff27616f0c18819ce9bf
2024-06-27 22:24:01,125 INFO - ContAudITWrapper#14 - Validating Application...
2024-06-27 22:24:07,785 INFO - ContAudITWrapper#14 - Response true
2024-06-27 22:24:07,793 INFO - ContAudITWrapper#14 - Artifact apache2.workflow hash: 94d5f6758492dbe0e869e1486907a86cb16f7931019b4acb0e7f38c98cf1b06d
2024-06-27 22:24:07,818 INFO - ContAudITWrapper#14 - Validating Artifact...
2024-06-27 22:24:10,824 INFO - ContAudITWrapper#14 - Response true
2024-06-27 22:24:10,826 INFO - ContAudITWrapper#14 - Running pre-command actions...
2024-06-27 22:24:10,831 INFO - ContAudITWrapper#14 - Analyzing current environment state...
2024-06-27 22:24:11,657 INFO - ContAudITWrapper#14 - Saving current environment state...
2024-06-27 22:24:11,696 INFO - ContAudITWrapper#14 - Environment state hash: 1776e4b78f696d486603e30cb7241013e927d69ca8030fa37e187c49ffd758cd
2024-06-27 22:24:11,703 INFO - ContAudITWrapper#14 - Executing command...
2024-06-27 22:24:11,917 INFO - ContAudITWrapper#14 - Command output: 
2024-06-27 22:24:11.787729254 [executor] Initializing the workflow...
[apache2_workflow] Create a simple webpage...
[apache2_workflow] Move webpage to Apache HTTP Server user website folder...
2024-06-27 22:24:11.915380268 [executor] Finished!

2024-06-27 22:24:11,918 INFO - ContAudITWrapper#14 - Running post-command actions...
2024-06-27 22:24:11,918 INFO - ContAudITWrapper#14 - Analyzing current environment state...
2024-06-27 22:24:12,221 INFO - ContAudITWrapper#14 - Saving current environment state...
2024-06-27 22:24:12,225 INFO - ContAudITWrapper#14 - Environment state hash: 1776e4b78f696d486603e30cb7241013e927d69ca8030fa37e187c49ffd758cd
2024-06-27 22:24:12,226 INFO - ContAudITWrapper#14 - Checking environment diff...
2024-06-27 22:24:12,284 INFO - ContAudITWrapper#14 - Environment diff: 
2024-06-27 22:24:12,284 INFO - ContAudITWrapper#14 - Cleaning temporary files...
2024-06-27 22:24:12,347 INFO - ContAudITWrapper#14 - Sending to blockchain...
2024-06-27 22:24:19,136 INFO - ContAudITWrapper#14 - Response 
2024-06-27 22:24:19,137 INFO - ContAudITWrapper#14 - Finishing ContAudIT Wrapper...
