2024-06-27 22:23:41,997 INFO - ContAudITWrapper#2 - Initializing ContAudIT Wrapper...
2024-06-27 22:23:42,040 INFO - ContAudITWrapper#2 - Current directory: /home/kali/Code/ufrgs-poc/contaudit-wrapper.jar
2024-06-27 22:23:46,230 INFO - ContAudITWrapper#2 - Wrapper hash: c76a1b1bb9edc25f91da61e17225b6709df7b63d34810aab1d42c0f930950c0b
2024-06-27 22:23:46,264 INFO - ContAudITWrapper#2 - Validating Wrapper...
2024-06-27 22:24:02,712 INFO - ContAudITWrapper#2 - Response true
2024-06-27 22:24:02,771 INFO - ContAudITWrapper#2 - Application hash: e36ee2d35f8c4c41bd358782dfb3ac8852b40439d350ff27616f0c18819ce9bf
2024-06-27 22:24:02,772 INFO - ContAudITWrapper#2 - Validating Application...
2024-06-27 22:24:06,322 INFO - ContAudITWrapper#2 - Response true
2024-06-27 22:24:06,330 INFO - ContAudITWrapper#2 - Artifact apache2.workflow hash: 94d5f6758492dbe0e869e1486907a86cb16f7931019b4acb0e7f38c98cf1b06d
2024-06-27 22:24:06,354 INFO - ContAudITWrapper#2 - Validating Artifact...
2024-06-27 22:24:09,780 INFO - ContAudITWrapper#2 - Response true
2024-06-27 22:24:09,790 INFO - ContAudITWrapper#2 - Running pre-command actions...
2024-06-27 22:24:09,791 INFO - ContAudITWrapper#2 - Analyzing current environment state...
2024-06-27 22:24:10,531 INFO - ContAudITWrapper#2 - Saving current environment state...
2024-06-27 22:24:10,622 INFO - ContAudITWrapper#2 - Environment state hash: 1776e4b78f696d486603e30cb7241013e927d69ca8030fa37e187c49ffd758cd
2024-06-27 22:24:10,623 INFO - ContAudITWrapper#2 - Executing command...
2024-06-27 22:24:10,980 INFO - ContAudITWrapper#2 - Command output: 
2024-06-27 22:24:10.766142639 [executor] Initializing the workflow...
[apache2_workflow] Create a simple webpage...
[apache2_workflow] Move webpage to Apache HTTP Server user website folder...
2024-06-27 22:24:10.979770200 [executor] Finished!

2024-06-27 22:24:10,980 INFO - ContAudITWrapper#2 - Running post-command actions...
2024-06-27 22:24:10,981 INFO - ContAudITWrapper#2 - Analyzing current environment state...
2024-06-27 22:24:11,293 INFO - ContAudITWrapper#2 - Saving current environment state...
2024-06-27 22:24:11,297 INFO - ContAudITWrapper#2 - Environment state hash: 1776e4b78f696d486603e30cb7241013e927d69ca8030fa37e187c49ffd758cd
2024-06-27 22:24:11,298 INFO - ContAudITWrapper#2 - Checking environment diff...
2024-06-27 22:24:11,392 INFO - ContAudITWrapper#2 - Environment diff: 
2024-06-27 22:24:11,393 INFO - ContAudITWrapper#2 - Cleaning temporary files...
2024-06-27 22:24:11,441 INFO - ContAudITWrapper#2 - Sending to blockchain...
2024-06-27 22:24:19,127 INFO - ContAudITWrapper#2 - Response 
2024-06-27 22:24:19,150 INFO - ContAudITWrapper#2 - Finishing ContAudIT Wrapper...
