2024-06-27 22:23:42,223 INFO - ContAudITWrapper#5 - Initializing ContAudIT Wrapper...
2024-06-27 22:23:42,286 INFO - ContAudITWrapper#5 - Current directory: /home/kali/Code/ufrgs-poc/contaudit-wrapper.jar
2024-06-27 22:23:47,257 INFO - ContAudITWrapper#5 - Wrapper hash: c76a1b1bb9edc25f91da61e17225b6709df7b63d34810aab1d42c0f930950c0b
2024-06-27 22:23:47,287 INFO - ContAudITWrapper#5 - Validating Wrapper...
2024-06-27 22:24:03,740 INFO - ContAudITWrapper#5 - Response true
2024-06-27 22:24:03,812 INFO - ContAudITWrapper#5 - Application hash: e36ee2d35f8c4c41bd358782dfb3ac8852b40439d350ff27616f0c18819ce9bf
2024-06-27 22:24:03,813 INFO - ContAudITWrapper#5 - Validating Application...
2024-06-27 22:24:08,218 INFO - ContAudITWrapper#5 - Response true
2024-06-27 22:24:08,238 INFO - ContAudITWrapper#5 - Artifact apache2.workflow hash: 94d5f6758492dbe0e869e1486907a86cb16f7931019b4acb0e7f38c98cf1b06d
2024-06-27 22:24:08,246 INFO - ContAudITWrapper#5 - Validating Artifact...
2024-06-27 22:24:12,823 INFO - ContAudITWrapper#5 - Response true
2024-06-27 22:24:12,843 INFO - ContAudITWrapper#5 - Running pre-command actions...
2024-06-27 22:24:12,853 INFO - ContAudITWrapper#5 - Analyzing current environment state...
2024-06-27 22:24:13,353 INFO - ContAudITWrapper#5 - Saving current environment state...
2024-06-27 22:24:13,518 INFO - ContAudITWrapper#5 - Environment state hash: 1776e4b78f696d486603e30cb7241013e927d69ca8030fa37e187c49ffd758cd
2024-06-27 22:24:13,518 INFO - ContAudITWrapper#5 - Executing command...
2024-06-27 22:24:13,857 INFO - ContAudITWrapper#5 - Command output: 
2024-06-27 22:24:13.617701653 [executor] Initializing the workflow...
[apache2_workflow] Create a simple webpage...
[apache2_workflow] Move webpage to Apache HTTP Server user website folder...
2024-06-27 22:24:13.856371095 [executor] Finished!

2024-06-27 22:24:13,858 INFO - ContAudITWrapper#5 - Running post-command actions...
2024-06-27 22:24:13,859 INFO - ContAudITWrapper#5 - Analyzing current environment state...
2024-06-27 22:24:14,192 INFO - ContAudITWrapper#5 - Saving current environment state...
2024-06-27 22:24:14,217 INFO - ContAudITWrapper#5 - Environment state hash: 1776e4b78f696d486603e30cb7241013e927d69ca8030fa37e187c49ffd758cd
2024-06-27 22:24:14,234 INFO - ContAudITWrapper#5 - Checking environment diff...
2024-06-27 22:24:14,282 INFO - ContAudITWrapper#5 - Environment diff: 
2024-06-27 22:24:14,287 INFO - ContAudITWrapper#5 - Cleaning temporary files...
2024-06-27 22:24:14,352 INFO - ContAudITWrapper#5 - Sending to blockchain...
2024-06-27 22:24:23,329 INFO - ContAudITWrapper#5 - Response 
2024-06-27 22:24:23,330 INFO - ContAudITWrapper#5 - Finishing ContAudIT Wrapper...
