2024-06-27 22:23:42,159 INFO - ContAudITWrapper#13 - Initializing ContAudIT Wrapper...
2024-06-27 22:23:42,216 INFO - ContAudITWrapper#13 - Current directory: /home/kali/Code/ufrgs-poc/contaudit-wrapper.jar
2024-06-27 22:23:47,204 INFO - ContAudITWrapper#13 - Wrapper hash: c76a1b1bb9edc25f91da61e17225b6709df7b63d34810aab1d42c0f930950c0b
2024-06-27 22:23:47,217 INFO - ContAudITWrapper#13 - Validating Wrapper...
2024-06-27 22:24:04,865 INFO - ContAudITWrapper#13 - Response true
2024-06-27 22:24:04,946 INFO - ContAudITWrapper#13 - Application hash: e36ee2d35f8c4c41bd358782dfb3ac8852b40439d350ff27616f0c18819ce9bf
2024-06-27 22:24:04,947 INFO - ContAudITWrapper#13 - Validating Application...
2024-06-27 22:24:11,146 INFO - ContAudITWrapper#13 - Response true
2024-06-27 22:24:11,223 INFO - ContAudITWrapper#13 - Artifact apache2.workflow hash: 94d5f6758492dbe0e869e1486907a86cb16f7931019b4acb0e7f38c98cf1b06d
2024-06-27 22:24:11,276 INFO - ContAudITWrapper#13 - Validating Artifact...
2024-06-27 22:24:15,546 INFO - ContAudITWrapper#13 - Response true
2024-06-27 22:24:15,553 INFO - ContAudITWrapper#13 - Running pre-command actions...
2024-06-27 22:24:15,557 INFO - ContAudITWrapper#13 - Analyzing current environment state...
2024-06-27 22:24:15,861 INFO - ContAudITWrapper#13 - Saving current environment state...
2024-06-27 22:24:15,882 INFO - ContAudITWrapper#13 - Environment state hash: 1776e4b78f696d486603e30cb7241013e927d69ca8030fa37e187c49ffd758cd
2024-06-27 22:24:15,883 INFO - ContAudITWrapper#13 - Executing command...
2024-06-27 22:24:16,261 INFO - ContAudITWrapper#13 - Command output: 
2024-06-27 22:24:16.006157332 [executor] Initializing the workflow...
[apache2_workflow] Create a simple webpage...
[apache2_workflow] Move webpage to Apache HTTP Server user website folder...
2024-06-27 22:24:16.259548953 [executor] Finished!

2024-06-27 22:24:16,262 INFO - ContAudITWrapper#13 - Running post-command actions...
2024-06-27 22:24:16,262 INFO - ContAudITWrapper#13 - Analyzing current environment state...
2024-06-27 22:24:16,718 INFO - ContAudITWrapper#13 - Saving current environment state...
2024-06-27 22:24:16,734 INFO - ContAudITWrapper#13 - Environment state hash: 1776e4b78f696d486603e30cb7241013e927d69ca8030fa37e187c49ffd758cd
2024-06-27 22:24:16,735 INFO - ContAudITWrapper#13 - Checking environment diff...
2024-06-27 22:24:16,760 INFO - ContAudITWrapper#13 - Environment diff: 
2024-06-27 22:24:16,760 INFO - ContAudITWrapper#13 - Cleaning temporary files...
2024-06-27 22:24:16,817 INFO - ContAudITWrapper#13 - Sending to blockchain...
2024-06-27 22:24:23,996 INFO - ContAudITWrapper#13 - Response 
2024-06-27 22:24:23,998 INFO - ContAudITWrapper#13 - Finishing ContAudIT Wrapper...
