2024-10-10 03:24:15,236 INFO - ContAudITWrapper#3 - Initializing ContAudIT Wrapper...
2024-10-10 03:24:15,248 INFO - ContAudITWrapper#3 - Current directory: /home/ec2-user/Code/ufrgs-poc/contaudit-wrapper.jar
2024-10-10 03:24:17,394 INFO - ContAudITWrapper#3 - Wrapper hash: b7519188ed863d76e5199a8d880bb968bdf9124fad53b871583787e123a7a764
2024-10-10 03:24:17,400 INFO - ContAudITWrapper#3 - Validating Wrapper...
2024-10-10 03:24:21,180 INFO - ContAudITWrapper#3 - Response true
2024-10-10 03:24:21,188 INFO - ContAudITWrapper#3 - Application hash: e36ee2d35f8c4c41bd358782dfb3ac8852b40439d350ff27616f0c18819ce9bf
2024-10-10 03:24:21,189 INFO - ContAudITWrapper#3 - Validating Application...
2024-10-10 03:24:21,926 INFO - ContAudITWrapper#3 - Response true
2024-10-10 03:24:21,931 INFO - ContAudITWrapper#3 - Artifact user.workflow hash: 52877374d8c54314b7af92814eaf729121e99a87e9706a2888cd9bcd951b11c9
2024-10-10 03:24:21,937 INFO - ContAudITWrapper#3 - Validating Artifact...
2024-10-10 03:24:22,712 INFO - ContAudITWrapper#3 - Response true
2024-10-10 03:24:22,714 INFO - ContAudITWrapper#3 - Running pre-command actions...
2024-10-10 03:24:22,715 INFO - ContAudITWrapper#3 - Analyzing current environment state...
2024-10-10 03:24:22,722 INFO - ContAudITWrapper#3 - Saving current environment state...
2024-10-10 03:24:22,723 INFO - ContAudITWrapper#3 - Environment state hash: a7ffc6f8bf1ed76651c14756a061d662f580ff4de43b49fa82d80a4b80f8434a
2024-10-10 03:24:22,723 INFO - ContAudITWrapper#3 - Executing command...
2024-10-10 03:24:23,088 INFO - ContAudITWrapper#3 - Command output: 
2024-10-10 03:24:22.727481081 [executor] Initializing the workflow...
[useradd_workflow] User contaudit3 already exists. Removing...
[useradd_workflow] User contaudit3 successfully removed.
[useradd_workflow] User contaudit3 created successfully.
2024-10-10 03:24:23.087847376 [executor] Finished!

2024-10-10 03:24:23,088 INFO - ContAudITWrapper#3 - Running post-command actions...
2024-10-10 03:24:23,088 INFO - ContAudITWrapper#3 - Analyzing current environment state...
2024-10-10 03:24:23,092 INFO - ContAudITWrapper#3 - Saving current environment state...
2024-10-10 03:24:23,092 INFO - ContAudITWrapper#3 - Environment state hash: a7ffc6f8bf1ed76651c14756a061d662f580ff4de43b49fa82d80a4b80f8434a
2024-10-10 03:24:23,093 INFO - ContAudITWrapper#3 - Checking environment diff...
2024-10-10 03:24:23,097 INFO - ContAudITWrapper#3 - Environment diff: 
2024-10-10 03:24:23,097 INFO - ContAudITWrapper#3 - Cleaning temporary files...
2024-10-10 03:24:23,100 INFO - ContAudITWrapper#3 - Sending to blockchain...
2024-10-10 03:24:25,768 INFO - ContAudITWrapper#3 - Response 
2024-10-10 03:24:25,776 INFO - ContAudITWrapper#3 - Finishing ContAudIT Wrapper...
