2024-10-10 03:24:15,255 INFO - ContAudITWrapper#1 - Initializing ContAudIT Wrapper...
2024-10-10 03:24:15,267 INFO - ContAudITWrapper#1 - Current directory: /home/ec2-user/Code/ufrgs-poc/contaudit-wrapper.jar
2024-10-10 03:24:17,431 INFO - ContAudITWrapper#1 - Wrapper hash: b7519188ed863d76e5199a8d880bb968bdf9124fad53b871583787e123a7a764
2024-10-10 03:24:17,436 INFO - ContAudITWrapper#1 - Validating Wrapper...
2024-10-10 03:24:21,251 INFO - ContAudITWrapper#1 - Response true
2024-10-10 03:24:21,257 INFO - ContAudITWrapper#1 - Application hash: e36ee2d35f8c4c41bd358782dfb3ac8852b40439d350ff27616f0c18819ce9bf
2024-10-10 03:24:21,258 INFO - ContAudITWrapper#1 - Validating Application...
2024-10-10 03:24:22,033 INFO - ContAudITWrapper#1 - Response true
2024-10-10 03:24:22,042 INFO - ContAudITWrapper#1 - Artifact user.workflow hash: 52877374d8c54314b7af92814eaf729121e99a87e9706a2888cd9bcd951b11c9
2024-10-10 03:24:22,056 INFO - ContAudITWrapper#1 - Validating Artifact...
2024-10-10 03:24:22,801 INFO - ContAudITWrapper#1 - Response true
2024-10-10 03:24:22,803 INFO - ContAudITWrapper#1 - Running pre-command actions...
2024-10-10 03:24:22,804 INFO - ContAudITWrapper#1 - Analyzing current environment state...
2024-10-10 03:24:22,813 INFO - ContAudITWrapper#1 - Saving current environment state...
2024-10-10 03:24:22,813 INFO - ContAudITWrapper#1 - Environment state hash: a7ffc6f8bf1ed76651c14756a061d662f580ff4de43b49fa82d80a4b80f8434a
2024-10-10 03:24:22,813 INFO - ContAudITWrapper#1 - Executing command...
2024-10-10 03:24:23,199 INFO - ContAudITWrapper#1 - Command output: 
2024-10-10 03:24:22.817643172 [executor] Initializing the workflow...
[useradd_workflow] User contaudit1 already exists. Removing...
[useradd_workflow] User contaudit1 successfully removed.
[useradd_workflow] User contaudit1 created successfully.
2024-10-10 03:24:23.199242403 [executor] Finished!

2024-10-10 03:24:23,200 INFO - ContAudITWrapper#1 - Running post-command actions...
2024-10-10 03:24:23,200 INFO - ContAudITWrapper#1 - Analyzing current environment state...
2024-10-10 03:24:23,206 INFO - ContAudITWrapper#1 - Saving current environment state...
2024-10-10 03:24:23,206 INFO - ContAudITWrapper#1 - Environment state hash: a7ffc6f8bf1ed76651c14756a061d662f580ff4de43b49fa82d80a4b80f8434a
2024-10-10 03:24:23,206 INFO - ContAudITWrapper#1 - Checking environment diff...
2024-10-10 03:24:23,209 INFO - ContAudITWrapper#1 - Environment diff: 
2024-10-10 03:24:23,210 INFO - ContAudITWrapper#1 - Cleaning temporary files...
2024-10-10 03:24:23,215 INFO - ContAudITWrapper#1 - Sending to blockchain...
2024-10-10 03:24:25,768 INFO - ContAudITWrapper#1 - Response 
2024-10-10 03:24:25,771 INFO - ContAudITWrapper#1 - Finishing ContAudIT Wrapper...
