2024-10-11 04:31:41,925 INFO - ContAudITWrapper#83 - Initializing ContAudIT Wrapper...
2024-10-11 04:31:42,122 INFO - ContAudITWrapper#83 - Current directory: /home/ec2-user/Code/ufrgs-poc/contaudit-wrapper.jar
2024-10-11 04:32:04,234 INFO - ContAudITWrapper#83 - Wrapper hash: b7519188ed863d76e5199a8d880bb968bdf9124fad53b871583787e123a7a764
2024-10-11 04:32:04,381 INFO - ContAudITWrapper#83 - Validating Wrapper...
2024-10-11 04:33:13,604 INFO - ContAudITWrapper#83 - Response true
2024-10-11 04:33:13,838 INFO - ContAudITWrapper#83 - Application hash: e36ee2d35f8c4c41bd358782dfb3ac8852b40439d350ff27616f0c18819ce9bf
2024-10-11 04:33:13,851 INFO - ContAudITWrapper#83 - Validating Application...
2024-10-11 04:33:23,796 INFO - ContAudITWrapper#83 - Response true
2024-10-11 04:33:23,799 INFO - ContAudITWrapper#83 - Artifact apache2.workflow hash: bdb4cee855e21446b6ae53ddcb76a1632ef8c4545b5db0517e01ffd552157f6e
2024-10-11 04:33:23,833 INFO - ContAudITWrapper#83 - Validating Artifact...
2024-10-11 04:33:36,343 INFO - ContAudITWrapper#83 - Response true
2024-10-11 04:33:36,350 INFO - ContAudITWrapper#83 - Running pre-command actions...
2024-10-11 04:33:36,351 INFO - ContAudITWrapper#83 - Analyzing current environment state...
2024-10-11 04:33:36,468 INFO - ContAudITWrapper#83 - Saving current environment state...
2024-10-11 04:33:36,469 INFO - ContAudITWrapper#83 - Environment state hash: a7ffc6f8bf1ed76651c14756a061d662f580ff4de43b49fa82d80a4b80f8434a
2024-10-11 04:33:36,470 INFO - ContAudITWrapper#83 - Executing command...
2024-10-11 04:33:38,075 INFO - ContAudITWrapper#83 - Command output: 
2024-10-11 04:33:36.580883179 [executor] Initializing the workflow...
[apache2_workflow] Apache HTTP Server already installed.
[apache2_workflow] UserDir module already loaded.
[apache2_workflow] Configs to UserDir already exist.
[apache2_workflow] public_html directory already exists in /home/ec2-user.
[apache2_workflow] Creating a simple webpage...
[apache2_workflow] Moving webpage to Apache HTTP Server user website folder...
[apache2_workflow] Page moved successfully!
2024-10-11 04:33:38.074551853 [executor] Finished!

2024-10-11 04:33:38,075 INFO - ContAudITWrapper#83 - Running post-command actions...
2024-10-11 04:33:38,075 INFO - ContAudITWrapper#83 - Analyzing current environment state...
2024-10-11 04:33:38,258 INFO - ContAudITWrapper#83 - Saving current environment state...
2024-10-11 04:33:38,259 INFO - ContAudITWrapper#83 - Environment state hash: a7ffc6f8bf1ed76651c14756a061d662f580ff4de43b49fa82d80a4b80f8434a
2024-10-11 04:33:38,259 INFO - ContAudITWrapper#83 - Checking environment diff...
2024-10-11 04:33:38,418 INFO - ContAudITWrapper#83 - Environment diff: 
2024-10-11 04:33:38,418 INFO - ContAudITWrapper#83 - Cleaning temporary files...
2024-10-11 04:33:38,552 INFO - ContAudITWrapper#83 - Sending to blockchain...
2024-10-11 04:33:53,804 INFO - ContAudITWrapper#83 - Response 
2024-10-11 04:33:53,806 INFO - ContAudITWrapper#83 - Finishing ContAudIT Wrapper...
