2024-10-11 04:31:41,696 INFO - ContAudITWrapper#60 - Initializing ContAudIT Wrapper...
2024-10-11 04:31:41,870 INFO - ContAudITWrapper#60 - Current directory: /home/ec2-user/Code/ufrgs-poc/contaudit-wrapper.jar
2024-10-11 04:32:04,827 INFO - ContAudITWrapper#60 - Wrapper hash: b7519188ed863d76e5199a8d880bb968bdf9124fad53b871583787e123a7a764
2024-10-11 04:32:04,942 INFO - ContAudITWrapper#60 - Validating Wrapper...
2024-10-11 04:33:15,134 INFO - ContAudITWrapper#60 - Response true
2024-10-11 04:33:15,282 INFO - ContAudITWrapper#60 - Application hash: e36ee2d35f8c4c41bd358782dfb3ac8852b40439d350ff27616f0c18819ce9bf
2024-10-11 04:33:15,346 INFO - ContAudITWrapper#60 - Validating Application...
2024-10-11 04:33:26,936 INFO - ContAudITWrapper#60 - Response true
2024-10-11 04:33:26,944 INFO - ContAudITWrapper#60 - Artifact apache2.workflow hash: bdb4cee855e21446b6ae53ddcb76a1632ef8c4545b5db0517e01ffd552157f6e
2024-10-11 04:33:27,131 INFO - ContAudITWrapper#60 - Validating Artifact...
2024-10-11 04:33:40,799 INFO - ContAudITWrapper#60 - Response true
2024-10-11 04:33:40,810 INFO - ContAudITWrapper#60 - Running pre-command actions...
2024-10-11 04:33:40,811 INFO - ContAudITWrapper#60 - Analyzing current environment state...
2024-10-11 04:33:41,012 INFO - ContAudITWrapper#60 - Saving current environment state...
2024-10-11 04:33:41,029 INFO - ContAudITWrapper#60 - Environment state hash: a7ffc6f8bf1ed76651c14756a061d662f580ff4de43b49fa82d80a4b80f8434a
2024-10-11 04:33:41,029 INFO - ContAudITWrapper#60 - Executing command...
2024-10-11 04:33:42,721 INFO - ContAudITWrapper#60 - Command output: 
2024-10-11 04:33:41.267579336 [executor] Initializing the workflow...
[apache2_workflow] Apache HTTP Server already installed.
[apache2_workflow] UserDir module already loaded.
[apache2_workflow] Configs to UserDir already exist.
[apache2_workflow] public_html directory already exists in /home/ec2-user.
[apache2_workflow] Creating a simple webpage...
[apache2_workflow] Moving webpage to Apache HTTP Server user website folder...
[apache2_workflow] Page moved successfully!
2024-10-11 04:33:42.721223133 [executor] Finished!

2024-10-11 04:33:42,722 INFO - ContAudITWrapper#60 - Running post-command actions...
2024-10-11 04:33:42,722 INFO - ContAudITWrapper#60 - Analyzing current environment state...
2024-10-11 04:33:42,841 INFO - ContAudITWrapper#60 - Saving current environment state...
2024-10-11 04:33:42,841 INFO - ContAudITWrapper#60 - Environment state hash: a7ffc6f8bf1ed76651c14756a061d662f580ff4de43b49fa82d80a4b80f8434a
2024-10-11 04:33:42,842 INFO - ContAudITWrapper#60 - Checking environment diff...
2024-10-11 04:33:42,927 INFO - ContAudITWrapper#60 - Environment diff: 
2024-10-11 04:33:42,927 INFO - ContAudITWrapper#60 - Cleaning temporary files...
2024-10-11 04:33:43,025 INFO - ContAudITWrapper#60 - Sending to blockchain...
2024-10-11 04:33:53,977 INFO - ContAudITWrapper#60 - Response 
2024-10-11 04:33:53,979 INFO - ContAudITWrapper#60 - Finishing ContAudIT Wrapper...
