2024-10-11 04:31:41,664 INFO - ContAudITWrapper#76 - Initializing ContAudIT Wrapper...
2024-10-11 04:31:41,856 INFO - ContAudITWrapper#76 - Current directory: /home/ec2-user/Code/ufrgs-poc/contaudit-wrapper.jar
2024-10-11 04:32:03,334 INFO - ContAudITWrapper#76 - Wrapper hash: b7519188ed863d76e5199a8d880bb968bdf9124fad53b871583787e123a7a764
2024-10-11 04:32:03,378 INFO - ContAudITWrapper#76 - Validating Wrapper...
2024-10-11 04:33:12,674 INFO - ContAudITWrapper#76 - Response true
2024-10-11 04:33:13,182 INFO - ContAudITWrapper#76 - Application hash: e36ee2d35f8c4c41bd358782dfb3ac8852b40439d350ff27616f0c18819ce9bf
2024-10-11 04:33:13,183 INFO - ContAudITWrapper#76 - Validating Application...
2024-10-11 04:33:27,735 INFO - ContAudITWrapper#76 - Response true
2024-10-11 04:33:27,742 INFO - ContAudITWrapper#76 - Artifact apache2.workflow hash: bdb4cee855e21446b6ae53ddcb76a1632ef8c4545b5db0517e01ffd552157f6e
2024-10-11 04:33:27,771 INFO - ContAudITWrapper#76 - Validating Artifact...
2024-10-11 04:33:41,102 INFO - ContAudITWrapper#76 - Response true
2024-10-11 04:33:41,109 INFO - ContAudITWrapper#76 - Running pre-command actions...
2024-10-11 04:33:41,111 INFO - ContAudITWrapper#76 - Analyzing current environment state...
2024-10-11 04:33:41,349 INFO - ContAudITWrapper#76 - Saving current environment state...
2024-10-11 04:33:41,350 INFO - ContAudITWrapper#76 - Environment state hash: a7ffc6f8bf1ed76651c14756a061d662f580ff4de43b49fa82d80a4b80f8434a
2024-10-11 04:33:41,351 INFO - ContAudITWrapper#76 - Executing command...
2024-10-11 04:33:43,075 INFO - ContAudITWrapper#76 - Command output: 
2024-10-11 04:33:41.614865179 [executor] Initializing the workflow...
[apache2_workflow] Apache HTTP Server already installed.
[apache2_workflow] UserDir module already loaded.
[apache2_workflow] Configs to UserDir already exist.
[apache2_workflow] public_html directory already exists in /home/ec2-user.
[apache2_workflow] Creating a simple webpage...
[apache2_workflow] Moving webpage to Apache HTTP Server user website folder...
[apache2_workflow] Page moved successfully!
2024-10-11 04:33:43.074098585 [executor] Finished!

2024-10-11 04:33:43,075 INFO - ContAudITWrapper#76 - Running post-command actions...
2024-10-11 04:33:43,075 INFO - ContAudITWrapper#76 - Analyzing current environment state...
2024-10-11 04:33:43,233 INFO - ContAudITWrapper#76 - Saving current environment state...
2024-10-11 04:33:43,233 INFO - ContAudITWrapper#76 - Environment state hash: a7ffc6f8bf1ed76651c14756a061d662f580ff4de43b49fa82d80a4b80f8434a
2024-10-11 04:33:43,234 INFO - ContAudITWrapper#76 - Checking environment diff...
2024-10-11 04:33:43,419 INFO - ContAudITWrapper#76 - Environment diff: 
2024-10-11 04:33:43,420 INFO - ContAudITWrapper#76 - Cleaning temporary files...
2024-10-11 04:33:43,486 INFO - ContAudITWrapper#76 - Sending to blockchain...
2024-10-11 04:33:58,182 INFO - ContAudITWrapper#76 - Response 
2024-10-11 04:33:58,183 INFO - ContAudITWrapper#76 - Finishing ContAudIT Wrapper...
