2024-10-11 04:31:42,102 INFO - ContAudITWrapper#96 - Initializing ContAudIT Wrapper...
2024-10-11 04:31:42,301 INFO - ContAudITWrapper#96 - Current directory: /home/ec2-user/Code/ufrgs-poc/contaudit-wrapper.jar
2024-10-11 04:32:05,288 INFO - ContAudITWrapper#96 - Wrapper hash: b7519188ed863d76e5199a8d880bb968bdf9124fad53b871583787e123a7a764
2024-10-11 04:32:05,456 INFO - ContAudITWrapper#96 - Validating Wrapper...
2024-10-11 04:33:14,334 INFO - ContAudITWrapper#96 - Response true
2024-10-11 04:33:14,571 INFO - ContAudITWrapper#96 - Application hash: e36ee2d35f8c4c41bd358782dfb3ac8852b40439d350ff27616f0c18819ce9bf
2024-10-11 04:33:14,613 INFO - ContAudITWrapper#96 - Validating Application...
2024-10-11 04:33:32,671 INFO - ContAudITWrapper#96 - Response true
2024-10-11 04:33:32,681 INFO - ContAudITWrapper#96 - Artifact apache2.workflow hash: bdb4cee855e21446b6ae53ddcb76a1632ef8c4545b5db0517e01ffd552157f6e
2024-10-11 04:33:32,740 INFO - ContAudITWrapper#96 - Validating Artifact...
2024-10-11 04:33:45,327 INFO - ContAudITWrapper#96 - Response true
2024-10-11 04:33:45,333 INFO - ContAudITWrapper#96 - Running pre-command actions...
2024-10-11 04:33:45,334 INFO - ContAudITWrapper#96 - Analyzing current environment state...
2024-10-11 04:33:45,606 INFO - ContAudITWrapper#96 - Saving current environment state...
2024-10-11 04:33:45,607 INFO - ContAudITWrapper#96 - Environment state hash: a7ffc6f8bf1ed76651c14756a061d662f580ff4de43b49fa82d80a4b80f8434a
2024-10-11 04:33:45,607 INFO - ContAudITWrapper#96 - Executing command...
2024-10-11 04:33:46,606 INFO - ContAudITWrapper#96 - Command output: 
2024-10-11 04:33:45.765648162 [executor] Initializing the workflow...
[apache2_workflow] Apache HTTP Server already installed.
[apache2_workflow] UserDir module already loaded.
[apache2_workflow] Configs to UserDir already exist.
[apache2_workflow] public_html directory already exists in /home/ec2-user.
[apache2_workflow] Creating a simple webpage...
[apache2_workflow] Moving webpage to Apache HTTP Server user website folder...
[apache2_workflow] Page moved successfully!
2024-10-11 04:33:46.605524148 [executor] Finished!

2024-10-11 04:33:46,606 INFO - ContAudITWrapper#96 - Running post-command actions...
2024-10-11 04:33:46,606 INFO - ContAudITWrapper#96 - Analyzing current environment state...
2024-10-11 04:33:46,788 INFO - ContAudITWrapper#96 - Saving current environment state...
2024-10-11 04:33:46,788 INFO - ContAudITWrapper#96 - Environment state hash: a7ffc6f8bf1ed76651c14756a061d662f580ff4de43b49fa82d80a4b80f8434a
2024-10-11 04:33:46,789 INFO - ContAudITWrapper#96 - Checking environment diff...
2024-10-11 04:33:46,817 INFO - ContAudITWrapper#96 - Environment diff: 
2024-10-11 04:33:46,818 INFO - ContAudITWrapper#96 - Cleaning temporary files...
2024-10-11 04:33:46,896 INFO - ContAudITWrapper#96 - Sending to blockchain...
2024-10-11 04:33:59,257 INFO - ContAudITWrapper#96 - Response 
2024-10-11 04:33:59,267 INFO - ContAudITWrapper#96 - Finishing ContAudIT Wrapper...
