2024-10-11 04:31:41,297 INFO - ContAudITWrapper#91 - Initializing ContAudIT Wrapper...
2024-10-11 04:31:41,582 INFO - ContAudITWrapper#91 - Current directory: /home/ec2-user/Code/ufrgs-poc/contaudit-wrapper.jar
2024-10-11 04:32:04,257 INFO - ContAudITWrapper#91 - Wrapper hash: b7519188ed863d76e5199a8d880bb968bdf9124fad53b871583787e123a7a764
2024-10-11 04:32:04,328 INFO - ContAudITWrapper#91 - Validating Wrapper...
2024-10-11 04:33:14,866 INFO - ContAudITWrapper#91 - Response true
2024-10-11 04:33:15,175 INFO - ContAudITWrapper#91 - Application hash: e36ee2d35f8c4c41bd358782dfb3ac8852b40439d350ff27616f0c18819ce9bf
2024-10-11 04:33:15,176 INFO - ContAudITWrapper#91 - Validating Application...
2024-10-11 04:33:25,686 INFO - ContAudITWrapper#91 - Response true
2024-10-11 04:33:25,707 INFO - ContAudITWrapper#91 - Artifact apache2.workflow hash: bdb4cee855e21446b6ae53ddcb76a1632ef8c4545b5db0517e01ffd552157f6e
2024-10-11 04:33:25,736 INFO - ContAudITWrapper#91 - Validating Artifact...
2024-10-11 04:33:38,898 INFO - ContAudITWrapper#91 - Response true
2024-10-11 04:33:38,902 INFO - ContAudITWrapper#91 - Running pre-command actions...
2024-10-11 04:33:38,903 INFO - ContAudITWrapper#91 - Analyzing current environment state...
2024-10-11 04:33:39,094 INFO - ContAudITWrapper#91 - Saving current environment state...
2024-10-11 04:33:39,095 INFO - ContAudITWrapper#91 - Environment state hash: a7ffc6f8bf1ed76651c14756a061d662f580ff4de43b49fa82d80a4b80f8434a
2024-10-11 04:33:39,096 INFO - ContAudITWrapper#91 - Executing command...
2024-10-11 04:33:40,982 INFO - ContAudITWrapper#91 - Command output: 
2024-10-11 04:33:39.222772885 [executor] Initializing the workflow...
[apache2_workflow] Apache HTTP Server already installed.
[apache2_workflow] UserDir module already loaded.
[apache2_workflow] Configs to UserDir already exist.
[apache2_workflow] public_html directory already exists in /home/ec2-user.
[apache2_workflow] Creating a simple webpage...
[apache2_workflow] Moving webpage to Apache HTTP Server user website folder...
[apache2_workflow] Page moved successfully!
2024-10-11 04:33:40.981210257 [executor] Finished!

2024-10-11 04:33:40,983 INFO - ContAudITWrapper#91 - Running post-command actions...
2024-10-11 04:33:40,983 INFO - ContAudITWrapper#91 - Analyzing current environment state...
2024-10-11 04:33:41,059 INFO - ContAudITWrapper#91 - Saving current environment state...
2024-10-11 04:33:41,060 INFO - ContAudITWrapper#91 - Environment state hash: a7ffc6f8bf1ed76651c14756a061d662f580ff4de43b49fa82d80a4b80f8434a
2024-10-11 04:33:41,060 INFO - ContAudITWrapper#91 - Checking environment diff...
2024-10-11 04:33:41,218 INFO - ContAudITWrapper#91 - Environment diff: 
2024-10-11 04:33:41,218 INFO - ContAudITWrapper#91 - Cleaning temporary files...
2024-10-11 04:33:41,411 INFO - ContAudITWrapper#91 - Sending to blockchain...
2024-10-11 04:33:56,833 INFO - ContAudITWrapper#91 - Response 
2024-10-11 04:33:56,834 INFO - ContAudITWrapper#91 - Finishing ContAudIT Wrapper...
