2024-10-11 04:31:41,469 INFO - ContAudITWrapper#65 - Initializing ContAudIT Wrapper...
2024-10-11 04:31:41,685 INFO - ContAudITWrapper#65 - Current directory: /home/ec2-user/Code/ufrgs-poc/contaudit-wrapper.jar
2024-10-11 04:32:04,871 INFO - ContAudITWrapper#65 - Wrapper hash: b7519188ed863d76e5199a8d880bb968bdf9124fad53b871583787e123a7a764
2024-10-11 04:32:04,956 INFO - ContAudITWrapper#65 - Validating Wrapper...
2024-10-11 04:33:16,263 INFO - ContAudITWrapper#65 - Response true
2024-10-11 04:33:16,618 INFO - ContAudITWrapper#65 - Application hash: e36ee2d35f8c4c41bd358782dfb3ac8852b40439d350ff27616f0c18819ce9bf
2024-10-11 04:33:16,619 INFO - ContAudITWrapper#65 - Validating Application...
2024-10-11 04:33:29,458 INFO - ContAudITWrapper#65 - Response true
2024-10-11 04:33:29,467 INFO - ContAudITWrapper#65 - Artifact apache2.workflow hash: bdb4cee855e21446b6ae53ddcb76a1632ef8c4545b5db0517e01ffd552157f6e
2024-10-11 04:33:29,485 INFO - ContAudITWrapper#65 - Validating Artifact...
2024-10-11 04:33:42,386 INFO - ContAudITWrapper#65 - Response true
2024-10-11 04:33:42,396 INFO - ContAudITWrapper#65 - Running pre-command actions...
2024-10-11 04:33:42,397 INFO - ContAudITWrapper#65 - Analyzing current environment state...
2024-10-11 04:33:42,652 INFO - ContAudITWrapper#65 - Saving current environment state...
2024-10-11 04:33:42,653 INFO - ContAudITWrapper#65 - Environment state hash: a7ffc6f8bf1ed76651c14756a061d662f580ff4de43b49fa82d80a4b80f8434a
2024-10-11 04:33:42,654 INFO - ContAudITWrapper#65 - Executing command...
2024-10-11 04:33:44,233 INFO - ContAudITWrapper#65 - Command output: 
2024-10-11 04:33:42.843024346 [executor] Initializing the workflow...
[apache2_workflow] Apache HTTP Server already installed.
[apache2_workflow] UserDir module already loaded.
[apache2_workflow] Configs to UserDir already exist.
[apache2_workflow] public_html directory already exists in /home/ec2-user.
[apache2_workflow] Creating a simple webpage...
[apache2_workflow] Moving webpage to Apache HTTP Server user website folder...
[apache2_workflow] Page moved successfully!
2024-10-11 04:33:44.232862533 [executor] Finished!

2024-10-11 04:33:44,234 INFO - ContAudITWrapper#65 - Running post-command actions...
2024-10-11 04:33:44,234 INFO - ContAudITWrapper#65 - Analyzing current environment state...
2024-10-11 04:33:44,346 INFO - ContAudITWrapper#65 - Saving current environment state...
2024-10-11 04:33:44,346 INFO - ContAudITWrapper#65 - Environment state hash: a7ffc6f8bf1ed76651c14756a061d662f580ff4de43b49fa82d80a4b80f8434a
2024-10-11 04:33:44,347 INFO - ContAudITWrapper#65 - Checking environment diff...
2024-10-11 04:33:44,462 INFO - ContAudITWrapper#65 - Environment diff: 
2024-10-11 04:33:44,463 INFO - ContAudITWrapper#65 - Cleaning temporary files...
2024-10-11 04:33:44,494 INFO - ContAudITWrapper#65 - Sending to blockchain...
2024-10-11 04:33:58,043 INFO - ContAudITWrapper#65 - Response 
2024-10-11 04:33:58,045 INFO - ContAudITWrapper#65 - Finishing ContAudIT Wrapper...
