2024-10-11 04:31:41,160 INFO - ContAudITWrapper#3 - Initializing ContAudIT Wrapper...
2024-10-11 04:31:41,390 INFO - ContAudITWrapper#3 - Current directory: /home/ec2-user/Code/ufrgs-poc/contaudit-wrapper.jar
2024-10-11 04:32:03,886 INFO - ContAudITWrapper#3 - Wrapper hash: b7519188ed863d76e5199a8d880bb968bdf9124fad53b871583787e123a7a764
2024-10-11 04:32:03,971 INFO - ContAudITWrapper#3 - Validating Wrapper...
2024-10-11 04:33:14,819 INFO - ContAudITWrapper#3 - Response true
2024-10-11 04:33:14,920 INFO - ContAudITWrapper#3 - Application hash: e36ee2d35f8c4c41bd358782dfb3ac8852b40439d350ff27616f0c18819ce9bf
2024-10-11 04:33:14,922 INFO - ContAudITWrapper#3 - Validating Application...
2024-10-11 04:33:28,176 INFO - ContAudITWrapper#3 - Response true
2024-10-11 04:33:28,200 INFO - ContAudITWrapper#3 - Artifact apache2.workflow hash: bdb4cee855e21446b6ae53ddcb76a1632ef8c4545b5db0517e01ffd552157f6e
2024-10-11 04:33:28,234 INFO - ContAudITWrapper#3 - Validating Artifact...
2024-10-11 04:33:37,630 INFO - ContAudITWrapper#3 - Response true
2024-10-11 04:33:37,644 INFO - ContAudITWrapper#3 - Running pre-command actions...
2024-10-11 04:33:37,645 INFO - ContAudITWrapper#3 - Analyzing current environment state...
2024-10-11 04:33:37,810 INFO - ContAudITWrapper#3 - Saving current environment state...
2024-10-11 04:33:37,811 INFO - ContAudITWrapper#3 - Environment state hash: a7ffc6f8bf1ed76651c14756a061d662f580ff4de43b49fa82d80a4b80f8434a
2024-10-11 04:33:37,811 INFO - ContAudITWrapper#3 - Executing command...
2024-10-11 04:33:39,826 INFO - ContAudITWrapper#3 - Command output: 
2024-10-11 04:33:38.088228085 [executor] Initializing the workflow...
[apache2_workflow] Apache HTTP Server already installed.
[apache2_workflow] UserDir module already loaded.
[apache2_workflow] Configs to UserDir already exist.
[apache2_workflow] public_html directory already exists in /home/ec2-user.
[apache2_workflow] Creating a simple webpage...
[apache2_workflow] Moving webpage to Apache HTTP Server user website folder...
[apache2_workflow] Page moved successfully!
2024-10-11 04:33:39.825883135 [executor] Finished!

2024-10-11 04:33:39,827 INFO - ContAudITWrapper#3 - Running post-command actions...
2024-10-11 04:33:39,827 INFO - ContAudITWrapper#3 - Analyzing current environment state...
2024-10-11 04:33:39,945 INFO - ContAudITWrapper#3 - Saving current environment state...
2024-10-11 04:33:39,946 INFO - ContAudITWrapper#3 - Environment state hash: a7ffc6f8bf1ed76651c14756a061d662f580ff4de43b49fa82d80a4b80f8434a
2024-10-11 04:33:39,946 INFO - ContAudITWrapper#3 - Checking environment diff...
2024-10-11 04:33:40,057 INFO - ContAudITWrapper#3 - Environment diff: 
2024-10-11 04:33:40,058 INFO - ContAudITWrapper#3 - Cleaning temporary files...
2024-10-11 04:33:40,234 INFO - ContAudITWrapper#3 - Sending to blockchain...
2024-10-11 04:33:50,515 INFO - ContAudITWrapper#3 - Response 
2024-10-11 04:33:50,517 INFO - ContAudITWrapper#3 - Finishing ContAudIT Wrapper...
