2024-10-11 04:31:42,303 INFO - ContAudITWrapper#98 - Initializing ContAudIT Wrapper...
2024-10-11 04:31:42,429 INFO - ContAudITWrapper#98 - Current directory: /home/ec2-user/Code/ufrgs-poc/contaudit-wrapper.jar
2024-10-11 04:32:03,845 INFO - ContAudITWrapper#98 - Wrapper hash: b7519188ed863d76e5199a8d880bb968bdf9124fad53b871583787e123a7a764
2024-10-11 04:32:03,923 INFO - ContAudITWrapper#98 - Validating Wrapper...
2024-10-11 04:33:13,015 INFO - ContAudITWrapper#98 - Response true
2024-10-11 04:33:13,281 INFO - ContAudITWrapper#98 - Application hash: e36ee2d35f8c4c41bd358782dfb3ac8852b40439d350ff27616f0c18819ce9bf
2024-10-11 04:33:13,310 INFO - ContAudITWrapper#98 - Validating Application...
2024-10-11 04:33:29,836 INFO - ContAudITWrapper#98 - Response true
2024-10-11 04:33:29,848 INFO - ContAudITWrapper#98 - Artifact apache2.workflow hash: bdb4cee855e21446b6ae53ddcb76a1632ef8c4545b5db0517e01ffd552157f6e
2024-10-11 04:33:29,937 INFO - ContAudITWrapper#98 - Validating Artifact...
2024-10-11 04:33:41,791 INFO - ContAudITWrapper#98 - Response true
2024-10-11 04:33:41,802 INFO - ContAudITWrapper#98 - Running pre-command actions...
2024-10-11 04:33:41,810 INFO - ContAudITWrapper#98 - Analyzing current environment state...
2024-10-11 04:33:41,992 INFO - ContAudITWrapper#98 - Saving current environment state...
2024-10-11 04:33:41,994 INFO - ContAudITWrapper#98 - Environment state hash: a7ffc6f8bf1ed76651c14756a061d662f580ff4de43b49fa82d80a4b80f8434a
2024-10-11 04:33:41,994 INFO - ContAudITWrapper#98 - Executing command...
2024-10-11 04:33:43,502 INFO - ContAudITWrapper#98 - Command output: 
2024-10-11 04:33:42.166212580 [executor] Initializing the workflow...
[apache2_workflow] Apache HTTP Server already installed.
[apache2_workflow] UserDir module already loaded.
[apache2_workflow] Configs to UserDir already exist.
[apache2_workflow] public_html directory already exists in /home/ec2-user.
[apache2_workflow] Creating a simple webpage...
[apache2_workflow] Moving webpage to Apache HTTP Server user website folder...
[apache2_workflow] Page moved successfully!
2024-10-11 04:33:43.500934898 [executor] Finished!

2024-10-11 04:33:43,502 INFO - ContAudITWrapper#98 - Running post-command actions...
2024-10-11 04:33:43,502 INFO - ContAudITWrapper#98 - Analyzing current environment state...
2024-10-11 04:33:43,726 INFO - ContAudITWrapper#98 - Saving current environment state...
2024-10-11 04:33:43,727 INFO - ContAudITWrapper#98 - Environment state hash: a7ffc6f8bf1ed76651c14756a061d662f580ff4de43b49fa82d80a4b80f8434a
2024-10-11 04:33:43,727 INFO - ContAudITWrapper#98 - Checking environment diff...
2024-10-11 04:33:43,808 INFO - ContAudITWrapper#98 - Environment diff: 
2024-10-11 04:33:43,808 INFO - ContAudITWrapper#98 - Cleaning temporary files...
2024-10-11 04:33:43,855 INFO - ContAudITWrapper#98 - Sending to blockchain...
2024-10-11 04:33:56,855 INFO - ContAudITWrapper#98 - Response 
2024-10-11 04:33:56,857 INFO - ContAudITWrapper#98 - Finishing ContAudIT Wrapper...
