2024-10-11 04:31:42,087 INFO - ContAudITWrapper#87 - Initializing ContAudIT Wrapper...
2024-10-11 04:31:42,267 INFO - ContAudITWrapper#87 - Current directory: /home/ec2-user/Code/ufrgs-poc/contaudit-wrapper.jar
2024-10-11 04:32:04,979 INFO - ContAudITWrapper#87 - Wrapper hash: b7519188ed863d76e5199a8d880bb968bdf9124fad53b871583787e123a7a764
2024-10-11 04:32:05,161 INFO - ContAudITWrapper#87 - Validating Wrapper...
2024-10-11 04:33:17,298 INFO - ContAudITWrapper#87 - Response true
2024-10-11 04:33:17,781 INFO - ContAudITWrapper#87 - Application hash: e36ee2d35f8c4c41bd358782dfb3ac8852b40439d350ff27616f0c18819ce9bf
2024-10-11 04:33:17,798 INFO - ContAudITWrapper#87 - Validating Application...
2024-10-11 04:33:31,985 INFO - ContAudITWrapper#87 - Response true
2024-10-11 04:33:32,013 INFO - ContAudITWrapper#87 - Artifact apache2.workflow hash: bdb4cee855e21446b6ae53ddcb76a1632ef8c4545b5db0517e01ffd552157f6e
2024-10-11 04:33:32,148 INFO - ContAudITWrapper#87 - Validating Artifact...
2024-10-11 04:33:44,860 INFO - ContAudITWrapper#87 - Response true
2024-10-11 04:33:44,869 INFO - ContAudITWrapper#87 - Running pre-command actions...
2024-10-11 04:33:44,871 INFO - ContAudITWrapper#87 - Analyzing current environment state...
2024-10-11 04:33:45,091 INFO - ContAudITWrapper#87 - Saving current environment state...
2024-10-11 04:33:45,092 INFO - ContAudITWrapper#87 - Environment state hash: a7ffc6f8bf1ed76651c14756a061d662f580ff4de43b49fa82d80a4b80f8434a
2024-10-11 04:33:45,093 INFO - ContAudITWrapper#87 - Executing command...
2024-10-11 04:33:46,218 INFO - ContAudITWrapper#87 - Command output: 
2024-10-11 04:33:45.322037307 [executor] Initializing the workflow...
[apache2_workflow] Apache HTTP Server already installed.
[apache2_workflow] UserDir module already loaded.
[apache2_workflow] Configs to UserDir already exist.
[apache2_workflow] public_html directory already exists in /home/ec2-user.
[apache2_workflow] Creating a simple webpage...
[apache2_workflow] Moving webpage to Apache HTTP Server user website folder...
[apache2_workflow] Page moved successfully!
2024-10-11 04:33:46.217969237 [executor] Finished!

2024-10-11 04:33:46,219 INFO - ContAudITWrapper#87 - Running post-command actions...
2024-10-11 04:33:46,219 INFO - ContAudITWrapper#87 - Analyzing current environment state...
2024-10-11 04:33:46,453 INFO - ContAudITWrapper#87 - Saving current environment state...
2024-10-11 04:33:46,453 INFO - ContAudITWrapper#87 - Environment state hash: a7ffc6f8bf1ed76651c14756a061d662f580ff4de43b49fa82d80a4b80f8434a
2024-10-11 04:33:46,453 INFO - ContAudITWrapper#87 - Checking environment diff...
2024-10-11 04:33:46,578 INFO - ContAudITWrapper#87 - Environment diff: 
2024-10-11 04:33:46,578 INFO - ContAudITWrapper#87 - Cleaning temporary files...
2024-10-11 04:33:46,689 INFO - ContAudITWrapper#87 - Sending to blockchain...
2024-10-11 04:34:00,803 INFO - ContAudITWrapper#87 - Response 
2024-10-11 04:34:00,806 INFO - ContAudITWrapper#87 - Finishing ContAudIT Wrapper...
