2024-10-11 04:31:40,558 INFO - ContAudITWrapper#5 - Initializing ContAudIT Wrapper...
2024-10-11 04:31:40,916 INFO - ContAudITWrapper#5 - Current directory: /home/ec2-user/Code/ufrgs-poc/contaudit-wrapper.jar
2024-10-11 04:32:03,452 INFO - ContAudITWrapper#5 - Wrapper hash: b7519188ed863d76e5199a8d880bb968bdf9124fad53b871583787e123a7a764
2024-10-11 04:32:03,513 INFO - ContAudITWrapper#5 - Validating Wrapper...
2024-10-11 04:33:11,041 INFO - ContAudITWrapper#5 - Response true
2024-10-11 04:33:11,248 INFO - ContAudITWrapper#5 - Application hash: e36ee2d35f8c4c41bd358782dfb3ac8852b40439d350ff27616f0c18819ce9bf
2024-10-11 04:33:11,340 INFO - ContAudITWrapper#5 - Validating Application...
2024-10-11 04:33:27,735 INFO - ContAudITWrapper#5 - Response true
2024-10-11 04:33:27,751 INFO - ContAudITWrapper#5 - Artifact apache2.workflow hash: bdb4cee855e21446b6ae53ddcb76a1632ef8c4545b5db0517e01ffd552157f6e
2024-10-11 04:33:27,848 INFO - ContAudITWrapper#5 - Validating Artifact...
2024-10-11 04:33:38,540 INFO - ContAudITWrapper#5 - Response true
2024-10-11 04:33:38,547 INFO - ContAudITWrapper#5 - Running pre-command actions...
2024-10-11 04:33:38,548 INFO - ContAudITWrapper#5 - Analyzing current environment state...
2024-10-11 04:33:38,747 INFO - ContAudITWrapper#5 - Saving current environment state...
2024-10-11 04:33:38,876 INFO - ContAudITWrapper#5 - Environment state hash: a7ffc6f8bf1ed76651c14756a061d662f580ff4de43b49fa82d80a4b80f8434a
2024-10-11 04:33:38,876 INFO - ContAudITWrapper#5 - Executing command...
2024-10-11 04:33:40,861 INFO - ContAudITWrapper#5 - Command output: 
2024-10-11 04:33:39.009632402 [executor] Initializing the workflow...
[apache2_workflow] Apache HTTP Server already installed.
[apache2_workflow] UserDir module already loaded.
[apache2_workflow] Configs to UserDir already exist.
[apache2_workflow] public_html directory already exists in /home/ec2-user.
[apache2_workflow] Creating a simple webpage...
[apache2_workflow] Moving webpage to Apache HTTP Server user website folder...
[apache2_workflow] Page moved successfully!
2024-10-11 04:33:40.860144498 [executor] Finished!

2024-10-11 04:33:40,861 INFO - ContAudITWrapper#5 - Running post-command actions...
2024-10-11 04:33:40,861 INFO - ContAudITWrapper#5 - Analyzing current environment state...
2024-10-11 04:33:41,001 INFO - ContAudITWrapper#5 - Saving current environment state...
2024-10-11 04:33:41,002 INFO - ContAudITWrapper#5 - Environment state hash: a7ffc6f8bf1ed76651c14756a061d662f580ff4de43b49fa82d80a4b80f8434a
2024-10-11 04:33:41,002 INFO - ContAudITWrapper#5 - Checking environment diff...
2024-10-11 04:33:41,075 INFO - ContAudITWrapper#5 - Environment diff: 
2024-10-11 04:33:41,075 INFO - ContAudITWrapper#5 - Cleaning temporary files...
2024-10-11 04:33:41,243 INFO - ContAudITWrapper#5 - Sending to blockchain...
2024-10-11 04:33:53,827 INFO - ContAudITWrapper#5 - Response 
2024-10-11 04:33:53,828 INFO - ContAudITWrapper#5 - Finishing ContAudIT Wrapper...
