2024-10-11 04:31:41,785 INFO - ContAudITWrapper#88 - Initializing ContAudIT Wrapper...
2024-10-11 04:31:42,010 INFO - ContAudITWrapper#88 - Current directory: /home/ec2-user/Code/ufrgs-poc/contaudit-wrapper.jar
2024-10-11 04:32:04,859 INFO - ContAudITWrapper#88 - Wrapper hash: b7519188ed863d76e5199a8d880bb968bdf9124fad53b871583787e123a7a764
2024-10-11 04:32:05,004 INFO - ContAudITWrapper#88 - Validating Wrapper...
2024-10-11 04:33:14,501 INFO - ContAudITWrapper#88 - Response true
2024-10-11 04:33:14,785 INFO - ContAudITWrapper#88 - Application hash: e36ee2d35f8c4c41bd358782dfb3ac8852b40439d350ff27616f0c18819ce9bf
2024-10-11 04:33:14,786 INFO - ContAudITWrapper#88 - Validating Application...
2024-10-11 04:33:30,405 INFO - ContAudITWrapper#88 - Response true
2024-10-11 04:33:30,426 INFO - ContAudITWrapper#88 - Artifact apache2.workflow hash: bdb4cee855e21446b6ae53ddcb76a1632ef8c4545b5db0517e01ffd552157f6e
2024-10-11 04:33:30,445 INFO - ContAudITWrapper#88 - Validating Artifact...
2024-10-11 04:33:42,997 INFO - ContAudITWrapper#88 - Response true
2024-10-11 04:33:43,002 INFO - ContAudITWrapper#88 - Running pre-command actions...
2024-10-11 04:33:43,003 INFO - ContAudITWrapper#88 - Analyzing current environment state...
2024-10-11 04:33:43,243 INFO - ContAudITWrapper#88 - Saving current environment state...
2024-10-11 04:33:43,244 INFO - ContAudITWrapper#88 - Environment state hash: a7ffc6f8bf1ed76651c14756a061d662f580ff4de43b49fa82d80a4b80f8434a
2024-10-11 04:33:43,245 INFO - ContAudITWrapper#88 - Executing command...
2024-10-11 04:33:44,897 INFO - ContAudITWrapper#88 - Command output: 
2024-10-11 04:33:43.326961161 [executor] Initializing the workflow...
[apache2_workflow] Apache HTTP Server already installed.
[apache2_workflow] UserDir module already loaded.
[apache2_workflow] Configs to UserDir already exist.
[apache2_workflow] public_html directory already exists in /home/ec2-user.
[apache2_workflow] Creating a simple webpage...
[apache2_workflow] Moving webpage to Apache HTTP Server user website folder...
[apache2_workflow] Page moved successfully!
2024-10-11 04:33:44.896049660 [executor] Finished!

2024-10-11 04:33:44,898 INFO - ContAudITWrapper#88 - Running post-command actions...
2024-10-11 04:33:44,898 INFO - ContAudITWrapper#88 - Analyzing current environment state...
2024-10-11 04:33:44,932 INFO - ContAudITWrapper#88 - Saving current environment state...
2024-10-11 04:33:44,933 INFO - ContAudITWrapper#88 - Environment state hash: a7ffc6f8bf1ed76651c14756a061d662f580ff4de43b49fa82d80a4b80f8434a
2024-10-11 04:33:44,934 INFO - ContAudITWrapper#88 - Checking environment diff...
2024-10-11 04:33:44,971 INFO - ContAudITWrapper#88 - Environment diff: 
2024-10-11 04:33:44,971 INFO - ContAudITWrapper#88 - Cleaning temporary files...
2024-10-11 04:33:45,021 INFO - ContAudITWrapper#88 - Sending to blockchain...
2024-10-11 04:33:59,448 INFO - ContAudITWrapper#88 - Response 
2024-10-11 04:33:59,449 INFO - ContAudITWrapper#88 - Finishing ContAudIT Wrapper...
