2024-06-27 23:21:18,102 INFO - ContAudITWrapper#11 - Initializing ContAudIT Wrapper...
2024-06-27 23:21:18,165 INFO - ContAudITWrapper#11 - Current directory: /home/kali/Code/ufrgs-poc/contaudit-wrapper.jar
2024-06-27 23:21:26,205 INFO - ContAudITWrapper#11 - Wrapper hash: c76a1b1bb9edc25f91da61e17225b6709df7b63d34810aab1d42c0f930950c0b
2024-06-27 23:21:26,226 INFO - ContAudITWrapper#11 - Validating Wrapper...
2024-06-27 23:21:48,700 INFO - ContAudITWrapper#11 - Response true
2024-06-27 23:21:48,737 INFO - ContAudITWrapper#11 - Application hash: e36ee2d35f8c4c41bd358782dfb3ac8852b40439d350ff27616f0c18819ce9bf
2024-06-27 23:21:48,738 INFO - ContAudITWrapper#11 - Validating Application...
2024-06-27 23:21:51,990 INFO - ContAudITWrapper#11 - Response true
2024-06-27 23:21:52,013 INFO - ContAudITWrapper#11 - Artifact apache2.workflow hash: 94d5f6758492dbe0e869e1486907a86cb16f7931019b4acb0e7f38c98cf1b06d
2024-06-27 23:21:52,021 INFO - ContAudITWrapper#11 - Validating Artifact...
2024-06-27 23:21:55,326 INFO - ContAudITWrapper#11 - Response true
2024-06-27 23:21:55,361 INFO - ContAudITWrapper#11 - Running pre-command actions...
2024-06-27 23:21:55,363 INFO - ContAudITWrapper#11 - Analyzing current environment state...
2024-06-27 23:21:55,800 INFO - ContAudITWrapper#11 - Saving current environment state...
2024-06-27 23:21:55,804 INFO - ContAudITWrapper#11 - Environment state hash: 1776e4b78f696d486603e30cb7241013e927d69ca8030fa37e187c49ffd758cd
2024-06-27 23:21:55,804 INFO - ContAudITWrapper#11 - Executing command...
2024-06-27 23:21:56,294 INFO - ContAudITWrapper#11 - Command output: 
2024-06-27 23:21:55.855856595 [executor] Initializing the workflow...
[apache2_workflow] Create a simple webpage...
[apache2_workflow] Move webpage to Apache HTTP Server user website folder...
2024-06-27 23:21:56.287080952 [executor] Finished!

2024-06-27 23:21:56,295 INFO - ContAudITWrapper#11 - Running post-command actions...
2024-06-27 23:21:56,296 INFO - ContAudITWrapper#11 - Analyzing current environment state...
2024-06-27 23:21:56,603 INFO - ContAudITWrapper#11 - Saving current environment state...
2024-06-27 23:21:56,605 INFO - ContAudITWrapper#11 - Environment state hash: 1776e4b78f696d486603e30cb7241013e927d69ca8030fa37e187c49ffd758cd
2024-06-27 23:21:56,606 INFO - ContAudITWrapper#11 - Checking environment diff...
2024-06-27 23:21:56,628 INFO - ContAudITWrapper#11 - Environment diff: 
2024-06-27 23:21:56,629 INFO - ContAudITWrapper#11 - Cleaning temporary files...
2024-06-27 23:21:56,637 INFO - ContAudITWrapper#11 - Sending to blockchain...
2024-06-27 23:22:02,686 INFO - ContAudITWrapper#11 - Response 
2024-06-27 23:22:02,689 INFO - ContAudITWrapper#11 - Finishing ContAudIT Wrapper...
