2024-06-27 23:21:17,444 INFO - ContAudITWrapper#19 - Initializing ContAudIT Wrapper...
2024-06-27 23:21:17,502 INFO - ContAudITWrapper#19 - Current directory: /home/kali/Code/ufrgs-poc/contaudit-wrapper.jar
2024-06-27 23:21:23,490 INFO - ContAudITWrapper#19 - Wrapper hash: c76a1b1bb9edc25f91da61e17225b6709df7b63d34810aab1d42c0f930950c0b
2024-06-27 23:21:23,503 INFO - ContAudITWrapper#19 - Validating Wrapper...
2024-06-27 23:21:40,191 INFO - ContAudITWrapper#19 - Response true
2024-06-27 23:21:40,364 INFO - ContAudITWrapper#19 - Application hash: e36ee2d35f8c4c41bd358782dfb3ac8852b40439d350ff27616f0c18819ce9bf
2024-06-27 23:21:40,365 INFO - ContAudITWrapper#19 - Validating Application...
2024-06-27 23:21:43,956 INFO - ContAudITWrapper#19 - Response true
2024-06-27 23:21:43,988 INFO - ContAudITWrapper#19 - Artifact apache2.workflow hash: 94d5f6758492dbe0e869e1486907a86cb16f7931019b4acb0e7f38c98cf1b06d
2024-06-27 23:21:44,045 INFO - ContAudITWrapper#19 - Validating Artifact...
2024-06-27 23:21:47,680 INFO - ContAudITWrapper#19 - Response true
2024-06-27 23:21:47,693 INFO - ContAudITWrapper#19 - Running pre-command actions...
2024-06-27 23:21:47,695 INFO - ContAudITWrapper#19 - Analyzing current environment state...
2024-06-27 23:21:48,542 INFO - ContAudITWrapper#19 - Saving current environment state...
2024-06-27 23:21:48,546 INFO - ContAudITWrapper#19 - Environment state hash: 1776e4b78f696d486603e30cb7241013e927d69ca8030fa37e187c49ffd758cd
2024-06-27 23:21:48,546 INFO - ContAudITWrapper#19 - Executing command...
2024-06-27 23:21:48,867 INFO - ContAudITWrapper#19 - Command output: 
2024-06-27 23:21:48.597643944 [executor] Initializing the workflow...
[apache2_workflow] Create a simple webpage...
[apache2_workflow] Move webpage to Apache HTTP Server user website folder...
2024-06-27 23:21:48.865026528 [executor] Finished!

2024-06-27 23:21:48,867 INFO - ContAudITWrapper#19 - Running post-command actions...
2024-06-27 23:21:48,870 INFO - ContAudITWrapper#19 - Analyzing current environment state...
2024-06-27 23:21:49,520 INFO - ContAudITWrapper#19 - Saving current environment state...
2024-06-27 23:21:49,523 INFO - ContAudITWrapper#19 - Environment state hash: 1776e4b78f696d486603e30cb7241013e927d69ca8030fa37e187c49ffd758cd
2024-06-27 23:21:49,529 INFO - ContAudITWrapper#19 - Checking environment diff...
2024-06-27 23:21:49,580 INFO - ContAudITWrapper#19 - Environment diff: 
2024-06-27 23:21:49,580 INFO - ContAudITWrapper#19 - Cleaning temporary files...
2024-06-27 23:21:49,704 INFO - ContAudITWrapper#19 - Sending to blockchain...
2024-06-27 23:21:56,867 INFO - ContAudITWrapper#19 - Response 
2024-06-27 23:21:56,868 INFO - ContAudITWrapper#19 - Finishing ContAudIT Wrapper...
