2024-06-27 23:21:16,848 INFO - ContAudITWrapper#1 - Initializing ContAudIT Wrapper...
2024-06-27 23:21:16,896 INFO - ContAudITWrapper#1 - Current directory: /home/kali/Code/ufrgs-poc/contaudit-wrapper.jar
2024-06-27 23:21:23,857 INFO - ContAudITWrapper#1 - Wrapper hash: c76a1b1bb9edc25f91da61e17225b6709df7b63d34810aab1d42c0f930950c0b
2024-06-27 23:21:23,885 INFO - ContAudITWrapper#1 - Validating Wrapper...
2024-06-27 23:21:43,634 INFO - ContAudITWrapper#1 - Response true
2024-06-27 23:21:43,674 INFO - ContAudITWrapper#1 - Application hash: e36ee2d35f8c4c41bd358782dfb3ac8852b40439d350ff27616f0c18819ce9bf
2024-06-27 23:21:43,711 INFO - ContAudITWrapper#1 - Validating Application...
2024-06-27 23:21:47,896 INFO - ContAudITWrapper#1 - Response true
2024-06-27 23:21:47,931 INFO - ContAudITWrapper#1 - Artifact apache2.workflow hash: 94d5f6758492dbe0e869e1486907a86cb16f7931019b4acb0e7f38c98cf1b06d
2024-06-27 23:21:47,943 INFO - ContAudITWrapper#1 - Validating Artifact...
2024-06-27 23:21:51,467 INFO - ContAudITWrapper#1 - Response true
2024-06-27 23:21:51,477 INFO - ContAudITWrapper#1 - Running pre-command actions...
2024-06-27 23:21:51,478 INFO - ContAudITWrapper#1 - Analyzing current environment state...
2024-06-27 23:21:51,846 INFO - ContAudITWrapper#1 - Saving current environment state...
2024-06-27 23:21:51,849 INFO - ContAudITWrapper#1 - Environment state hash: 1776e4b78f696d486603e30cb7241013e927d69ca8030fa37e187c49ffd758cd
2024-06-27 23:21:51,849 INFO - ContAudITWrapper#1 - Executing command...
2024-06-27 23:21:52,451 INFO - ContAudITWrapper#1 - Command output: 
2024-06-27 23:21:51.946752328 [executor] Initializing the workflow...
[apache2_workflow] Create a simple webpage...
[apache2_workflow] Move webpage to Apache HTTP Server user website folder...
2024-06-27 23:21:52.450169878 [executor] Finished!

2024-06-27 23:21:52,451 INFO - ContAudITWrapper#1 - Running post-command actions...
2024-06-27 23:21:52,451 INFO - ContAudITWrapper#1 - Analyzing current environment state...
2024-06-27 23:21:52,777 INFO - ContAudITWrapper#1 - Saving current environment state...
2024-06-27 23:21:52,781 INFO - ContAudITWrapper#1 - Environment state hash: 1776e4b78f696d486603e30cb7241013e927d69ca8030fa37e187c49ffd758cd
2024-06-27 23:21:52,782 INFO - ContAudITWrapper#1 - Checking environment diff...
2024-06-27 23:21:52,814 INFO - ContAudITWrapper#1 - Environment diff: 
2024-06-27 23:21:52,815 INFO - ContAudITWrapper#1 - Cleaning temporary files...
2024-06-27 23:21:52,872 INFO - ContAudITWrapper#1 - Sending to blockchain...
2024-06-27 23:22:01,336 INFO - ContAudITWrapper#1 - Response 
2024-06-27 23:22:01,339 INFO - ContAudITWrapper#1 - Finishing ContAudIT Wrapper...
