2024-06-27 23:21:17,205 INFO - ContAudITWrapper#14 - Initializing ContAudIT Wrapper...
2024-06-27 23:21:17,250 INFO - ContAudITWrapper#14 - Current directory: /home/kali/Code/ufrgs-poc/contaudit-wrapper.jar
2024-06-27 23:21:21,368 INFO - ContAudITWrapper#14 - Wrapper hash: c76a1b1bb9edc25f91da61e17225b6709df7b63d34810aab1d42c0f930950c0b
2024-06-27 23:21:21,384 INFO - ContAudITWrapper#14 - Validating Wrapper...
2024-06-27 23:21:37,468 INFO - ContAudITWrapper#14 - Response true
2024-06-27 23:21:37,569 INFO - ContAudITWrapper#14 - Application hash: e36ee2d35f8c4c41bd358782dfb3ac8852b40439d350ff27616f0c18819ce9bf
2024-06-27 23:21:37,578 INFO - ContAudITWrapper#14 - Validating Application...
2024-06-27 23:21:41,410 INFO - ContAudITWrapper#14 - Response true
2024-06-27 23:21:41,456 INFO - ContAudITWrapper#14 - Artifact apache2.workflow hash: 94d5f6758492dbe0e869e1486907a86cb16f7931019b4acb0e7f38c98cf1b06d
2024-06-27 23:21:41,479 INFO - ContAudITWrapper#14 - Validating Artifact...
2024-06-27 23:21:44,762 INFO - ContAudITWrapper#14 - Response true
2024-06-27 23:21:44,842 INFO - ContAudITWrapper#14 - Running pre-command actions...
2024-06-27 23:21:44,857 INFO - ContAudITWrapper#14 - Analyzing current environment state...
2024-06-27 23:21:45,419 INFO - ContAudITWrapper#14 - Saving current environment state...
2024-06-27 23:21:45,430 INFO - ContAudITWrapper#14 - Environment state hash: 1776e4b78f696d486603e30cb7241013e927d69ca8030fa37e187c49ffd758cd
2024-06-27 23:21:45,431 INFO - ContAudITWrapper#14 - Executing command...
2024-06-27 23:21:46,040 INFO - ContAudITWrapper#14 - Command output: 
2024-06-27 23:21:45.572345501 [executor] Initializing the workflow...
[apache2_workflow] Create a simple webpage...
[apache2_workflow] Move webpage to Apache HTTP Server user website folder...
2024-06-27 23:21:46.036755708 [executor] Finished!

2024-06-27 23:21:46,041 INFO - ContAudITWrapper#14 - Running post-command actions...
2024-06-27 23:21:46,041 INFO - ContAudITWrapper#14 - Analyzing current environment state...
2024-06-27 23:21:46,424 INFO - ContAudITWrapper#14 - Saving current environment state...
2024-06-27 23:21:46,433 INFO - ContAudITWrapper#14 - Environment state hash: 1776e4b78f696d486603e30cb7241013e927d69ca8030fa37e187c49ffd758cd
2024-06-27 23:21:46,433 INFO - ContAudITWrapper#14 - Checking environment diff...
2024-06-27 23:21:46,505 INFO - ContAudITWrapper#14 - Environment diff: 
2024-06-27 23:21:46,506 INFO - ContAudITWrapper#14 - Cleaning temporary files...
2024-06-27 23:21:46,547 INFO - ContAudITWrapper#14 - Sending to blockchain...
2024-06-27 23:21:54,092 INFO - ContAudITWrapper#14 - Response 
2024-06-27 23:21:54,094 INFO - ContAudITWrapper#14 - Finishing ContAudIT Wrapper...
