2024-06-27 23:21:18,129 INFO - ContAudITWrapper#8 - Initializing ContAudIT Wrapper...
2024-06-27 23:21:18,227 INFO - ContAudITWrapper#8 - Current directory: /home/kali/Code/ufrgs-poc/contaudit-wrapper.jar
2024-06-27 23:21:25,753 INFO - ContAudITWrapper#8 - Wrapper hash: c76a1b1bb9edc25f91da61e17225b6709df7b63d34810aab1d42c0f930950c0b
2024-06-27 23:21:25,780 INFO - ContAudITWrapper#8 - Validating Wrapper...
2024-06-27 23:21:43,664 INFO - ContAudITWrapper#8 - Response true
2024-06-27 23:21:43,707 INFO - ContAudITWrapper#8 - Application hash: e36ee2d35f8c4c41bd358782dfb3ac8852b40439d350ff27616f0c18819ce9bf
2024-06-27 23:21:43,725 INFO - ContAudITWrapper#8 - Validating Application...
2024-06-27 23:21:47,257 INFO - ContAudITWrapper#8 - Response true
2024-06-27 23:21:47,295 INFO - ContAudITWrapper#8 - Artifact apache2.workflow hash: 94d5f6758492dbe0e869e1486907a86cb16f7931019b4acb0e7f38c98cf1b06d
2024-06-27 23:21:47,327 INFO - ContAudITWrapper#8 - Validating Artifact...
2024-06-27 23:21:51,168 INFO - ContAudITWrapper#8 - Response true
2024-06-27 23:21:51,184 INFO - ContAudITWrapper#8 - Running pre-command actions...
2024-06-27 23:21:51,187 INFO - ContAudITWrapper#8 - Analyzing current environment state...
2024-06-27 23:21:51,557 INFO - ContAudITWrapper#8 - Saving current environment state...
2024-06-27 23:21:51,571 INFO - ContAudITWrapper#8 - Environment state hash: 1776e4b78f696d486603e30cb7241013e927d69ca8030fa37e187c49ffd758cd
2024-06-27 23:21:51,577 INFO - ContAudITWrapper#8 - Executing command...
2024-06-27 23:21:52,065 INFO - ContAudITWrapper#8 - Command output: 
2024-06-27 23:21:51.704119208 [executor] Initializing the workflow...
[apache2_workflow] Create a simple webpage...
[apache2_workflow] Move webpage to Apache HTTP Server user website folder...
2024-06-27 23:21:52.061278737 [executor] Finished!

2024-06-27 23:21:52,390 INFO - ContAudITWrapper#8 - Running post-command actions...
2024-06-27 23:21:52,392 INFO - ContAudITWrapper#8 - Analyzing current environment state...
2024-06-27 23:21:52,837 INFO - ContAudITWrapper#8 - Saving current environment state...
2024-06-27 23:21:52,839 INFO - ContAudITWrapper#8 - Environment state hash: 1776e4b78f696d486603e30cb7241013e927d69ca8030fa37e187c49ffd758cd
2024-06-27 23:21:52,841 INFO - ContAudITWrapper#8 - Checking environment diff...
2024-06-27 23:21:52,935 INFO - ContAudITWrapper#8 - Environment diff: 
2024-06-27 23:21:52,936 INFO - ContAudITWrapper#8 - Cleaning temporary files...
2024-06-27 23:21:52,985 INFO - ContAudITWrapper#8 - Sending to blockchain...
2024-06-27 23:22:01,348 INFO - ContAudITWrapper#8 - Response 
2024-06-27 23:22:01,350 INFO - ContAudITWrapper#8 - Finishing ContAudIT Wrapper...
