2024-06-27 23:21:17,907 INFO - ContAudITWrapper#7 - Initializing ContAudIT Wrapper...
2024-06-27 23:21:17,973 INFO - ContAudITWrapper#7 - Current directory: /home/kali/Code/ufrgs-poc/contaudit-wrapper.jar
2024-06-27 23:21:25,359 INFO - ContAudITWrapper#7 - Wrapper hash: c76a1b1bb9edc25f91da61e17225b6709df7b63d34810aab1d42c0f930950c0b
2024-06-27 23:21:25,460 INFO - ContAudITWrapper#7 - Validating Wrapper...
2024-06-27 23:21:46,592 INFO - ContAudITWrapper#7 - Response true
2024-06-27 23:21:46,723 INFO - ContAudITWrapper#7 - Application hash: e36ee2d35f8c4c41bd358782dfb3ac8852b40439d350ff27616f0c18819ce9bf
2024-06-27 23:21:46,724 INFO - ContAudITWrapper#7 - Validating Application...
2024-06-27 23:21:51,858 INFO - ContAudITWrapper#7 - Response true
2024-06-27 23:21:51,896 INFO - ContAudITWrapper#7 - Artifact apache2.workflow hash: 94d5f6758492dbe0e869e1486907a86cb16f7931019b4acb0e7f38c98cf1b06d
2024-06-27 23:21:51,901 INFO - ContAudITWrapper#7 - Validating Artifact...
2024-06-27 23:21:54,338 INFO - ContAudITWrapper#7 - Response true
2024-06-27 23:21:54,342 INFO - ContAudITWrapper#7 - Running pre-command actions...
2024-06-27 23:21:54,355 INFO - ContAudITWrapper#7 - Analyzing current environment state...
2024-06-27 23:21:55,045 INFO - ContAudITWrapper#7 - Saving current environment state...
2024-06-27 23:21:55,049 INFO - ContAudITWrapper#7 - Environment state hash: 1776e4b78f696d486603e30cb7241013e927d69ca8030fa37e187c49ffd758cd
2024-06-27 23:21:55,050 INFO - ContAudITWrapper#7 - Executing command...
2024-06-27 23:21:55,221 INFO - ContAudITWrapper#7 - Command output: 
2024-06-27 23:21:55.094733197 [executor] Initializing the workflow...
[apache2_workflow] Create a simple webpage...
[apache2_workflow] Move webpage to Apache HTTP Server user website folder...
2024-06-27 23:21:55.220315617 [executor] Finished!

2024-06-27 23:21:55,221 INFO - ContAudITWrapper#7 - Running post-command actions...
2024-06-27 23:21:55,221 INFO - ContAudITWrapper#7 - Analyzing current environment state...
2024-06-27 23:21:55,727 INFO - ContAudITWrapper#7 - Saving current environment state...
2024-06-27 23:21:55,732 INFO - ContAudITWrapper#7 - Environment state hash: 1776e4b78f696d486603e30cb7241013e927d69ca8030fa37e187c49ffd758cd
2024-06-27 23:21:55,742 INFO - ContAudITWrapper#7 - Checking environment diff...
2024-06-27 23:21:55,801 INFO - ContAudITWrapper#7 - Environment diff: 
2024-06-27 23:21:55,801 INFO - ContAudITWrapper#7 - Cleaning temporary files...
2024-06-27 23:21:55,873 INFO - ContAudITWrapper#7 - Sending to blockchain...
2024-06-27 23:22:02,671 INFO - ContAudITWrapper#7 - Response 
2024-06-27 23:22:02,674 INFO - ContAudITWrapper#7 - Finishing ContAudIT Wrapper...
