2024-06-27 23:21:17,577 INFO - ContAudITWrapper#13 - Initializing ContAudIT Wrapper...
2024-06-27 23:21:17,663 INFO - ContAudITWrapper#13 - Current directory: /home/kali/Code/ufrgs-poc/contaudit-wrapper.jar
2024-06-27 23:21:27,368 INFO - ContAudITWrapper#13 - Wrapper hash: c76a1b1bb9edc25f91da61e17225b6709df7b63d34810aab1d42c0f930950c0b
2024-06-27 23:21:27,387 INFO - ContAudITWrapper#13 - Validating Wrapper...
2024-06-27 23:21:49,699 INFO - ContAudITWrapper#13 - Response true
2024-06-27 23:21:49,821 INFO - ContAudITWrapper#13 - Application hash: e36ee2d35f8c4c41bd358782dfb3ac8852b40439d350ff27616f0c18819ce9bf
2024-06-27 23:21:49,822 INFO - ContAudITWrapper#13 - Validating Application...
2024-06-27 23:21:54,466 INFO - ContAudITWrapper#13 - Response true
2024-06-27 23:21:54,502 INFO - ContAudITWrapper#13 - Artifact apache2.workflow hash: 94d5f6758492dbe0e869e1486907a86cb16f7931019b4acb0e7f38c98cf1b06d
2024-06-27 23:21:54,540 INFO - ContAudITWrapper#13 - Validating Artifact...
2024-06-27 23:21:58,065 INFO - ContAudITWrapper#13 - Response true
2024-06-27 23:21:58,078 INFO - ContAudITWrapper#13 - Running pre-command actions...
2024-06-27 23:21:58,082 INFO - ContAudITWrapper#13 - Analyzing current environment state...
2024-06-27 23:21:58,304 INFO - ContAudITWrapper#13 - Saving current environment state...
2024-06-27 23:21:58,315 INFO - ContAudITWrapper#13 - Environment state hash: 1776e4b78f696d486603e30cb7241013e927d69ca8030fa37e187c49ffd758cd
2024-06-27 23:21:58,315 INFO - ContAudITWrapper#13 - Executing command...
2024-06-27 23:21:58,412 INFO - ContAudITWrapper#13 - Command output: 
2024-06-27 23:21:58.335549585 [executor] Initializing the workflow...
[apache2_workflow] Create a simple webpage...
[apache2_workflow] Move webpage to Apache HTTP Server user website folder...
2024-06-27 23:21:58.412015261 [executor] Finished!

2024-06-27 23:21:58,413 INFO - ContAudITWrapper#13 - Running post-command actions...
2024-06-27 23:21:58,413 INFO - ContAudITWrapper#13 - Analyzing current environment state...
2024-06-27 23:21:58,554 INFO - ContAudITWrapper#13 - Saving current environment state...
2024-06-27 23:21:58,556 INFO - ContAudITWrapper#13 - Environment state hash: 1776e4b78f696d486603e30cb7241013e927d69ca8030fa37e187c49ffd758cd
2024-06-27 23:21:58,558 INFO - ContAudITWrapper#13 - Checking environment diff...
2024-06-27 23:21:58,568 INFO - ContAudITWrapper#13 - Environment diff: 
2024-06-27 23:21:58,568 INFO - ContAudITWrapper#13 - Cleaning temporary files...
2024-06-27 23:21:58,573 INFO - ContAudITWrapper#13 - Sending to blockchain...
2024-06-27 23:22:05,364 INFO - ContAudITWrapper#13 - Response 
2024-06-27 23:22:05,367 INFO - ContAudITWrapper#13 - Finishing ContAudIT Wrapper...
