2024-10-10 03:29:56,448 INFO - ContAudITWrapper#40 - Initializing ContAudIT Wrapper...
2024-10-10 03:29:56,536 INFO - ContAudITWrapper#40 - Current directory: /home/ec2-user/Code/ufrgs-poc/contaudit-wrapper.jar
2024-10-10 03:30:08,187 INFO - ContAudITWrapper#40 - Wrapper hash: b7519188ed863d76e5199a8d880bb968bdf9124fad53b871583787e123a7a764
2024-10-10 03:30:08,262 INFO - ContAudITWrapper#40 - Validating Wrapper...
2024-10-10 03:30:41,553 INFO - ContAudITWrapper#40 - Response true
2024-10-10 03:30:41,568 INFO - ContAudITWrapper#40 - Application hash: e36ee2d35f8c4c41bd358782dfb3ac8852b40439d350ff27616f0c18819ce9bf
2024-10-10 03:30:41,579 INFO - ContAudITWrapper#40 - Validating Application...
2024-10-10 03:30:48,214 INFO - ContAudITWrapper#40 - Response true
2024-10-10 03:30:48,216 INFO - ContAudITWrapper#40 - Artifact user.workflow hash: 52877374d8c54314b7af92814eaf729121e99a87e9706a2888cd9bcd951b11c9
2024-10-10 03:30:48,265 INFO - ContAudITWrapper#40 - Validating Artifact...
2024-10-10 03:30:54,003 INFO - ContAudITWrapper#40 - Response true
2024-10-10 03:30:54,008 INFO - ContAudITWrapper#40 - Running pre-command actions...
2024-10-10 03:30:54,009 INFO - ContAudITWrapper#40 - Analyzing current environment state...
2024-10-10 03:30:54,112 INFO - ContAudITWrapper#40 - Saving current environment state...
2024-10-10 03:30:54,113 INFO - ContAudITWrapper#40 - Environment state hash: a7ffc6f8bf1ed76651c14756a061d662f580ff4de43b49fa82d80a4b80f8434a
2024-10-10 03:30:54,114 INFO - ContAudITWrapper#40 - Executing command...
2024-10-10 03:30:58,970 INFO - ContAudITWrapper#40 - Command output: 
2024-10-10 03:30:54.153660336 [executor] Initializing the workflow...
[useradd_workflow] User contaudit40 already exists. Removing...
[useradd_workflow] User contaudit40 successfully removed.
[useradd_workflow] User contaudit40 created successfully.
2024-10-10 03:30:58.969989271 [executor] Finished!

2024-10-10 03:30:58,971 INFO - ContAudITWrapper#40 - Running post-command actions...
2024-10-10 03:30:58,971 INFO - ContAudITWrapper#40 - Analyzing current environment state...
2024-10-10 03:30:59,000 INFO - ContAudITWrapper#40 - Saving current environment state...
2024-10-10 03:30:59,000 INFO - ContAudITWrapper#40 - Environment state hash: a7ffc6f8bf1ed76651c14756a061d662f580ff4de43b49fa82d80a4b80f8434a
2024-10-10 03:30:59,001 INFO - ContAudITWrapper#40 - Checking environment diff...
2024-10-10 03:30:59,010 INFO - ContAudITWrapper#40 - Environment diff: 
2024-10-10 03:30:59,011 INFO - ContAudITWrapper#40 - Cleaning temporary files...
2024-10-10 03:30:59,019 INFO - ContAudITWrapper#40 - Sending to blockchain...
2024-10-10 03:31:01,981 INFO - ContAudITWrapper#40 - Response 
2024-10-10 03:31:01,982 INFO - ContAudITWrapper#40 - Finishing ContAudIT Wrapper...
