2024-10-10 03:29:55,388 INFO - ContAudITWrapper#14 - Initializing ContAudIT Wrapper...
2024-10-10 03:29:55,486 INFO - ContAudITWrapper#14 - Current directory: /home/ec2-user/Code/ufrgs-poc/contaudit-wrapper.jar
2024-10-10 03:30:04,620 INFO - ContAudITWrapper#14 - Wrapper hash: b7519188ed863d76e5199a8d880bb968bdf9124fad53b871583787e123a7a764
2024-10-10 03:30:04,628 INFO - ContAudITWrapper#14 - Validating Wrapper...
2024-10-10 03:30:32,948 INFO - ContAudITWrapper#14 - Response true
2024-10-10 03:30:33,026 INFO - ContAudITWrapper#14 - Application hash: e36ee2d35f8c4c41bd358782dfb3ac8852b40439d350ff27616f0c18819ce9bf
2024-10-10 03:30:33,038 INFO - ContAudITWrapper#14 - Validating Application...
2024-10-10 03:30:40,576 INFO - ContAudITWrapper#14 - Response true
2024-10-10 03:30:40,714 INFO - ContAudITWrapper#14 - Artifact user.workflow hash: 52877374d8c54314b7af92814eaf729121e99a87e9706a2888cd9bcd951b11c9
2024-10-10 03:30:40,733 INFO - ContAudITWrapper#14 - Validating Artifact...
2024-10-10 03:30:45,645 INFO - ContAudITWrapper#14 - Response true
2024-10-10 03:30:45,662 INFO - ContAudITWrapper#14 - Running pre-command actions...
2024-10-10 03:30:45,663 INFO - ContAudITWrapper#14 - Analyzing current environment state...
2024-10-10 03:30:45,860 INFO - ContAudITWrapper#14 - Saving current environment state...
2024-10-10 03:30:45,861 INFO - ContAudITWrapper#14 - Environment state hash: a7ffc6f8bf1ed76651c14756a061d662f580ff4de43b49fa82d80a4b80f8434a
2024-10-10 03:30:45,861 INFO - ContAudITWrapper#14 - Executing command...
2024-10-10 03:30:48,172 INFO - ContAudITWrapper#14 - Command output: 
2024-10-10 03:30:46.001623013 [executor] Initializing the workflow...
[useradd_workflow] User contaudit14 already exists. Removing...
[useradd_workflow] User contaudit14 successfully removed.
[useradd_workflow] User contaudit14 created successfully.
2024-10-10 03:30:48.171300332 [executor] Finished!

2024-10-10 03:30:48,172 INFO - ContAudITWrapper#14 - Running post-command actions...
2024-10-10 03:30:48,172 INFO - ContAudITWrapper#14 - Analyzing current environment state...
2024-10-10 03:30:48,278 INFO - ContAudITWrapper#14 - Saving current environment state...
2024-10-10 03:30:48,278 INFO - ContAudITWrapper#14 - Environment state hash: a7ffc6f8bf1ed76651c14756a061d662f580ff4de43b49fa82d80a4b80f8434a
2024-10-10 03:30:48,279 INFO - ContAudITWrapper#14 - Checking environment diff...
2024-10-10 03:30:48,414 INFO - ContAudITWrapper#14 - Environment diff: 
2024-10-10 03:30:48,415 INFO - ContAudITWrapper#14 - Cleaning temporary files...
2024-10-10 03:30:48,453 INFO - ContAudITWrapper#14 - Sending to blockchain...
2024-10-10 03:30:56,483 INFO - ContAudITWrapper#14 - Response 
2024-10-10 03:30:56,484 INFO - ContAudITWrapper#14 - Finishing ContAudIT Wrapper...
