2024-10-10 03:29:56,316 INFO - ContAudITWrapper#21 - Initializing ContAudIT Wrapper...
2024-10-10 03:29:56,433 INFO - ContAudITWrapper#21 - Current directory: /home/ec2-user/Code/ufrgs-poc/contaudit-wrapper.jar
2024-10-10 03:30:08,928 INFO - ContAudITWrapper#21 - Wrapper hash: b7519188ed863d76e5199a8d880bb968bdf9124fad53b871583787e123a7a764
2024-10-10 03:30:08,955 INFO - ContAudITWrapper#21 - Validating Wrapper...
2024-10-10 03:30:44,941 INFO - ContAudITWrapper#21 - Response true
2024-10-10 03:30:45,004 INFO - ContAudITWrapper#21 - Application hash: e36ee2d35f8c4c41bd358782dfb3ac8852b40439d350ff27616f0c18819ce9bf
2024-10-10 03:30:45,005 INFO - ContAudITWrapper#21 - Validating Application...
2024-10-10 03:30:51,972 INFO - ContAudITWrapper#21 - Response true
2024-10-10 03:30:51,976 INFO - ContAudITWrapper#21 - Artifact user.workflow hash: 52877374d8c54314b7af92814eaf729121e99a87e9706a2888cd9bcd951b11c9
2024-10-10 03:30:51,996 INFO - ContAudITWrapper#21 - Validating Artifact...
2024-10-10 03:30:54,900 INFO - ContAudITWrapper#21 - Response true
2024-10-10 03:30:54,913 INFO - ContAudITWrapper#21 - Running pre-command actions...
2024-10-10 03:30:54,926 INFO - ContAudITWrapper#21 - Analyzing current environment state...
2024-10-10 03:30:54,967 INFO - ContAudITWrapper#21 - Saving current environment state...
2024-10-10 03:30:54,968 INFO - ContAudITWrapper#21 - Environment state hash: a7ffc6f8bf1ed76651c14756a061d662f580ff4de43b49fa82d80a4b80f8434a
2024-10-10 03:30:54,969 INFO - ContAudITWrapper#21 - Executing command...
2024-10-10 03:30:59,730 INFO - ContAudITWrapper#21 - Command output: 
2024-10-10 03:30:54.985322146 [executor] Initializing the workflow...
[useradd_workflow] User contaudit21 already exists. Removing...
[useradd_workflow] User contaudit21 successfully removed.
[useradd_workflow] User contaudit21 created successfully.
2024-10-10 03:30:59.729173320 [executor] Finished!

2024-10-10 03:30:59,731 INFO - ContAudITWrapper#21 - Running post-command actions...
2024-10-10 03:30:59,732 INFO - ContAudITWrapper#21 - Analyzing current environment state...
2024-10-10 03:30:59,762 INFO - ContAudITWrapper#21 - Saving current environment state...
2024-10-10 03:30:59,763 INFO - ContAudITWrapper#21 - Environment state hash: a7ffc6f8bf1ed76651c14756a061d662f580ff4de43b49fa82d80a4b80f8434a
2024-10-10 03:30:59,763 INFO - ContAudITWrapper#21 - Checking environment diff...
2024-10-10 03:30:59,773 INFO - ContAudITWrapper#21 - Environment diff: 
2024-10-10 03:30:59,773 INFO - ContAudITWrapper#21 - Cleaning temporary files...
2024-10-10 03:30:59,782 INFO - ContAudITWrapper#21 - Sending to blockchain...
2024-10-10 03:31:02,533 INFO - ContAudITWrapper#21 - Response 
2024-10-10 03:31:02,537 INFO - ContAudITWrapper#21 - Finishing ContAudIT Wrapper...
