2024-10-10 03:29:55,697 INFO - ContAudITWrapper#4 - Initializing ContAudIT Wrapper...
2024-10-10 03:29:55,793 INFO - ContAudITWrapper#4 - Current directory: /home/ec2-user/Code/ufrgs-poc/contaudit-wrapper.jar
2024-10-10 03:30:05,769 INFO - ContAudITWrapper#4 - Wrapper hash: b7519188ed863d76e5199a8d880bb968bdf9124fad53b871583787e123a7a764
2024-10-10 03:30:05,828 INFO - ContAudITWrapper#4 - Validating Wrapper...
2024-10-10 03:30:38,811 INFO - ContAudITWrapper#4 - Response true
2024-10-10 03:30:38,981 INFO - ContAudITWrapper#4 - Application hash: e36ee2d35f8c4c41bd358782dfb3ac8852b40439d350ff27616f0c18819ce9bf
2024-10-10 03:30:38,983 INFO - ContAudITWrapper#4 - Validating Application...
2024-10-10 03:30:46,351 INFO - ContAudITWrapper#4 - Response true
2024-10-10 03:30:46,372 INFO - ContAudITWrapper#4 - Artifact user.workflow hash: 52877374d8c54314b7af92814eaf729121e99a87e9706a2888cd9bcd951b11c9
2024-10-10 03:30:46,378 INFO - ContAudITWrapper#4 - Validating Artifact...
2024-10-10 03:30:53,665 INFO - ContAudITWrapper#4 - Response true
2024-10-10 03:30:53,685 INFO - ContAudITWrapper#4 - Running pre-command actions...
2024-10-10 03:30:53,689 INFO - ContAudITWrapper#4 - Analyzing current environment state...
2024-10-10 03:30:53,751 INFO - ContAudITWrapper#4 - Saving current environment state...
2024-10-10 03:30:53,752 INFO - ContAudITWrapper#4 - Environment state hash: a7ffc6f8bf1ed76651c14756a061d662f580ff4de43b49fa82d80a4b80f8434a
2024-10-10 03:30:53,752 INFO - ContAudITWrapper#4 - Executing command...
2024-10-10 03:30:58,545 INFO - ContAudITWrapper#4 - Command output: 
2024-10-10 03:30:53.863883284 [executor] Initializing the workflow...
[useradd_workflow] User contaudit4 already exists. Removing...
[useradd_workflow] User contaudit4 successfully removed.
[useradd_workflow] User contaudit4 created successfully.
2024-10-10 03:30:58.543818028 [executor] Finished!

2024-10-10 03:30:58,546 INFO - ContAudITWrapper#4 - Running post-command actions...
2024-10-10 03:30:58,546 INFO - ContAudITWrapper#4 - Analyzing current environment state...
2024-10-10 03:30:58,552 INFO - ContAudITWrapper#4 - Saving current environment state...
2024-10-10 03:30:58,553 INFO - ContAudITWrapper#4 - Environment state hash: a7ffc6f8bf1ed76651c14756a061d662f580ff4de43b49fa82d80a4b80f8434a
2024-10-10 03:30:58,554 INFO - ContAudITWrapper#4 - Checking environment diff...
2024-10-10 03:30:58,560 INFO - ContAudITWrapper#4 - Environment diff: 
2024-10-10 03:30:58,560 INFO - ContAudITWrapper#4 - Cleaning temporary files...
2024-10-10 03:30:58,564 INFO - ContAudITWrapper#4 - Sending to blockchain...
2024-10-10 03:31:00,632 INFO - ContAudITWrapper#4 - Response 
2024-10-10 03:31:00,634 INFO - ContAudITWrapper#4 - Finishing ContAudIT Wrapper...
