2024-10-10 03:29:56,999 INFO - ContAudITWrapper#9 - Initializing ContAudIT Wrapper...
2024-10-10 03:29:57,077 INFO - ContAudITWrapper#9 - Current directory: /home/ec2-user/Code/ufrgs-poc/contaudit-wrapper.jar
2024-10-10 03:30:06,930 INFO - ContAudITWrapper#9 - Wrapper hash: b7519188ed863d76e5199a8d880bb968bdf9124fad53b871583787e123a7a764
2024-10-10 03:30:06,991 INFO - ContAudITWrapper#9 - Validating Wrapper...
2024-10-10 03:30:41,605 INFO - ContAudITWrapper#9 - Response true
2024-10-10 03:30:41,710 INFO - ContAudITWrapper#9 - Application hash: e36ee2d35f8c4c41bd358782dfb3ac8852b40439d350ff27616f0c18819ce9bf
2024-10-10 03:30:41,711 INFO - ContAudITWrapper#9 - Validating Application...
2024-10-10 03:30:47,428 INFO - ContAudITWrapper#9 - Response true
2024-10-10 03:30:47,439 INFO - ContAudITWrapper#9 - Artifact user.workflow hash: 52877374d8c54314b7af92814eaf729121e99a87e9706a2888cd9bcd951b11c9
2024-10-10 03:30:47,452 INFO - ContAudITWrapper#9 - Validating Artifact...
2024-10-10 03:30:53,825 INFO - ContAudITWrapper#9 - Response true
2024-10-10 03:30:53,832 INFO - ContAudITWrapper#9 - Running pre-command actions...
2024-10-10 03:30:53,834 INFO - ContAudITWrapper#9 - Analyzing current environment state...
2024-10-10 03:30:53,906 INFO - ContAudITWrapper#9 - Saving current environment state...
2024-10-10 03:30:53,907 INFO - ContAudITWrapper#9 - Environment state hash: a7ffc6f8bf1ed76651c14756a061d662f580ff4de43b49fa82d80a4b80f8434a
2024-10-10 03:30:53,907 INFO - ContAudITWrapper#9 - Executing command...
2024-10-10 03:30:58,718 INFO - ContAudITWrapper#9 - Command output: 
2024-10-10 03:30:53.958471737 [executor] Initializing the workflow...
[useradd_workflow] User contaudit9 already exists. Removing...
[useradd_workflow] User contaudit9 successfully removed.
[useradd_workflow] User contaudit9 created successfully.
2024-10-10 03:30:58.718012441 [executor] Finished!

2024-10-10 03:30:58,719 INFO - ContAudITWrapper#9 - Running post-command actions...
2024-10-10 03:30:58,719 INFO - ContAudITWrapper#9 - Analyzing current environment state...
2024-10-10 03:30:58,731 INFO - ContAudITWrapper#9 - Saving current environment state...
2024-10-10 03:30:58,732 INFO - ContAudITWrapper#9 - Environment state hash: a7ffc6f8bf1ed76651c14756a061d662f580ff4de43b49fa82d80a4b80f8434a
2024-10-10 03:30:58,732 INFO - ContAudITWrapper#9 - Checking environment diff...
2024-10-10 03:30:58,737 INFO - ContAudITWrapper#9 - Environment diff: 
2024-10-10 03:30:58,738 INFO - ContAudITWrapper#9 - Cleaning temporary files...
2024-10-10 03:30:58,742 INFO - ContAudITWrapper#9 - Sending to blockchain...
2024-10-10 03:31:01,956 INFO - ContAudITWrapper#9 - Response 
2024-10-10 03:31:01,958 INFO - ContAudITWrapper#9 - Finishing ContAudIT Wrapper...
