2024-10-10 03:29:56,339 INFO - ContAudITWrapper#35 - Initializing ContAudIT Wrapper...
2024-10-10 03:29:56,458 INFO - ContAudITWrapper#35 - Current directory: /home/ec2-user/Code/ufrgs-poc/contaudit-wrapper.jar
2024-10-10 03:30:08,443 INFO - ContAudITWrapper#35 - Wrapper hash: b7519188ed863d76e5199a8d880bb968bdf9124fad53b871583787e123a7a764
2024-10-10 03:30:08,467 INFO - ContAudITWrapper#35 - Validating Wrapper...
2024-10-10 03:30:43,474 INFO - ContAudITWrapper#35 - Response true
2024-10-10 03:30:43,648 INFO - ContAudITWrapper#35 - Application hash: e36ee2d35f8c4c41bd358782dfb3ac8852b40439d350ff27616f0c18819ce9bf
2024-10-10 03:30:43,651 INFO - ContAudITWrapper#35 - Validating Application...
2024-10-10 03:30:49,175 INFO - ContAudITWrapper#35 - Response true
2024-10-10 03:30:49,351 INFO - ContAudITWrapper#35 - Artifact user.workflow hash: 52877374d8c54314b7af92814eaf729121e99a87e9706a2888cd9bcd951b11c9
2024-10-10 03:30:49,415 INFO - ContAudITWrapper#35 - Validating Artifact...
2024-10-10 03:30:54,562 INFO - ContAudITWrapper#35 - Response true
2024-10-10 03:30:54,578 INFO - ContAudITWrapper#35 - Running pre-command actions...
2024-10-10 03:30:54,578 INFO - ContAudITWrapper#35 - Analyzing current environment state...
2024-10-10 03:30:54,633 INFO - ContAudITWrapper#35 - Saving current environment state...
2024-10-10 03:30:54,634 INFO - ContAudITWrapper#35 - Environment state hash: a7ffc6f8bf1ed76651c14756a061d662f580ff4de43b49fa82d80a4b80f8434a
2024-10-10 03:30:54,634 INFO - ContAudITWrapper#35 - Executing command...
2024-10-10 03:30:59,580 INFO - ContAudITWrapper#35 - Command output: 
2024-10-10 03:30:54.674484477 [executor] Initializing the workflow...
[useradd_workflow] User contaudit35 already exists. Removing...
[useradd_workflow] User contaudit35 successfully removed.
[useradd_workflow] User contaudit35 created successfully.
2024-10-10 03:30:59.579722157 [executor] Finished!

2024-10-10 03:30:59,590 INFO - ContAudITWrapper#35 - Running post-command actions...
2024-10-10 03:30:59,590 INFO - ContAudITWrapper#35 - Analyzing current environment state...
2024-10-10 03:30:59,596 INFO - ContAudITWrapper#35 - Saving current environment state...
2024-10-10 03:30:59,597 INFO - ContAudITWrapper#35 - Environment state hash: a7ffc6f8bf1ed76651c14756a061d662f580ff4de43b49fa82d80a4b80f8434a
2024-10-10 03:30:59,597 INFO - ContAudITWrapper#35 - Checking environment diff...
2024-10-10 03:30:59,617 INFO - ContAudITWrapper#35 - Environment diff: 
2024-10-10 03:30:59,617 INFO - ContAudITWrapper#35 - Cleaning temporary files...
2024-10-10 03:30:59,643 INFO - ContAudITWrapper#35 - Sending to blockchain...
2024-10-10 03:31:02,629 INFO - ContAudITWrapper#35 - Response 
2024-10-10 03:31:02,630 INFO - ContAudITWrapper#35 - Finishing ContAudIT Wrapper...
