2024-10-10 03:29:56,235 INFO - ContAudITWrapper#24 - Initializing ContAudIT Wrapper...
2024-10-10 03:29:56,314 INFO - ContAudITWrapper#24 - Current directory: /home/ec2-user/Code/ufrgs-poc/contaudit-wrapper.jar
2024-10-10 03:30:06,259 INFO - ContAudITWrapper#24 - Wrapper hash: b7519188ed863d76e5199a8d880bb968bdf9124fad53b871583787e123a7a764
2024-10-10 03:30:06,284 INFO - ContAudITWrapper#24 - Validating Wrapper...
2024-10-10 03:30:40,737 INFO - ContAudITWrapper#24 - Response true
2024-10-10 03:30:40,784 INFO - ContAudITWrapper#24 - Application hash: e36ee2d35f8c4c41bd358782dfb3ac8852b40439d350ff27616f0c18819ce9bf
2024-10-10 03:30:40,822 INFO - ContAudITWrapper#24 - Validating Application...
2024-10-10 03:30:47,384 INFO - ContAudITWrapper#24 - Response true
2024-10-10 03:30:47,403 INFO - ContAudITWrapper#24 - Artifact user.workflow hash: 52877374d8c54314b7af92814eaf729121e99a87e9706a2888cd9bcd951b11c9
2024-10-10 03:30:47,421 INFO - ContAudITWrapper#24 - Validating Artifact...
2024-10-10 03:30:52,323 INFO - ContAudITWrapper#24 - Response true
2024-10-10 03:30:52,330 INFO - ContAudITWrapper#24 - Running pre-command actions...
2024-10-10 03:30:52,338 INFO - ContAudITWrapper#24 - Analyzing current environment state...
2024-10-10 03:30:52,414 INFO - ContAudITWrapper#24 - Saving current environment state...
2024-10-10 03:30:52,415 INFO - ContAudITWrapper#24 - Environment state hash: a7ffc6f8bf1ed76651c14756a061d662f580ff4de43b49fa82d80a4b80f8434a
2024-10-10 03:30:52,415 INFO - ContAudITWrapper#24 - Executing command...
2024-10-10 03:30:57,452 INFO - ContAudITWrapper#24 - Command output: 
2024-10-10 03:30:52.466661439 [executor] Initializing the workflow...
[useradd_workflow] User contaudit24 already exists. Removing...
[useradd_workflow] User contaudit24 successfully removed.
[useradd_workflow] User contaudit24 created successfully.
2024-10-10 03:30:57.452045795 [executor] Finished!

2024-10-10 03:30:57,453 INFO - ContAudITWrapper#24 - Running post-command actions...
2024-10-10 03:30:57,453 INFO - ContAudITWrapper#24 - Analyzing current environment state...
2024-10-10 03:30:57,460 INFO - ContAudITWrapper#24 - Saving current environment state...
2024-10-10 03:30:57,461 INFO - ContAudITWrapper#24 - Environment state hash: a7ffc6f8bf1ed76651c14756a061d662f580ff4de43b49fa82d80a4b80f8434a
2024-10-10 03:30:57,461 INFO - ContAudITWrapper#24 - Checking environment diff...
2024-10-10 03:30:57,468 INFO - ContAudITWrapper#24 - Environment diff: 
2024-10-10 03:30:57,468 INFO - ContAudITWrapper#24 - Cleaning temporary files...
2024-10-10 03:30:57,473 INFO - ContAudITWrapper#24 - Sending to blockchain...
2024-10-10 03:31:00,569 INFO - ContAudITWrapper#24 - Response 
2024-10-10 03:31:00,584 INFO - ContAudITWrapper#24 - Finishing ContAudIT Wrapper...
