2024-10-10 03:29:57,102 INFO - ContAudITWrapper#32 - Initializing ContAudIT Wrapper...
2024-10-10 03:29:57,196 INFO - ContAudITWrapper#32 - Current directory: /home/ec2-user/Code/ufrgs-poc/contaudit-wrapper.jar
2024-10-10 03:30:08,233 INFO - ContAudITWrapper#32 - Wrapper hash: b7519188ed863d76e5199a8d880bb968bdf9124fad53b871583787e123a7a764
2024-10-10 03:30:08,268 INFO - ContAudITWrapper#32 - Validating Wrapper...
2024-10-10 03:30:42,377 INFO - ContAudITWrapper#32 - Response true
2024-10-10 03:30:42,441 INFO - ContAudITWrapper#32 - Application hash: e36ee2d35f8c4c41bd358782dfb3ac8852b40439d350ff27616f0c18819ce9bf
2024-10-10 03:30:42,442 INFO - ContAudITWrapper#32 - Validating Application...
2024-10-10 03:30:47,941 INFO - ContAudITWrapper#32 - Response true
2024-10-10 03:30:47,945 INFO - ContAudITWrapper#32 - Artifact user.workflow hash: 52877374d8c54314b7af92814eaf729121e99a87e9706a2888cd9bcd951b11c9
2024-10-10 03:30:47,991 INFO - ContAudITWrapper#32 - Validating Artifact...
2024-10-10 03:30:52,036 INFO - ContAudITWrapper#32 - Response true
2024-10-10 03:30:52,042 INFO - ContAudITWrapper#32 - Running pre-command actions...
2024-10-10 03:30:52,043 INFO - ContAudITWrapper#32 - Analyzing current environment state...
2024-10-10 03:30:52,150 INFO - ContAudITWrapper#32 - Saving current environment state...
2024-10-10 03:30:52,151 INFO - ContAudITWrapper#32 - Environment state hash: a7ffc6f8bf1ed76651c14756a061d662f580ff4de43b49fa82d80a4b80f8434a
2024-10-10 03:30:52,151 INFO - ContAudITWrapper#32 - Executing command...
2024-10-10 03:30:56,672 INFO - ContAudITWrapper#32 - Command output: 
2024-10-10 03:30:52.289676837 [executor] Initializing the workflow...
[useradd_workflow] User contaudit32 already exists. Removing...
[useradd_workflow] User contaudit32 successfully removed.
[useradd_workflow] User contaudit32 created successfully.
2024-10-10 03:30:56.672113705 [executor] Finished!

2024-10-10 03:30:56,672 INFO - ContAudITWrapper#32 - Running post-command actions...
2024-10-10 03:30:56,673 INFO - ContAudITWrapper#32 - Analyzing current environment state...
2024-10-10 03:30:56,678 INFO - ContAudITWrapper#32 - Saving current environment state...
2024-10-10 03:30:56,678 INFO - ContAudITWrapper#32 - Environment state hash: a7ffc6f8bf1ed76651c14756a061d662f580ff4de43b49fa82d80a4b80f8434a
2024-10-10 03:30:56,678 INFO - ContAudITWrapper#32 - Checking environment diff...
2024-10-10 03:30:56,683 INFO - ContAudITWrapper#32 - Environment diff: 
2024-10-10 03:30:56,683 INFO - ContAudITWrapper#32 - Cleaning temporary files...
2024-10-10 03:30:56,690 INFO - ContAudITWrapper#32 - Sending to blockchain...
2024-10-10 03:30:58,152 INFO - ContAudITWrapper#32 - Response 
2024-10-10 03:30:58,160 INFO - ContAudITWrapper#32 - Finishing ContAudIT Wrapper...
