2024-10-10 03:29:56,710 INFO - ContAudITWrapper#37 - Initializing ContAudIT Wrapper...
2024-10-10 03:29:56,774 INFO - ContAudITWrapper#37 - Current directory: /home/ec2-user/Code/ufrgs-poc/contaudit-wrapper.jar
2024-10-10 03:30:09,501 INFO - ContAudITWrapper#37 - Wrapper hash: b7519188ed863d76e5199a8d880bb968bdf9124fad53b871583787e123a7a764
2024-10-10 03:30:09,552 INFO - ContAudITWrapper#37 - Validating Wrapper...
2024-10-10 03:30:46,298 INFO - ContAudITWrapper#37 - Response true
2024-10-10 03:30:46,430 INFO - ContAudITWrapper#37 - Application hash: e36ee2d35f8c4c41bd358782dfb3ac8852b40439d350ff27616f0c18819ce9bf
2024-10-10 03:30:46,455 INFO - ContAudITWrapper#37 - Validating Application...
2024-10-10 03:30:53,301 INFO - ContAudITWrapper#37 - Response true
2024-10-10 03:30:53,315 INFO - ContAudITWrapper#37 - Artifact user.workflow hash: 52877374d8c54314b7af92814eaf729121e99a87e9706a2888cd9bcd951b11c9
2024-10-10 03:30:53,345 INFO - ContAudITWrapper#37 - Validating Artifact...
2024-10-10 03:30:55,672 INFO - ContAudITWrapper#37 - Response true
2024-10-10 03:30:55,678 INFO - ContAudITWrapper#37 - Running pre-command actions...
2024-10-10 03:30:55,679 INFO - ContAudITWrapper#37 - Analyzing current environment state...
2024-10-10 03:30:55,701 INFO - ContAudITWrapper#37 - Saving current environment state...
2024-10-10 03:30:55,701 INFO - ContAudITWrapper#37 - Environment state hash: a7ffc6f8bf1ed76651c14756a061d662f580ff4de43b49fa82d80a4b80f8434a
2024-10-10 03:30:55,702 INFO - ContAudITWrapper#37 - Executing command...
2024-10-10 03:31:00,315 INFO - ContAudITWrapper#37 - Command output: 
2024-10-10 03:30:55.714031097 [executor] Initializing the workflow...
[useradd_workflow] User contaudit37 already exists. Removing...
[useradd_workflow] User contaudit37 successfully removed.
[useradd_workflow] User contaudit37 created successfully.
2024-10-10 03:31:00.315362034 [executor] Finished!

2024-10-10 03:31:00,316 INFO - ContAudITWrapper#37 - Running post-command actions...
2024-10-10 03:31:00,316 INFO - ContAudITWrapper#37 - Analyzing current environment state...
2024-10-10 03:31:00,393 INFO - ContAudITWrapper#37 - Saving current environment state...
2024-10-10 03:31:00,393 INFO - ContAudITWrapper#37 - Environment state hash: a7ffc6f8bf1ed76651c14756a061d662f580ff4de43b49fa82d80a4b80f8434a
2024-10-10 03:31:00,393 INFO - ContAudITWrapper#37 - Checking environment diff...
2024-10-10 03:31:00,473 INFO - ContAudITWrapper#37 - Environment diff: 
2024-10-10 03:31:00,473 INFO - ContAudITWrapper#37 - Cleaning temporary files...
2024-10-10 03:31:00,485 INFO - ContAudITWrapper#37 - Sending to blockchain...
2024-10-10 03:31:02,578 INFO - ContAudITWrapper#37 - Response 
2024-10-10 03:31:02,588 INFO - ContAudITWrapper#37 - Finishing ContAudIT Wrapper...
