2024-10-10 03:29:55,853 INFO - ContAudITWrapper#44 - Initializing ContAudIT Wrapper...
2024-10-10 03:29:55,950 INFO - ContAudITWrapper#44 - Current directory: /home/ec2-user/Code/ufrgs-poc/contaudit-wrapper.jar
2024-10-10 03:30:03,879 INFO - ContAudITWrapper#44 - Wrapper hash: b7519188ed863d76e5199a8d880bb968bdf9124fad53b871583787e123a7a764
2024-10-10 03:30:03,888 INFO - ContAudITWrapper#44 - Validating Wrapper...
2024-10-10 03:30:27,076 INFO - ContAudITWrapper#44 - Response true
2024-10-10 03:30:27,171 INFO - ContAudITWrapper#44 - Application hash: e36ee2d35f8c4c41bd358782dfb3ac8852b40439d350ff27616f0c18819ce9bf
2024-10-10 03:30:27,172 INFO - ContAudITWrapper#44 - Validating Application...
2024-10-10 03:30:35,625 INFO - ContAudITWrapper#44 - Response true
2024-10-10 03:30:35,702 INFO - ContAudITWrapper#44 - Artifact user.workflow hash: 52877374d8c54314b7af92814eaf729121e99a87e9706a2888cd9bcd951b11c9
2024-10-10 03:30:35,710 INFO - ContAudITWrapper#44 - Validating Artifact...
2024-10-10 03:30:41,715 INFO - ContAudITWrapper#44 - Response true
2024-10-10 03:30:41,738 INFO - ContAudITWrapper#44 - Running pre-command actions...
2024-10-10 03:30:41,739 INFO - ContAudITWrapper#44 - Analyzing current environment state...
2024-10-10 03:30:41,927 INFO - ContAudITWrapper#44 - Saving current environment state...
2024-10-10 03:30:41,928 INFO - ContAudITWrapper#44 - Environment state hash: a7ffc6f8bf1ed76651c14756a061d662f580ff4de43b49fa82d80a4b80f8434a
2024-10-10 03:30:41,928 INFO - ContAudITWrapper#44 - Executing command...
2024-10-10 03:30:44,992 INFO - ContAudITWrapper#44 - Command output: 
2024-10-10 03:30:42.098960303 [executor] Initializing the workflow...
[useradd_workflow] User contaudit44 already exists. Removing...
[useradd_workflow] User contaudit44 successfully removed.
[useradd_workflow] User contaudit44 created successfully.
2024-10-10 03:30:44.987410522 [executor] Finished!

2024-10-10 03:30:44,993 INFO - ContAudITWrapper#44 - Running post-command actions...
2024-10-10 03:30:44,994 INFO - ContAudITWrapper#44 - Analyzing current environment state...
2024-10-10 03:30:45,035 INFO - ContAudITWrapper#44 - Saving current environment state...
2024-10-10 03:30:45,036 INFO - ContAudITWrapper#44 - Environment state hash: a7ffc6f8bf1ed76651c14756a061d662f580ff4de43b49fa82d80a4b80f8434a
2024-10-10 03:30:45,036 INFO - ContAudITWrapper#44 - Checking environment diff...
2024-10-10 03:30:45,098 INFO - ContAudITWrapper#44 - Environment diff: 
2024-10-10 03:30:45,098 INFO - ContAudITWrapper#44 - Cleaning temporary files...
2024-10-10 03:30:45,195 INFO - ContAudITWrapper#44 - Sending to blockchain...
2024-10-10 03:30:54,353 INFO - ContAudITWrapper#44 - Response 
2024-10-10 03:30:54,355 INFO - ContAudITWrapper#44 - Finishing ContAudIT Wrapper...
