2024-06-23 23:37:12,124 INFO - ContAudITWrapper#3 - Initializing ContAudIT Wrapper...
2024-06-23 23:37:12,145 INFO - ContAudITWrapper#3 - Current directory: /home/kali/Code/ufrgs-poc/contaudit-wrapper.jar
2024-06-23 23:37:15,228 INFO - ContAudITWrapper#3 - Wrapper hash: c76a1b1bb9edc25f91da61e17225b6709df7b63d34810aab1d42c0f930950c0b
2024-06-23 23:37:15,243 INFO - ContAudITWrapper#3 - Validating Wrapper...
2024-06-23 23:37:25,271 INFO - ContAudITWrapper#3 - Response true
2024-06-23 23:37:25,348 INFO - ContAudITWrapper#3 - Application hash: e36ee2d35f8c4c41bd358782dfb3ac8852b40439d350ff27616f0c18819ce9bf
2024-06-23 23:37:25,354 INFO - ContAudITWrapper#3 - Validating Application...
2024-06-23 23:37:27,117 INFO - ContAudITWrapper#3 - Response true
2024-06-23 23:37:27,126 INFO - ContAudITWrapper#3 - Artifact apache2.workflow hash: 94d5f6758492dbe0e869e1486907a86cb16f7931019b4acb0e7f38c98cf1b06d
2024-06-23 23:37:27,132 INFO - ContAudITWrapper#3 - Validating Artifact...
2024-06-23 23:37:28,763 INFO - ContAudITWrapper#3 - Response true
2024-06-23 23:37:28,773 INFO - ContAudITWrapper#3 - Running pre-command actions...
2024-06-23 23:37:28,774 INFO - ContAudITWrapper#3 - Analyzing current environment state...
2024-06-23 23:37:29,030 INFO - ContAudITWrapper#3 - Saving current environment state...
2024-06-23 23:37:29,086 INFO - ContAudITWrapper#3 - Environment state hash: 1776e4b78f696d486603e30cb7241013e927d69ca8030fa37e187c49ffd758cd
2024-06-23 23:37:29,086 INFO - ContAudITWrapper#3 - Executing command...
2024-06-23 23:37:29,170 INFO - ContAudITWrapper#3 - Command output: 
2024-06-23 23:37:29.095446252 [executor] Initializing the workflow...
[apache2_workflow] Create a simple webpage...
[apache2_workflow] Move webpage to Apache HTTP Server user website folder...
2024-06-23 23:37:29.169863854 [executor] Finished!

2024-06-23 23:37:29,171 INFO - ContAudITWrapper#3 - Running post-command actions...
2024-06-23 23:37:29,171 INFO - ContAudITWrapper#3 - Analyzing current environment state...
2024-06-23 23:37:29,333 INFO - ContAudITWrapper#3 - Saving current environment state...
2024-06-23 23:37:29,336 INFO - ContAudITWrapper#3 - Environment state hash: 1776e4b78f696d486603e30cb7241013e927d69ca8030fa37e187c49ffd758cd
2024-06-23 23:37:29,336 INFO - ContAudITWrapper#3 - Checking environment diff...
2024-06-23 23:37:29,349 INFO - ContAudITWrapper#3 - Environment diff: 
2024-06-23 23:37:29,349 INFO - ContAudITWrapper#3 - Cleaning temporary files...
2024-06-23 23:37:29,363 INFO - ContAudITWrapper#3 - Sending to blockchain...
2024-06-23 23:37:33,493 INFO - ContAudITWrapper#3 - Response 
2024-06-23 23:37:33,497 INFO - ContAudITWrapper#3 - Finishing ContAudIT Wrapper...
