2024-06-23 23:37:12,086 INFO - ContAudITWrapper#1 - Initializing ContAudIT Wrapper...
2024-06-23 23:37:12,116 INFO - ContAudITWrapper#1 - Current directory: /home/kali/Code/ufrgs-poc/contaudit-wrapper.jar
2024-06-23 23:37:15,415 INFO - ContAudITWrapper#1 - Wrapper hash: c76a1b1bb9edc25f91da61e17225b6709df7b63d34810aab1d42c0f930950c0b
2024-06-23 23:37:15,434 INFO - ContAudITWrapper#1 - Validating Wrapper...
2024-06-23 23:37:25,097 INFO - ContAudITWrapper#1 - Response true
2024-06-23 23:37:25,146 INFO - ContAudITWrapper#1 - Application hash: e36ee2d35f8c4c41bd358782dfb3ac8852b40439d350ff27616f0c18819ce9bf
2024-06-23 23:37:25,153 INFO - ContAudITWrapper#1 - Validating Application...
2024-06-23 23:37:26,931 INFO - ContAudITWrapper#1 - Response true
2024-06-23 23:37:26,945 INFO - ContAudITWrapper#1 - Artifact apache2.workflow hash: 94d5f6758492dbe0e869e1486907a86cb16f7931019b4acb0e7f38c98cf1b06d
2024-06-23 23:37:26,964 INFO - ContAudITWrapper#1 - Validating Artifact...
2024-06-23 23:37:28,616 INFO - ContAudITWrapper#1 - Response true
2024-06-23 23:37:28,625 INFO - ContAudITWrapper#1 - Running pre-command actions...
2024-06-23 23:37:28,626 INFO - ContAudITWrapper#1 - Analyzing current environment state...
2024-06-23 23:37:28,925 INFO - ContAudITWrapper#1 - Saving current environment state...
2024-06-23 23:37:28,928 INFO - ContAudITWrapper#1 - Environment state hash: 1776e4b78f696d486603e30cb7241013e927d69ca8030fa37e187c49ffd758cd
2024-06-23 23:37:28,929 INFO - ContAudITWrapper#1 - Executing command...
2024-06-23 23:37:29,084 INFO - ContAudITWrapper#1 - Command output: 
2024-06-23 23:37:28.960470677 [executor] Initializing the workflow...
[apache2_workflow] Create a simple webpage...
[apache2_workflow] Move webpage to Apache HTTP Server user website folder...
2024-06-23 23:37:29.083888104 [executor] Finished!

2024-06-23 23:37:29,085 INFO - ContAudITWrapper#1 - Running post-command actions...
2024-06-23 23:37:29,085 INFO - ContAudITWrapper#1 - Analyzing current environment state...
2024-06-23 23:37:29,259 INFO - ContAudITWrapper#1 - Saving current environment state...
2024-06-23 23:37:29,266 INFO - ContAudITWrapper#1 - Environment state hash: 1776e4b78f696d486603e30cb7241013e927d69ca8030fa37e187c49ffd758cd
2024-06-23 23:37:29,267 INFO - ContAudITWrapper#1 - Checking environment diff...
2024-06-23 23:37:29,279 INFO - ContAudITWrapper#1 - Environment diff: 
2024-06-23 23:37:29,279 INFO - ContAudITWrapper#1 - Cleaning temporary files...
2024-06-23 23:37:29,286 INFO - ContAudITWrapper#1 - Sending to blockchain...
2024-06-23 23:37:33,478 INFO - ContAudITWrapper#1 - Response 
2024-06-23 23:37:33,480 INFO - ContAudITWrapper#1 - Finishing ContAudIT Wrapper...
