2024-06-23 23:37:12,054 INFO - ContAudITWrapper#2 - Initializing ContAudIT Wrapper...
2024-06-23 23:37:12,095 INFO - ContAudITWrapper#2 - Current directory: /home/kali/Code/ufrgs-poc/contaudit-wrapper.jar
2024-06-23 23:37:15,109 INFO - ContAudITWrapper#2 - Wrapper hash: c76a1b1bb9edc25f91da61e17225b6709df7b63d34810aab1d42c0f930950c0b
2024-06-23 23:37:15,123 INFO - ContAudITWrapper#2 - Validating Wrapper...
2024-06-23 23:37:25,390 INFO - ContAudITWrapper#2 - Response true
2024-06-23 23:37:25,415 INFO - ContAudITWrapper#2 - Application hash: e36ee2d35f8c4c41bd358782dfb3ac8852b40439d350ff27616f0c18819ce9bf
2024-06-23 23:37:25,417 INFO - ContAudITWrapper#2 - Validating Application...
2024-06-23 23:37:27,316 INFO - ContAudITWrapper#2 - Response true
2024-06-23 23:37:27,333 INFO - ContAudITWrapper#2 - Artifact apache2.workflow hash: 94d5f6758492dbe0e869e1486907a86cb16f7931019b4acb0e7f38c98cf1b06d
2024-06-23 23:37:27,338 INFO - ContAudITWrapper#2 - Validating Artifact...
2024-06-23 23:37:29,024 INFO - ContAudITWrapper#2 - Response true
2024-06-23 23:37:29,030 INFO - ContAudITWrapper#2 - Running pre-command actions...
2024-06-23 23:37:29,032 INFO - ContAudITWrapper#2 - Analyzing current environment state...
2024-06-23 23:37:29,181 INFO - ContAudITWrapper#2 - Saving current environment state...
2024-06-23 23:37:29,218 INFO - ContAudITWrapper#2 - Environment state hash: 1776e4b78f696d486603e30cb7241013e927d69ca8030fa37e187c49ffd758cd
2024-06-23 23:37:29,226 INFO - ContAudITWrapper#2 - Executing command...
2024-06-23 23:37:29,425 INFO - ContAudITWrapper#2 - Command output: 
2024-06-23 23:37:29.262154020 [executor] Initializing the workflow...
[apache2_workflow] Create a simple webpage...
[apache2_workflow] Move webpage to Apache HTTP Server user website folder...
2024-06-23 23:37:29.420967949 [executor] Finished!

2024-06-23 23:37:29,425 INFO - ContAudITWrapper#2 - Running post-command actions...
2024-06-23 23:37:29,425 INFO - ContAudITWrapper#2 - Analyzing current environment state...
2024-06-23 23:37:29,769 INFO - ContAudITWrapper#2 - Saving current environment state...
2024-06-23 23:37:29,789 INFO - ContAudITWrapper#2 - Environment state hash: 1776e4b78f696d486603e30cb7241013e927d69ca8030fa37e187c49ffd758cd
2024-06-23 23:37:29,796 INFO - ContAudITWrapper#2 - Checking environment diff...
2024-06-23 23:37:29,808 INFO - ContAudITWrapper#2 - Environment diff: 
2024-06-23 23:37:29,808 INFO - ContAudITWrapper#2 - Cleaning temporary files...
2024-06-23 23:37:29,827 INFO - ContAudITWrapper#2 - Sending to blockchain...
2024-06-23 23:37:33,477 INFO - ContAudITWrapper#2 - Response 
2024-06-23 23:37:33,479 INFO - ContAudITWrapper#2 - Finishing ContAudIT Wrapper...
