2024-06-27 22:38:59,326 INFO - ContAudITWrapper#15 - Initializing ContAudIT Wrapper...
2024-06-27 22:38:59,366 INFO - ContAudITWrapper#15 - Current directory: /home/kali/Code/ufrgs-poc/contaudit-wrapper.jar
2024-06-27 22:39:04,069 INFO - ContAudITWrapper#15 - Wrapper hash: c76a1b1bb9edc25f91da61e17225b6709df7b63d34810aab1d42c0f930950c0b
2024-06-27 22:39:04,081 INFO - ContAudITWrapper#15 - Validating Wrapper...
2024-06-27 22:39:20,097 INFO - ContAudITWrapper#15 - Response true
2024-06-27 22:39:20,216 INFO - ContAudITWrapper#15 - Application hash: e36ee2d35f8c4c41bd358782dfb3ac8852b40439d350ff27616f0c18819ce9bf
2024-06-27 22:39:20,217 INFO - ContAudITWrapper#15 - Validating Application...
2024-06-27 22:39:24,789 INFO - ContAudITWrapper#15 - Response true
2024-06-27 22:39:24,805 INFO - ContAudITWrapper#15 - Artifact apache2.workflow hash: 94d5f6758492dbe0e869e1486907a86cb16f7931019b4acb0e7f38c98cf1b06d
2024-06-27 22:39:24,817 INFO - ContAudITWrapper#15 - Validating Artifact...
2024-06-27 22:39:32,191 INFO - ContAudITWrapper#15 - Response true
2024-06-27 22:39:32,266 INFO - ContAudITWrapper#15 - Running pre-command actions...
2024-06-27 22:39:32,276 INFO - ContAudITWrapper#15 - Analyzing current environment state...
2024-06-27 22:39:32,604 INFO - ContAudITWrapper#15 - Saving current environment state...
2024-06-27 22:39:32,742 INFO - ContAudITWrapper#15 - Environment state hash: 1776e4b78f696d486603e30cb7241013e927d69ca8030fa37e187c49ffd758cd
2024-06-27 22:39:32,743 INFO - ContAudITWrapper#15 - Executing command...
2024-06-27 22:39:33,210 INFO - ContAudITWrapper#15 - Command output: 
2024-06-27 22:39:32.944290933 [executor] Initializing the workflow...
[apache2_workflow] Create a simple webpage...
[apache2_workflow] Move webpage to Apache HTTP Server user website folder...
2024-06-27 22:39:33.210093024 [executor] Finished!

2024-06-27 22:39:33,211 INFO - ContAudITWrapper#15 - Running post-command actions...
2024-06-27 22:39:33,211 INFO - ContAudITWrapper#15 - Analyzing current environment state...
2024-06-27 22:39:33,855 INFO - ContAudITWrapper#15 - Saving current environment state...
2024-06-27 22:39:33,869 INFO - ContAudITWrapper#15 - Environment state hash: 1776e4b78f696d486603e30cb7241013e927d69ca8030fa37e187c49ffd758cd
2024-06-27 22:39:33,870 INFO - ContAudITWrapper#15 - Checking environment diff...
2024-06-27 22:39:33,920 INFO - ContAudITWrapper#15 - Environment diff: 
2024-06-27 22:39:33,923 INFO - ContAudITWrapper#15 - Cleaning temporary files...
2024-06-27 22:39:33,986 INFO - ContAudITWrapper#15 - Sending to blockchain...
2024-06-27 22:39:40,554 INFO - ContAudITWrapper#15 - Response 
2024-06-27 22:39:40,557 INFO - ContAudITWrapper#15 - Finishing ContAudIT Wrapper...
