2024-06-27 22:38:59,632 INFO - ContAudITWrapper#1 - Initializing ContAudIT Wrapper...
2024-06-27 22:38:59,698 INFO - ContAudITWrapper#1 - Current directory: /home/kali/Code/ufrgs-poc/contaudit-wrapper.jar
2024-06-27 22:39:06,091 INFO - ContAudITWrapper#1 - Wrapper hash: c76a1b1bb9edc25f91da61e17225b6709df7b63d34810aab1d42c0f930950c0b
2024-06-27 22:39:06,127 INFO - ContAudITWrapper#1 - Validating Wrapper...
2024-06-27 22:39:26,918 INFO - ContAudITWrapper#1 - Response true
2024-06-27 22:39:26,995 INFO - ContAudITWrapper#1 - Application hash: e36ee2d35f8c4c41bd358782dfb3ac8852b40439d350ff27616f0c18819ce9bf
2024-06-27 22:39:26,996 INFO - ContAudITWrapper#1 - Validating Application...
2024-06-27 22:39:31,618 INFO - ContAudITWrapper#1 - Response true
2024-06-27 22:39:31,633 INFO - ContAudITWrapper#1 - Artifact apache2.workflow hash: 94d5f6758492dbe0e869e1486907a86cb16f7931019b4acb0e7f38c98cf1b06d
2024-06-27 22:39:31,657 INFO - ContAudITWrapper#1 - Validating Artifact...
2024-06-27 22:39:35,154 INFO - ContAudITWrapper#1 - Response true
2024-06-27 22:39:35,156 INFO - ContAudITWrapper#1 - Running pre-command actions...
2024-06-27 22:39:35,157 INFO - ContAudITWrapper#1 - Analyzing current environment state...
2024-06-27 22:39:36,366 INFO - ContAudITWrapper#1 - Saving current environment state...
2024-06-27 22:39:36,383 INFO - ContAudITWrapper#1 - Environment state hash: 1776e4b78f696d486603e30cb7241013e927d69ca8030fa37e187c49ffd758cd
2024-06-27 22:39:36,384 INFO - ContAudITWrapper#1 - Executing command...
2024-06-27 22:39:36,659 INFO - ContAudITWrapper#1 - Command output: 
2024-06-27 22:39:36.440285572 [executor] Initializing the workflow...
[apache2_workflow] Create a simple webpage...
[apache2_workflow] Move webpage to Apache HTTP Server user website folder...
2024-06-27 22:39:36.649797129 [executor] Finished!

2024-06-27 22:39:36,659 INFO - ContAudITWrapper#1 - Running post-command actions...
2024-06-27 22:39:36,659 INFO - ContAudITWrapper#1 - Analyzing current environment state...
2024-06-27 22:39:36,933 INFO - ContAudITWrapper#1 - Saving current environment state...
2024-06-27 22:39:36,944 INFO - ContAudITWrapper#1 - Environment state hash: 1776e4b78f696d486603e30cb7241013e927d69ca8030fa37e187c49ffd758cd
2024-06-27 22:39:36,945 INFO - ContAudITWrapper#1 - Checking environment diff...
2024-06-27 22:39:36,987 INFO - ContAudITWrapper#1 - Environment diff: 
2024-06-27 22:39:36,987 INFO - ContAudITWrapper#1 - Cleaning temporary files...
2024-06-27 22:39:37,017 INFO - ContAudITWrapper#1 - Sending to blockchain...
2024-06-27 22:39:44,170 INFO - ContAudITWrapper#1 - Response 
2024-06-27 22:39:44,172 INFO - ContAudITWrapper#1 - Finishing ContAudIT Wrapper...
