2024-06-27 22:38:59,249 INFO - ContAudITWrapper#14 - Initializing ContAudIT Wrapper...
2024-06-27 22:38:59,306 INFO - ContAudITWrapper#14 - Current directory: /home/kali/Code/ufrgs-poc/contaudit-wrapper.jar
2024-06-27 22:39:04,834 INFO - ContAudITWrapper#14 - Wrapper hash: c76a1b1bb9edc25f91da61e17225b6709df7b63d34810aab1d42c0f930950c0b
2024-06-27 22:39:04,854 INFO - ContAudITWrapper#14 - Validating Wrapper...
2024-06-27 22:39:24,028 INFO - ContAudITWrapper#14 - Response true
2024-06-27 22:39:24,136 INFO - ContAudITWrapper#14 - Application hash: e36ee2d35f8c4c41bd358782dfb3ac8852b40439d350ff27616f0c18819ce9bf
2024-06-27 22:39:24,137 INFO - ContAudITWrapper#14 - Validating Application...
2024-06-27 22:39:28,601 INFO - ContAudITWrapper#14 - Response true
2024-06-27 22:39:28,606 INFO - ContAudITWrapper#14 - Artifact apache2.workflow hash: 94d5f6758492dbe0e869e1486907a86cb16f7931019b4acb0e7f38c98cf1b06d
2024-06-27 22:39:28,643 INFO - ContAudITWrapper#14 - Validating Artifact...
2024-06-27 22:39:33,223 INFO - ContAudITWrapper#14 - Response true
2024-06-27 22:39:33,230 INFO - ContAudITWrapper#14 - Running pre-command actions...
2024-06-27 22:39:33,231 INFO - ContAudITWrapper#14 - Analyzing current environment state...
2024-06-27 22:39:34,203 INFO - ContAudITWrapper#14 - Saving current environment state...
2024-06-27 22:39:34,213 INFO - ContAudITWrapper#14 - Environment state hash: 1776e4b78f696d486603e30cb7241013e927d69ca8030fa37e187c49ffd758cd
2024-06-27 22:39:34,213 INFO - ContAudITWrapper#14 - Executing command...
2024-06-27 22:39:34,680 INFO - ContAudITWrapper#14 - Command output: 
2024-06-27 22:39:34.294594514 [executor] Initializing the workflow...
[apache2_workflow] Create a simple webpage...
[apache2_workflow] Move webpage to Apache HTTP Server user website folder...
2024-06-27 22:39:34.679371237 [executor] Finished!

2024-06-27 22:39:34,680 INFO - ContAudITWrapper#14 - Running post-command actions...
2024-06-27 22:39:34,680 INFO - ContAudITWrapper#14 - Analyzing current environment state...
2024-06-27 22:39:34,937 INFO - ContAudITWrapper#14 - Saving current environment state...
2024-06-27 22:39:34,943 INFO - ContAudITWrapper#14 - Environment state hash: 1776e4b78f696d486603e30cb7241013e927d69ca8030fa37e187c49ffd758cd
2024-06-27 22:39:34,944 INFO - ContAudITWrapper#14 - Checking environment diff...
2024-06-27 22:39:35,004 INFO - ContAudITWrapper#14 - Environment diff: 
2024-06-27 22:39:35,005 INFO - ContAudITWrapper#14 - Cleaning temporary files...
2024-06-27 22:39:35,186 INFO - ContAudITWrapper#14 - Sending to blockchain...
2024-06-27 22:39:44,168 INFO - ContAudITWrapper#14 - Response 
2024-06-27 22:39:44,172 INFO - ContAudITWrapper#14 - Finishing ContAudIT Wrapper...
