2024-06-27 22:38:59,058 INFO - ContAudITWrapper#4 - Initializing ContAudIT Wrapper...
2024-06-27 22:38:59,092 INFO - ContAudITWrapper#4 - Current directory: /home/kali/Code/ufrgs-poc/contaudit-wrapper.jar
2024-06-27 22:39:04,353 INFO - ContAudITWrapper#4 - Wrapper hash: c76a1b1bb9edc25f91da61e17225b6709df7b63d34810aab1d42c0f930950c0b
2024-06-27 22:39:04,403 INFO - ContAudITWrapper#4 - Validating Wrapper...
2024-06-27 22:39:21,809 INFO - ContAudITWrapper#4 - Response true
2024-06-27 22:39:21,956 INFO - ContAudITWrapper#4 - Application hash: e36ee2d35f8c4c41bd358782dfb3ac8852b40439d350ff27616f0c18819ce9bf
2024-06-27 22:39:21,963 INFO - ContAudITWrapper#4 - Validating Application...
2024-06-27 22:39:26,102 INFO - ContAudITWrapper#4 - Response true
2024-06-27 22:39:26,121 INFO - ContAudITWrapper#4 - Artifact apache2.workflow hash: 94d5f6758492dbe0e869e1486907a86cb16f7931019b4acb0e7f38c98cf1b06d
2024-06-27 22:39:26,128 INFO - ContAudITWrapper#4 - Validating Artifact...
2024-06-27 22:39:29,805 INFO - ContAudITWrapper#4 - Response true
2024-06-27 22:39:29,811 INFO - ContAudITWrapper#4 - Running pre-command actions...
2024-06-27 22:39:29,813 INFO - ContAudITWrapper#4 - Analyzing current environment state...
2024-06-27 22:39:30,165 INFO - ContAudITWrapper#4 - Saving current environment state...
2024-06-27 22:39:30,179 INFO - ContAudITWrapper#4 - Environment state hash: 1776e4b78f696d486603e30cb7241013e927d69ca8030fa37e187c49ffd758cd
2024-06-27 22:39:30,180 INFO - ContAudITWrapper#4 - Executing command...
2024-06-27 22:39:30,626 INFO - ContAudITWrapper#4 - Command output: 
2024-06-27 22:39:30.209447518 [executor] Initializing the workflow...
[apache2_workflow] Create a simple webpage...
[apache2_workflow] Move webpage to Apache HTTP Server user website folder...
2024-06-27 22:39:30.579881936 [executor] Finished!

2024-06-27 22:39:30,627 INFO - ContAudITWrapper#4 - Running post-command actions...
2024-06-27 22:39:30,627 INFO - ContAudITWrapper#4 - Analyzing current environment state...
2024-06-27 22:39:31,013 INFO - ContAudITWrapper#4 - Saving current environment state...
2024-06-27 22:39:31,025 INFO - ContAudITWrapper#4 - Environment state hash: 1776e4b78f696d486603e30cb7241013e927d69ca8030fa37e187c49ffd758cd
2024-06-27 22:39:31,025 INFO - ContAudITWrapper#4 - Checking environment diff...
2024-06-27 22:39:31,112 INFO - ContAudITWrapper#4 - Environment diff: 
2024-06-27 22:39:31,112 INFO - ContAudITWrapper#4 - Cleaning temporary files...
2024-06-27 22:39:31,196 INFO - ContAudITWrapper#4 - Sending to blockchain...
2024-06-27 22:39:39,397 INFO - ContAudITWrapper#4 - Response 
2024-06-27 22:39:39,399 INFO - ContAudITWrapper#4 - Finishing ContAudIT Wrapper...
