2024-06-27 22:38:59,058 INFO - ContAudITWrapper#9 - Initializing ContAudIT Wrapper...
2024-06-27 22:38:59,118 INFO - ContAudITWrapper#9 - Current directory: /home/kali/Code/ufrgs-poc/contaudit-wrapper.jar
2024-06-27 22:39:04,222 INFO - ContAudITWrapper#9 - Wrapper hash: c76a1b1bb9edc25f91da61e17225b6709df7b63d34810aab1d42c0f930950c0b
2024-06-27 22:39:04,252 INFO - ContAudITWrapper#9 - Validating Wrapper...
2024-06-27 22:39:22,848 INFO - ContAudITWrapper#9 - Response true
2024-06-27 22:39:22,972 INFO - ContAudITWrapper#9 - Application hash: e36ee2d35f8c4c41bd358782dfb3ac8852b40439d350ff27616f0c18819ce9bf
2024-06-27 22:39:22,974 INFO - ContAudITWrapper#9 - Validating Application...
2024-06-27 22:39:26,618 INFO - ContAudITWrapper#9 - Response true
2024-06-27 22:39:26,633 INFO - ContAudITWrapper#9 - Artifact apache2.workflow hash: 94d5f6758492dbe0e869e1486907a86cb16f7931019b4acb0e7f38c98cf1b06d
2024-06-27 22:39:26,652 INFO - ContAudITWrapper#9 - Validating Artifact...
2024-06-27 22:39:31,472 INFO - ContAudITWrapper#9 - Response true
2024-06-27 22:39:31,482 INFO - ContAudITWrapper#9 - Running pre-command actions...
2024-06-27 22:39:31,485 INFO - ContAudITWrapper#9 - Analyzing current environment state...
2024-06-27 22:39:32,150 INFO - ContAudITWrapper#9 - Saving current environment state...
2024-06-27 22:39:32,322 INFO - ContAudITWrapper#9 - Environment state hash: 1776e4b78f696d486603e30cb7241013e927d69ca8030fa37e187c49ffd758cd
2024-06-27 22:39:32,323 INFO - ContAudITWrapper#9 - Executing command...
2024-06-27 22:39:32,546 INFO - ContAudITWrapper#9 - Command output: 
2024-06-27 22:39:32.382204876 [executor] Initializing the workflow...
[apache2_workflow] Create a simple webpage...
[apache2_workflow] Move webpage to Apache HTTP Server user website folder...
2024-06-27 22:39:32.543839683 [executor] Finished!

2024-06-27 22:39:32,547 INFO - ContAudITWrapper#9 - Running post-command actions...
2024-06-27 22:39:32,547 INFO - ContAudITWrapper#9 - Analyzing current environment state...
2024-06-27 22:39:32,753 INFO - ContAudITWrapper#9 - Saving current environment state...
2024-06-27 22:39:32,761 INFO - ContAudITWrapper#9 - Environment state hash: 1776e4b78f696d486603e30cb7241013e927d69ca8030fa37e187c49ffd758cd
2024-06-27 22:39:32,762 INFO - ContAudITWrapper#9 - Checking environment diff...
2024-06-27 22:39:32,780 INFO - ContAudITWrapper#9 - Environment diff: 
2024-06-27 22:39:32,785 INFO - ContAudITWrapper#9 - Cleaning temporary files...
2024-06-27 22:39:32,843 INFO - ContAudITWrapper#9 - Sending to blockchain...
2024-06-27 22:39:39,397 INFO - ContAudITWrapper#9 - Response 
2024-06-27 22:39:39,408 INFO - ContAudITWrapper#9 - Finishing ContAudIT Wrapper...
