2024-10-10 03:25:37,443 INFO - ContAudITWrapper#25 - Initializing ContAudIT Wrapper...
2024-10-10 03:25:37,484 INFO - ContAudITWrapper#25 - Current directory: /home/ec2-user/Code/ufrgs-poc/contaudit-wrapper.jar
2024-10-10 03:25:42,517 INFO - ContAudITWrapper#25 - Wrapper hash: b7519188ed863d76e5199a8d880bb968bdf9124fad53b871583787e123a7a764
2024-10-10 03:25:42,526 INFO - ContAudITWrapper#25 - Validating Wrapper...
2024-10-10 03:25:59,039 INFO - ContAudITWrapper#25 - Response true
2024-10-10 03:25:59,152 INFO - ContAudITWrapper#25 - Application hash: e36ee2d35f8c4c41bd358782dfb3ac8852b40439d350ff27616f0c18819ce9bf
2024-10-10 03:25:59,152 INFO - ContAudITWrapper#25 - Validating Application...
2024-10-10 03:26:02,344 INFO - ContAudITWrapper#25 - Response true
2024-10-10 03:26:02,361 INFO - ContAudITWrapper#25 - Artifact user.workflow hash: 52877374d8c54314b7af92814eaf729121e99a87e9706a2888cd9bcd951b11c9
2024-10-10 03:26:02,380 INFO - ContAudITWrapper#25 - Validating Artifact...
2024-10-10 03:26:04,118 INFO - ContAudITWrapper#25 - Response true
2024-10-10 03:26:04,132 INFO - ContAudITWrapper#25 - Running pre-command actions...
2024-10-10 03:26:04,133 INFO - ContAudITWrapper#25 - Analyzing current environment state...
2024-10-10 03:26:04,281 INFO - ContAudITWrapper#25 - Saving current environment state...
2024-10-10 03:26:04,282 INFO - ContAudITWrapper#25 - Environment state hash: a7ffc6f8bf1ed76651c14756a061d662f580ff4de43b49fa82d80a4b80f8434a
2024-10-10 03:26:04,282 INFO - ContAudITWrapper#25 - Executing command...
2024-10-10 03:26:04,897 INFO - ContAudITWrapper#25 - Command output: 
2024-10-10 03:26:04.317282313 [executor] Initializing the workflow...
[useradd_workflow] User contaudit25 does not exist. Creating...
[useradd_workflow] User contaudit25 created successfully.
2024-10-10 03:26:04.892130202 [executor] Finished!

2024-10-10 03:26:04,897 INFO - ContAudITWrapper#25 - Running post-command actions...
2024-10-10 03:26:04,897 INFO - ContAudITWrapper#25 - Analyzing current environment state...
2024-10-10 03:26:04,921 INFO - ContAudITWrapper#25 - Saving current environment state...
2024-10-10 03:26:04,922 INFO - ContAudITWrapper#25 - Environment state hash: a7ffc6f8bf1ed76651c14756a061d662f580ff4de43b49fa82d80a4b80f8434a
2024-10-10 03:26:04,922 INFO - ContAudITWrapper#25 - Checking environment diff...
2024-10-10 03:26:04,967 INFO - ContAudITWrapper#25 - Environment diff: 
2024-10-10 03:26:04,968 INFO - ContAudITWrapper#25 - Cleaning temporary files...
2024-10-10 03:26:04,981 INFO - ContAudITWrapper#25 - Sending to blockchain...
2024-10-10 03:26:08,533 INFO - ContAudITWrapper#25 - Response 
2024-10-10 03:26:08,567 INFO - ContAudITWrapper#25 - Finishing ContAudIT Wrapper...
