2024-10-10 03:25:37,592 INFO - ContAudITWrapper#6 - Initializing ContAudIT Wrapper...
2024-10-10 03:25:37,623 INFO - ContAudITWrapper#6 - Current directory: /home/ec2-user/Code/ufrgs-poc/contaudit-wrapper.jar
2024-10-10 03:25:43,129 INFO - ContAudITWrapper#6 - Wrapper hash: b7519188ed863d76e5199a8d880bb968bdf9124fad53b871583787e123a7a764
2024-10-10 03:25:43,142 INFO - ContAudITWrapper#6 - Validating Wrapper...
2024-10-10 03:26:00,245 INFO - ContAudITWrapper#6 - Response true
2024-10-10 03:26:00,332 INFO - ContAudITWrapper#6 - Application hash: e36ee2d35f8c4c41bd358782dfb3ac8852b40439d350ff27616f0c18819ce9bf
2024-10-10 03:26:00,332 INFO - ContAudITWrapper#6 - Validating Application...
2024-10-10 03:26:03,147 INFO - ContAudITWrapper#6 - Response true
2024-10-10 03:26:03,165 INFO - ContAudITWrapper#6 - Artifact user.workflow hash: 52877374d8c54314b7af92814eaf729121e99a87e9706a2888cd9bcd951b11c9
2024-10-10 03:26:03,171 INFO - ContAudITWrapper#6 - Validating Artifact...
2024-10-10 03:26:05,244 INFO - ContAudITWrapper#6 - Response true
2024-10-10 03:26:05,254 INFO - ContAudITWrapper#6 - Running pre-command actions...
2024-10-10 03:26:05,257 INFO - ContAudITWrapper#6 - Analyzing current environment state...
2024-10-10 03:26:05,319 INFO - ContAudITWrapper#6 - Saving current environment state...
2024-10-10 03:26:05,320 INFO - ContAudITWrapper#6 - Environment state hash: a7ffc6f8bf1ed76651c14756a061d662f580ff4de43b49fa82d80a4b80f8434a
2024-10-10 03:26:05,321 INFO - ContAudITWrapper#6 - Executing command...
2024-10-10 03:26:06,923 INFO - ContAudITWrapper#6 - Command output: 
2024-10-10 03:26:05.375310337 [executor] Initializing the workflow...
[useradd_workflow] User contaudit6 already exists. Removing...
[useradd_workflow] User contaudit6 successfully removed.
[useradd_workflow] User contaudit6 created successfully.
2024-10-10 03:26:06.922365152 [executor] Finished!

2024-10-10 03:26:06,924 INFO - ContAudITWrapper#6 - Running post-command actions...
2024-10-10 03:26:06,924 INFO - ContAudITWrapper#6 - Analyzing current environment state...
2024-10-10 03:26:06,947 INFO - ContAudITWrapper#6 - Saving current environment state...
2024-10-10 03:26:06,947 INFO - ContAudITWrapper#6 - Environment state hash: a7ffc6f8bf1ed76651c14756a061d662f580ff4de43b49fa82d80a4b80f8434a
2024-10-10 03:26:06,947 INFO - ContAudITWrapper#6 - Checking environment diff...
2024-10-10 03:26:06,970 INFO - ContAudITWrapper#6 - Environment diff: 
2024-10-10 03:26:06,971 INFO - ContAudITWrapper#6 - Cleaning temporary files...
2024-10-10 03:26:06,995 INFO - ContAudITWrapper#6 - Sending to blockchain...
2024-10-10 03:26:09,716 INFO - ContAudITWrapper#6 - Response 
2024-10-10 03:26:09,727 INFO - ContAudITWrapper#6 - Finishing ContAudIT Wrapper...
