2024-10-10 03:25:37,764 INFO - ContAudITWrapper#12 - Initializing ContAudIT Wrapper...
2024-10-10 03:25:37,817 INFO - ContAudITWrapper#12 - Current directory: /home/ec2-user/Code/ufrgs-poc/contaudit-wrapper.jar
2024-10-10 03:25:42,768 INFO - ContAudITWrapper#12 - Wrapper hash: b7519188ed863d76e5199a8d880bb968bdf9124fad53b871583787e123a7a764
2024-10-10 03:25:42,777 INFO - ContAudITWrapper#12 - Validating Wrapper...
2024-10-10 03:25:59,163 INFO - ContAudITWrapper#12 - Response true
2024-10-10 03:25:59,210 INFO - ContAudITWrapper#12 - Application hash: e36ee2d35f8c4c41bd358782dfb3ac8852b40439d350ff27616f0c18819ce9bf
2024-10-10 03:25:59,211 INFO - ContAudITWrapper#12 - Validating Application...
2024-10-10 03:26:02,413 INFO - ContAudITWrapper#12 - Response true
2024-10-10 03:26:02,438 INFO - ContAudITWrapper#12 - Artifact user.workflow hash: 52877374d8c54314b7af92814eaf729121e99a87e9706a2888cd9bcd951b11c9
2024-10-10 03:26:02,444 INFO - ContAudITWrapper#12 - Validating Artifact...
2024-10-10 03:26:04,955 INFO - ContAudITWrapper#12 - Response true
2024-10-10 03:26:04,963 INFO - ContAudITWrapper#12 - Running pre-command actions...
2024-10-10 03:26:04,965 INFO - ContAudITWrapper#12 - Analyzing current environment state...
2024-10-10 03:26:05,039 INFO - ContAudITWrapper#12 - Saving current environment state...
2024-10-10 03:26:05,040 INFO - ContAudITWrapper#12 - Environment state hash: a7ffc6f8bf1ed76651c14756a061d662f580ff4de43b49fa82d80a4b80f8434a
2024-10-10 03:26:05,040 INFO - ContAudITWrapper#12 - Executing command...
2024-10-10 03:26:06,776 INFO - ContAudITWrapper#12 - Command output: 
2024-10-10 03:26:05.066839265 [executor] Initializing the workflow...
[useradd_workflow] User contaudit12 already exists. Removing...
[useradd_workflow] User contaudit12 successfully removed.
[useradd_workflow] User contaudit12 created successfully.
2024-10-10 03:26:06.774429620 [executor] Finished!

2024-10-10 03:26:06,776 INFO - ContAudITWrapper#12 - Running post-command actions...
2024-10-10 03:26:06,776 INFO - ContAudITWrapper#12 - Analyzing current environment state...
2024-10-10 03:26:06,821 INFO - ContAudITWrapper#12 - Saving current environment state...
2024-10-10 03:26:06,822 INFO - ContAudITWrapper#12 - Environment state hash: a7ffc6f8bf1ed76651c14756a061d662f580ff4de43b49fa82d80a4b80f8434a
2024-10-10 03:26:06,823 INFO - ContAudITWrapper#12 - Checking environment diff...
2024-10-10 03:26:06,854 INFO - ContAudITWrapper#12 - Environment diff: 
2024-10-10 03:26:06,854 INFO - ContAudITWrapper#12 - Cleaning temporary files...
2024-10-10 03:26:06,863 INFO - ContAudITWrapper#12 - Sending to blockchain...
2024-10-10 03:26:09,693 INFO - ContAudITWrapper#12 - Response 
2024-10-10 03:26:09,701 INFO - ContAudITWrapper#12 - Finishing ContAudIT Wrapper...
