2024-10-10 03:25:37,839 INFO - ContAudITWrapper#9 - Initializing ContAudIT Wrapper...
2024-10-10 03:25:37,896 INFO - ContAudITWrapper#9 - Current directory: /home/ec2-user/Code/ufrgs-poc/contaudit-wrapper.jar
2024-10-10 03:25:43,211 INFO - ContAudITWrapper#9 - Wrapper hash: b7519188ed863d76e5199a8d880bb968bdf9124fad53b871583787e123a7a764
2024-10-10 03:25:43,217 INFO - ContAudITWrapper#9 - Validating Wrapper...
2024-10-10 03:25:58,453 INFO - ContAudITWrapper#9 - Response true
2024-10-10 03:25:58,552 INFO - ContAudITWrapper#9 - Application hash: e36ee2d35f8c4c41bd358782dfb3ac8852b40439d350ff27616f0c18819ce9bf
2024-10-10 03:25:58,553 INFO - ContAudITWrapper#9 - Validating Application...
2024-10-10 03:26:01,311 INFO - ContAudITWrapper#9 - Response true
2024-10-10 03:26:01,313 INFO - ContAudITWrapper#9 - Artifact user.workflow hash: 52877374d8c54314b7af92814eaf729121e99a87e9706a2888cd9bcd951b11c9
2024-10-10 03:26:01,323 INFO - ContAudITWrapper#9 - Validating Artifact...
2024-10-10 03:26:03,693 INFO - ContAudITWrapper#9 - Response true
2024-10-10 03:26:03,695 INFO - ContAudITWrapper#9 - Running pre-command actions...
2024-10-10 03:26:03,697 INFO - ContAudITWrapper#9 - Analyzing current environment state...
2024-10-10 03:26:03,771 INFO - ContAudITWrapper#9 - Saving current environment state...
2024-10-10 03:26:03,772 INFO - ContAudITWrapper#9 - Environment state hash: a7ffc6f8bf1ed76651c14756a061d662f580ff4de43b49fa82d80a4b80f8434a
2024-10-10 03:26:03,772 INFO - ContAudITWrapper#9 - Executing command...
2024-10-10 03:26:05,354 INFO - ContAudITWrapper#9 - Command output: 
2024-10-10 03:26:03.828528061 [executor] Initializing the workflow...
[useradd_workflow] User contaudit9 already exists. Removing...
[useradd_workflow] User contaudit9 successfully removed.
[useradd_workflow] User contaudit9 created successfully.
2024-10-10 03:26:05.353437871 [executor] Finished!

2024-10-10 03:26:05,354 INFO - ContAudITWrapper#9 - Running post-command actions...
2024-10-10 03:26:05,354 INFO - ContAudITWrapper#9 - Analyzing current environment state...
2024-10-10 03:26:05,427 INFO - ContAudITWrapper#9 - Saving current environment state...
2024-10-10 03:26:05,427 INFO - ContAudITWrapper#9 - Environment state hash: a7ffc6f8bf1ed76651c14756a061d662f580ff4de43b49fa82d80a4b80f8434a
2024-10-10 03:26:05,428 INFO - ContAudITWrapper#9 - Checking environment diff...
2024-10-10 03:26:05,495 INFO - ContAudITWrapper#9 - Environment diff: 
2024-10-10 03:26:05,495 INFO - ContAudITWrapper#9 - Cleaning temporary files...
2024-10-10 03:26:05,510 INFO - ContAudITWrapper#9 - Sending to blockchain...
2024-10-10 03:26:08,757 INFO - ContAudITWrapper#9 - Response 
2024-10-10 03:26:08,759 INFO - ContAudITWrapper#9 - Finishing ContAudIT Wrapper...
