2024-10-10 03:25:37,813 INFO - ContAudITWrapper#22 - Initializing ContAudIT Wrapper...
2024-10-10 03:25:37,862 INFO - ContAudITWrapper#22 - Current directory: /home/ec2-user/Code/ufrgs-poc/contaudit-wrapper.jar
2024-10-10 03:25:42,646 INFO - ContAudITWrapper#22 - Wrapper hash: b7519188ed863d76e5199a8d880bb968bdf9124fad53b871583787e123a7a764
2024-10-10 03:25:42,653 INFO - ContAudITWrapper#22 - Validating Wrapper...
2024-10-10 03:25:58,545 INFO - ContAudITWrapper#22 - Response true
2024-10-10 03:25:58,582 INFO - ContAudITWrapper#22 - Application hash: e36ee2d35f8c4c41bd358782dfb3ac8852b40439d350ff27616f0c18819ce9bf
2024-10-10 03:25:58,583 INFO - ContAudITWrapper#22 - Validating Application...
2024-10-10 03:26:02,021 INFO - ContAudITWrapper#22 - Response true
2024-10-10 03:26:02,041 INFO - ContAudITWrapper#22 - Artifact user.workflow hash: 52877374d8c54314b7af92814eaf729121e99a87e9706a2888cd9bcd951b11c9
2024-10-10 03:26:02,060 INFO - ContAudITWrapper#22 - Validating Artifact...
2024-10-10 03:26:04,797 INFO - ContAudITWrapper#22 - Response true
2024-10-10 03:26:04,829 INFO - ContAudITWrapper#22 - Running pre-command actions...
2024-10-10 03:26:04,832 INFO - ContAudITWrapper#22 - Analyzing current environment state...
2024-10-10 03:26:04,943 INFO - ContAudITWrapper#22 - Saving current environment state...
2024-10-10 03:26:04,944 INFO - ContAudITWrapper#22 - Environment state hash: a7ffc6f8bf1ed76651c14756a061d662f580ff4de43b49fa82d80a4b80f8434a
2024-10-10 03:26:04,944 INFO - ContAudITWrapper#22 - Executing command...
2024-10-10 03:26:05,749 INFO - ContAudITWrapper#22 - Command output: 
2024-10-10 03:26:04.995951727 [executor] Initializing the workflow...
[useradd_workflow] User contaudit22 does not exist. Creating...
[useradd_workflow] User contaudit22 created successfully.
2024-10-10 03:26:05.748363547 [executor] Finished!

2024-10-10 03:26:05,749 INFO - ContAudITWrapper#22 - Running post-command actions...
2024-10-10 03:26:05,750 INFO - ContAudITWrapper#22 - Analyzing current environment state...
2024-10-10 03:26:05,766 INFO - ContAudITWrapper#22 - Saving current environment state...
2024-10-10 03:26:05,767 INFO - ContAudITWrapper#22 - Environment state hash: a7ffc6f8bf1ed76651c14756a061d662f580ff4de43b49fa82d80a4b80f8434a
2024-10-10 03:26:05,768 INFO - ContAudITWrapper#22 - Checking environment diff...
2024-10-10 03:26:05,773 INFO - ContAudITWrapper#22 - Environment diff: 
2024-10-10 03:26:05,773 INFO - ContAudITWrapper#22 - Cleaning temporary files...
2024-10-10 03:26:05,784 INFO - ContAudITWrapper#22 - Sending to blockchain...
2024-10-10 03:26:08,750 INFO - ContAudITWrapper#22 - Response 
2024-10-10 03:26:08,751 INFO - ContAudITWrapper#22 - Finishing ContAudIT Wrapper...
