2024-10-11 04:55:58,986 INFO - ContAudITWrapper#9 - Initializing ContAudIT Wrapper...
2024-10-11 04:55:59,193 INFO - ContAudITWrapper#9 - Current directory: /home/ec2-user/Code/ufrgs-poc/contaudit-wrapper.jar
2024-10-11 04:56:22,243 INFO - ContAudITWrapper#9 - Wrapper hash: b7519188ed863d76e5199a8d880bb968bdf9124fad53b871583787e123a7a764
2024-10-11 04:56:22,356 INFO - ContAudITWrapper#9 - Validating Wrapper...
2024-10-11 04:57:30,921 INFO - ContAudITWrapper#9 - Response true
2024-10-11 04:57:31,361 INFO - ContAudITWrapper#9 - Application hash: e36ee2d35f8c4c41bd358782dfb3ac8852b40439d350ff27616f0c18819ce9bf
2024-10-11 04:57:31,362 INFO - ContAudITWrapper#9 - Validating Application...
2024-10-11 04:57:40,110 INFO - ContAudITWrapper#9 - Response true
2024-10-11 04:57:40,124 INFO - ContAudITWrapper#9 - Artifact apache2.workflow hash: bdb4cee855e21446b6ae53ddcb76a1632ef8c4545b5db0517e01ffd552157f6e
2024-10-11 04:57:40,141 INFO - ContAudITWrapper#9 - Validating Artifact...
2024-10-11 04:57:56,373 INFO - ContAudITWrapper#9 - Response true
2024-10-11 04:57:56,393 INFO - ContAudITWrapper#9 - Running pre-command actions...
2024-10-11 04:57:56,394 INFO - ContAudITWrapper#9 - Analyzing current environment state...
2024-10-11 04:57:56,546 INFO - ContAudITWrapper#9 - Saving current environment state...
2024-10-11 04:57:56,547 INFO - ContAudITWrapper#9 - Environment state hash: a7ffc6f8bf1ed76651c14756a061d662f580ff4de43b49fa82d80a4b80f8434a
2024-10-11 04:57:56,547 INFO - ContAudITWrapper#9 - Executing command...
2024-10-11 04:57:57,600 INFO - ContAudITWrapper#9 - Command output: 
2024-10-11 04:57:56.611548577 [executor] Initializing the workflow...
[apache2_workflow] Apache HTTP Server already installed.
[apache2_workflow] UserDir module already loaded.
[apache2_workflow] Configs to UserDir already exist.
[apache2_workflow] public_html directory already exists in /home/ec2-user.
[apache2_workflow] Creating a simple webpage...
[apache2_workflow] Moving webpage to Apache HTTP Server user website folder...
[apache2_workflow] Page moved successfully!
2024-10-11 04:57:57.598979587 [executor] Finished!

2024-10-11 04:57:57,601 INFO - ContAudITWrapper#9 - Running post-command actions...
2024-10-11 04:57:57,601 INFO - ContAudITWrapper#9 - Analyzing current environment state...
2024-10-11 04:57:57,783 INFO - ContAudITWrapper#9 - Saving current environment state...
2024-10-11 04:57:57,784 INFO - ContAudITWrapper#9 - Environment state hash: a7ffc6f8bf1ed76651c14756a061d662f580ff4de43b49fa82d80a4b80f8434a
2024-10-11 04:57:57,784 INFO - ContAudITWrapper#9 - Checking environment diff...
2024-10-11 04:57:57,886 INFO - ContAudITWrapper#9 - Environment diff: 
2024-10-11 04:57:57,886 INFO - ContAudITWrapper#9 - Cleaning temporary files...
2024-10-11 04:57:58,006 INFO - ContAudITWrapper#9 - Sending to blockchain...
2024-10-11 04:58:11,806 INFO - ContAudITWrapper#9 - Response 
2024-10-11 04:58:11,808 INFO - ContAudITWrapper#9 - Finishing ContAudIT Wrapper...
