2024-10-11 04:55:58,541 INFO - ContAudITWrapper#68 - Initializing ContAudIT Wrapper...
2024-10-11 04:55:58,727 INFO - ContAudITWrapper#68 - Current directory: /home/ec2-user/Code/ufrgs-poc/contaudit-wrapper.jar
2024-10-11 04:56:18,486 INFO - ContAudITWrapper#68 - Wrapper hash: b7519188ed863d76e5199a8d880bb968bdf9124fad53b871583787e123a7a764
2024-10-11 04:56:18,569 INFO - ContAudITWrapper#68 - Validating Wrapper...
2024-10-11 04:57:22,775 INFO - ContAudITWrapper#68 - Response true
2024-10-11 04:57:22,992 INFO - ContAudITWrapper#68 - Application hash: e36ee2d35f8c4c41bd358782dfb3ac8852b40439d350ff27616f0c18819ce9bf
2024-10-11 04:57:22,993 INFO - ContAudITWrapper#68 - Validating Application...
2024-10-11 04:57:34,008 INFO - ContAudITWrapper#68 - Response true
2024-10-11 04:57:34,023 INFO - ContAudITWrapper#68 - Artifact apache2.workflow hash: bdb4cee855e21446b6ae53ddcb76a1632ef8c4545b5db0517e01ffd552157f6e
2024-10-11 04:57:34,116 INFO - ContAudITWrapper#68 - Validating Artifact...
2024-10-11 04:57:47,373 INFO - ContAudITWrapper#68 - Response true
2024-10-11 04:57:47,385 INFO - ContAudITWrapper#68 - Running pre-command actions...
2024-10-11 04:57:47,386 INFO - ContAudITWrapper#68 - Analyzing current environment state...
2024-10-11 04:57:47,553 INFO - ContAudITWrapper#68 - Saving current environment state...
2024-10-11 04:57:47,554 INFO - ContAudITWrapper#68 - Environment state hash: a7ffc6f8bf1ed76651c14756a061d662f580ff4de43b49fa82d80a4b80f8434a
2024-10-11 04:57:47,555 INFO - ContAudITWrapper#68 - Executing command...
2024-10-11 04:57:49,079 INFO - ContAudITWrapper#68 - Command output: 
2024-10-11 04:57:47.850643349 [executor] Initializing the workflow...
[apache2_workflow] Apache HTTP Server already installed.
[apache2_workflow] UserDir module already loaded.
[apache2_workflow] Configs to UserDir already exist.
[apache2_workflow] public_html directory already exists in /home/ec2-user.
[apache2_workflow] Creating a simple webpage...
[apache2_workflow] Moving webpage to Apache HTTP Server user website folder...
[apache2_workflow] Page moved successfully!
2024-10-11 04:57:49.078907519 [executor] Finished!

2024-10-11 04:57:49,080 INFO - ContAudITWrapper#68 - Running post-command actions...
2024-10-11 04:57:49,080 INFO - ContAudITWrapper#68 - Analyzing current environment state...
2024-10-11 04:57:49,383 INFO - ContAudITWrapper#68 - Saving current environment state...
2024-10-11 04:57:49,384 INFO - ContAudITWrapper#68 - Environment state hash: a7ffc6f8bf1ed76651c14756a061d662f580ff4de43b49fa82d80a4b80f8434a
2024-10-11 04:57:49,384 INFO - ContAudITWrapper#68 - Checking environment diff...
2024-10-11 04:57:49,471 INFO - ContAudITWrapper#68 - Environment diff: 
2024-10-11 04:57:49,473 INFO - ContAudITWrapper#68 - Cleaning temporary files...
2024-10-11 04:57:49,549 INFO - ContAudITWrapper#68 - Sending to blockchain...
2024-10-11 04:58:05,867 INFO - ContAudITWrapper#68 - Response 
2024-10-11 04:58:05,868 INFO - ContAudITWrapper#68 - Finishing ContAudIT Wrapper...
