2024-10-11 04:55:56,915 INFO - ContAudITWrapper#47 - Initializing ContAudIT Wrapper...
2024-10-11 04:55:57,084 INFO - ContAudITWrapper#47 - Current directory: /home/ec2-user/Code/ufrgs-poc/contaudit-wrapper.jar
2024-10-11 04:56:19,569 INFO - ContAudITWrapper#47 - Wrapper hash: b7519188ed863d76e5199a8d880bb968bdf9124fad53b871583787e123a7a764
2024-10-11 04:56:19,747 INFO - ContAudITWrapper#47 - Validating Wrapper...
2024-10-11 04:57:30,207 INFO - ContAudITWrapper#47 - Response true
2024-10-11 04:57:30,335 INFO - ContAudITWrapper#47 - Application hash: e36ee2d35f8c4c41bd358782dfb3ac8852b40439d350ff27616f0c18819ce9bf
2024-10-11 04:57:30,336 INFO - ContAudITWrapper#47 - Validating Application...
2024-10-11 04:57:41,814 INFO - ContAudITWrapper#47 - Response true
2024-10-11 04:57:41,842 INFO - ContAudITWrapper#47 - Artifact apache2.workflow hash: bdb4cee855e21446b6ae53ddcb76a1632ef8c4545b5db0517e01ffd552157f6e
2024-10-11 04:57:41,871 INFO - ContAudITWrapper#47 - Validating Artifact...
2024-10-11 04:57:51,125 INFO - ContAudITWrapper#47 - Response true
2024-10-11 04:57:51,149 INFO - ContAudITWrapper#47 - Running pre-command actions...
2024-10-11 04:57:51,156 INFO - ContAudITWrapper#47 - Analyzing current environment state...
2024-10-11 04:57:51,235 INFO - ContAudITWrapper#47 - Saving current environment state...
2024-10-11 04:57:51,236 INFO - ContAudITWrapper#47 - Environment state hash: a7ffc6f8bf1ed76651c14756a061d662f580ff4de43b49fa82d80a4b80f8434a
2024-10-11 04:57:51,237 INFO - ContAudITWrapper#47 - Executing command...
2024-10-11 04:57:52,817 INFO - ContAudITWrapper#47 - Command output: 
2024-10-11 04:57:51.333400857 [executor] Initializing the workflow...
[apache2_workflow] Apache HTTP Server already installed.
[apache2_workflow] UserDir module already loaded.
[apache2_workflow] Configs to UserDir already exist.
[apache2_workflow] public_html directory already exists in /home/ec2-user.
[apache2_workflow] Creating a simple webpage...
[apache2_workflow] Moving webpage to Apache HTTP Server user website folder...
[apache2_workflow] Page moved successfully!
2024-10-11 04:57:52.816961286 [executor] Finished!

2024-10-11 04:57:52,818 INFO - ContAudITWrapper#47 - Running post-command actions...
2024-10-11 04:57:52,818 INFO - ContAudITWrapper#47 - Analyzing current environment state...
2024-10-11 04:57:52,927 INFO - ContAudITWrapper#47 - Saving current environment state...
2024-10-11 04:57:52,929 INFO - ContAudITWrapper#47 - Environment state hash: a7ffc6f8bf1ed76651c14756a061d662f580ff4de43b49fa82d80a4b80f8434a
2024-10-11 04:57:52,929 INFO - ContAudITWrapper#47 - Checking environment diff...
2024-10-11 04:57:53,004 INFO - ContAudITWrapper#47 - Environment diff: 
2024-10-11 04:57:53,005 INFO - ContAudITWrapper#47 - Cleaning temporary files...
2024-10-11 04:57:53,149 INFO - ContAudITWrapper#47 - Sending to blockchain...
2024-10-11 04:58:07,284 INFO - ContAudITWrapper#47 - Response 
2024-10-11 04:58:07,286 INFO - ContAudITWrapper#47 - Finishing ContAudIT Wrapper...
