2024-10-11 04:55:59,211 INFO - ContAudITWrapper#100 - Initializing ContAudIT Wrapper...
2024-10-11 04:55:59,437 INFO - ContAudITWrapper#100 - Current directory: /home/ec2-user/Code/ufrgs-poc/contaudit-wrapper.jar
2024-10-11 04:56:22,387 INFO - ContAudITWrapper#100 - Wrapper hash: b7519188ed863d76e5199a8d880bb968bdf9124fad53b871583787e123a7a764
2024-10-11 04:56:22,547 INFO - ContAudITWrapper#100 - Validating Wrapper...
2024-10-11 04:57:33,113 INFO - ContAudITWrapper#100 - Response true
2024-10-11 04:57:33,266 INFO - ContAudITWrapper#100 - Application hash: e36ee2d35f8c4c41bd358782dfb3ac8852b40439d350ff27616f0c18819ce9bf
2024-10-11 04:57:33,267 INFO - ContAudITWrapper#100 - Validating Application...
2024-10-11 04:57:45,988 INFO - ContAudITWrapper#100 - Response true
2024-10-11 04:57:45,998 INFO - ContAudITWrapper#100 - Artifact apache2.workflow hash: bdb4cee855e21446b6ae53ddcb76a1632ef8c4545b5db0517e01ffd552157f6e
2024-10-11 04:57:46,008 INFO - ContAudITWrapper#100 - Validating Artifact...
2024-10-11 04:58:00,861 INFO - ContAudITWrapper#100 - Response true
2024-10-11 04:58:00,869 INFO - ContAudITWrapper#100 - Running pre-command actions...
2024-10-11 04:58:00,870 INFO - ContAudITWrapper#100 - Analyzing current environment state...
2024-10-11 04:58:01,038 INFO - ContAudITWrapper#100 - Saving current environment state...
2024-10-11 04:58:01,039 INFO - ContAudITWrapper#100 - Environment state hash: a7ffc6f8bf1ed76651c14756a061d662f580ff4de43b49fa82d80a4b80f8434a
2024-10-11 04:58:01,042 INFO - ContAudITWrapper#100 - Executing command...
2024-10-11 04:58:02,523 INFO - ContAudITWrapper#100 - Command output: 
2024-10-11 04:58:01.261770253 [executor] Initializing the workflow...
[apache2_workflow] Apache HTTP Server already installed.
[apache2_workflow] UserDir module already loaded.
[apache2_workflow] Configs to UserDir already exist.
[apache2_workflow] public_html directory already exists in /home/ec2-user.
[apache2_workflow] Creating a simple webpage...
[apache2_workflow] Moving webpage to Apache HTTP Server user website folder...
[apache2_workflow] Page moved successfully!
2024-10-11 04:58:02.519374820 [executor] Finished!

2024-10-11 04:58:02,523 INFO - ContAudITWrapper#100 - Running post-command actions...
2024-10-11 04:58:02,523 INFO - ContAudITWrapper#100 - Analyzing current environment state...
2024-10-11 04:58:02,653 INFO - ContAudITWrapper#100 - Saving current environment state...
2024-10-11 04:58:02,653 INFO - ContAudITWrapper#100 - Environment state hash: a7ffc6f8bf1ed76651c14756a061d662f580ff4de43b49fa82d80a4b80f8434a
2024-10-11 04:58:02,654 INFO - ContAudITWrapper#100 - Checking environment diff...
2024-10-11 04:58:02,746 INFO - ContAudITWrapper#100 - Environment diff: 
2024-10-11 04:58:02,747 INFO - ContAudITWrapper#100 - Cleaning temporary files...
2024-10-11 04:58:02,838 INFO - ContAudITWrapper#100 - Sending to blockchain...
2024-10-11 04:58:14,013 INFO - ContAudITWrapper#100 - Response 
2024-10-11 04:58:14,018 INFO - ContAudITWrapper#100 - Finishing ContAudIT Wrapper...
