2024-10-11 04:55:56,438 INFO - ContAudITWrapper#10 - Initializing ContAudIT Wrapper...
2024-10-11 04:55:56,685 INFO - ContAudITWrapper#10 - Current directory: /home/ec2-user/Code/ufrgs-poc/contaudit-wrapper.jar
2024-10-11 04:56:17,733 INFO - ContAudITWrapper#10 - Wrapper hash: b7519188ed863d76e5199a8d880bb968bdf9124fad53b871583787e123a7a764
2024-10-11 04:56:17,783 INFO - ContAudITWrapper#10 - Validating Wrapper...
2024-10-11 04:57:21,393 INFO - ContAudITWrapper#10 - Response true
2024-10-11 04:57:21,645 INFO - ContAudITWrapper#10 - Application hash: e36ee2d35f8c4c41bd358782dfb3ac8852b40439d350ff27616f0c18819ce9bf
2024-10-11 04:57:21,689 INFO - ContAudITWrapper#10 - Validating Application...
2024-10-11 04:57:37,823 INFO - ContAudITWrapper#10 - Response true
2024-10-11 04:57:37,840 INFO - ContAudITWrapper#10 - Artifact apache2.workflow hash: bdb4cee855e21446b6ae53ddcb76a1632ef8c4545b5db0517e01ffd552157f6e
2024-10-11 04:57:37,861 INFO - ContAudITWrapper#10 - Validating Artifact...
2024-10-11 04:57:48,971 INFO - ContAudITWrapper#10 - Response true
2024-10-11 04:57:48,985 INFO - ContAudITWrapper#10 - Running pre-command actions...
2024-10-11 04:57:48,986 INFO - ContAudITWrapper#10 - Analyzing current environment state...
2024-10-11 04:57:49,199 INFO - ContAudITWrapper#10 - Saving current environment state...
2024-10-11 04:57:49,200 INFO - ContAudITWrapper#10 - Environment state hash: a7ffc6f8bf1ed76651c14756a061d662f580ff4de43b49fa82d80a4b80f8434a
2024-10-11 04:57:49,200 INFO - ContAudITWrapper#10 - Executing command...
2024-10-11 04:57:50,994 INFO - ContAudITWrapper#10 - Command output: 
2024-10-11 04:57:49.333968059 [executor] Initializing the workflow...
[apache2_workflow] Apache HTTP Server already installed.
[apache2_workflow] UserDir module already loaded.
[apache2_workflow] Configs to UserDir already exist.
[apache2_workflow] public_html directory already exists in /home/ec2-user.
[apache2_workflow] Creating a simple webpage...
[apache2_workflow] Moving webpage to Apache HTTP Server user website folder...
[apache2_workflow] Page moved successfully!
2024-10-11 04:57:50.993323847 [executor] Finished!

2024-10-11 04:57:50,994 INFO - ContAudITWrapper#10 - Running post-command actions...
2024-10-11 04:57:50,994 INFO - ContAudITWrapper#10 - Analyzing current environment state...
2024-10-11 04:57:51,160 INFO - ContAudITWrapper#10 - Saving current environment state...
2024-10-11 04:57:51,161 INFO - ContAudITWrapper#10 - Environment state hash: a7ffc6f8bf1ed76651c14756a061d662f580ff4de43b49fa82d80a4b80f8434a
2024-10-11 04:57:51,161 INFO - ContAudITWrapper#10 - Checking environment diff...
2024-10-11 04:57:51,255 INFO - ContAudITWrapper#10 - Environment diff: 
2024-10-11 04:57:51,255 INFO - ContAudITWrapper#10 - Cleaning temporary files...
2024-10-11 04:57:51,327 INFO - ContAudITWrapper#10 - Sending to blockchain...
2024-10-11 04:58:02,758 INFO - ContAudITWrapper#10 - Response 
2024-10-11 04:58:02,766 INFO - ContAudITWrapper#10 - Finishing ContAudIT Wrapper...
