2024-10-11 04:55:59,146 INFO - ContAudITWrapper#70 - Initializing ContAudIT Wrapper...
2024-10-11 04:55:59,347 INFO - ContAudITWrapper#70 - Current directory: /home/ec2-user/Code/ufrgs-poc/contaudit-wrapper.jar
2024-10-11 04:56:21,964 INFO - ContAudITWrapper#70 - Wrapper hash: b7519188ed863d76e5199a8d880bb968bdf9124fad53b871583787e123a7a764
2024-10-11 04:56:21,977 INFO - ContAudITWrapper#70 - Validating Wrapper...
2024-10-11 04:57:33,324 INFO - ContAudITWrapper#70 - Response true
2024-10-11 04:57:33,592 INFO - ContAudITWrapper#70 - Application hash: e36ee2d35f8c4c41bd358782dfb3ac8852b40439d350ff27616f0c18819ce9bf
2024-10-11 04:57:33,594 INFO - ContAudITWrapper#70 - Validating Application...
2024-10-11 04:57:47,715 INFO - ContAudITWrapper#70 - Response true
2024-10-11 04:57:47,726 INFO - ContAudITWrapper#70 - Artifact apache2.workflow hash: bdb4cee855e21446b6ae53ddcb76a1632ef8c4545b5db0517e01ffd552157f6e
2024-10-11 04:57:47,747 INFO - ContAudITWrapper#70 - Validating Artifact...
2024-10-11 04:58:00,912 INFO - ContAudITWrapper#70 - Response true
2024-10-11 04:58:00,914 INFO - ContAudITWrapper#70 - Running pre-command actions...
2024-10-11 04:58:00,922 INFO - ContAudITWrapper#70 - Analyzing current environment state...
2024-10-11 04:58:01,106 INFO - ContAudITWrapper#70 - Saving current environment state...
2024-10-11 04:58:01,107 INFO - ContAudITWrapper#70 - Environment state hash: a7ffc6f8bf1ed76651c14756a061d662f580ff4de43b49fa82d80a4b80f8434a
2024-10-11 04:58:01,107 INFO - ContAudITWrapper#70 - Executing command...
2024-10-11 04:58:02,533 INFO - ContAudITWrapper#70 - Command output: 
2024-10-11 04:58:01.293850778 [executor] Initializing the workflow...
[apache2_workflow] Apache HTTP Server already installed.
[apache2_workflow] UserDir module already loaded.
[apache2_workflow] Configs to UserDir already exist.
[apache2_workflow] public_html directory already exists in /home/ec2-user.
[apache2_workflow] Creating a simple webpage...
[apache2_workflow] Moving webpage to Apache HTTP Server user website folder...
[apache2_workflow] Page moved successfully!
2024-10-11 04:58:02.520253009 [executor] Finished!

2024-10-11 04:58:02,534 INFO - ContAudITWrapper#70 - Running post-command actions...
2024-10-11 04:58:02,534 INFO - ContAudITWrapper#70 - Analyzing current environment state...
2024-10-11 04:58:02,613 INFO - ContAudITWrapper#70 - Saving current environment state...
2024-10-11 04:58:02,614 INFO - ContAudITWrapper#70 - Environment state hash: a7ffc6f8bf1ed76651c14756a061d662f580ff4de43b49fa82d80a4b80f8434a
2024-10-11 04:58:02,614 INFO - ContAudITWrapper#70 - Checking environment diff...
2024-10-11 04:58:02,751 INFO - ContAudITWrapper#70 - Environment diff: 
2024-10-11 04:58:02,752 INFO - ContAudITWrapper#70 - Cleaning temporary files...
2024-10-11 04:58:02,843 INFO - ContAudITWrapper#70 - Sending to blockchain...
2024-10-11 04:58:13,111 INFO - ContAudITWrapper#70 - Response 
2024-10-11 04:58:13,114 INFO - ContAudITWrapper#70 - Finishing ContAudIT Wrapper...
