2024-10-11 04:55:59,147 INFO - ContAudITWrapper#43 - Initializing ContAudIT Wrapper...
2024-10-11 04:55:59,340 INFO - ContAudITWrapper#43 - Current directory: /home/ec2-user/Code/ufrgs-poc/contaudit-wrapper.jar
2024-10-11 04:56:19,829 INFO - ContAudITWrapper#43 - Wrapper hash: b7519188ed863d76e5199a8d880bb968bdf9124fad53b871583787e123a7a764
2024-10-11 04:56:19,838 INFO - ContAudITWrapper#43 - Validating Wrapper...
2024-10-11 04:57:28,466 INFO - ContAudITWrapper#43 - Response true
2024-10-11 04:57:28,886 INFO - ContAudITWrapper#43 - Application hash: e36ee2d35f8c4c41bd358782dfb3ac8852b40439d350ff27616f0c18819ce9bf
2024-10-11 04:57:28,953 INFO - ContAudITWrapper#43 - Validating Application...
2024-10-11 04:57:41,281 INFO - ContAudITWrapper#43 - Response true
2024-10-11 04:57:41,302 INFO - ContAudITWrapper#43 - Artifact apache2.workflow hash: bdb4cee855e21446b6ae53ddcb76a1632ef8c4545b5db0517e01ffd552157f6e
2024-10-11 04:57:41,332 INFO - ContAudITWrapper#43 - Validating Artifact...
2024-10-11 04:57:55,646 INFO - ContAudITWrapper#43 - Response true
2024-10-11 04:57:55,649 INFO - ContAudITWrapper#43 - Running pre-command actions...
2024-10-11 04:57:55,651 INFO - ContAudITWrapper#43 - Analyzing current environment state...
2024-10-11 04:57:55,840 INFO - ContAudITWrapper#43 - Saving current environment state...
2024-10-11 04:57:55,841 INFO - ContAudITWrapper#43 - Environment state hash: a7ffc6f8bf1ed76651c14756a061d662f580ff4de43b49fa82d80a4b80f8434a
2024-10-11 04:57:55,842 INFO - ContAudITWrapper#43 - Executing command...
2024-10-11 04:57:57,362 INFO - ContAudITWrapper#43 - Command output: 
2024-10-11 04:57:55.936022656 [executor] Initializing the workflow...
[apache2_workflow] Apache HTTP Server already installed.
[apache2_workflow] UserDir module already loaded.
[apache2_workflow] Configs to UserDir already exist.
[apache2_workflow] public_html directory already exists in /home/ec2-user.
[apache2_workflow] Creating a simple webpage...
[apache2_workflow] Moving webpage to Apache HTTP Server user website folder...
[apache2_workflow] Page moved successfully!
2024-10-11 04:57:57.361152990 [executor] Finished!

2024-10-11 04:57:57,362 INFO - ContAudITWrapper#43 - Running post-command actions...
2024-10-11 04:57:57,362 INFO - ContAudITWrapper#43 - Analyzing current environment state...
2024-10-11 04:57:57,490 INFO - ContAudITWrapper#43 - Saving current environment state...
2024-10-11 04:57:57,491 INFO - ContAudITWrapper#43 - Environment state hash: a7ffc6f8bf1ed76651c14756a061d662f580ff4de43b49fa82d80a4b80f8434a
2024-10-11 04:57:57,491 INFO - ContAudITWrapper#43 - Checking environment diff...
2024-10-11 04:57:57,545 INFO - ContAudITWrapper#43 - Environment diff: 
2024-10-11 04:57:57,545 INFO - ContAudITWrapper#43 - Cleaning temporary files...
2024-10-11 04:57:57,741 INFO - ContAudITWrapper#43 - Sending to blockchain...
2024-10-11 04:58:12,671 INFO - ContAudITWrapper#43 - Response 
2024-10-11 04:58:12,673 INFO - ContAudITWrapper#43 - Finishing ContAudIT Wrapper...
