2024-10-11 04:55:58,893 INFO - ContAudITWrapper#96 - Initializing ContAudIT Wrapper...
2024-10-11 04:55:59,110 INFO - ContAudITWrapper#96 - Current directory: /home/ec2-user/Code/ufrgs-poc/contaudit-wrapper.jar
2024-10-11 04:56:19,578 INFO - ContAudITWrapper#96 - Wrapper hash: b7519188ed863d76e5199a8d880bb968bdf9124fad53b871583787e123a7a764
2024-10-11 04:56:19,585 INFO - ContAudITWrapper#96 - Validating Wrapper...
2024-10-11 04:57:27,270 INFO - ContAudITWrapper#96 - Response true
2024-10-11 04:57:27,460 INFO - ContAudITWrapper#96 - Application hash: e36ee2d35f8c4c41bd358782dfb3ac8852b40439d350ff27616f0c18819ce9bf
2024-10-11 04:57:27,461 INFO - ContAudITWrapper#96 - Validating Application...
2024-10-11 04:57:44,098 INFO - ContAudITWrapper#96 - Response true
2024-10-11 04:57:44,116 INFO - ContAudITWrapper#96 - Artifact apache2.workflow hash: bdb4cee855e21446b6ae53ddcb76a1632ef8c4545b5db0517e01ffd552157f6e
2024-10-11 04:57:44,164 INFO - ContAudITWrapper#96 - Validating Artifact...
2024-10-11 04:57:55,861 INFO - ContAudITWrapper#96 - Response true
2024-10-11 04:57:55,865 INFO - ContAudITWrapper#96 - Running pre-command actions...
2024-10-11 04:57:55,866 INFO - ContAudITWrapper#96 - Analyzing current environment state...
2024-10-11 04:57:56,027 INFO - ContAudITWrapper#96 - Saving current environment state...
2024-10-11 04:57:56,028 INFO - ContAudITWrapper#96 - Environment state hash: a7ffc6f8bf1ed76651c14756a061d662f580ff4de43b49fa82d80a4b80f8434a
2024-10-11 04:57:56,029 INFO - ContAudITWrapper#96 - Executing command...
2024-10-11 04:57:57,518 INFO - ContAudITWrapper#96 - Command output: 
2024-10-11 04:57:56.087382148 [executor] Initializing the workflow...
[apache2_workflow] Apache HTTP Server already installed.
[apache2_workflow] UserDir module already loaded.
[apache2_workflow] Configs to UserDir already exist.
[apache2_workflow] public_html directory already exists in /home/ec2-user.
[apache2_workflow] Creating a simple webpage...
[apache2_workflow] Moving webpage to Apache HTTP Server user website folder...
[apache2_workflow] Page moved successfully!
2024-10-11 04:57:57.514547837 [executor] Finished!

2024-10-11 04:57:57,518 INFO - ContAudITWrapper#96 - Running post-command actions...
2024-10-11 04:57:57,518 INFO - ContAudITWrapper#96 - Analyzing current environment state...
2024-10-11 04:57:57,774 INFO - ContAudITWrapper#96 - Saving current environment state...
2024-10-11 04:57:57,774 INFO - ContAudITWrapper#96 - Environment state hash: a7ffc6f8bf1ed76651c14756a061d662f580ff4de43b49fa82d80a4b80f8434a
2024-10-11 04:57:57,775 INFO - ContAudITWrapper#96 - Checking environment diff...
2024-10-11 04:57:57,927 INFO - ContAudITWrapper#96 - Environment diff: 
2024-10-11 04:57:57,927 INFO - ContAudITWrapper#96 - Cleaning temporary files...
2024-10-11 04:57:58,116 INFO - ContAudITWrapper#96 - Sending to blockchain...
2024-10-11 04:58:12,641 INFO - ContAudITWrapper#96 - Response 
2024-10-11 04:58:12,642 INFO - ContAudITWrapper#96 - Finishing ContAudIT Wrapper...
