2024-10-11 04:55:58,657 INFO - ContAudITWrapper#57 - Initializing ContAudIT Wrapper...
2024-10-11 04:55:58,879 INFO - ContAudITWrapper#57 - Current directory: /home/ec2-user/Code/ufrgs-poc/contaudit-wrapper.jar
2024-10-11 04:56:21,193 INFO - ContAudITWrapper#57 - Wrapper hash: b7519188ed863d76e5199a8d880bb968bdf9124fad53b871583787e123a7a764
2024-10-11 04:56:21,275 INFO - ContAudITWrapper#57 - Validating Wrapper...
2024-10-11 04:57:30,890 INFO - ContAudITWrapper#57 - Response true
2024-10-11 04:57:31,221 INFO - ContAudITWrapper#57 - Application hash: e36ee2d35f8c4c41bd358782dfb3ac8852b40439d350ff27616f0c18819ce9bf
2024-10-11 04:57:31,261 INFO - ContAudITWrapper#57 - Validating Application...
2024-10-11 04:57:42,654 INFO - ContAudITWrapper#57 - Response true
2024-10-11 04:57:42,663 INFO - ContAudITWrapper#57 - Artifact apache2.workflow hash: bdb4cee855e21446b6ae53ddcb76a1632ef8c4545b5db0517e01ffd552157f6e
2024-10-11 04:57:42,688 INFO - ContAudITWrapper#57 - Validating Artifact...
2024-10-11 04:57:53,561 INFO - ContAudITWrapper#57 - Response true
2024-10-11 04:57:53,568 INFO - ContAudITWrapper#57 - Running pre-command actions...
2024-10-11 04:57:53,570 INFO - ContAudITWrapper#57 - Analyzing current environment state...
2024-10-11 04:57:53,735 INFO - ContAudITWrapper#57 - Saving current environment state...
2024-10-11 04:57:53,736 INFO - ContAudITWrapper#57 - Environment state hash: a7ffc6f8bf1ed76651c14756a061d662f580ff4de43b49fa82d80a4b80f8434a
2024-10-11 04:57:53,736 INFO - ContAudITWrapper#57 - Executing command...
2024-10-11 04:57:55,432 INFO - ContAudITWrapper#57 - Command output: 
2024-10-11 04:57:53.962065239 [executor] Initializing the workflow...
[apache2_workflow] Apache HTTP Server already installed.
[apache2_workflow] UserDir module already loaded.
[apache2_workflow] Configs to UserDir already exist.
[apache2_workflow] public_html directory already exists in /home/ec2-user.
[apache2_workflow] Creating a simple webpage...
[apache2_workflow] Moving webpage to Apache HTTP Server user website folder...
[apache2_workflow] Page moved successfully!
2024-10-11 04:57:55.431821088 [executor] Finished!

2024-10-11 04:57:55,433 INFO - ContAudITWrapper#57 - Running post-command actions...
2024-10-11 04:57:55,433 INFO - ContAudITWrapper#57 - Analyzing current environment state...
2024-10-11 04:57:55,548 INFO - ContAudITWrapper#57 - Saving current environment state...
2024-10-11 04:57:55,549 INFO - ContAudITWrapper#57 - Environment state hash: a7ffc6f8bf1ed76651c14756a061d662f580ff4de43b49fa82d80a4b80f8434a
2024-10-11 04:57:55,549 INFO - ContAudITWrapper#57 - Checking environment diff...
2024-10-11 04:57:55,581 INFO - ContAudITWrapper#57 - Environment diff: 
2024-10-11 04:57:55,581 INFO - ContAudITWrapper#57 - Cleaning temporary files...
2024-10-11 04:57:55,632 INFO - ContAudITWrapper#57 - Sending to blockchain...
2024-10-11 04:58:05,638 INFO - ContAudITWrapper#57 - Response 
2024-10-11 04:58:05,639 INFO - ContAudITWrapper#57 - Finishing ContAudIT Wrapper...
