2024-10-11 04:55:59,172 INFO - ContAudITWrapper#75 - Initializing ContAudIT Wrapper...
2024-10-11 04:55:59,337 INFO - ContAudITWrapper#75 - Current directory: /home/ec2-user/Code/ufrgs-poc/contaudit-wrapper.jar
2024-10-11 04:56:23,772 INFO - ContAudITWrapper#75 - Wrapper hash: b7519188ed863d76e5199a8d880bb968bdf9124fad53b871583787e123a7a764
2024-10-11 04:56:23,956 INFO - ContAudITWrapper#75 - Validating Wrapper...
2024-10-11 04:57:32,909 INFO - ContAudITWrapper#75 - Response true
2024-10-11 04:57:32,965 INFO - ContAudITWrapper#75 - Application hash: e36ee2d35f8c4c41bd358782dfb3ac8852b40439d350ff27616f0c18819ce9bf
2024-10-11 04:57:33,009 INFO - ContAudITWrapper#75 - Validating Application...
2024-10-11 04:57:44,286 INFO - ContAudITWrapper#75 - Response true
2024-10-11 04:57:44,293 INFO - ContAudITWrapper#75 - Artifact apache2.workflow hash: bdb4cee855e21446b6ae53ddcb76a1632ef8c4545b5db0517e01ffd552157f6e
2024-10-11 04:57:44,311 INFO - ContAudITWrapper#75 - Validating Artifact...
2024-10-11 04:57:57,707 INFO - ContAudITWrapper#75 - Response true
2024-10-11 04:57:57,712 INFO - ContAudITWrapper#75 - Running pre-command actions...
2024-10-11 04:57:57,713 INFO - ContAudITWrapper#75 - Analyzing current environment state...
2024-10-11 04:57:57,948 INFO - ContAudITWrapper#75 - Saving current environment state...
2024-10-11 04:57:57,949 INFO - ContAudITWrapper#75 - Environment state hash: a7ffc6f8bf1ed76651c14756a061d662f580ff4de43b49fa82d80a4b80f8434a
2024-10-11 04:57:57,949 INFO - ContAudITWrapper#75 - Executing command...
2024-10-11 04:57:59,701 INFO - ContAudITWrapper#75 - Command output: 
2024-10-11 04:57:58.182864040 [executor] Initializing the workflow...
[apache2_workflow] Apache HTTP Server already installed.
[apache2_workflow] UserDir module already loaded.
[apache2_workflow] Configs to UserDir already exist.
[apache2_workflow] public_html directory already exists in /home/ec2-user.
[apache2_workflow] Creating a simple webpage...
[apache2_workflow] Moving webpage to Apache HTTP Server user website folder...
[apache2_workflow] Page moved successfully!
2024-10-11 04:57:59.700621300 [executor] Finished!

2024-10-11 04:57:59,701 INFO - ContAudITWrapper#75 - Running post-command actions...
2024-10-11 04:57:59,702 INFO - ContAudITWrapper#75 - Analyzing current environment state...
2024-10-11 04:57:59,896 INFO - ContAudITWrapper#75 - Saving current environment state...
2024-10-11 04:57:59,896 INFO - ContAudITWrapper#75 - Environment state hash: a7ffc6f8bf1ed76651c14756a061d662f580ff4de43b49fa82d80a4b80f8434a
2024-10-11 04:57:59,897 INFO - ContAudITWrapper#75 - Checking environment diff...
2024-10-11 04:58:00,001 INFO - ContAudITWrapper#75 - Environment diff: 
2024-10-11 04:58:00,001 INFO - ContAudITWrapper#75 - Cleaning temporary files...
2024-10-11 04:58:00,177 INFO - ContAudITWrapper#75 - Sending to blockchain...
2024-10-11 04:58:12,794 INFO - ContAudITWrapper#75 - Response 
2024-10-11 04:58:12,795 INFO - ContAudITWrapper#75 - Finishing ContAudIT Wrapper...
