2024-10-11 04:55:58,252 INFO - ContAudITWrapper#61 - Initializing ContAudIT Wrapper...
2024-10-11 04:55:58,475 INFO - ContAudITWrapper#61 - Current directory: /home/ec2-user/Code/ufrgs-poc/contaudit-wrapper.jar
2024-10-11 04:56:17,726 INFO - ContAudITWrapper#61 - Wrapper hash: b7519188ed863d76e5199a8d880bb968bdf9124fad53b871583787e123a7a764
2024-10-11 04:56:17,810 INFO - ContAudITWrapper#61 - Validating Wrapper...
2024-10-11 04:57:25,462 INFO - ContAudITWrapper#61 - Response true
2024-10-11 04:57:25,571 INFO - ContAudITWrapper#61 - Application hash: e36ee2d35f8c4c41bd358782dfb3ac8852b40439d350ff27616f0c18819ce9bf
2024-10-11 04:57:25,572 INFO - ContAudITWrapper#61 - Validating Application...
2024-10-11 04:57:39,710 INFO - ContAudITWrapper#61 - Response true
2024-10-11 04:57:39,723 INFO - ContAudITWrapper#61 - Artifact apache2.workflow hash: bdb4cee855e21446b6ae53ddcb76a1632ef8c4545b5db0517e01ffd552157f6e
2024-10-11 04:57:39,869 INFO - ContAudITWrapper#61 - Validating Artifact...
2024-10-11 04:57:52,793 INFO - ContAudITWrapper#61 - Response true
2024-10-11 04:57:52,808 INFO - ContAudITWrapper#61 - Running pre-command actions...
2024-10-11 04:57:52,810 INFO - ContAudITWrapper#61 - Analyzing current environment state...
2024-10-11 04:57:53,118 INFO - ContAudITWrapper#61 - Saving current environment state...
2024-10-11 04:57:53,119 INFO - ContAudITWrapper#61 - Environment state hash: a7ffc6f8bf1ed76651c14756a061d662f580ff4de43b49fa82d80a4b80f8434a
2024-10-11 04:57:53,119 INFO - ContAudITWrapper#61 - Executing command...
2024-10-11 04:57:54,946 INFO - ContAudITWrapper#61 - Command output: 
2024-10-11 04:57:53.302330860 [executor] Initializing the workflow...
[apache2_workflow] Apache HTTP Server already installed.
[apache2_workflow] UserDir module already loaded.
[apache2_workflow] Configs to UserDir already exist.
[apache2_workflow] public_html directory already exists in /home/ec2-user.
[apache2_workflow] Creating a simple webpage...
[apache2_workflow] Moving webpage to Apache HTTP Server user website folder...
[apache2_workflow] Page moved successfully!
2024-10-11 04:57:54.945355827 [executor] Finished!

2024-10-11 04:57:54,946 INFO - ContAudITWrapper#61 - Running post-command actions...
2024-10-11 04:57:54,946 INFO - ContAudITWrapper#61 - Analyzing current environment state...
2024-10-11 04:57:55,123 INFO - ContAudITWrapper#61 - Saving current environment state...
2024-10-11 04:57:55,123 INFO - ContAudITWrapper#61 - Environment state hash: a7ffc6f8bf1ed76651c14756a061d662f580ff4de43b49fa82d80a4b80f8434a
2024-10-11 04:57:55,123 INFO - ContAudITWrapper#61 - Checking environment diff...
2024-10-11 04:57:55,149 INFO - ContAudITWrapper#61 - Environment diff: 
2024-10-11 04:57:55,149 INFO - ContAudITWrapper#61 - Cleaning temporary files...
2024-10-11 04:57:55,299 INFO - ContAudITWrapper#61 - Sending to blockchain...
2024-10-11 04:58:08,935 INFO - ContAudITWrapper#61 - Response 
2024-10-11 04:58:08,938 INFO - ContAudITWrapper#61 - Finishing ContAudIT Wrapper...
