2024-10-11 04:55:58,161 INFO - ContAudITWrapper#66 - Initializing ContAudIT Wrapper...
2024-10-11 04:55:58,394 INFO - ContAudITWrapper#66 - Current directory: /home/ec2-user/Code/ufrgs-poc/contaudit-wrapper.jar
2024-10-11 04:56:22,213 INFO - ContAudITWrapper#66 - Wrapper hash: b7519188ed863d76e5199a8d880bb968bdf9124fad53b871583787e123a7a764
2024-10-11 04:56:22,329 INFO - ContAudITWrapper#66 - Validating Wrapper...
2024-10-11 04:57:33,733 INFO - ContAudITWrapper#66 - Response true
2024-10-11 04:57:33,887 INFO - ContAudITWrapper#66 - Application hash: e36ee2d35f8c4c41bd358782dfb3ac8852b40439d350ff27616f0c18819ce9bf
2024-10-11 04:57:33,888 INFO - ContAudITWrapper#66 - Validating Application...
2024-10-11 04:57:44,974 INFO - ContAudITWrapper#66 - Response true
2024-10-11 04:57:44,993 INFO - ContAudITWrapper#66 - Artifact apache2.workflow hash: bdb4cee855e21446b6ae53ddcb76a1632ef8c4545b5db0517e01ffd552157f6e
2024-10-11 04:57:45,074 INFO - ContAudITWrapper#66 - Validating Artifact...
2024-10-11 04:57:57,709 INFO - ContAudITWrapper#66 - Response true
2024-10-11 04:57:57,724 INFO - ContAudITWrapper#66 - Running pre-command actions...
2024-10-11 04:57:57,725 INFO - ContAudITWrapper#66 - Analyzing current environment state...
2024-10-11 04:57:57,904 INFO - ContAudITWrapper#66 - Saving current environment state...
2024-10-11 04:57:57,905 INFO - ContAudITWrapper#66 - Environment state hash: a7ffc6f8bf1ed76651c14756a061d662f580ff4de43b49fa82d80a4b80f8434a
2024-10-11 04:57:57,905 INFO - ContAudITWrapper#66 - Executing command...
2024-10-11 04:57:59,585 INFO - ContAudITWrapper#66 - Command output: 
2024-10-11 04:57:58.111154807 [executor] Initializing the workflow...
[apache2_workflow] Apache HTTP Server already installed.
[apache2_workflow] UserDir module already loaded.
[apache2_workflow] Configs to UserDir already exist.
[apache2_workflow] public_html directory already exists in /home/ec2-user.
[apache2_workflow] Creating a simple webpage...
[apache2_workflow] Moving webpage to Apache HTTP Server user website folder...
[apache2_workflow] Page moved successfully!
2024-10-11 04:57:59.583561068 [executor] Finished!

2024-10-11 04:57:59,585 INFO - ContAudITWrapper#66 - Running post-command actions...
2024-10-11 04:57:59,586 INFO - ContAudITWrapper#66 - Analyzing current environment state...
2024-10-11 04:57:59,686 INFO - ContAudITWrapper#66 - Saving current environment state...
2024-10-11 04:57:59,686 INFO - ContAudITWrapper#66 - Environment state hash: a7ffc6f8bf1ed76651c14756a061d662f580ff4de43b49fa82d80a4b80f8434a
2024-10-11 04:57:59,687 INFO - ContAudITWrapper#66 - Checking environment diff...
2024-10-11 04:57:59,770 INFO - ContAudITWrapper#66 - Environment diff: 
2024-10-11 04:57:59,771 INFO - ContAudITWrapper#66 - Cleaning temporary files...
2024-10-11 04:57:59,839 INFO - ContAudITWrapper#66 - Sending to blockchain...
2024-10-11 04:58:12,699 INFO - ContAudITWrapper#66 - Response 
2024-10-11 04:58:12,701 INFO - ContAudITWrapper#66 - Finishing ContAudIT Wrapper...
