2024-10-11 04:55:58,677 INFO - ContAudITWrapper#62 - Initializing ContAudIT Wrapper...
2024-10-11 04:55:58,886 INFO - ContAudITWrapper#62 - Current directory: /home/ec2-user/Code/ufrgs-poc/contaudit-wrapper.jar
2024-10-11 04:56:16,563 INFO - ContAudITWrapper#62 - Wrapper hash: b7519188ed863d76e5199a8d880bb968bdf9124fad53b871583787e123a7a764
2024-10-11 04:56:16,596 INFO - ContAudITWrapper#62 - Validating Wrapper...
2024-10-11 04:57:21,797 INFO - ContAudITWrapper#62 - Response true
2024-10-11 04:57:21,995 INFO - ContAudITWrapper#62 - Application hash: e36ee2d35f8c4c41bd358782dfb3ac8852b40439d350ff27616f0c18819ce9bf
2024-10-11 04:57:22,058 INFO - ContAudITWrapper#62 - Validating Application...
2024-10-11 04:57:37,126 INFO - ContAudITWrapper#62 - Response true
2024-10-11 04:57:37,129 INFO - ContAudITWrapper#62 - Artifact apache2.workflow hash: bdb4cee855e21446b6ae53ddcb76a1632ef8c4545b5db0517e01ffd552157f6e
2024-10-11 04:57:37,152 INFO - ContAudITWrapper#62 - Validating Artifact...
2024-10-11 04:57:50,595 INFO - ContAudITWrapper#62 - Response true
2024-10-11 04:57:50,602 INFO - ContAudITWrapper#62 - Running pre-command actions...
2024-10-11 04:57:50,604 INFO - ContAudITWrapper#62 - Analyzing current environment state...
2024-10-11 04:57:50,784 INFO - ContAudITWrapper#62 - Saving current environment state...
2024-10-11 04:57:50,785 INFO - ContAudITWrapper#62 - Environment state hash: a7ffc6f8bf1ed76651c14756a061d662f580ff4de43b49fa82d80a4b80f8434a
2024-10-11 04:57:50,793 INFO - ContAudITWrapper#62 - Executing command...
2024-10-11 04:57:51,909 INFO - ContAudITWrapper#62 - Command output: 
2024-10-11 04:57:50.968290778 [executor] Initializing the workflow...
[apache2_workflow] Apache HTTP Server already installed.
[apache2_workflow] UserDir module already loaded.
[apache2_workflow] Configs to UserDir already exist.
[apache2_workflow] public_html directory already exists in /home/ec2-user.
[apache2_workflow] Creating a simple webpage...
[apache2_workflow] Moving webpage to Apache HTTP Server user website folder...
[apache2_workflow] Page moved successfully!
2024-10-11 04:57:51.906970103 [executor] Finished!

2024-10-11 04:57:51,909 INFO - ContAudITWrapper#62 - Running post-command actions...
2024-10-11 04:57:51,910 INFO - ContAudITWrapper#62 - Analyzing current environment state...
2024-10-11 04:57:52,104 INFO - ContAudITWrapper#62 - Saving current environment state...
2024-10-11 04:57:52,105 INFO - ContAudITWrapper#62 - Environment state hash: a7ffc6f8bf1ed76651c14756a061d662f580ff4de43b49fa82d80a4b80f8434a
2024-10-11 04:57:52,105 INFO - ContAudITWrapper#62 - Checking environment diff...
2024-10-11 04:57:52,145 INFO - ContAudITWrapper#62 - Environment diff: 
2024-10-11 04:57:52,146 INFO - ContAudITWrapper#62 - Cleaning temporary files...
2024-10-11 04:57:52,216 INFO - ContAudITWrapper#62 - Sending to blockchain...
2024-10-11 04:58:07,346 INFO - ContAudITWrapper#62 - Response 
2024-10-11 04:58:07,347 INFO - ContAudITWrapper#62 - Finishing ContAudIT Wrapper...
