2024-10-11 04:55:58,625 INFO - ContAudITWrapper#6 - Initializing ContAudIT Wrapper...
2024-10-11 04:55:58,909 INFO - ContAudITWrapper#6 - Current directory: /home/ec2-user/Code/ufrgs-poc/contaudit-wrapper.jar
2024-10-11 04:56:23,514 INFO - ContAudITWrapper#6 - Wrapper hash: b7519188ed863d76e5199a8d880bb968bdf9124fad53b871583787e123a7a764
2024-10-11 04:56:23,628 INFO - ContAudITWrapper#6 - Validating Wrapper...
2024-10-11 04:57:34,987 INFO - ContAudITWrapper#6 - Response true
2024-10-11 04:57:35,381 INFO - ContAudITWrapper#6 - Application hash: e36ee2d35f8c4c41bd358782dfb3ac8852b40439d350ff27616f0c18819ce9bf
2024-10-11 04:57:35,382 INFO - ContAudITWrapper#6 - Validating Application...
2024-10-11 04:57:51,043 INFO - ContAudITWrapper#6 - Response true
2024-10-11 04:57:51,050 INFO - ContAudITWrapper#6 - Artifact apache2.workflow hash: bdb4cee855e21446b6ae53ddcb76a1632ef8c4545b5db0517e01ffd552157f6e
2024-10-11 04:57:51,121 INFO - ContAudITWrapper#6 - Validating Artifact...
2024-10-11 04:58:00,709 INFO - ContAudITWrapper#6 - Response true
2024-10-11 04:58:00,714 INFO - ContAudITWrapper#6 - Running pre-command actions...
2024-10-11 04:58:00,715 INFO - ContAudITWrapper#6 - Analyzing current environment state...
2024-10-11 04:58:00,916 INFO - ContAudITWrapper#6 - Saving current environment state...
2024-10-11 04:58:00,917 INFO - ContAudITWrapper#6 - Environment state hash: a7ffc6f8bf1ed76651c14756a061d662f580ff4de43b49fa82d80a4b80f8434a
2024-10-11 04:58:00,918 INFO - ContAudITWrapper#6 - Executing command...
2024-10-11 04:58:01,936 INFO - ContAudITWrapper#6 - Command output: 
2024-10-11 04:58:01.006320397 [executor] Initializing the workflow...
[apache2_workflow] Apache HTTP Server already installed.
[apache2_workflow] UserDir module already loaded.
[apache2_workflow] Configs to UserDir already exist.
[apache2_workflow] public_html directory already exists in /home/ec2-user.
[apache2_workflow] Creating a simple webpage...
[apache2_workflow] Moving webpage to Apache HTTP Server user website folder...
[apache2_workflow] Page moved successfully!
2024-10-11 04:58:01.935179266 [executor] Finished!

2024-10-11 04:58:01,936 INFO - ContAudITWrapper#6 - Running post-command actions...
2024-10-11 04:58:01,936 INFO - ContAudITWrapper#6 - Analyzing current environment state...
2024-10-11 04:58:02,114 INFO - ContAudITWrapper#6 - Saving current environment state...
2024-10-11 04:58:02,115 INFO - ContAudITWrapper#6 - Environment state hash: a7ffc6f8bf1ed76651c14756a061d662f580ff4de43b49fa82d80a4b80f8434a
2024-10-11 04:58:02,115 INFO - ContAudITWrapper#6 - Checking environment diff...
2024-10-11 04:58:02,219 INFO - ContAudITWrapper#6 - Environment diff: 
2024-10-11 04:58:02,220 INFO - ContAudITWrapper#6 - Cleaning temporary files...
2024-10-11 04:58:02,251 INFO - ContAudITWrapper#6 - Sending to blockchain...
2024-10-11 04:58:14,011 INFO - ContAudITWrapper#6 - Response 
2024-10-11 04:58:14,014 INFO - ContAudITWrapper#6 - Finishing ContAudIT Wrapper...
