2024-10-11 04:55:59,107 INFO - ContAudITWrapper#86 - Initializing ContAudIT Wrapper...
2024-10-11 04:55:59,313 INFO - ContAudITWrapper#86 - Current directory: /home/ec2-user/Code/ufrgs-poc/contaudit-wrapper.jar
2024-10-11 04:56:21,328 INFO - ContAudITWrapper#86 - Wrapper hash: b7519188ed863d76e5199a8d880bb968bdf9124fad53b871583787e123a7a764
2024-10-11 04:56:21,389 INFO - ContAudITWrapper#86 - Validating Wrapper...
2024-10-11 04:57:33,401 INFO - ContAudITWrapper#86 - Response true
2024-10-11 04:57:33,574 INFO - ContAudITWrapper#86 - Application hash: e36ee2d35f8c4c41bd358782dfb3ac8852b40439d350ff27616f0c18819ce9bf
2024-10-11 04:57:33,580 INFO - ContAudITWrapper#86 - Validating Application...
2024-10-11 04:57:45,346 INFO - ContAudITWrapper#86 - Response true
2024-10-11 04:57:45,371 INFO - ContAudITWrapper#86 - Artifact apache2.workflow hash: bdb4cee855e21446b6ae53ddcb76a1632ef8c4545b5db0517e01ffd552157f6e
2024-10-11 04:57:45,403 INFO - ContAudITWrapper#86 - Validating Artifact...
2024-10-11 04:57:54,340 INFO - ContAudITWrapper#86 - Response true
2024-10-11 04:57:54,349 INFO - ContAudITWrapper#86 - Running pre-command actions...
2024-10-11 04:57:54,390 INFO - ContAudITWrapper#86 - Analyzing current environment state...
2024-10-11 04:57:54,784 INFO - ContAudITWrapper#86 - Saving current environment state...
2024-10-11 04:57:54,785 INFO - ContAudITWrapper#86 - Environment state hash: a7ffc6f8bf1ed76651c14756a061d662f580ff4de43b49fa82d80a4b80f8434a
2024-10-11 04:57:54,785 INFO - ContAudITWrapper#86 - Executing command...
2024-10-11 04:57:56,077 INFO - ContAudITWrapper#86 - Command output: 
2024-10-11 04:57:54.921436480 [executor] Initializing the workflow...
[apache2_workflow] Apache HTTP Server already installed.
[apache2_workflow] UserDir module already loaded.
[apache2_workflow] Configs to UserDir already exist.
[apache2_workflow] public_html directory already exists in /home/ec2-user.
[apache2_workflow] Creating a simple webpage...
[apache2_workflow] Moving webpage to Apache HTTP Server user website folder...
[apache2_workflow] Page moved successfully!
2024-10-11 04:57:56.076963995 [executor] Finished!

2024-10-11 04:57:56,078 INFO - ContAudITWrapper#86 - Running post-command actions...
2024-10-11 04:57:56,078 INFO - ContAudITWrapper#86 - Analyzing current environment state...
2024-10-11 04:57:56,233 INFO - ContAudITWrapper#86 - Saving current environment state...
2024-10-11 04:57:56,233 INFO - ContAudITWrapper#86 - Environment state hash: a7ffc6f8bf1ed76651c14756a061d662f580ff4de43b49fa82d80a4b80f8434a
2024-10-11 04:57:56,234 INFO - ContAudITWrapper#86 - Checking environment diff...
2024-10-11 04:57:56,331 INFO - ContAudITWrapper#86 - Environment diff: 
2024-10-11 04:57:56,331 INFO - ContAudITWrapper#86 - Cleaning temporary files...
2024-10-11 04:57:56,417 INFO - ContAudITWrapper#86 - Sending to blockchain...
2024-10-11 04:58:11,933 INFO - ContAudITWrapper#86 - Response 
2024-10-11 04:58:11,934 INFO - ContAudITWrapper#86 - Finishing ContAudIT Wrapper...
