2024-10-09 05:10:37,693 INFO - ContAudITWrapper#9 - Initializing ContAudIT Wrapper...
2024-10-09 05:10:37,740 INFO - ContAudITWrapper#9 - Current directory: /home/ec2-user/Code/ufrgs-poc/contaudit-wrapper.jar
2024-10-09 05:10:44,100 INFO - ContAudITWrapper#9 - Wrapper hash: b7519188ed863d76e5199a8d880bb968bdf9124fad53b871583787e123a7a764
2024-10-09 05:10:44,108 INFO - ContAudITWrapper#9 - Validating Wrapper...
2024-10-09 05:11:02,765 INFO - ContAudITWrapper#9 - Response true
2024-10-09 05:11:02,815 INFO - ContAudITWrapper#9 - Application hash: e36ee2d35f8c4c41bd358782dfb3ac8852b40439d350ff27616f0c18819ce9bf
2024-10-09 05:11:02,816 INFO - ContAudITWrapper#9 - Validating Application...
2024-10-09 05:11:06,793 INFO - ContAudITWrapper#9 - Response true
2024-10-09 05:11:06,798 INFO - ContAudITWrapper#9 - Artifact apache2.workflow hash: bdb4cee855e21446b6ae53ddcb76a1632ef8c4545b5db0517e01ffd552157f6e
2024-10-09 05:11:06,872 INFO - ContAudITWrapper#9 - Validating Artifact...
2024-10-09 05:11:10,372 INFO - ContAudITWrapper#9 - Response true
2024-10-09 05:11:10,385 INFO - ContAudITWrapper#9 - Running pre-command actions...
2024-10-09 05:11:10,386 INFO - ContAudITWrapper#9 - Analyzing current environment state...
2024-10-09 05:11:10,475 INFO - ContAudITWrapper#9 - Saving current environment state...
2024-10-09 05:11:10,476 INFO - ContAudITWrapper#9 - Environment state hash: a7ffc6f8bf1ed76651c14756a061d662f580ff4de43b49fa82d80a4b80f8434a
2024-10-09 05:11:10,476 INFO - ContAudITWrapper#9 - Executing command...
2024-10-09 05:11:10,855 INFO - ContAudITWrapper#9 - Command output: 
2024-10-09 05:11:10.495901204 [executor] Initializing the workflow...
[apache2_workflow] Apache HTTP Server already installed.
[apache2_workflow] UserDir module already loaded.
[apache2_workflow] Configs to UserDir already exist.
[apache2_workflow] public_html directory already exists in /home/ec2-user.
[apache2_workflow] Creating a simple webpage...
[apache2_workflow] Moving webpage to Apache HTTP Server user website folder...
[apache2_workflow] Page moved successfully!
2024-10-09 05:11:10.853320265 [executor] Finished!

2024-10-09 05:11:10,855 INFO - ContAudITWrapper#9 - Running post-command actions...
2024-10-09 05:11:10,855 INFO - ContAudITWrapper#9 - Analyzing current environment state...
2024-10-09 05:11:10,922 INFO - ContAudITWrapper#9 - Saving current environment state...
2024-10-09 05:11:10,923 INFO - ContAudITWrapper#9 - Environment state hash: a7ffc6f8bf1ed76651c14756a061d662f580ff4de43b49fa82d80a4b80f8434a
2024-10-09 05:11:10,923 INFO - ContAudITWrapper#9 - Checking environment diff...
2024-10-09 05:11:10,951 INFO - ContAudITWrapper#9 - Environment diff: 
2024-10-09 05:11:10,951 INFO - ContAudITWrapper#9 - Cleaning temporary files...
2024-10-09 05:11:10,987 INFO - ContAudITWrapper#9 - Sending to blockchain...
2024-10-09 05:11:14,939 INFO - ContAudITWrapper#9 - Response 
2024-10-09 05:11:14,947 INFO - ContAudITWrapper#9 - Finishing ContAudIT Wrapper...
