2024-10-09 05:10:37,712 INFO - ContAudITWrapper#1 - Initializing ContAudIT Wrapper...
2024-10-09 05:10:37,754 INFO - ContAudITWrapper#1 - Current directory: /home/ec2-user/Code/ufrgs-poc/contaudit-wrapper.jar
2024-10-09 05:10:43,938 INFO - ContAudITWrapper#1 - Wrapper hash: b7519188ed863d76e5199a8d880bb968bdf9124fad53b871583787e123a7a764
2024-10-09 05:10:43,947 INFO - ContAudITWrapper#1 - Validating Wrapper...
2024-10-09 05:11:02,162 INFO - ContAudITWrapper#1 - Response true
2024-10-09 05:11:02,294 INFO - ContAudITWrapper#1 - Application hash: e36ee2d35f8c4c41bd358782dfb3ac8852b40439d350ff27616f0c18819ce9bf
2024-10-09 05:11:02,295 INFO - ContAudITWrapper#1 - Validating Application...
2024-10-09 05:11:05,377 INFO - ContAudITWrapper#1 - Response true
2024-10-09 05:11:05,403 INFO - ContAudITWrapper#1 - Artifact apache2.workflow hash: bdb4cee855e21446b6ae53ddcb76a1632ef8c4545b5db0517e01ffd552157f6e
2024-10-09 05:11:05,429 INFO - ContAudITWrapper#1 - Validating Artifact...
2024-10-09 05:11:09,166 INFO - ContAudITWrapper#1 - Response true
2024-10-09 05:11:09,174 INFO - ContAudITWrapper#1 - Running pre-command actions...
2024-10-09 05:11:09,175 INFO - ContAudITWrapper#1 - Analyzing current environment state...
2024-10-09 05:11:09,402 INFO - ContAudITWrapper#1 - Saving current environment state...
2024-10-09 05:11:09,403 INFO - ContAudITWrapper#1 - Environment state hash: a7ffc6f8bf1ed76651c14756a061d662f580ff4de43b49fa82d80a4b80f8434a
2024-10-09 05:11:09,403 INFO - ContAudITWrapper#1 - Executing command...
2024-10-09 05:11:10,050 INFO - ContAudITWrapper#1 - Command output: 
2024-10-09 05:11:09.471823059 [executor] Initializing the workflow...
[apache2_workflow] Apache HTTP Server already installed.
[apache2_workflow] UserDir module already loaded.
[apache2_workflow] Configs to UserDir already exist.
[apache2_workflow] public_html directory already exists in /home/ec2-user.
[apache2_workflow] Creating a simple webpage...
[apache2_workflow] Moving webpage to Apache HTTP Server user website folder...
[apache2_workflow] Page moved successfully!
2024-10-09 05:11:10.049966812 [executor] Finished!

2024-10-09 05:11:10,051 INFO - ContAudITWrapper#1 - Running post-command actions...
2024-10-09 05:11:10,051 INFO - ContAudITWrapper#1 - Analyzing current environment state...
2024-10-09 05:11:10,097 INFO - ContAudITWrapper#1 - Saving current environment state...
2024-10-09 05:11:10,097 INFO - ContAudITWrapper#1 - Environment state hash: a7ffc6f8bf1ed76651c14756a061d662f580ff4de43b49fa82d80a4b80f8434a
2024-10-09 05:11:10,098 INFO - ContAudITWrapper#1 - Checking environment diff...
2024-10-09 05:11:10,122 INFO - ContAudITWrapper#1 - Environment diff: 
2024-10-09 05:11:10,123 INFO - ContAudITWrapper#1 - Cleaning temporary files...
2024-10-09 05:11:10,166 INFO - ContAudITWrapper#1 - Sending to blockchain...
2024-10-09 05:11:14,113 INFO - ContAudITWrapper#1 - Response 
2024-10-09 05:11:14,114 INFO - ContAudITWrapper#1 - Finishing ContAudIT Wrapper...
