2024-10-09 05:16:49,565 INFO - ContAudITWrapper#11 - Initializing ContAudIT Wrapper...
2024-10-09 05:16:49,608 INFO - ContAudITWrapper#11 - Current directory: /home/ec2-user/Code/ufrgs-poc/contaudit-wrapper.jar
2024-10-09 05:16:53,165 INFO - ContAudITWrapper#11 - Wrapper hash: b7519188ed863d76e5199a8d880bb968bdf9124fad53b871583787e123a7a764
2024-10-09 05:16:53,175 INFO - ContAudITWrapper#11 - Validating Wrapper...
2024-10-09 05:17:06,078 INFO - ContAudITWrapper#11 - Response true
2024-10-09 05:17:06,161 INFO - ContAudITWrapper#11 - Application hash: e36ee2d35f8c4c41bd358782dfb3ac8852b40439d350ff27616f0c18819ce9bf
2024-10-09 05:17:06,162 INFO - ContAudITWrapper#11 - Validating Application...
2024-10-09 05:17:08,349 INFO - ContAudITWrapper#11 - Response true
2024-10-09 05:17:08,439 INFO - ContAudITWrapper#11 - Artifact apache2.workflow hash: bdb4cee855e21446b6ae53ddcb76a1632ef8c4545b5db0517e01ffd552157f6e
2024-10-09 05:17:08,459 INFO - ContAudITWrapper#11 - Validating Artifact...
2024-10-09 05:17:10,507 INFO - ContAudITWrapper#11 - Response true
2024-10-09 05:17:10,527 INFO - ContAudITWrapper#11 - Running pre-command actions...
2024-10-09 05:17:10,528 INFO - ContAudITWrapper#11 - Analyzing current environment state...
2024-10-09 05:17:10,585 INFO - ContAudITWrapper#11 - Saving current environment state...
2024-10-09 05:17:10,586 INFO - ContAudITWrapper#11 - Environment state hash: a7ffc6f8bf1ed76651c14756a061d662f580ff4de43b49fa82d80a4b80f8434a
2024-10-09 05:17:10,586 INFO - ContAudITWrapper#11 - Executing command...
2024-10-09 05:17:11,041 INFO - ContAudITWrapper#11 - Command output: 
2024-10-09 05:17:10.640332202 [executor] Initializing the workflow...
[apache2_workflow] Apache HTTP Server already installed.
[apache2_workflow] UserDir module already loaded.
[apache2_workflow] Configs to UserDir already exist.
[apache2_workflow] public_html directory already exists in /home/ec2-user.
[apache2_workflow] Creating a simple webpage...
[apache2_workflow] Moving webpage to Apache HTTP Server user website folder...
[apache2_workflow] Page moved successfully!
2024-10-09 05:17:11.040995394 [executor] Finished!

2024-10-09 05:17:11,042 INFO - ContAudITWrapper#11 - Running post-command actions...
2024-10-09 05:17:11,042 INFO - ContAudITWrapper#11 - Analyzing current environment state...
2024-10-09 05:17:11,057 INFO - ContAudITWrapper#11 - Saving current environment state...
2024-10-09 05:17:11,057 INFO - ContAudITWrapper#11 - Environment state hash: a7ffc6f8bf1ed76651c14756a061d662f580ff4de43b49fa82d80a4b80f8434a
2024-10-09 05:17:11,058 INFO - ContAudITWrapper#11 - Checking environment diff...
2024-10-09 05:17:11,066 INFO - ContAudITWrapper#11 - Environment diff: 
2024-10-09 05:17:11,066 INFO - ContAudITWrapper#11 - Cleaning temporary files...
2024-10-09 05:17:11,076 INFO - ContAudITWrapper#11 - Sending to blockchain...
2024-10-09 05:17:13,818 INFO - ContAudITWrapper#11 - Response 
2024-10-09 05:17:13,820 INFO - ContAudITWrapper#11 - Finishing ContAudIT Wrapper...
