2024-06-23 23:49:29,360 INFO - ContAudITWrapper#6 - Initializing ContAudIT Wrapper...
2024-06-23 23:49:29,403 INFO - ContAudITWrapper#6 - Current directory: /home/kali/Code/ufrgs-poc/contaudit-wrapper.jar
2024-06-23 23:49:32,979 INFO - ContAudITWrapper#6 - Wrapper hash: c76a1b1bb9edc25f91da61e17225b6709df7b63d34810aab1d42c0f930950c0b
2024-06-23 23:49:32,993 INFO - ContAudITWrapper#6 - Validating Wrapper...
2024-06-23 23:49:44,660 INFO - ContAudITWrapper#6 - Response true
2024-06-23 23:49:44,704 INFO - ContAudITWrapper#6 - Application hash: e36ee2d35f8c4c41bd358782dfb3ac8852b40439d350ff27616f0c18819ce9bf
2024-06-23 23:49:44,706 INFO - ContAudITWrapper#6 - Validating Application...
2024-06-23 23:49:46,561 INFO - ContAudITWrapper#6 - Response true
2024-06-23 23:49:46,574 INFO - ContAudITWrapper#6 - Artifact apache2.workflow hash: 94d5f6758492dbe0e869e1486907a86cb16f7931019b4acb0e7f38c98cf1b06d
2024-06-23 23:49:46,585 INFO - ContAudITWrapper#6 - Validating Artifact...
2024-06-23 23:49:48,086 INFO - ContAudITWrapper#6 - Response true
2024-06-23 23:49:48,099 INFO - ContAudITWrapper#6 - Running pre-command actions...
2024-06-23 23:49:48,101 INFO - ContAudITWrapper#6 - Analyzing current environment state...
2024-06-23 23:49:48,515 INFO - ContAudITWrapper#6 - Saving current environment state...
2024-06-23 23:49:48,530 INFO - ContAudITWrapper#6 - Environment state hash: 1776e4b78f696d486603e30cb7241013e927d69ca8030fa37e187c49ffd758cd
2024-06-23 23:49:48,537 INFO - ContAudITWrapper#6 - Executing command...
2024-06-23 23:49:48,670 INFO - ContAudITWrapper#6 - Command output: 
2024-06-23 23:49:48.551921678 [executor] Initializing the workflow...
[apache2_workflow] Create a simple webpage...
[apache2_workflow] Move webpage to Apache HTTP Server user website folder...
2024-06-23 23:49:48.665277250 [executor] Finished!

2024-06-23 23:49:48,671 INFO - ContAudITWrapper#6 - Running post-command actions...
2024-06-23 23:49:48,671 INFO - ContAudITWrapper#6 - Analyzing current environment state...
2024-06-23 23:49:48,839 INFO - ContAudITWrapper#6 - Saving current environment state...
2024-06-23 23:49:48,845 INFO - ContAudITWrapper#6 - Environment state hash: 1776e4b78f696d486603e30cb7241013e927d69ca8030fa37e187c49ffd758cd
2024-06-23 23:49:48,845 INFO - ContAudITWrapper#6 - Checking environment diff...
2024-06-23 23:49:48,903 INFO - ContAudITWrapper#6 - Environment diff: 
2024-06-23 23:49:48,904 INFO - ContAudITWrapper#6 - Cleaning temporary files...
2024-06-23 23:49:48,926 INFO - ContAudITWrapper#6 - Sending to blockchain...
2024-06-23 23:49:56,342 INFO - ContAudITWrapper#6 - Response 
2024-06-23 23:49:56,353 INFO - ContAudITWrapper#6 - Finishing ContAudIT Wrapper...
