2024-06-23 23:49:29,360 INFO - ContAudITWrapper#5 - Initializing ContAudIT Wrapper...
2024-06-23 23:49:29,407 INFO - ContAudITWrapper#5 - Current directory: /home/kali/Code/ufrgs-poc/contaudit-wrapper.jar
2024-06-23 23:49:33,156 INFO - ContAudITWrapper#5 - Wrapper hash: c76a1b1bb9edc25f91da61e17225b6709df7b63d34810aab1d42c0f930950c0b
2024-06-23 23:49:33,191 INFO - ContAudITWrapper#5 - Validating Wrapper...
2024-06-23 23:49:44,006 INFO - ContAudITWrapper#5 - Response true
2024-06-23 23:49:44,068 INFO - ContAudITWrapper#5 - Application hash: e36ee2d35f8c4c41bd358782dfb3ac8852b40439d350ff27616f0c18819ce9bf
2024-06-23 23:49:44,070 INFO - ContAudITWrapper#5 - Validating Application...
2024-06-23 23:49:46,184 INFO - ContAudITWrapper#5 - Response true
2024-06-23 23:49:46,209 INFO - ContAudITWrapper#5 - Artifact apache2.workflow hash: 94d5f6758492dbe0e869e1486907a86cb16f7931019b4acb0e7f38c98cf1b06d
2024-06-23 23:49:46,214 INFO - ContAudITWrapper#5 - Validating Artifact...
2024-06-23 23:49:47,929 INFO - ContAudITWrapper#5 - Response true
2024-06-23 23:49:47,951 INFO - ContAudITWrapper#5 - Running pre-command actions...
2024-06-23 23:49:47,953 INFO - ContAudITWrapper#5 - Analyzing current environment state...
2024-06-23 23:49:48,500 INFO - ContAudITWrapper#5 - Saving current environment state...
2024-06-23 23:49:48,505 INFO - ContAudITWrapper#5 - Environment state hash: 1776e4b78f696d486603e30cb7241013e927d69ca8030fa37e187c49ffd758cd
2024-06-23 23:49:48,505 INFO - ContAudITWrapper#5 - Executing command...
2024-06-23 23:49:48,599 INFO - ContAudITWrapper#5 - Command output: 
2024-06-23 23:49:48.512020157 [executor] Initializing the workflow...
[apache2_workflow] Create a simple webpage...
[apache2_workflow] Move webpage to Apache HTTP Server user website folder...
2024-06-23 23:49:48.597864111 [executor] Finished!

2024-06-23 23:49:48,600 INFO - ContAudITWrapper#5 - Running post-command actions...
2024-06-23 23:49:48,600 INFO - ContAudITWrapper#5 - Analyzing current environment state...
2024-06-23 23:49:48,772 INFO - ContAudITWrapper#5 - Saving current environment state...
2024-06-23 23:49:48,777 INFO - ContAudITWrapper#5 - Environment state hash: 1776e4b78f696d486603e30cb7241013e927d69ca8030fa37e187c49ffd758cd
2024-06-23 23:49:48,777 INFO - ContAudITWrapper#5 - Checking environment diff...
2024-06-23 23:49:48,792 INFO - ContAudITWrapper#5 - Environment diff: 
2024-06-23 23:49:48,792 INFO - ContAudITWrapper#5 - Cleaning temporary files...
2024-06-23 23:49:48,819 INFO - ContAudITWrapper#5 - Sending to blockchain...
2024-06-23 23:49:56,339 INFO - ContAudITWrapper#5 - Response 
2024-06-23 23:49:56,345 INFO - ContAudITWrapper#5 - Finishing ContAudIT Wrapper...
