2024-10-10 03:27:49,945 INFO - ContAudITWrapper#35 - Initializing ContAudIT Wrapper...
2024-10-10 03:27:50,058 INFO - ContAudITWrapper#35 - Current directory: /home/ec2-user/Code/ufrgs-poc/contaudit-wrapper.jar
2024-10-10 03:27:59,519 INFO - ContAudITWrapper#35 - Wrapper hash: b7519188ed863d76e5199a8d880bb968bdf9124fad53b871583787e123a7a764
2024-10-10 03:27:59,526 INFO - ContAudITWrapper#35 - Validating Wrapper...
2024-10-10 03:28:28,051 INFO - ContAudITWrapper#35 - Response true
2024-10-10 03:28:28,256 INFO - ContAudITWrapper#35 - Application hash: e36ee2d35f8c4c41bd358782dfb3ac8852b40439d350ff27616f0c18819ce9bf
2024-10-10 03:28:28,258 INFO - ContAudITWrapper#35 - Validating Application...
2024-10-10 03:28:33,222 INFO - ContAudITWrapper#35 - Response true
2024-10-10 03:28:33,261 INFO - ContAudITWrapper#35 - Artifact user.workflow hash: 52877374d8c54314b7af92814eaf729121e99a87e9706a2888cd9bcd951b11c9
2024-10-10 03:28:33,266 INFO - ContAudITWrapper#35 - Validating Artifact...
2024-10-10 03:28:37,659 INFO - ContAudITWrapper#35 - Response true
2024-10-10 03:28:37,698 INFO - ContAudITWrapper#35 - Running pre-command actions...
2024-10-10 03:28:37,701 INFO - ContAudITWrapper#35 - Analyzing current environment state...
2024-10-10 03:28:37,761 INFO - ContAudITWrapper#35 - Saving current environment state...
2024-10-10 03:28:37,762 INFO - ContAudITWrapper#35 - Environment state hash: a7ffc6f8bf1ed76651c14756a061d662f580ff4de43b49fa82d80a4b80f8434a
2024-10-10 03:28:37,762 INFO - ContAudITWrapper#35 - Executing command...
2024-10-10 03:28:41,830 INFO - ContAudITWrapper#35 - Command output: 
2024-10-10 03:28:37.789477047 [executor] Initializing the workflow...
[useradd_workflow] User contaudit35 already exists. Removing...
[useradd_workflow] User contaudit35 successfully removed.
[useradd_workflow] User contaudit35 created successfully.
2024-10-10 03:28:41.829220807 [executor] Finished!

2024-10-10 03:28:41,830 INFO - ContAudITWrapper#35 - Running post-command actions...
2024-10-10 03:28:41,830 INFO - ContAudITWrapper#35 - Analyzing current environment state...
2024-10-10 03:28:41,843 INFO - ContAudITWrapper#35 - Saving current environment state...
2024-10-10 03:28:41,843 INFO - ContAudITWrapper#35 - Environment state hash: a7ffc6f8bf1ed76651c14756a061d662f580ff4de43b49fa82d80a4b80f8434a
2024-10-10 03:28:41,843 INFO - ContAudITWrapper#35 - Checking environment diff...
2024-10-10 03:28:41,859 INFO - ContAudITWrapper#35 - Environment diff: 
2024-10-10 03:28:41,859 INFO - ContAudITWrapper#35 - Cleaning temporary files...
2024-10-10 03:28:41,871 INFO - ContAudITWrapper#35 - Sending to blockchain...
2024-10-10 03:28:43,680 INFO - ContAudITWrapper#35 - Response 
2024-10-10 03:28:43,681 INFO - ContAudITWrapper#35 - Finishing ContAudIT Wrapper...
