2024-10-10 03:27:50,188 INFO - ContAudITWrapper#5 - Initializing ContAudIT Wrapper...
2024-10-10 03:27:50,279 INFO - ContAudITWrapper#5 - Current directory: /home/ec2-user/Code/ufrgs-poc/contaudit-wrapper.jar
2024-10-10 03:27:58,942 INFO - ContAudITWrapper#5 - Wrapper hash: b7519188ed863d76e5199a8d880bb968bdf9124fad53b871583787e123a7a764
2024-10-10 03:27:58,958 INFO - ContAudITWrapper#5 - Validating Wrapper...
2024-10-10 03:28:25,037 INFO - ContAudITWrapper#5 - Response true
2024-10-10 03:28:25,063 INFO - ContAudITWrapper#5 - Application hash: e36ee2d35f8c4c41bd358782dfb3ac8852b40439d350ff27616f0c18819ce9bf
2024-10-10 03:28:25,064 INFO - ContAudITWrapper#5 - Validating Application...
2024-10-10 03:28:29,441 INFO - ContAudITWrapper#5 - Response true
2024-10-10 03:28:29,459 INFO - ContAudITWrapper#5 - Artifact user.workflow hash: 52877374d8c54314b7af92814eaf729121e99a87e9706a2888cd9bcd951b11c9
2024-10-10 03:28:29,501 INFO - ContAudITWrapper#5 - Validating Artifact...
2024-10-10 03:28:35,246 INFO - ContAudITWrapper#5 - Response true
2024-10-10 03:28:35,258 INFO - ContAudITWrapper#5 - Running pre-command actions...
2024-10-10 03:28:35,259 INFO - ContAudITWrapper#5 - Analyzing current environment state...
2024-10-10 03:28:35,355 INFO - ContAudITWrapper#5 - Saving current environment state...
2024-10-10 03:28:35,356 INFO - ContAudITWrapper#5 - Environment state hash: a7ffc6f8bf1ed76651c14756a061d662f580ff4de43b49fa82d80a4b80f8434a
2024-10-10 03:28:35,356 INFO - ContAudITWrapper#5 - Executing command...
2024-10-10 03:28:38,929 INFO - ContAudITWrapper#5 - Command output: 
2024-10-10 03:28:35.385397889 [executor] Initializing the workflow...
[useradd_workflow] User contaudit5 already exists. Removing...
[useradd_workflow] User contaudit5 successfully removed.
[useradd_workflow] User contaudit5 created successfully.
2024-10-10 03:28:38.929360138 [executor] Finished!

2024-10-10 03:28:38,930 INFO - ContAudITWrapper#5 - Running post-command actions...
2024-10-10 03:28:38,930 INFO - ContAudITWrapper#5 - Analyzing current environment state...
2024-10-10 03:28:38,938 INFO - ContAudITWrapper#5 - Saving current environment state...
2024-10-10 03:28:38,939 INFO - ContAudITWrapper#5 - Environment state hash: a7ffc6f8bf1ed76651c14756a061d662f580ff4de43b49fa82d80a4b80f8434a
2024-10-10 03:28:38,939 INFO - ContAudITWrapper#5 - Checking environment diff...
2024-10-10 03:28:38,942 INFO - ContAudITWrapper#5 - Environment diff: 
2024-10-10 03:28:38,942 INFO - ContAudITWrapper#5 - Cleaning temporary files...
2024-10-10 03:28:38,946 INFO - ContAudITWrapper#5 - Sending to blockchain...
2024-10-10 03:28:41,217 INFO - ContAudITWrapper#5 - Response 
2024-10-10 03:28:41,218 INFO - ContAudITWrapper#5 - Finishing ContAudIT Wrapper...
