2024-10-10 03:27:50,654 INFO - ContAudITWrapper#30 - Initializing ContAudIT Wrapper...
2024-10-10 03:27:50,765 INFO - ContAudITWrapper#30 - Current directory: /home/ec2-user/Code/ufrgs-poc/contaudit-wrapper.jar
2024-10-10 03:27:59,458 INFO - ContAudITWrapper#30 - Wrapper hash: b7519188ed863d76e5199a8d880bb968bdf9124fad53b871583787e123a7a764
2024-10-10 03:27:59,480 INFO - ContAudITWrapper#30 - Validating Wrapper...
2024-10-10 03:28:27,469 INFO - ContAudITWrapper#30 - Response true
2024-10-10 03:28:27,572 INFO - ContAudITWrapper#30 - Application hash: e36ee2d35f8c4c41bd358782dfb3ac8852b40439d350ff27616f0c18819ce9bf
2024-10-10 03:28:27,573 INFO - ContAudITWrapper#30 - Validating Application...
2024-10-10 03:28:31,734 INFO - ContAudITWrapper#30 - Response true
2024-10-10 03:28:31,755 INFO - ContAudITWrapper#30 - Artifact user.workflow hash: 52877374d8c54314b7af92814eaf729121e99a87e9706a2888cd9bcd951b11c9
2024-10-10 03:28:31,769 INFO - ContAudITWrapper#30 - Validating Artifact...
2024-10-10 03:28:35,103 INFO - ContAudITWrapper#30 - Response true
2024-10-10 03:28:35,122 INFO - ContAudITWrapper#30 - Running pre-command actions...
2024-10-10 03:28:35,123 INFO - ContAudITWrapper#30 - Analyzing current environment state...
2024-10-10 03:28:35,232 INFO - ContAudITWrapper#30 - Saving current environment state...
2024-10-10 03:28:35,233 INFO - ContAudITWrapper#30 - Environment state hash: a7ffc6f8bf1ed76651c14756a061d662f580ff4de43b49fa82d80a4b80f8434a
2024-10-10 03:28:35,234 INFO - ContAudITWrapper#30 - Executing command...
2024-10-10 03:28:37,963 INFO - ContAudITWrapper#30 - Command output: 
2024-10-10 03:28:35.297739260 [executor] Initializing the workflow...
[useradd_workflow] User contaudit30 already exists. Removing...
[useradd_workflow] User contaudit30 successfully removed.
[useradd_workflow] User contaudit30 created successfully.
2024-10-10 03:28:37.961905436 [executor] Finished!

2024-10-10 03:28:37,964 INFO - ContAudITWrapper#30 - Running post-command actions...
2024-10-10 03:28:37,964 INFO - ContAudITWrapper#30 - Analyzing current environment state...
2024-10-10 03:28:37,970 INFO - ContAudITWrapper#30 - Saving current environment state...
2024-10-10 03:28:37,971 INFO - ContAudITWrapper#30 - Environment state hash: a7ffc6f8bf1ed76651c14756a061d662f580ff4de43b49fa82d80a4b80f8434a
2024-10-10 03:28:37,971 INFO - ContAudITWrapper#30 - Checking environment diff...
2024-10-10 03:28:37,976 INFO - ContAudITWrapper#30 - Environment diff: 
2024-10-10 03:28:37,976 INFO - ContAudITWrapper#30 - Cleaning temporary files...
2024-10-10 03:28:37,980 INFO - ContAudITWrapper#30 - Sending to blockchain...
2024-10-10 03:28:41,092 INFO - ContAudITWrapper#30 - Response 
2024-10-10 03:28:41,093 INFO - ContAudITWrapper#30 - Finishing ContAudIT Wrapper...
