2024-10-10 03:27:51,292 INFO - ContAudITWrapper#15 - Initializing ContAudIT Wrapper...
2024-10-10 03:27:51,417 INFO - ContAudITWrapper#15 - Current directory: /home/ec2-user/Code/ufrgs-poc/contaudit-wrapper.jar
2024-10-10 03:27:59,724 INFO - ContAudITWrapper#15 - Wrapper hash: b7519188ed863d76e5199a8d880bb968bdf9124fad53b871583787e123a7a764
2024-10-10 03:27:59,734 INFO - ContAudITWrapper#15 - Validating Wrapper...
2024-10-10 03:28:27,173 INFO - ContAudITWrapper#15 - Response true
2024-10-10 03:28:27,334 INFO - ContAudITWrapper#15 - Application hash: e36ee2d35f8c4c41bd358782dfb3ac8852b40439d350ff27616f0c18819ce9bf
2024-10-10 03:28:27,336 INFO - ContAudITWrapper#15 - Validating Application...
2024-10-10 03:28:30,914 INFO - ContAudITWrapper#15 - Response true
2024-10-10 03:28:30,939 INFO - ContAudITWrapper#15 - Artifact user.workflow hash: 52877374d8c54314b7af92814eaf729121e99a87e9706a2888cd9bcd951b11c9
2024-10-10 03:28:30,974 INFO - ContAudITWrapper#15 - Validating Artifact...
2024-10-10 03:28:36,669 INFO - ContAudITWrapper#15 - Response true
2024-10-10 03:28:36,676 INFO - ContAudITWrapper#15 - Running pre-command actions...
2024-10-10 03:28:36,677 INFO - ContAudITWrapper#15 - Analyzing current environment state...
2024-10-10 03:28:36,760 INFO - ContAudITWrapper#15 - Saving current environment state...
2024-10-10 03:28:36,761 INFO - ContAudITWrapper#15 - Environment state hash: a7ffc6f8bf1ed76651c14756a061d662f580ff4de43b49fa82d80a4b80f8434a
2024-10-10 03:28:36,761 INFO - ContAudITWrapper#15 - Executing command...
2024-10-10 03:28:40,515 INFO - ContAudITWrapper#15 - Command output: 
2024-10-10 03:28:36.841084003 [executor] Initializing the workflow...
[useradd_workflow] User contaudit15 already exists. Removing...
[useradd_workflow] User contaudit15 successfully removed.
[useradd_workflow] User contaudit15 created successfully.
2024-10-10 03:28:40.514268097 [executor] Finished!

2024-10-10 03:28:40,515 INFO - ContAudITWrapper#15 - Running post-command actions...
2024-10-10 03:28:40,515 INFO - ContAudITWrapper#15 - Analyzing current environment state...
2024-10-10 03:28:40,523 INFO - ContAudITWrapper#15 - Saving current environment state...
2024-10-10 03:28:40,524 INFO - ContAudITWrapper#15 - Environment state hash: a7ffc6f8bf1ed76651c14756a061d662f580ff4de43b49fa82d80a4b80f8434a
2024-10-10 03:28:40,524 INFO - ContAudITWrapper#15 - Checking environment diff...
2024-10-10 03:28:40,530 INFO - ContAudITWrapper#15 - Environment diff: 
2024-10-10 03:28:40,531 INFO - ContAudITWrapper#15 - Cleaning temporary files...
2024-10-10 03:28:40,535 INFO - ContAudITWrapper#15 - Sending to blockchain...
2024-10-10 03:28:42,788 INFO - ContAudITWrapper#15 - Response 
2024-10-10 03:28:42,789 INFO - ContAudITWrapper#15 - Finishing ContAudIT Wrapper...
