2024-10-10 03:27:50,644 INFO - ContAudITWrapper#21 - Initializing ContAudIT Wrapper...
2024-10-10 03:27:50,708 INFO - ContAudITWrapper#21 - Current directory: /home/ec2-user/Code/ufrgs-poc/contaudit-wrapper.jar
2024-10-10 03:27:59,532 INFO - ContAudITWrapper#21 - Wrapper hash: b7519188ed863d76e5199a8d880bb968bdf9124fad53b871583787e123a7a764
2024-10-10 03:27:59,566 INFO - ContAudITWrapper#21 - Validating Wrapper...
2024-10-10 03:28:25,198 INFO - ContAudITWrapper#21 - Response true
2024-10-10 03:28:25,401 INFO - ContAudITWrapper#21 - Application hash: e36ee2d35f8c4c41bd358782dfb3ac8852b40439d350ff27616f0c18819ce9bf
2024-10-10 03:28:25,402 INFO - ContAudITWrapper#21 - Validating Application...
2024-10-10 03:28:31,181 INFO - ContAudITWrapper#21 - Response true
2024-10-10 03:28:31,191 INFO - ContAudITWrapper#21 - Artifact user.workflow hash: 52877374d8c54314b7af92814eaf729121e99a87e9706a2888cd9bcd951b11c9
2024-10-10 03:28:31,211 INFO - ContAudITWrapper#21 - Validating Artifact...
2024-10-10 03:28:34,415 INFO - ContAudITWrapper#21 - Response true
2024-10-10 03:28:34,418 INFO - ContAudITWrapper#21 - Running pre-command actions...
2024-10-10 03:28:34,419 INFO - ContAudITWrapper#21 - Analyzing current environment state...
2024-10-10 03:28:34,544 INFO - ContAudITWrapper#21 - Saving current environment state...
2024-10-10 03:28:34,545 INFO - ContAudITWrapper#21 - Environment state hash: a7ffc6f8bf1ed76651c14756a061d662f580ff4de43b49fa82d80a4b80f8434a
2024-10-10 03:28:34,545 INFO - ContAudITWrapper#21 - Executing command...
2024-10-10 03:28:37,390 INFO - ContAudITWrapper#21 - Command output: 
2024-10-10 03:28:34.619909656 [executor] Initializing the workflow...
[useradd_workflow] User contaudit21 already exists. Removing...
[useradd_workflow] User contaudit21 successfully removed.
[useradd_workflow] User contaudit21 created successfully.
2024-10-10 03:28:37.389361635 [executor] Finished!

2024-10-10 03:28:37,390 INFO - ContAudITWrapper#21 - Running post-command actions...
2024-10-10 03:28:37,390 INFO - ContAudITWrapper#21 - Analyzing current environment state...
2024-10-10 03:28:37,397 INFO - ContAudITWrapper#21 - Saving current environment state...
2024-10-10 03:28:37,398 INFO - ContAudITWrapper#21 - Environment state hash: a7ffc6f8bf1ed76651c14756a061d662f580ff4de43b49fa82d80a4b80f8434a
2024-10-10 03:28:37,399 INFO - ContAudITWrapper#21 - Checking environment diff...
2024-10-10 03:28:37,433 INFO - ContAudITWrapper#21 - Environment diff: 
2024-10-10 03:28:37,433 INFO - ContAudITWrapper#21 - Cleaning temporary files...
2024-10-10 03:28:37,460 INFO - ContAudITWrapper#21 - Sending to blockchain...
2024-10-10 03:28:39,163 INFO - ContAudITWrapper#21 - Response 
2024-10-10 03:28:39,171 INFO - ContAudITWrapper#21 - Finishing ContAudIT Wrapper...
