2024-10-10 03:27:51,123 INFO - ContAudITWrapper#27 - Initializing ContAudIT Wrapper...
2024-10-10 03:27:51,205 INFO - ContAudITWrapper#27 - Current directory: /home/ec2-user/Code/ufrgs-poc/contaudit-wrapper.jar
2024-10-10 03:28:02,897 INFO - ContAudITWrapper#27 - Wrapper hash: b7519188ed863d76e5199a8d880bb968bdf9124fad53b871583787e123a7a764
2024-10-10 03:28:02,931 INFO - ContAudITWrapper#27 - Validating Wrapper...
2024-10-10 03:28:30,777 INFO - ContAudITWrapper#27 - Response true
2024-10-10 03:28:30,879 INFO - ContAudITWrapper#27 - Application hash: e36ee2d35f8c4c41bd358782dfb3ac8852b40439d350ff27616f0c18819ce9bf
2024-10-10 03:28:30,879 INFO - ContAudITWrapper#27 - Validating Application...
2024-10-10 03:28:35,149 INFO - ContAudITWrapper#27 - Response true
2024-10-10 03:28:35,163 INFO - ContAudITWrapper#27 - Artifact user.workflow hash: 52877374d8c54314b7af92814eaf729121e99a87e9706a2888cd9bcd951b11c9
2024-10-10 03:28:35,169 INFO - ContAudITWrapper#27 - Validating Artifact...
2024-10-10 03:28:37,370 INFO - ContAudITWrapper#27 - Response true
2024-10-10 03:28:37,377 INFO - ContAudITWrapper#27 - Running pre-command actions...
2024-10-10 03:28:37,378 INFO - ContAudITWrapper#27 - Analyzing current environment state...
2024-10-10 03:28:37,415 INFO - ContAudITWrapper#27 - Saving current environment state...
2024-10-10 03:28:37,416 INFO - ContAudITWrapper#27 - Environment state hash: a7ffc6f8bf1ed76651c14756a061d662f580ff4de43b49fa82d80a4b80f8434a
2024-10-10 03:28:37,416 INFO - ContAudITWrapper#27 - Executing command...
2024-10-10 03:28:41,123 INFO - ContAudITWrapper#27 - Command output: 
2024-10-10 03:28:37.423597033 [executor] Initializing the workflow...
[useradd_workflow] User contaudit27 already exists. Removing...
[useradd_workflow] User contaudit27 successfully removed.
[useradd_workflow] User contaudit27 created successfully.
2024-10-10 03:28:41.120086430 [executor] Finished!

2024-10-10 03:28:41,124 INFO - ContAudITWrapper#27 - Running post-command actions...
2024-10-10 03:28:41,124 INFO - ContAudITWrapper#27 - Analyzing current environment state...
2024-10-10 03:28:41,144 INFO - ContAudITWrapper#27 - Saving current environment state...
2024-10-10 03:28:41,144 INFO - ContAudITWrapper#27 - Environment state hash: a7ffc6f8bf1ed76651c14756a061d662f580ff4de43b49fa82d80a4b80f8434a
2024-10-10 03:28:41,145 INFO - ContAudITWrapper#27 - Checking environment diff...
2024-10-10 03:28:41,151 INFO - ContAudITWrapper#27 - Environment diff: 
2024-10-10 03:28:41,151 INFO - ContAudITWrapper#27 - Cleaning temporary files...
2024-10-10 03:28:41,180 INFO - ContAudITWrapper#27 - Sending to blockchain...
2024-10-10 03:28:43,631 INFO - ContAudITWrapper#27 - Response 
2024-10-10 03:28:43,633 INFO - ContAudITWrapper#27 - Finishing ContAudIT Wrapper...
