2024-10-10 03:27:50,804 INFO - ContAudITWrapper#39 - Initializing ContAudIT Wrapper...
2024-10-10 03:27:50,875 INFO - ContAudITWrapper#39 - Current directory: /home/ec2-user/Code/ufrgs-poc/contaudit-wrapper.jar
2024-10-10 03:28:00,305 INFO - ContAudITWrapper#39 - Wrapper hash: b7519188ed863d76e5199a8d880bb968bdf9124fad53b871583787e123a7a764
2024-10-10 03:28:00,313 INFO - ContAudITWrapper#39 - Validating Wrapper...
2024-10-10 03:28:26,392 INFO - ContAudITWrapper#39 - Response true
2024-10-10 03:28:26,534 INFO - ContAudITWrapper#39 - Application hash: e36ee2d35f8c4c41bd358782dfb3ac8852b40439d350ff27616f0c18819ce9bf
2024-10-10 03:28:26,535 INFO - ContAudITWrapper#39 - Validating Application...
2024-10-10 03:28:30,127 INFO - ContAudITWrapper#39 - Response true
2024-10-10 03:28:30,140 INFO - ContAudITWrapper#39 - Artifact user.workflow hash: 52877374d8c54314b7af92814eaf729121e99a87e9706a2888cd9bcd951b11c9
2024-10-10 03:28:30,164 INFO - ContAudITWrapper#39 - Validating Artifact...
2024-10-10 03:28:35,145 INFO - ContAudITWrapper#39 - Response true
2024-10-10 03:28:35,147 INFO - ContAudITWrapper#39 - Running pre-command actions...
2024-10-10 03:28:35,148 INFO - ContAudITWrapper#39 - Analyzing current environment state...
2024-10-10 03:28:35,252 INFO - ContAudITWrapper#39 - Saving current environment state...
2024-10-10 03:28:35,253 INFO - ContAudITWrapper#39 - Environment state hash: a7ffc6f8bf1ed76651c14756a061d662f580ff4de43b49fa82d80a4b80f8434a
2024-10-10 03:28:35,253 INFO - ContAudITWrapper#39 - Executing command...
2024-10-10 03:28:36,535 INFO - ContAudITWrapper#39 - Command output: 
2024-10-10 03:28:35.327208691 [executor] Initializing the workflow...
[useradd_workflow] User contaudit39 does not exist. Creating...
[useradd_workflow] User contaudit39 created successfully.
2024-10-10 03:28:36.533717297 [executor] Finished!

2024-10-10 03:28:36,536 INFO - ContAudITWrapper#39 - Running post-command actions...
2024-10-10 03:28:36,536 INFO - ContAudITWrapper#39 - Analyzing current environment state...
2024-10-10 03:28:36,586 INFO - ContAudITWrapper#39 - Saving current environment state...
2024-10-10 03:28:36,586 INFO - ContAudITWrapper#39 - Environment state hash: a7ffc6f8bf1ed76651c14756a061d662f580ff4de43b49fa82d80a4b80f8434a
2024-10-10 03:28:36,587 INFO - ContAudITWrapper#39 - Checking environment diff...
2024-10-10 03:28:36,613 INFO - ContAudITWrapper#39 - Environment diff: 
2024-10-10 03:28:36,613 INFO - ContAudITWrapper#39 - Cleaning temporary files...
2024-10-10 03:28:36,622 INFO - ContAudITWrapper#39 - Sending to blockchain...
2024-10-10 03:28:39,255 INFO - ContAudITWrapper#39 - Response 
2024-10-10 03:28:39,256 INFO - ContAudITWrapper#39 - Finishing ContAudIT Wrapper...
