2024-10-10 03:27:51,269 INFO - ContAudITWrapper#20 - Initializing ContAudIT Wrapper...
2024-10-10 03:27:51,349 INFO - ContAudITWrapper#20 - Current directory: /home/ec2-user/Code/ufrgs-poc/contaudit-wrapper.jar
2024-10-10 03:27:58,724 INFO - ContAudITWrapper#20 - Wrapper hash: b7519188ed863d76e5199a8d880bb968bdf9124fad53b871583787e123a7a764
2024-10-10 03:27:58,732 INFO - ContAudITWrapper#20 - Validating Wrapper...
2024-10-10 03:28:25,646 INFO - ContAudITWrapper#20 - Response true
2024-10-10 03:28:25,738 INFO - ContAudITWrapper#20 - Application hash: e36ee2d35f8c4c41bd358782dfb3ac8852b40439d350ff27616f0c18819ce9bf
2024-10-10 03:28:25,739 INFO - ContAudITWrapper#20 - Validating Application...
2024-10-10 03:28:31,166 INFO - ContAudITWrapper#20 - Response true
2024-10-10 03:28:31,173 INFO - ContAudITWrapper#20 - Artifact user.workflow hash: 52877374d8c54314b7af92814eaf729121e99a87e9706a2888cd9bcd951b11c9
2024-10-10 03:28:31,241 INFO - ContAudITWrapper#20 - Validating Artifact...
2024-10-10 03:28:35,698 INFO - ContAudITWrapper#20 - Response true
2024-10-10 03:28:35,713 INFO - ContAudITWrapper#20 - Running pre-command actions...
2024-10-10 03:28:35,723 INFO - ContAudITWrapper#20 - Analyzing current environment state...
2024-10-10 03:28:35,839 INFO - ContAudITWrapper#20 - Saving current environment state...
2024-10-10 03:28:35,840 INFO - ContAudITWrapper#20 - Environment state hash: a7ffc6f8bf1ed76651c14756a061d662f580ff4de43b49fa82d80a4b80f8434a
2024-10-10 03:28:35,840 INFO - ContAudITWrapper#20 - Executing command...
2024-10-10 03:28:39,504 INFO - ContAudITWrapper#20 - Command output: 
2024-10-10 03:28:36.034796949 [executor] Initializing the workflow...
[useradd_workflow] User contaudit20 already exists. Removing...
[useradd_workflow] User contaudit20 successfully removed.
[useradd_workflow] User contaudit20 created successfully.
2024-10-10 03:28:39.504303018 [executor] Finished!

2024-10-10 03:28:39,505 INFO - ContAudITWrapper#20 - Running post-command actions...
2024-10-10 03:28:39,505 INFO - ContAudITWrapper#20 - Analyzing current environment state...
2024-10-10 03:28:39,510 INFO - ContAudITWrapper#20 - Saving current environment state...
2024-10-10 03:28:39,511 INFO - ContAudITWrapper#20 - Environment state hash: a7ffc6f8bf1ed76651c14756a061d662f580ff4de43b49fa82d80a4b80f8434a
2024-10-10 03:28:39,512 INFO - ContAudITWrapper#20 - Checking environment diff...
2024-10-10 03:28:39,515 INFO - ContAudITWrapper#20 - Environment diff: 
2024-10-10 03:28:39,515 INFO - ContAudITWrapper#20 - Cleaning temporary files...
2024-10-10 03:28:39,521 INFO - ContAudITWrapper#20 - Sending to blockchain...
2024-10-10 03:28:41,231 INFO - ContAudITWrapper#20 - Response 
2024-10-10 03:28:41,233 INFO - ContAudITWrapper#20 - Finishing ContAudIT Wrapper...
