2024-10-10 03:27:50,955 INFO - ContAudITWrapper#11 - Initializing ContAudIT Wrapper...
2024-10-10 03:27:51,000 INFO - ContAudITWrapper#11 - Current directory: /home/ec2-user/Code/ufrgs-poc/contaudit-wrapper.jar
2024-10-10 03:28:01,152 INFO - ContAudITWrapper#11 - Wrapper hash: b7519188ed863d76e5199a8d880bb968bdf9124fad53b871583787e123a7a764
2024-10-10 03:28:01,169 INFO - ContAudITWrapper#11 - Validating Wrapper...
2024-10-10 03:28:27,394 INFO - ContAudITWrapper#11 - Response true
2024-10-10 03:28:27,522 INFO - ContAudITWrapper#11 - Application hash: e36ee2d35f8c4c41bd358782dfb3ac8852b40439d350ff27616f0c18819ce9bf
2024-10-10 03:28:27,522 INFO - ContAudITWrapper#11 - Validating Application...
2024-10-10 03:28:31,567 INFO - ContAudITWrapper#11 - Response true
2024-10-10 03:28:31,637 INFO - ContAudITWrapper#11 - Artifact user.workflow hash: 52877374d8c54314b7af92814eaf729121e99a87e9706a2888cd9bcd951b11c9
2024-10-10 03:28:31,659 INFO - ContAudITWrapper#11 - Validating Artifact...
2024-10-10 03:28:36,762 INFO - ContAudITWrapper#11 - Response true
2024-10-10 03:28:36,774 INFO - ContAudITWrapper#11 - Running pre-command actions...
2024-10-10 03:28:36,776 INFO - ContAudITWrapper#11 - Analyzing current environment state...
2024-10-10 03:28:36,817 INFO - ContAudITWrapper#11 - Saving current environment state...
2024-10-10 03:28:36,818 INFO - ContAudITWrapper#11 - Environment state hash: a7ffc6f8bf1ed76651c14756a061d662f580ff4de43b49fa82d80a4b80f8434a
2024-10-10 03:28:36,818 INFO - ContAudITWrapper#11 - Executing command...
2024-10-10 03:28:40,893 INFO - ContAudITWrapper#11 - Command output: 
2024-10-10 03:28:36.845506570 [executor] Initializing the workflow...
[useradd_workflow] User contaudit11 already exists. Removing...
[useradd_workflow] User contaudit11 successfully removed.
[useradd_workflow] User contaudit11 created successfully.
2024-10-10 03:28:40.892607390 [executor] Finished!

2024-10-10 03:28:40,893 INFO - ContAudITWrapper#11 - Running post-command actions...
2024-10-10 03:28:40,893 INFO - ContAudITWrapper#11 - Analyzing current environment state...
2024-10-10 03:28:40,936 INFO - ContAudITWrapper#11 - Saving current environment state...
2024-10-10 03:28:40,937 INFO - ContAudITWrapper#11 - Environment state hash: a7ffc6f8bf1ed76651c14756a061d662f580ff4de43b49fa82d80a4b80f8434a
2024-10-10 03:28:40,937 INFO - ContAudITWrapper#11 - Checking environment diff...
2024-10-10 03:28:40,954 INFO - ContAudITWrapper#11 - Environment diff: 
2024-10-10 03:28:40,955 INFO - ContAudITWrapper#11 - Cleaning temporary files...
2024-10-10 03:28:40,960 INFO - ContAudITWrapper#11 - Sending to blockchain...
2024-10-10 03:28:43,665 INFO - ContAudITWrapper#11 - Response 
2024-10-10 03:28:43,667 INFO - ContAudITWrapper#11 - Finishing ContAudIT Wrapper...
