2024-10-10 03:27:51,009 INFO - ContAudITWrapper#16 - Initializing ContAudIT Wrapper...
2024-10-10 03:27:51,094 INFO - ContAudITWrapper#16 - Current directory: /home/ec2-user/Code/ufrgs-poc/contaudit-wrapper.jar
2024-10-10 03:28:00,665 INFO - ContAudITWrapper#16 - Wrapper hash: b7519188ed863d76e5199a8d880bb968bdf9124fad53b871583787e123a7a764
2024-10-10 03:28:00,705 INFO - ContAudITWrapper#16 - Validating Wrapper...
2024-10-10 03:28:29,289 INFO - ContAudITWrapper#16 - Response true
2024-10-10 03:28:29,376 INFO - ContAudITWrapper#16 - Application hash: e36ee2d35f8c4c41bd358782dfb3ac8852b40439d350ff27616f0c18819ce9bf
2024-10-10 03:28:29,377 INFO - ContAudITWrapper#16 - Validating Application...
2024-10-10 03:28:34,739 INFO - ContAudITWrapper#16 - Response true
2024-10-10 03:28:34,754 INFO - ContAudITWrapper#16 - Artifact user.workflow hash: 52877374d8c54314b7af92814eaf729121e99a87e9706a2888cd9bcd951b11c9
2024-10-10 03:28:34,760 INFO - ContAudITWrapper#16 - Validating Artifact...
2024-10-10 03:28:37,441 INFO - ContAudITWrapper#16 - Response true
2024-10-10 03:28:37,468 INFO - ContAudITWrapper#16 - Running pre-command actions...
2024-10-10 03:28:37,469 INFO - ContAudITWrapper#16 - Analyzing current environment state...
2024-10-10 03:28:37,502 INFO - ContAudITWrapper#16 - Saving current environment state...
2024-10-10 03:28:37,503 INFO - ContAudITWrapper#16 - Environment state hash: a7ffc6f8bf1ed76651c14756a061d662f580ff4de43b49fa82d80a4b80f8434a
2024-10-10 03:28:37,503 INFO - ContAudITWrapper#16 - Executing command...
2024-10-10 03:28:41,332 INFO - ContAudITWrapper#16 - Command output: 
2024-10-10 03:28:37.560088137 [executor] Initializing the workflow...
[useradd_workflow] User contaudit16 already exists. Removing...
[useradd_workflow] User contaudit16 successfully removed.
[useradd_workflow] User contaudit16 created successfully.
2024-10-10 03:28:41.331475063 [executor] Finished!

2024-10-10 03:28:41,332 INFO - ContAudITWrapper#16 - Running post-command actions...
2024-10-10 03:28:41,333 INFO - ContAudITWrapper#16 - Analyzing current environment state...
2024-10-10 03:28:41,363 INFO - ContAudITWrapper#16 - Saving current environment state...
2024-10-10 03:28:41,364 INFO - ContAudITWrapper#16 - Environment state hash: a7ffc6f8bf1ed76651c14756a061d662f580ff4de43b49fa82d80a4b80f8434a
2024-10-10 03:28:41,365 INFO - ContAudITWrapper#16 - Checking environment diff...
2024-10-10 03:28:41,371 INFO - ContAudITWrapper#16 - Environment diff: 
2024-10-10 03:28:41,371 INFO - ContAudITWrapper#16 - Cleaning temporary files...
2024-10-10 03:28:41,376 INFO - ContAudITWrapper#16 - Sending to blockchain...
2024-10-10 03:28:43,700 INFO - ContAudITWrapper#16 - Response 
2024-10-10 03:28:43,703 INFO - ContAudITWrapper#16 - Finishing ContAudIT Wrapper...
