2024-10-10 03:33:57,374 INFO - ContAudITWrapper#48 - Initializing ContAudIT Wrapper...
2024-10-10 03:33:57,503 INFO - ContAudITWrapper#48 - Current directory: /home/ec2-user/Code/ufrgs-poc/contaudit-wrapper.jar
2024-10-10 03:34:11,269 INFO - ContAudITWrapper#48 - Wrapper hash: b7519188ed863d76e5199a8d880bb968bdf9124fad53b871583787e123a7a764
2024-10-10 03:34:11,389 INFO - ContAudITWrapper#48 - Validating Wrapper...
2024-10-10 03:34:53,794 INFO - ContAudITWrapper#48 - Response true
2024-10-10 03:34:53,902 INFO - ContAudITWrapper#48 - Application hash: e36ee2d35f8c4c41bd358782dfb3ac8852b40439d350ff27616f0c18819ce9bf
2024-10-10 03:34:53,905 INFO - ContAudITWrapper#48 - Validating Application...
2024-10-10 03:35:02,407 INFO - ContAudITWrapper#48 - Response true
2024-10-10 03:35:02,425 INFO - ContAudITWrapper#48 - Artifact user.workflow hash: 52877374d8c54314b7af92814eaf729121e99a87e9706a2888cd9bcd951b11c9
2024-10-10 03:35:02,450 INFO - ContAudITWrapper#48 - Validating Artifact...
2024-10-10 03:35:09,211 INFO - ContAudITWrapper#48 - Response true
2024-10-10 03:35:09,224 INFO - ContAudITWrapper#48 - Running pre-command actions...
2024-10-10 03:35:09,225 INFO - ContAudITWrapper#48 - Analyzing current environment state...
2024-10-10 03:35:09,384 INFO - ContAudITWrapper#48 - Saving current environment state...
2024-10-10 03:35:09,385 INFO - ContAudITWrapper#48 - Environment state hash: a7ffc6f8bf1ed76651c14756a061d662f580ff4de43b49fa82d80a4b80f8434a
2024-10-10 03:35:09,386 INFO - ContAudITWrapper#48 - Executing command...
2024-10-10 03:35:14,859 INFO - ContAudITWrapper#48 - Command output: 
2024-10-10 03:35:09.455841331 [executor] Initializing the workflow...
[useradd_workflow] User contaudit48 already exists. Removing...
[useradd_workflow] User contaudit48 successfully removed.
[useradd_workflow] User contaudit48 created successfully.
2024-10-10 03:35:14.858328284 [executor] Finished!

2024-10-10 03:35:14,860 INFO - ContAudITWrapper#48 - Running post-command actions...
2024-10-10 03:35:14,860 INFO - ContAudITWrapper#48 - Analyzing current environment state...
2024-10-10 03:35:14,871 INFO - ContAudITWrapper#48 - Saving current environment state...
2024-10-10 03:35:14,872 INFO - ContAudITWrapper#48 - Environment state hash: a7ffc6f8bf1ed76651c14756a061d662f580ff4de43b49fa82d80a4b80f8434a
2024-10-10 03:35:14,872 INFO - ContAudITWrapper#48 - Checking environment diff...
2024-10-10 03:35:14,893 INFO - ContAudITWrapper#48 - Environment diff: 
2024-10-10 03:35:14,894 INFO - ContAudITWrapper#48 - Cleaning temporary files...
2024-10-10 03:35:14,907 INFO - ContAudITWrapper#48 - Sending to blockchain...
2024-10-10 03:35:17,100 INFO - ContAudITWrapper#48 - Response 
2024-10-10 03:35:17,102 INFO - ContAudITWrapper#48 - Finishing ContAudIT Wrapper...
