2024-10-10 03:33:57,493 INFO - ContAudITWrapper#17 - Initializing ContAudIT Wrapper...
2024-10-10 03:33:57,649 INFO - ContAudITWrapper#17 - Current directory: /home/ec2-user/Code/ufrgs-poc/contaudit-wrapper.jar
2024-10-10 03:34:10,977 INFO - ContAudITWrapper#17 - Wrapper hash: b7519188ed863d76e5199a8d880bb968bdf9124fad53b871583787e123a7a764
2024-10-10 03:34:10,984 INFO - ContAudITWrapper#17 - Validating Wrapper...
2024-10-10 03:34:51,125 INFO - ContAudITWrapper#17 - Response true
2024-10-10 03:34:51,306 INFO - ContAudITWrapper#17 - Application hash: e36ee2d35f8c4c41bd358782dfb3ac8852b40439d350ff27616f0c18819ce9bf
2024-10-10 03:34:51,324 INFO - ContAudITWrapper#17 - Validating Application...
2024-10-10 03:35:01,841 INFO - ContAudITWrapper#17 - Response true
2024-10-10 03:35:01,856 INFO - ContAudITWrapper#17 - Artifact user.workflow hash: 52877374d8c54314b7af92814eaf729121e99a87e9706a2888cd9bcd951b11c9
2024-10-10 03:35:01,897 INFO - ContAudITWrapper#17 - Validating Artifact...
2024-10-10 03:35:07,865 INFO - ContAudITWrapper#17 - Response true
2024-10-10 03:35:07,872 INFO - ContAudITWrapper#17 - Running pre-command actions...
2024-10-10 03:35:07,873 INFO - ContAudITWrapper#17 - Analyzing current environment state...
2024-10-10 03:35:07,997 INFO - ContAudITWrapper#17 - Saving current environment state...
2024-10-10 03:35:07,999 INFO - ContAudITWrapper#17 - Environment state hash: a7ffc6f8bf1ed76651c14756a061d662f580ff4de43b49fa82d80a4b80f8434a
2024-10-10 03:35:07,999 INFO - ContAudITWrapper#17 - Executing command...
2024-10-10 03:35:12,699 INFO - ContAudITWrapper#17 - Command output: 
2024-10-10 03:35:08.139763666 [executor] Initializing the workflow...
[useradd_workflow] User contaudit17 already exists. Removing...
[useradd_workflow] User contaudit17 successfully removed.
[useradd_workflow] User contaudit17 created successfully.
2024-10-10 03:35:12.698377615 [executor] Finished!

2024-10-10 03:35:12,699 INFO - ContAudITWrapper#17 - Running post-command actions...
2024-10-10 03:35:12,699 INFO - ContAudITWrapper#17 - Analyzing current environment state...
2024-10-10 03:35:12,804 INFO - ContAudITWrapper#17 - Saving current environment state...
2024-10-10 03:35:12,805 INFO - ContAudITWrapper#17 - Environment state hash: a7ffc6f8bf1ed76651c14756a061d662f580ff4de43b49fa82d80a4b80f8434a
2024-10-10 03:35:12,805 INFO - ContAudITWrapper#17 - Checking environment diff...
2024-10-10 03:35:12,893 INFO - ContAudITWrapper#17 - Environment diff: 
2024-10-10 03:35:12,893 INFO - ContAudITWrapper#17 - Cleaning temporary files...
2024-10-10 03:35:12,929 INFO - ContAudITWrapper#17 - Sending to blockchain...
2024-10-10 03:35:14,891 INFO - ContAudITWrapper#17 - Response 
2024-10-10 03:35:14,893 INFO - ContAudITWrapper#17 - Finishing ContAudIT Wrapper...
