2024-10-10 03:33:56,823 INFO - ContAudITWrapper#1 - Initializing ContAudIT Wrapper...
2024-10-10 03:33:57,032 INFO - ContAudITWrapper#1 - Current directory: /home/ec2-user/Code/ufrgs-poc/contaudit-wrapper.jar
2024-10-10 03:34:11,492 INFO - ContAudITWrapper#1 - Wrapper hash: b7519188ed863d76e5199a8d880bb968bdf9124fad53b871583787e123a7a764
2024-10-10 03:34:11,512 INFO - ContAudITWrapper#1 - Validating Wrapper...
2024-10-10 03:34:54,631 INFO - ContAudITWrapper#1 - Response true
2024-10-10 03:34:54,830 INFO - ContAudITWrapper#1 - Application hash: e36ee2d35f8c4c41bd358782dfb3ac8852b40439d350ff27616f0c18819ce9bf
2024-10-10 03:34:54,838 INFO - ContAudITWrapper#1 - Validating Application...
2024-10-10 03:35:05,503 INFO - ContAudITWrapper#1 - Response true
2024-10-10 03:35:05,533 INFO - ContAudITWrapper#1 - Artifact user.workflow hash: 52877374d8c54314b7af92814eaf729121e99a87e9706a2888cd9bcd951b11c9
2024-10-10 03:35:05,542 INFO - ContAudITWrapper#1 - Validating Artifact...
2024-10-10 03:35:13,185 INFO - ContAudITWrapper#1 - Response true
2024-10-10 03:35:13,187 INFO - ContAudITWrapper#1 - Running pre-command actions...
2024-10-10 03:35:13,188 INFO - ContAudITWrapper#1 - Analyzing current environment state...
2024-10-10 03:35:13,240 INFO - ContAudITWrapper#1 - Saving current environment state...
2024-10-10 03:35:13,241 INFO - ContAudITWrapper#1 - Environment state hash: a7ffc6f8bf1ed76651c14756a061d662f580ff4de43b49fa82d80a4b80f8434a
2024-10-10 03:35:13,241 INFO - ContAudITWrapper#1 - Executing command...
2024-10-10 03:35:19,972 INFO - ContAudITWrapper#1 - Command output: 
2024-10-10 03:35:13.283125390 [executor] Initializing the workflow...
[useradd_workflow] User contaudit1 already exists. Removing...
[useradd_workflow] User contaudit1 successfully removed.
[useradd_workflow] User contaudit1 created successfully.
2024-10-10 03:35:19.971257031 [executor] Finished!

2024-10-10 03:35:19,972 INFO - ContAudITWrapper#1 - Running post-command actions...
2024-10-10 03:35:19,973 INFO - ContAudITWrapper#1 - Analyzing current environment state...
2024-10-10 03:35:19,985 INFO - ContAudITWrapper#1 - Saving current environment state...
2024-10-10 03:35:19,985 INFO - ContAudITWrapper#1 - Environment state hash: a7ffc6f8bf1ed76651c14756a061d662f580ff4de43b49fa82d80a4b80f8434a
2024-10-10 03:35:19,985 INFO - ContAudITWrapper#1 - Checking environment diff...
2024-10-10 03:35:19,994 INFO - ContAudITWrapper#1 - Environment diff: 
2024-10-10 03:35:19,994 INFO - ContAudITWrapper#1 - Cleaning temporary files...
2024-10-10 03:35:20,015 INFO - ContAudITWrapper#1 - Sending to blockchain...
2024-10-10 03:35:23,940 INFO - ContAudITWrapper#1 - Response 
2024-10-10 03:35:23,969 INFO - ContAudITWrapper#1 - Finishing ContAudIT Wrapper...
