2024-10-10 03:33:56,501 INFO - ContAudITWrapper#6 - Initializing ContAudIT Wrapper...
2024-10-10 03:33:56,635 INFO - ContAudITWrapper#6 - Current directory: /home/ec2-user/Code/ufrgs-poc/contaudit-wrapper.jar
2024-10-10 03:34:11,848 INFO - ContAudITWrapper#6 - Wrapper hash: b7519188ed863d76e5199a8d880bb968bdf9124fad53b871583787e123a7a764
2024-10-10 03:34:11,857 INFO - ContAudITWrapper#6 - Validating Wrapper...
2024-10-10 03:34:52,378 INFO - ContAudITWrapper#6 - Response true
2024-10-10 03:34:52,520 INFO - ContAudITWrapper#6 - Application hash: e36ee2d35f8c4c41bd358782dfb3ac8852b40439d350ff27616f0c18819ce9bf
2024-10-10 03:34:52,521 INFO - ContAudITWrapper#6 - Validating Application...
2024-10-10 03:35:00,769 INFO - ContAudITWrapper#6 - Response true
2024-10-10 03:35:00,805 INFO - ContAudITWrapper#6 - Artifact user.workflow hash: 52877374d8c54314b7af92814eaf729121e99a87e9706a2888cd9bcd951b11c9
2024-10-10 03:35:00,837 INFO - ContAudITWrapper#6 - Validating Artifact...
2024-10-10 03:35:05,262 INFO - ContAudITWrapper#6 - Response true
2024-10-10 03:35:05,349 INFO - ContAudITWrapper#6 - Running pre-command actions...
2024-10-10 03:35:05,350 INFO - ContAudITWrapper#6 - Analyzing current environment state...
2024-10-10 03:35:05,614 INFO - ContAudITWrapper#6 - Saving current environment state...
2024-10-10 03:35:05,615 INFO - ContAudITWrapper#6 - Environment state hash: a7ffc6f8bf1ed76651c14756a061d662f580ff4de43b49fa82d80a4b80f8434a
2024-10-10 03:35:05,616 INFO - ContAudITWrapper#6 - Executing command...
2024-10-10 03:35:09,401 INFO - ContAudITWrapper#6 - Command output: 
2024-10-10 03:35:05.715187281 [executor] Initializing the workflow...
[useradd_workflow] User contaudit6 already exists. Removing...
[useradd_workflow] User contaudit6 successfully removed.
[useradd_workflow] User contaudit6 created successfully.
2024-10-10 03:35:09.400430386 [executor] Finished!

2024-10-10 03:35:09,401 INFO - ContAudITWrapper#6 - Running post-command actions...
2024-10-10 03:35:09,401 INFO - ContAudITWrapper#6 - Analyzing current environment state...
2024-10-10 03:35:09,483 INFO - ContAudITWrapper#6 - Saving current environment state...
2024-10-10 03:35:09,483 INFO - ContAudITWrapper#6 - Environment state hash: a7ffc6f8bf1ed76651c14756a061d662f580ff4de43b49fa82d80a4b80f8434a
2024-10-10 03:35:09,484 INFO - ContAudITWrapper#6 - Checking environment diff...
2024-10-10 03:35:09,555 INFO - ContAudITWrapper#6 - Environment diff: 
2024-10-10 03:35:09,556 INFO - ContAudITWrapper#6 - Cleaning temporary files...
2024-10-10 03:35:09,636 INFO - ContAudITWrapper#6 - Sending to blockchain...
2024-10-10 03:35:14,930 INFO - ContAudITWrapper#6 - Response 
2024-10-10 03:35:14,937 INFO - ContAudITWrapper#6 - Finishing ContAudIT Wrapper...
