2024-10-10 03:33:56,289 INFO - ContAudITWrapper#50 - Initializing ContAudIT Wrapper...
2024-10-10 03:33:56,523 INFO - ContAudITWrapper#50 - Current directory: /home/ec2-user/Code/ufrgs-poc/contaudit-wrapper.jar
2024-10-10 03:34:11,879 INFO - ContAudITWrapper#50 - Wrapper hash: b7519188ed863d76e5199a8d880bb968bdf9124fad53b871583787e123a7a764
2024-10-10 03:34:11,887 INFO - ContAudITWrapper#50 - Validating Wrapper...
2024-10-10 03:34:55,592 INFO - ContAudITWrapper#50 - Response true
2024-10-10 03:34:55,608 INFO - ContAudITWrapper#50 - Application hash: e36ee2d35f8c4c41bd358782dfb3ac8852b40439d350ff27616f0c18819ce9bf
2024-10-10 03:34:55,710 INFO - ContAudITWrapper#50 - Validating Application...
2024-10-10 03:35:02,913 INFO - ContAudITWrapper#50 - Response true
2024-10-10 03:35:02,949 INFO - ContAudITWrapper#50 - Artifact user.workflow hash: 52877374d8c54314b7af92814eaf729121e99a87e9706a2888cd9bcd951b11c9
2024-10-10 03:35:02,957 INFO - ContAudITWrapper#50 - Validating Artifact...
2024-10-10 03:35:10,547 INFO - ContAudITWrapper#50 - Response true
2024-10-10 03:35:10,560 INFO - ContAudITWrapper#50 - Running pre-command actions...
2024-10-10 03:35:10,561 INFO - ContAudITWrapper#50 - Analyzing current environment state...
2024-10-10 03:35:10,770 INFO - ContAudITWrapper#50 - Saving current environment state...
2024-10-10 03:35:10,771 INFO - ContAudITWrapper#50 - Environment state hash: a7ffc6f8bf1ed76651c14756a061d662f580ff4de43b49fa82d80a4b80f8434a
2024-10-10 03:35:10,771 INFO - ContAudITWrapper#50 - Executing command...
2024-10-10 03:35:17,775 INFO - ContAudITWrapper#50 - Command output: 
2024-10-10 03:35:10.850760989 [executor] Initializing the workflow...
[useradd_workflow] User contaudit50 already exists. Removing...
[useradd_workflow] User contaudit50 successfully removed.
[useradd_workflow] User contaudit50 created successfully.
2024-10-10 03:35:17.774643436 [executor] Finished!

2024-10-10 03:35:17,775 INFO - ContAudITWrapper#50 - Running post-command actions...
2024-10-10 03:35:17,775 INFO - ContAudITWrapper#50 - Analyzing current environment state...
2024-10-10 03:35:17,786 INFO - ContAudITWrapper#50 - Saving current environment state...
2024-10-10 03:35:17,786 INFO - ContAudITWrapper#50 - Environment state hash: a7ffc6f8bf1ed76651c14756a061d662f580ff4de43b49fa82d80a4b80f8434a
2024-10-10 03:35:17,787 INFO - ContAudITWrapper#50 - Checking environment diff...
2024-10-10 03:35:17,804 INFO - ContAudITWrapper#50 - Environment diff: 
2024-10-10 03:35:17,805 INFO - ContAudITWrapper#50 - Cleaning temporary files...
2024-10-10 03:35:17,817 INFO - ContAudITWrapper#50 - Sending to blockchain...
2024-10-10 03:35:21,701 INFO - ContAudITWrapper#50 - Response 
2024-10-10 03:35:21,703 INFO - ContAudITWrapper#50 - Finishing ContAudIT Wrapper...
