2024-10-10 03:33:57,616 INFO - ContAudITWrapper#63 - Initializing ContAudIT Wrapper...
2024-10-10 03:33:57,724 INFO - ContAudITWrapper#63 - Current directory: /home/ec2-user/Code/ufrgs-poc/contaudit-wrapper.jar
2024-10-10 03:34:13,120 INFO - ContAudITWrapper#63 - Wrapper hash: b7519188ed863d76e5199a8d880bb968bdf9124fad53b871583787e123a7a764
2024-10-10 03:34:13,128 INFO - ContAudITWrapper#63 - Validating Wrapper...
2024-10-10 03:34:56,652 INFO - ContAudITWrapper#63 - Response true
2024-10-10 03:34:56,865 INFO - ContAudITWrapper#63 - Application hash: e36ee2d35f8c4c41bd358782dfb3ac8852b40439d350ff27616f0c18819ce9bf
2024-10-10 03:34:56,866 INFO - ContAudITWrapper#63 - Validating Application...
2024-10-10 03:35:06,508 INFO - ContAudITWrapper#63 - Response true
2024-10-10 03:35:06,551 INFO - ContAudITWrapper#63 - Artifact user.workflow hash: 52877374d8c54314b7af92814eaf729121e99a87e9706a2888cd9bcd951b11c9
2024-10-10 03:35:06,556 INFO - ContAudITWrapper#63 - Validating Artifact...
2024-10-10 03:35:12,291 INFO - ContAudITWrapper#63 - Response true
2024-10-10 03:35:12,303 INFO - ContAudITWrapper#63 - Running pre-command actions...
2024-10-10 03:35:12,310 INFO - ContAudITWrapper#63 - Analyzing current environment state...
2024-10-10 03:35:12,414 INFO - ContAudITWrapper#63 - Saving current environment state...
2024-10-10 03:35:12,415 INFO - ContAudITWrapper#63 - Environment state hash: a7ffc6f8bf1ed76651c14756a061d662f580ff4de43b49fa82d80a4b80f8434a
2024-10-10 03:35:12,416 INFO - ContAudITWrapper#63 - Executing command...
2024-10-10 03:35:15,302 INFO - ContAudITWrapper#63 - Command output: 
2024-10-10 03:35:12.526452189 [executor] Initializing the workflow...
[useradd_workflow] User contaudit63 does not exist. Creating...
[useradd_workflow] User contaudit63 created successfully.
2024-10-10 03:35:15.301209186 [executor] Finished!

2024-10-10 03:35:15,302 INFO - ContAudITWrapper#63 - Running post-command actions...
2024-10-10 03:35:15,302 INFO - ContAudITWrapper#63 - Analyzing current environment state...
2024-10-10 03:35:15,311 INFO - ContAudITWrapper#63 - Saving current environment state...
2024-10-10 03:35:15,311 INFO - ContAudITWrapper#63 - Environment state hash: a7ffc6f8bf1ed76651c14756a061d662f580ff4de43b49fa82d80a4b80f8434a
2024-10-10 03:35:15,311 INFO - ContAudITWrapper#63 - Checking environment diff...
2024-10-10 03:35:15,324 INFO - ContAudITWrapper#63 - Environment diff: 
2024-10-10 03:35:15,325 INFO - ContAudITWrapper#63 - Cleaning temporary files...
2024-10-10 03:35:15,328 INFO - ContAudITWrapper#63 - Sending to blockchain...
2024-10-10 03:35:17,019 INFO - ContAudITWrapper#63 - Response 
2024-10-10 03:35:17,022 INFO - ContAudITWrapper#63 - Finishing ContAudIT Wrapper...
