2024-10-10 03:33:56,725 INFO - ContAudITWrapper#62 - Initializing ContAudIT Wrapper...
2024-10-10 03:33:56,817 INFO - ContAudITWrapper#62 - Current directory: /home/ec2-user/Code/ufrgs-poc/contaudit-wrapper.jar
2024-10-10 03:34:12,144 INFO - ContAudITWrapper#62 - Wrapper hash: b7519188ed863d76e5199a8d880bb968bdf9124fad53b871583787e123a7a764
2024-10-10 03:34:12,187 INFO - ContAudITWrapper#62 - Validating Wrapper...
2024-10-10 03:34:55,642 INFO - ContAudITWrapper#62 - Response true
2024-10-10 03:34:55,702 INFO - ContAudITWrapper#62 - Application hash: e36ee2d35f8c4c41bd358782dfb3ac8852b40439d350ff27616f0c18819ce9bf
2024-10-10 03:34:55,703 INFO - ContAudITWrapper#62 - Validating Application...
2024-10-10 03:35:04,813 INFO - ContAudITWrapper#62 - Response true
2024-10-10 03:35:04,828 INFO - ContAudITWrapper#62 - Artifact user.workflow hash: 52877374d8c54314b7af92814eaf729121e99a87e9706a2888cd9bcd951b11c9
2024-10-10 03:35:04,852 INFO - ContAudITWrapper#62 - Validating Artifact...
2024-10-10 03:35:13,012 INFO - ContAudITWrapper#62 - Response true
2024-10-10 03:35:13,019 INFO - ContAudITWrapper#62 - Running pre-command actions...
2024-10-10 03:35:13,027 INFO - ContAudITWrapper#62 - Analyzing current environment state...
2024-10-10 03:35:13,103 INFO - ContAudITWrapper#62 - Saving current environment state...
2024-10-10 03:35:13,104 INFO - ContAudITWrapper#62 - Environment state hash: a7ffc6f8bf1ed76651c14756a061d662f580ff4de43b49fa82d80a4b80f8434a
2024-10-10 03:35:13,104 INFO - ContAudITWrapper#62 - Executing command...
2024-10-10 03:35:16,017 INFO - ContAudITWrapper#62 - Command output: 
2024-10-10 03:35:13.115705002 [executor] Initializing the workflow...
[useradd_workflow] User contaudit62 does not exist. Creating...
[useradd_workflow] User contaudit62 created successfully.
2024-10-10 03:35:16.016201752 [executor] Finished!

2024-10-10 03:35:16,017 INFO - ContAudITWrapper#62 - Running post-command actions...
2024-10-10 03:35:16,017 INFO - ContAudITWrapper#62 - Analyzing current environment state...
2024-10-10 03:35:16,024 INFO - ContAudITWrapper#62 - Saving current environment state...
2024-10-10 03:35:16,024 INFO - ContAudITWrapper#62 - Environment state hash: a7ffc6f8bf1ed76651c14756a061d662f580ff4de43b49fa82d80a4b80f8434a
2024-10-10 03:35:16,025 INFO - ContAudITWrapper#62 - Checking environment diff...
2024-10-10 03:35:16,031 INFO - ContAudITWrapper#62 - Environment diff: 
2024-10-10 03:35:16,031 INFO - ContAudITWrapper#62 - Cleaning temporary files...
2024-10-10 03:35:16,035 INFO - ContAudITWrapper#62 - Sending to blockchain...
2024-10-10 03:35:19,010 INFO - ContAudITWrapper#62 - Response 
2024-10-10 03:35:19,011 INFO - ContAudITWrapper#62 - Finishing ContAudIT Wrapper...
