2024-10-10 03:33:56,746 INFO - ContAudITWrapper#15 - Initializing ContAudIT Wrapper...
2024-10-10 03:33:56,896 INFO - ContAudITWrapper#15 - Current directory: /home/ec2-user/Code/ufrgs-poc/contaudit-wrapper.jar
2024-10-10 03:34:13,069 INFO - ContAudITWrapper#15 - Wrapper hash: b7519188ed863d76e5199a8d880bb968bdf9124fad53b871583787e123a7a764
2024-10-10 03:34:13,105 INFO - ContAudITWrapper#15 - Validating Wrapper...
2024-10-10 03:34:57,602 INFO - ContAudITWrapper#15 - Response true
2024-10-10 03:34:57,699 INFO - ContAudITWrapper#15 - Application hash: e36ee2d35f8c4c41bd358782dfb3ac8852b40439d350ff27616f0c18819ce9bf
2024-10-10 03:34:57,707 INFO - ContAudITWrapper#15 - Validating Application...
2024-10-10 03:35:07,106 INFO - ContAudITWrapper#15 - Response true
2024-10-10 03:35:07,121 INFO - ContAudITWrapper#15 - Artifact user.workflow hash: 52877374d8c54314b7af92814eaf729121e99a87e9706a2888cd9bcd951b11c9
2024-10-10 03:35:07,127 INFO - ContAudITWrapper#15 - Validating Artifact...
2024-10-10 03:35:13,427 INFO - ContAudITWrapper#15 - Response true
2024-10-10 03:35:13,463 INFO - ContAudITWrapper#15 - Running pre-command actions...
2024-10-10 03:35:13,465 INFO - ContAudITWrapper#15 - Analyzing current environment state...
2024-10-10 03:35:13,533 INFO - ContAudITWrapper#15 - Saving current environment state...
2024-10-10 03:35:13,534 INFO - ContAudITWrapper#15 - Environment state hash: a7ffc6f8bf1ed76651c14756a061d662f580ff4de43b49fa82d80a4b80f8434a
2024-10-10 03:35:13,534 INFO - ContAudITWrapper#15 - Executing command...
2024-10-10 03:35:20,745 INFO - ContAudITWrapper#15 - Command output: 
2024-10-10 03:35:13.551346804 [executor] Initializing the workflow...
[useradd_workflow] User contaudit15 already exists. Removing...
[useradd_workflow] User contaudit15 successfully removed.
[useradd_workflow] User contaudit15 created successfully.
2024-10-10 03:35:20.743988525 [executor] Finished!

2024-10-10 03:35:20,745 INFO - ContAudITWrapper#15 - Running post-command actions...
2024-10-10 03:35:20,746 INFO - ContAudITWrapper#15 - Analyzing current environment state...
2024-10-10 03:35:20,847 INFO - ContAudITWrapper#15 - Saving current environment state...
2024-10-10 03:35:20,847 INFO - ContAudITWrapper#15 - Environment state hash: a7ffc6f8bf1ed76651c14756a061d662f580ff4de43b49fa82d80a4b80f8434a
2024-10-10 03:35:20,847 INFO - ContAudITWrapper#15 - Checking environment diff...
2024-10-10 03:35:20,890 INFO - ContAudITWrapper#15 - Environment diff: 
2024-10-10 03:35:20,890 INFO - ContAudITWrapper#15 - Cleaning temporary files...
2024-10-10 03:35:20,897 INFO - ContAudITWrapper#15 - Sending to blockchain...
2024-10-10 03:35:23,941 INFO - ContAudITWrapper#15 - Response 
2024-10-10 03:35:23,943 INFO - ContAudITWrapper#15 - Finishing ContAudIT Wrapper...
