2024-10-10 03:33:57,313 INFO - ContAudITWrapper#45 - Initializing ContAudIT Wrapper...
2024-10-10 03:33:57,517 INFO - ContAudITWrapper#45 - Current directory: /home/ec2-user/Code/ufrgs-poc/contaudit-wrapper.jar
2024-10-10 03:34:11,222 INFO - ContAudITWrapper#45 - Wrapper hash: b7519188ed863d76e5199a8d880bb968bdf9124fad53b871583787e123a7a764
2024-10-10 03:34:11,300 INFO - ContAudITWrapper#45 - Validating Wrapper...
2024-10-10 03:34:55,534 INFO - ContAudITWrapper#45 - Response true
2024-10-10 03:34:55,568 INFO - ContAudITWrapper#45 - Application hash: e36ee2d35f8c4c41bd358782dfb3ac8852b40439d350ff27616f0c18819ce9bf
2024-10-10 03:34:55,569 INFO - ContAudITWrapper#45 - Validating Application...
2024-10-10 03:35:04,178 INFO - ContAudITWrapper#45 - Response true
2024-10-10 03:35:04,197 INFO - ContAudITWrapper#45 - Artifact user.workflow hash: 52877374d8c54314b7af92814eaf729121e99a87e9706a2888cd9bcd951b11c9
2024-10-10 03:35:04,254 INFO - ContAudITWrapper#45 - Validating Artifact...
2024-10-10 03:35:12,060 INFO - ContAudITWrapper#45 - Response true
2024-10-10 03:35:12,061 INFO - ContAudITWrapper#45 - Running pre-command actions...
2024-10-10 03:35:12,062 INFO - ContAudITWrapper#45 - Analyzing current environment state...
2024-10-10 03:35:12,189 INFO - ContAudITWrapper#45 - Saving current environment state...
2024-10-10 03:35:12,190 INFO - ContAudITWrapper#45 - Environment state hash: a7ffc6f8bf1ed76651c14756a061d662f580ff4de43b49fa82d80a4b80f8434a
2024-10-10 03:35:12,190 INFO - ContAudITWrapper#45 - Executing command...
2024-10-10 03:35:19,178 INFO - ContAudITWrapper#45 - Command output: 
2024-10-10 03:35:12.208124307 [executor] Initializing the workflow...
[useradd_workflow] User contaudit45 already exists. Removing...
[useradd_workflow] User contaudit45 successfully removed.
[useradd_workflow] User contaudit45 created successfully.
2024-10-10 03:35:19.167607751 [executor] Finished!

2024-10-10 03:35:19,178 INFO - ContAudITWrapper#45 - Running post-command actions...
2024-10-10 03:35:19,178 INFO - ContAudITWrapper#45 - Analyzing current environment state...
2024-10-10 03:35:19,307 INFO - ContAudITWrapper#45 - Saving current environment state...
2024-10-10 03:35:19,308 INFO - ContAudITWrapper#45 - Environment state hash: a7ffc6f8bf1ed76651c14756a061d662f580ff4de43b49fa82d80a4b80f8434a
2024-10-10 03:35:19,308 INFO - ContAudITWrapper#45 - Checking environment diff...
2024-10-10 03:35:19,324 INFO - ContAudITWrapper#45 - Environment diff: 
2024-10-10 03:35:19,325 INFO - ContAudITWrapper#45 - Cleaning temporary files...
2024-10-10 03:35:19,360 INFO - ContAudITWrapper#45 - Sending to blockchain...
2024-10-10 03:35:23,942 INFO - ContAudITWrapper#45 - Response 
2024-10-10 03:35:23,943 INFO - ContAudITWrapper#45 - Finishing ContAudIT Wrapper...
