2024-10-10 03:33:57,095 INFO - ContAudITWrapper#12 - Initializing ContAudIT Wrapper...
2024-10-10 03:33:57,252 INFO - ContAudITWrapper#12 - Current directory: /home/ec2-user/Code/ufrgs-poc/contaudit-wrapper.jar
2024-10-10 03:34:12,231 INFO - ContAudITWrapper#12 - Wrapper hash: b7519188ed863d76e5199a8d880bb968bdf9124fad53b871583787e123a7a764
2024-10-10 03:34:12,239 INFO - ContAudITWrapper#12 - Validating Wrapper...
2024-10-10 03:34:56,326 INFO - ContAudITWrapper#12 - Response true
2024-10-10 03:34:56,433 INFO - ContAudITWrapper#12 - Application hash: e36ee2d35f8c4c41bd358782dfb3ac8852b40439d350ff27616f0c18819ce9bf
2024-10-10 03:34:56,440 INFO - ContAudITWrapper#12 - Validating Application...
2024-10-10 03:35:04,184 INFO - ContAudITWrapper#12 - Response true
2024-10-10 03:35:04,213 INFO - ContAudITWrapper#12 - Artifact user.workflow hash: 52877374d8c54314b7af92814eaf729121e99a87e9706a2888cd9bcd951b11c9
2024-10-10 03:35:04,250 INFO - ContAudITWrapper#12 - Validating Artifact...
2024-10-10 03:35:12,374 INFO - ContAudITWrapper#12 - Response true
2024-10-10 03:35:12,405 INFO - ContAudITWrapper#12 - Running pre-command actions...
2024-10-10 03:35:12,406 INFO - ContAudITWrapper#12 - Analyzing current environment state...
2024-10-10 03:35:12,552 INFO - ContAudITWrapper#12 - Saving current environment state...
2024-10-10 03:35:12,554 INFO - ContAudITWrapper#12 - Environment state hash: a7ffc6f8bf1ed76651c14756a061d662f580ff4de43b49fa82d80a4b80f8434a
2024-10-10 03:35:12,554 INFO - ContAudITWrapper#12 - Executing command...
2024-10-10 03:35:19,284 INFO - ContAudITWrapper#12 - Command output: 
2024-10-10 03:35:12.713097659 [executor] Initializing the workflow...
[useradd_workflow] User contaudit12 already exists. Removing...
[useradd_workflow] User contaudit12 successfully removed.
[useradd_workflow] User contaudit12 created successfully.
2024-10-10 03:35:19.284138658 [executor] Finished!

2024-10-10 03:35:19,285 INFO - ContAudITWrapper#12 - Running post-command actions...
2024-10-10 03:35:19,285 INFO - ContAudITWrapper#12 - Analyzing current environment state...
2024-10-10 03:35:19,336 INFO - ContAudITWrapper#12 - Saving current environment state...
2024-10-10 03:35:19,337 INFO - ContAudITWrapper#12 - Environment state hash: a7ffc6f8bf1ed76651c14756a061d662f580ff4de43b49fa82d80a4b80f8434a
2024-10-10 03:35:19,337 INFO - ContAudITWrapper#12 - Checking environment diff...
2024-10-10 03:35:19,344 INFO - ContAudITWrapper#12 - Environment diff: 
2024-10-10 03:35:19,345 INFO - ContAudITWrapper#12 - Cleaning temporary files...
2024-10-10 03:35:19,421 INFO - ContAudITWrapper#12 - Sending to blockchain...
2024-10-10 03:35:23,289 INFO - ContAudITWrapper#12 - Response 
2024-10-10 03:35:23,291 INFO - ContAudITWrapper#12 - Finishing ContAudIT Wrapper...
