2024-10-10 03:33:56,620 INFO - ContAudITWrapper#29 - Initializing ContAudIT Wrapper...
2024-10-10 03:33:56,812 INFO - ContAudITWrapper#29 - Current directory: /home/ec2-user/Code/ufrgs-poc/contaudit-wrapper.jar
2024-10-10 03:34:10,799 INFO - ContAudITWrapper#29 - Wrapper hash: b7519188ed863d76e5199a8d880bb968bdf9124fad53b871583787e123a7a764
2024-10-10 03:34:10,868 INFO - ContAudITWrapper#29 - Validating Wrapper...
2024-10-10 03:34:55,055 INFO - ContAudITWrapper#29 - Response true
2024-10-10 03:34:55,230 INFO - ContAudITWrapper#29 - Application hash: e36ee2d35f8c4c41bd358782dfb3ac8852b40439d350ff27616f0c18819ce9bf
2024-10-10 03:34:55,232 INFO - ContAudITWrapper#29 - Validating Application...
2024-10-10 03:35:03,968 INFO - ContAudITWrapper#29 - Response true
2024-10-10 03:35:03,974 INFO - ContAudITWrapper#29 - Artifact user.workflow hash: 52877374d8c54314b7af92814eaf729121e99a87e9706a2888cd9bcd951b11c9
2024-10-10 03:35:03,990 INFO - ContAudITWrapper#29 - Validating Artifact...
2024-10-10 03:35:11,044 INFO - ContAudITWrapper#29 - Response true
2024-10-10 03:35:11,051 INFO - ContAudITWrapper#29 - Running pre-command actions...
2024-10-10 03:35:11,052 INFO - ContAudITWrapper#29 - Analyzing current environment state...
2024-10-10 03:35:11,140 INFO - ContAudITWrapper#29 - Saving current environment state...
2024-10-10 03:35:11,141 INFO - ContAudITWrapper#29 - Environment state hash: a7ffc6f8bf1ed76651c14756a061d662f580ff4de43b49fa82d80a4b80f8434a
2024-10-10 03:35:11,141 INFO - ContAudITWrapper#29 - Executing command...
2024-10-10 03:35:18,601 INFO - ContAudITWrapper#29 - Command output: 
2024-10-10 03:35:11.189837002 [executor] Initializing the workflow...
[useradd_workflow] User contaudit29 already exists. Removing...
[useradd_workflow] User contaudit29 successfully removed.
[useradd_workflow] User contaudit29 created successfully.
2024-10-10 03:35:18.600719863 [executor] Finished!

2024-10-10 03:35:18,602 INFO - ContAudITWrapper#29 - Running post-command actions...
2024-10-10 03:35:18,602 INFO - ContAudITWrapper#29 - Analyzing current environment state...
2024-10-10 03:35:18,622 INFO - ContAudITWrapper#29 - Saving current environment state...
2024-10-10 03:35:18,623 INFO - ContAudITWrapper#29 - Environment state hash: a7ffc6f8bf1ed76651c14756a061d662f580ff4de43b49fa82d80a4b80f8434a
2024-10-10 03:35:18,623 INFO - ContAudITWrapper#29 - Checking environment diff...
2024-10-10 03:35:18,637 INFO - ContAudITWrapper#29 - Environment diff: 
2024-10-10 03:35:18,637 INFO - ContAudITWrapper#29 - Cleaning temporary files...
2024-10-10 03:35:18,641 INFO - ContAudITWrapper#29 - Sending to blockchain...
2024-10-10 03:35:23,277 INFO - ContAudITWrapper#29 - Response 
2024-10-10 03:35:23,292 INFO - ContAudITWrapper#29 - Finishing ContAudIT Wrapper...
