2024-06-27 23:50:07,701 INFO - ContAudITWrapper#13 - Initializing ContAudIT Wrapper...
2024-06-27 23:50:07,959 INFO - ContAudITWrapper#13 - Current directory: /home/kali/Code/ufrgs-poc/contaudit-wrapper.jar
2024-06-27 23:50:25,118 INFO - ContAudITWrapper#13 - Wrapper hash: c76a1b1bb9edc25f91da61e17225b6709df7b63d34810aab1d42c0f930950c0b
2024-06-27 23:50:25,373 INFO - ContAudITWrapper#13 - Validating Wrapper...
2024-06-27 23:51:21,908 INFO - ContAudITWrapper#13 - Response true
2024-06-27 23:51:21,965 INFO - ContAudITWrapper#13 - Application hash: e36ee2d35f8c4c41bd358782dfb3ac8852b40439d350ff27616f0c18819ce9bf
2024-06-27 23:51:22,042 INFO - ContAudITWrapper#13 - Validating Application...
2024-06-27 23:51:34,623 INFO - ContAudITWrapper#13 - Response true
2024-06-27 23:51:34,644 INFO - ContAudITWrapper#13 - Artifact apache2.workflow hash: 94d5f6758492dbe0e869e1486907a86cb16f7931019b4acb0e7f38c98cf1b06d
2024-06-27 23:51:34,763 INFO - ContAudITWrapper#13 - Validating Artifact...
2024-06-27 23:51:50,225 INFO - ContAudITWrapper#13 - Response true
2024-06-27 23:51:50,238 INFO - ContAudITWrapper#13 - Running pre-command actions...
2024-06-27 23:51:50,240 INFO - ContAudITWrapper#13 - Analyzing current environment state...
2024-06-27 23:51:51,484 INFO - ContAudITWrapper#13 - Saving current environment state...
2024-06-27 23:51:51,496 INFO - ContAudITWrapper#13 - Environment state hash: 1776e4b78f696d486603e30cb7241013e927d69ca8030fa37e187c49ffd758cd
2024-06-27 23:51:51,497 INFO - ContAudITWrapper#13 - Executing command...
2024-06-27 23:51:51,662 INFO - ContAudITWrapper#13 - Command output: 
2024-06-27 23:51:51.538723631 [executor] Initializing the workflow...
[apache2_workflow] Create a simple webpage...
[apache2_workflow] Move webpage to Apache HTTP Server user website folder...
2024-06-27 23:51:51.661363387 [executor] Finished!

2024-06-27 23:51:51,670 INFO - ContAudITWrapper#13 - Running post-command actions...
2024-06-27 23:51:51,674 INFO - ContAudITWrapper#13 - Analyzing current environment state...
2024-06-27 23:51:51,899 INFO - ContAudITWrapper#13 - Saving current environment state...
2024-06-27 23:51:51,902 INFO - ContAudITWrapper#13 - Environment state hash: 1776e4b78f696d486603e30cb7241013e927d69ca8030fa37e187c49ffd758cd
2024-06-27 23:51:51,926 INFO - ContAudITWrapper#13 - Checking environment diff...
2024-06-27 23:51:51,974 INFO - ContAudITWrapper#13 - Environment diff: 
2024-06-27 23:51:51,975 INFO - ContAudITWrapper#13 - Cleaning temporary files...
2024-06-27 23:51:52,068 INFO - ContAudITWrapper#13 - Sending to blockchain...
2024-06-27 23:52:15,969 INFO - ContAudITWrapper#13 - Response 
2024-06-27 23:52:15,971 INFO - ContAudITWrapper#13 - Finishing ContAudIT Wrapper...
