2024-06-27 23:50:07,779 INFO - ContAudITWrapper#1 - Initializing ContAudIT Wrapper...
2024-06-27 23:50:08,017 INFO - ContAudITWrapper#1 - Current directory: /home/kali/Code/ufrgs-poc/contaudit-wrapper.jar
2024-06-27 23:50:23,655 INFO - ContAudITWrapper#1 - Wrapper hash: c76a1b1bb9edc25f91da61e17225b6709df7b63d34810aab1d42c0f930950c0b
2024-06-27 23:50:23,753 INFO - ContAudITWrapper#1 - Validating Wrapper...
2024-06-27 23:51:21,279 INFO - ContAudITWrapper#1 - Response true
2024-06-27 23:51:21,713 INFO - ContAudITWrapper#1 - Application hash: e36ee2d35f8c4c41bd358782dfb3ac8852b40439d350ff27616f0c18819ce9bf
2024-06-27 23:51:21,758 INFO - ContAudITWrapper#1 - Validating Application...
2024-06-27 23:51:31,708 INFO - ContAudITWrapper#1 - Response true
2024-06-27 23:51:31,744 INFO - ContAudITWrapper#1 - Artifact apache2.workflow hash: 94d5f6758492dbe0e869e1486907a86cb16f7931019b4acb0e7f38c98cf1b06d
2024-06-27 23:51:31,782 INFO - ContAudITWrapper#1 - Validating Artifact...
2024-06-27 23:51:36,537 INFO - ContAudITWrapper#1 - Response true
2024-06-27 23:51:36,544 INFO - ContAudITWrapper#1 - Running pre-command actions...
2024-06-27 23:51:36,549 INFO - ContAudITWrapper#1 - Analyzing current environment state...
2024-06-27 23:51:39,636 INFO - ContAudITWrapper#1 - Saving current environment state...
2024-06-27 23:51:39,668 INFO - ContAudITWrapper#1 - Environment state hash: 1776e4b78f696d486603e30cb7241013e927d69ca8030fa37e187c49ffd758cd
2024-06-27 23:51:39,668 INFO - ContAudITWrapper#1 - Executing command...
2024-06-27 23:51:41,011 INFO - ContAudITWrapper#1 - Command output: 
2024-06-27 23:51:39.861598555 [executor] Initializing the workflow...
[apache2_workflow] Create a simple webpage...
[apache2_workflow] Move webpage to Apache HTTP Server user website folder...
2024-06-27 23:51:40.977755890 [executor] Finished!

2024-06-27 23:51:41,012 INFO - ContAudITWrapper#1 - Running post-command actions...
2024-06-27 23:51:41,014 INFO - ContAudITWrapper#1 - Analyzing current environment state...
2024-06-27 23:51:43,140 INFO - ContAudITWrapper#1 - Saving current environment state...
2024-06-27 23:51:43,142 INFO - ContAudITWrapper#1 - Environment state hash: 1776e4b78f696d486603e30cb7241013e927d69ca8030fa37e187c49ffd758cd
2024-06-27 23:51:43,143 INFO - ContAudITWrapper#1 - Checking environment diff...
2024-06-27 23:51:43,298 INFO - ContAudITWrapper#1 - Environment diff: 
2024-06-27 23:51:43,299 INFO - ContAudITWrapper#1 - Cleaning temporary files...
2024-06-27 23:51:43,386 INFO - ContAudITWrapper#1 - Sending to blockchain...
2024-06-27 23:52:05,977 INFO - ContAudITWrapper#1 - Response 
2024-06-27 23:52:05,998 INFO - ContAudITWrapper#1 - Finishing ContAudIT Wrapper...
