2024-06-27 23:50:07,887 INFO - ContAudITWrapper#47 - Initializing ContAudIT Wrapper...
2024-06-27 23:50:08,056 INFO - ContAudITWrapper#47 - Current directory: /home/kali/Code/ufrgs-poc/contaudit-wrapper.jar
2024-06-27 23:50:33,773 INFO - ContAudITWrapper#47 - Wrapper hash: c76a1b1bb9edc25f91da61e17225b6709df7b63d34810aab1d42c0f930950c0b
2024-06-27 23:50:33,791 INFO - ContAudITWrapper#47 - Validating Wrapper...
2024-06-27 23:51:38,030 INFO - ContAudITWrapper#47 - Response true
2024-06-27 23:51:38,329 INFO - ContAudITWrapper#47 - Application hash: e36ee2d35f8c4c41bd358782dfb3ac8852b40439d350ff27616f0c18819ce9bf
2024-06-27 23:51:38,347 INFO - ContAudITWrapper#47 - Validating Application...
2024-06-27 23:51:50,543 INFO - ContAudITWrapper#47 - Response true
2024-06-27 23:51:50,591 INFO - ContAudITWrapper#47 - Artifact apache2.workflow hash: 94d5f6758492dbe0e869e1486907a86cb16f7931019b4acb0e7f38c98cf1b06d
2024-06-27 23:51:50,596 INFO - ContAudITWrapper#47 - Validating Artifact...
2024-06-27 23:52:03,907 INFO - ContAudITWrapper#47 - Response true
2024-06-27 23:52:03,926 INFO - ContAudITWrapper#47 - Running pre-command actions...
2024-06-27 23:52:03,930 INFO - ContAudITWrapper#47 - Analyzing current environment state...
2024-06-27 23:52:05,119 INFO - ContAudITWrapper#47 - Saving current environment state...
2024-06-27 23:52:05,125 INFO - ContAudITWrapper#47 - Environment state hash: 1776e4b78f696d486603e30cb7241013e927d69ca8030fa37e187c49ffd758cd
2024-06-27 23:52:05,126 INFO - ContAudITWrapper#47 - Executing command...
2024-06-27 23:52:05,339 INFO - ContAudITWrapper#47 - Command output: 
2024-06-27 23:52:05.226769670 [executor] Initializing the workflow...
[apache2_workflow] Create a simple webpage...
[apache2_workflow] Move webpage to Apache HTTP Server user website folder...
2024-06-27 23:52:05.338419727 [executor] Finished!

2024-06-27 23:52:05,339 INFO - ContAudITWrapper#47 - Running post-command actions...
2024-06-27 23:52:05,339 INFO - ContAudITWrapper#47 - Analyzing current environment state...
2024-06-27 23:52:05,633 INFO - ContAudITWrapper#47 - Saving current environment state...
2024-06-27 23:52:05,636 INFO - ContAudITWrapper#47 - Environment state hash: 1776e4b78f696d486603e30cb7241013e927d69ca8030fa37e187c49ffd758cd
2024-06-27 23:52:05,637 INFO - ContAudITWrapper#47 - Checking environment diff...
2024-06-27 23:52:05,765 INFO - ContAudITWrapper#47 - Environment diff: 
2024-06-27 23:52:05,765 INFO - ContAudITWrapper#47 - Cleaning temporary files...
2024-06-27 23:52:06,067 INFO - ContAudITWrapper#47 - Sending to blockchain...
2024-06-27 23:52:28,176 INFO - ContAudITWrapper#47 - Response 
2024-06-27 23:52:28,180 INFO - ContAudITWrapper#47 - Finishing ContAudIT Wrapper...
