2024-06-27 23:50:07,952 INFO - ContAudITWrapper#46 - Initializing ContAudIT Wrapper...
2024-06-27 23:50:08,250 INFO - ContAudITWrapper#46 - Current directory: /home/kali/Code/ufrgs-poc/contaudit-wrapper.jar
2024-06-27 23:50:33,508 INFO - ContAudITWrapper#46 - Wrapper hash: c76a1b1bb9edc25f91da61e17225b6709df7b63d34810aab1d42c0f930950c0b
2024-06-27 23:50:33,525 INFO - ContAudITWrapper#46 - Validating Wrapper...
2024-06-27 23:51:31,062 INFO - ContAudITWrapper#46 - Response true
2024-06-27 23:51:31,189 INFO - ContAudITWrapper#46 - Application hash: e36ee2d35f8c4c41bd358782dfb3ac8852b40439d350ff27616f0c18819ce9bf
2024-06-27 23:51:31,432 INFO - ContAudITWrapper#46 - Validating Application...
2024-06-27 23:51:48,687 INFO - ContAudITWrapper#46 - Response true
2024-06-27 23:51:48,700 INFO - ContAudITWrapper#46 - Artifact apache2.workflow hash: 94d5f6758492dbe0e869e1486907a86cb16f7931019b4acb0e7f38c98cf1b06d
2024-06-27 23:51:48,727 INFO - ContAudITWrapper#46 - Validating Artifact...
2024-06-27 23:52:04,147 INFO - ContAudITWrapper#46 - Response true
2024-06-27 23:52:04,163 INFO - ContAudITWrapper#46 - Running pre-command actions...
2024-06-27 23:52:04,168 INFO - ContAudITWrapper#46 - Analyzing current environment state...
2024-06-27 23:52:05,286 INFO - ContAudITWrapper#46 - Saving current environment state...
2024-06-27 23:52:05,289 INFO - ContAudITWrapper#46 - Environment state hash: 1776e4b78f696d486603e30cb7241013e927d69ca8030fa37e187c49ffd758cd
2024-06-27 23:52:05,290 INFO - ContAudITWrapper#46 - Executing command...
2024-06-27 23:52:05,537 INFO - ContAudITWrapper#46 - Command output: 
2024-06-27 23:52:05.341473602 [executor] Initializing the workflow...
[apache2_workflow] Create a simple webpage...
[apache2_workflow] Move webpage to Apache HTTP Server user website folder...
2024-06-27 23:52:05.535791308 [executor] Finished!

2024-06-27 23:52:05,538 INFO - ContAudITWrapper#46 - Running post-command actions...
2024-06-27 23:52:05,538 INFO - ContAudITWrapper#46 - Analyzing current environment state...
2024-06-27 23:52:06,808 INFO - ContAudITWrapper#46 - Saving current environment state...
2024-06-27 23:52:06,811 INFO - ContAudITWrapper#46 - Environment state hash: 1776e4b78f696d486603e30cb7241013e927d69ca8030fa37e187c49ffd758cd
2024-06-27 23:52:06,812 INFO - ContAudITWrapper#46 - Checking environment diff...
2024-06-27 23:52:06,831 INFO - ContAudITWrapper#46 - Environment diff: 
2024-06-27 23:52:06,832 INFO - ContAudITWrapper#46 - Cleaning temporary files...
2024-06-27 23:52:06,935 INFO - ContAudITWrapper#46 - Sending to blockchain...
2024-06-27 23:52:28,157 INFO - ContAudITWrapper#46 - Response 
2024-06-27 23:52:28,159 INFO - ContAudITWrapper#46 - Finishing ContAudIT Wrapper...
