2024-06-27 23:50:07,836 INFO - ContAudITWrapper#17 - Initializing ContAudIT Wrapper...
2024-06-27 23:50:08,001 INFO - ContAudITWrapper#17 - Current directory: /home/kali/Code/ufrgs-poc/contaudit-wrapper.jar
2024-06-27 23:50:38,029 INFO - ContAudITWrapper#17 - Wrapper hash: c76a1b1bb9edc25f91da61e17225b6709df7b63d34810aab1d42c0f930950c0b
2024-06-27 23:50:38,291 INFO - ContAudITWrapper#17 - Validating Wrapper...
2024-06-27 23:51:45,861 INFO - ContAudITWrapper#17 - Response true
2024-06-27 23:51:46,244 INFO - ContAudITWrapper#17 - Application hash: e36ee2d35f8c4c41bd358782dfb3ac8852b40439d350ff27616f0c18819ce9bf
2024-06-27 23:51:46,245 INFO - ContAudITWrapper#17 - Validating Application...
2024-06-27 23:52:02,895 INFO - ContAudITWrapper#17 - Response true
2024-06-27 23:52:02,904 INFO - ContAudITWrapper#17 - Artifact apache2.workflow hash: 94d5f6758492dbe0e869e1486907a86cb16f7931019b4acb0e7f38c98cf1b06d
2024-06-27 23:52:02,917 INFO - ContAudITWrapper#17 - Validating Artifact...
2024-06-27 23:52:09,132 INFO - ContAudITWrapper#17 - Response true
2024-06-27 23:52:09,148 INFO - ContAudITWrapper#17 - Running pre-command actions...
2024-06-27 23:52:09,158 INFO - ContAudITWrapper#17 - Analyzing current environment state...
2024-06-27 23:52:09,466 INFO - ContAudITWrapper#17 - Saving current environment state...
2024-06-27 23:52:09,470 INFO - ContAudITWrapper#17 - Environment state hash: 1776e4b78f696d486603e30cb7241013e927d69ca8030fa37e187c49ffd758cd
2024-06-27 23:52:09,470 INFO - ContAudITWrapper#17 - Executing command...
2024-06-27 23:52:09,604 INFO - ContAudITWrapper#17 - Command output: 
2024-06-27 23:52:09.517810240 [executor] Initializing the workflow...
[apache2_workflow] Create a simple webpage...
[apache2_workflow] Move webpage to Apache HTTP Server user website folder...
2024-06-27 23:52:09.599805679 [executor] Finished!

2024-06-27 23:52:09,605 INFO - ContAudITWrapper#17 - Running post-command actions...
2024-06-27 23:52:09,605 INFO - ContAudITWrapper#17 - Analyzing current environment state...
2024-06-27 23:52:09,859 INFO - ContAudITWrapper#17 - Saving current environment state...
2024-06-27 23:52:09,861 INFO - ContAudITWrapper#17 - Environment state hash: 1776e4b78f696d486603e30cb7241013e927d69ca8030fa37e187c49ffd758cd
2024-06-27 23:52:09,862 INFO - ContAudITWrapper#17 - Checking environment diff...
2024-06-27 23:52:09,908 INFO - ContAudITWrapper#17 - Environment diff: 
2024-06-27 23:52:09,908 INFO - ContAudITWrapper#17 - Cleaning temporary files...
2024-06-27 23:52:09,948 INFO - ContAudITWrapper#17 - Sending to blockchain...
2024-06-27 23:52:29,498 INFO - ContAudITWrapper#17 - Response 
2024-06-27 23:52:29,500 INFO - ContAudITWrapper#17 - Finishing ContAudIT Wrapper...
