2024-06-27 23:50:08,302 INFO - ContAudITWrapper#28 - Initializing ContAudIT Wrapper...
2024-06-27 23:50:08,581 INFO - ContAudITWrapper#28 - Current directory: /home/kali/Code/ufrgs-poc/contaudit-wrapper.jar
2024-06-27 23:50:21,377 INFO - ContAudITWrapper#28 - Wrapper hash: c76a1b1bb9edc25f91da61e17225b6709df7b63d34810aab1d42c0f930950c0b
2024-06-27 23:50:21,403 INFO - ContAudITWrapper#28 - Validating Wrapper...
2024-06-27 23:51:14,392 INFO - ContAudITWrapper#28 - Response true
2024-06-27 23:51:14,613 INFO - ContAudITWrapper#28 - Application hash: e36ee2d35f8c4c41bd358782dfb3ac8852b40439d350ff27616f0c18819ce9bf
2024-06-27 23:51:14,614 INFO - ContAudITWrapper#28 - Validating Application...
2024-06-27 23:51:23,090 INFO - ContAudITWrapper#28 - Response true
2024-06-27 23:51:23,097 INFO - ContAudITWrapper#28 - Artifact apache2.workflow hash: 94d5f6758492dbe0e869e1486907a86cb16f7931019b4acb0e7f38c98cf1b06d
2024-06-27 23:51:23,108 INFO - ContAudITWrapper#28 - Validating Artifact...
2024-06-27 23:51:34,100 INFO - ContAudITWrapper#28 - Response true
2024-06-27 23:51:34,119 INFO - ContAudITWrapper#28 - Running pre-command actions...
2024-06-27 23:51:34,121 INFO - ContAudITWrapper#28 - Analyzing current environment state...
2024-06-27 23:51:36,294 INFO - ContAudITWrapper#28 - Saving current environment state...
2024-06-27 23:51:36,297 INFO - ContAudITWrapper#28 - Environment state hash: 1776e4b78f696d486603e30cb7241013e927d69ca8030fa37e187c49ffd758cd
2024-06-27 23:51:36,297 INFO - ContAudITWrapper#28 - Executing command...
2024-06-27 23:51:37,026 INFO - ContAudITWrapper#28 - Command output: 
2024-06-27 23:51:36.388696866 [executor] Initializing the workflow...
[apache2_workflow] Create a simple webpage...
[apache2_workflow] Move webpage to Apache HTTP Server user website folder...
2024-06-27 23:51:37.023600841 [executor] Finished!

2024-06-27 23:51:37,027 INFO - ContAudITWrapper#28 - Running post-command actions...
2024-06-27 23:51:37,027 INFO - ContAudITWrapper#28 - Analyzing current environment state...
2024-06-27 23:51:39,672 INFO - ContAudITWrapper#28 - Saving current environment state...
2024-06-27 23:51:39,675 INFO - ContAudITWrapper#28 - Environment state hash: 1776e4b78f696d486603e30cb7241013e927d69ca8030fa37e187c49ffd758cd
2024-06-27 23:51:39,675 INFO - ContAudITWrapper#28 - Checking environment diff...
2024-06-27 23:51:39,784 INFO - ContAudITWrapper#28 - Environment diff: 
2024-06-27 23:51:39,784 INFO - ContAudITWrapper#28 - Cleaning temporary files...
2024-06-27 23:51:39,955 INFO - ContAudITWrapper#28 - Sending to blockchain...
2024-06-27 23:52:05,959 INFO - ContAudITWrapper#28 - Response 
2024-06-27 23:52:05,961 INFO - ContAudITWrapper#28 - Finishing ContAudIT Wrapper...
