2024-06-27 23:50:07,754 INFO - ContAudITWrapper#31 - Initializing ContAudIT Wrapper...
2024-06-27 23:50:08,049 INFO - ContAudITWrapper#31 - Current directory: /home/kali/Code/ufrgs-poc/contaudit-wrapper.jar
2024-06-27 23:50:28,689 INFO - ContAudITWrapper#31 - Wrapper hash: c76a1b1bb9edc25f91da61e17225b6709df7b63d34810aab1d42c0f930950c0b
2024-06-27 23:50:29,080 INFO - ContAudITWrapper#31 - Validating Wrapper...
2024-06-27 23:51:20,486 INFO - ContAudITWrapper#31 - Response true
2024-06-27 23:51:20,565 INFO - ContAudITWrapper#31 - Application hash: e36ee2d35f8c4c41bd358782dfb3ac8852b40439d350ff27616f0c18819ce9bf
2024-06-27 23:51:20,571 INFO - ContAudITWrapper#31 - Validating Application...
2024-06-27 23:51:36,259 INFO - ContAudITWrapper#31 - Response true
2024-06-27 23:51:36,270 INFO - ContAudITWrapper#31 - Artifact apache2.workflow hash: 94d5f6758492dbe0e869e1486907a86cb16f7931019b4acb0e7f38c98cf1b06d
2024-06-27 23:51:36,295 INFO - ContAudITWrapper#31 - Validating Artifact...
2024-06-27 23:51:54,391 INFO - ContAudITWrapper#31 - Response true
2024-06-27 23:51:54,429 INFO - ContAudITWrapper#31 - Running pre-command actions...
2024-06-27 23:51:54,436 INFO - ContAudITWrapper#31 - Analyzing current environment state...
2024-06-27 23:51:55,598 INFO - ContAudITWrapper#31 - Saving current environment state...
2024-06-27 23:51:55,601 INFO - ContAudITWrapper#31 - Environment state hash: 1776e4b78f696d486603e30cb7241013e927d69ca8030fa37e187c49ffd758cd
2024-06-27 23:51:55,602 INFO - ContAudITWrapper#31 - Executing command...
2024-06-27 23:51:55,852 INFO - ContAudITWrapper#31 - Command output: 
2024-06-27 23:51:55.683624661 [executor] Initializing the workflow...
[apache2_workflow] Create a simple webpage...
[apache2_workflow] Move webpage to Apache HTTP Server user website folder...
2024-06-27 23:51:55.851427566 [executor] Finished!

2024-06-27 23:51:55,852 INFO - ContAudITWrapper#31 - Running post-command actions...
2024-06-27 23:51:55,853 INFO - ContAudITWrapper#31 - Analyzing current environment state...
2024-06-27 23:51:56,064 INFO - ContAudITWrapper#31 - Saving current environment state...
2024-06-27 23:51:56,076 INFO - ContAudITWrapper#31 - Environment state hash: 1776e4b78f696d486603e30cb7241013e927d69ca8030fa37e187c49ffd758cd
2024-06-27 23:51:56,077 INFO - ContAudITWrapper#31 - Checking environment diff...
2024-06-27 23:51:56,083 INFO - ContAudITWrapper#31 - Environment diff: 
2024-06-27 23:51:56,084 INFO - ContAudITWrapper#31 - Cleaning temporary files...
2024-06-27 23:51:56,091 INFO - ContAudITWrapper#31 - Sending to blockchain...
2024-06-27 23:52:15,993 INFO - ContAudITWrapper#31 - Response 
2024-06-27 23:52:15,995 INFO - ContAudITWrapper#31 - Finishing ContAudIT Wrapper...
