2024-06-27 23:50:07,897 INFO - ContAudITWrapper#26 - Initializing ContAudIT Wrapper...
2024-06-27 23:50:08,198 INFO - ContAudITWrapper#26 - Current directory: /home/kali/Code/ufrgs-poc/contaudit-wrapper.jar
2024-06-27 23:50:22,992 INFO - ContAudITWrapper#26 - Wrapper hash: c76a1b1bb9edc25f91da61e17225b6709df7b63d34810aab1d42c0f930950c0b
2024-06-27 23:50:23,028 INFO - ContAudITWrapper#26 - Validating Wrapper...
2024-06-27 23:51:03,944 INFO - ContAudITWrapper#26 - Response true
2024-06-27 23:51:04,298 INFO - ContAudITWrapper#26 - Application hash: e36ee2d35f8c4c41bd358782dfb3ac8852b40439d350ff27616f0c18819ce9bf
2024-06-27 23:51:04,312 INFO - ContAudITWrapper#26 - Validating Application...
2024-06-27 23:51:17,464 INFO - ContAudITWrapper#26 - Response true
2024-06-27 23:51:17,471 INFO - ContAudITWrapper#26 - Artifact apache2.workflow hash: 94d5f6758492dbe0e869e1486907a86cb16f7931019b4acb0e7f38c98cf1b06d
2024-06-27 23:51:17,476 INFO - ContAudITWrapper#26 - Validating Artifact...
2024-06-27 23:51:32,591 INFO - ContAudITWrapper#26 - Response true
2024-06-27 23:51:32,663 INFO - ContAudITWrapper#26 - Running pre-command actions...
2024-06-27 23:51:32,665 INFO - ContAudITWrapper#26 - Analyzing current environment state...
2024-06-27 23:51:34,023 INFO - ContAudITWrapper#26 - Saving current environment state...
2024-06-27 23:51:34,027 INFO - ContAudITWrapper#26 - Environment state hash: 1776e4b78f696d486603e30cb7241013e927d69ca8030fa37e187c49ffd758cd
2024-06-27 23:51:34,197 INFO - ContAudITWrapper#26 - Executing command...
2024-06-27 23:51:35,625 INFO - ContAudITWrapper#26 - Command output: 
2024-06-27 23:51:34.459754504 [executor] Initializing the workflow...
[apache2_workflow] Create a simple webpage...
[apache2_workflow] Move webpage to Apache HTTP Server user website folder...
2024-06-27 23:51:35.624270202 [executor] Finished!

2024-06-27 23:51:35,625 INFO - ContAudITWrapper#26 - Running post-command actions...
2024-06-27 23:51:35,625 INFO - ContAudITWrapper#26 - Analyzing current environment state...
2024-06-27 23:51:37,905 INFO - ContAudITWrapper#26 - Saving current environment state...
2024-06-27 23:51:37,908 INFO - ContAudITWrapper#26 - Environment state hash: 1776e4b78f696d486603e30cb7241013e927d69ca8030fa37e187c49ffd758cd
2024-06-27 23:51:37,909 INFO - ContAudITWrapper#26 - Checking environment diff...
2024-06-27 23:51:38,062 INFO - ContAudITWrapper#26 - Environment diff: 
2024-06-27 23:51:38,063 INFO - ContAudITWrapper#26 - Cleaning temporary files...
2024-06-27 23:51:38,187 INFO - ContAudITWrapper#26 - Sending to blockchain...
2024-06-27 23:51:59,123 INFO - ContAudITWrapper#26 - Response 
2024-06-27 23:51:59,133 INFO - ContAudITWrapper#26 - Finishing ContAudIT Wrapper...
