2024-06-27 23:50:08,955 INFO - ContAudITWrapper#25 - Initializing ContAudIT Wrapper...
2024-06-27 23:50:09,163 INFO - ContAudITWrapper#25 - Current directory: /home/kali/Code/ufrgs-poc/contaudit-wrapper.jar
2024-06-27 23:50:33,879 INFO - ContAudITWrapper#25 - Wrapper hash: c76a1b1bb9edc25f91da61e17225b6709df7b63d34810aab1d42c0f930950c0b
2024-06-27 23:50:33,893 INFO - ContAudITWrapper#25 - Validating Wrapper...
2024-06-27 23:51:27,954 INFO - ContAudITWrapper#25 - Response true
2024-06-27 23:51:28,114 INFO - ContAudITWrapper#25 - Application hash: e36ee2d35f8c4c41bd358782dfb3ac8852b40439d350ff27616f0c18819ce9bf
2024-06-27 23:51:28,119 INFO - ContAudITWrapper#25 - Validating Application...
2024-06-27 23:51:39,352 INFO - ContAudITWrapper#25 - Response true
2024-06-27 23:51:39,482 INFO - ContAudITWrapper#25 - Artifact apache2.workflow hash: 94d5f6758492dbe0e869e1486907a86cb16f7931019b4acb0e7f38c98cf1b06d
2024-06-27 23:51:39,488 INFO - ContAudITWrapper#25 - Validating Artifact...
2024-06-27 23:51:47,845 INFO - ContAudITWrapper#25 - Response true
2024-06-27 23:51:47,851 INFO - ContAudITWrapper#25 - Running pre-command actions...
2024-06-27 23:51:47,855 INFO - ContAudITWrapper#25 - Analyzing current environment state...
2024-06-27 23:51:49,079 INFO - ContAudITWrapper#25 - Saving current environment state...
2024-06-27 23:51:49,114 INFO - ContAudITWrapper#25 - Environment state hash: 1776e4b78f696d486603e30cb7241013e927d69ca8030fa37e187c49ffd758cd
2024-06-27 23:51:49,138 INFO - ContAudITWrapper#25 - Executing command...
2024-06-27 23:51:50,289 INFO - ContAudITWrapper#25 - Command output: 
2024-06-27 23:51:49.426857630 [executor] Initializing the workflow...
[apache2_workflow] Create a simple webpage...
[apache2_workflow] Move webpage to Apache HTTP Server user website folder...
2024-06-27 23:51:50.286946173 [executor] Finished!

2024-06-27 23:51:50,289 INFO - ContAudITWrapper#25 - Running post-command actions...
2024-06-27 23:51:50,290 INFO - ContAudITWrapper#25 - Analyzing current environment state...
2024-06-27 23:51:50,887 INFO - ContAudITWrapper#25 - Saving current environment state...
2024-06-27 23:51:50,890 INFO - ContAudITWrapper#25 - Environment state hash: 1776e4b78f696d486603e30cb7241013e927d69ca8030fa37e187c49ffd758cd
2024-06-27 23:51:50,891 INFO - ContAudITWrapper#25 - Checking environment diff...
2024-06-27 23:51:51,040 INFO - ContAudITWrapper#25 - Environment diff: 
2024-06-27 23:51:51,040 INFO - ContAudITWrapper#25 - Cleaning temporary files...
2024-06-27 23:51:51,091 INFO - ContAudITWrapper#25 - Sending to blockchain...
2024-06-27 23:52:05,945 INFO - ContAudITWrapper#25 - Response 
2024-06-27 23:52:05,947 INFO - ContAudITWrapper#25 - Finishing ContAudIT Wrapper...
