2024-06-27 23:50:08,160 INFO - ContAudITWrapper#48 - Initializing ContAudIT Wrapper...
2024-06-27 23:50:08,399 INFO - ContAudITWrapper#48 - Current directory: /home/kali/Code/ufrgs-poc/contaudit-wrapper.jar
2024-06-27 23:50:28,621 INFO - ContAudITWrapper#48 - Wrapper hash: c76a1b1bb9edc25f91da61e17225b6709df7b63d34810aab1d42c0f930950c0b
2024-06-27 23:50:28,638 INFO - ContAudITWrapper#48 - Validating Wrapper...
2024-06-27 23:51:26,118 INFO - ContAudITWrapper#48 - Response true
2024-06-27 23:51:26,249 INFO - ContAudITWrapper#48 - Application hash: e36ee2d35f8c4c41bd358782dfb3ac8852b40439d350ff27616f0c18819ce9bf
2024-06-27 23:51:26,251 INFO - ContAudITWrapper#48 - Validating Application...
2024-06-27 23:51:38,087 INFO - ContAudITWrapper#48 - Response true
2024-06-27 23:51:38,156 INFO - ContAudITWrapper#48 - Artifact apache2.workflow hash: 94d5f6758492dbe0e869e1486907a86cb16f7931019b4acb0e7f38c98cf1b06d
2024-06-27 23:51:38,228 INFO - ContAudITWrapper#48 - Validating Artifact...
2024-06-27 23:51:54,395 INFO - ContAudITWrapper#48 - Response true
2024-06-27 23:51:54,485 INFO - ContAudITWrapper#48 - Running pre-command actions...
2024-06-27 23:51:54,555 INFO - ContAudITWrapper#48 - Analyzing current environment state...
2024-06-27 23:51:55,423 INFO - ContAudITWrapper#48 - Saving current environment state...
2024-06-27 23:51:55,454 INFO - ContAudITWrapper#48 - Environment state hash: 1776e4b78f696d486603e30cb7241013e927d69ca8030fa37e187c49ffd758cd
2024-06-27 23:51:55,455 INFO - ContAudITWrapper#48 - Executing command...
2024-06-27 23:51:55,856 INFO - ContAudITWrapper#48 - Command output: 
2024-06-27 23:51:55.543164391 [executor] Initializing the workflow...
[apache2_workflow] Create a simple webpage...
[apache2_workflow] Move webpage to Apache HTTP Server user website folder...
2024-06-27 23:51:55.855671078 [executor] Finished!

2024-06-27 23:51:55,857 INFO - ContAudITWrapper#48 - Running post-command actions...
2024-06-27 23:51:55,857 INFO - ContAudITWrapper#48 - Analyzing current environment state...
2024-06-27 23:51:56,083 INFO - ContAudITWrapper#48 - Saving current environment state...
2024-06-27 23:51:56,087 INFO - ContAudITWrapper#48 - Environment state hash: 1776e4b78f696d486603e30cb7241013e927d69ca8030fa37e187c49ffd758cd
2024-06-27 23:51:56,088 INFO - ContAudITWrapper#48 - Checking environment diff...
2024-06-27 23:51:56,101 INFO - ContAudITWrapper#48 - Environment diff: 
2024-06-27 23:51:56,104 INFO - ContAudITWrapper#48 - Cleaning temporary files...
2024-06-27 23:51:56,162 INFO - ContAudITWrapper#48 - Sending to blockchain...
2024-06-27 23:52:21,294 INFO - ContAudITWrapper#48 - Response 
2024-06-27 23:52:21,296 INFO - ContAudITWrapper#48 - Finishing ContAudIT Wrapper...
