2024-06-27 23:50:06,667 INFO - ContAudITWrapper#7 - Initializing ContAudIT Wrapper...
2024-06-27 23:50:06,814 INFO - ContAudITWrapper#7 - Current directory: /home/kali/Code/ufrgs-poc/contaudit-wrapper.jar
2024-06-27 23:50:40,849 INFO - ContAudITWrapper#7 - Wrapper hash: c76a1b1bb9edc25f91da61e17225b6709df7b63d34810aab1d42c0f930950c0b
2024-06-27 23:50:41,122 INFO - ContAudITWrapper#7 - Validating Wrapper...
2024-06-27 23:51:36,243 INFO - ContAudITWrapper#7 - Response true
2024-06-27 23:51:36,640 INFO - ContAudITWrapper#7 - Application hash: e36ee2d35f8c4c41bd358782dfb3ac8852b40439d350ff27616f0c18819ce9bf
2024-06-27 23:51:36,655 INFO - ContAudITWrapper#7 - Validating Application...
2024-06-27 23:51:49,975 INFO - ContAudITWrapper#7 - Response true
2024-06-27 23:51:50,002 INFO - ContAudITWrapper#7 - Artifact apache2.workflow hash: 94d5f6758492dbe0e869e1486907a86cb16f7931019b4acb0e7f38c98cf1b06d
2024-06-27 23:51:50,037 INFO - ContAudITWrapper#7 - Validating Artifact...
2024-06-27 23:52:03,815 INFO - ContAudITWrapper#7 - Response true
2024-06-27 23:52:03,883 INFO - ContAudITWrapper#7 - Running pre-command actions...
2024-06-27 23:52:03,894 INFO - ContAudITWrapper#7 - Analyzing current environment state...
2024-06-27 23:52:04,792 INFO - ContAudITWrapper#7 - Saving current environment state...
2024-06-27 23:52:04,812 INFO - ContAudITWrapper#7 - Environment state hash: 1776e4b78f696d486603e30cb7241013e927d69ca8030fa37e187c49ffd758cd
2024-06-27 23:52:04,814 INFO - ContAudITWrapper#7 - Executing command...
2024-06-27 23:52:05,052 INFO - ContAudITWrapper#7 - Command output: 
2024-06-27 23:52:04.846041964 [executor] Initializing the workflow...
[apache2_workflow] Create a simple webpage...
[apache2_workflow] Move webpage to Apache HTTP Server user website folder...
2024-06-27 23:52:05.051414520 [executor] Finished!

2024-06-27 23:52:05,053 INFO - ContAudITWrapper#7 - Running post-command actions...
2024-06-27 23:52:05,053 INFO - ContAudITWrapper#7 - Analyzing current environment state...
2024-06-27 23:52:05,619 INFO - ContAudITWrapper#7 - Saving current environment state...
2024-06-27 23:52:05,622 INFO - ContAudITWrapper#7 - Environment state hash: 1776e4b78f696d486603e30cb7241013e927d69ca8030fa37e187c49ffd758cd
2024-06-27 23:52:05,623 INFO - ContAudITWrapper#7 - Checking environment diff...
2024-06-27 23:52:05,630 INFO - ContAudITWrapper#7 - Environment diff: 
2024-06-27 23:52:05,631 INFO - ContAudITWrapper#7 - Cleaning temporary files...
2024-06-27 23:52:05,720 INFO - ContAudITWrapper#7 - Sending to blockchain...
2024-06-27 23:52:28,138 INFO - ContAudITWrapper#7 - Response 
2024-06-27 23:52:28,140 INFO - ContAudITWrapper#7 - Finishing ContAudIT Wrapper...
