2024-06-27 23:50:07,600 INFO - ContAudITWrapper#22 - Initializing ContAudIT Wrapper...
2024-06-27 23:50:07,695 INFO - ContAudITWrapper#22 - Current directory: /home/kali/Code/ufrgs-poc/contaudit-wrapper.jar
2024-06-27 23:50:23,153 INFO - ContAudITWrapper#22 - Wrapper hash: c76a1b1bb9edc25f91da61e17225b6709df7b63d34810aab1d42c0f930950c0b
2024-06-27 23:50:23,230 INFO - ContAudITWrapper#22 - Validating Wrapper...
2024-06-27 23:51:17,734 INFO - ContAudITWrapper#22 - Response true
2024-06-27 23:51:17,771 INFO - ContAudITWrapper#22 - Application hash: e36ee2d35f8c4c41bd358782dfb3ac8852b40439d350ff27616f0c18819ce9bf
2024-06-27 23:51:17,782 INFO - ContAudITWrapper#22 - Validating Application...
2024-06-27 23:51:31,355 INFO - ContAudITWrapper#22 - Response true
2024-06-27 23:51:31,367 INFO - ContAudITWrapper#22 - Artifact apache2.workflow hash: 94d5f6758492dbe0e869e1486907a86cb16f7931019b4acb0e7f38c98cf1b06d
2024-06-27 23:51:31,409 INFO - ContAudITWrapper#22 - Validating Artifact...
2024-06-27 23:51:47,710 INFO - ContAudITWrapper#22 - Response true
2024-06-27 23:51:47,727 INFO - ContAudITWrapper#22 - Running pre-command actions...
2024-06-27 23:51:47,735 INFO - ContAudITWrapper#22 - Analyzing current environment state...
2024-06-27 23:51:48,979 INFO - ContAudITWrapper#22 - Saving current environment state...
2024-06-27 23:51:48,984 INFO - ContAudITWrapper#22 - Environment state hash: 1776e4b78f696d486603e30cb7241013e927d69ca8030fa37e187c49ffd758cd
2024-06-27 23:51:48,984 INFO - ContAudITWrapper#22 - Executing command...
2024-06-27 23:51:49,741 INFO - ContAudITWrapper#22 - Command output: 
2024-06-27 23:51:49.171617682 [executor] Initializing the workflow...
[apache2_workflow] Create a simple webpage...
[apache2_workflow] Move webpage to Apache HTTP Server user website folder...
2024-06-27 23:51:49.740299614 [executor] Finished!

2024-06-27 23:51:49,741 INFO - ContAudITWrapper#22 - Running post-command actions...
2024-06-27 23:51:49,742 INFO - ContAudITWrapper#22 - Analyzing current environment state...
2024-06-27 23:51:50,204 INFO - ContAudITWrapper#22 - Saving current environment state...
2024-06-27 23:51:50,219 INFO - ContAudITWrapper#22 - Environment state hash: 1776e4b78f696d486603e30cb7241013e927d69ca8030fa37e187c49ffd758cd
2024-06-27 23:51:50,219 INFO - ContAudITWrapper#22 - Checking environment diff...
2024-06-27 23:51:50,426 INFO - ContAudITWrapper#22 - Environment diff: 
2024-06-27 23:51:50,427 INFO - ContAudITWrapper#22 - Cleaning temporary files...
2024-06-27 23:51:50,564 INFO - ContAudITWrapper#22 - Sending to blockchain...
2024-06-27 23:52:15,832 INFO - ContAudITWrapper#22 - Response 
2024-06-27 23:52:15,834 INFO - ContAudITWrapper#22 - Finishing ContAudIT Wrapper...
