2024-06-27 23:50:08,699 INFO - ContAudITWrapper#42 - Initializing ContAudIT Wrapper...
2024-06-27 23:50:08,831 INFO - ContAudITWrapper#42 - Current directory: /home/kali/Code/ufrgs-poc/contaudit-wrapper.jar
2024-06-27 23:50:19,955 INFO - ContAudITWrapper#42 - Wrapper hash: c76a1b1bb9edc25f91da61e17225b6709df7b63d34810aab1d42c0f930950c0b
2024-06-27 23:50:20,074 INFO - ContAudITWrapper#42 - Validating Wrapper...
2024-06-27 23:51:12,693 INFO - ContAudITWrapper#42 - Response true
2024-06-27 23:51:12,918 INFO - ContAudITWrapper#42 - Application hash: e36ee2d35f8c4c41bd358782dfb3ac8852b40439d350ff27616f0c18819ce9bf
2024-06-27 23:51:12,919 INFO - ContAudITWrapper#42 - Validating Application...
2024-06-27 23:51:27,130 INFO - ContAudITWrapper#42 - Response true
2024-06-27 23:51:27,155 INFO - ContAudITWrapper#42 - Artifact apache2.workflow hash: 94d5f6758492dbe0e869e1486907a86cb16f7931019b4acb0e7f38c98cf1b06d
2024-06-27 23:51:27,160 INFO - ContAudITWrapper#42 - Validating Artifact...
2024-06-27 23:51:34,402 INFO - ContAudITWrapper#42 - Response true
2024-06-27 23:51:34,405 INFO - ContAudITWrapper#42 - Running pre-command actions...
2024-06-27 23:51:34,406 INFO - ContAudITWrapper#42 - Analyzing current environment state...
2024-06-27 23:51:35,223 INFO - ContAudITWrapper#42 - Saving current environment state...
2024-06-27 23:51:35,258 INFO - ContAudITWrapper#42 - Environment state hash: 1776e4b78f696d486603e30cb7241013e927d69ca8030fa37e187c49ffd758cd
2024-06-27 23:51:35,274 INFO - ContAudITWrapper#42 - Executing command...
2024-06-27 23:51:35,853 INFO - ContAudITWrapper#42 - Command output: 
2024-06-27 23:51:35.514408332 [executor] Initializing the workflow...
[apache2_workflow] Create a simple webpage...
[apache2_workflow] Move webpage to Apache HTTP Server user website folder...
2024-06-27 23:51:35.850791410 [executor] Finished!

2024-06-27 23:51:35,853 INFO - ContAudITWrapper#42 - Running post-command actions...
2024-06-27 23:51:35,854 INFO - ContAudITWrapper#42 - Analyzing current environment state...
2024-06-27 23:51:36,855 INFO - ContAudITWrapper#42 - Saving current environment state...
2024-06-27 23:51:36,870 INFO - ContAudITWrapper#42 - Environment state hash: 1776e4b78f696d486603e30cb7241013e927d69ca8030fa37e187c49ffd758cd
2024-06-27 23:51:36,878 INFO - ContAudITWrapper#42 - Checking environment diff...
2024-06-27 23:51:36,915 INFO - ContAudITWrapper#42 - Environment diff: 
2024-06-27 23:51:36,929 INFO - ContAudITWrapper#42 - Cleaning temporary files...
2024-06-27 23:51:37,120 INFO - ContAudITWrapper#42 - Sending to blockchain...
2024-06-27 23:51:54,407 INFO - ContAudITWrapper#42 - Response 
2024-06-27 23:51:54,410 INFO - ContAudITWrapper#42 - Finishing ContAudIT Wrapper...
