2024-06-27 23:50:07,161 INFO - ContAudITWrapper#36 - Initializing ContAudIT Wrapper...
2024-06-27 23:50:07,333 INFO - ContAudITWrapper#36 - Current directory: /home/kali/Code/ufrgs-poc/contaudit-wrapper.jar
2024-06-27 23:50:24,554 INFO - ContAudITWrapper#36 - Wrapper hash: c76a1b1bb9edc25f91da61e17225b6709df7b63d34810aab1d42c0f930950c0b
2024-06-27 23:50:24,604 INFO - ContAudITWrapper#36 - Validating Wrapper...
2024-06-27 23:51:13,527 INFO - ContAudITWrapper#36 - Response true
2024-06-27 23:51:13,762 INFO - ContAudITWrapper#36 - Application hash: e36ee2d35f8c4c41bd358782dfb3ac8852b40439d350ff27616f0c18819ce9bf
2024-06-27 23:51:13,763 INFO - ContAudITWrapper#36 - Validating Application...
2024-06-27 23:51:20,933 INFO - ContAudITWrapper#36 - Response true
2024-06-27 23:51:20,958 INFO - ContAudITWrapper#36 - Artifact apache2.workflow hash: 94d5f6758492dbe0e869e1486907a86cb16f7931019b4acb0e7f38c98cf1b06d
2024-06-27 23:51:21,125 INFO - ContAudITWrapper#36 - Validating Artifact...
2024-06-27 23:51:31,239 INFO - ContAudITWrapper#36 - Response true
2024-06-27 23:51:31,245 INFO - ContAudITWrapper#36 - Running pre-command actions...
2024-06-27 23:51:31,246 INFO - ContAudITWrapper#36 - Analyzing current environment state...
2024-06-27 23:51:34,074 INFO - ContAudITWrapper#36 - Saving current environment state...
2024-06-27 23:51:34,099 INFO - ContAudITWrapper#36 - Environment state hash: 1776e4b78f696d486603e30cb7241013e927d69ca8030fa37e187c49ffd758cd
2024-06-27 23:51:34,100 INFO - ContAudITWrapper#36 - Executing command...
2024-06-27 23:51:34,861 INFO - ContAudITWrapper#36 - Command output: 
2024-06-27 23:51:34.206197425 [executor] Initializing the workflow...
[apache2_workflow] Create a simple webpage...
[apache2_workflow] Move webpage to Apache HTTP Server user website folder...
2024-06-27 23:51:34.859049349 [executor] Finished!

2024-06-27 23:51:34,862 INFO - ContAudITWrapper#36 - Running post-command actions...
2024-06-27 23:51:34,863 INFO - ContAudITWrapper#36 - Analyzing current environment state...
2024-06-27 23:51:37,399 INFO - ContAudITWrapper#36 - Saving current environment state...
2024-06-27 23:51:37,407 INFO - ContAudITWrapper#36 - Environment state hash: 1776e4b78f696d486603e30cb7241013e927d69ca8030fa37e187c49ffd758cd
2024-06-27 23:51:37,411 INFO - ContAudITWrapper#36 - Checking environment diff...
2024-06-27 23:51:37,498 INFO - ContAudITWrapper#36 - Environment diff: 
2024-06-27 23:51:37,499 INFO - ContAudITWrapper#36 - Cleaning temporary files...
2024-06-27 23:51:37,670 INFO - ContAudITWrapper#36 - Sending to blockchain...
2024-06-27 23:51:59,317 INFO - ContAudITWrapper#36 - Response 
2024-06-27 23:51:59,318 INFO - ContAudITWrapper#36 - Finishing ContAudIT Wrapper...
