2024-06-27 23:50:07,519 INFO - ContAudITWrapper#15 - Initializing ContAudIT Wrapper...
2024-06-27 23:50:07,721 INFO - ContAudITWrapper#15 - Current directory: /home/kali/Code/ufrgs-poc/contaudit-wrapper.jar
2024-06-27 23:50:27,282 INFO - ContAudITWrapper#15 - Wrapper hash: c76a1b1bb9edc25f91da61e17225b6709df7b63d34810aab1d42c0f930950c0b
2024-06-27 23:50:27,296 INFO - ContAudITWrapper#15 - Validating Wrapper...
2024-06-27 23:51:22,291 INFO - ContAudITWrapper#15 - Response true
2024-06-27 23:51:22,401 INFO - ContAudITWrapper#15 - Application hash: e36ee2d35f8c4c41bd358782dfb3ac8852b40439d350ff27616f0c18819ce9bf
2024-06-27 23:51:22,401 INFO - ContAudITWrapper#15 - Validating Application...
2024-06-27 23:51:32,917 INFO - ContAudITWrapper#15 - Response true
2024-06-27 23:51:32,933 INFO - ContAudITWrapper#15 - Artifact apache2.workflow hash: 94d5f6758492dbe0e869e1486907a86cb16f7931019b4acb0e7f38c98cf1b06d
2024-06-27 23:51:32,963 INFO - ContAudITWrapper#15 - Validating Artifact...
2024-06-27 23:51:40,145 INFO - ContAudITWrapper#15 - Response true
2024-06-27 23:51:40,234 INFO - ContAudITWrapper#15 - Running pre-command actions...
2024-06-27 23:51:40,241 INFO - ContAudITWrapper#15 - Analyzing current environment state...
2024-06-27 23:51:43,757 INFO - ContAudITWrapper#15 - Saving current environment state...
2024-06-27 23:51:43,760 INFO - ContAudITWrapper#15 - Environment state hash: 1776e4b78f696d486603e30cb7241013e927d69ca8030fa37e187c49ffd758cd
2024-06-27 23:51:43,760 INFO - ContAudITWrapper#15 - Executing command...
2024-06-27 23:51:44,387 INFO - ContAudITWrapper#15 - Command output: 
2024-06-27 23:51:43.859720746 [executor] Initializing the workflow...
[apache2_workflow] Create a simple webpage...
[apache2_workflow] Move webpage to Apache HTTP Server user website folder...
2024-06-27 23:51:44.385863857 [executor] Finished!

2024-06-27 23:51:44,387 INFO - ContAudITWrapper#15 - Running post-command actions...
2024-06-27 23:51:44,387 INFO - ContAudITWrapper#15 - Analyzing current environment state...
2024-06-27 23:51:44,589 INFO - ContAudITWrapper#15 - Saving current environment state...
2024-06-27 23:51:44,605 INFO - ContAudITWrapper#15 - Environment state hash: 1776e4b78f696d486603e30cb7241013e927d69ca8030fa37e187c49ffd758cd
2024-06-27 23:51:44,607 INFO - ContAudITWrapper#15 - Checking environment diff...
2024-06-27 23:51:44,615 INFO - ContAudITWrapper#15 - Environment diff: 
2024-06-27 23:51:44,615 INFO - ContAudITWrapper#15 - Cleaning temporary files...
2024-06-27 23:51:44,698 INFO - ContAudITWrapper#15 - Sending to blockchain...
2024-06-27 23:52:05,934 INFO - ContAudITWrapper#15 - Response 
2024-06-27 23:52:05,936 INFO - ContAudITWrapper#15 - Finishing ContAudIT Wrapper...
