2024-06-27 23:50:08,573 INFO - ContAudITWrapper#30 - Initializing ContAudIT Wrapper...
2024-06-27 23:50:08,682 INFO - ContAudITWrapper#30 - Current directory: /home/kali/Code/ufrgs-poc/contaudit-wrapper.jar
2024-06-27 23:50:37,385 INFO - ContAudITWrapper#30 - Wrapper hash: c76a1b1bb9edc25f91da61e17225b6709df7b63d34810aab1d42c0f930950c0b
2024-06-27 23:50:37,720 INFO - ContAudITWrapper#30 - Validating Wrapper...
2024-06-27 23:51:33,433 INFO - ContAudITWrapper#30 - Response true
2024-06-27 23:51:33,451 INFO - ContAudITWrapper#30 - Application hash: e36ee2d35f8c4c41bd358782dfb3ac8852b40439d350ff27616f0c18819ce9bf
2024-06-27 23:51:33,452 INFO - ContAudITWrapper#30 - Validating Application...
2024-06-27 23:51:39,433 INFO - ContAudITWrapper#30 - Response true
2024-06-27 23:51:39,625 INFO - ContAudITWrapper#30 - Artifact apache2.workflow hash: 94d5f6758492dbe0e869e1486907a86cb16f7931019b4acb0e7f38c98cf1b06d
2024-06-27 23:51:39,845 INFO - ContAudITWrapper#30 - Validating Artifact...
2024-06-27 23:51:58,827 INFO - ContAudITWrapper#30 - Response true
2024-06-27 23:51:58,834 INFO - ContAudITWrapper#30 - Running pre-command actions...
2024-06-27 23:51:58,841 INFO - ContAudITWrapper#30 - Analyzing current environment state...
2024-06-27 23:51:59,120 INFO - ContAudITWrapper#30 - Saving current environment state...
2024-06-27 23:51:59,138 INFO - ContAudITWrapper#30 - Environment state hash: 1776e4b78f696d486603e30cb7241013e927d69ca8030fa37e187c49ffd758cd
2024-06-27 23:51:59,138 INFO - ContAudITWrapper#30 - Executing command...
2024-06-27 23:51:59,804 INFO - ContAudITWrapper#30 - Command output: 
2024-06-27 23:51:59.221472460 [executor] Initializing the workflow...
[apache2_workflow] Create a simple webpage...
[apache2_workflow] Move webpage to Apache HTTP Server user website folder...
2024-06-27 23:51:59.802489207 [executor] Finished!

2024-06-27 23:51:59,804 INFO - ContAudITWrapper#30 - Running post-command actions...
2024-06-27 23:51:59,804 INFO - ContAudITWrapper#30 - Analyzing current environment state...
2024-06-27 23:52:00,025 INFO - ContAudITWrapper#30 - Saving current environment state...
2024-06-27 23:52:00,028 INFO - ContAudITWrapper#30 - Environment state hash: 1776e4b78f696d486603e30cb7241013e927d69ca8030fa37e187c49ffd758cd
2024-06-27 23:52:00,029 INFO - ContAudITWrapper#30 - Checking environment diff...
2024-06-27 23:52:00,056 INFO - ContAudITWrapper#30 - Environment diff: 
2024-06-27 23:52:00,056 INFO - ContAudITWrapper#30 - Cleaning temporary files...
2024-06-27 23:52:00,092 INFO - ContAudITWrapper#30 - Sending to blockchain...
2024-06-27 23:52:21,289 INFO - ContAudITWrapper#30 - Response 
2024-06-27 23:52:21,291 INFO - ContAudITWrapper#30 - Finishing ContAudIT Wrapper...
