2024-06-27 23:50:08,360 INFO - ContAudITWrapper#27 - Initializing ContAudIT Wrapper...
2024-06-27 23:50:08,517 INFO - ContAudITWrapper#27 - Current directory: /home/kali/Code/ufrgs-poc/contaudit-wrapper.jar
2024-06-27 23:50:38,693 INFO - ContAudITWrapper#27 - Wrapper hash: c76a1b1bb9edc25f91da61e17225b6709df7b63d34810aab1d42c0f930950c0b
2024-06-27 23:50:38,904 INFO - ContAudITWrapper#27 - Validating Wrapper...
2024-06-27 23:51:39,058 INFO - ContAudITWrapper#27 - Response true
2024-06-27 23:51:39,271 INFO - ContAudITWrapper#27 - Application hash: e36ee2d35f8c4c41bd358782dfb3ac8852b40439d350ff27616f0c18819ce9bf
2024-06-27 23:51:39,272 INFO - ContAudITWrapper#27 - Validating Application...
2024-06-27 23:51:58,839 INFO - ContAudITWrapper#27 - Response true
2024-06-27 23:51:58,842 INFO - ContAudITWrapper#27 - Artifact apache2.workflow hash: 94d5f6758492dbe0e869e1486907a86cb16f7931019b4acb0e7f38c98cf1b06d
2024-06-27 23:51:58,859 INFO - ContAudITWrapper#27 - Validating Artifact...
2024-06-27 23:52:06,865 INFO - ContAudITWrapper#27 - Response true
2024-06-27 23:52:06,881 INFO - ContAudITWrapper#27 - Running pre-command actions...
2024-06-27 23:52:06,883 INFO - ContAudITWrapper#27 - Analyzing current environment state...
2024-06-27 23:52:07,381 INFO - ContAudITWrapper#27 - Saving current environment state...
2024-06-27 23:52:07,385 INFO - ContAudITWrapper#27 - Environment state hash: 1776e4b78f696d486603e30cb7241013e927d69ca8030fa37e187c49ffd758cd
2024-06-27 23:52:07,418 INFO - ContAudITWrapper#27 - Executing command...
2024-06-27 23:52:07,659 INFO - ContAudITWrapper#27 - Command output: 
2024-06-27 23:52:07.462097614 [executor] Initializing the workflow...
[apache2_workflow] Create a simple webpage...
[apache2_workflow] Move webpage to Apache HTTP Server user website folder...
2024-06-27 23:52:07.656657312 [executor] Finished!

2024-06-27 23:52:07,660 INFO - ContAudITWrapper#27 - Running post-command actions...
2024-06-27 23:52:07,660 INFO - ContAudITWrapper#27 - Analyzing current environment state...
2024-06-27 23:52:08,250 INFO - ContAudITWrapper#27 - Saving current environment state...
2024-06-27 23:52:08,253 INFO - ContAudITWrapper#27 - Environment state hash: 1776e4b78f696d486603e30cb7241013e927d69ca8030fa37e187c49ffd758cd
2024-06-27 23:52:08,254 INFO - ContAudITWrapper#27 - Checking environment diff...
2024-06-27 23:52:08,308 INFO - ContAudITWrapper#27 - Environment diff: 
2024-06-27 23:52:08,309 INFO - ContAudITWrapper#27 - Cleaning temporary files...
2024-06-27 23:52:08,339 INFO - ContAudITWrapper#27 - Sending to blockchain...
2024-06-27 23:52:28,171 INFO - ContAudITWrapper#27 - Response 
2024-06-27 23:52:28,173 INFO - ContAudITWrapper#27 - Finishing ContAudIT Wrapper...
