2024-06-27 23:50:07,360 INFO - ContAudITWrapper#35 - Initializing ContAudIT Wrapper...
2024-06-27 23:50:07,488 INFO - ContAudITWrapper#35 - Current directory: /home/kali/Code/ufrgs-poc/contaudit-wrapper.jar
2024-06-27 23:50:25,247 INFO - ContAudITWrapper#35 - Wrapper hash: c76a1b1bb9edc25f91da61e17225b6709df7b63d34810aab1d42c0f930950c0b
2024-06-27 23:50:25,265 INFO - ContAudITWrapper#35 - Validating Wrapper...
2024-06-27 23:51:13,623 INFO - ContAudITWrapper#35 - Response true
2024-06-27 23:51:13,753 INFO - ContAudITWrapper#35 - Application hash: e36ee2d35f8c4c41bd358782dfb3ac8852b40439d350ff27616f0c18819ce9bf
2024-06-27 23:51:13,795 INFO - ContAudITWrapper#35 - Validating Application...
2024-06-27 23:51:25,091 INFO - ContAudITWrapper#35 - Response true
2024-06-27 23:51:25,316 INFO - ContAudITWrapper#35 - Artifact apache2.workflow hash: 94d5f6758492dbe0e869e1486907a86cb16f7931019b4acb0e7f38c98cf1b06d
2024-06-27 23:51:25,339 INFO - ContAudITWrapper#35 - Validating Artifact...
2024-06-27 23:51:37,802 INFO - ContAudITWrapper#35 - Response true
2024-06-27 23:51:37,809 INFO - ContAudITWrapper#35 - Running pre-command actions...
2024-06-27 23:51:37,810 INFO - ContAudITWrapper#35 - Analyzing current environment state...
2024-06-27 23:51:39,592 INFO - ContAudITWrapper#35 - Saving current environment state...
2024-06-27 23:51:39,711 INFO - ContAudITWrapper#35 - Environment state hash: 1776e4b78f696d486603e30cb7241013e927d69ca8030fa37e187c49ffd758cd
2024-06-27 23:51:39,712 INFO - ContAudITWrapper#35 - Executing command...
2024-06-27 23:51:40,576 INFO - ContAudITWrapper#35 - Command output: 
2024-06-27 23:51:39.845769282 [executor] Initializing the workflow...
[apache2_workflow] Create a simple webpage...
[apache2_workflow] Move webpage to Apache HTTP Server user website folder...
2024-06-27 23:51:40.561074412 [executor] Finished!

2024-06-27 23:51:40,576 INFO - ContAudITWrapper#35 - Running post-command actions...
2024-06-27 23:51:40,576 INFO - ContAudITWrapper#35 - Analyzing current environment state...
2024-06-27 23:51:41,262 INFO - ContAudITWrapper#35 - Saving current environment state...
2024-06-27 23:51:41,265 INFO - ContAudITWrapper#35 - Environment state hash: 1776e4b78f696d486603e30cb7241013e927d69ca8030fa37e187c49ffd758cd
2024-06-27 23:51:41,268 INFO - ContAudITWrapper#35 - Checking environment diff...
2024-06-27 23:51:41,427 INFO - ContAudITWrapper#35 - Environment diff: 
2024-06-27 23:51:41,427 INFO - ContAudITWrapper#35 - Cleaning temporary files...
2024-06-27 23:51:41,577 INFO - ContAudITWrapper#35 - Sending to blockchain...
2024-06-27 23:52:06,012 INFO - ContAudITWrapper#35 - Response 
2024-06-27 23:52:06,013 INFO - ContAudITWrapper#35 - Finishing ContAudIT Wrapper...
