2024-06-27 23:50:08,334 INFO - ContAudITWrapper#2 - Initializing ContAudIT Wrapper...
2024-06-27 23:50:08,416 INFO - ContAudITWrapper#2 - Current directory: /home/kali/Code/ufrgs-poc/contaudit-wrapper.jar
2024-06-27 23:50:31,191 INFO - ContAudITWrapper#2 - Wrapper hash: c76a1b1bb9edc25f91da61e17225b6709df7b63d34810aab1d42c0f930950c0b
2024-06-27 23:50:31,316 INFO - ContAudITWrapper#2 - Validating Wrapper...
2024-06-27 23:51:24,564 INFO - ContAudITWrapper#2 - Response true
2024-06-27 23:51:24,710 INFO - ContAudITWrapper#2 - Application hash: e36ee2d35f8c4c41bd358782dfb3ac8852b40439d350ff27616f0c18819ce9bf
2024-06-27 23:51:24,711 INFO - ContAudITWrapper#2 - Validating Application...
2024-06-27 23:51:38,317 INFO - ContAudITWrapper#2 - Response true
2024-06-27 23:51:38,340 INFO - ContAudITWrapper#2 - Artifact apache2.workflow hash: 94d5f6758492dbe0e869e1486907a86cb16f7931019b4acb0e7f38c98cf1b06d
2024-06-27 23:51:38,472 INFO - ContAudITWrapper#2 - Validating Artifact...
2024-06-27 23:52:02,496 INFO - ContAudITWrapper#2 - Response true
2024-06-27 23:52:02,544 INFO - ContAudITWrapper#2 - Running pre-command actions...
2024-06-27 23:52:02,546 INFO - ContAudITWrapper#2 - Analyzing current environment state...
2024-06-27 23:52:03,226 INFO - ContAudITWrapper#2 - Saving current environment state...
2024-06-27 23:52:03,231 INFO - ContAudITWrapper#2 - Environment state hash: 1776e4b78f696d486603e30cb7241013e927d69ca8030fa37e187c49ffd758cd
2024-06-27 23:52:03,231 INFO - ContAudITWrapper#2 - Executing command...
2024-06-27 23:52:03,718 INFO - ContAudITWrapper#2 - Command output: 
2024-06-27 23:52:03.288804267 [executor] Initializing the workflow...
[apache2_workflow] Create a simple webpage...
[apache2_workflow] Move webpage to Apache HTTP Server user website folder...
2024-06-27 23:52:03.700045679 [executor] Finished!

2024-06-27 23:52:03,719 INFO - ContAudITWrapper#2 - Running post-command actions...
2024-06-27 23:52:03,720 INFO - ContAudITWrapper#2 - Analyzing current environment state...
2024-06-27 23:52:04,785 INFO - ContAudITWrapper#2 - Saving current environment state...
2024-06-27 23:52:04,788 INFO - ContAudITWrapper#2 - Environment state hash: 1776e4b78f696d486603e30cb7241013e927d69ca8030fa37e187c49ffd758cd
2024-06-27 23:52:04,788 INFO - ContAudITWrapper#2 - Checking environment diff...
2024-06-27 23:52:04,812 INFO - ContAudITWrapper#2 - Environment diff: 
2024-06-27 23:52:04,813 INFO - ContAudITWrapper#2 - Cleaning temporary files...
2024-06-27 23:52:04,831 INFO - ContAudITWrapper#2 - Sending to blockchain...
2024-06-27 23:52:21,287 INFO - ContAudITWrapper#2 - Response 
2024-06-27 23:52:21,289 INFO - ContAudITWrapper#2 - Finishing ContAudIT Wrapper...
