2024-06-27 23:50:07,400 INFO - ContAudITWrapper#49 - Initializing ContAudIT Wrapper...
2024-06-27 23:50:07,447 INFO - ContAudITWrapper#49 - Current directory: /home/kali/Code/ufrgs-poc/contaudit-wrapper.jar
2024-06-27 23:50:21,360 INFO - ContAudITWrapper#49 - Wrapper hash: c76a1b1bb9edc25f91da61e17225b6709df7b63d34810aab1d42c0f930950c0b
2024-06-27 23:50:21,483 INFO - ContAudITWrapper#49 - Validating Wrapper...
2024-06-27 23:50:54,897 INFO - ContAudITWrapper#49 - Response true
2024-06-27 23:50:55,193 INFO - ContAudITWrapper#49 - Application hash: e36ee2d35f8c4c41bd358782dfb3ac8852b40439d350ff27616f0c18819ce9bf
2024-06-27 23:50:55,194 INFO - ContAudITWrapper#49 - Validating Application...
2024-06-27 23:51:05,396 INFO - ContAudITWrapper#49 - Response true
2024-06-27 23:51:05,425 INFO - ContAudITWrapper#49 - Artifact apache2.workflow hash: 94d5f6758492dbe0e869e1486907a86cb16f7931019b4acb0e7f38c98cf1b06d
2024-06-27 23:51:05,504 INFO - ContAudITWrapper#49 - Validating Artifact...
2024-06-27 23:51:20,217 INFO - ContAudITWrapper#49 - Response true
2024-06-27 23:51:20,226 INFO - ContAudITWrapper#49 - Running pre-command actions...
2024-06-27 23:51:20,231 INFO - ContAudITWrapper#49 - Analyzing current environment state...
2024-06-27 23:51:22,515 INFO - ContAudITWrapper#49 - Saving current environment state...
2024-06-27 23:51:22,530 INFO - ContAudITWrapper#49 - Environment state hash: 1776e4b78f696d486603e30cb7241013e927d69ca8030fa37e187c49ffd758cd
2024-06-27 23:51:22,531 INFO - ContAudITWrapper#49 - Executing command...
2024-06-27 23:51:23,409 INFO - ContAudITWrapper#49 - Command output: 
2024-06-27 23:51:22.726415769 [executor] Initializing the workflow...
[apache2_workflow] Create a simple webpage...
[apache2_workflow] Move webpage to Apache HTTP Server user website folder...
2024-06-27 23:51:23.405451506 [executor] Finished!

2024-06-27 23:51:23,410 INFO - ContAudITWrapper#49 - Running post-command actions...
2024-06-27 23:51:23,410 INFO - ContAudITWrapper#49 - Analyzing current environment state...
2024-06-27 23:51:24,617 INFO - ContAudITWrapper#49 - Saving current environment state...
2024-06-27 23:51:24,620 INFO - ContAudITWrapper#49 - Environment state hash: 1776e4b78f696d486603e30cb7241013e927d69ca8030fa37e187c49ffd758cd
2024-06-27 23:51:24,620 INFO - ContAudITWrapper#49 - Checking environment diff...
2024-06-27 23:51:24,780 INFO - ContAudITWrapper#49 - Environment diff: 
2024-06-27 23:51:24,781 INFO - ContAudITWrapper#49 - Cleaning temporary files...
2024-06-27 23:51:24,801 INFO - ContAudITWrapper#49 - Sending to blockchain...
2024-06-27 23:51:41,108 INFO - ContAudITWrapper#49 - Response 
2024-06-27 23:51:41,127 INFO - ContAudITWrapper#49 - Finishing ContAudIT Wrapper...
