2024-06-27 23:50:08,597 INFO - ContAudITWrapper#14 - Initializing ContAudIT Wrapper...
2024-06-27 23:50:08,744 INFO - ContAudITWrapper#14 - Current directory: /home/kali/Code/ufrgs-poc/contaudit-wrapper.jar
2024-06-27 23:50:30,770 INFO - ContAudITWrapper#14 - Wrapper hash: c76a1b1bb9edc25f91da61e17225b6709df7b63d34810aab1d42c0f930950c0b
2024-06-27 23:50:30,975 INFO - ContAudITWrapper#14 - Validating Wrapper...
2024-06-27 23:51:20,813 INFO - ContAudITWrapper#14 - Response true
2024-06-27 23:51:20,990 INFO - ContAudITWrapper#14 - Application hash: e36ee2d35f8c4c41bd358782dfb3ac8852b40439d350ff27616f0c18819ce9bf
2024-06-27 23:51:20,992 INFO - ContAudITWrapper#14 - Validating Application...
2024-06-27 23:51:29,472 INFO - ContAudITWrapper#14 - Response true
2024-06-27 23:51:29,501 INFO - ContAudITWrapper#14 - Artifact apache2.workflow hash: 94d5f6758492dbe0e869e1486907a86cb16f7931019b4acb0e7f38c98cf1b06d
2024-06-27 23:51:29,626 INFO - ContAudITWrapper#14 - Validating Artifact...
2024-06-27 23:51:36,770 INFO - ContAudITWrapper#14 - Response true
2024-06-27 23:51:36,801 INFO - ContAudITWrapper#14 - Running pre-command actions...
2024-06-27 23:51:36,803 INFO - ContAudITWrapper#14 - Analyzing current environment state...
2024-06-27 23:51:39,565 INFO - ContAudITWrapper#14 - Saving current environment state...
2024-06-27 23:51:39,568 INFO - ContAudITWrapper#14 - Environment state hash: 1776e4b78f696d486603e30cb7241013e927d69ca8030fa37e187c49ffd758cd
2024-06-27 23:51:39,569 INFO - ContAudITWrapper#14 - Executing command...
2024-06-27 23:51:40,524 INFO - ContAudITWrapper#14 - Command output: 
2024-06-27 23:51:39.830600204 [executor] Initializing the workflow...
[apache2_workflow] Create a simple webpage...
[apache2_workflow] Move webpage to Apache HTTP Server user website folder...
2024-06-27 23:51:40.523463926 [executor] Finished!

2024-06-27 23:51:40,534 INFO - ContAudITWrapper#14 - Running post-command actions...
2024-06-27 23:51:40,535 INFO - ContAudITWrapper#14 - Analyzing current environment state...
2024-06-27 23:51:43,225 INFO - ContAudITWrapper#14 - Saving current environment state...
2024-06-27 23:51:43,228 INFO - ContAudITWrapper#14 - Environment state hash: 1776e4b78f696d486603e30cb7241013e927d69ca8030fa37e187c49ffd758cd
2024-06-27 23:51:43,229 INFO - ContAudITWrapper#14 - Checking environment diff...
2024-06-27 23:51:43,375 INFO - ContAudITWrapper#14 - Environment diff: 
2024-06-27 23:51:43,376 INFO - ContAudITWrapper#14 - Cleaning temporary files...
2024-06-27 23:51:43,595 INFO - ContAudITWrapper#14 - Sending to blockchain...
2024-06-27 23:52:02,293 INFO - ContAudITWrapper#14 - Response 
2024-06-27 23:52:02,301 INFO - ContAudITWrapper#14 - Finishing ContAudIT Wrapper...
