2024-06-27 23:50:08,914 INFO - ContAudITWrapper#40 - Initializing ContAudIT Wrapper...
2024-06-27 23:50:09,049 INFO - ContAudITWrapper#40 - Current directory: /home/kali/Code/ufrgs-poc/contaudit-wrapper.jar
2024-06-27 23:50:39,235 INFO - ContAudITWrapper#40 - Wrapper hash: c76a1b1bb9edc25f91da61e17225b6709df7b63d34810aab1d42c0f930950c0b
2024-06-27 23:50:39,249 INFO - ContAudITWrapper#40 - Validating Wrapper...
2024-06-27 23:51:33,052 INFO - ContAudITWrapper#40 - Response true
2024-06-27 23:51:33,296 INFO - ContAudITWrapper#40 - Application hash: e36ee2d35f8c4c41bd358782dfb3ac8852b40439d350ff27616f0c18819ce9bf
2024-06-27 23:51:33,297 INFO - ContAudITWrapper#40 - Validating Application...
2024-06-27 23:51:54,436 INFO - ContAudITWrapper#40 - Response true
2024-06-27 23:51:54,475 INFO - ContAudITWrapper#40 - Artifact apache2.workflow hash: 94d5f6758492dbe0e869e1486907a86cb16f7931019b4acb0e7f38c98cf1b06d
2024-06-27 23:51:54,490 INFO - ContAudITWrapper#40 - Validating Artifact...
2024-06-27 23:52:03,819 INFO - ContAudITWrapper#40 - Response true
2024-06-27 23:52:03,830 INFO - ContAudITWrapper#40 - Running pre-command actions...
2024-06-27 23:52:03,831 INFO - ContAudITWrapper#40 - Analyzing current environment state...
2024-06-27 23:52:04,413 INFO - ContAudITWrapper#40 - Saving current environment state...
2024-06-27 23:52:04,421 INFO - ContAudITWrapper#40 - Environment state hash: 1776e4b78f696d486603e30cb7241013e927d69ca8030fa37e187c49ffd758cd
2024-06-27 23:52:04,431 INFO - ContAudITWrapper#40 - Executing command...
2024-06-27 23:52:04,967 INFO - ContAudITWrapper#40 - Command output: 
2024-06-27 23:52:04.689627400 [executor] Initializing the workflow...
[apache2_workflow] Create a simple webpage...
[apache2_workflow] Move webpage to Apache HTTP Server user website folder...
2024-06-27 23:52:04.959583431 [executor] Finished!

2024-06-27 23:52:04,967 INFO - ContAudITWrapper#40 - Running post-command actions...
2024-06-27 23:52:04,967 INFO - ContAudITWrapper#40 - Analyzing current environment state...
2024-06-27 23:52:05,471 INFO - ContAudITWrapper#40 - Saving current environment state...
2024-06-27 23:52:05,473 INFO - ContAudITWrapper#40 - Environment state hash: 1776e4b78f696d486603e30cb7241013e927d69ca8030fa37e187c49ffd758cd
2024-06-27 23:52:05,474 INFO - ContAudITWrapper#40 - Checking environment diff...
2024-06-27 23:52:05,572 INFO - ContAudITWrapper#40 - Environment diff: 
2024-06-27 23:52:05,572 INFO - ContAudITWrapper#40 - Cleaning temporary files...
2024-06-27 23:52:05,653 INFO - ContAudITWrapper#40 - Sending to blockchain...
2024-06-27 23:52:28,156 INFO - ContAudITWrapper#40 - Response 
2024-06-27 23:52:28,158 INFO - ContAudITWrapper#40 - Finishing ContAudIT Wrapper...
