2024-06-27 23:50:05,239 INFO - ContAudITWrapper#38 - Initializing ContAudIT Wrapper...
2024-06-27 23:50:05,455 INFO - ContAudITWrapper#38 - Current directory: /home/kali/Code/ufrgs-poc/contaudit-wrapper.jar
2024-06-27 23:50:23,946 INFO - ContAudITWrapper#38 - Wrapper hash: c76a1b1bb9edc25f91da61e17225b6709df7b63d34810aab1d42c0f930950c0b
2024-06-27 23:50:23,979 INFO - ContAudITWrapper#38 - Validating Wrapper...
2024-06-27 23:51:19,057 INFO - ContAudITWrapper#38 - Response true
2024-06-27 23:51:19,266 INFO - ContAudITWrapper#38 - Application hash: e36ee2d35f8c4c41bd358782dfb3ac8852b40439d350ff27616f0c18819ce9bf
2024-06-27 23:51:19,267 INFO - ContAudITWrapper#38 - Validating Application...
2024-06-27 23:51:37,509 INFO - ContAudITWrapper#38 - Response true
2024-06-27 23:51:37,543 INFO - ContAudITWrapper#38 - Artifact apache2.workflow hash: 94d5f6758492dbe0e869e1486907a86cb16f7931019b4acb0e7f38c98cf1b06d
2024-06-27 23:51:37,620 INFO - ContAudITWrapper#38 - Validating Artifact...
2024-06-27 23:51:50,327 INFO - ContAudITWrapper#38 - Response true
2024-06-27 23:51:50,506 INFO - ContAudITWrapper#38 - Running pre-command actions...
2024-06-27 23:51:50,507 INFO - ContAudITWrapper#38 - Analyzing current environment state...
2024-06-27 23:51:51,846 INFO - ContAudITWrapper#38 - Saving current environment state...
2024-06-27 23:51:51,850 INFO - ContAudITWrapper#38 - Environment state hash: 1776e4b78f696d486603e30cb7241013e927d69ca8030fa37e187c49ffd758cd
2024-06-27 23:51:51,869 INFO - ContAudITWrapper#38 - Executing command...
2024-06-27 23:51:52,408 INFO - ContAudITWrapper#38 - Command output: 
2024-06-27 23:51:51.976080345 [executor] Initializing the workflow...
[apache2_workflow] Create a simple webpage...
[apache2_workflow] Move webpage to Apache HTTP Server user website folder...
2024-06-27 23:51:52.407517173 [executor] Finished!

2024-06-27 23:51:52,409 INFO - ContAudITWrapper#38 - Running post-command actions...
2024-06-27 23:51:52,409 INFO - ContAudITWrapper#38 - Analyzing current environment state...
2024-06-27 23:51:53,265 INFO - ContAudITWrapper#38 - Saving current environment state...
2024-06-27 23:51:53,269 INFO - ContAudITWrapper#38 - Environment state hash: 1776e4b78f696d486603e30cb7241013e927d69ca8030fa37e187c49ffd758cd
2024-06-27 23:51:53,270 INFO - ContAudITWrapper#38 - Checking environment diff...
2024-06-27 23:51:53,304 INFO - ContAudITWrapper#38 - Environment diff: 
2024-06-27 23:51:53,305 INFO - ContAudITWrapper#38 - Cleaning temporary files...
2024-06-27 23:51:53,336 INFO - ContAudITWrapper#38 - Sending to blockchain...
2024-06-27 23:52:05,919 INFO - ContAudITWrapper#38 - Response 
2024-06-27 23:52:05,962 INFO - ContAudITWrapper#38 - Finishing ContAudIT Wrapper...
