2024-06-27 23:50:06,091 INFO - ContAudITWrapper#33 - Initializing ContAudIT Wrapper...
2024-06-27 23:50:06,124 INFO - ContAudITWrapper#33 - Current directory: /home/kali/Code/ufrgs-poc/contaudit-wrapper.jar
2024-06-27 23:50:24,843 INFO - ContAudITWrapper#33 - Wrapper hash: c76a1b1bb9edc25f91da61e17225b6709df7b63d34810aab1d42c0f930950c0b
2024-06-27 23:50:24,927 INFO - ContAudITWrapper#33 - Validating Wrapper...
2024-06-27 23:51:13,811 INFO - ContAudITWrapper#33 - Response true
2024-06-27 23:51:14,100 INFO - ContAudITWrapper#33 - Application hash: e36ee2d35f8c4c41bd358782dfb3ac8852b40439d350ff27616f0c18819ce9bf
2024-06-27 23:51:14,101 INFO - ContAudITWrapper#33 - Validating Application...
2024-06-27 23:51:27,733 INFO - ContAudITWrapper#33 - Response true
2024-06-27 23:51:27,755 INFO - ContAudITWrapper#33 - Artifact apache2.workflow hash: 94d5f6758492dbe0e869e1486907a86cb16f7931019b4acb0e7f38c98cf1b06d
2024-06-27 23:51:27,771 INFO - ContAudITWrapper#33 - Validating Artifact...
2024-06-27 23:51:41,132 INFO - ContAudITWrapper#33 - Response true
2024-06-27 23:51:41,220 INFO - ContAudITWrapper#33 - Running pre-command actions...
2024-06-27 23:51:41,221 INFO - ContAudITWrapper#33 - Analyzing current environment state...
2024-06-27 23:51:42,238 INFO - ContAudITWrapper#33 - Saving current environment state...
2024-06-27 23:51:42,300 INFO - ContAudITWrapper#33 - Environment state hash: 1776e4b78f696d486603e30cb7241013e927d69ca8030fa37e187c49ffd758cd
2024-06-27 23:51:42,301 INFO - ContAudITWrapper#33 - Executing command...
2024-06-27 23:51:43,153 INFO - ContAudITWrapper#33 - Command output: 
2024-06-27 23:51:42.651145191 [executor] Initializing the workflow...
[apache2_workflow] Create a simple webpage...
[apache2_workflow] Move webpage to Apache HTTP Server user website folder...
2024-06-27 23:51:43.152468703 [executor] Finished!

2024-06-27 23:51:43,154 INFO - ContAudITWrapper#33 - Running post-command actions...
2024-06-27 23:51:43,154 INFO - ContAudITWrapper#33 - Analyzing current environment state...
2024-06-27 23:51:45,122 INFO - ContAudITWrapper#33 - Saving current environment state...
2024-06-27 23:51:45,125 INFO - ContAudITWrapper#33 - Environment state hash: 1776e4b78f696d486603e30cb7241013e927d69ca8030fa37e187c49ffd758cd
2024-06-27 23:51:45,125 INFO - ContAudITWrapper#33 - Checking environment diff...
2024-06-27 23:51:45,147 INFO - ContAudITWrapper#33 - Environment diff: 
2024-06-27 23:51:45,147 INFO - ContAudITWrapper#33 - Cleaning temporary files...
2024-06-27 23:51:45,166 INFO - ContAudITWrapper#33 - Sending to blockchain...
2024-06-27 23:52:05,985 INFO - ContAudITWrapper#33 - Response 
2024-06-27 23:52:06,002 INFO - ContAudITWrapper#33 - Finishing ContAudIT Wrapper...
