2024-10-11 05:03:16,140 INFO - ContAudITWrapper#19 - Initializing ContAudIT Wrapper...
2024-10-11 05:03:16,379 INFO - ContAudITWrapper#19 - Current directory: /home/ec2-user/Code/ufrgs-poc/contaudit-wrapper.jar
2024-10-11 05:03:37,261 INFO - ContAudITWrapper#19 - Wrapper hash: b7519188ed863d76e5199a8d880bb968bdf9124fad53b871583787e123a7a764
2024-10-11 05:03:37,270 INFO - ContAudITWrapper#19 - Validating Wrapper...
2024-10-11 05:04:45,777 INFO - ContAudITWrapper#19 - Response true
2024-10-11 05:04:46,093 INFO - ContAudITWrapper#19 - Application hash: e36ee2d35f8c4c41bd358782dfb3ac8852b40439d350ff27616f0c18819ce9bf
2024-10-11 05:04:46,095 INFO - ContAudITWrapper#19 - Validating Application...
2024-10-11 05:05:01,694 INFO - ContAudITWrapper#19 - Response true
2024-10-11 05:05:01,729 INFO - ContAudITWrapper#19 - Artifact apache2.workflow hash: bdb4cee855e21446b6ae53ddcb76a1632ef8c4545b5db0517e01ffd552157f6e
2024-10-11 05:05:01,746 INFO - ContAudITWrapper#19 - Validating Artifact...
2024-10-11 05:05:14,754 INFO - ContAudITWrapper#19 - Response true
2024-10-11 05:05:14,760 INFO - ContAudITWrapper#19 - Running pre-command actions...
2024-10-11 05:05:14,761 INFO - ContAudITWrapper#19 - Analyzing current environment state...
2024-10-11 05:05:15,035 INFO - ContAudITWrapper#19 - Saving current environment state...
2024-10-11 05:05:15,036 INFO - ContAudITWrapper#19 - Environment state hash: a7ffc6f8bf1ed76651c14756a061d662f580ff4de43b49fa82d80a4b80f8434a
2024-10-11 05:05:15,036 INFO - ContAudITWrapper#19 - Executing command...
2024-10-11 05:05:16,435 INFO - ContAudITWrapper#19 - Command output: 
2024-10-11 05:05:15.327546283 [executor] Initializing the workflow...
[apache2_workflow] Apache HTTP Server already installed.
[apache2_workflow] UserDir module already loaded.
[apache2_workflow] Configs to UserDir already exist.
[apache2_workflow] public_html directory already exists in /home/ec2-user.
[apache2_workflow] Creating a simple webpage...
[apache2_workflow] Moving webpage to Apache HTTP Server user website folder...
[apache2_workflow] Page moved successfully!
2024-10-11 05:05:16.434434563 [executor] Finished!

2024-10-11 05:05:16,435 INFO - ContAudITWrapper#19 - Running post-command actions...
2024-10-11 05:05:16,436 INFO - ContAudITWrapper#19 - Analyzing current environment state...
2024-10-11 05:05:16,541 INFO - ContAudITWrapper#19 - Saving current environment state...
2024-10-11 05:05:16,541 INFO - ContAudITWrapper#19 - Environment state hash: a7ffc6f8bf1ed76651c14756a061d662f580ff4de43b49fa82d80a4b80f8434a
2024-10-11 05:05:16,542 INFO - ContAudITWrapper#19 - Checking environment diff...
2024-10-11 05:05:16,678 INFO - ContAudITWrapper#19 - Environment diff: 
2024-10-11 05:05:16,679 INFO - ContAudITWrapper#19 - Cleaning temporary files...
2024-10-11 05:05:16,767 INFO - ContAudITWrapper#19 - Sending to blockchain...
2024-10-11 05:05:29,926 INFO - ContAudITWrapper#19 - Response 
2024-10-11 05:05:29,928 INFO - ContAudITWrapper#19 - Finishing ContAudIT Wrapper...
