2024-10-11 05:03:14,263 INFO - ContAudITWrapper#60 - Initializing ContAudIT Wrapper...
2024-10-11 05:03:14,576 INFO - ContAudITWrapper#60 - Current directory: /home/ec2-user/Code/ufrgs-poc/contaudit-wrapper.jar
2024-10-11 05:03:38,120 INFO - ContAudITWrapper#60 - Wrapper hash: b7519188ed863d76e5199a8d880bb968bdf9124fad53b871583787e123a7a764
2024-10-11 05:03:38,129 INFO - ContAudITWrapper#60 - Validating Wrapper...
2024-10-11 05:04:45,858 INFO - ContAudITWrapper#60 - Response true
2024-10-11 05:04:46,030 INFO - ContAudITWrapper#60 - Application hash: e36ee2d35f8c4c41bd358782dfb3ac8852b40439d350ff27616f0c18819ce9bf
2024-10-11 05:04:46,031 INFO - ContAudITWrapper#60 - Validating Application...
2024-10-11 05:05:00,235 INFO - ContAudITWrapper#60 - Response true
2024-10-11 05:05:00,261 INFO - ContAudITWrapper#60 - Artifact apache2.workflow hash: bdb4cee855e21446b6ae53ddcb76a1632ef8c4545b5db0517e01ffd552157f6e
2024-10-11 05:05:00,364 INFO - ContAudITWrapper#60 - Validating Artifact...
2024-10-11 05:05:13,519 INFO - ContAudITWrapper#60 - Response true
2024-10-11 05:05:13,524 INFO - ContAudITWrapper#60 - Running pre-command actions...
2024-10-11 05:05:13,526 INFO - ContAudITWrapper#60 - Analyzing current environment state...
2024-10-11 05:05:13,734 INFO - ContAudITWrapper#60 - Saving current environment state...
2024-10-11 05:05:13,735 INFO - ContAudITWrapper#60 - Environment state hash: a7ffc6f8bf1ed76651c14756a061d662f580ff4de43b49fa82d80a4b80f8434a
2024-10-11 05:05:13,735 INFO - ContAudITWrapper#60 - Executing command...
2024-10-11 05:05:14,832 INFO - ContAudITWrapper#60 - Command output: 
2024-10-11 05:05:13.961331115 [executor] Initializing the workflow...
[apache2_workflow] Apache HTTP Server already installed.
[apache2_workflow] UserDir module already loaded.
[apache2_workflow] Configs to UserDir already exist.
[apache2_workflow] public_html directory already exists in /home/ec2-user.
[apache2_workflow] Creating a simple webpage...
[apache2_workflow] Moving webpage to Apache HTTP Server user website folder...
[apache2_workflow] Page moved successfully!
2024-10-11 05:05:14.831533279 [executor] Finished!

2024-10-11 05:05:14,833 INFO - ContAudITWrapper#60 - Running post-command actions...
2024-10-11 05:05:14,833 INFO - ContAudITWrapper#60 - Analyzing current environment state...
2024-10-11 05:05:14,976 INFO - ContAudITWrapper#60 - Saving current environment state...
2024-10-11 05:05:14,977 INFO - ContAudITWrapper#60 - Environment state hash: a7ffc6f8bf1ed76651c14756a061d662f580ff4de43b49fa82d80a4b80f8434a
2024-10-11 05:05:14,977 INFO - ContAudITWrapper#60 - Checking environment diff...
2024-10-11 05:05:15,048 INFO - ContAudITWrapper#60 - Environment diff: 
2024-10-11 05:05:15,049 INFO - ContAudITWrapper#60 - Cleaning temporary files...
2024-10-11 05:05:15,146 INFO - ContAudITWrapper#60 - Sending to blockchain...
2024-10-11 05:05:30,107 INFO - ContAudITWrapper#60 - Response 
2024-10-11 05:05:30,109 INFO - ContAudITWrapper#60 - Finishing ContAudIT Wrapper...
