2024-10-11 05:03:15,789 INFO - ContAudITWrapper#82 - Initializing ContAudIT Wrapper...
2024-10-11 05:03:16,039 INFO - ContAudITWrapper#82 - Current directory: /home/ec2-user/Code/ufrgs-poc/contaudit-wrapper.jar
2024-10-11 05:03:42,349 INFO - ContAudITWrapper#82 - Wrapper hash: b7519188ed863d76e5199a8d880bb968bdf9124fad53b871583787e123a7a764
2024-10-11 05:03:42,457 INFO - ContAudITWrapper#82 - Validating Wrapper...
2024-10-11 05:04:54,801 INFO - ContAudITWrapper#82 - Response true
2024-10-11 05:04:55,035 INFO - ContAudITWrapper#82 - Application hash: e36ee2d35f8c4c41bd358782dfb3ac8852b40439d350ff27616f0c18819ce9bf
2024-10-11 05:04:55,036 INFO - ContAudITWrapper#82 - Validating Application...
2024-10-11 05:05:05,041 INFO - ContAudITWrapper#82 - Response true
2024-10-11 05:05:05,045 INFO - ContAudITWrapper#82 - Artifact apache2.workflow hash: bdb4cee855e21446b6ae53ddcb76a1632ef8c4545b5db0517e01ffd552157f6e
2024-10-11 05:05:05,055 INFO - ContAudITWrapper#82 - Validating Artifact...
2024-10-11 05:05:17,545 INFO - ContAudITWrapper#82 - Response true
2024-10-11 05:05:17,557 INFO - ContAudITWrapper#82 - Running pre-command actions...
2024-10-11 05:05:17,558 INFO - ContAudITWrapper#82 - Analyzing current environment state...
2024-10-11 05:05:17,846 INFO - ContAudITWrapper#82 - Saving current environment state...
2024-10-11 05:05:17,847 INFO - ContAudITWrapper#82 - Environment state hash: a7ffc6f8bf1ed76651c14756a061d662f580ff4de43b49fa82d80a4b80f8434a
2024-10-11 05:05:17,847 INFO - ContAudITWrapper#82 - Executing command...
2024-10-11 05:05:19,534 INFO - ContAudITWrapper#82 - Command output: 
2024-10-11 05:05:18.022426232 [executor] Initializing the workflow...
[apache2_workflow] Apache HTTP Server already installed.
[apache2_workflow] UserDir module already loaded.
[apache2_workflow] Configs to UserDir already exist.
[apache2_workflow] public_html directory already exists in /home/ec2-user.
[apache2_workflow] Creating a simple webpage...
[apache2_workflow] Moving webpage to Apache HTTP Server user website folder...
[apache2_workflow] Page moved successfully!
2024-10-11 05:05:19.532106731 [executor] Finished!

2024-10-11 05:05:19,534 INFO - ContAudITWrapper#82 - Running post-command actions...
2024-10-11 05:05:19,534 INFO - ContAudITWrapper#82 - Analyzing current environment state...
2024-10-11 05:05:19,641 INFO - ContAudITWrapper#82 - Saving current environment state...
2024-10-11 05:05:19,642 INFO - ContAudITWrapper#82 - Environment state hash: a7ffc6f8bf1ed76651c14756a061d662f580ff4de43b49fa82d80a4b80f8434a
2024-10-11 05:05:19,642 INFO - ContAudITWrapper#82 - Checking environment diff...
2024-10-11 05:05:19,706 INFO - ContAudITWrapper#82 - Environment diff: 
2024-10-11 05:05:19,707 INFO - ContAudITWrapper#82 - Cleaning temporary files...
2024-10-11 05:05:19,730 INFO - ContAudITWrapper#82 - Sending to blockchain...
2024-10-11 05:05:31,384 INFO - ContAudITWrapper#82 - Response 
2024-10-11 05:05:31,385 INFO - ContAudITWrapper#82 - Finishing ContAudIT Wrapper...
