2024-10-11 05:03:16,397 INFO - ContAudITWrapper#30 - Initializing ContAudIT Wrapper...
2024-10-11 05:03:16,510 INFO - ContAudITWrapper#30 - Current directory: /home/ec2-user/Code/ufrgs-poc/contaudit-wrapper.jar
2024-10-11 05:03:37,237 INFO - ContAudITWrapper#30 - Wrapper hash: b7519188ed863d76e5199a8d880bb968bdf9124fad53b871583787e123a7a764
2024-10-11 05:03:37,319 INFO - ContAudITWrapper#30 - Validating Wrapper...
2024-10-11 05:04:44,351 INFO - ContAudITWrapper#30 - Response true
2024-10-11 05:04:44,675 INFO - ContAudITWrapper#30 - Application hash: e36ee2d35f8c4c41bd358782dfb3ac8852b40439d350ff27616f0c18819ce9bf
2024-10-11 05:04:44,676 INFO - ContAudITWrapper#30 - Validating Application...
2024-10-11 05:05:01,848 INFO - ContAudITWrapper#30 - Response true
2024-10-11 05:05:01,874 INFO - ContAudITWrapper#30 - Artifact apache2.workflow hash: bdb4cee855e21446b6ae53ddcb76a1632ef8c4545b5db0517e01ffd552157f6e
2024-10-11 05:05:01,977 INFO - ContAudITWrapper#30 - Validating Artifact...
2024-10-11 05:05:15,146 INFO - ContAudITWrapper#30 - Response true
2024-10-11 05:05:15,166 INFO - ContAudITWrapper#30 - Running pre-command actions...
2024-10-11 05:05:15,166 INFO - ContAudITWrapper#30 - Analyzing current environment state...
2024-10-11 05:05:15,518 INFO - ContAudITWrapper#30 - Saving current environment state...
2024-10-11 05:05:15,519 INFO - ContAudITWrapper#30 - Environment state hash: a7ffc6f8bf1ed76651c14756a061d662f580ff4de43b49fa82d80a4b80f8434a
2024-10-11 05:05:15,519 INFO - ContAudITWrapper#30 - Executing command...
2024-10-11 05:05:16,921 INFO - ContAudITWrapper#30 - Command output: 
2024-10-11 05:05:15.701081433 [executor] Initializing the workflow...
[apache2_workflow] Apache HTTP Server already installed.
[apache2_workflow] UserDir module already loaded.
[apache2_workflow] Configs to UserDir already exist.
[apache2_workflow] public_html directory already exists in /home/ec2-user.
[apache2_workflow] Creating a simple webpage...
[apache2_workflow] Moving webpage to Apache HTTP Server user website folder...
[apache2_workflow] Page moved successfully!
2024-10-11 05:05:16.920723132 [executor] Finished!

2024-10-11 05:05:16,921 INFO - ContAudITWrapper#30 - Running post-command actions...
2024-10-11 05:05:16,922 INFO - ContAudITWrapper#30 - Analyzing current environment state...
2024-10-11 05:05:17,035 INFO - ContAudITWrapper#30 - Saving current environment state...
2024-10-11 05:05:17,036 INFO - ContAudITWrapper#30 - Environment state hash: a7ffc6f8bf1ed76651c14756a061d662f580ff4de43b49fa82d80a4b80f8434a
2024-10-11 05:05:17,037 INFO - ContAudITWrapper#30 - Checking environment diff...
2024-10-11 05:05:17,158 INFO - ContAudITWrapper#30 - Environment diff: 
2024-10-11 05:05:17,159 INFO - ContAudITWrapper#30 - Cleaning temporary files...
2024-10-11 05:05:17,251 INFO - ContAudITWrapper#30 - Sending to blockchain...
2024-10-11 05:05:27,347 INFO - ContAudITWrapper#30 - Response 
2024-10-11 05:05:27,349 INFO - ContAudITWrapper#30 - Finishing ContAudIT Wrapper...
