2024-10-11 05:03:16,010 INFO - ContAudITWrapper#98 - Initializing ContAudIT Wrapper...
2024-10-11 05:03:16,251 INFO - ContAudITWrapper#98 - Current directory: /home/ec2-user/Code/ufrgs-poc/contaudit-wrapper.jar
2024-10-11 05:03:40,337 INFO - ContAudITWrapper#98 - Wrapper hash: b7519188ed863d76e5199a8d880bb968bdf9124fad53b871583787e123a7a764
2024-10-11 05:03:40,522 INFO - ContAudITWrapper#98 - Validating Wrapper...
2024-10-11 05:04:53,600 INFO - ContAudITWrapper#98 - Response true
2024-10-11 05:04:53,749 INFO - ContAudITWrapper#98 - Application hash: e36ee2d35f8c4c41bd358782dfb3ac8852b40439d350ff27616f0c18819ce9bf
2024-10-11 05:04:53,751 INFO - ContAudITWrapper#98 - Validating Application...
2024-10-11 05:05:07,784 INFO - ContAudITWrapper#98 - Response true
2024-10-11 05:05:07,803 INFO - ContAudITWrapper#98 - Artifact apache2.workflow hash: bdb4cee855e21446b6ae53ddcb76a1632ef8c4545b5db0517e01ffd552157f6e
2024-10-11 05:05:07,865 INFO - ContAudITWrapper#98 - Validating Artifact...
2024-10-11 05:05:20,737 INFO - ContAudITWrapper#98 - Response true
2024-10-11 05:05:20,754 INFO - ContAudITWrapper#98 - Running pre-command actions...
2024-10-11 05:05:20,756 INFO - ContAudITWrapper#98 - Analyzing current environment state...
2024-10-11 05:05:20,977 INFO - ContAudITWrapper#98 - Saving current environment state...
2024-10-11 05:05:20,978 INFO - ContAudITWrapper#98 - Environment state hash: a7ffc6f8bf1ed76651c14756a061d662f580ff4de43b49fa82d80a4b80f8434a
2024-10-11 05:05:20,978 INFO - ContAudITWrapper#98 - Executing command...
2024-10-11 05:05:22,366 INFO - ContAudITWrapper#98 - Command output: 
2024-10-11 05:05:21.178611959 [executor] Initializing the workflow...
[apache2_workflow] Apache HTTP Server already installed.
[apache2_workflow] UserDir module already loaded.
[apache2_workflow] Configs to UserDir already exist.
[apache2_workflow] public_html directory already exists in /home/ec2-user.
[apache2_workflow] Creating a simple webpage...
[apache2_workflow] Moving webpage to Apache HTTP Server user website folder...
[apache2_workflow] Page moved successfully!
2024-10-11 05:05:22.365328467 [executor] Finished!

2024-10-11 05:05:22,366 INFO - ContAudITWrapper#98 - Running post-command actions...
2024-10-11 05:05:22,366 INFO - ContAudITWrapper#98 - Analyzing current environment state...
2024-10-11 05:05:22,499 INFO - ContAudITWrapper#98 - Saving current environment state...
2024-10-11 05:05:22,500 INFO - ContAudITWrapper#98 - Environment state hash: a7ffc6f8bf1ed76651c14756a061d662f580ff4de43b49fa82d80a4b80f8434a
2024-10-11 05:05:22,500 INFO - ContAudITWrapper#98 - Checking environment diff...
2024-10-11 05:05:22,738 INFO - ContAudITWrapper#98 - Environment diff: 
2024-10-11 05:05:22,739 INFO - ContAudITWrapper#98 - Cleaning temporary files...
2024-10-11 05:05:22,842 INFO - ContAudITWrapper#98 - Sending to blockchain...
2024-10-11 05:05:31,999 INFO - ContAudITWrapper#98 - Response 
2024-10-11 05:05:32,006 INFO - ContAudITWrapper#98 - Finishing ContAudIT Wrapper...
