2024-10-11 05:03:15,921 INFO - ContAudITWrapper#56 - Initializing ContAudIT Wrapper...
2024-10-11 05:03:16,260 INFO - ContAudITWrapper#56 - Current directory: /home/ec2-user/Code/ufrgs-poc/contaudit-wrapper.jar
2024-10-11 05:03:36,963 INFO - ContAudITWrapper#56 - Wrapper hash: b7519188ed863d76e5199a8d880bb968bdf9124fad53b871583787e123a7a764
2024-10-11 05:03:37,037 INFO - ContAudITWrapper#56 - Validating Wrapper...
2024-10-11 05:04:42,426 INFO - ContAudITWrapper#56 - Response true
2024-10-11 05:04:42,634 INFO - ContAudITWrapper#56 - Application hash: e36ee2d35f8c4c41bd358782dfb3ac8852b40439d350ff27616f0c18819ce9bf
2024-10-11 05:04:42,635 INFO - ContAudITWrapper#56 - Validating Application...
2024-10-11 05:04:58,502 INFO - ContAudITWrapper#56 - Response true
2024-10-11 05:04:58,521 INFO - ContAudITWrapper#56 - Artifact apache2.workflow hash: bdb4cee855e21446b6ae53ddcb76a1632ef8c4545b5db0517e01ffd552157f6e
2024-10-11 05:04:58,563 INFO - ContAudITWrapper#56 - Validating Artifact...
2024-10-11 05:05:12,114 INFO - ContAudITWrapper#56 - Response true
2024-10-11 05:05:12,120 INFO - ContAudITWrapper#56 - Running pre-command actions...
2024-10-11 05:05:12,121 INFO - ContAudITWrapper#56 - Analyzing current environment state...
2024-10-11 05:05:12,343 INFO - ContAudITWrapper#56 - Saving current environment state...
2024-10-11 05:05:12,345 INFO - ContAudITWrapper#56 - Environment state hash: a7ffc6f8bf1ed76651c14756a061d662f580ff4de43b49fa82d80a4b80f8434a
2024-10-11 05:05:12,345 INFO - ContAudITWrapper#56 - Executing command...
2024-10-11 05:05:13,586 INFO - ContAudITWrapper#56 - Command output: 
2024-10-11 05:05:12.538622546 [executor] Initializing the workflow...
[apache2_workflow] Apache HTTP Server already installed.
[apache2_workflow] UserDir module already loaded.
[apache2_workflow] Configs to UserDir already exist.
[apache2_workflow] public_html directory already exists in /home/ec2-user.
[apache2_workflow] Creating a simple webpage...
[apache2_workflow] Moving webpage to Apache HTTP Server user website folder...
[apache2_workflow] Page moved successfully!
2024-10-11 05:05:13.585277375 [executor] Finished!

2024-10-11 05:05:13,586 INFO - ContAudITWrapper#56 - Running post-command actions...
2024-10-11 05:05:13,586 INFO - ContAudITWrapper#56 - Analyzing current environment state...
2024-10-11 05:05:13,800 INFO - ContAudITWrapper#56 - Saving current environment state...
2024-10-11 05:05:13,801 INFO - ContAudITWrapper#56 - Environment state hash: a7ffc6f8bf1ed76651c14756a061d662f580ff4de43b49fa82d80a4b80f8434a
2024-10-11 05:05:13,801 INFO - ContAudITWrapper#56 - Checking environment diff...
2024-10-11 05:05:13,906 INFO - ContAudITWrapper#56 - Environment diff: 
2024-10-11 05:05:13,907 INFO - ContAudITWrapper#56 - Cleaning temporary files...
2024-10-11 05:05:14,057 INFO - ContAudITWrapper#56 - Sending to blockchain...
2024-10-11 05:05:26,373 INFO - ContAudITWrapper#56 - Response 
2024-10-11 05:05:26,375 INFO - ContAudITWrapper#56 - Finishing ContAudIT Wrapper...
