2024-10-11 05:03:16,098 INFO - ContAudITWrapper#80 - Initializing ContAudIT Wrapper...
2024-10-11 05:03:16,310 INFO - ContAudITWrapper#80 - Current directory: /home/ec2-user/Code/ufrgs-poc/contaudit-wrapper.jar
2024-10-11 05:03:33,628 INFO - ContAudITWrapper#80 - Wrapper hash: b7519188ed863d76e5199a8d880bb968bdf9124fad53b871583787e123a7a764
2024-10-11 05:03:33,637 INFO - ContAudITWrapper#80 - Validating Wrapper...
2024-10-11 05:04:29,231 INFO - ContAudITWrapper#80 - Response true
2024-10-11 05:04:29,444 INFO - ContAudITWrapper#80 - Application hash: e36ee2d35f8c4c41bd358782dfb3ac8852b40439d350ff27616f0c18819ce9bf
2024-10-11 05:04:29,466 INFO - ContAudITWrapper#80 - Validating Application...
2024-10-11 05:04:46,086 INFO - ContAudITWrapper#80 - Response true
2024-10-11 05:04:46,089 INFO - ContAudITWrapper#80 - Artifact apache2.workflow hash: bdb4cee855e21446b6ae53ddcb76a1632ef8c4545b5db0517e01ffd552157f6e
2024-10-11 05:04:46,302 INFO - ContAudITWrapper#80 - Validating Artifact...
2024-10-11 05:05:00,553 INFO - ContAudITWrapper#80 - Response true
2024-10-11 05:05:00,573 INFO - ContAudITWrapper#80 - Running pre-command actions...
2024-10-11 05:05:00,574 INFO - ContAudITWrapper#80 - Analyzing current environment state...
2024-10-11 05:05:00,862 INFO - ContAudITWrapper#80 - Saving current environment state...
2024-10-11 05:05:00,862 INFO - ContAudITWrapper#80 - Environment state hash: a7ffc6f8bf1ed76651c14756a061d662f580ff4de43b49fa82d80a4b80f8434a
2024-10-11 05:05:00,863 INFO - ContAudITWrapper#80 - Executing command...
2024-10-11 05:05:02,316 INFO - ContAudITWrapper#80 - Command output: 
2024-10-11 05:05:01.089479761 [executor] Initializing the workflow...
[apache2_workflow] Apache HTTP Server already installed.
[apache2_workflow] UserDir module already loaded.
[apache2_workflow] Configs to UserDir already exist.
[apache2_workflow] public_html directory already exists in /home/ec2-user.
[apache2_workflow] Creating a simple webpage...
[apache2_workflow] Moving webpage to Apache HTTP Server user website folder...
[apache2_workflow] Page moved successfully!
2024-10-11 05:05:02.315805682 [executor] Finished!

2024-10-11 05:05:02,317 INFO - ContAudITWrapper#80 - Running post-command actions...
2024-10-11 05:05:02,317 INFO - ContAudITWrapper#80 - Analyzing current environment state...
2024-10-11 05:05:02,536 INFO - ContAudITWrapper#80 - Saving current environment state...
2024-10-11 05:05:02,537 INFO - ContAudITWrapper#80 - Environment state hash: a7ffc6f8bf1ed76651c14756a061d662f580ff4de43b49fa82d80a4b80f8434a
2024-10-11 05:05:02,537 INFO - ContAudITWrapper#80 - Checking environment diff...
2024-10-11 05:05:02,596 INFO - ContAudITWrapper#80 - Environment diff: 
2024-10-11 05:05:02,597 INFO - ContAudITWrapper#80 - Cleaning temporary files...
2024-10-11 05:05:02,761 INFO - ContAudITWrapper#80 - Sending to blockchain...
2024-10-11 05:05:18,901 INFO - ContAudITWrapper#80 - Response 
2024-10-11 05:05:18,903 INFO - ContAudITWrapper#80 - Finishing ContAudIT Wrapper...
