2024-10-11 05:03:15,841 INFO - ContAudITWrapper#92 - Initializing ContAudIT Wrapper...
2024-10-11 05:03:16,084 INFO - ContAudITWrapper#92 - Current directory: /home/ec2-user/Code/ufrgs-poc/contaudit-wrapper.jar
2024-10-11 05:03:41,852 INFO - ContAudITWrapper#92 - Wrapper hash: b7519188ed863d76e5199a8d880bb968bdf9124fad53b871583787e123a7a764
2024-10-11 05:03:42,167 INFO - ContAudITWrapper#92 - Validating Wrapper...
2024-10-11 05:04:50,184 INFO - ContAudITWrapper#92 - Response true
2024-10-11 05:04:50,304 INFO - ContAudITWrapper#92 - Application hash: e36ee2d35f8c4c41bd358782dfb3ac8852b40439d350ff27616f0c18819ce9bf
2024-10-11 05:04:50,305 INFO - ContAudITWrapper#92 - Validating Application...
2024-10-11 05:05:06,412 INFO - ContAudITWrapper#92 - Response true
2024-10-11 05:05:06,433 INFO - ContAudITWrapper#92 - Artifact apache2.workflow hash: bdb4cee855e21446b6ae53ddcb76a1632ef8c4545b5db0517e01ffd552157f6e
2024-10-11 05:05:06,446 INFO - ContAudITWrapper#92 - Validating Artifact...
2024-10-11 05:05:17,977 INFO - ContAudITWrapper#92 - Response true
2024-10-11 05:05:17,982 INFO - ContAudITWrapper#92 - Running pre-command actions...
2024-10-11 05:05:17,983 INFO - ContAudITWrapper#92 - Analyzing current environment state...
2024-10-11 05:05:18,179 INFO - ContAudITWrapper#92 - Saving current environment state...
2024-10-11 05:05:18,181 INFO - ContAudITWrapper#92 - Environment state hash: a7ffc6f8bf1ed76651c14756a061d662f580ff4de43b49fa82d80a4b80f8434a
2024-10-11 05:05:18,181 INFO - ContAudITWrapper#92 - Executing command...
2024-10-11 05:05:19,714 INFO - ContAudITWrapper#92 - Command output: 
2024-10-11 05:05:18.351279007 [executor] Initializing the workflow...
[apache2_workflow] Apache HTTP Server already installed.
[apache2_workflow] UserDir module already loaded.
[apache2_workflow] Configs to UserDir already exist.
[apache2_workflow] public_html directory already exists in /home/ec2-user.
[apache2_workflow] Creating a simple webpage...
[apache2_workflow] Moving webpage to Apache HTTP Server user website folder...
[apache2_workflow] Page moved successfully!
2024-10-11 05:05:19.687122859 [executor] Finished!

2024-10-11 05:05:19,714 INFO - ContAudITWrapper#92 - Running post-command actions...
2024-10-11 05:05:19,714 INFO - ContAudITWrapper#92 - Analyzing current environment state...
2024-10-11 05:05:19,795 INFO - ContAudITWrapper#92 - Saving current environment state...
2024-10-11 05:05:19,795 INFO - ContAudITWrapper#92 - Environment state hash: a7ffc6f8bf1ed76651c14756a061d662f580ff4de43b49fa82d80a4b80f8434a
2024-10-11 05:05:19,795 INFO - ContAudITWrapper#92 - Checking environment diff...
2024-10-11 05:05:19,882 INFO - ContAudITWrapper#92 - Environment diff: 
2024-10-11 05:05:19,882 INFO - ContAudITWrapper#92 - Cleaning temporary files...
2024-10-11 05:05:19,934 INFO - ContAudITWrapper#92 - Sending to blockchain...
2024-10-11 05:05:31,841 INFO - ContAudITWrapper#92 - Response 
2024-10-11 05:05:31,842 INFO - ContAudITWrapper#92 - Finishing ContAudIT Wrapper...
