2024-10-11 05:03:15,393 INFO - ContAudITWrapper#31 - Initializing ContAudIT Wrapper...
2024-10-11 05:03:15,697 INFO - ContAudITWrapper#31 - Current directory: /home/ec2-user/Code/ufrgs-poc/contaudit-wrapper.jar
2024-10-11 05:03:37,029 INFO - ContAudITWrapper#31 - Wrapper hash: b7519188ed863d76e5199a8d880bb968bdf9124fad53b871583787e123a7a764
2024-10-11 05:03:37,069 INFO - ContAudITWrapper#31 - Validating Wrapper...
2024-10-11 05:04:47,142 INFO - ContAudITWrapper#31 - Response true
2024-10-11 05:04:47,501 INFO - ContAudITWrapper#31 - Application hash: e36ee2d35f8c4c41bd358782dfb3ac8852b40439d350ff27616f0c18819ce9bf
2024-10-11 05:04:47,502 INFO - ContAudITWrapper#31 - Validating Application...
2024-10-11 05:05:00,833 INFO - ContAudITWrapper#31 - Response true
2024-10-11 05:05:00,846 INFO - ContAudITWrapper#31 - Artifact apache2.workflow hash: bdb4cee855e21446b6ae53ddcb76a1632ef8c4545b5db0517e01ffd552157f6e
2024-10-11 05:05:01,020 INFO - ContAudITWrapper#31 - Validating Artifact...
2024-10-11 05:05:11,366 INFO - ContAudITWrapper#31 - Response true
2024-10-11 05:05:11,370 INFO - ContAudITWrapper#31 - Running pre-command actions...
2024-10-11 05:05:11,372 INFO - ContAudITWrapper#31 - Analyzing current environment state...
2024-10-11 05:05:11,701 INFO - ContAudITWrapper#31 - Saving current environment state...
2024-10-11 05:05:11,702 INFO - ContAudITWrapper#31 - Environment state hash: a7ffc6f8bf1ed76651c14756a061d662f580ff4de43b49fa82d80a4b80f8434a
2024-10-11 05:05:11,702 INFO - ContAudITWrapper#31 - Executing command...
2024-10-11 05:05:13,283 INFO - ContAudITWrapper#31 - Command output: 
2024-10-11 05:05:11.842465135 [executor] Initializing the workflow...
[apache2_workflow] Apache HTTP Server already installed.
[apache2_workflow] UserDir module already loaded.
[apache2_workflow] Configs to UserDir already exist.
[apache2_workflow] public_html directory already exists in /home/ec2-user.
[apache2_workflow] Creating a simple webpage...
[apache2_workflow] Moving webpage to Apache HTTP Server user website folder...
[apache2_workflow] Page moved successfully!
2024-10-11 05:05:13.282567531 [executor] Finished!

2024-10-11 05:05:13,284 INFO - ContAudITWrapper#31 - Running post-command actions...
2024-10-11 05:05:13,284 INFO - ContAudITWrapper#31 - Analyzing current environment state...
2024-10-11 05:05:13,428 INFO - ContAudITWrapper#31 - Saving current environment state...
2024-10-11 05:05:13,428 INFO - ContAudITWrapper#31 - Environment state hash: a7ffc6f8bf1ed76651c14756a061d662f580ff4de43b49fa82d80a4b80f8434a
2024-10-11 05:05:13,428 INFO - ContAudITWrapper#31 - Checking environment diff...
2024-10-11 05:05:13,456 INFO - ContAudITWrapper#31 - Environment diff: 
2024-10-11 05:05:13,456 INFO - ContAudITWrapper#31 - Cleaning temporary files...
2024-10-11 05:05:13,597 INFO - ContAudITWrapper#31 - Sending to blockchain...
2024-10-11 05:05:28,764 INFO - ContAudITWrapper#31 - Response 
2024-10-11 05:05:28,767 INFO - ContAudITWrapper#31 - Finishing ContAudIT Wrapper...
