2024-10-11 05:03:15,125 INFO - ContAudITWrapper#57 - Initializing ContAudIT Wrapper...
2024-10-11 05:03:15,448 INFO - ContAudITWrapper#57 - Current directory: /home/ec2-user/Code/ufrgs-poc/contaudit-wrapper.jar
2024-10-11 05:03:38,539 INFO - ContAudITWrapper#57 - Wrapper hash: b7519188ed863d76e5199a8d880bb968bdf9124fad53b871583787e123a7a764
2024-10-11 05:03:38,568 INFO - ContAudITWrapper#57 - Validating Wrapper...
2024-10-11 05:04:46,051 INFO - ContAudITWrapper#57 - Response true
2024-10-11 05:04:46,369 INFO - ContAudITWrapper#57 - Application hash: e36ee2d35f8c4c41bd358782dfb3ac8852b40439d350ff27616f0c18819ce9bf
2024-10-11 05:04:46,370 INFO - ContAudITWrapper#57 - Validating Application...
2024-10-11 05:05:00,306 INFO - ContAudITWrapper#57 - Response true
2024-10-11 05:05:00,313 INFO - ContAudITWrapper#57 - Artifact apache2.workflow hash: bdb4cee855e21446b6ae53ddcb76a1632ef8c4545b5db0517e01ffd552157f6e
2024-10-11 05:05:00,417 INFO - ContAudITWrapper#57 - Validating Artifact...
2024-10-11 05:05:11,173 INFO - ContAudITWrapper#57 - Response true
2024-10-11 05:05:11,175 INFO - ContAudITWrapper#57 - Running pre-command actions...
2024-10-11 05:05:11,188 INFO - ContAudITWrapper#57 - Analyzing current environment state...
2024-10-11 05:05:11,420 INFO - ContAudITWrapper#57 - Saving current environment state...
2024-10-11 05:05:11,422 INFO - ContAudITWrapper#57 - Environment state hash: a7ffc6f8bf1ed76651c14756a061d662f580ff4de43b49fa82d80a4b80f8434a
2024-10-11 05:05:11,422 INFO - ContAudITWrapper#57 - Executing command...
2024-10-11 05:05:12,914 INFO - ContAudITWrapper#57 - Command output: 
2024-10-11 05:05:11.551425914 [executor] Initializing the workflow...
[apache2_workflow] Apache HTTP Server already installed.
[apache2_workflow] UserDir module already loaded.
[apache2_workflow] Configs to UserDir already exist.
[apache2_workflow] public_html directory already exists in /home/ec2-user.
[apache2_workflow] Creating a simple webpage...
[apache2_workflow] Moving webpage to Apache HTTP Server user website folder...
[apache2_workflow] Page moved successfully!
2024-10-11 05:05:12.913434050 [executor] Finished!

2024-10-11 05:05:12,914 INFO - ContAudITWrapper#57 - Running post-command actions...
2024-10-11 05:05:12,915 INFO - ContAudITWrapper#57 - Analyzing current environment state...
2024-10-11 05:05:13,041 INFO - ContAudITWrapper#57 - Saving current environment state...
2024-10-11 05:05:13,042 INFO - ContAudITWrapper#57 - Environment state hash: a7ffc6f8bf1ed76651c14756a061d662f580ff4de43b49fa82d80a4b80f8434a
2024-10-11 05:05:13,042 INFO - ContAudITWrapper#57 - Checking environment diff...
2024-10-11 05:05:13,079 INFO - ContAudITWrapper#57 - Environment diff: 
2024-10-11 05:05:13,080 INFO - ContAudITWrapper#57 - Cleaning temporary files...
2024-10-11 05:05:13,175 INFO - ContAudITWrapper#57 - Sending to blockchain...
2024-10-11 05:05:27,768 INFO - ContAudITWrapper#57 - Response 
2024-10-11 05:05:27,783 INFO - ContAudITWrapper#57 - Finishing ContAudIT Wrapper...
