2024-10-11 05:03:15,576 INFO - ContAudITWrapper#73 - Initializing ContAudIT Wrapper...
2024-10-11 05:03:15,897 INFO - ContAudITWrapper#73 - Current directory: /home/ec2-user/Code/ufrgs-poc/contaudit-wrapper.jar
2024-10-11 05:03:43,056 INFO - ContAudITWrapper#73 - Wrapper hash: b7519188ed863d76e5199a8d880bb968bdf9124fad53b871583787e123a7a764
2024-10-11 05:03:43,325 INFO - ContAudITWrapper#73 - Validating Wrapper...
2024-10-11 05:04:54,083 INFO - ContAudITWrapper#73 - Response true
2024-10-11 05:04:54,292 INFO - ContAudITWrapper#73 - Application hash: e36ee2d35f8c4c41bd358782dfb3ac8852b40439d350ff27616f0c18819ce9bf
2024-10-11 05:04:54,298 INFO - ContAudITWrapper#73 - Validating Application...
2024-10-11 05:05:05,825 INFO - ContAudITWrapper#73 - Response true
2024-10-11 05:05:05,837 INFO - ContAudITWrapper#73 - Artifact apache2.workflow hash: bdb4cee855e21446b6ae53ddcb76a1632ef8c4545b5db0517e01ffd552157f6e
2024-10-11 05:05:05,870 INFO - ContAudITWrapper#73 - Validating Artifact...
2024-10-11 05:05:17,253 INFO - ContAudITWrapper#73 - Response true
2024-10-11 05:05:17,262 INFO - ContAudITWrapper#73 - Running pre-command actions...
2024-10-11 05:05:17,267 INFO - ContAudITWrapper#73 - Analyzing current environment state...
2024-10-11 05:05:17,398 INFO - ContAudITWrapper#73 - Saving current environment state...
2024-10-11 05:05:17,399 INFO - ContAudITWrapper#73 - Environment state hash: a7ffc6f8bf1ed76651c14756a061d662f580ff4de43b49fa82d80a4b80f8434a
2024-10-11 05:05:17,399 INFO - ContAudITWrapper#73 - Executing command...
2024-10-11 05:05:18,849 INFO - ContAudITWrapper#73 - Command output: 
2024-10-11 05:05:17.475666240 [executor] Initializing the workflow...
[apache2_workflow] Apache HTTP Server already installed.
[apache2_workflow] UserDir module already loaded.
[apache2_workflow] Configs to UserDir already exist.
[apache2_workflow] public_html directory already exists in /home/ec2-user.
[apache2_workflow] Creating a simple webpage...
[apache2_workflow] Moving webpage to Apache HTTP Server user website folder...
[apache2_workflow] Page moved successfully!
2024-10-11 05:05:18.847494189 [executor] Finished!

2024-10-11 05:05:18,849 INFO - ContAudITWrapper#73 - Running post-command actions...
2024-10-11 05:05:18,849 INFO - ContAudITWrapper#73 - Analyzing current environment state...
2024-10-11 05:05:18,907 INFO - ContAudITWrapper#73 - Saving current environment state...
2024-10-11 05:05:18,907 INFO - ContAudITWrapper#73 - Environment state hash: a7ffc6f8bf1ed76651c14756a061d662f580ff4de43b49fa82d80a4b80f8434a
2024-10-11 05:05:18,908 INFO - ContAudITWrapper#73 - Checking environment diff...
2024-10-11 05:05:19,012 INFO - ContAudITWrapper#73 - Environment diff: 
2024-10-11 05:05:19,013 INFO - ContAudITWrapper#73 - Cleaning temporary files...
2024-10-11 05:05:19,186 INFO - ContAudITWrapper#73 - Sending to blockchain...
2024-10-11 05:05:31,985 INFO - ContAudITWrapper#73 - Response 
2024-10-11 05:05:31,986 INFO - ContAudITWrapper#73 - Finishing ContAudIT Wrapper...
