2024-10-11 05:03:13,653 INFO - ContAudITWrapper#20 - Initializing ContAudIT Wrapper...
2024-10-11 05:03:13,858 INFO - ContAudITWrapper#20 - Current directory: /home/ec2-user/Code/ufrgs-poc/contaudit-wrapper.jar
2024-10-11 05:03:39,174 INFO - ContAudITWrapper#20 - Wrapper hash: b7519188ed863d76e5199a8d880bb968bdf9124fad53b871583787e123a7a764
2024-10-11 05:03:39,316 INFO - ContAudITWrapper#20 - Validating Wrapper...
2024-10-11 05:04:47,254 INFO - ContAudITWrapper#20 - Response true
2024-10-11 05:04:47,478 INFO - ContAudITWrapper#20 - Application hash: e36ee2d35f8c4c41bd358782dfb3ac8852b40439d350ff27616f0c18819ce9bf
2024-10-11 05:04:47,479 INFO - ContAudITWrapper#20 - Validating Application...
2024-10-11 05:05:02,873 INFO - ContAudITWrapper#20 - Response true
2024-10-11 05:05:02,880 INFO - ContAudITWrapper#20 - Artifact apache2.workflow hash: bdb4cee855e21446b6ae53ddcb76a1632ef8c4545b5db0517e01ffd552157f6e
2024-10-11 05:05:02,979 INFO - ContAudITWrapper#20 - Validating Artifact...
2024-10-11 05:05:15,371 INFO - ContAudITWrapper#20 - Response true
2024-10-11 05:05:15,384 INFO - ContAudITWrapper#20 - Running pre-command actions...
2024-10-11 05:05:15,385 INFO - ContAudITWrapper#20 - Analyzing current environment state...
2024-10-11 05:05:15,564 INFO - ContAudITWrapper#20 - Saving current environment state...
2024-10-11 05:05:15,565 INFO - ContAudITWrapper#20 - Environment state hash: a7ffc6f8bf1ed76651c14756a061d662f580ff4de43b49fa82d80a4b80f8434a
2024-10-11 05:05:15,566 INFO - ContAudITWrapper#20 - Executing command...
2024-10-11 05:05:17,221 INFO - ContAudITWrapper#20 - Command output: 
2024-10-11 05:05:15.689824284 [executor] Initializing the workflow...
[apache2_workflow] Apache HTTP Server already installed.
[apache2_workflow] UserDir module already loaded.
[apache2_workflow] Configs to UserDir already exist.
[apache2_workflow] public_html directory already exists in /home/ec2-user.
[apache2_workflow] Creating a simple webpage...
[apache2_workflow] Moving webpage to Apache HTTP Server user website folder...
[apache2_workflow] Page moved successfully!
2024-10-11 05:05:17.219195343 [executor] Finished!

2024-10-11 05:05:17,222 INFO - ContAudITWrapper#20 - Running post-command actions...
2024-10-11 05:05:17,222 INFO - ContAudITWrapper#20 - Analyzing current environment state...
2024-10-11 05:05:17,386 INFO - ContAudITWrapper#20 - Saving current environment state...
2024-10-11 05:05:17,386 INFO - ContAudITWrapper#20 - Environment state hash: a7ffc6f8bf1ed76651c14756a061d662f580ff4de43b49fa82d80a4b80f8434a
2024-10-11 05:05:17,387 INFO - ContAudITWrapper#20 - Checking environment diff...
2024-10-11 05:05:17,473 INFO - ContAudITWrapper#20 - Environment diff: 
2024-10-11 05:05:17,473 INFO - ContAudITWrapper#20 - Cleaning temporary files...
2024-10-11 05:05:17,588 INFO - ContAudITWrapper#20 - Sending to blockchain...
2024-10-11 05:05:29,833 INFO - ContAudITWrapper#20 - Response 
2024-10-11 05:05:29,836 INFO - ContAudITWrapper#20 - Finishing ContAudIT Wrapper...
