2024-10-11 05:00:48,616 INFO - ContAudITWrapper#52 - Initializing ContAudIT Wrapper...
2024-10-11 05:00:48,880 INFO - ContAudITWrapper#52 - Current directory: /home/ec2-user/Code/ufrgs-poc/contaudit-wrapper.jar
2024-10-11 05:01:13,328 INFO - ContAudITWrapper#52 - Wrapper hash: b7519188ed863d76e5199a8d880bb968bdf9124fad53b871583787e123a7a764
2024-10-11 05:01:13,414 INFO - ContAudITWrapper#52 - Validating Wrapper...
2024-10-11 05:02:23,098 INFO - ContAudITWrapper#52 - Response true
2024-10-11 05:02:23,405 INFO - ContAudITWrapper#52 - Application hash: e36ee2d35f8c4c41bd358782dfb3ac8852b40439d350ff27616f0c18819ce9bf
2024-10-11 05:02:23,411 INFO - ContAudITWrapper#52 - Validating Application...
2024-10-11 05:02:39,499 INFO - ContAudITWrapper#52 - Response true
2024-10-11 05:02:39,505 INFO - ContAudITWrapper#52 - Artifact apache2.workflow hash: bdb4cee855e21446b6ae53ddcb76a1632ef8c4545b5db0517e01ffd552157f6e
2024-10-11 05:02:39,520 INFO - ContAudITWrapper#52 - Validating Artifact...
2024-10-11 05:02:52,770 INFO - ContAudITWrapper#52 - Response true
2024-10-11 05:02:52,783 INFO - ContAudITWrapper#52 - Running pre-command actions...
2024-10-11 05:02:52,785 INFO - ContAudITWrapper#52 - Analyzing current environment state...
2024-10-11 05:02:52,917 INFO - ContAudITWrapper#52 - Saving current environment state...
2024-10-11 05:02:52,918 INFO - ContAudITWrapper#52 - Environment state hash: a7ffc6f8bf1ed76651c14756a061d662f580ff4de43b49fa82d80a4b80f8434a
2024-10-11 05:02:52,919 INFO - ContAudITWrapper#52 - Executing command...
2024-10-11 05:02:54,707 INFO - ContAudITWrapper#52 - Command output: 
2024-10-11 05:02:53.136296494 [executor] Initializing the workflow...
[apache2_workflow] Apache HTTP Server already installed.
[apache2_workflow] UserDir module already loaded.
[apache2_workflow] Configs to UserDir already exist.
[apache2_workflow] public_html directory already exists in /home/ec2-user.
[apache2_workflow] Creating a simple webpage...
[apache2_workflow] Moving webpage to Apache HTTP Server user website folder...
[apache2_workflow] Page moved successfully!
2024-10-11 05:02:54.706102964 [executor] Finished!

2024-10-11 05:02:54,707 INFO - ContAudITWrapper#52 - Running post-command actions...
2024-10-11 05:02:54,707 INFO - ContAudITWrapper#52 - Analyzing current environment state...
2024-10-11 05:02:54,954 INFO - ContAudITWrapper#52 - Saving current environment state...
2024-10-11 05:02:54,955 INFO - ContAudITWrapper#52 - Environment state hash: a7ffc6f8bf1ed76651c14756a061d662f580ff4de43b49fa82d80a4b80f8434a
2024-10-11 05:02:54,955 INFO - ContAudITWrapper#52 - Checking environment diff...
2024-10-11 05:02:55,105 INFO - ContAudITWrapper#52 - Environment diff: 
2024-10-11 05:02:55,105 INFO - ContAudITWrapper#52 - Cleaning temporary files...
2024-10-11 05:02:55,252 INFO - ContAudITWrapper#52 - Sending to blockchain...
2024-10-11 05:03:04,274 INFO - ContAudITWrapper#52 - Response 
2024-10-11 05:03:04,276 INFO - ContAudITWrapper#52 - Finishing ContAudIT Wrapper...
