2024-10-11 05:00:50,452 INFO - ContAudITWrapper#82 - Initializing ContAudIT Wrapper...
2024-10-11 05:00:50,681 INFO - ContAudITWrapper#82 - Current directory: /home/ec2-user/Code/ufrgs-poc/contaudit-wrapper.jar
2024-10-11 05:01:13,955 INFO - ContAudITWrapper#82 - Wrapper hash: b7519188ed863d76e5199a8d880bb968bdf9124fad53b871583787e123a7a764
2024-10-11 05:01:14,083 INFO - ContAudITWrapper#82 - Validating Wrapper...
2024-10-11 05:02:26,810 INFO - ContAudITWrapper#82 - Response true
2024-10-11 05:02:27,030 INFO - ContAudITWrapper#82 - Application hash: e36ee2d35f8c4c41bd358782dfb3ac8852b40439d350ff27616f0c18819ce9bf
2024-10-11 05:02:27,031 INFO - ContAudITWrapper#82 - Validating Application...
2024-10-11 05:02:43,166 INFO - ContAudITWrapper#82 - Response true
2024-10-11 05:02:43,192 INFO - ContAudITWrapper#82 - Artifact apache2.workflow hash: bdb4cee855e21446b6ae53ddcb76a1632ef8c4545b5db0517e01ffd552157f6e
2024-10-11 05:02:43,230 INFO - ContAudITWrapper#82 - Validating Artifact...
2024-10-11 05:02:52,731 INFO - ContAudITWrapper#82 - Response true
2024-10-11 05:02:52,769 INFO - ContAudITWrapper#82 - Running pre-command actions...
2024-10-11 05:02:52,774 INFO - ContAudITWrapper#82 - Analyzing current environment state...
2024-10-11 05:02:52,885 INFO - ContAudITWrapper#82 - Saving current environment state...
2024-10-11 05:02:52,886 INFO - ContAudITWrapper#82 - Environment state hash: a7ffc6f8bf1ed76651c14756a061d662f580ff4de43b49fa82d80a4b80f8434a
2024-10-11 05:02:52,886 INFO - ContAudITWrapper#82 - Executing command...
2024-10-11 05:02:54,216 INFO - ContAudITWrapper#82 - Command output: 
2024-10-11 05:02:53.040876910 [executor] Initializing the workflow...
[apache2_workflow] Apache HTTP Server already installed.
[apache2_workflow] UserDir module already loaded.
[apache2_workflow] Configs to UserDir already exist.
[apache2_workflow] public_html directory already exists in /home/ec2-user.
[apache2_workflow] Creating a simple webpage...
[apache2_workflow] Moving webpage to Apache HTTP Server user website folder...
[apache2_workflow] Page moved successfully!
2024-10-11 05:02:54.215479310 [executor] Finished!

2024-10-11 05:02:54,216 INFO - ContAudITWrapper#82 - Running post-command actions...
2024-10-11 05:02:54,217 INFO - ContAudITWrapper#82 - Analyzing current environment state...
2024-10-11 05:02:54,353 INFO - ContAudITWrapper#82 - Saving current environment state...
2024-10-11 05:02:54,354 INFO - ContAudITWrapper#82 - Environment state hash: a7ffc6f8bf1ed76651c14756a061d662f580ff4de43b49fa82d80a4b80f8434a
2024-10-11 05:02:54,354 INFO - ContAudITWrapper#82 - Checking environment diff...
2024-10-11 05:02:54,427 INFO - ContAudITWrapper#82 - Environment diff: 
2024-10-11 05:02:54,428 INFO - ContAudITWrapper#82 - Cleaning temporary files...
2024-10-11 05:02:54,521 INFO - ContAudITWrapper#82 - Sending to blockchain...
2024-10-11 05:03:05,194 INFO - ContAudITWrapper#82 - Response 
2024-10-11 05:03:05,195 INFO - ContAudITWrapper#82 - Finishing ContAudIT Wrapper...
