2024-10-11 05:00:50,197 INFO - ContAudITWrapper#37 - Initializing ContAudIT Wrapper...
2024-10-11 05:00:50,467 INFO - ContAudITWrapper#37 - Current directory: /home/ec2-user/Code/ufrgs-poc/contaudit-wrapper.jar
2024-10-11 05:01:13,142 INFO - ContAudITWrapper#37 - Wrapper hash: b7519188ed863d76e5199a8d880bb968bdf9124fad53b871583787e123a7a764
2024-10-11 05:01:13,207 INFO - ContAudITWrapper#37 - Validating Wrapper...
2024-10-11 05:02:23,966 INFO - ContAudITWrapper#37 - Response true
2024-10-11 05:02:24,144 INFO - ContAudITWrapper#37 - Application hash: e36ee2d35f8c4c41bd358782dfb3ac8852b40439d350ff27616f0c18819ce9bf
2024-10-11 05:02:24,145 INFO - ContAudITWrapper#37 - Validating Application...
2024-10-11 05:02:41,725 INFO - ContAudITWrapper#37 - Response true
2024-10-11 05:02:41,727 INFO - ContAudITWrapper#37 - Artifact apache2.workflow hash: bdb4cee855e21446b6ae53ddcb76a1632ef8c4545b5db0517e01ffd552157f6e
2024-10-11 05:02:41,742 INFO - ContAudITWrapper#37 - Validating Artifact...
2024-10-11 05:02:53,207 INFO - ContAudITWrapper#37 - Response true
2024-10-11 05:02:53,224 INFO - ContAudITWrapper#37 - Running pre-command actions...
2024-10-11 05:02:53,226 INFO - ContAudITWrapper#37 - Analyzing current environment state...
2024-10-11 05:02:53,453 INFO - ContAudITWrapper#37 - Saving current environment state...
2024-10-11 05:02:53,454 INFO - ContAudITWrapper#37 - Environment state hash: a7ffc6f8bf1ed76651c14756a061d662f580ff4de43b49fa82d80a4b80f8434a
2024-10-11 05:02:53,455 INFO - ContAudITWrapper#37 - Executing command...
2024-10-11 05:02:55,460 INFO - ContAudITWrapper#37 - Command output: 
2024-10-11 05:02:53.670733401 [executor] Initializing the workflow...
[apache2_workflow] Apache HTTP Server already installed.
[apache2_workflow] UserDir module already loaded.
[apache2_workflow] Configs to UserDir already exist.
[apache2_workflow] public_html directory already exists in /home/ec2-user.
[apache2_workflow] Creating a simple webpage...
[apache2_workflow] Moving webpage to Apache HTTP Server user website folder...
[apache2_workflow] Page moved successfully!
2024-10-11 05:02:55.452031648 [executor] Finished!

2024-10-11 05:02:55,461 INFO - ContAudITWrapper#37 - Running post-command actions...
2024-10-11 05:02:55,461 INFO - ContAudITWrapper#37 - Analyzing current environment state...
2024-10-11 05:02:55,668 INFO - ContAudITWrapper#37 - Saving current environment state...
2024-10-11 05:02:55,669 INFO - ContAudITWrapper#37 - Environment state hash: a7ffc6f8bf1ed76651c14756a061d662f580ff4de43b49fa82d80a4b80f8434a
2024-10-11 05:02:55,669 INFO - ContAudITWrapper#37 - Checking environment diff...
2024-10-11 05:02:55,688 INFO - ContAudITWrapper#37 - Environment diff: 
2024-10-11 05:02:55,689 INFO - ContAudITWrapper#37 - Cleaning temporary files...
2024-10-11 05:02:55,769 INFO - ContAudITWrapper#37 - Sending to blockchain...
2024-10-11 05:03:05,771 INFO - ContAudITWrapper#37 - Response 
2024-10-11 05:03:05,772 INFO - ContAudITWrapper#37 - Finishing ContAudIT Wrapper...
