2024-10-11 05:00:49,991 INFO - ContAudITWrapper#6 - Initializing ContAudIT Wrapper...
2024-10-11 05:00:50,272 INFO - ContAudITWrapper#6 - Current directory: /home/ec2-user/Code/ufrgs-poc/contaudit-wrapper.jar
2024-10-11 05:01:11,529 INFO - ContAudITWrapper#6 - Wrapper hash: b7519188ed863d76e5199a8d880bb968bdf9124fad53b871583787e123a7a764
2024-10-11 05:01:11,539 INFO - ContAudITWrapper#6 - Validating Wrapper...
2024-10-11 05:02:18,027 INFO - ContAudITWrapper#6 - Response true
2024-10-11 05:02:18,273 INFO - ContAudITWrapper#6 - Application hash: e36ee2d35f8c4c41bd358782dfb3ac8852b40439d350ff27616f0c18819ce9bf
2024-10-11 05:02:18,274 INFO - ContAudITWrapper#6 - Validating Application...
2024-10-11 05:02:34,271 INFO - ContAudITWrapper#6 - Response true
2024-10-11 05:02:34,279 INFO - ContAudITWrapper#6 - Artifact apache2.workflow hash: bdb4cee855e21446b6ae53ddcb76a1632ef8c4545b5db0517e01ffd552157f6e
2024-10-11 05:02:34,378 INFO - ContAudITWrapper#6 - Validating Artifact...
2024-10-11 05:02:47,151 INFO - ContAudITWrapper#6 - Response true
2024-10-11 05:02:47,267 INFO - ContAudITWrapper#6 - Running pre-command actions...
2024-10-11 05:02:47,268 INFO - ContAudITWrapper#6 - Analyzing current environment state...
2024-10-11 05:02:47,382 INFO - ContAudITWrapper#6 - Saving current environment state...
2024-10-11 05:02:47,383 INFO - ContAudITWrapper#6 - Environment state hash: a7ffc6f8bf1ed76651c14756a061d662f580ff4de43b49fa82d80a4b80f8434a
2024-10-11 05:02:47,383 INFO - ContAudITWrapper#6 - Executing command...
2024-10-11 05:02:48,753 INFO - ContAudITWrapper#6 - Command output: 
2024-10-11 05:02:47.542201926 [executor] Initializing the workflow...
[apache2_workflow] Apache HTTP Server already installed.
[apache2_workflow] UserDir module already loaded.
[apache2_workflow] Configs to UserDir already exist.
[apache2_workflow] public_html directory already exists in /home/ec2-user.
[apache2_workflow] Creating a simple webpage...
[apache2_workflow] Moving webpage to Apache HTTP Server user website folder...
[apache2_workflow] Page moved successfully!
2024-10-11 05:02:48.751489213 [executor] Finished!

2024-10-11 05:02:48,754 INFO - ContAudITWrapper#6 - Running post-command actions...
2024-10-11 05:02:48,754 INFO - ContAudITWrapper#6 - Analyzing current environment state...
2024-10-11 05:02:48,854 INFO - ContAudITWrapper#6 - Saving current environment state...
2024-10-11 05:02:48,855 INFO - ContAudITWrapper#6 - Environment state hash: a7ffc6f8bf1ed76651c14756a061d662f580ff4de43b49fa82d80a4b80f8434a
2024-10-11 05:02:48,855 INFO - ContAudITWrapper#6 - Checking environment diff...
2024-10-11 05:02:48,951 INFO - ContAudITWrapper#6 - Environment diff: 
2024-10-11 05:02:48,952 INFO - ContAudITWrapper#6 - Cleaning temporary files...
2024-10-11 05:02:49,122 INFO - ContAudITWrapper#6 - Sending to blockchain...
2024-10-11 05:03:04,620 INFO - ContAudITWrapper#6 - Response 
2024-10-11 05:03:04,622 INFO - ContAudITWrapper#6 - Finishing ContAudIT Wrapper...
