2024-10-11 05:00:49,508 INFO - ContAudITWrapper#100 - Initializing ContAudIT Wrapper...
2024-10-11 05:00:49,799 INFO - ContAudITWrapper#100 - Current directory: /home/ec2-user/Code/ufrgs-poc/contaudit-wrapper.jar
2024-10-11 05:01:11,759 INFO - ContAudITWrapper#100 - Wrapper hash: b7519188ed863d76e5199a8d880bb968bdf9124fad53b871583787e123a7a764
2024-10-11 05:01:11,767 INFO - ContAudITWrapper#100 - Validating Wrapper...
2024-10-11 05:02:19,177 INFO - ContAudITWrapper#100 - Response true
2024-10-11 05:02:19,396 INFO - ContAudITWrapper#100 - Application hash: e36ee2d35f8c4c41bd358782dfb3ac8852b40439d350ff27616f0c18819ce9bf
2024-10-11 05:02:19,446 INFO - ContAudITWrapper#100 - Validating Application...
2024-10-11 05:02:34,392 INFO - ContAudITWrapper#100 - Response true
2024-10-11 05:02:34,411 INFO - ContAudITWrapper#100 - Artifact apache2.workflow hash: bdb4cee855e21446b6ae53ddcb76a1632ef8c4545b5db0517e01ffd552157f6e
2024-10-11 05:02:34,466 INFO - ContAudITWrapper#100 - Validating Artifact...
2024-10-11 05:02:48,566 INFO - ContAudITWrapper#100 - Response true
2024-10-11 05:02:48,616 INFO - ContAudITWrapper#100 - Running pre-command actions...
2024-10-11 05:02:48,617 INFO - ContAudITWrapper#100 - Analyzing current environment state...
2024-10-11 05:02:48,707 INFO - ContAudITWrapper#100 - Saving current environment state...
2024-10-11 05:02:48,708 INFO - ContAudITWrapper#100 - Environment state hash: a7ffc6f8bf1ed76651c14756a061d662f580ff4de43b49fa82d80a4b80f8434a
2024-10-11 05:02:48,708 INFO - ContAudITWrapper#100 - Executing command...
2024-10-11 05:02:50,812 INFO - ContAudITWrapper#100 - Command output: 
2024-10-11 05:02:48.863697272 [executor] Initializing the workflow...
[apache2_workflow] Apache HTTP Server already installed.
[apache2_workflow] UserDir module already loaded.
[apache2_workflow] Configs to UserDir already exist.
[apache2_workflow] public_html directory already exists in /home/ec2-user.
[apache2_workflow] Creating a simple webpage...
[apache2_workflow] Moving webpage to Apache HTTP Server user website folder...
[apache2_workflow] Page moved successfully!
2024-10-11 05:02:50.811089119 [executor] Finished!

2024-10-11 05:02:50,812 INFO - ContAudITWrapper#100 - Running post-command actions...
2024-10-11 05:02:50,812 INFO - ContAudITWrapper#100 - Analyzing current environment state...
2024-10-11 05:02:50,892 INFO - ContAudITWrapper#100 - Saving current environment state...
2024-10-11 05:02:50,893 INFO - ContAudITWrapper#100 - Environment state hash: a7ffc6f8bf1ed76651c14756a061d662f580ff4de43b49fa82d80a4b80f8434a
2024-10-11 05:02:50,893 INFO - ContAudITWrapper#100 - Checking environment diff...
2024-10-11 05:02:50,934 INFO - ContAudITWrapper#100 - Environment diff: 
2024-10-11 05:02:50,935 INFO - ContAudITWrapper#100 - Cleaning temporary files...
2024-10-11 05:02:50,986 INFO - ContAudITWrapper#100 - Sending to blockchain...
2024-10-11 05:03:01,369 INFO - ContAudITWrapper#100 - Response 
2024-10-11 05:03:01,371 INFO - ContAudITWrapper#100 - Finishing ContAudIT Wrapper...
