2024-10-11 05:00:49,481 INFO - ContAudITWrapper#86 - Initializing ContAudIT Wrapper...
2024-10-11 05:00:49,729 INFO - ContAudITWrapper#86 - Current directory: /home/ec2-user/Code/ufrgs-poc/contaudit-wrapper.jar
2024-10-11 05:01:14,986 INFO - ContAudITWrapper#86 - Wrapper hash: b7519188ed863d76e5199a8d880bb968bdf9124fad53b871583787e123a7a764
2024-10-11 05:01:15,036 INFO - ContAudITWrapper#86 - Validating Wrapper...
2024-10-11 05:02:26,362 INFO - ContAudITWrapper#86 - Response true
2024-10-11 05:02:26,567 INFO - ContAudITWrapper#86 - Application hash: e36ee2d35f8c4c41bd358782dfb3ac8852b40439d350ff27616f0c18819ce9bf
2024-10-11 05:02:26,568 INFO - ContAudITWrapper#86 - Validating Application...
2024-10-11 05:02:40,473 INFO - ContAudITWrapper#86 - Response true
2024-10-11 05:02:40,499 INFO - ContAudITWrapper#86 - Artifact apache2.workflow hash: bdb4cee855e21446b6ae53ddcb76a1632ef8c4545b5db0517e01ffd552157f6e
2024-10-11 05:02:40,557 INFO - ContAudITWrapper#86 - Validating Artifact...
2024-10-11 05:02:50,609 INFO - ContAudITWrapper#86 - Response true
2024-10-11 05:02:50,616 INFO - ContAudITWrapper#86 - Running pre-command actions...
2024-10-11 05:02:50,617 INFO - ContAudITWrapper#86 - Analyzing current environment state...
2024-10-11 05:02:50,842 INFO - ContAudITWrapper#86 - Saving current environment state...
2024-10-11 05:02:50,843 INFO - ContAudITWrapper#86 - Environment state hash: a7ffc6f8bf1ed76651c14756a061d662f580ff4de43b49fa82d80a4b80f8434a
2024-10-11 05:02:50,843 INFO - ContAudITWrapper#86 - Executing command...
2024-10-11 05:02:51,992 INFO - ContAudITWrapper#86 - Command output: 
2024-10-11 05:02:50.989026730 [executor] Initializing the workflow...
[apache2_workflow] Apache HTTP Server already installed.
[apache2_workflow] UserDir module already loaded.
[apache2_workflow] Configs to UserDir already exist.
[apache2_workflow] public_html directory already exists in /home/ec2-user.
[apache2_workflow] Creating a simple webpage...
[apache2_workflow] Moving webpage to Apache HTTP Server user website folder...
[apache2_workflow] Page moved successfully!
2024-10-11 05:02:51.985448277 [executor] Finished!

2024-10-11 05:02:51,993 INFO - ContAudITWrapper#86 - Running post-command actions...
2024-10-11 05:02:51,993 INFO - ContAudITWrapper#86 - Analyzing current environment state...
2024-10-11 05:02:52,091 INFO - ContAudITWrapper#86 - Saving current environment state...
2024-10-11 05:02:52,091 INFO - ContAudITWrapper#86 - Environment state hash: a7ffc6f8bf1ed76651c14756a061d662f580ff4de43b49fa82d80a4b80f8434a
2024-10-11 05:02:52,091 INFO - ContAudITWrapper#86 - Checking environment diff...
2024-10-11 05:02:52,221 INFO - ContAudITWrapper#86 - Environment diff: 
2024-10-11 05:02:52,221 INFO - ContAudITWrapper#86 - Cleaning temporary files...
2024-10-11 05:02:52,363 INFO - ContAudITWrapper#86 - Sending to blockchain...
2024-10-11 05:03:05,434 INFO - ContAudITWrapper#86 - Response 
2024-10-11 05:03:05,435 INFO - ContAudITWrapper#86 - Finishing ContAudIT Wrapper...
