2024-10-11 05:00:49,677 INFO - ContAudITWrapper#66 - Initializing ContAudIT Wrapper...
2024-10-11 05:00:49,794 INFO - ContAudITWrapper#66 - Current directory: /home/ec2-user/Code/ufrgs-poc/contaudit-wrapper.jar
2024-10-11 05:01:13,097 INFO - ContAudITWrapper#66 - Wrapper hash: b7519188ed863d76e5199a8d880bb968bdf9124fad53b871583787e123a7a764
2024-10-11 05:01:13,174 INFO - ContAudITWrapper#66 - Validating Wrapper...
2024-10-11 05:02:21,292 INFO - ContAudITWrapper#66 - Response true
2024-10-11 05:02:21,438 INFO - ContAudITWrapper#66 - Application hash: e36ee2d35f8c4c41bd358782dfb3ac8852b40439d350ff27616f0c18819ce9bf
2024-10-11 05:02:21,439 INFO - ContAudITWrapper#66 - Validating Application...
2024-10-11 05:02:33,266 INFO - ContAudITWrapper#66 - Response true
2024-10-11 05:02:33,273 INFO - ContAudITWrapper#66 - Artifact apache2.workflow hash: bdb4cee855e21446b6ae53ddcb76a1632ef8c4545b5db0517e01ffd552157f6e
2024-10-11 05:02:33,343 INFO - ContAudITWrapper#66 - Validating Artifact...
2024-10-11 05:02:48,025 INFO - ContAudITWrapper#66 - Response true
2024-10-11 05:02:48,030 INFO - ContAudITWrapper#66 - Running pre-command actions...
2024-10-11 05:02:48,031 INFO - ContAudITWrapper#66 - Analyzing current environment state...
2024-10-11 05:02:48,178 INFO - ContAudITWrapper#66 - Saving current environment state...
2024-10-11 05:02:48,178 INFO - ContAudITWrapper#66 - Environment state hash: a7ffc6f8bf1ed76651c14756a061d662f580ff4de43b49fa82d80a4b80f8434a
2024-10-11 05:02:48,179 INFO - ContAudITWrapper#66 - Executing command...
2024-10-11 05:02:49,021 INFO - ContAudITWrapper#66 - Command output: 
2024-10-11 05:02:48.263115037 [executor] Initializing the workflow...
[apache2_workflow] Apache HTTP Server already installed.
[apache2_workflow] UserDir module already loaded.
[apache2_workflow] Configs to UserDir already exist.
[apache2_workflow] public_html directory already exists in /home/ec2-user.
[apache2_workflow] Creating a simple webpage...
[apache2_workflow] Moving webpage to Apache HTTP Server user website folder...
[apache2_workflow] Page moved successfully!
2024-10-11 05:02:49.014530271 [executor] Finished!

2024-10-11 05:02:49,022 INFO - ContAudITWrapper#66 - Running post-command actions...
2024-10-11 05:02:49,022 INFO - ContAudITWrapper#66 - Analyzing current environment state...
2024-10-11 05:02:49,199 INFO - ContAudITWrapper#66 - Saving current environment state...
2024-10-11 05:02:49,199 INFO - ContAudITWrapper#66 - Environment state hash: a7ffc6f8bf1ed76651c14756a061d662f580ff4de43b49fa82d80a4b80f8434a
2024-10-11 05:02:49,200 INFO - ContAudITWrapper#66 - Checking environment diff...
2024-10-11 05:02:49,249 INFO - ContAudITWrapper#66 - Environment diff: 
2024-10-11 05:02:49,249 INFO - ContAudITWrapper#66 - Cleaning temporary files...
2024-10-11 05:02:49,332 INFO - ContAudITWrapper#66 - Sending to blockchain...
2024-10-11 05:03:03,050 INFO - ContAudITWrapper#66 - Response 
2024-10-11 05:03:03,052 INFO - ContAudITWrapper#66 - Finishing ContAudIT Wrapper...
