2024-10-11 05:00:48,907 INFO - ContAudITWrapper#49 - Initializing ContAudIT Wrapper...
2024-10-11 05:00:48,989 INFO - ContAudITWrapper#49 - Current directory: /home/ec2-user/Code/ufrgs-poc/contaudit-wrapper.jar
2024-10-11 05:01:11,560 INFO - ContAudITWrapper#49 - Wrapper hash: b7519188ed863d76e5199a8d880bb968bdf9124fad53b871583787e123a7a764
2024-10-11 05:01:11,569 INFO - ContAudITWrapper#49 - Validating Wrapper...
2024-10-11 05:02:16,182 INFO - ContAudITWrapper#49 - Response true
2024-10-11 05:02:16,353 INFO - ContAudITWrapper#49 - Application hash: e36ee2d35f8c4c41bd358782dfb3ac8852b40439d350ff27616f0c18819ce9bf
2024-10-11 05:02:16,381 INFO - ContAudITWrapper#49 - Validating Application...
2024-10-11 05:02:30,499 INFO - ContAudITWrapper#49 - Response true
2024-10-11 05:02:30,505 INFO - ContAudITWrapper#49 - Artifact apache2.workflow hash: bdb4cee855e21446b6ae53ddcb76a1632ef8c4545b5db0517e01ffd552157f6e
2024-10-11 05:02:30,518 INFO - ContAudITWrapper#49 - Validating Artifact...
2024-10-11 05:02:41,030 INFO - ContAudITWrapper#49 - Response true
2024-10-11 05:02:41,043 INFO - ContAudITWrapper#49 - Running pre-command actions...
2024-10-11 05:02:41,044 INFO - ContAudITWrapper#49 - Analyzing current environment state...
2024-10-11 05:02:41,187 INFO - ContAudITWrapper#49 - Saving current environment state...
2024-10-11 05:02:41,188 INFO - ContAudITWrapper#49 - Environment state hash: a7ffc6f8bf1ed76651c14756a061d662f580ff4de43b49fa82d80a4b80f8434a
2024-10-11 05:02:41,189 INFO - ContAudITWrapper#49 - Executing command...
2024-10-11 05:02:42,889 INFO - ContAudITWrapper#49 - Command output: 
2024-10-11 05:02:41.422134866 [executor] Initializing the workflow...
[apache2_workflow] Apache HTTP Server already installed.
[apache2_workflow] UserDir module already loaded.
[apache2_workflow] Configs to UserDir already exist.
[apache2_workflow] public_html directory already exists in /home/ec2-user.
[apache2_workflow] Creating a simple webpage...
[apache2_workflow] Moving webpage to Apache HTTP Server user website folder...
[apache2_workflow] Page moved successfully!
2024-10-11 05:02:42.888125698 [executor] Finished!

2024-10-11 05:02:42,889 INFO - ContAudITWrapper#49 - Running post-command actions...
2024-10-11 05:02:42,889 INFO - ContAudITWrapper#49 - Analyzing current environment state...
2024-10-11 05:02:43,003 INFO - ContAudITWrapper#49 - Saving current environment state...
2024-10-11 05:02:43,005 INFO - ContAudITWrapper#49 - Environment state hash: a7ffc6f8bf1ed76651c14756a061d662f580ff4de43b49fa82d80a4b80f8434a
2024-10-11 05:02:43,005 INFO - ContAudITWrapper#49 - Checking environment diff...
2024-10-11 05:02:43,102 INFO - ContAudITWrapper#49 - Environment diff: 
2024-10-11 05:02:43,103 INFO - ContAudITWrapper#49 - Cleaning temporary files...
2024-10-11 05:02:43,161 INFO - ContAudITWrapper#49 - Sending to blockchain...
2024-10-11 05:02:53,211 INFO - ContAudITWrapper#49 - Response 
2024-10-11 05:02:53,218 INFO - ContAudITWrapper#49 - Finishing ContAudIT Wrapper...
