2024-10-11 05:00:49,381 INFO - ContAudITWrapper#26 - Initializing ContAudIT Wrapper...
2024-10-11 05:00:49,589 INFO - ContAudITWrapper#26 - Current directory: /home/ec2-user/Code/ufrgs-poc/contaudit-wrapper.jar
2024-10-11 05:01:13,746 INFO - ContAudITWrapper#26 - Wrapper hash: b7519188ed863d76e5199a8d880bb968bdf9124fad53b871583787e123a7a764
2024-10-11 05:01:13,825 INFO - ContAudITWrapper#26 - Validating Wrapper...
2024-10-11 05:02:27,834 INFO - ContAudITWrapper#26 - Response true
2024-10-11 05:02:28,068 INFO - ContAudITWrapper#26 - Application hash: e36ee2d35f8c4c41bd358782dfb3ac8852b40439d350ff27616f0c18819ce9bf
2024-10-11 05:02:28,069 INFO - ContAudITWrapper#26 - Validating Application...
2024-10-11 05:02:39,736 INFO - ContAudITWrapper#26 - Response true
2024-10-11 05:02:39,748 INFO - ContAudITWrapper#26 - Artifact apache2.workflow hash: bdb4cee855e21446b6ae53ddcb76a1632ef8c4545b5db0517e01ffd552157f6e
2024-10-11 05:02:39,796 INFO - ContAudITWrapper#26 - Validating Artifact...
2024-10-11 05:02:50,322 INFO - ContAudITWrapper#26 - Response true
2024-10-11 05:02:50,377 INFO - ContAudITWrapper#26 - Running pre-command actions...
2024-10-11 05:02:50,378 INFO - ContAudITWrapper#26 - Analyzing current environment state...
2024-10-11 05:02:50,530 INFO - ContAudITWrapper#26 - Saving current environment state...
2024-10-11 05:02:50,531 INFO - ContAudITWrapper#26 - Environment state hash: a7ffc6f8bf1ed76651c14756a061d662f580ff4de43b49fa82d80a4b80f8434a
2024-10-11 05:02:50,532 INFO - ContAudITWrapper#26 - Executing command...
2024-10-11 05:02:52,357 INFO - ContAudITWrapper#26 - Command output: 
2024-10-11 05:02:50.722101945 [executor] Initializing the workflow...
[apache2_workflow] Apache HTTP Server already installed.
[apache2_workflow] UserDir module already loaded.
[apache2_workflow] Configs to UserDir already exist.
[apache2_workflow] public_html directory already exists in /home/ec2-user.
[apache2_workflow] Creating a simple webpage...
[apache2_workflow] Moving webpage to Apache HTTP Server user website folder...
[apache2_workflow] Page moved successfully!
2024-10-11 05:02:52.356164762 [executor] Finished!

2024-10-11 05:02:52,357 INFO - ContAudITWrapper#26 - Running post-command actions...
2024-10-11 05:02:52,357 INFO - ContAudITWrapper#26 - Analyzing current environment state...
2024-10-11 05:02:52,503 INFO - ContAudITWrapper#26 - Saving current environment state...
2024-10-11 05:02:52,504 INFO - ContAudITWrapper#26 - Environment state hash: a7ffc6f8bf1ed76651c14756a061d662f580ff4de43b49fa82d80a4b80f8434a
2024-10-11 05:02:52,504 INFO - ContAudITWrapper#26 - Checking environment diff...
2024-10-11 05:02:52,681 INFO - ContAudITWrapper#26 - Environment diff: 
2024-10-11 05:02:52,681 INFO - ContAudITWrapper#26 - Cleaning temporary files...
2024-10-11 05:02:52,805 INFO - ContAudITWrapper#26 - Sending to blockchain...
2024-10-11 05:03:04,993 INFO - ContAudITWrapper#26 - Response 
2024-10-11 05:03:04,995 INFO - ContAudITWrapper#26 - Finishing ContAudIT Wrapper...
