2024-10-11 05:00:49,589 INFO - ContAudITWrapper#20 - Initializing ContAudIT Wrapper...
2024-10-11 05:00:49,808 INFO - ContAudITWrapper#20 - Current directory: /home/ec2-user/Code/ufrgs-poc/contaudit-wrapper.jar
2024-10-11 05:01:14,643 INFO - ContAudITWrapper#20 - Wrapper hash: b7519188ed863d76e5199a8d880bb968bdf9124fad53b871583787e123a7a764
2024-10-11 05:01:14,650 INFO - ContAudITWrapper#20 - Validating Wrapper...
2024-10-11 05:02:23,045 INFO - ContAudITWrapper#20 - Response true
2024-10-11 05:02:23,501 INFO - ContAudITWrapper#20 - Application hash: e36ee2d35f8c4c41bd358782dfb3ac8852b40439d350ff27616f0c18819ce9bf
2024-10-11 05:02:23,502 INFO - ContAudITWrapper#20 - Validating Application...
2024-10-11 05:02:38,074 INFO - ContAudITWrapper#20 - Response true
2024-10-11 05:02:38,089 INFO - ContAudITWrapper#20 - Artifact apache2.workflow hash: bdb4cee855e21446b6ae53ddcb76a1632ef8c4545b5db0517e01ffd552157f6e
2024-10-11 05:02:38,286 INFO - ContAudITWrapper#20 - Validating Artifact...
2024-10-11 05:02:50,550 INFO - ContAudITWrapper#20 - Response true
2024-10-11 05:02:50,555 INFO - ContAudITWrapper#20 - Running pre-command actions...
2024-10-11 05:02:50,556 INFO - ContAudITWrapper#20 - Analyzing current environment state...
2024-10-11 05:02:50,728 INFO - ContAudITWrapper#20 - Saving current environment state...
2024-10-11 05:02:50,729 INFO - ContAudITWrapper#20 - Environment state hash: a7ffc6f8bf1ed76651c14756a061d662f580ff4de43b49fa82d80a4b80f8434a
2024-10-11 05:02:50,729 INFO - ContAudITWrapper#20 - Executing command...
2024-10-11 05:02:52,240 INFO - ContAudITWrapper#20 - Command output: 
2024-10-11 05:02:50.857604945 [executor] Initializing the workflow...
[apache2_workflow] Apache HTTP Server already installed.
[apache2_workflow] UserDir module already loaded.
[apache2_workflow] Configs to UserDir already exist.
[apache2_workflow] public_html directory already exists in /home/ec2-user.
[apache2_workflow] Creating a simple webpage...
[apache2_workflow] Moving webpage to Apache HTTP Server user website folder...
[apache2_workflow] Page moved successfully!
2024-10-11 05:02:52.239135894 [executor] Finished!

2024-10-11 05:02:52,240 INFO - ContAudITWrapper#20 - Running post-command actions...
2024-10-11 05:02:52,240 INFO - ContAudITWrapper#20 - Analyzing current environment state...
2024-10-11 05:02:52,480 INFO - ContAudITWrapper#20 - Saving current environment state...
2024-10-11 05:02:52,481 INFO - ContAudITWrapper#20 - Environment state hash: a7ffc6f8bf1ed76651c14756a061d662f580ff4de43b49fa82d80a4b80f8434a
2024-10-11 05:02:52,481 INFO - ContAudITWrapper#20 - Checking environment diff...
2024-10-11 05:02:52,518 INFO - ContAudITWrapper#20 - Environment diff: 
2024-10-11 05:02:52,518 INFO - ContAudITWrapper#20 - Cleaning temporary files...
2024-10-11 05:02:52,660 INFO - ContAudITWrapper#20 - Sending to blockchain...
2024-10-11 05:03:03,711 INFO - ContAudITWrapper#20 - Response 
2024-10-11 05:03:03,713 INFO - ContAudITWrapper#20 - Finishing ContAudIT Wrapper...
