2024-10-11 05:00:47,639 INFO - ContAudITWrapper#44 - Initializing ContAudIT Wrapper...
2024-10-11 05:00:47,836 INFO - ContAudITWrapper#44 - Current directory: /home/ec2-user/Code/ufrgs-poc/contaudit-wrapper.jar
2024-10-11 05:01:11,650 INFO - ContAudITWrapper#44 - Wrapper hash: b7519188ed863d76e5199a8d880bb968bdf9124fad53b871583787e123a7a764
2024-10-11 05:01:11,696 INFO - ContAudITWrapper#44 - Validating Wrapper...
2024-10-11 05:02:20,140 INFO - ContAudITWrapper#44 - Response true
2024-10-11 05:02:20,406 INFO - ContAudITWrapper#44 - Application hash: e36ee2d35f8c4c41bd358782dfb3ac8852b40439d350ff27616f0c18819ce9bf
2024-10-11 05:02:20,471 INFO - ContAudITWrapper#44 - Validating Application...
2024-10-11 05:02:32,058 INFO - ContAudITWrapper#44 - Response true
2024-10-11 05:02:32,066 INFO - ContAudITWrapper#44 - Artifact apache2.workflow hash: bdb4cee855e21446b6ae53ddcb76a1632ef8c4545b5db0517e01ffd552157f6e
2024-10-11 05:02:32,079 INFO - ContAudITWrapper#44 - Validating Artifact...
2024-10-11 05:02:47,677 INFO - ContAudITWrapper#44 - Response true
2024-10-11 05:02:47,702 INFO - ContAudITWrapper#44 - Running pre-command actions...
2024-10-11 05:02:47,703 INFO - ContAudITWrapper#44 - Analyzing current environment state...
2024-10-11 05:02:47,996 INFO - ContAudITWrapper#44 - Saving current environment state...
2024-10-11 05:02:47,998 INFO - ContAudITWrapper#44 - Environment state hash: a7ffc6f8bf1ed76651c14756a061d662f580ff4de43b49fa82d80a4b80f8434a
2024-10-11 05:02:47,998 INFO - ContAudITWrapper#44 - Executing command...
2024-10-11 05:02:49,439 INFO - ContAudITWrapper#44 - Command output: 
2024-10-11 05:02:48.183515905 [executor] Initializing the workflow...
[apache2_workflow] Apache HTTP Server already installed.
[apache2_workflow] UserDir module already loaded.
[apache2_workflow] Configs to UserDir already exist.
[apache2_workflow] public_html directory already exists in /home/ec2-user.
[apache2_workflow] Creating a simple webpage...
[apache2_workflow] Moving webpage to Apache HTTP Server user website folder...
[apache2_workflow] Page moved successfully!
2024-10-11 05:02:49.438215633 [executor] Finished!

2024-10-11 05:02:49,439 INFO - ContAudITWrapper#44 - Running post-command actions...
2024-10-11 05:02:49,439 INFO - ContAudITWrapper#44 - Analyzing current environment state...
2024-10-11 05:02:49,524 INFO - ContAudITWrapper#44 - Saving current environment state...
2024-10-11 05:02:49,525 INFO - ContAudITWrapper#44 - Environment state hash: a7ffc6f8bf1ed76651c14756a061d662f580ff4de43b49fa82d80a4b80f8434a
2024-10-11 05:02:49,525 INFO - ContAudITWrapper#44 - Checking environment diff...
2024-10-11 05:02:49,631 INFO - ContAudITWrapper#44 - Environment diff: 
2024-10-11 05:02:49,632 INFO - ContAudITWrapper#44 - Cleaning temporary files...
2024-10-11 05:02:49,675 INFO - ContAudITWrapper#44 - Sending to blockchain...
2024-10-11 05:03:02,534 INFO - ContAudITWrapper#44 - Response 
2024-10-11 05:03:02,535 INFO - ContAudITWrapper#44 - Finishing ContAudIT Wrapper...
