2024-10-11 05:00:50,022 INFO - ContAudITWrapper#17 - Initializing ContAudIT Wrapper...
2024-10-11 05:00:50,319 INFO - ContAudITWrapper#17 - Current directory: /home/ec2-user/Code/ufrgs-poc/contaudit-wrapper.jar
2024-10-11 05:01:14,431 INFO - ContAudITWrapper#17 - Wrapper hash: b7519188ed863d76e5199a8d880bb968bdf9124fad53b871583787e123a7a764
2024-10-11 05:01:14,440 INFO - ContAudITWrapper#17 - Validating Wrapper...
2024-10-11 05:02:22,312 INFO - ContAudITWrapper#17 - Response true
2024-10-11 05:02:22,344 INFO - ContAudITWrapper#17 - Application hash: e36ee2d35f8c4c41bd358782dfb3ac8852b40439d350ff27616f0c18819ce9bf
2024-10-11 05:02:22,349 INFO - ContAudITWrapper#17 - Validating Application...
2024-10-11 05:02:36,772 INFO - ContAudITWrapper#17 - Response true
2024-10-11 05:02:36,799 INFO - ContAudITWrapper#17 - Artifact apache2.workflow hash: bdb4cee855e21446b6ae53ddcb76a1632ef8c4545b5db0517e01ffd552157f6e
2024-10-11 05:02:36,845 INFO - ContAudITWrapper#17 - Validating Artifact...
2024-10-11 05:02:44,892 INFO - ContAudITWrapper#17 - Response true
2024-10-11 05:02:44,899 INFO - ContAudITWrapper#17 - Running pre-command actions...
2024-10-11 05:02:44,901 INFO - ContAudITWrapper#17 - Analyzing current environment state...
2024-10-11 05:02:45,216 INFO - ContAudITWrapper#17 - Saving current environment state...
2024-10-11 05:02:45,217 INFO - ContAudITWrapper#17 - Environment state hash: a7ffc6f8bf1ed76651c14756a061d662f580ff4de43b49fa82d80a4b80f8434a
2024-10-11 05:02:45,217 INFO - ContAudITWrapper#17 - Executing command...
2024-10-11 05:02:46,131 INFO - ContAudITWrapper#17 - Command output: 
2024-10-11 05:02:45.337879145 [executor] Initializing the workflow...
[apache2_workflow] Apache HTTP Server already installed.
[apache2_workflow] UserDir module already loaded.
[apache2_workflow] Configs to UserDir already exist.
[apache2_workflow] public_html directory already exists in /home/ec2-user.
[apache2_workflow] Creating a simple webpage...
[apache2_workflow] Moving webpage to Apache HTTP Server user website folder...
[apache2_workflow] Page moved successfully!
2024-10-11 05:02:46.130538581 [executor] Finished!

2024-10-11 05:02:46,131 INFO - ContAudITWrapper#17 - Running post-command actions...
2024-10-11 05:02:46,132 INFO - ContAudITWrapper#17 - Analyzing current environment state...
2024-10-11 05:02:46,299 INFO - ContAudITWrapper#17 - Saving current environment state...
2024-10-11 05:02:46,300 INFO - ContAudITWrapper#17 - Environment state hash: a7ffc6f8bf1ed76651c14756a061d662f580ff4de43b49fa82d80a4b80f8434a
2024-10-11 05:02:46,300 INFO - ContAudITWrapper#17 - Checking environment diff...
2024-10-11 05:02:46,433 INFO - ContAudITWrapper#17 - Environment diff: 
2024-10-11 05:02:46,433 INFO - ContAudITWrapper#17 - Cleaning temporary files...
2024-10-11 05:02:46,567 INFO - ContAudITWrapper#17 - Sending to blockchain...
2024-10-11 05:03:01,581 INFO - ContAudITWrapper#17 - Response 
2024-10-11 05:03:01,582 INFO - ContAudITWrapper#17 - Finishing ContAudIT Wrapper...
