2024-10-11 05:00:49,678 INFO - ContAudITWrapper#91 - Initializing ContAudIT Wrapper...
2024-10-11 05:00:49,920 INFO - ContAudITWrapper#91 - Current directory: /home/ec2-user/Code/ufrgs-poc/contaudit-wrapper.jar
2024-10-11 05:01:14,327 INFO - ContAudITWrapper#91 - Wrapper hash: b7519188ed863d76e5199a8d880bb968bdf9124fad53b871583787e123a7a764
2024-10-11 05:01:14,465 INFO - ContAudITWrapper#91 - Validating Wrapper...
2024-10-11 05:02:25,649 INFO - ContAudITWrapper#91 - Response true
2024-10-11 05:02:25,768 INFO - ContAudITWrapper#91 - Application hash: e36ee2d35f8c4c41bd358782dfb3ac8852b40439d350ff27616f0c18819ce9bf
2024-10-11 05:02:25,768 INFO - ContAudITWrapper#91 - Validating Application...
2024-10-11 05:02:36,286 INFO - ContAudITWrapper#91 - Response true
2024-10-11 05:02:36,316 INFO - ContAudITWrapper#91 - Artifact apache2.workflow hash: bdb4cee855e21446b6ae53ddcb76a1632ef8c4545b5db0517e01ffd552157f6e
2024-10-11 05:02:36,341 INFO - ContAudITWrapper#91 - Validating Artifact...
2024-10-11 05:02:48,504 INFO - ContAudITWrapper#91 - Response true
2024-10-11 05:02:48,510 INFO - ContAudITWrapper#91 - Running pre-command actions...
2024-10-11 05:02:48,514 INFO - ContAudITWrapper#91 - Analyzing current environment state...
2024-10-11 05:02:48,739 INFO - ContAudITWrapper#91 - Saving current environment state...
2024-10-11 05:02:48,741 INFO - ContAudITWrapper#91 - Environment state hash: a7ffc6f8bf1ed76651c14756a061d662f580ff4de43b49fa82d80a4b80f8434a
2024-10-11 05:02:48,761 INFO - ContAudITWrapper#91 - Executing command...
2024-10-11 05:02:50,246 INFO - ContAudITWrapper#91 - Command output: 
2024-10-11 05:02:48.878445409 [executor] Initializing the workflow...
[apache2_workflow] Apache HTTP Server already installed.
[apache2_workflow] UserDir module already loaded.
[apache2_workflow] Configs to UserDir already exist.
[apache2_workflow] public_html directory already exists in /home/ec2-user.
[apache2_workflow] Creating a simple webpage...
[apache2_workflow] Moving webpage to Apache HTTP Server user website folder...
[apache2_workflow] Page moved successfully!
2024-10-11 05:02:50.243981548 [executor] Finished!

2024-10-11 05:02:50,246 INFO - ContAudITWrapper#91 - Running post-command actions...
2024-10-11 05:02:50,246 INFO - ContAudITWrapper#91 - Analyzing current environment state...
2024-10-11 05:02:50,309 INFO - ContAudITWrapper#91 - Saving current environment state...
2024-10-11 05:02:50,310 INFO - ContAudITWrapper#91 - Environment state hash: a7ffc6f8bf1ed76651c14756a061d662f580ff4de43b49fa82d80a4b80f8434a
2024-10-11 05:02:50,310 INFO - ContAudITWrapper#91 - Checking environment diff...
2024-10-11 05:02:50,363 INFO - ContAudITWrapper#91 - Environment diff: 
2024-10-11 05:02:50,363 INFO - ContAudITWrapper#91 - Cleaning temporary files...
2024-10-11 05:02:50,508 INFO - ContAudITWrapper#91 - Sending to blockchain...
2024-10-11 05:03:03,485 INFO - ContAudITWrapper#91 - Response 
2024-10-11 05:03:03,487 INFO - ContAudITWrapper#91 - Finishing ContAudIT Wrapper...
