2024-10-11 05:00:49,993 INFO - ContAudITWrapper#84 - Initializing ContAudIT Wrapper...
2024-10-11 05:00:50,251 INFO - ContAudITWrapper#84 - Current directory: /home/ec2-user/Code/ufrgs-poc/contaudit-wrapper.jar
2024-10-11 05:01:11,599 INFO - ContAudITWrapper#84 - Wrapper hash: b7519188ed863d76e5199a8d880bb968bdf9124fad53b871583787e123a7a764
2024-10-11 05:01:11,702 INFO - ContAudITWrapper#84 - Validating Wrapper...
2024-10-11 05:02:20,757 INFO - ContAudITWrapper#84 - Response true
2024-10-11 05:02:21,083 INFO - ContAudITWrapper#84 - Application hash: e36ee2d35f8c4c41bd358782dfb3ac8852b40439d350ff27616f0c18819ce9bf
2024-10-11 05:02:21,084 INFO - ContAudITWrapper#84 - Validating Application...
2024-10-11 05:02:36,844 INFO - ContAudITWrapper#84 - Response true
2024-10-11 05:02:36,852 INFO - ContAudITWrapper#84 - Artifact apache2.workflow hash: bdb4cee855e21446b6ae53ddcb76a1632ef8c4545b5db0517e01ffd552157f6e
2024-10-11 05:02:36,951 INFO - ContAudITWrapper#84 - Validating Artifact...
2024-10-11 05:02:49,569 INFO - ContAudITWrapper#84 - Response true
2024-10-11 05:02:49,574 INFO - ContAudITWrapper#84 - Running pre-command actions...
2024-10-11 05:02:49,687 INFO - ContAudITWrapper#84 - Analyzing current environment state...
2024-10-11 05:02:49,936 INFO - ContAudITWrapper#84 - Saving current environment state...
2024-10-11 05:02:49,937 INFO - ContAudITWrapper#84 - Environment state hash: a7ffc6f8bf1ed76651c14756a061d662f580ff4de43b49fa82d80a4b80f8434a
2024-10-11 05:02:49,937 INFO - ContAudITWrapper#84 - Executing command...
2024-10-11 05:02:51,647 INFO - ContAudITWrapper#84 - Command output: 
2024-10-11 05:02:50.101971109 [executor] Initializing the workflow...
[apache2_workflow] Apache HTTP Server already installed.
[apache2_workflow] UserDir module already loaded.
[apache2_workflow] Configs to UserDir already exist.
[apache2_workflow] public_html directory already exists in /home/ec2-user.
[apache2_workflow] Creating a simple webpage...
[apache2_workflow] Moving webpage to Apache HTTP Server user website folder...
[apache2_workflow] Page moved successfully!
2024-10-11 05:02:51.577442171 [executor] Finished!

2024-10-11 05:02:51,648 INFO - ContAudITWrapper#84 - Running post-command actions...
2024-10-11 05:02:51,648 INFO - ContAudITWrapper#84 - Analyzing current environment state...
2024-10-11 05:02:51,810 INFO - ContAudITWrapper#84 - Saving current environment state...
2024-10-11 05:02:51,811 INFO - ContAudITWrapper#84 - Environment state hash: a7ffc6f8bf1ed76651c14756a061d662f580ff4de43b49fa82d80a4b80f8434a
2024-10-11 05:02:51,811 INFO - ContAudITWrapper#84 - Checking environment diff...
2024-10-11 05:02:51,965 INFO - ContAudITWrapper#84 - Environment diff: 
2024-10-11 05:02:51,965 INFO - ContAudITWrapper#84 - Cleaning temporary files...
2024-10-11 05:02:52,047 INFO - ContAudITWrapper#84 - Sending to blockchain...
2024-10-11 05:03:04,767 INFO - ContAudITWrapper#84 - Response 
2024-10-11 05:03:04,769 INFO - ContAudITWrapper#84 - Finishing ContAudIT Wrapper...
