2024-10-10 03:31:08,150 INFO - ContAudITWrapper#13 - Initializing ContAudIT Wrapper...
2024-10-10 03:31:08,217 INFO - ContAudITWrapper#13 - Current directory: /home/ec2-user/Code/ufrgs-poc/contaudit-wrapper.jar
2024-10-10 03:31:19,645 INFO - ContAudITWrapper#13 - Wrapper hash: b7519188ed863d76e5199a8d880bb968bdf9124fad53b871583787e123a7a764
2024-10-10 03:31:19,689 INFO - ContAudITWrapper#13 - Validating Wrapper...
2024-10-10 03:31:55,665 INFO - ContAudITWrapper#13 - Response true
2024-10-10 03:31:55,717 INFO - ContAudITWrapper#13 - Application hash: e36ee2d35f8c4c41bd358782dfb3ac8852b40439d350ff27616f0c18819ce9bf
2024-10-10 03:31:55,736 INFO - ContAudITWrapper#13 - Validating Application...
2024-10-10 03:32:04,359 INFO - ContAudITWrapper#13 - Response true
2024-10-10 03:32:04,367 INFO - ContAudITWrapper#13 - Artifact user.workflow hash: 52877374d8c54314b7af92814eaf729121e99a87e9706a2888cd9bcd951b11c9
2024-10-10 03:32:04,407 INFO - ContAudITWrapper#13 - Validating Artifact...
2024-10-10 03:32:10,466 INFO - ContAudITWrapper#13 - Response true
2024-10-10 03:32:10,476 INFO - ContAudITWrapper#13 - Running pre-command actions...
2024-10-10 03:32:10,477 INFO - ContAudITWrapper#13 - Analyzing current environment state...
2024-10-10 03:32:10,553 INFO - ContAudITWrapper#13 - Saving current environment state...
2024-10-10 03:32:10,554 INFO - ContAudITWrapper#13 - Environment state hash: a7ffc6f8bf1ed76651c14756a061d662f580ff4de43b49fa82d80a4b80f8434a
2024-10-10 03:32:10,555 INFO - ContAudITWrapper#13 - Executing command...
2024-10-10 03:32:16,382 INFO - ContAudITWrapper#13 - Command output: 
2024-10-10 03:32:10.611266497 [executor] Initializing the workflow...
[useradd_workflow] User contaudit13 already exists. Removing...
[useradd_workflow] User contaudit13 successfully removed.
[useradd_workflow] User contaudit13 created successfully.
2024-10-10 03:32:16.381464844 [executor] Finished!

2024-10-10 03:32:16,382 INFO - ContAudITWrapper#13 - Running post-command actions...
2024-10-10 03:32:16,382 INFO - ContAudITWrapper#13 - Analyzing current environment state...
2024-10-10 03:32:16,403 INFO - ContAudITWrapper#13 - Saving current environment state...
2024-10-10 03:32:16,403 INFO - ContAudITWrapper#13 - Environment state hash: a7ffc6f8bf1ed76651c14756a061d662f580ff4de43b49fa82d80a4b80f8434a
2024-10-10 03:32:16,403 INFO - ContAudITWrapper#13 - Checking environment diff...
2024-10-10 03:32:16,424 INFO - ContAudITWrapper#13 - Environment diff: 
2024-10-10 03:32:16,424 INFO - ContAudITWrapper#13 - Cleaning temporary files...
2024-10-10 03:32:16,431 INFO - ContAudITWrapper#13 - Sending to blockchain...
2024-10-10 03:32:18,848 INFO - ContAudITWrapper#13 - Response 
2024-10-10 03:32:18,849 INFO - ContAudITWrapper#13 - Finishing ContAudIT Wrapper...
