2024-10-10 03:31:08,290 INFO - ContAudITWrapper#1 - Initializing ContAudIT Wrapper...
2024-10-10 03:31:08,417 INFO - ContAudITWrapper#1 - Current directory: /home/ec2-user/Code/ufrgs-poc/contaudit-wrapper.jar
2024-10-10 03:31:20,410 INFO - ContAudITWrapper#1 - Wrapper hash: b7519188ed863d76e5199a8d880bb968bdf9124fad53b871583787e123a7a764
2024-10-10 03:31:20,417 INFO - ContAudITWrapper#1 - Validating Wrapper...
2024-10-10 03:31:57,783 INFO - ContAudITWrapper#1 - Response true
2024-10-10 03:31:57,876 INFO - ContAudITWrapper#1 - Application hash: e36ee2d35f8c4c41bd358782dfb3ac8852b40439d350ff27616f0c18819ce9bf
2024-10-10 03:31:57,880 INFO - ContAudITWrapper#1 - Validating Application...
2024-10-10 03:32:04,213 INFO - ContAudITWrapper#1 - Response true
2024-10-10 03:32:04,216 INFO - ContAudITWrapper#1 - Artifact user.workflow hash: 52877374d8c54314b7af92814eaf729121e99a87e9706a2888cd9bcd951b11c9
2024-10-10 03:32:04,221 INFO - ContAudITWrapper#1 - Validating Artifact...
2024-10-10 03:32:08,067 INFO - ContAudITWrapper#1 - Response true
2024-10-10 03:32:08,073 INFO - ContAudITWrapper#1 - Running pre-command actions...
2024-10-10 03:32:08,075 INFO - ContAudITWrapper#1 - Analyzing current environment state...
2024-10-10 03:32:08,241 INFO - ContAudITWrapper#1 - Saving current environment state...
2024-10-10 03:32:08,242 INFO - ContAudITWrapper#1 - Environment state hash: a7ffc6f8bf1ed76651c14756a061d662f580ff4de43b49fa82d80a4b80f8434a
2024-10-10 03:32:08,242 INFO - ContAudITWrapper#1 - Executing command...
2024-10-10 03:32:13,223 INFO - ContAudITWrapper#1 - Command output: 
2024-10-10 03:32:08.288798528 [executor] Initializing the workflow...
[useradd_workflow] User contaudit1 already exists. Removing...
[useradd_workflow] User contaudit1 successfully removed.
[useradd_workflow] User contaudit1 created successfully.
2024-10-10 03:32:13.222153304 [executor] Finished!

2024-10-10 03:32:13,223 INFO - ContAudITWrapper#1 - Running post-command actions...
2024-10-10 03:32:13,223 INFO - ContAudITWrapper#1 - Analyzing current environment state...
2024-10-10 03:32:13,239 INFO - ContAudITWrapper#1 - Saving current environment state...
2024-10-10 03:32:13,239 INFO - ContAudITWrapper#1 - Environment state hash: a7ffc6f8bf1ed76651c14756a061d662f580ff4de43b49fa82d80a4b80f8434a
2024-10-10 03:32:13,240 INFO - ContAudITWrapper#1 - Checking environment diff...
2024-10-10 03:32:13,250 INFO - ContAudITWrapper#1 - Environment diff: 
2024-10-10 03:32:13,251 INFO - ContAudITWrapper#1 - Cleaning temporary files...
2024-10-10 03:32:13,258 INFO - ContAudITWrapper#1 - Sending to blockchain...
2024-10-10 03:32:14,504 INFO - ContAudITWrapper#1 - Response 
2024-10-10 03:32:14,533 INFO - ContAudITWrapper#1 - Finishing ContAudIT Wrapper...
