2024-10-10 03:31:08,360 INFO - ContAudITWrapper#51 - Initializing ContAudIT Wrapper...
2024-10-10 03:31:08,481 INFO - ContAudITWrapper#51 - Current directory: /home/ec2-user/Code/ufrgs-poc/contaudit-wrapper.jar
2024-10-10 03:31:22,833 INFO - ContAudITWrapper#51 - Wrapper hash: b7519188ed863d76e5199a8d880bb968bdf9124fad53b871583787e123a7a764
2024-10-10 03:31:22,881 INFO - ContAudITWrapper#51 - Validating Wrapper...
2024-10-10 03:32:02,156 INFO - ContAudITWrapper#51 - Response true
2024-10-10 03:32:02,387 INFO - ContAudITWrapper#51 - Application hash: e36ee2d35f8c4c41bd358782dfb3ac8852b40439d350ff27616f0c18819ce9bf
2024-10-10 03:32:02,389 INFO - ContAudITWrapper#51 - Validating Application...
2024-10-10 03:32:09,172 INFO - ContAudITWrapper#51 - Response true
2024-10-10 03:32:09,212 INFO - ContAudITWrapper#51 - Artifact user.workflow hash: 52877374d8c54314b7af92814eaf729121e99a87e9706a2888cd9bcd951b11c9
2024-10-10 03:32:09,222 INFO - ContAudITWrapper#51 - Validating Artifact...
2024-10-10 03:32:12,997 INFO - ContAudITWrapper#51 - Response true
2024-10-10 03:32:13,012 INFO - ContAudITWrapper#51 - Running pre-command actions...
2024-10-10 03:32:13,013 INFO - ContAudITWrapper#51 - Analyzing current environment state...
2024-10-10 03:32:13,027 INFO - ContAudITWrapper#51 - Saving current environment state...
2024-10-10 03:32:13,028 INFO - ContAudITWrapper#51 - Environment state hash: a7ffc6f8bf1ed76651c14756a061d662f580ff4de43b49fa82d80a4b80f8434a
2024-10-10 03:32:13,028 INFO - ContAudITWrapper#51 - Executing command...
2024-10-10 03:32:15,874 INFO - ContAudITWrapper#51 - Command output: 
2024-10-10 03:32:13.042587641 [executor] Initializing the workflow...
[useradd_workflow] User contaudit51 does not exist. Creating...
[useradd_workflow] User contaudit51 created successfully.
2024-10-10 03:32:15.873152360 [executor] Finished!

2024-10-10 03:32:15,874 INFO - ContAudITWrapper#51 - Running post-command actions...
2024-10-10 03:32:15,875 INFO - ContAudITWrapper#51 - Analyzing current environment state...
2024-10-10 03:32:15,880 INFO - ContAudITWrapper#51 - Saving current environment state...
2024-10-10 03:32:15,880 INFO - ContAudITWrapper#51 - Environment state hash: a7ffc6f8bf1ed76651c14756a061d662f580ff4de43b49fa82d80a4b80f8434a
2024-10-10 03:32:15,880 INFO - ContAudITWrapper#51 - Checking environment diff...
2024-10-10 03:32:15,885 INFO - ContAudITWrapper#51 - Environment diff: 
2024-10-10 03:32:15,886 INFO - ContAudITWrapper#51 - Cleaning temporary files...
2024-10-10 03:32:15,890 INFO - ContAudITWrapper#51 - Sending to blockchain...
2024-10-10 03:32:18,863 INFO - ContAudITWrapper#51 - Response 
2024-10-10 03:32:18,864 INFO - ContAudITWrapper#51 - Finishing ContAudIT Wrapper...
