2024-10-10 03:31:08,524 INFO - ContAudITWrapper#43 - Initializing ContAudIT Wrapper...
2024-10-10 03:31:08,646 INFO - ContAudITWrapper#43 - Current directory: /home/ec2-user/Code/ufrgs-poc/contaudit-wrapper.jar
2024-10-10 03:31:20,563 INFO - ContAudITWrapper#43 - Wrapper hash: b7519188ed863d76e5199a8d880bb968bdf9124fad53b871583787e123a7a764
2024-10-10 03:31:20,571 INFO - ContAudITWrapper#43 - Validating Wrapper...
2024-10-10 03:31:57,353 INFO - ContAudITWrapper#43 - Response true
2024-10-10 03:31:57,541 INFO - ContAudITWrapper#43 - Application hash: e36ee2d35f8c4c41bd358782dfb3ac8852b40439d350ff27616f0c18819ce9bf
2024-10-10 03:31:57,542 INFO - ContAudITWrapper#43 - Validating Application...
2024-10-10 03:32:04,877 INFO - ContAudITWrapper#43 - Response true
2024-10-10 03:32:04,917 INFO - ContAudITWrapper#43 - Artifact user.workflow hash: 52877374d8c54314b7af92814eaf729121e99a87e9706a2888cd9bcd951b11c9
2024-10-10 03:32:05,030 INFO - ContAudITWrapper#43 - Validating Artifact...
2024-10-10 03:32:11,286 INFO - ContAudITWrapper#43 - Response true
2024-10-10 03:32:11,380 INFO - ContAudITWrapper#43 - Running pre-command actions...
2024-10-10 03:32:11,381 INFO - ContAudITWrapper#43 - Analyzing current environment state...
2024-10-10 03:32:11,496 INFO - ContAudITWrapper#43 - Saving current environment state...
2024-10-10 03:32:11,497 INFO - ContAudITWrapper#43 - Environment state hash: a7ffc6f8bf1ed76651c14756a061d662f580ff4de43b49fa82d80a4b80f8434a
2024-10-10 03:32:11,497 INFO - ContAudITWrapper#43 - Executing command...
2024-10-10 03:32:16,724 INFO - ContAudITWrapper#43 - Command output: 
2024-10-10 03:32:11.581766469 [executor] Initializing the workflow...
[useradd_workflow] User contaudit43 already exists. Removing...
[useradd_workflow] User contaudit43 successfully removed.
[useradd_workflow] User contaudit43 created successfully.
2024-10-10 03:32:16.722183033 [executor] Finished!

2024-10-10 03:32:16,725 INFO - ContAudITWrapper#43 - Running post-command actions...
2024-10-10 03:32:16,725 INFO - ContAudITWrapper#43 - Analyzing current environment state...
2024-10-10 03:32:16,733 INFO - ContAudITWrapper#43 - Saving current environment state...
2024-10-10 03:32:16,734 INFO - ContAudITWrapper#43 - Environment state hash: a7ffc6f8bf1ed76651c14756a061d662f580ff4de43b49fa82d80a4b80f8434a
2024-10-10 03:32:16,736 INFO - ContAudITWrapper#43 - Checking environment diff...
2024-10-10 03:32:16,741 INFO - ContAudITWrapper#43 - Environment diff: 
2024-10-10 03:32:16,741 INFO - ContAudITWrapper#43 - Cleaning temporary files...
2024-10-10 03:32:16,750 INFO - ContAudITWrapper#43 - Sending to blockchain...
2024-10-10 03:32:20,373 INFO - ContAudITWrapper#43 - Response 
2024-10-10 03:32:20,374 INFO - ContAudITWrapper#43 - Finishing ContAudIT Wrapper...
