2024-10-10 03:31:07,897 INFO - ContAudITWrapper#8 - Initializing ContAudIT Wrapper...
2024-10-10 03:31:08,025 INFO - ContAudITWrapper#8 - Current directory: /home/ec2-user/Code/ufrgs-poc/contaudit-wrapper.jar
2024-10-10 03:31:19,869 INFO - ContAudITWrapper#8 - Wrapper hash: b7519188ed863d76e5199a8d880bb968bdf9124fad53b871583787e123a7a764
2024-10-10 03:31:19,917 INFO - ContAudITWrapper#8 - Validating Wrapper...
2024-10-10 03:31:57,417 INFO - ContAudITWrapper#8 - Response true
2024-10-10 03:31:57,501 INFO - ContAudITWrapper#8 - Application hash: e36ee2d35f8c4c41bd358782dfb3ac8852b40439d350ff27616f0c18819ce9bf
2024-10-10 03:31:57,527 INFO - ContAudITWrapper#8 - Validating Application...
2024-10-10 03:32:05,789 INFO - ContAudITWrapper#8 - Response true
2024-10-10 03:32:05,809 INFO - ContAudITWrapper#8 - Artifact user.workflow hash: 52877374d8c54314b7af92814eaf729121e99a87e9706a2888cd9bcd951b11c9
2024-10-10 03:32:05,838 INFO - ContAudITWrapper#8 - Validating Artifact...
2024-10-10 03:32:11,775 INFO - ContAudITWrapper#8 - Response true
2024-10-10 03:32:11,792 INFO - ContAudITWrapper#8 - Running pre-command actions...
2024-10-10 03:32:11,793 INFO - ContAudITWrapper#8 - Analyzing current environment state...
2024-10-10 03:32:11,855 INFO - ContAudITWrapper#8 - Saving current environment state...
2024-10-10 03:32:11,856 INFO - ContAudITWrapper#8 - Environment state hash: a7ffc6f8bf1ed76651c14756a061d662f580ff4de43b49fa82d80a4b80f8434a
2024-10-10 03:32:11,856 INFO - ContAudITWrapper#8 - Executing command...
2024-10-10 03:32:17,368 INFO - ContAudITWrapper#8 - Command output: 
2024-10-10 03:32:11.929080135 [executor] Initializing the workflow...
[useradd_workflow] User contaudit8 already exists. Removing...
[useradd_workflow] User contaudit8 successfully removed.
[useradd_workflow] User contaudit8 created successfully.
2024-10-10 03:32:17.367623751 [executor] Finished!

2024-10-10 03:32:17,368 INFO - ContAudITWrapper#8 - Running post-command actions...
2024-10-10 03:32:17,368 INFO - ContAudITWrapper#8 - Analyzing current environment state...
2024-10-10 03:32:17,424 INFO - ContAudITWrapper#8 - Saving current environment state...
2024-10-10 03:32:17,424 INFO - ContAudITWrapper#8 - Environment state hash: a7ffc6f8bf1ed76651c14756a061d662f580ff4de43b49fa82d80a4b80f8434a
2024-10-10 03:32:17,424 INFO - ContAudITWrapper#8 - Checking environment diff...
2024-10-10 03:32:17,446 INFO - ContAudITWrapper#8 - Environment diff: 
2024-10-10 03:32:17,447 INFO - ContAudITWrapper#8 - Cleaning temporary files...
2024-10-10 03:32:17,493 INFO - ContAudITWrapper#8 - Sending to blockchain...
2024-10-10 03:32:21,063 INFO - ContAudITWrapper#8 - Response 
2024-10-10 03:32:21,064 INFO - ContAudITWrapper#8 - Finishing ContAudIT Wrapper...
