2024-10-10 03:31:08,294 INFO - ContAudITWrapper#6 - Initializing ContAudIT Wrapper...
2024-10-10 03:31:08,388 INFO - ContAudITWrapper#6 - Current directory: /home/ec2-user/Code/ufrgs-poc/contaudit-wrapper.jar
2024-10-10 03:31:20,454 INFO - ContAudITWrapper#6 - Wrapper hash: b7519188ed863d76e5199a8d880bb968bdf9124fad53b871583787e123a7a764
2024-10-10 03:31:20,535 INFO - ContAudITWrapper#6 - Validating Wrapper...
2024-10-10 03:31:57,172 INFO - ContAudITWrapper#6 - Response true
2024-10-10 03:31:57,302 INFO - ContAudITWrapper#6 - Application hash: e36ee2d35f8c4c41bd358782dfb3ac8852b40439d350ff27616f0c18819ce9bf
2024-10-10 03:31:57,304 INFO - ContAudITWrapper#6 - Validating Application...
2024-10-10 03:32:03,291 INFO - ContAudITWrapper#6 - Response true
2024-10-10 03:32:03,299 INFO - ContAudITWrapper#6 - Artifact user.workflow hash: 52877374d8c54314b7af92814eaf729121e99a87e9706a2888cd9bcd951b11c9
2024-10-10 03:32:03,307 INFO - ContAudITWrapper#6 - Validating Artifact...
2024-10-10 03:32:10,529 INFO - ContAudITWrapper#6 - Response true
2024-10-10 03:32:10,538 INFO - ContAudITWrapper#6 - Running pre-command actions...
2024-10-10 03:32:10,541 INFO - ContAudITWrapper#6 - Analyzing current environment state...
2024-10-10 03:32:10,637 INFO - ContAudITWrapper#6 - Saving current environment state...
2024-10-10 03:32:10,639 INFO - ContAudITWrapper#6 - Environment state hash: a7ffc6f8bf1ed76651c14756a061d662f580ff4de43b49fa82d80a4b80f8434a
2024-10-10 03:32:10,639 INFO - ContAudITWrapper#6 - Executing command...
2024-10-10 03:32:16,304 INFO - ContAudITWrapper#6 - Command output: 
2024-10-10 03:32:10.691929854 [executor] Initializing the workflow...
[useradd_workflow] User contaudit6 already exists. Removing...
[useradd_workflow] User contaudit6 successfully removed.
[useradd_workflow] User contaudit6 created successfully.
2024-10-10 03:32:16.303639135 [executor] Finished!

2024-10-10 03:32:16,304 INFO - ContAudITWrapper#6 - Running post-command actions...
2024-10-10 03:32:16,305 INFO - ContAudITWrapper#6 - Analyzing current environment state...
2024-10-10 03:32:16,316 INFO - ContAudITWrapper#6 - Saving current environment state...
2024-10-10 03:32:16,316 INFO - ContAudITWrapper#6 - Environment state hash: a7ffc6f8bf1ed76651c14756a061d662f580ff4de43b49fa82d80a4b80f8434a
2024-10-10 03:32:16,316 INFO - ContAudITWrapper#6 - Checking environment diff...
2024-10-10 03:32:16,321 INFO - ContAudITWrapper#6 - Environment diff: 
2024-10-10 03:32:16,330 INFO - ContAudITWrapper#6 - Cleaning temporary files...
2024-10-10 03:32:16,340 INFO - ContAudITWrapper#6 - Sending to blockchain...
2024-10-10 03:32:18,955 INFO - ContAudITWrapper#6 - Response 
2024-10-10 03:32:18,957 INFO - ContAudITWrapper#6 - Finishing ContAudIT Wrapper...
