2024-10-10 03:31:07,601 INFO - ContAudITWrapper#17 - Initializing ContAudIT Wrapper...
2024-10-10 03:31:07,716 INFO - ContAudITWrapper#17 - Current directory: /home/ec2-user/Code/ufrgs-poc/contaudit-wrapper.jar
2024-10-10 03:31:19,575 INFO - ContAudITWrapper#17 - Wrapper hash: b7519188ed863d76e5199a8d880bb968bdf9124fad53b871583787e123a7a764
2024-10-10 03:31:19,643 INFO - ContAudITWrapper#17 - Validating Wrapper...
2024-10-10 03:31:54,385 INFO - ContAudITWrapper#17 - Response true
2024-10-10 03:31:54,455 INFO - ContAudITWrapper#17 - Application hash: e36ee2d35f8c4c41bd358782dfb3ac8852b40439d350ff27616f0c18819ce9bf
2024-10-10 03:31:54,512 INFO - ContAudITWrapper#17 - Validating Application...
2024-10-10 03:32:03,045 INFO - ContAudITWrapper#17 - Response true
2024-10-10 03:32:03,063 INFO - ContAudITWrapper#17 - Artifact user.workflow hash: 52877374d8c54314b7af92814eaf729121e99a87e9706a2888cd9bcd951b11c9
2024-10-10 03:32:03,071 INFO - ContAudITWrapper#17 - Validating Artifact...
2024-10-10 03:32:10,243 INFO - ContAudITWrapper#17 - Response true
2024-10-10 03:32:10,258 INFO - ContAudITWrapper#17 - Running pre-command actions...
2024-10-10 03:32:10,259 INFO - ContAudITWrapper#17 - Analyzing current environment state...
2024-10-10 03:32:10,379 INFO - ContAudITWrapper#17 - Saving current environment state...
2024-10-10 03:32:10,380 INFO - ContAudITWrapper#17 - Environment state hash: a7ffc6f8bf1ed76651c14756a061d662f580ff4de43b49fa82d80a4b80f8434a
2024-10-10 03:32:10,381 INFO - ContAudITWrapper#17 - Executing command...
2024-10-10 03:32:15,456 INFO - ContAudITWrapper#17 - Command output: 
2024-10-10 03:32:10.491994159 [executor] Initializing the workflow...
[useradd_workflow] User contaudit17 already exists. Removing...
[useradd_workflow] User contaudit17 successfully removed.
[useradd_workflow] User contaudit17 created successfully.
2024-10-10 03:32:15.455505403 [executor] Finished!

2024-10-10 03:32:15,456 INFO - ContAudITWrapper#17 - Running post-command actions...
2024-10-10 03:32:15,456 INFO - ContAudITWrapper#17 - Analyzing current environment state...
2024-10-10 03:32:15,461 INFO - ContAudITWrapper#17 - Saving current environment state...
2024-10-10 03:32:15,461 INFO - ContAudITWrapper#17 - Environment state hash: a7ffc6f8bf1ed76651c14756a061d662f580ff4de43b49fa82d80a4b80f8434a
2024-10-10 03:32:15,462 INFO - ContAudITWrapper#17 - Checking environment diff...
2024-10-10 03:32:15,466 INFO - ContAudITWrapper#17 - Environment diff: 
2024-10-10 03:32:15,466 INFO - ContAudITWrapper#17 - Cleaning temporary files...
2024-10-10 03:32:15,469 INFO - ContAudITWrapper#17 - Sending to blockchain...
2024-10-10 03:32:16,988 INFO - ContAudITWrapper#17 - Response 
2024-10-10 03:32:16,990 INFO - ContAudITWrapper#17 - Finishing ContAudIT Wrapper...
