2024-10-10 03:31:08,283 INFO - ContAudITWrapper#53 - Initializing ContAudIT Wrapper...
2024-10-10 03:31:08,377 INFO - ContAudITWrapper#53 - Current directory: /home/ec2-user/Code/ufrgs-poc/contaudit-wrapper.jar
2024-10-10 03:31:20,871 INFO - ContAudITWrapper#53 - Wrapper hash: b7519188ed863d76e5199a8d880bb968bdf9124fad53b871583787e123a7a764
2024-10-10 03:31:20,924 INFO - ContAudITWrapper#53 - Validating Wrapper...
2024-10-10 03:31:59,597 INFO - ContAudITWrapper#53 - Response true
2024-10-10 03:31:59,853 INFO - ContAudITWrapper#53 - Application hash: e36ee2d35f8c4c41bd358782dfb3ac8852b40439d350ff27616f0c18819ce9bf
2024-10-10 03:31:59,854 INFO - ContAudITWrapper#53 - Validating Application...
2024-10-10 03:32:06,638 INFO - ContAudITWrapper#53 - Response true
2024-10-10 03:32:06,648 INFO - ContAudITWrapper#53 - Artifact user.workflow hash: 52877374d8c54314b7af92814eaf729121e99a87e9706a2888cd9bcd951b11c9
2024-10-10 03:32:06,653 INFO - ContAudITWrapper#53 - Validating Artifact...
2024-10-10 03:32:11,517 INFO - ContAudITWrapper#53 - Response true
2024-10-10 03:32:11,534 INFO - ContAudITWrapper#53 - Running pre-command actions...
2024-10-10 03:32:11,536 INFO - ContAudITWrapper#53 - Analyzing current environment state...
2024-10-10 03:32:11,609 INFO - ContAudITWrapper#53 - Saving current environment state...
2024-10-10 03:32:11,611 INFO - ContAudITWrapper#53 - Environment state hash: a7ffc6f8bf1ed76651c14756a061d662f580ff4de43b49fa82d80a4b80f8434a
2024-10-10 03:32:11,612 INFO - ContAudITWrapper#53 - Executing command...
2024-10-10 03:32:14,095 INFO - ContAudITWrapper#53 - Command output: 
2024-10-10 03:32:11.665117742 [executor] Initializing the workflow...
[useradd_workflow] User contaudit53 does not exist. Creating...
[useradd_workflow] User contaudit53 created successfully.
2024-10-10 03:32:14.093994264 [executor] Finished!

2024-10-10 03:32:14,096 INFO - ContAudITWrapper#53 - Running post-command actions...
2024-10-10 03:32:14,096 INFO - ContAudITWrapper#53 - Analyzing current environment state...
2024-10-10 03:32:14,100 INFO - ContAudITWrapper#53 - Saving current environment state...
2024-10-10 03:32:14,101 INFO - ContAudITWrapper#53 - Environment state hash: a7ffc6f8bf1ed76651c14756a061d662f580ff4de43b49fa82d80a4b80f8434a
2024-10-10 03:32:14,101 INFO - ContAudITWrapper#53 - Checking environment diff...
2024-10-10 03:32:14,104 INFO - ContAudITWrapper#53 - Environment diff: 
2024-10-10 03:32:14,104 INFO - ContAudITWrapper#53 - Cleaning temporary files...
2024-10-10 03:32:14,107 INFO - ContAudITWrapper#53 - Sending to blockchain...
2024-10-10 03:32:16,969 INFO - ContAudITWrapper#53 - Response 
2024-10-10 03:32:16,970 INFO - ContAudITWrapper#53 - Finishing ContAudIT Wrapper...
