2024-10-10 03:31:06,590 INFO - ContAudITWrapper#36 - Initializing ContAudIT Wrapper...
2024-10-10 03:31:06,720 INFO - ContAudITWrapper#36 - Current directory: /home/ec2-user/Code/ufrgs-poc/contaudit-wrapper.jar
2024-10-10 03:31:18,415 INFO - ContAudITWrapper#36 - Wrapper hash: b7519188ed863d76e5199a8d880bb968bdf9124fad53b871583787e123a7a764
2024-10-10 03:31:18,457 INFO - ContAudITWrapper#36 - Validating Wrapper...
2024-10-10 03:31:54,395 INFO - ContAudITWrapper#36 - Response true
2024-10-10 03:31:54,459 INFO - ContAudITWrapper#36 - Application hash: e36ee2d35f8c4c41bd358782dfb3ac8852b40439d350ff27616f0c18819ce9bf
2024-10-10 03:31:54,460 INFO - ContAudITWrapper#36 - Validating Application...
2024-10-10 03:32:01,847 INFO - ContAudITWrapper#36 - Response true
2024-10-10 03:32:01,852 INFO - ContAudITWrapper#36 - Artifact user.workflow hash: 52877374d8c54314b7af92814eaf729121e99a87e9706a2888cd9bcd951b11c9
2024-10-10 03:32:01,858 INFO - ContAudITWrapper#36 - Validating Artifact...
2024-10-10 03:32:08,994 INFO - ContAudITWrapper#36 - Response true
2024-10-10 03:32:09,005 INFO - ContAudITWrapper#36 - Running pre-command actions...
2024-10-10 03:32:09,006 INFO - ContAudITWrapper#36 - Analyzing current environment state...
2024-10-10 03:32:09,094 INFO - ContAudITWrapper#36 - Saving current environment state...
2024-10-10 03:32:09,094 INFO - ContAudITWrapper#36 - Environment state hash: a7ffc6f8bf1ed76651c14756a061d662f580ff4de43b49fa82d80a4b80f8434a
2024-10-10 03:32:09,095 INFO - ContAudITWrapper#36 - Executing command...
2024-10-10 03:32:13,376 INFO - ContAudITWrapper#36 - Command output: 
2024-10-10 03:32:09.136353533 [executor] Initializing the workflow...
[useradd_workflow] User contaudit36 already exists. Removing...
[useradd_workflow] User contaudit36 successfully removed.
[useradd_workflow] User contaudit36 created successfully.
2024-10-10 03:32:13.373861292 [executor] Finished!

2024-10-10 03:32:13,376 INFO - ContAudITWrapper#36 - Running post-command actions...
2024-10-10 03:32:13,376 INFO - ContAudITWrapper#36 - Analyzing current environment state...
2024-10-10 03:32:13,383 INFO - ContAudITWrapper#36 - Saving current environment state...
2024-10-10 03:32:13,383 INFO - ContAudITWrapper#36 - Environment state hash: a7ffc6f8bf1ed76651c14756a061d662f580ff4de43b49fa82d80a4b80f8434a
2024-10-10 03:32:13,384 INFO - ContAudITWrapper#36 - Checking environment diff...
2024-10-10 03:32:13,390 INFO - ContAudITWrapper#36 - Environment diff: 
2024-10-10 03:32:13,390 INFO - ContAudITWrapper#36 - Cleaning temporary files...
2024-10-10 03:32:13,403 INFO - ContAudITWrapper#36 - Sending to blockchain...
2024-10-10 03:32:14,491 INFO - ContAudITWrapper#36 - Response 
2024-10-10 03:32:14,496 INFO - ContAudITWrapper#36 - Finishing ContAudIT Wrapper...
