2024-10-10 03:31:08,432 INFO - ContAudITWrapper#44 - Initializing ContAudIT Wrapper...
2024-10-10 03:31:08,593 INFO - ContAudITWrapper#44 - Current directory: /home/ec2-user/Code/ufrgs-poc/contaudit-wrapper.jar
2024-10-10 03:31:21,397 INFO - ContAudITWrapper#44 - Wrapper hash: b7519188ed863d76e5199a8d880bb968bdf9124fad53b871583787e123a7a764
2024-10-10 03:31:21,453 INFO - ContAudITWrapper#44 - Validating Wrapper...
2024-10-10 03:31:57,746 INFO - ContAudITWrapper#44 - Response true
2024-10-10 03:31:58,011 INFO - ContAudITWrapper#44 - Application hash: e36ee2d35f8c4c41bd358782dfb3ac8852b40439d350ff27616f0c18819ce9bf
2024-10-10 03:31:58,012 INFO - ContAudITWrapper#44 - Validating Application...
2024-10-10 03:32:03,231 INFO - ContAudITWrapper#44 - Response true
2024-10-10 03:32:03,236 INFO - ContAudITWrapper#44 - Artifact user.workflow hash: 52877374d8c54314b7af92814eaf729121e99a87e9706a2888cd9bcd951b11c9
2024-10-10 03:32:03,250 INFO - ContAudITWrapper#44 - Validating Artifact...
2024-10-10 03:32:06,811 INFO - ContAudITWrapper#44 - Response true
2024-10-10 03:32:06,845 INFO - ContAudITWrapper#44 - Running pre-command actions...
2024-10-10 03:32:06,846 INFO - ContAudITWrapper#44 - Analyzing current environment state...
2024-10-10 03:32:06,945 INFO - ContAudITWrapper#44 - Saving current environment state...
2024-10-10 03:32:06,945 INFO - ContAudITWrapper#44 - Environment state hash: a7ffc6f8bf1ed76651c14756a061d662f580ff4de43b49fa82d80a4b80f8434a
2024-10-10 03:32:06,946 INFO - ContAudITWrapper#44 - Executing command...
2024-10-10 03:32:10,933 INFO - ContAudITWrapper#44 - Command output: 
2024-10-10 03:32:07.042311588 [executor] Initializing the workflow...
[useradd_workflow] User contaudit44 already exists. Removing...
[useradd_workflow] User contaudit44 successfully removed.
[useradd_workflow] User contaudit44 created successfully.
2024-10-10 03:32:10.930620213 [executor] Finished!

2024-10-10 03:32:10,934 INFO - ContAudITWrapper#44 - Running post-command actions...
2024-10-10 03:32:10,934 INFO - ContAudITWrapper#44 - Analyzing current environment state...
2024-10-10 03:32:11,035 INFO - ContAudITWrapper#44 - Saving current environment state...
2024-10-10 03:32:11,036 INFO - ContAudITWrapper#44 - Environment state hash: a7ffc6f8bf1ed76651c14756a061d662f580ff4de43b49fa82d80a4b80f8434a
2024-10-10 03:32:11,036 INFO - ContAudITWrapper#44 - Checking environment diff...
2024-10-10 03:32:11,066 INFO - ContAudITWrapper#44 - Environment diff: 
2024-10-10 03:32:11,067 INFO - ContAudITWrapper#44 - Cleaning temporary files...
2024-10-10 03:32:11,146 INFO - ContAudITWrapper#44 - Sending to blockchain...
2024-10-10 03:32:14,591 INFO - ContAudITWrapper#44 - Response 
2024-10-10 03:32:14,592 INFO - ContAudITWrapper#44 - Finishing ContAudIT Wrapper...
