2024-10-10 03:31:07,906 INFO - ContAudITWrapper#23 - Initializing ContAudIT Wrapper...
2024-10-10 03:31:07,990 INFO - ContAudITWrapper#23 - Current directory: /home/ec2-user/Code/ufrgs-poc/contaudit-wrapper.jar
2024-10-10 03:31:20,637 INFO - ContAudITWrapper#23 - Wrapper hash: b7519188ed863d76e5199a8d880bb968bdf9124fad53b871583787e123a7a764
2024-10-10 03:31:20,644 INFO - ContAudITWrapper#23 - Validating Wrapper...
2024-10-10 03:31:59,738 INFO - ContAudITWrapper#23 - Response true
2024-10-10 03:31:59,842 INFO - ContAudITWrapper#23 - Application hash: e36ee2d35f8c4c41bd358782dfb3ac8852b40439d350ff27616f0c18819ce9bf
2024-10-10 03:31:59,843 INFO - ContAudITWrapper#23 - Validating Application...
2024-10-10 03:32:06,989 INFO - ContAudITWrapper#23 - Response true
2024-10-10 03:32:07,005 INFO - ContAudITWrapper#23 - Artifact user.workflow hash: 52877374d8c54314b7af92814eaf729121e99a87e9706a2888cd9bcd951b11c9
2024-10-10 03:32:07,012 INFO - ContAudITWrapper#23 - Validating Artifact...
2024-10-10 03:32:11,980 INFO - ContAudITWrapper#23 - Response true
2024-10-10 03:32:12,003 INFO - ContAudITWrapper#23 - Running pre-command actions...
2024-10-10 03:32:12,007 INFO - ContAudITWrapper#23 - Analyzing current environment state...
2024-10-10 03:32:12,076 INFO - ContAudITWrapper#23 - Saving current environment state...
2024-10-10 03:32:12,077 INFO - ContAudITWrapper#23 - Environment state hash: a7ffc6f8bf1ed76651c14756a061d662f580ff4de43b49fa82d80a4b80f8434a
2024-10-10 03:32:12,079 INFO - ContAudITWrapper#23 - Executing command...
2024-10-10 03:32:17,641 INFO - ContAudITWrapper#23 - Command output: 
2024-10-10 03:32:12.089763996 [executor] Initializing the workflow...
[useradd_workflow] User contaudit23 already exists. Removing...
[useradd_workflow] User contaudit23 successfully removed.
[useradd_workflow] User contaudit23 created successfully.
2024-10-10 03:32:17.639947368 [executor] Finished!

2024-10-10 03:32:17,641 INFO - ContAudITWrapper#23 - Running post-command actions...
2024-10-10 03:32:17,641 INFO - ContAudITWrapper#23 - Analyzing current environment state...
2024-10-10 03:32:17,686 INFO - ContAudITWrapper#23 - Saving current environment state...
2024-10-10 03:32:17,686 INFO - ContAudITWrapper#23 - Environment state hash: a7ffc6f8bf1ed76651c14756a061d662f580ff4de43b49fa82d80a4b80f8434a
2024-10-10 03:32:17,686 INFO - ContAudITWrapper#23 - Checking environment diff...
2024-10-10 03:32:17,698 INFO - ContAudITWrapper#23 - Environment diff: 
2024-10-10 03:32:17,699 INFO - ContAudITWrapper#23 - Cleaning temporary files...
2024-10-10 03:32:17,719 INFO - ContAudITWrapper#23 - Sending to blockchain...
2024-10-10 03:32:21,088 INFO - ContAudITWrapper#23 - Response 
2024-10-10 03:32:21,089 INFO - ContAudITWrapper#23 - Finishing ContAudIT Wrapper...
