2024-10-09 04:44:14,426 INFO - ContAudITWrapper#25 - Initializing ContAudIT Wrapper...
2024-10-09 04:44:14,532 INFO - ContAudITWrapper#25 - Current directory: /home/ec2-user/Code/ufrgs-poc/contaudit-wrapper.jar
2024-10-09 04:44:26,106 INFO - ContAudITWrapper#25 - Wrapper hash: b7519188ed863d76e5199a8d880bb968bdf9124fad53b871583787e123a7a764
2024-10-09 04:44:26,115 INFO - ContAudITWrapper#25 - Validating Wrapper...
2024-10-09 04:45:03,196 INFO - ContAudITWrapper#25 - Response true
2024-10-09 04:45:03,304 INFO - ContAudITWrapper#25 - Application hash: e36ee2d35f8c4c41bd358782dfb3ac8852b40439d350ff27616f0c18819ce9bf
2024-10-09 04:45:03,305 INFO - ContAudITWrapper#25 - Validating Application...
2024-10-09 04:45:12,073 INFO - ContAudITWrapper#25 - Response true
2024-10-09 04:45:12,085 INFO - ContAudITWrapper#25 - Artifact apache2.workflow hash: bdb4cee855e21446b6ae53ddcb76a1632ef8c4545b5db0517e01ffd552157f6e
2024-10-09 04:45:12,103 INFO - ContAudITWrapper#25 - Validating Artifact...
2024-10-09 04:45:17,949 INFO - ContAudITWrapper#25 - Response true
2024-10-09 04:45:17,952 INFO - ContAudITWrapper#25 - Running pre-command actions...
2024-10-09 04:45:17,953 INFO - ContAudITWrapper#25 - Analyzing current environment state...
2024-10-09 04:45:18,044 INFO - ContAudITWrapper#25 - Saving current environment state...
2024-10-09 04:45:18,045 INFO - ContAudITWrapper#25 - Environment state hash: a7ffc6f8bf1ed76651c14756a061d662f580ff4de43b49fa82d80a4b80f8434a
2024-10-09 04:45:18,046 INFO - ContAudITWrapper#25 - Executing command...
2024-10-09 04:45:19,026 INFO - ContAudITWrapper#25 - Command output: 
2024-10-09 04:45:18.195255419 [executor] Initializing the workflow...
[apache2_workflow] Apache HTTP Server already installed.
[apache2_workflow] UserDir module already loaded.
[apache2_workflow] Configs to UserDir already exist.
[apache2_workflow] public_html directory already exists in /home/ec2-user.
[apache2_workflow] Creating a simple webpage...
[apache2_workflow] Moving webpage to Apache HTTP Server user website folder...
[apache2_workflow] Page moved successfully!
2024-10-09 04:45:19.025533500 [executor] Finished!

2024-10-09 04:45:19,026 INFO - ContAudITWrapper#25 - Running post-command actions...
2024-10-09 04:45:19,027 INFO - ContAudITWrapper#25 - Analyzing current environment state...
2024-10-09 04:45:19,157 INFO - ContAudITWrapper#25 - Saving current environment state...
2024-10-09 04:45:19,158 INFO - ContAudITWrapper#25 - Environment state hash: a7ffc6f8bf1ed76651c14756a061d662f580ff4de43b49fa82d80a4b80f8434a
2024-10-09 04:45:19,159 INFO - ContAudITWrapper#25 - Checking environment diff...
2024-10-09 04:45:19,214 INFO - ContAudITWrapper#25 - Environment diff: 
2024-10-09 04:45:19,215 INFO - ContAudITWrapper#25 - Cleaning temporary files...
2024-10-09 04:45:19,256 INFO - ContAudITWrapper#25 - Sending to blockchain...
2024-10-09 04:45:28,185 INFO - ContAudITWrapper#25 - Response 
2024-10-09 04:45:28,186 INFO - ContAudITWrapper#25 - Finishing ContAudIT Wrapper...
