2024-10-09 04:44:12,885 INFO - ContAudITWrapper#13 - Initializing ContAudIT Wrapper...
2024-10-09 04:44:13,046 INFO - ContAudITWrapper#13 - Current directory: /home/ec2-user/Code/ufrgs-poc/contaudit-wrapper.jar
2024-10-09 04:44:27,916 INFO - ContAudITWrapper#13 - Wrapper hash: b7519188ed863d76e5199a8d880bb968bdf9124fad53b871583787e123a7a764
2024-10-09 04:44:27,977 INFO - ContAudITWrapper#13 - Validating Wrapper...
2024-10-09 04:45:07,875 INFO - ContAudITWrapper#13 - Response true
2024-10-09 04:45:07,956 INFO - ContAudITWrapper#13 - Application hash: e36ee2d35f8c4c41bd358782dfb3ac8852b40439d350ff27616f0c18819ce9bf
2024-10-09 04:45:07,957 INFO - ContAudITWrapper#13 - Validating Application...
2024-10-09 04:45:16,883 INFO - ContAudITWrapper#13 - Response true
2024-10-09 04:45:16,894 INFO - ContAudITWrapper#13 - Artifact apache2.workflow hash: bdb4cee855e21446b6ae53ddcb76a1632ef8c4545b5db0517e01ffd552157f6e
2024-10-09 04:45:16,939 INFO - ContAudITWrapper#13 - Validating Artifact...
2024-10-09 04:45:23,294 INFO - ContAudITWrapper#13 - Response true
2024-10-09 04:45:23,301 INFO - ContAudITWrapper#13 - Running pre-command actions...
2024-10-09 04:45:23,303 INFO - ContAudITWrapper#13 - Analyzing current environment state...
2024-10-09 04:45:23,430 INFO - ContAudITWrapper#13 - Saving current environment state...
2024-10-09 04:45:23,432 INFO - ContAudITWrapper#13 - Environment state hash: a7ffc6f8bf1ed76651c14756a061d662f580ff4de43b49fa82d80a4b80f8434a
2024-10-09 04:45:23,433 INFO - ContAudITWrapper#13 - Executing command...
2024-10-09 04:45:24,351 INFO - ContAudITWrapper#13 - Command output: 
2024-10-09 04:45:23.479540662 [executor] Initializing the workflow...
[apache2_workflow] Apache HTTP Server already installed.
[apache2_workflow] UserDir module already loaded.
[apache2_workflow] Configs to UserDir already exist.
[apache2_workflow] public_html directory already exists in /home/ec2-user.
[apache2_workflow] Creating a simple webpage...
[apache2_workflow] Moving webpage to Apache HTTP Server user website folder...
[apache2_workflow] Page moved successfully!
2024-10-09 04:45:24.350793730 [executor] Finished!

2024-10-09 04:45:24,352 INFO - ContAudITWrapper#13 - Running post-command actions...
2024-10-09 04:45:24,352 INFO - ContAudITWrapper#13 - Analyzing current environment state...
2024-10-09 04:45:24,408 INFO - ContAudITWrapper#13 - Saving current environment state...
2024-10-09 04:45:24,408 INFO - ContAudITWrapper#13 - Environment state hash: a7ffc6f8bf1ed76651c14756a061d662f580ff4de43b49fa82d80a4b80f8434a
2024-10-09 04:45:24,408 INFO - ContAudITWrapper#13 - Checking environment diff...
2024-10-09 04:45:24,516 INFO - ContAudITWrapper#13 - Environment diff: 
2024-10-09 04:45:24,517 INFO - ContAudITWrapper#13 - Cleaning temporary files...
2024-10-09 04:45:24,588 INFO - ContAudITWrapper#13 - Sending to blockchain...
2024-10-09 04:45:31,132 INFO - ContAudITWrapper#13 - Response 
2024-10-09 04:45:31,133 INFO - ContAudITWrapper#13 - Finishing ContAudIT Wrapper...
