2024-10-09 04:44:13,974 INFO - ContAudITWrapper#30 - Initializing ContAudIT Wrapper...
2024-10-09 04:44:14,167 INFO - ContAudITWrapper#30 - Current directory: /home/ec2-user/Code/ufrgs-poc/contaudit-wrapper.jar
2024-10-09 04:44:25,477 INFO - ContAudITWrapper#30 - Wrapper hash: b7519188ed863d76e5199a8d880bb968bdf9124fad53b871583787e123a7a764
2024-10-09 04:44:25,486 INFO - ContAudITWrapper#30 - Validating Wrapper...
2024-10-09 04:45:02,657 INFO - ContAudITWrapper#30 - Response true
2024-10-09 04:45:02,749 INFO - ContAudITWrapper#30 - Application hash: e36ee2d35f8c4c41bd358782dfb3ac8852b40439d350ff27616f0c18819ce9bf
2024-10-09 04:45:02,751 INFO - ContAudITWrapper#30 - Validating Application...
2024-10-09 04:45:12,763 INFO - ContAudITWrapper#30 - Response true
2024-10-09 04:45:12,771 INFO - ContAudITWrapper#30 - Artifact apache2.workflow hash: bdb4cee855e21446b6ae53ddcb76a1632ef8c4545b5db0517e01ffd552157f6e
2024-10-09 04:45:12,788 INFO - ContAudITWrapper#30 - Validating Artifact...
2024-10-09 04:45:21,035 INFO - ContAudITWrapper#30 - Response true
2024-10-09 04:45:21,040 INFO - ContAudITWrapper#30 - Running pre-command actions...
2024-10-09 04:45:21,042 INFO - ContAudITWrapper#30 - Analyzing current environment state...
2024-10-09 04:45:21,139 INFO - ContAudITWrapper#30 - Saving current environment state...
2024-10-09 04:45:21,140 INFO - ContAudITWrapper#30 - Environment state hash: a7ffc6f8bf1ed76651c14756a061d662f580ff4de43b49fa82d80a4b80f8434a
2024-10-09 04:45:21,140 INFO - ContAudITWrapper#30 - Executing command...
2024-10-09 04:45:21,981 INFO - ContAudITWrapper#30 - Command output: 
2024-10-09 04:45:21.223697808 [executor] Initializing the workflow...
[apache2_workflow] Apache HTTP Server already installed.
[apache2_workflow] UserDir module already loaded.
[apache2_workflow] Configs to UserDir already exist.
[apache2_workflow] public_html directory already exists in /home/ec2-user.
[apache2_workflow] Creating a simple webpage...
[apache2_workflow] Moving webpage to Apache HTTP Server user website folder...
[apache2_workflow] Page moved successfully!
2024-10-09 04:45:21.980323776 [executor] Finished!

2024-10-09 04:45:21,981 INFO - ContAudITWrapper#30 - Running post-command actions...
2024-10-09 04:45:21,981 INFO - ContAudITWrapper#30 - Analyzing current environment state...
2024-10-09 04:45:22,010 INFO - ContAudITWrapper#30 - Saving current environment state...
2024-10-09 04:45:22,011 INFO - ContAudITWrapper#30 - Environment state hash: a7ffc6f8bf1ed76651c14756a061d662f580ff4de43b49fa82d80a4b80f8434a
2024-10-09 04:45:22,011 INFO - ContAudITWrapper#30 - Checking environment diff...
2024-10-09 04:45:22,036 INFO - ContAudITWrapper#30 - Environment diff: 
2024-10-09 04:45:22,036 INFO - ContAudITWrapper#30 - Cleaning temporary files...
2024-10-09 04:45:22,106 INFO - ContAudITWrapper#30 - Sending to blockchain...
2024-10-09 04:45:30,361 INFO - ContAudITWrapper#30 - Response 
2024-10-09 04:45:30,363 INFO - ContAudITWrapper#30 - Finishing ContAudIT Wrapper...
