2024-10-09 04:44:13,447 INFO - ContAudITWrapper#52 - Initializing ContAudIT Wrapper...
2024-10-09 04:44:13,615 INFO - ContAudITWrapper#52 - Current directory: /home/ec2-user/Code/ufrgs-poc/contaudit-wrapper.jar
2024-10-09 04:44:26,929 INFO - ContAudITWrapper#52 - Wrapper hash: b7519188ed863d76e5199a8d880bb968bdf9124fad53b871583787e123a7a764
2024-10-09 04:44:27,049 INFO - ContAudITWrapper#52 - Validating Wrapper...
2024-10-09 04:45:06,440 INFO - ContAudITWrapper#52 - Response true
2024-10-09 04:45:06,531 INFO - ContAudITWrapper#52 - Application hash: e36ee2d35f8c4c41bd358782dfb3ac8852b40439d350ff27616f0c18819ce9bf
2024-10-09 04:45:06,532 INFO - ContAudITWrapper#52 - Validating Application...
2024-10-09 04:45:15,002 INFO - ContAudITWrapper#52 - Response true
2024-10-09 04:45:15,018 INFO - ContAudITWrapper#52 - Artifact apache2.workflow hash: bdb4cee855e21446b6ae53ddcb76a1632ef8c4545b5db0517e01ffd552157f6e
2024-10-09 04:45:15,044 INFO - ContAudITWrapper#52 - Validating Artifact...
2024-10-09 04:45:22,388 INFO - ContAudITWrapper#52 - Response true
2024-10-09 04:45:22,398 INFO - ContAudITWrapper#52 - Running pre-command actions...
2024-10-09 04:45:22,399 INFO - ContAudITWrapper#52 - Analyzing current environment state...
2024-10-09 04:45:22,507 INFO - ContAudITWrapper#52 - Saving current environment state...
2024-10-09 04:45:22,508 INFO - ContAudITWrapper#52 - Environment state hash: a7ffc6f8bf1ed76651c14756a061d662f580ff4de43b49fa82d80a4b80f8434a
2024-10-09 04:45:22,508 INFO - ContAudITWrapper#52 - Executing command...
2024-10-09 04:45:23,521 INFO - ContAudITWrapper#52 - Command output: 
2024-10-09 04:45:22.626214709 [executor] Initializing the workflow...
[apache2_workflow] Apache HTTP Server already installed.
[apache2_workflow] UserDir module already loaded.
[apache2_workflow] Configs to UserDir already exist.
[apache2_workflow] public_html directory already exists in /home/ec2-user.
[apache2_workflow] Creating a simple webpage...
[apache2_workflow] Moving webpage to Apache HTTP Server user website folder...
[apache2_workflow] Page moved successfully!
2024-10-09 04:45:23.520644040 [executor] Finished!

2024-10-09 04:45:23,521 INFO - ContAudITWrapper#52 - Running post-command actions...
2024-10-09 04:45:23,522 INFO - ContAudITWrapper#52 - Analyzing current environment state...
2024-10-09 04:45:23,587 INFO - ContAudITWrapper#52 - Saving current environment state...
2024-10-09 04:45:23,588 INFO - ContAudITWrapper#52 - Environment state hash: a7ffc6f8bf1ed76651c14756a061d662f580ff4de43b49fa82d80a4b80f8434a
2024-10-09 04:45:23,589 INFO - ContAudITWrapper#52 - Checking environment diff...
2024-10-09 04:45:23,610 INFO - ContAudITWrapper#52 - Environment diff: 
2024-10-09 04:45:23,610 INFO - ContAudITWrapper#52 - Cleaning temporary files...
2024-10-09 04:45:23,647 INFO - ContAudITWrapper#52 - Sending to blockchain...
2024-10-09 04:45:30,408 INFO - ContAudITWrapper#52 - Response 
2024-10-09 04:45:30,411 INFO - ContAudITWrapper#52 - Finishing ContAudIT Wrapper...
