2024-10-09 04:09:31,650 INFO - ContAudITWrapper#52 - Initializing ContAudIT Wrapper...
2024-10-09 04:09:31,785 INFO - ContAudITWrapper#52 - Current directory: /home/ec2-user/Code/ufrgs-poc/contaudit-wrapper.jar
2024-10-09 04:09:48,996 INFO - ContAudITWrapper#52 - Wrapper hash: b7519188ed863d76e5199a8d880bb968bdf9124fad53b871583787e123a7a764
2024-10-09 04:09:49,025 INFO - ContAudITWrapper#52 - Validating Wrapper...
2024-10-09 04:10:38,043 INFO - ContAudITWrapper#52 - Response true
2024-10-09 04:10:38,193 INFO - ContAudITWrapper#52 - Application hash: e36ee2d35f8c4c41bd358782dfb3ac8852b40439d350ff27616f0c18819ce9bf
2024-10-09 04:10:38,196 INFO - ContAudITWrapper#52 - Validating Application...
2024-10-09 04:10:48,413 INFO - ContAudITWrapper#52 - Response true
2024-10-09 04:10:48,483 INFO - ContAudITWrapper#52 - Artifact apache2.workflow hash: bdb4cee855e21446b6ae53ddcb76a1632ef8c4545b5db0517e01ffd552157f6e
2024-10-09 04:10:48,493 INFO - ContAudITWrapper#52 - Validating Artifact...
2024-10-09 04:10:59,362 INFO - ContAudITWrapper#52 - Response true
2024-10-09 04:10:59,369 INFO - ContAudITWrapper#52 - Running pre-command actions...
2024-10-09 04:10:59,371 INFO - ContAudITWrapper#52 - Analyzing current environment state...
2024-10-09 04:10:59,538 INFO - ContAudITWrapper#52 - Saving current environment state...
2024-10-09 04:10:59,540 INFO - ContAudITWrapper#52 - Environment state hash: a7ffc6f8bf1ed76651c14756a061d662f580ff4de43b49fa82d80a4b80f8434a
2024-10-09 04:10:59,540 INFO - ContAudITWrapper#52 - Executing command...
2024-10-09 04:11:00,881 INFO - ContAudITWrapper#52 - Command output: 
2024-10-09 04:10:59.620529840 [executor] Initializing the workflow...
[apache2_workflow] Apache HTTP Server already installed.
[apache2_workflow] UserDir module already loaded.
[apache2_workflow] Configs to UserDir already exist.
[apache2_workflow] public_html directory already exists in /home/ec2-user.
[apache2_workflow] Creating a simple webpage...
[apache2_workflow] Moving webpage to Apache HTTP Server user website folder...
[apache2_workflow] Page moved successfully!
2024-10-09 04:11:00.876172282 [executor] Finished!

2024-10-09 04:11:00,881 INFO - ContAudITWrapper#52 - Running post-command actions...
2024-10-09 04:11:00,881 INFO - ContAudITWrapper#52 - Analyzing current environment state...
2024-10-09 04:11:00,992 INFO - ContAudITWrapper#52 - Saving current environment state...
2024-10-09 04:11:00,993 INFO - ContAudITWrapper#52 - Environment state hash: a7ffc6f8bf1ed76651c14756a061d662f580ff4de43b49fa82d80a4b80f8434a
2024-10-09 04:11:00,995 INFO - ContAudITWrapper#52 - Checking environment diff...
2024-10-09 04:11:01,039 INFO - ContAudITWrapper#52 - Environment diff: 
2024-10-09 04:11:01,039 INFO - ContAudITWrapper#52 - Cleaning temporary files...
2024-10-09 04:11:01,123 INFO - ContAudITWrapper#52 - Sending to blockchain...
2024-10-09 04:11:08,082 INFO - ContAudITWrapper#52 - Response 
2024-10-09 04:11:08,085 INFO - ContAudITWrapper#52 - Finishing ContAudIT Wrapper...
