2024-10-09 04:09:30,768 INFO - ContAudITWrapper#50 - Initializing ContAudIT Wrapper...
2024-10-09 04:09:30,936 INFO - ContAudITWrapper#50 - Current directory: /home/ec2-user/Code/ufrgs-poc/contaudit-wrapper.jar
2024-10-09 04:09:45,300 INFO - ContAudITWrapper#50 - Wrapper hash: b7519188ed863d76e5199a8d880bb968bdf9124fad53b871583787e123a7a764
2024-10-09 04:09:45,308 INFO - ContAudITWrapper#50 - Validating Wrapper...
2024-10-09 04:10:29,700 INFO - ContAudITWrapper#50 - Response true
2024-10-09 04:10:29,820 INFO - ContAudITWrapper#50 - Application hash: e36ee2d35f8c4c41bd358782dfb3ac8852b40439d350ff27616f0c18819ce9bf
2024-10-09 04:10:29,821 INFO - ContAudITWrapper#50 - Validating Application...
2024-10-09 04:10:41,252 INFO - ContAudITWrapper#50 - Response true
2024-10-09 04:10:41,285 INFO - ContAudITWrapper#50 - Artifact apache2.workflow hash: bdb4cee855e21446b6ae53ddcb76a1632ef8c4545b5db0517e01ffd552157f6e
2024-10-09 04:10:41,294 INFO - ContAudITWrapper#50 - Validating Artifact...
2024-10-09 04:10:50,084 INFO - ContAudITWrapper#50 - Response true
2024-10-09 04:10:50,105 INFO - ContAudITWrapper#50 - Running pre-command actions...
2024-10-09 04:10:50,107 INFO - ContAudITWrapper#50 - Analyzing current environment state...
2024-10-09 04:10:50,273 INFO - ContAudITWrapper#50 - Saving current environment state...
2024-10-09 04:10:50,274 INFO - ContAudITWrapper#50 - Environment state hash: a7ffc6f8bf1ed76651c14756a061d662f580ff4de43b49fa82d80a4b80f8434a
2024-10-09 04:10:50,274 INFO - ContAudITWrapper#50 - Executing command...
2024-10-09 04:10:51,647 INFO - ContAudITWrapper#50 - Command output: 
2024-10-09 04:10:50.353115894 [executor] Initializing the workflow...
[apache2_workflow] Apache HTTP Server already installed.
[apache2_workflow] UserDir module already loaded.
[apache2_workflow] Configs to UserDir already exist.
[apache2_workflow] public_html directory already exists in /home/ec2-user.
[apache2_workflow] Creating a simple webpage...
[apache2_workflow] Moving webpage to Apache HTTP Server user website folder...
[apache2_workflow] Page moved successfully!
2024-10-09 04:10:51.643040621 [executor] Finished!

2024-10-09 04:10:51,647 INFO - ContAudITWrapper#50 - Running post-command actions...
2024-10-09 04:10:51,647 INFO - ContAudITWrapper#50 - Analyzing current environment state...
2024-10-09 04:10:51,838 INFO - ContAudITWrapper#50 - Saving current environment state...
2024-10-09 04:10:51,839 INFO - ContAudITWrapper#50 - Environment state hash: a7ffc6f8bf1ed76651c14756a061d662f580ff4de43b49fa82d80a4b80f8434a
2024-10-09 04:10:51,839 INFO - ContAudITWrapper#50 - Checking environment diff...
2024-10-09 04:10:51,890 INFO - ContAudITWrapper#50 - Environment diff: 
2024-10-09 04:10:51,890 INFO - ContAudITWrapper#50 - Cleaning temporary files...
2024-10-09 04:10:51,942 INFO - ContAudITWrapper#50 - Sending to blockchain...
2024-10-09 04:11:03,281 INFO - ContAudITWrapper#50 - Response 
2024-10-09 04:11:03,282 INFO - ContAudITWrapper#50 - Finishing ContAudIT Wrapper...
