2024-10-09 04:09:31,780 INFO - ContAudITWrapper#65 - Initializing ContAudIT Wrapper...
2024-10-09 04:09:31,970 INFO - ContAudITWrapper#65 - Current directory: /home/ec2-user/Code/ufrgs-poc/contaudit-wrapper.jar
2024-10-09 04:09:52,959 INFO - ContAudITWrapper#65 - Wrapper hash: b7519188ed863d76e5199a8d880bb968bdf9124fad53b871583787e123a7a764
2024-10-09 04:09:53,046 INFO - ContAudITWrapper#65 - Validating Wrapper...
2024-10-09 04:10:43,179 INFO - ContAudITWrapper#65 - Response true
2024-10-09 04:10:43,291 INFO - ContAudITWrapper#65 - Application hash: e36ee2d35f8c4c41bd358782dfb3ac8852b40439d350ff27616f0c18819ce9bf
2024-10-09 04:10:43,292 INFO - ContAudITWrapper#65 - Validating Application...
2024-10-09 04:10:50,904 INFO - ContAudITWrapper#65 - Response true
2024-10-09 04:10:50,935 INFO - ContAudITWrapper#65 - Artifact apache2.workflow hash: bdb4cee855e21446b6ae53ddcb76a1632ef8c4545b5db0517e01ffd552157f6e
2024-10-09 04:10:51,045 INFO - ContAudITWrapper#65 - Validating Artifact...
2024-10-09 04:10:58,226 INFO - ContAudITWrapper#65 - Response true
2024-10-09 04:10:58,235 INFO - ContAudITWrapper#65 - Running pre-command actions...
2024-10-09 04:10:58,237 INFO - ContAudITWrapper#65 - Analyzing current environment state...
2024-10-09 04:10:58,335 INFO - ContAudITWrapper#65 - Saving current environment state...
2024-10-09 04:10:58,336 INFO - ContAudITWrapper#65 - Environment state hash: a7ffc6f8bf1ed76651c14756a061d662f580ff4de43b49fa82d80a4b80f8434a
2024-10-09 04:10:58,336 INFO - ContAudITWrapper#65 - Executing command...
2024-10-09 04:10:59,076 INFO - ContAudITWrapper#65 - Command output: 
2024-10-09 04:10:58.405493977 [executor] Initializing the workflow...
[apache2_workflow] Apache HTTP Server already installed.
[apache2_workflow] UserDir module already loaded.
[apache2_workflow] Configs to UserDir already exist.
[apache2_workflow] public_html directory already exists in /home/ec2-user.
[apache2_workflow] Creating a simple webpage...
[apache2_workflow] Moving webpage to Apache HTTP Server user website folder...
[apache2_workflow] Page moved successfully!
2024-10-09 04:10:59.075445740 [executor] Finished!

2024-10-09 04:10:59,076 INFO - ContAudITWrapper#65 - Running post-command actions...
2024-10-09 04:10:59,076 INFO - ContAudITWrapper#65 - Analyzing current environment state...
2024-10-09 04:10:59,162 INFO - ContAudITWrapper#65 - Saving current environment state...
2024-10-09 04:10:59,163 INFO - ContAudITWrapper#65 - Environment state hash: a7ffc6f8bf1ed76651c14756a061d662f580ff4de43b49fa82d80a4b80f8434a
2024-10-09 04:10:59,163 INFO - ContAudITWrapper#65 - Checking environment diff...
2024-10-09 04:10:59,179 INFO - ContAudITWrapper#65 - Environment diff: 
2024-10-09 04:10:59,180 INFO - ContAudITWrapper#65 - Cleaning temporary files...
2024-10-09 04:10:59,282 INFO - ContAudITWrapper#65 - Sending to blockchain...
2024-10-09 04:11:08,945 INFO - ContAudITWrapper#65 - Response 
2024-10-09 04:11:08,947 INFO - ContAudITWrapper#65 - Finishing ContAudIT Wrapper...
