2024-10-09 04:09:31,575 INFO - ContAudITWrapper#14 - Initializing ContAudIT Wrapper...
2024-10-09 04:09:31,815 INFO - ContAudITWrapper#14 - Current directory: /home/ec2-user/Code/ufrgs-poc/contaudit-wrapper.jar
2024-10-09 04:09:56,303 INFO - ContAudITWrapper#14 - Wrapper hash: b7519188ed863d76e5199a8d880bb968bdf9124fad53b871583787e123a7a764
2024-10-09 04:09:56,445 INFO - ContAudITWrapper#14 - Validating Wrapper...
2024-10-09 04:10:43,320 INFO - ContAudITWrapper#14 - Response true
2024-10-09 04:10:43,523 INFO - ContAudITWrapper#14 - Application hash: e36ee2d35f8c4c41bd358782dfb3ac8852b40439d350ff27616f0c18819ce9bf
2024-10-09 04:10:43,525 INFO - ContAudITWrapper#14 - Validating Application...
2024-10-09 04:10:53,912 INFO - ContAudITWrapper#14 - Response true
2024-10-09 04:10:53,940 INFO - ContAudITWrapper#14 - Artifact apache2.workflow hash: bdb4cee855e21446b6ae53ddcb76a1632ef8c4545b5db0517e01ffd552157f6e
2024-10-09 04:10:53,954 INFO - ContAudITWrapper#14 - Validating Artifact...
2024-10-09 04:10:57,913 INFO - ContAudITWrapper#14 - Response true
2024-10-09 04:10:57,979 INFO - ContAudITWrapper#14 - Running pre-command actions...
2024-10-09 04:10:57,981 INFO - ContAudITWrapper#14 - Analyzing current environment state...
2024-10-09 04:10:58,166 INFO - ContAudITWrapper#14 - Saving current environment state...
2024-10-09 04:10:58,167 INFO - ContAudITWrapper#14 - Environment state hash: a7ffc6f8bf1ed76651c14756a061d662f580ff4de43b49fa82d80a4b80f8434a
2024-10-09 04:10:58,168 INFO - ContAudITWrapper#14 - Executing command...
2024-10-09 04:10:59,046 INFO - ContAudITWrapper#14 - Command output: 
2024-10-09 04:10:58.313071263 [executor] Initializing the workflow...
[apache2_workflow] Apache HTTP Server already installed.
[apache2_workflow] UserDir module already loaded.
[apache2_workflow] Configs to UserDir already exist.
[apache2_workflow] public_html directory already exists in /home/ec2-user.
[apache2_workflow] Creating a simple webpage...
[apache2_workflow] Moving webpage to Apache HTTP Server user website folder...
[apache2_workflow] Page moved successfully!
2024-10-09 04:10:59.045064513 [executor] Finished!

2024-10-09 04:10:59,046 INFO - ContAudITWrapper#14 - Running post-command actions...
2024-10-09 04:10:59,046 INFO - ContAudITWrapper#14 - Analyzing current environment state...
2024-10-09 04:10:59,174 INFO - ContAudITWrapper#14 - Saving current environment state...
2024-10-09 04:10:59,174 INFO - ContAudITWrapper#14 - Environment state hash: a7ffc6f8bf1ed76651c14756a061d662f580ff4de43b49fa82d80a4b80f8434a
2024-10-09 04:10:59,174 INFO - ContAudITWrapper#14 - Checking environment diff...
2024-10-09 04:10:59,202 INFO - ContAudITWrapper#14 - Environment diff: 
2024-10-09 04:10:59,203 INFO - ContAudITWrapper#14 - Cleaning temporary files...
2024-10-09 04:10:59,226 INFO - ContAudITWrapper#14 - Sending to blockchain...
2024-10-09 04:11:07,004 INFO - ContAudITWrapper#14 - Response 
2024-10-09 04:11:07,006 INFO - ContAudITWrapper#14 - Finishing ContAudIT Wrapper...
