2024-10-09 04:09:31,175 INFO - ContAudITWrapper#3 - Initializing ContAudIT Wrapper...
2024-10-09 04:09:31,339 INFO - ContAudITWrapper#3 - Current directory: /home/ec2-user/Code/ufrgs-poc/contaudit-wrapper.jar
2024-10-09 04:09:55,552 INFO - ContAudITWrapper#3 - Wrapper hash: b7519188ed863d76e5199a8d880bb968bdf9124fad53b871583787e123a7a764
2024-10-09 04:09:55,560 INFO - ContAudITWrapper#3 - Validating Wrapper...
2024-10-09 04:10:45,936 INFO - ContAudITWrapper#3 - Response true
2024-10-09 04:10:45,997 INFO - ContAudITWrapper#3 - Application hash: e36ee2d35f8c4c41bd358782dfb3ac8852b40439d350ff27616f0c18819ce9bf
2024-10-09 04:10:45,998 INFO - ContAudITWrapper#3 - Validating Application...
2024-10-09 04:10:53,887 INFO - ContAudITWrapper#3 - Response true
2024-10-09 04:10:54,046 INFO - ContAudITWrapper#3 - Artifact apache2.workflow hash: bdb4cee855e21446b6ae53ddcb76a1632ef8c4545b5db0517e01ffd552157f6e
2024-10-09 04:10:54,101 INFO - ContAudITWrapper#3 - Validating Artifact...
2024-10-09 04:11:02,119 INFO - ContAudITWrapper#3 - Response true
2024-10-09 04:11:02,130 INFO - ContAudITWrapper#3 - Running pre-command actions...
2024-10-09 04:11:02,131 INFO - ContAudITWrapper#3 - Analyzing current environment state...
2024-10-09 04:11:02,270 INFO - ContAudITWrapper#3 - Saving current environment state...
2024-10-09 04:11:02,271 INFO - ContAudITWrapper#3 - Environment state hash: a7ffc6f8bf1ed76651c14756a061d662f580ff4de43b49fa82d80a4b80f8434a
2024-10-09 04:11:02,271 INFO - ContAudITWrapper#3 - Executing command...
2024-10-09 04:11:03,566 INFO - ContAudITWrapper#3 - Command output: 
2024-10-09 04:11:02.299507428 [executor] Initializing the workflow...
[apache2_workflow] Apache HTTP Server already installed.
[apache2_workflow] UserDir module already loaded.
[apache2_workflow] Configs to UserDir already exist.
[apache2_workflow] public_html directory already exists in /home/ec2-user.
[apache2_workflow] Creating a simple webpage...
[apache2_workflow] Moving webpage to Apache HTTP Server user website folder...
[apache2_workflow] Page moved successfully!
2024-10-09 04:11:03.565232444 [executor] Finished!

2024-10-09 04:11:03,567 INFO - ContAudITWrapper#3 - Running post-command actions...
2024-10-09 04:11:03,567 INFO - ContAudITWrapper#3 - Analyzing current environment state...
2024-10-09 04:11:03,677 INFO - ContAudITWrapper#3 - Saving current environment state...
2024-10-09 04:11:03,678 INFO - ContAudITWrapper#3 - Environment state hash: a7ffc6f8bf1ed76651c14756a061d662f580ff4de43b49fa82d80a4b80f8434a
2024-10-09 04:11:03,679 INFO - ContAudITWrapper#3 - Checking environment diff...
2024-10-09 04:11:03,787 INFO - ContAudITWrapper#3 - Environment diff: 
2024-10-09 04:11:03,787 INFO - ContAudITWrapper#3 - Cleaning temporary files...
2024-10-09 04:11:03,847 INFO - ContAudITWrapper#3 - Sending to blockchain...
2024-10-09 04:11:09,892 INFO - ContAudITWrapper#3 - Response 
2024-10-09 04:11:09,901 INFO - ContAudITWrapper#3 - Finishing ContAudIT Wrapper...
