2024-10-09 04:09:31,599 INFO - ContAudITWrapper#36 - Initializing ContAudIT Wrapper...
2024-10-09 04:09:31,748 INFO - ContAudITWrapper#36 - Current directory: /home/ec2-user/Code/ufrgs-poc/contaudit-wrapper.jar
2024-10-09 04:09:46,911 INFO - ContAudITWrapper#36 - Wrapper hash: b7519188ed863d76e5199a8d880bb968bdf9124fad53b871583787e123a7a764
2024-10-09 04:09:46,918 INFO - ContAudITWrapper#36 - Validating Wrapper...
2024-10-09 04:10:34,313 INFO - ContAudITWrapper#36 - Response true
2024-10-09 04:10:34,406 INFO - ContAudITWrapper#36 - Application hash: e36ee2d35f8c4c41bd358782dfb3ac8852b40439d350ff27616f0c18819ce9bf
2024-10-09 04:10:34,407 INFO - ContAudITWrapper#36 - Validating Application...
2024-10-09 04:10:45,723 INFO - ContAudITWrapper#36 - Response true
2024-10-09 04:10:45,732 INFO - ContAudITWrapper#36 - Artifact apache2.workflow hash: bdb4cee855e21446b6ae53ddcb76a1632ef8c4545b5db0517e01ffd552157f6e
2024-10-09 04:10:45,864 INFO - ContAudITWrapper#36 - Validating Artifact...
2024-10-09 04:10:55,399 INFO - ContAudITWrapper#36 - Response true
2024-10-09 04:10:55,406 INFO - ContAudITWrapper#36 - Running pre-command actions...
2024-10-09 04:10:55,407 INFO - ContAudITWrapper#36 - Analyzing current environment state...
2024-10-09 04:10:55,519 INFO - ContAudITWrapper#36 - Saving current environment state...
2024-10-09 04:10:55,520 INFO - ContAudITWrapper#36 - Environment state hash: a7ffc6f8bf1ed76651c14756a061d662f580ff4de43b49fa82d80a4b80f8434a
2024-10-09 04:10:55,520 INFO - ContAudITWrapper#36 - Executing command...
2024-10-09 04:10:56,764 INFO - ContAudITWrapper#36 - Command output: 
2024-10-09 04:10:55.705308618 [executor] Initializing the workflow...
[apache2_workflow] Apache HTTP Server already installed.
[apache2_workflow] UserDir module already loaded.
[apache2_workflow] Configs to UserDir already exist.
[apache2_workflow] public_html directory already exists in /home/ec2-user.
[apache2_workflow] Creating a simple webpage...
[apache2_workflow] Moving webpage to Apache HTTP Server user website folder...
[apache2_workflow] Page moved successfully!
2024-10-09 04:10:56.758018333 [executor] Finished!

2024-10-09 04:10:56,764 INFO - ContAudITWrapper#36 - Running post-command actions...
2024-10-09 04:10:56,764 INFO - ContAudITWrapper#36 - Analyzing current environment state...
2024-10-09 04:10:56,939 INFO - ContAudITWrapper#36 - Saving current environment state...
2024-10-09 04:10:56,939 INFO - ContAudITWrapper#36 - Environment state hash: a7ffc6f8bf1ed76651c14756a061d662f580ff4de43b49fa82d80a4b80f8434a
2024-10-09 04:10:56,939 INFO - ContAudITWrapper#36 - Checking environment diff...
2024-10-09 04:10:57,084 INFO - ContAudITWrapper#36 - Environment diff: 
2024-10-09 04:10:57,084 INFO - ContAudITWrapper#36 - Cleaning temporary files...
2024-10-09 04:10:57,101 INFO - ContAudITWrapper#36 - Sending to blockchain...
2024-10-09 04:11:05,210 INFO - ContAudITWrapper#36 - Response 
2024-10-09 04:11:05,212 INFO - ContAudITWrapper#36 - Finishing ContAudIT Wrapper...
