2024-10-09 04:09:31,996 INFO - ContAudITWrapper#34 - Initializing ContAudIT Wrapper...
2024-10-09 04:09:32,117 INFO - ContAudITWrapper#34 - Current directory: /home/ec2-user/Code/ufrgs-poc/contaudit-wrapper.jar
2024-10-09 04:09:47,765 INFO - ContAudITWrapper#34 - Wrapper hash: b7519188ed863d76e5199a8d880bb968bdf9124fad53b871583787e123a7a764
2024-10-09 04:09:47,775 INFO - ContAudITWrapper#34 - Validating Wrapper...
2024-10-09 04:10:34,925 INFO - ContAudITWrapper#34 - Response true
2024-10-09 04:10:34,986 INFO - ContAudITWrapper#34 - Application hash: e36ee2d35f8c4c41bd358782dfb3ac8852b40439d350ff27616f0c18819ce9bf
2024-10-09 04:10:34,987 INFO - ContAudITWrapper#34 - Validating Application...
2024-10-09 04:10:46,542 INFO - ContAudITWrapper#34 - Response true
2024-10-09 04:10:46,561 INFO - ContAudITWrapper#34 - Artifact apache2.workflow hash: bdb4cee855e21446b6ae53ddcb76a1632ef8c4545b5db0517e01ffd552157f6e
2024-10-09 04:10:46,641 INFO - ContAudITWrapper#34 - Validating Artifact...
2024-10-09 04:10:55,426 INFO - ContAudITWrapper#34 - Response true
2024-10-09 04:10:55,429 INFO - ContAudITWrapper#34 - Running pre-command actions...
2024-10-09 04:10:55,430 INFO - ContAudITWrapper#34 - Analyzing current environment state...
2024-10-09 04:10:55,520 INFO - ContAudITWrapper#34 - Saving current environment state...
2024-10-09 04:10:55,521 INFO - ContAudITWrapper#34 - Environment state hash: a7ffc6f8bf1ed76651c14756a061d662f580ff4de43b49fa82d80a4b80f8434a
2024-10-09 04:10:55,521 INFO - ContAudITWrapper#34 - Executing command...
2024-10-09 04:10:56,929 INFO - ContAudITWrapper#34 - Command output: 
2024-10-09 04:10:55.620972419 [executor] Initializing the workflow...
[apache2_workflow] Apache HTTP Server already installed.
[apache2_workflow] UserDir module already loaded.
[apache2_workflow] Configs to UserDir already exist.
[apache2_workflow] public_html directory already exists in /home/ec2-user.
[apache2_workflow] Creating a simple webpage...
[apache2_workflow] Moving webpage to Apache HTTP Server user website folder...
[apache2_workflow] Page moved successfully!
2024-10-09 04:10:56.928337583 [executor] Finished!

2024-10-09 04:10:56,929 INFO - ContAudITWrapper#34 - Running post-command actions...
2024-10-09 04:10:56,930 INFO - ContAudITWrapper#34 - Analyzing current environment state...
2024-10-09 04:10:57,135 INFO - ContAudITWrapper#34 - Saving current environment state...
2024-10-09 04:10:57,136 INFO - ContAudITWrapper#34 - Environment state hash: a7ffc6f8bf1ed76651c14756a061d662f580ff4de43b49fa82d80a4b80f8434a
2024-10-09 04:10:57,136 INFO - ContAudITWrapper#34 - Checking environment diff...
2024-10-09 04:10:57,162 INFO - ContAudITWrapper#34 - Environment diff: 
2024-10-09 04:10:57,162 INFO - ContAudITWrapper#34 - Cleaning temporary files...
2024-10-09 04:10:57,245 INFO - ContAudITWrapper#34 - Sending to blockchain...
2024-10-09 04:11:05,077 INFO - ContAudITWrapper#34 - Response 
2024-10-09 04:11:05,078 INFO - ContAudITWrapper#34 - Finishing ContAudIT Wrapper...
