2024-10-09 04:09:32,325 INFO - ContAudITWrapper#15 - Initializing ContAudIT Wrapper...
2024-10-09 04:09:32,462 INFO - ContAudITWrapper#15 - Current directory: /home/ec2-user/Code/ufrgs-poc/contaudit-wrapper.jar
2024-10-09 04:09:54,640 INFO - ContAudITWrapper#15 - Wrapper hash: b7519188ed863d76e5199a8d880bb968bdf9124fad53b871583787e123a7a764
2024-10-09 04:09:54,680 INFO - ContAudITWrapper#15 - Validating Wrapper...
2024-10-09 04:10:46,052 INFO - ContAudITWrapper#15 - Response true
2024-10-09 04:10:46,148 INFO - ContAudITWrapper#15 - Application hash: e36ee2d35f8c4c41bd358782dfb3ac8852b40439d350ff27616f0c18819ce9bf
2024-10-09 04:10:46,149 INFO - ContAudITWrapper#15 - Validating Application...
2024-10-09 04:10:57,200 INFO - ContAudITWrapper#15 - Response true
2024-10-09 04:10:57,206 INFO - ContAudITWrapper#15 - Artifact apache2.workflow hash: bdb4cee855e21446b6ae53ddcb76a1632ef8c4545b5db0517e01ffd552157f6e
2024-10-09 04:10:57,234 INFO - ContAudITWrapper#15 - Validating Artifact...
2024-10-09 04:11:04,964 INFO - ContAudITWrapper#15 - Response true
2024-10-09 04:11:04,971 INFO - ContAudITWrapper#15 - Running pre-command actions...
2024-10-09 04:11:04,972 INFO - ContAudITWrapper#15 - Analyzing current environment state...
2024-10-09 04:11:05,381 INFO - ContAudITWrapper#15 - Saving current environment state...
2024-10-09 04:11:05,382 INFO - ContAudITWrapper#15 - Environment state hash: a7ffc6f8bf1ed76651c14756a061d662f580ff4de43b49fa82d80a4b80f8434a
2024-10-09 04:11:05,383 INFO - ContAudITWrapper#15 - Executing command...
2024-10-09 04:11:06,613 INFO - ContAudITWrapper#15 - Command output: 
2024-10-09 04:11:05.508227538 [executor] Initializing the workflow...
[apache2_workflow] Apache HTTP Server already installed.
[apache2_workflow] UserDir module already loaded.
[apache2_workflow] Configs to UserDir already exist.
[apache2_workflow] public_html directory already exists in /home/ec2-user.
[apache2_workflow] Creating a simple webpage...
[apache2_workflow] Moving webpage to Apache HTTP Server user website folder...
[apache2_workflow] Page moved successfully!
2024-10-09 04:11:06.612405099 [executor] Finished!

2024-10-09 04:11:06,613 INFO - ContAudITWrapper#15 - Running post-command actions...
2024-10-09 04:11:06,614 INFO - ContAudITWrapper#15 - Analyzing current environment state...
2024-10-09 04:11:06,645 INFO - ContAudITWrapper#15 - Saving current environment state...
2024-10-09 04:11:06,647 INFO - ContAudITWrapper#15 - Environment state hash: a7ffc6f8bf1ed76651c14756a061d662f580ff4de43b49fa82d80a4b80f8434a
2024-10-09 04:11:06,647 INFO - ContAudITWrapper#15 - Checking environment diff...
2024-10-09 04:11:06,697 INFO - ContAudITWrapper#15 - Environment diff: 
2024-10-09 04:11:06,697 INFO - ContAudITWrapper#15 - Cleaning temporary files...
2024-10-09 04:11:06,746 INFO - ContAudITWrapper#15 - Sending to blockchain...
2024-10-09 04:11:09,926 INFO - ContAudITWrapper#15 - Response 
2024-10-09 04:11:09,930 INFO - ContAudITWrapper#15 - Finishing ContAudIT Wrapper...
