2024-10-09 04:09:31,715 INFO - ContAudITWrapper#64 - Initializing ContAudIT Wrapper...
2024-10-09 04:09:31,886 INFO - ContAudITWrapper#64 - Current directory: /home/ec2-user/Code/ufrgs-poc/contaudit-wrapper.jar
2024-10-09 04:09:49,321 INFO - ContAudITWrapper#64 - Wrapper hash: b7519188ed863d76e5199a8d880bb968bdf9124fad53b871583787e123a7a764
2024-10-09 04:09:49,395 INFO - ContAudITWrapper#64 - Validating Wrapper...
2024-10-09 04:10:38,504 INFO - ContAudITWrapper#64 - Response true
2024-10-09 04:10:38,582 INFO - ContAudITWrapper#64 - Application hash: e36ee2d35f8c4c41bd358782dfb3ac8852b40439d350ff27616f0c18819ce9bf
2024-10-09 04:10:38,583 INFO - ContAudITWrapper#64 - Validating Application...
2024-10-09 04:10:50,733 INFO - ContAudITWrapper#64 - Response true
2024-10-09 04:10:50,740 INFO - ContAudITWrapper#64 - Artifact apache2.workflow hash: bdb4cee855e21446b6ae53ddcb76a1632ef8c4545b5db0517e01ffd552157f6e
2024-10-09 04:10:50,786 INFO - ContAudITWrapper#64 - Validating Artifact...
2024-10-09 04:11:00,823 INFO - ContAudITWrapper#64 - Response true
2024-10-09 04:11:00,829 INFO - ContAudITWrapper#64 - Running pre-command actions...
2024-10-09 04:11:00,830 INFO - ContAudITWrapper#64 - Analyzing current environment state...
2024-10-09 04:11:00,964 INFO - ContAudITWrapper#64 - Saving current environment state...
2024-10-09 04:11:00,965 INFO - ContAudITWrapper#64 - Environment state hash: a7ffc6f8bf1ed76651c14756a061d662f580ff4de43b49fa82d80a4b80f8434a
2024-10-09 04:11:00,965 INFO - ContAudITWrapper#64 - Executing command...
2024-10-09 04:11:01,935 INFO - ContAudITWrapper#64 - Command output: 
2024-10-09 04:11:01.063228169 [executor] Initializing the workflow...
[apache2_workflow] Apache HTTP Server already installed.
[apache2_workflow] UserDir module already loaded.
[apache2_workflow] Configs to UserDir already exist.
[apache2_workflow] public_html directory already exists in /home/ec2-user.
[apache2_workflow] Creating a simple webpage...
[apache2_workflow] Moving webpage to Apache HTTP Server user website folder...
[apache2_workflow] Page moved successfully!
2024-10-09 04:11:01.934512291 [executor] Finished!

2024-10-09 04:11:01,935 INFO - ContAudITWrapper#64 - Running post-command actions...
2024-10-09 04:11:01,935 INFO - ContAudITWrapper#64 - Analyzing current environment state...
2024-10-09 04:11:02,152 INFO - ContAudITWrapper#64 - Saving current environment state...
2024-10-09 04:11:02,153 INFO - ContAudITWrapper#64 - Environment state hash: a7ffc6f8bf1ed76651c14756a061d662f580ff4de43b49fa82d80a4b80f8434a
2024-10-09 04:11:02,153 INFO - ContAudITWrapper#64 - Checking environment diff...
2024-10-09 04:11:02,188 INFO - ContAudITWrapper#64 - Environment diff: 
2024-10-09 04:11:02,190 INFO - ContAudITWrapper#64 - Cleaning temporary files...
2024-10-09 04:11:02,292 INFO - ContAudITWrapper#64 - Sending to blockchain...
2024-10-09 04:11:09,338 INFO - ContAudITWrapper#64 - Response 
2024-10-09 04:11:09,340 INFO - ContAudITWrapper#64 - Finishing ContAudIT Wrapper...
