2024-10-09 05:14:19,885 INFO - ContAudITWrapper#16 - Initializing ContAudIT Wrapper...
2024-10-09 05:14:19,922 INFO - ContAudITWrapper#16 - Current directory: /home/ec2-user/Code/ufrgs-poc/contaudit-wrapper.jar
2024-10-09 05:14:24,582 INFO - ContAudITWrapper#16 - Wrapper hash: b7519188ed863d76e5199a8d880bb968bdf9124fad53b871583787e123a7a764
2024-10-09 05:14:24,591 INFO - ContAudITWrapper#16 - Validating Wrapper...
2024-10-09 05:14:41,683 INFO - ContAudITWrapper#16 - Response true
2024-10-09 05:14:41,728 INFO - ContAudITWrapper#16 - Application hash: e36ee2d35f8c4c41bd358782dfb3ac8852b40439d350ff27616f0c18819ce9bf
2024-10-09 05:14:41,742 INFO - ContAudITWrapper#16 - Validating Application...
2024-10-09 05:14:44,679 INFO - ContAudITWrapper#16 - Response true
2024-10-09 05:14:44,701 INFO - ContAudITWrapper#16 - Artifact apache2.workflow hash: bdb4cee855e21446b6ae53ddcb76a1632ef8c4545b5db0517e01ffd552157f6e
2024-10-09 05:14:44,732 INFO - ContAudITWrapper#16 - Validating Artifact...
2024-10-09 05:14:46,577 INFO - ContAudITWrapper#16 - Response true
2024-10-09 05:14:46,595 INFO - ContAudITWrapper#16 - Running pre-command actions...
2024-10-09 05:14:46,605 INFO - ContAudITWrapper#16 - Analyzing current environment state...
2024-10-09 05:14:46,659 INFO - ContAudITWrapper#16 - Saving current environment state...
2024-10-09 05:14:46,660 INFO - ContAudITWrapper#16 - Environment state hash: a7ffc6f8bf1ed76651c14756a061d662f580ff4de43b49fa82d80a4b80f8434a
2024-10-09 05:14:46,660 INFO - ContAudITWrapper#16 - Executing command...
2024-10-09 05:14:47,066 INFO - ContAudITWrapper#16 - Command output: 
2024-10-09 05:14:46.695740546 [executor] Initializing the workflow...
[apache2_workflow] Apache HTTP Server already installed.
[apache2_workflow] UserDir module already loaded.
[apache2_workflow] Configs to UserDir already exist.
[apache2_workflow] public_html directory already exists in /home/ec2-user.
[apache2_workflow] Creating a simple webpage...
[apache2_workflow] Moving webpage to Apache HTTP Server user website folder...
[apache2_workflow] Page moved successfully!
2024-10-09 05:14:47.066251406 [executor] Finished!

2024-10-09 05:14:47,067 INFO - ContAudITWrapper#16 - Running post-command actions...
2024-10-09 05:14:47,067 INFO - ContAudITWrapper#16 - Analyzing current environment state...
2024-10-09 05:14:47,100 INFO - ContAudITWrapper#16 - Saving current environment state...
2024-10-09 05:14:47,100 INFO - ContAudITWrapper#16 - Environment state hash: a7ffc6f8bf1ed76651c14756a061d662f580ff4de43b49fa82d80a4b80f8434a
2024-10-09 05:14:47,101 INFO - ContAudITWrapper#16 - Checking environment diff...
2024-10-09 05:14:47,124 INFO - ContAudITWrapper#16 - Environment diff: 
2024-10-09 05:14:47,124 INFO - ContAudITWrapper#16 - Cleaning temporary files...
2024-10-09 05:14:47,196 INFO - ContAudITWrapper#16 - Sending to blockchain...
2024-10-09 05:14:50,083 INFO - ContAudITWrapper#16 - Response 
2024-10-09 05:14:50,093 INFO - ContAudITWrapper#16 - Finishing ContAudIT Wrapper...
