2024-06-27 23:16:14,746 INFO - ContAudITWrapper#6 - Initializing ContAudIT Wrapper...
2024-06-27 23:16:14,786 INFO - ContAudITWrapper#6 - Current directory: /home/kali/Code/ufrgs-poc/contaudit-wrapper.jar
2024-06-27 23:16:20,091 INFO - ContAudITWrapper#6 - Wrapper hash: c76a1b1bb9edc25f91da61e17225b6709df7b63d34810aab1d42c0f930950c0b
2024-06-27 23:16:20,117 INFO - ContAudITWrapper#6 - Validating Wrapper...
2024-06-27 23:16:40,491 INFO - ContAudITWrapper#6 - Response true
2024-06-27 23:16:40,523 INFO - ContAudITWrapper#6 - Application hash: e36ee2d35f8c4c41bd358782dfb3ac8852b40439d350ff27616f0c18819ce9bf
2024-06-27 23:16:40,524 INFO - ContAudITWrapper#6 - Validating Application...
2024-06-27 23:16:44,225 INFO - ContAudITWrapper#6 - Response true
2024-06-27 23:16:44,248 INFO - ContAudITWrapper#6 - Artifact apache2.workflow hash: 94d5f6758492dbe0e869e1486907a86cb16f7931019b4acb0e7f38c98cf1b06d
2024-06-27 23:16:44,257 INFO - ContAudITWrapper#6 - Validating Artifact...
2024-06-27 23:16:46,890 INFO - ContAudITWrapper#6 - Response true
2024-06-27 23:16:46,903 INFO - ContAudITWrapper#6 - Running pre-command actions...
2024-06-27 23:16:46,909 INFO - ContAudITWrapper#6 - Analyzing current environment state...
2024-06-27 23:16:47,428 INFO - ContAudITWrapper#6 - Saving current environment state...
2024-06-27 23:16:47,449 INFO - ContAudITWrapper#6 - Environment state hash: 1776e4b78f696d486603e30cb7241013e927d69ca8030fa37e187c49ffd758cd
2024-06-27 23:16:47,457 INFO - ContAudITWrapper#6 - Executing command...
2024-06-27 23:16:47,988 INFO - ContAudITWrapper#6 - Command output: 
2024-06-27 23:16:47.527515139 [executor] Initializing the workflow...
[apache2_workflow] Create a simple webpage...
[apache2_workflow] Move webpage to Apache HTTP Server user website folder...
2024-06-27 23:16:47.983746427 [executor] Finished!

2024-06-27 23:16:48,005 INFO - ContAudITWrapper#6 - Running post-command actions...
2024-06-27 23:16:48,005 INFO - ContAudITWrapper#6 - Analyzing current environment state...
2024-06-27 23:16:48,648 INFO - ContAudITWrapper#6 - Saving current environment state...
2024-06-27 23:16:48,650 INFO - ContAudITWrapper#6 - Environment state hash: 1776e4b78f696d486603e30cb7241013e927d69ca8030fa37e187c49ffd758cd
2024-06-27 23:16:48,650 INFO - ContAudITWrapper#6 - Checking environment diff...
2024-06-27 23:16:48,679 INFO - ContAudITWrapper#6 - Environment diff: 
2024-06-27 23:16:48,680 INFO - ContAudITWrapper#6 - Cleaning temporary files...
2024-06-27 23:16:48,748 INFO - ContAudITWrapper#6 - Sending to blockchain...
2024-06-27 23:16:54,074 INFO - ContAudITWrapper#6 - Response 
2024-06-27 23:16:54,076 INFO - ContAudITWrapper#6 - Finishing ContAudIT Wrapper...
