2024-06-27 23:16:14,395 INFO - ContAudITWrapper#14 - Initializing ContAudIT Wrapper...
2024-06-27 23:16:14,438 INFO - ContAudITWrapper#14 - Current directory: /home/kali/Code/ufrgs-poc/contaudit-wrapper.jar
2024-06-27 23:16:19,811 INFO - ContAudITWrapper#14 - Wrapper hash: c76a1b1bb9edc25f91da61e17225b6709df7b63d34810aab1d42c0f930950c0b
2024-06-27 23:16:19,825 INFO - ContAudITWrapper#14 - Validating Wrapper...
2024-06-27 23:16:34,637 INFO - ContAudITWrapper#14 - Response true
2024-06-27 23:16:34,674 INFO - ContAudITWrapper#14 - Application hash: e36ee2d35f8c4c41bd358782dfb3ac8852b40439d350ff27616f0c18819ce9bf
2024-06-27 23:16:34,698 INFO - ContAudITWrapper#14 - Validating Application...
2024-06-27 23:16:38,321 INFO - ContAudITWrapper#14 - Response true
2024-06-27 23:16:38,352 INFO - ContAudITWrapper#14 - Artifact apache2.workflow hash: 94d5f6758492dbe0e869e1486907a86cb16f7931019b4acb0e7f38c98cf1b06d
2024-06-27 23:16:38,369 INFO - ContAudITWrapper#14 - Validating Artifact...
2024-06-27 23:16:42,706 INFO - ContAudITWrapper#14 - Response true
2024-06-27 23:16:42,754 INFO - ContAudITWrapper#14 - Running pre-command actions...
2024-06-27 23:16:42,755 INFO - ContAudITWrapper#14 - Analyzing current environment state...
2024-06-27 23:16:43,093 INFO - ContAudITWrapper#14 - Saving current environment state...
2024-06-27 23:16:43,097 INFO - ContAudITWrapper#14 - Environment state hash: 1776e4b78f696d486603e30cb7241013e927d69ca8030fa37e187c49ffd758cd
2024-06-27 23:16:43,097 INFO - ContAudITWrapper#14 - Executing command...
2024-06-27 23:16:43,425 INFO - ContAudITWrapper#14 - Command output: 
2024-06-27 23:16:43.195884990 [executor] Initializing the workflow...
[apache2_workflow] Create a simple webpage...
[apache2_workflow] Move webpage to Apache HTTP Server user website folder...
2024-06-27 23:16:43.424113465 [executor] Finished!

2024-06-27 23:16:43,425 INFO - ContAudITWrapper#14 - Running post-command actions...
2024-06-27 23:16:43,425 INFO - ContAudITWrapper#14 - Analyzing current environment state...
2024-06-27 23:16:43,717 INFO - ContAudITWrapper#14 - Saving current environment state...
2024-06-27 23:16:43,719 INFO - ContAudITWrapper#14 - Environment state hash: 1776e4b78f696d486603e30cb7241013e927d69ca8030fa37e187c49ffd758cd
2024-06-27 23:16:43,720 INFO - ContAudITWrapper#14 - Checking environment diff...
2024-06-27 23:16:43,761 INFO - ContAudITWrapper#14 - Environment diff: 
2024-06-27 23:16:43,762 INFO - ContAudITWrapper#14 - Cleaning temporary files...
2024-06-27 23:16:43,836 INFO - ContAudITWrapper#14 - Sending to blockchain...
2024-06-27 23:16:50,629 INFO - ContAudITWrapper#14 - Response 
2024-06-27 23:16:50,633 INFO - ContAudITWrapper#14 - Finishing ContAudIT Wrapper...
