2024-06-27 23:16:14,402 INFO - ContAudITWrapper#12 - Initializing ContAudIT Wrapper...
2024-06-27 23:16:14,453 INFO - ContAudITWrapper#12 - Current directory: /home/kali/Code/ufrgs-poc/contaudit-wrapper.jar
2024-06-27 23:16:20,116 INFO - ContAudITWrapper#12 - Wrapper hash: c76a1b1bb9edc25f91da61e17225b6709df7b63d34810aab1d42c0f930950c0b
2024-06-27 23:16:20,159 INFO - ContAudITWrapper#12 - Validating Wrapper...
2024-06-27 23:16:41,319 INFO - ContAudITWrapper#12 - Response true
2024-06-27 23:16:41,461 INFO - ContAudITWrapper#12 - Application hash: e36ee2d35f8c4c41bd358782dfb3ac8852b40439d350ff27616f0c18819ce9bf
2024-06-27 23:16:41,462 INFO - ContAudITWrapper#12 - Validating Application...
2024-06-27 23:16:44,804 INFO - ContAudITWrapper#12 - Response true
2024-06-27 23:16:44,811 INFO - ContAudITWrapper#12 - Artifact apache2.workflow hash: 94d5f6758492dbe0e869e1486907a86cb16f7931019b4acb0e7f38c98cf1b06d
2024-06-27 23:16:44,857 INFO - ContAudITWrapper#12 - Validating Artifact...
2024-06-27 23:16:48,093 INFO - ContAudITWrapper#12 - Response true
2024-06-27 23:16:48,103 INFO - ContAudITWrapper#12 - Running pre-command actions...
2024-06-27 23:16:48,104 INFO - ContAudITWrapper#12 - Analyzing current environment state...
2024-06-27 23:16:48,522 INFO - ContAudITWrapper#12 - Saving current environment state...
2024-06-27 23:16:48,526 INFO - ContAudITWrapper#12 - Environment state hash: 1776e4b78f696d486603e30cb7241013e927d69ca8030fa37e187c49ffd758cd
2024-06-27 23:16:48,526 INFO - ContAudITWrapper#12 - Executing command...
2024-06-27 23:16:48,919 INFO - ContAudITWrapper#12 - Command output: 
2024-06-27 23:16:48.563252365 [executor] Initializing the workflow...
[apache2_workflow] Create a simple webpage...
[apache2_workflow] Move webpage to Apache HTTP Server user website folder...
2024-06-27 23:16:48.901988364 [executor] Finished!

2024-06-27 23:16:48,919 INFO - ContAudITWrapper#12 - Running post-command actions...
2024-06-27 23:16:48,919 INFO - ContAudITWrapper#12 - Analyzing current environment state...
2024-06-27 23:16:49,529 INFO - ContAudITWrapper#12 - Saving current environment state...
2024-06-27 23:16:49,532 INFO - ContAudITWrapper#12 - Environment state hash: 1776e4b78f696d486603e30cb7241013e927d69ca8030fa37e187c49ffd758cd
2024-06-27 23:16:49,533 INFO - ContAudITWrapper#12 - Checking environment diff...
2024-06-27 23:16:49,672 INFO - ContAudITWrapper#12 - Environment diff: 
2024-06-27 23:16:49,672 INFO - ContAudITWrapper#12 - Cleaning temporary files...
2024-06-27 23:16:49,912 INFO - ContAudITWrapper#12 - Sending to blockchain...
2024-06-27 23:16:54,083 INFO - ContAudITWrapper#12 - Response 
2024-06-27 23:16:54,085 INFO - ContAudITWrapper#12 - Finishing ContAudIT Wrapper...
