2024-06-27 23:16:14,287 INFO - ContAudITWrapper#9 - Initializing ContAudIT Wrapper...
2024-06-27 23:16:14,321 INFO - ContAudITWrapper#9 - Current directory: /home/kali/Code/ufrgs-poc/contaudit-wrapper.jar
2024-06-27 23:16:20,014 INFO - ContAudITWrapper#9 - Wrapper hash: c76a1b1bb9edc25f91da61e17225b6709df7b63d34810aab1d42c0f930950c0b
2024-06-27 23:16:20,048 INFO - ContAudITWrapper#9 - Validating Wrapper...
2024-06-27 23:16:39,083 INFO - ContAudITWrapper#9 - Response true
2024-06-27 23:16:39,133 INFO - ContAudITWrapper#9 - Application hash: e36ee2d35f8c4c41bd358782dfb3ac8852b40439d350ff27616f0c18819ce9bf
2024-06-27 23:16:39,137 INFO - ContAudITWrapper#9 - Validating Application...
2024-06-27 23:16:43,355 INFO - ContAudITWrapper#9 - Response true
2024-06-27 23:16:43,390 INFO - ContAudITWrapper#9 - Artifact apache2.workflow hash: 94d5f6758492dbe0e869e1486907a86cb16f7931019b4acb0e7f38c98cf1b06d
2024-06-27 23:16:43,426 INFO - ContAudITWrapper#9 - Validating Artifact...
2024-06-27 23:16:46,582 INFO - ContAudITWrapper#9 - Response true
2024-06-27 23:16:46,584 INFO - ContAudITWrapper#9 - Running pre-command actions...
2024-06-27 23:16:46,585 INFO - ContAudITWrapper#9 - Analyzing current environment state...
2024-06-27 23:16:47,022 INFO - ContAudITWrapper#9 - Saving current environment state...
2024-06-27 23:16:47,063 INFO - ContAudITWrapper#9 - Environment state hash: 1776e4b78f696d486603e30cb7241013e927d69ca8030fa37e187c49ffd758cd
2024-06-27 23:16:47,063 INFO - ContAudITWrapper#9 - Executing command...
2024-06-27 23:16:47,448 INFO - ContAudITWrapper#9 - Command output: 
2024-06-27 23:16:47.091552676 [executor] Initializing the workflow...
[apache2_workflow] Create a simple webpage...
[apache2_workflow] Move webpage to Apache HTTP Server user website folder...
2024-06-27 23:16:47.447391407 [executor] Finished!

2024-06-27 23:16:47,448 INFO - ContAudITWrapper#9 - Running post-command actions...
2024-06-27 23:16:47,448 INFO - ContAudITWrapper#9 - Analyzing current environment state...
2024-06-27 23:16:47,968 INFO - ContAudITWrapper#9 - Saving current environment state...
2024-06-27 23:16:47,970 INFO - ContAudITWrapper#9 - Environment state hash: 1776e4b78f696d486603e30cb7241013e927d69ca8030fa37e187c49ffd758cd
2024-06-27 23:16:47,971 INFO - ContAudITWrapper#9 - Checking environment diff...
2024-06-27 23:16:48,036 INFO - ContAudITWrapper#9 - Environment diff: 
2024-06-27 23:16:48,036 INFO - ContAudITWrapper#9 - Cleaning temporary files...
2024-06-27 23:16:48,173 INFO - ContAudITWrapper#9 - Sending to blockchain...
2024-06-27 23:16:54,103 INFO - ContAudITWrapper#9 - Response 
2024-06-27 23:16:54,105 INFO - ContAudITWrapper#9 - Finishing ContAudIT Wrapper...
