2024-06-27 23:28:22,462 INFO - ContAudITWrapper#21 - Initializing ContAudIT Wrapper...
2024-06-27 23:28:22,501 INFO - ContAudITWrapper#21 - Current directory: /home/kali/Code/ufrgs-poc/contaudit-wrapper.jar
2024-06-27 23:28:28,983 INFO - ContAudITWrapper#21 - Wrapper hash: c76a1b1bb9edc25f91da61e17225b6709df7b63d34810aab1d42c0f930950c0b
2024-06-27 23:28:29,000 INFO - ContAudITWrapper#21 - Validating Wrapper...
2024-06-27 23:28:46,225 INFO - ContAudITWrapper#21 - Response true
2024-06-27 23:28:46,368 INFO - ContAudITWrapper#21 - Application hash: e36ee2d35f8c4c41bd358782dfb3ac8852b40439d350ff27616f0c18819ce9bf
2024-06-27 23:28:46,369 INFO - ContAudITWrapper#21 - Validating Application...
2024-06-27 23:28:50,951 INFO - ContAudITWrapper#21 - Response true
2024-06-27 23:28:51,010 INFO - ContAudITWrapper#21 - Artifact apache2.workflow hash: 94d5f6758492dbe0e869e1486907a86cb16f7931019b4acb0e7f38c98cf1b06d
2024-06-27 23:28:51,032 INFO - ContAudITWrapper#21 - Validating Artifact...
2024-06-27 23:28:54,443 INFO - ContAudITWrapper#21 - Response true
2024-06-27 23:28:54,448 INFO - ContAudITWrapper#21 - Running pre-command actions...
2024-06-27 23:28:54,449 INFO - ContAudITWrapper#21 - Analyzing current environment state...
2024-06-27 23:28:55,043 INFO - ContAudITWrapper#21 - Saving current environment state...
2024-06-27 23:28:55,047 INFO - ContAudITWrapper#21 - Environment state hash: 1776e4b78f696d486603e30cb7241013e927d69ca8030fa37e187c49ffd758cd
2024-06-27 23:28:55,048 INFO - ContAudITWrapper#21 - Executing command...
2024-06-27 23:28:55,424 INFO - ContAudITWrapper#21 - Command output: 
2024-06-27 23:28:55.137038149 [executor] Initializing the workflow...
[apache2_workflow] Create a simple webpage...
[apache2_workflow] Move webpage to Apache HTTP Server user website folder...
2024-06-27 23:28:55.415786392 [executor] Finished!

2024-06-27 23:28:55,425 INFO - ContAudITWrapper#21 - Running post-command actions...
2024-06-27 23:28:55,425 INFO - ContAudITWrapper#21 - Analyzing current environment state...
2024-06-27 23:28:56,299 INFO - ContAudITWrapper#21 - Saving current environment state...
2024-06-27 23:28:56,303 INFO - ContAudITWrapper#21 - Environment state hash: 1776e4b78f696d486603e30cb7241013e927d69ca8030fa37e187c49ffd758cd
2024-06-27 23:28:56,312 INFO - ContAudITWrapper#21 - Checking environment diff...
2024-06-27 23:28:56,418 INFO - ContAudITWrapper#21 - Environment diff: 
2024-06-27 23:28:56,418 INFO - ContAudITWrapper#21 - Cleaning temporary files...
2024-06-27 23:28:56,434 INFO - ContAudITWrapper#21 - Sending to blockchain...
2024-06-27 23:29:04,718 INFO - ContAudITWrapper#21 - Response 
2024-06-27 23:29:04,721 INFO - ContAudITWrapper#21 - Finishing ContAudIT Wrapper...
