2024-06-27 23:28:23,499 INFO - ContAudITWrapper#14 - Initializing ContAudIT Wrapper...
2024-06-27 23:28:23,666 INFO - ContAudITWrapper#14 - Current directory: /home/kali/Code/ufrgs-poc/contaudit-wrapper.jar
2024-06-27 23:28:32,383 INFO - ContAudITWrapper#14 - Wrapper hash: c76a1b1bb9edc25f91da61e17225b6709df7b63d34810aab1d42c0f930950c0b
2024-06-27 23:28:32,401 INFO - ContAudITWrapper#14 - Validating Wrapper...
2024-06-27 23:28:52,476 INFO - ContAudITWrapper#14 - Response true
2024-06-27 23:28:52,542 INFO - ContAudITWrapper#14 - Application hash: e36ee2d35f8c4c41bd358782dfb3ac8852b40439d350ff27616f0c18819ce9bf
2024-06-27 23:28:52,543 INFO - ContAudITWrapper#14 - Validating Application...
2024-06-27 23:28:57,160 INFO - ContAudITWrapper#14 - Response true
2024-06-27 23:28:57,192 INFO - ContAudITWrapper#14 - Artifact apache2.workflow hash: 94d5f6758492dbe0e869e1486907a86cb16f7931019b4acb0e7f38c98cf1b06d
2024-06-27 23:28:57,200 INFO - ContAudITWrapper#14 - Validating Artifact...
2024-06-27 23:29:00,653 INFO - ContAudITWrapper#14 - Response true
2024-06-27 23:29:00,664 INFO - ContAudITWrapper#14 - Running pre-command actions...
2024-06-27 23:29:00,665 INFO - ContAudITWrapper#14 - Analyzing current environment state...
2024-06-27 23:29:01,306 INFO - ContAudITWrapper#14 - Saving current environment state...
2024-06-27 23:29:01,314 INFO - ContAudITWrapper#14 - Environment state hash: 1776e4b78f696d486603e30cb7241013e927d69ca8030fa37e187c49ffd758cd
2024-06-27 23:29:01,314 INFO - ContAudITWrapper#14 - Executing command...
2024-06-27 23:29:01,756 INFO - ContAudITWrapper#14 - Command output: 
2024-06-27 23:29:01.439916206 [executor] Initializing the workflow...
[apache2_workflow] Create a simple webpage...
[apache2_workflow] Move webpage to Apache HTTP Server user website folder...
2024-06-27 23:29:01.755405190 [executor] Finished!

2024-06-27 23:29:01,756 INFO - ContAudITWrapper#14 - Running post-command actions...
2024-06-27 23:29:01,757 INFO - ContAudITWrapper#14 - Analyzing current environment state...
2024-06-27 23:29:02,161 INFO - ContAudITWrapper#14 - Saving current environment state...
2024-06-27 23:29:02,164 INFO - ContAudITWrapper#14 - Environment state hash: 1776e4b78f696d486603e30cb7241013e927d69ca8030fa37e187c49ffd758cd
2024-06-27 23:29:02,164 INFO - ContAudITWrapper#14 - Checking environment diff...
2024-06-27 23:29:02,219 INFO - ContAudITWrapper#14 - Environment diff: 
2024-06-27 23:29:02,220 INFO - ContAudITWrapper#14 - Cleaning temporary files...
2024-06-27 23:29:02,363 INFO - ContAudITWrapper#14 - Sending to blockchain...
2024-06-27 23:29:08,583 INFO - ContAudITWrapper#14 - Response 
2024-06-27 23:29:08,585 INFO - ContAudITWrapper#14 - Finishing ContAudIT Wrapper...
