2024-06-27 23:28:24,008 INFO - ContAudITWrapper#19 - Initializing ContAudIT Wrapper...
2024-06-27 23:28:24,070 INFO - ContAudITWrapper#19 - Current directory: /home/kali/Code/ufrgs-poc/contaudit-wrapper.jar
2024-06-27 23:28:31,073 INFO - ContAudITWrapper#19 - Wrapper hash: c76a1b1bb9edc25f91da61e17225b6709df7b63d34810aab1d42c0f930950c0b
2024-06-27 23:28:31,107 INFO - ContAudITWrapper#19 - Validating Wrapper...
2024-06-27 23:28:54,678 INFO - ContAudITWrapper#19 - Response true
2024-06-27 23:28:54,839 INFO - ContAudITWrapper#19 - Application hash: e36ee2d35f8c4c41bd358782dfb3ac8852b40439d350ff27616f0c18819ce9bf
2024-06-27 23:28:54,840 INFO - ContAudITWrapper#19 - Validating Application...
2024-06-27 23:29:01,239 INFO - ContAudITWrapper#19 - Response true
2024-06-27 23:29:01,244 INFO - ContAudITWrapper#19 - Artifact apache2.workflow hash: 94d5f6758492dbe0e869e1486907a86cb16f7931019b4acb0e7f38c98cf1b06d
2024-06-27 23:29:01,256 INFO - ContAudITWrapper#19 - Validating Artifact...
2024-06-27 23:29:06,377 INFO - ContAudITWrapper#19 - Response true
2024-06-27 23:29:06,406 INFO - ContAudITWrapper#19 - Running pre-command actions...
2024-06-27 23:29:06,409 INFO - ContAudITWrapper#19 - Analyzing current environment state...
2024-06-27 23:29:07,067 INFO - ContAudITWrapper#19 - Saving current environment state...
2024-06-27 23:29:07,147 INFO - ContAudITWrapper#19 - Environment state hash: 1776e4b78f696d486603e30cb7241013e927d69ca8030fa37e187c49ffd758cd
2024-06-27 23:29:07,148 INFO - ContAudITWrapper#19 - Executing command...
2024-06-27 23:29:07,432 INFO - ContAudITWrapper#19 - Command output: 
2024-06-27 23:29:07.245396248 [executor] Initializing the workflow...
[apache2_workflow] Create a simple webpage...
[apache2_workflow] Move webpage to Apache HTTP Server user website folder...
2024-06-27 23:29:07.430974749 [executor] Finished!

2024-06-27 23:29:07,433 INFO - ContAudITWrapper#19 - Running post-command actions...
2024-06-27 23:29:07,440 INFO - ContAudITWrapper#19 - Analyzing current environment state...
2024-06-27 23:29:07,733 INFO - ContAudITWrapper#19 - Saving current environment state...
2024-06-27 23:29:07,736 INFO - ContAudITWrapper#19 - Environment state hash: 1776e4b78f696d486603e30cb7241013e927d69ca8030fa37e187c49ffd758cd
2024-06-27 23:29:07,737 INFO - ContAudITWrapper#19 - Checking environment diff...
2024-06-27 23:29:07,744 INFO - ContAudITWrapper#19 - Environment diff: 
2024-06-27 23:29:07,744 INFO - ContAudITWrapper#19 - Cleaning temporary files...
2024-06-27 23:29:07,775 INFO - ContAudITWrapper#19 - Sending to blockchain...
2024-06-27 23:29:12,594 INFO - ContAudITWrapper#19 - Response 
2024-06-27 23:29:12,597 INFO - ContAudITWrapper#19 - Finishing ContAudIT Wrapper...
