2024-06-27 23:28:22,963 INFO - ContAudITWrapper#7 - Initializing ContAudIT Wrapper...
2024-06-27 23:28:22,995 INFO - ContAudITWrapper#7 - Current directory: /home/kali/Code/ufrgs-poc/contaudit-wrapper.jar
2024-06-27 23:28:28,891 INFO - ContAudITWrapper#7 - Wrapper hash: c76a1b1bb9edc25f91da61e17225b6709df7b63d34810aab1d42c0f930950c0b
2024-06-27 23:28:28,920 INFO - ContAudITWrapper#7 - Validating Wrapper...
2024-06-27 23:28:50,213 INFO - ContAudITWrapper#7 - Response true
2024-06-27 23:28:50,303 INFO - ContAudITWrapper#7 - Application hash: e36ee2d35f8c4c41bd358782dfb3ac8852b40439d350ff27616f0c18819ce9bf
2024-06-27 23:28:50,311 INFO - ContAudITWrapper#7 - Validating Application...
2024-06-27 23:28:54,937 INFO - ContAudITWrapper#7 - Response true
2024-06-27 23:28:54,952 INFO - ContAudITWrapper#7 - Artifact apache2.workflow hash: 94d5f6758492dbe0e869e1486907a86cb16f7931019b4acb0e7f38c98cf1b06d
2024-06-27 23:28:54,958 INFO - ContAudITWrapper#7 - Validating Artifact...
2024-06-27 23:28:59,482 INFO - ContAudITWrapper#7 - Response true
2024-06-27 23:28:59,521 INFO - ContAudITWrapper#7 - Running pre-command actions...
2024-06-27 23:28:59,523 INFO - ContAudITWrapper#7 - Analyzing current environment state...
2024-06-27 23:29:00,083 INFO - ContAudITWrapper#7 - Saving current environment state...
2024-06-27 23:29:00,092 INFO - ContAudITWrapper#7 - Environment state hash: 1776e4b78f696d486603e30cb7241013e927d69ca8030fa37e187c49ffd758cd
2024-06-27 23:29:00,093 INFO - ContAudITWrapper#7 - Executing command...
2024-06-27 23:29:00,529 INFO - ContAudITWrapper#7 - Command output: 
2024-06-27 23:29:00.181111181 [executor] Initializing the workflow...
[apache2_workflow] Create a simple webpage...
[apache2_workflow] Move webpage to Apache HTTP Server user website folder...
2024-06-27 23:29:00.527946457 [executor] Finished!

2024-06-27 23:29:00,529 INFO - ContAudITWrapper#7 - Running post-command actions...
2024-06-27 23:29:00,529 INFO - ContAudITWrapper#7 - Analyzing current environment state...
2024-06-27 23:29:01,304 INFO - ContAudITWrapper#7 - Saving current environment state...
2024-06-27 23:29:01,307 INFO - ContAudITWrapper#7 - Environment state hash: 1776e4b78f696d486603e30cb7241013e927d69ca8030fa37e187c49ffd758cd
2024-06-27 23:29:01,307 INFO - ContAudITWrapper#7 - Checking environment diff...
2024-06-27 23:29:01,349 INFO - ContAudITWrapper#7 - Environment diff: 
2024-06-27 23:29:01,350 INFO - ContAudITWrapper#7 - Cleaning temporary files...
2024-06-27 23:29:01,385 INFO - ContAudITWrapper#7 - Sending to blockchain...
2024-06-27 23:29:08,700 INFO - ContAudITWrapper#7 - Response 
2024-06-27 23:29:08,702 INFO - ContAudITWrapper#7 - Finishing ContAudIT Wrapper...
