2024-06-27 23:28:23,362 INFO - ContAudITWrapper#16 - Initializing ContAudIT Wrapper...
2024-06-27 23:28:23,460 INFO - ContAudITWrapper#16 - Current directory: /home/kali/Code/ufrgs-poc/contaudit-wrapper.jar
2024-06-27 23:28:31,560 INFO - ContAudITWrapper#16 - Wrapper hash: c76a1b1bb9edc25f91da61e17225b6709df7b63d34810aab1d42c0f930950c0b
2024-06-27 23:28:31,606 INFO - ContAudITWrapper#16 - Validating Wrapper...
2024-06-27 23:28:56,470 INFO - ContAudITWrapper#16 - Response true
2024-06-27 23:28:56,516 INFO - ContAudITWrapper#16 - Application hash: e36ee2d35f8c4c41bd358782dfb3ac8852b40439d350ff27616f0c18819ce9bf
2024-06-27 23:28:56,519 INFO - ContAudITWrapper#16 - Validating Application...
2024-06-27 23:29:01,238 INFO - ContAudITWrapper#16 - Response true
2024-06-27 23:29:01,250 INFO - ContAudITWrapper#16 - Artifact apache2.workflow hash: 94d5f6758492dbe0e869e1486907a86cb16f7931019b4acb0e7f38c98cf1b06d
2024-06-27 23:29:01,281 INFO - ContAudITWrapper#16 - Validating Artifact...
2024-06-27 23:29:05,896 INFO - ContAudITWrapper#16 - Response true
2024-06-27 23:29:05,903 INFO - ContAudITWrapper#16 - Running pre-command actions...
2024-06-27 23:29:05,904 INFO - ContAudITWrapper#16 - Analyzing current environment state...
2024-06-27 23:29:06,104 INFO - ContAudITWrapper#16 - Saving current environment state...
2024-06-27 23:29:06,108 INFO - ContAudITWrapper#16 - Environment state hash: 1776e4b78f696d486603e30cb7241013e927d69ca8030fa37e187c49ffd758cd
2024-06-27 23:29:06,109 INFO - ContAudITWrapper#16 - Executing command...
2024-06-27 23:29:06,567 INFO - ContAudITWrapper#16 - Command output: 
2024-06-27 23:29:06.307073505 [executor] Initializing the workflow...
[apache2_workflow] Create a simple webpage...
[apache2_workflow] Move webpage to Apache HTTP Server user website folder...
2024-06-27 23:29:06.566316302 [executor] Finished!

2024-06-27 23:29:06,568 INFO - ContAudITWrapper#16 - Running post-command actions...
2024-06-27 23:29:06,569 INFO - ContAudITWrapper#16 - Analyzing current environment state...
2024-06-27 23:29:06,886 INFO - ContAudITWrapper#16 - Saving current environment state...
2024-06-27 23:29:06,898 INFO - ContAudITWrapper#16 - Environment state hash: 1776e4b78f696d486603e30cb7241013e927d69ca8030fa37e187c49ffd758cd
2024-06-27 23:29:06,899 INFO - ContAudITWrapper#16 - Checking environment diff...
2024-06-27 23:29:06,954 INFO - ContAudITWrapper#16 - Environment diff: 
2024-06-27 23:29:06,955 INFO - ContAudITWrapper#16 - Cleaning temporary files...
2024-06-27 23:29:07,052 INFO - ContAudITWrapper#16 - Sending to blockchain...
2024-06-27 23:29:12,604 INFO - ContAudITWrapper#16 - Response 
2024-06-27 23:29:12,613 INFO - ContAudITWrapper#16 - Finishing ContAudIT Wrapper...
