2024-06-27 23:28:24,018 INFO - ContAudITWrapper#11 - Initializing ContAudIT Wrapper...
2024-06-27 23:28:24,083 INFO - ContAudITWrapper#11 - Current directory: /home/kali/Code/ufrgs-poc/contaudit-wrapper.jar
2024-06-27 23:28:31,813 INFO - ContAudITWrapper#11 - Wrapper hash: c76a1b1bb9edc25f91da61e17225b6709df7b63d34810aab1d42c0f930950c0b
2024-06-27 23:28:31,834 INFO - ContAudITWrapper#11 - Validating Wrapper...
2024-06-27 23:28:57,467 INFO - ContAudITWrapper#11 - Response true
2024-06-27 23:28:57,696 INFO - ContAudITWrapper#11 - Application hash: e36ee2d35f8c4c41bd358782dfb3ac8852b40439d350ff27616f0c18819ce9bf
2024-06-27 23:28:57,697 INFO - ContAudITWrapper#11 - Validating Application...
2024-06-27 23:29:02,345 INFO - ContAudITWrapper#11 - Response true
2024-06-27 23:29:02,353 INFO - ContAudITWrapper#11 - Artifact apache2.workflow hash: 94d5f6758492dbe0e869e1486907a86cb16f7931019b4acb0e7f38c98cf1b06d
2024-06-27 23:29:02,363 INFO - ContAudITWrapper#11 - Validating Artifact...
2024-06-27 23:29:06,138 INFO - ContAudITWrapper#11 - Response true
2024-06-27 23:29:06,173 INFO - ContAudITWrapper#11 - Running pre-command actions...
2024-06-27 23:29:06,195 INFO - ContAudITWrapper#11 - Analyzing current environment state...
2024-06-27 23:29:07,040 INFO - ContAudITWrapper#11 - Saving current environment state...
2024-06-27 23:29:07,046 INFO - ContAudITWrapper#11 - Environment state hash: 1776e4b78f696d486603e30cb7241013e927d69ca8030fa37e187c49ffd758cd
2024-06-27 23:29:07,048 INFO - ContAudITWrapper#11 - Executing command...
2024-06-27 23:29:07,445 INFO - ContAudITWrapper#11 - Command output: 
2024-06-27 23:29:07.155765014 [executor] Initializing the workflow...
[apache2_workflow] Create a simple webpage...
[apache2_workflow] Move webpage to Apache HTTP Server user website folder...
2024-06-27 23:29:07.444196125 [executor] Finished!

2024-06-27 23:29:07,446 INFO - ContAudITWrapper#11 - Running post-command actions...
2024-06-27 23:29:07,446 INFO - ContAudITWrapper#11 - Analyzing current environment state...
2024-06-27 23:29:07,850 INFO - ContAudITWrapper#11 - Saving current environment state...
2024-06-27 23:29:07,852 INFO - ContAudITWrapper#11 - Environment state hash: 1776e4b78f696d486603e30cb7241013e927d69ca8030fa37e187c49ffd758cd
2024-06-27 23:29:07,853 INFO - ContAudITWrapper#11 - Checking environment diff...
2024-06-27 23:29:07,897 INFO - ContAudITWrapper#11 - Environment diff: 
2024-06-27 23:29:07,898 INFO - ContAudITWrapper#11 - Cleaning temporary files...
2024-06-27 23:29:07,968 INFO - ContAudITWrapper#11 - Sending to blockchain...
2024-06-27 23:29:12,608 INFO - ContAudITWrapper#11 - Response 
2024-06-27 23:29:12,623 INFO - ContAudITWrapper#11 - Finishing ContAudIT Wrapper...
