2024-06-27 23:08:42,426 INFO - ContAudITWrapper#2 - Initializing ContAudIT Wrapper...
2024-06-27 23:08:42,525 INFO - ContAudITWrapper#2 - Current directory: /home/kali/Code/ufrgs-poc/contaudit-wrapper.jar
2024-06-27 23:08:47,535 INFO - ContAudITWrapper#2 - Wrapper hash: c76a1b1bb9edc25f91da61e17225b6709df7b63d34810aab1d42c0f930950c0b
2024-06-27 23:08:47,549 INFO - ContAudITWrapper#2 - Validating Wrapper...
2024-06-27 23:09:07,841 INFO - ContAudITWrapper#2 - Response true
2024-06-27 23:09:07,893 INFO - ContAudITWrapper#2 - Application hash: e36ee2d35f8c4c41bd358782dfb3ac8852b40439d350ff27616f0c18819ce9bf
2024-06-27 23:09:07,894 INFO - ContAudITWrapper#2 - Validating Application...
2024-06-27 23:09:09,953 INFO - ContAudITWrapper#2 - Response true
2024-06-27 23:09:09,977 INFO - ContAudITWrapper#2 - Artifact apache2.workflow hash: 94d5f6758492dbe0e869e1486907a86cb16f7931019b4acb0e7f38c98cf1b06d
2024-06-27 23:09:09,999 INFO - ContAudITWrapper#2 - Validating Artifact...
2024-06-27 23:09:14,308 INFO - ContAudITWrapper#2 - Response true
2024-06-27 23:09:14,320 INFO - ContAudITWrapper#2 - Running pre-command actions...
2024-06-27 23:09:14,322 INFO - ContAudITWrapper#2 - Analyzing current environment state...
2024-06-27 23:09:14,722 INFO - ContAudITWrapper#2 - Saving current environment state...
2024-06-27 23:09:14,781 INFO - ContAudITWrapper#2 - Environment state hash: 1776e4b78f696d486603e30cb7241013e927d69ca8030fa37e187c49ffd758cd
2024-06-27 23:09:14,784 INFO - ContAudITWrapper#2 - Executing command...
2024-06-27 23:09:15,063 INFO - ContAudITWrapper#2 - Command output: 
2024-06-27 23:09:14.840498794 [executor] Initializing the workflow...
[apache2_workflow] Create a simple webpage...
[apache2_workflow] Move webpage to Apache HTTP Server user website folder...
2024-06-27 23:09:15.050220411 [executor] Finished!

2024-06-27 23:09:15,064 INFO - ContAudITWrapper#2 - Running post-command actions...
2024-06-27 23:09:15,066 INFO - ContAudITWrapper#2 - Analyzing current environment state...
2024-06-27 23:09:15,374 INFO - ContAudITWrapper#2 - Saving current environment state...
2024-06-27 23:09:15,377 INFO - ContAudITWrapper#2 - Environment state hash: 1776e4b78f696d486603e30cb7241013e927d69ca8030fa37e187c49ffd758cd
2024-06-27 23:09:15,377 INFO - ContAudITWrapper#2 - Checking environment diff...
2024-06-27 23:09:15,448 INFO - ContAudITWrapper#2 - Environment diff: 
2024-06-27 23:09:15,451 INFO - ContAudITWrapper#2 - Cleaning temporary files...
2024-06-27 23:09:15,477 INFO - ContAudITWrapper#2 - Sending to blockchain...
2024-06-27 23:09:21,165 INFO - ContAudITWrapper#2 - Response 
2024-06-27 23:09:21,169 INFO - ContAudITWrapper#2 - Finishing ContAudIT Wrapper...
