2024-06-27 23:08:42,314 INFO - ContAudITWrapper#11 - Initializing ContAudIT Wrapper...
2024-06-27 23:08:42,350 INFO - ContAudITWrapper#11 - Current directory: /home/kali/Code/ufrgs-poc/contaudit-wrapper.jar
2024-06-27 23:08:47,788 INFO - ContAudITWrapper#11 - Wrapper hash: c76a1b1bb9edc25f91da61e17225b6709df7b63d34810aab1d42c0f930950c0b
2024-06-27 23:08:47,804 INFO - ContAudITWrapper#11 - Validating Wrapper...
2024-06-27 23:09:06,832 INFO - ContAudITWrapper#11 - Response true
2024-06-27 23:09:06,892 INFO - ContAudITWrapper#11 - Application hash: e36ee2d35f8c4c41bd358782dfb3ac8852b40439d350ff27616f0c18819ce9bf
2024-06-27 23:09:06,895 INFO - ContAudITWrapper#11 - Validating Application...
2024-06-27 23:09:11,144 INFO - ContAudITWrapper#11 - Response true
2024-06-27 23:09:11,150 INFO - ContAudITWrapper#11 - Artifact apache2.workflow hash: 94d5f6758492dbe0e869e1486907a86cb16f7931019b4acb0e7f38c98cf1b06d
2024-06-27 23:09:11,215 INFO - ContAudITWrapper#11 - Validating Artifact...
2024-06-27 23:09:14,038 INFO - ContAudITWrapper#11 - Response true
2024-06-27 23:09:14,081 INFO - ContAudITWrapper#11 - Running pre-command actions...
2024-06-27 23:09:14,083 INFO - ContAudITWrapper#11 - Analyzing current environment state...
2024-06-27 23:09:14,455 INFO - ContAudITWrapper#11 - Saving current environment state...
2024-06-27 23:09:14,465 INFO - ContAudITWrapper#11 - Environment state hash: 1776e4b78f696d486603e30cb7241013e927d69ca8030fa37e187c49ffd758cd
2024-06-27 23:09:14,466 INFO - ContAudITWrapper#11 - Executing command...
2024-06-27 23:09:14,931 INFO - ContAudITWrapper#11 - Command output: 
2024-06-27 23:09:14.533305110 [executor] Initializing the workflow...
[apache2_workflow] Create a simple webpage...
[apache2_workflow] Move webpage to Apache HTTP Server user website folder...
2024-06-27 23:09:14.929908975 [executor] Finished!

2024-06-27 23:09:14,932 INFO - ContAudITWrapper#11 - Running post-command actions...
2024-06-27 23:09:14,932 INFO - ContAudITWrapper#11 - Analyzing current environment state...
2024-06-27 23:09:15,179 INFO - ContAudITWrapper#11 - Saving current environment state...
2024-06-27 23:09:15,181 INFO - ContAudITWrapper#11 - Environment state hash: 1776e4b78f696d486603e30cb7241013e927d69ca8030fa37e187c49ffd758cd
2024-06-27 23:09:15,182 INFO - ContAudITWrapper#11 - Checking environment diff...
2024-06-27 23:09:15,219 INFO - ContAudITWrapper#11 - Environment diff: 
2024-06-27 23:09:15,220 INFO - ContAudITWrapper#11 - Cleaning temporary files...
2024-06-27 23:09:15,245 INFO - ContAudITWrapper#11 - Sending to blockchain...
2024-06-27 23:09:21,160 INFO - ContAudITWrapper#11 - Response 
2024-06-27 23:09:21,173 INFO - ContAudITWrapper#11 - Finishing ContAudIT Wrapper...
