2024-06-27 23:08:42,306 INFO - ContAudITWrapper#8 - Initializing ContAudIT Wrapper...
2024-06-27 23:08:42,340 INFO - ContAudITWrapper#8 - Current directory: /home/kali/Code/ufrgs-poc/contaudit-wrapper.jar
2024-06-27 23:08:48,009 INFO - ContAudITWrapper#8 - Wrapper hash: c76a1b1bb9edc25f91da61e17225b6709df7b63d34810aab1d42c0f930950c0b
2024-06-27 23:08:48,024 INFO - ContAudITWrapper#8 - Validating Wrapper...
2024-06-27 23:09:05,708 INFO - ContAudITWrapper#8 - Response true
2024-06-27 23:09:05,769 INFO - ContAudITWrapper#8 - Application hash: e36ee2d35f8c4c41bd358782dfb3ac8852b40439d350ff27616f0c18819ce9bf
2024-06-27 23:09:05,780 INFO - ContAudITWrapper#8 - Validating Application...
2024-06-27 23:09:10,529 INFO - ContAudITWrapper#8 - Response true
2024-06-27 23:09:10,556 INFO - ContAudITWrapper#8 - Artifact apache2.workflow hash: 94d5f6758492dbe0e869e1486907a86cb16f7931019b4acb0e7f38c98cf1b06d
2024-06-27 23:09:10,569 INFO - ContAudITWrapper#8 - Validating Artifact...
2024-06-27 23:09:13,829 INFO - ContAudITWrapper#8 - Response true
2024-06-27 23:09:13,842 INFO - ContAudITWrapper#8 - Running pre-command actions...
2024-06-27 23:09:13,847 INFO - ContAudITWrapper#8 - Analyzing current environment state...
2024-06-27 23:09:14,298 INFO - ContAudITWrapper#8 - Saving current environment state...
2024-06-27 23:09:14,379 INFO - ContAudITWrapper#8 - Environment state hash: 1776e4b78f696d486603e30cb7241013e927d69ca8030fa37e187c49ffd758cd
2024-06-27 23:09:14,383 INFO - ContAudITWrapper#8 - Executing command...
2024-06-27 23:09:14,671 INFO - ContAudITWrapper#8 - Command output: 
2024-06-27 23:09:14.448618411 [executor] Initializing the workflow...
[apache2_workflow] Create a simple webpage...
[apache2_workflow] Move webpage to Apache HTTP Server user website folder...
2024-06-27 23:09:14.670757035 [executor] Finished!

2024-06-27 23:09:14,671 INFO - ContAudITWrapper#8 - Running post-command actions...
2024-06-27 23:09:14,672 INFO - ContAudITWrapper#8 - Analyzing current environment state...
2024-06-27 23:09:14,904 INFO - ContAudITWrapper#8 - Saving current environment state...
2024-06-27 23:09:14,915 INFO - ContAudITWrapper#8 - Environment state hash: 1776e4b78f696d486603e30cb7241013e927d69ca8030fa37e187c49ffd758cd
2024-06-27 23:09:14,916 INFO - ContAudITWrapper#8 - Checking environment diff...
2024-06-27 23:09:14,972 INFO - ContAudITWrapper#8 - Environment diff: 
2024-06-27 23:09:14,972 INFO - ContAudITWrapper#8 - Cleaning temporary files...
2024-06-27 23:09:14,998 INFO - ContAudITWrapper#8 - Sending to blockchain...
2024-06-27 23:09:21,158 INFO - ContAudITWrapper#8 - Response 
2024-06-27 23:09:21,160 INFO - ContAudITWrapper#8 - Finishing ContAudIT Wrapper...
