2024-06-27 23:08:42,178 INFO - ContAudITWrapper#10 - Initializing ContAudIT Wrapper...
2024-06-27 23:08:42,198 INFO - ContAudITWrapper#10 - Current directory: /home/kali/Code/ufrgs-poc/contaudit-wrapper.jar
2024-06-27 23:08:48,926 INFO - ContAudITWrapper#10 - Wrapper hash: c76a1b1bb9edc25f91da61e17225b6709df7b63d34810aab1d42c0f930950c0b
2024-06-27 23:08:48,949 INFO - ContAudITWrapper#10 - Validating Wrapper...
2024-06-27 23:09:06,562 INFO - ContAudITWrapper#10 - Response true
2024-06-27 23:09:06,647 INFO - ContAudITWrapper#10 - Application hash: e36ee2d35f8c4c41bd358782dfb3ac8852b40439d350ff27616f0c18819ce9bf
2024-06-27 23:09:06,648 INFO - ContAudITWrapper#10 - Validating Application...
2024-06-27 23:09:09,879 INFO - ContAudITWrapper#10 - Response true
2024-06-27 23:09:09,940 INFO - ContAudITWrapper#10 - Artifact apache2.workflow hash: 94d5f6758492dbe0e869e1486907a86cb16f7931019b4acb0e7f38c98cf1b06d
2024-06-27 23:09:09,965 INFO - ContAudITWrapper#10 - Validating Artifact...
2024-06-27 23:09:12,323 INFO - ContAudITWrapper#10 - Response true
2024-06-27 23:09:12,346 INFO - ContAudITWrapper#10 - Running pre-command actions...
2024-06-27 23:09:12,347 INFO - ContAudITWrapper#10 - Analyzing current environment state...
2024-06-27 23:09:12,838 INFO - ContAudITWrapper#10 - Saving current environment state...
2024-06-27 23:09:12,859 INFO - ContAudITWrapper#10 - Environment state hash: 1776e4b78f696d486603e30cb7241013e927d69ca8030fa37e187c49ffd758cd
2024-06-27 23:09:12,863 INFO - ContAudITWrapper#10 - Executing command...
2024-06-27 23:09:13,284 INFO - ContAudITWrapper#10 - Command output: 
2024-06-27 23:09:12.955796936 [executor] Initializing the workflow...
[apache2_workflow] Create a simple webpage...
[apache2_workflow] Move webpage to Apache HTTP Server user website folder...
2024-06-27 23:09:13.283594804 [executor] Finished!

2024-06-27 23:09:13,284 INFO - ContAudITWrapper#10 - Running post-command actions...
2024-06-27 23:09:13,285 INFO - ContAudITWrapper#10 - Analyzing current environment state...
2024-06-27 23:09:13,570 INFO - ContAudITWrapper#10 - Saving current environment state...
2024-06-27 23:09:13,589 INFO - ContAudITWrapper#10 - Environment state hash: 1776e4b78f696d486603e30cb7241013e927d69ca8030fa37e187c49ffd758cd
2024-06-27 23:09:13,590 INFO - ContAudITWrapper#10 - Checking environment diff...
2024-06-27 23:09:13,623 INFO - ContAudITWrapper#10 - Environment diff: 
2024-06-27 23:09:13,627 INFO - ContAudITWrapper#10 - Cleaning temporary files...
2024-06-27 23:09:13,714 INFO - ContAudITWrapper#10 - Sending to blockchain...
2024-06-27 23:09:19,343 INFO - ContAudITWrapper#10 - Response 
2024-06-27 23:09:19,344 INFO - ContAudITWrapper#10 - Finishing ContAudIT Wrapper...
