2024-10-09 05:19:38,412 INFO - ContAudITWrapper#3 - Initializing ContAudIT Wrapper...
2024-10-09 05:19:38,455 INFO - ContAudITWrapper#3 - Current directory: /home/ec2-user/Code/ufrgs-poc/contaudit-wrapper.jar
2024-10-09 05:19:41,738 INFO - ContAudITWrapper#3 - Wrapper hash: b7519188ed863d76e5199a8d880bb968bdf9124fad53b871583787e123a7a764
2024-10-09 05:19:41,748 INFO - ContAudITWrapper#3 - Validating Wrapper...
2024-10-09 05:19:51,695 INFO - ContAudITWrapper#3 - Response true
2024-10-09 05:19:51,751 INFO - ContAudITWrapper#3 - Application hash: e36ee2d35f8c4c41bd358782dfb3ac8852b40439d350ff27616f0c18819ce9bf
2024-10-09 05:19:51,752 INFO - ContAudITWrapper#3 - Validating Application...
2024-10-09 05:19:53,320 INFO - ContAudITWrapper#3 - Response true
2024-10-09 05:19:53,455 INFO - ContAudITWrapper#3 - Artifact apache2.workflow hash: bdb4cee855e21446b6ae53ddcb76a1632ef8c4545b5db0517e01ffd552157f6e
2024-10-09 05:19:53,469 INFO - ContAudITWrapper#3 - Validating Artifact...
2024-10-09 05:19:55,231 INFO - ContAudITWrapper#3 - Response true
2024-10-09 05:19:55,240 INFO - ContAudITWrapper#3 - Running pre-command actions...
2024-10-09 05:19:55,240 INFO - ContAudITWrapper#3 - Analyzing current environment state...
2024-10-09 05:19:55,259 INFO - ContAudITWrapper#3 - Saving current environment state...
2024-10-09 05:19:55,260 INFO - ContAudITWrapper#3 - Environment state hash: a7ffc6f8bf1ed76651c14756a061d662f580ff4de43b49fa82d80a4b80f8434a
2024-10-09 05:19:55,260 INFO - ContAudITWrapper#3 - Executing command...
2024-10-09 05:19:55,483 INFO - ContAudITWrapper#3 - Command output: 
2024-10-09 05:19:55.268000325 [executor] Initializing the workflow...
[apache2_workflow] Apache HTTP Server already installed.
[apache2_workflow] UserDir module already loaded.
[apache2_workflow] Configs to UserDir already exist.
[apache2_workflow] public_html directory already exists in /home/ec2-user.
[apache2_workflow] Creating a simple webpage...
[apache2_workflow] Moving webpage to Apache HTTP Server user website folder...
[apache2_workflow] Page moved successfully!
2024-10-09 05:19:55.480143471 [executor] Finished!

2024-10-09 05:19:55,483 INFO - ContAudITWrapper#3 - Running post-command actions...
2024-10-09 05:19:55,483 INFO - ContAudITWrapper#3 - Analyzing current environment state...
2024-10-09 05:19:55,506 INFO - ContAudITWrapper#3 - Saving current environment state...
2024-10-09 05:19:55,506 INFO - ContAudITWrapper#3 - Environment state hash: a7ffc6f8bf1ed76651c14756a061d662f580ff4de43b49fa82d80a4b80f8434a
2024-10-09 05:19:55,507 INFO - ContAudITWrapper#3 - Checking environment diff...
2024-10-09 05:19:55,512 INFO - ContAudITWrapper#3 - Environment diff: 
2024-10-09 05:19:55,512 INFO - ContAudITWrapper#3 - Cleaning temporary files...
2024-10-09 05:19:55,520 INFO - ContAudITWrapper#3 - Sending to blockchain...
2024-10-09 05:19:57,011 INFO - ContAudITWrapper#3 - Response 
2024-10-09 05:19:57,016 INFO - ContAudITWrapper#3 - Finishing ContAudIT Wrapper...
