2024-10-09 05:19:38,396 INFO - ContAudITWrapper#5 - Initializing ContAudIT Wrapper...
2024-10-09 05:19:38,426 INFO - ContAudITWrapper#5 - Current directory: /home/ec2-user/Code/ufrgs-poc/contaudit-wrapper.jar
2024-10-09 05:19:41,683 INFO - ContAudITWrapper#5 - Wrapper hash: b7519188ed863d76e5199a8d880bb968bdf9124fad53b871583787e123a7a764
2024-10-09 05:19:41,692 INFO - ContAudITWrapper#5 - Validating Wrapper...
2024-10-09 05:19:51,312 INFO - ContAudITWrapper#5 - Response true
2024-10-09 05:19:51,329 INFO - ContAudITWrapper#5 - Application hash: e36ee2d35f8c4c41bd358782dfb3ac8852b40439d350ff27616f0c18819ce9bf
2024-10-09 05:19:51,331 INFO - ContAudITWrapper#5 - Validating Application...
2024-10-09 05:19:53,153 INFO - ContAudITWrapper#5 - Response true
2024-10-09 05:19:53,182 INFO - ContAudITWrapper#5 - Artifact apache2.workflow hash: bdb4cee855e21446b6ae53ddcb76a1632ef8c4545b5db0517e01ffd552157f6e
2024-10-09 05:19:53,206 INFO - ContAudITWrapper#5 - Validating Artifact...
2024-10-09 05:19:55,147 INFO - ContAudITWrapper#5 - Response true
2024-10-09 05:19:55,152 INFO - ContAudITWrapper#5 - Running pre-command actions...
2024-10-09 05:19:55,154 INFO - ContAudITWrapper#5 - Analyzing current environment state...
2024-10-09 05:19:55,193 INFO - ContAudITWrapper#5 - Saving current environment state...
2024-10-09 05:19:55,193 INFO - ContAudITWrapper#5 - Environment state hash: a7ffc6f8bf1ed76651c14756a061d662f580ff4de43b49fa82d80a4b80f8434a
2024-10-09 05:19:55,194 INFO - ContAudITWrapper#5 - Executing command...
2024-10-09 05:19:55,369 INFO - ContAudITWrapper#5 - Command output: 
2024-10-09 05:19:55.217070487 [executor] Initializing the workflow...
[apache2_workflow] Apache HTTP Server already installed.
[apache2_workflow] UserDir module already loaded.
[apache2_workflow] Configs to UserDir already exist.
[apache2_workflow] public_html directory already exists in /home/ec2-user.
[apache2_workflow] Creating a simple webpage...
[apache2_workflow] Moving webpage to Apache HTTP Server user website folder...
[apache2_workflow] Page moved successfully!
2024-10-09 05:19:55.367245073 [executor] Finished!

2024-10-09 05:19:55,370 INFO - ContAudITWrapper#5 - Running post-command actions...
2024-10-09 05:19:55,370 INFO - ContAudITWrapper#5 - Analyzing current environment state...
2024-10-09 05:19:55,409 INFO - ContAudITWrapper#5 - Saving current environment state...
2024-10-09 05:19:55,410 INFO - ContAudITWrapper#5 - Environment state hash: a7ffc6f8bf1ed76651c14756a061d662f580ff4de43b49fa82d80a4b80f8434a
2024-10-09 05:19:55,410 INFO - ContAudITWrapper#5 - Checking environment diff...
2024-10-09 05:19:55,417 INFO - ContAudITWrapper#5 - Environment diff: 
2024-10-09 05:19:55,417 INFO - ContAudITWrapper#5 - Cleaning temporary files...
2024-10-09 05:19:55,423 INFO - ContAudITWrapper#5 - Sending to blockchain...
2024-10-09 05:19:57,032 INFO - ContAudITWrapper#5 - Response 
2024-10-09 05:19:57,033 INFO - ContAudITWrapper#5 - Finishing ContAudIT Wrapper...
