2024-10-11 09:05:39,801 INFO - ContAudITWrapper#22 - Initializing ContAudIT Wrapper...
2024-10-11 09:05:39,811 INFO - ContAudITWrapper#22 - Current directory: /home/ec2-user/Code/ufrgs-poc/contaudit-wrapper.jar
2024-10-11 09:05:41,974 INFO - ContAudITWrapper#22 - Wrapper hash: b7519188ed863d76e5199a8d880bb968bdf9124fad53b871583787e123a7a764
2024-10-11 09:05:41,980 INFO - ContAudITWrapper#22 - Validating Wrapper...
2024-10-11 09:05:44,426 INFO - ContAudITWrapper#22 - Response true
2024-10-11 09:05:44,480 INFO - ContAudITWrapper#22 - Application hash: e36ee2d35f8c4c41bd358782dfb3ac8852b40439d350ff27616f0c18819ce9bf
2024-10-11 09:05:44,481 INFO - ContAudITWrapper#22 - Validating Application...
2024-10-11 09:05:45,059 INFO - ContAudITWrapper#22 - Response true
2024-10-11 09:05:45,062 INFO - ContAudITWrapper#22 - Artifact vim.workflow hash: c2cd8e965b29c5d0c1074b5d083f6beb66f185746aced776659b092dece12743
2024-10-11 09:05:45,067 INFO - ContAudITWrapper#22 - Validating Artifact...
2024-10-11 09:05:45,601 INFO - ContAudITWrapper#22 - Response true
2024-10-11 09:05:45,602 INFO - ContAudITWrapper#22 - Running pre-command actions...
2024-10-11 09:05:45,604 INFO - ContAudITWrapper#22 - Analyzing current environment state...
2024-10-11 09:05:45,610 INFO - ContAudITWrapper#22 - Saving current environment state...
2024-10-11 09:05:45,611 INFO - ContAudITWrapper#22 - Environment state hash: a7ffc6f8bf1ed76651c14756a061d662f580ff4de43b49fa82d80a4b80f8434a
2024-10-11 09:05:45,611 INFO - ContAudITWrapper#22 - Executing command...
2024-10-11 09:05:46,558 INFO - ContAudITWrapper#22 - Command output: 
2024-10-11 09:05:45.616223089 [executor] Initializing the workflow...
[vim_workflow] Checking operating system...
[vim_workflow] Detected Amazon Linux.
[vim_workflow] Checking if vim is installed...
[vim_workflow] Vim found! Removing...
Dependencies resolved.
================================================================================
 Package          Arch       Version                     Repository        Size
================================================================================
Removing:
 vim-enhanced     x86_64     2:9.0.2153-1.amzn2023       @amazonlinux     4.0 M

Transaction Summary
================================================================================
Remove  1 Package

Freed space: 4.0 M
Running transaction check
Transaction check succeeded.
Running transaction test
Transaction test succeeded.
Running transaction
  Preparing        :                                                        1/1 
  Erasing          : vim-enhanced-2:9.0.2153-1.amzn2023.x86_64              1/1 
  Verifying        : vim-enhanced-2:9.0.2153-1.amzn2023.x86_64              1/1 

Removed:
  vim-enhanced-2:9.0.2153-1.amzn2023.x86_64                                     

Complete!
2024-10-11 09:05:46.558126502 [executor] Finished!

2024-10-11 09:05:46,558 INFO - ContAudITWrapper#22 - Running post-command actions...
2024-10-11 09:05:46,558 INFO - ContAudITWrapper#22 - Analyzing current environment state...
2024-10-11 09:05:46,564 INFO - ContAudITWrapper#22 - Saving current environment state...
2024-10-11 09:05:46,564 INFO - ContAudITWrapper#22 - Environment state hash: a7ffc6f8bf1ed76651c14756a061d662f580ff4de43b49fa82d80a4b80f8434a
2024-10-11 09:05:46,564 INFO - ContAudITWrapper#22 - Checking environment diff...
2024-10-11 09:05:46,567 INFO - ContAudITWrapper#22 - Environment diff: 
2024-10-11 09:05:46,567 INFO - ContAudITWrapper#22 - Cleaning temporary files...
2024-10-11 09:05:46,570 INFO - ContAudITWrapper#22 - Sending to blockchain...
2024-10-11 09:05:49,228 INFO - ContAudITWrapper#22 - Response 
2024-10-11 09:05:49,230 INFO - ContAudITWrapper#22 - Finishing ContAudIT Wrapper...
