2024-06-23 23:25:11,391 INFO - ContAudITWrapper#5 - Initializing ContAudIT Wrapper...
2024-06-23 23:25:11,408 INFO - ContAudITWrapper#5 - Current directory: /home/kali/Code/ufrgs-poc/contaudit-wrapper.jar
2024-06-23 23:25:14,453 INFO - ContAudITWrapper#5 - Wrapper hash: c76a1b1bb9edc25f91da61e17225b6709df7b63d34810aab1d42c0f930950c0b
2024-06-23 23:25:14,466 INFO - ContAudITWrapper#5 - Validating Wrapper...
2024-06-23 23:25:23,545 INFO - ContAudITWrapper#5 - Response true
2024-06-23 23:25:23,617 INFO - ContAudITWrapper#5 - Application hash: e36ee2d35f8c4c41bd358782dfb3ac8852b40439d350ff27616f0c18819ce9bf
2024-06-23 23:25:23,619 INFO - ContAudITWrapper#5 - Validating Application...
2024-06-23 23:25:25,093 INFO - ContAudITWrapper#5 - Response true
2024-06-23 23:25:25,120 INFO - ContAudITWrapper#5 - Artifact apache2.workflow hash: 94d5f6758492dbe0e869e1486907a86cb16f7931019b4acb0e7f38c98cf1b06d
2024-06-23 23:25:25,125 INFO - ContAudITWrapper#5 - Validating Artifact...
2024-06-23 23:25:26,372 INFO - ContAudITWrapper#5 - Response true
2024-06-23 23:25:26,381 INFO - ContAudITWrapper#5 - Running pre-command actions...
2024-06-23 23:25:26,384 INFO - ContAudITWrapper#5 - Analyzing current environment state...
2024-06-23 23:25:26,653 INFO - ContAudITWrapper#5 - Saving current environment state...
2024-06-23 23:25:26,738 INFO - ContAudITWrapper#5 - Environment state hash: 1776e4b78f696d486603e30cb7241013e927d69ca8030fa37e187c49ffd758cd
2024-06-23 23:25:26,739 INFO - ContAudITWrapper#5 - Executing command...
2024-06-23 23:25:26,846 INFO - ContAudITWrapper#5 - Command output: 
2024-06-23 23:25:26.759839303 [executor] Initializing the workflow...
[apache2_workflow] Create a simple webpage...
[apache2_workflow] Move webpage to Apache HTTP Server user website folder...
2024-06-23 23:25:26.845702193 [executor] Finished!

2024-06-23 23:25:26,846 INFO - ContAudITWrapper#5 - Running post-command actions...
2024-06-23 23:25:26,847 INFO - ContAudITWrapper#5 - Analyzing current environment state...
2024-06-23 23:25:26,991 INFO - ContAudITWrapper#5 - Saving current environment state...
2024-06-23 23:25:26,994 INFO - ContAudITWrapper#5 - Environment state hash: 1776e4b78f696d486603e30cb7241013e927d69ca8030fa37e187c49ffd758cd
2024-06-23 23:25:26,994 INFO - ContAudITWrapper#5 - Checking environment diff...
2024-06-23 23:25:27,004 INFO - ContAudITWrapper#5 - Environment diff: 
2024-06-23 23:25:27,004 INFO - ContAudITWrapper#5 - Cleaning temporary files...
2024-06-23 23:25:27,010 INFO - ContAudITWrapper#5 - Sending to blockchain...
2024-06-23 23:25:30,996 INFO - ContAudITWrapper#5 - Response 
2024-06-23 23:25:31,006 INFO - ContAudITWrapper#5 - Finishing ContAudIT Wrapper...
