2024-10-10 03:26:58,284 INFO - ContAudITWrapper#18 - Initializing ContAudIT Wrapper...
2024-10-10 03:26:58,332 INFO - ContAudITWrapper#18 - Current directory: /home/ec2-user/Code/ufrgs-poc/contaudit-wrapper.jar
2024-10-10 03:27:08,458 INFO - ContAudITWrapper#18 - Wrapper hash: b7519188ed863d76e5199a8d880bb968bdf9124fad53b871583787e123a7a764
2024-10-10 03:27:08,509 INFO - ContAudITWrapper#18 - Validating Wrapper...
2024-10-10 03:27:34,193 INFO - ContAudITWrapper#18 - Response true
2024-10-10 03:27:34,352 INFO - ContAudITWrapper#18 - Application hash: e36ee2d35f8c4c41bd358782dfb3ac8852b40439d350ff27616f0c18819ce9bf
2024-10-10 03:27:34,357 INFO - ContAudITWrapper#18 - Validating Application...
2024-10-10 03:27:37,456 INFO - ContAudITWrapper#18 - Response true
2024-10-10 03:27:37,503 INFO - ContAudITWrapper#18 - Artifact user.workflow hash: 52877374d8c54314b7af92814eaf729121e99a87e9706a2888cd9bcd951b11c9
2024-10-10 03:27:37,509 INFO - ContAudITWrapper#18 - Validating Artifact...
2024-10-10 03:27:39,578 INFO - ContAudITWrapper#18 - Response true
2024-10-10 03:27:39,597 INFO - ContAudITWrapper#18 - Running pre-command actions...
2024-10-10 03:27:39,599 INFO - ContAudITWrapper#18 - Analyzing current environment state...
2024-10-10 03:27:39,643 INFO - ContAudITWrapper#18 - Saving current environment state...
2024-10-10 03:27:39,644 INFO - ContAudITWrapper#18 - Environment state hash: a7ffc6f8bf1ed76651c14756a061d662f580ff4de43b49fa82d80a4b80f8434a
2024-10-10 03:27:39,644 INFO - ContAudITWrapper#18 - Executing command...
2024-10-10 03:27:42,813 INFO - ContAudITWrapper#18 - Command output: 
2024-10-10 03:27:39.676272627 [executor] Initializing the workflow...
[useradd_workflow] User contaudit18 already exists. Removing...
[useradd_workflow] User contaudit18 successfully removed.
[useradd_workflow] User contaudit18 created successfully.
2024-10-10 03:27:42.812339681 [executor] Finished!

2024-10-10 03:27:42,813 INFO - ContAudITWrapper#18 - Running post-command actions...
2024-10-10 03:27:42,813 INFO - ContAudITWrapper#18 - Analyzing current environment state...
2024-10-10 03:27:42,874 INFO - ContAudITWrapper#18 - Saving current environment state...
2024-10-10 03:27:42,874 INFO - ContAudITWrapper#18 - Environment state hash: a7ffc6f8bf1ed76651c14756a061d662f580ff4de43b49fa82d80a4b80f8434a
2024-10-10 03:27:42,874 INFO - ContAudITWrapper#18 - Checking environment diff...
2024-10-10 03:27:42,886 INFO - ContAudITWrapper#18 - Environment diff: 
2024-10-10 03:27:42,886 INFO - ContAudITWrapper#18 - Cleaning temporary files...
2024-10-10 03:27:42,891 INFO - ContAudITWrapper#18 - Sending to blockchain...
2024-10-10 03:27:46,653 INFO - ContAudITWrapper#18 - Response 
2024-10-10 03:27:46,655 INFO - ContAudITWrapper#18 - Finishing ContAudIT Wrapper...
