2024-10-10 03:26:59,180 INFO - ContAudITWrapper#32 - Initializing ContAudIT Wrapper...
2024-10-10 03:26:59,255 INFO - ContAudITWrapper#32 - Current directory: /home/ec2-user/Code/ufrgs-poc/contaudit-wrapper.jar
2024-10-10 03:27:06,615 INFO - ContAudITWrapper#32 - Wrapper hash: b7519188ed863d76e5199a8d880bb968bdf9124fad53b871583787e123a7a764
2024-10-10 03:27:06,660 INFO - ContAudITWrapper#32 - Validating Wrapper...
2024-10-10 03:27:30,776 INFO - ContAudITWrapper#32 - Response true
2024-10-10 03:27:30,833 INFO - ContAudITWrapper#32 - Application hash: e36ee2d35f8c4c41bd358782dfb3ac8852b40439d350ff27616f0c18819ce9bf
2024-10-10 03:27:30,833 INFO - ContAudITWrapper#32 - Validating Application...
2024-10-10 03:27:34,863 INFO - ContAudITWrapper#32 - Response true
2024-10-10 03:27:34,892 INFO - ContAudITWrapper#32 - Artifact user.workflow hash: 52877374d8c54314b7af92814eaf729121e99a87e9706a2888cd9bcd951b11c9
2024-10-10 03:27:34,919 INFO - ContAudITWrapper#32 - Validating Artifact...
2024-10-10 03:27:38,297 INFO - ContAudITWrapper#32 - Response true
2024-10-10 03:27:38,324 INFO - ContAudITWrapper#32 - Running pre-command actions...
2024-10-10 03:27:38,325 INFO - ContAudITWrapper#32 - Analyzing current environment state...
2024-10-10 03:27:38,400 INFO - ContAudITWrapper#32 - Saving current environment state...
2024-10-10 03:27:38,401 INFO - ContAudITWrapper#32 - Environment state hash: a7ffc6f8bf1ed76651c14756a061d662f580ff4de43b49fa82d80a4b80f8434a
2024-10-10 03:27:38,401 INFO - ContAudITWrapper#32 - Executing command...
2024-10-10 03:27:39,852 INFO - ContAudITWrapper#32 - Command output: 
2024-10-10 03:27:38.434968199 [executor] Initializing the workflow...
[useradd_workflow] User contaudit32 does not exist. Creating...
[useradd_workflow] User contaudit32 created successfully.
2024-10-10 03:27:39.850435149 [executor] Finished!

2024-10-10 03:27:39,852 INFO - ContAudITWrapper#32 - Running post-command actions...
2024-10-10 03:27:39,852 INFO - ContAudITWrapper#32 - Analyzing current environment state...
2024-10-10 03:27:39,867 INFO - ContAudITWrapper#32 - Saving current environment state...
2024-10-10 03:27:39,868 INFO - ContAudITWrapper#32 - Environment state hash: a7ffc6f8bf1ed76651c14756a061d662f580ff4de43b49fa82d80a4b80f8434a
2024-10-10 03:27:39,868 INFO - ContAudITWrapper#32 - Checking environment diff...
2024-10-10 03:27:39,875 INFO - ContAudITWrapper#32 - Environment diff: 
2024-10-10 03:27:39,876 INFO - ContAudITWrapper#32 - Cleaning temporary files...
2024-10-10 03:27:39,885 INFO - ContAudITWrapper#32 - Sending to blockchain...
2024-10-10 03:27:43,519 INFO - ContAudITWrapper#32 - Response 
2024-10-10 03:27:43,521 INFO - ContAudITWrapper#32 - Finishing ContAudIT Wrapper...
