2024-10-10 03:26:59,165 INFO - ContAudITWrapper#33 - Initializing ContAudIT Wrapper...
2024-10-10 03:26:59,233 INFO - ContAudITWrapper#33 - Current directory: /home/ec2-user/Code/ufrgs-poc/contaudit-wrapper.jar
2024-10-10 03:27:06,787 INFO - ContAudITWrapper#33 - Wrapper hash: b7519188ed863d76e5199a8d880bb968bdf9124fad53b871583787e123a7a764
2024-10-10 03:27:06,813 INFO - ContAudITWrapper#33 - Validating Wrapper...
2024-10-10 03:27:31,374 INFO - ContAudITWrapper#33 - Response true
2024-10-10 03:27:31,454 INFO - ContAudITWrapper#33 - Application hash: e36ee2d35f8c4c41bd358782dfb3ac8852b40439d350ff27616f0c18819ce9bf
2024-10-10 03:27:31,455 INFO - ContAudITWrapper#33 - Validating Application...
2024-10-10 03:27:37,059 INFO - ContAudITWrapper#33 - Response true
2024-10-10 03:27:37,066 INFO - ContAudITWrapper#33 - Artifact user.workflow hash: 52877374d8c54314b7af92814eaf729121e99a87e9706a2888cd9bcd951b11c9
2024-10-10 03:27:37,098 INFO - ContAudITWrapper#33 - Validating Artifact...
2024-10-10 03:27:39,325 INFO - ContAudITWrapper#33 - Response true
2024-10-10 03:27:39,348 INFO - ContAudITWrapper#33 - Running pre-command actions...
2024-10-10 03:27:39,349 INFO - ContAudITWrapper#33 - Analyzing current environment state...
2024-10-10 03:27:39,384 INFO - ContAudITWrapper#33 - Saving current environment state...
2024-10-10 03:27:39,385 INFO - ContAudITWrapper#33 - Environment state hash: a7ffc6f8bf1ed76651c14756a061d662f580ff4de43b49fa82d80a4b80f8434a
2024-10-10 03:27:39,385 INFO - ContAudITWrapper#33 - Executing command...
2024-10-10 03:27:41,274 INFO - ContAudITWrapper#33 - Command output: 
2024-10-10 03:27:39.420194378 [executor] Initializing the workflow...
[useradd_workflow] User contaudit33 does not exist. Creating...
[useradd_workflow] User contaudit33 created successfully.
2024-10-10 03:27:41.273436890 [executor] Finished!

2024-10-10 03:27:41,275 INFO - ContAudITWrapper#33 - Running post-command actions...
2024-10-10 03:27:41,276 INFO - ContAudITWrapper#33 - Analyzing current environment state...
2024-10-10 03:27:41,283 INFO - ContAudITWrapper#33 - Saving current environment state...
2024-10-10 03:27:41,284 INFO - ContAudITWrapper#33 - Environment state hash: a7ffc6f8bf1ed76651c14756a061d662f580ff4de43b49fa82d80a4b80f8434a
2024-10-10 03:27:41,284 INFO - ContAudITWrapper#33 - Checking environment diff...
2024-10-10 03:27:41,288 INFO - ContAudITWrapper#33 - Environment diff: 
2024-10-10 03:27:41,288 INFO - ContAudITWrapper#33 - Cleaning temporary files...
2024-10-10 03:27:41,293 INFO - ContAudITWrapper#33 - Sending to blockchain...
2024-10-10 03:27:43,398 INFO - ContAudITWrapper#33 - Response 
2024-10-10 03:27:43,401 INFO - ContAudITWrapper#33 - Finishing ContAudIT Wrapper...
