2024-10-10 03:26:59,112 INFO - ContAudITWrapper#8 - Initializing ContAudIT Wrapper...
2024-10-10 03:26:59,151 INFO - ContAudITWrapper#8 - Current directory: /home/ec2-user/Code/ufrgs-poc/contaudit-wrapper.jar
2024-10-10 03:27:07,496 INFO - ContAudITWrapper#8 - Wrapper hash: b7519188ed863d76e5199a8d880bb968bdf9124fad53b871583787e123a7a764
2024-10-10 03:27:07,504 INFO - ContAudITWrapper#8 - Validating Wrapper...
2024-10-10 03:27:31,130 INFO - ContAudITWrapper#8 - Response true
2024-10-10 03:27:31,193 INFO - ContAudITWrapper#8 - Application hash: e36ee2d35f8c4c41bd358782dfb3ac8852b40439d350ff27616f0c18819ce9bf
2024-10-10 03:27:31,212 INFO - ContAudITWrapper#8 - Validating Application...
2024-10-10 03:27:35,074 INFO - ContAudITWrapper#8 - Response true
2024-10-10 03:27:35,109 INFO - ContAudITWrapper#8 - Artifact user.workflow hash: 52877374d8c54314b7af92814eaf729121e99a87e9706a2888cd9bcd951b11c9
2024-10-10 03:27:35,140 INFO - ContAudITWrapper#8 - Validating Artifact...
2024-10-10 03:27:38,237 INFO - ContAudITWrapper#8 - Response true
2024-10-10 03:27:38,259 INFO - ContAudITWrapper#8 - Running pre-command actions...
2024-10-10 03:27:38,270 INFO - ContAudITWrapper#8 - Analyzing current environment state...
2024-10-10 03:27:38,368 INFO - ContAudITWrapper#8 - Saving current environment state...
2024-10-10 03:27:38,369 INFO - ContAudITWrapper#8 - Environment state hash: a7ffc6f8bf1ed76651c14756a061d662f580ff4de43b49fa82d80a4b80f8434a
2024-10-10 03:27:38,370 INFO - ContAudITWrapper#8 - Executing command...
2024-10-10 03:27:41,652 INFO - ContAudITWrapper#8 - Command output: 
2024-10-10 03:27:38.408965744 [executor] Initializing the workflow...
[useradd_workflow] User contaudit8 already exists. Removing...
[useradd_workflow] User contaudit8 successfully removed.
[useradd_workflow] User contaudit8 created successfully.
2024-10-10 03:27:41.651424836 [executor] Finished!

2024-10-10 03:27:41,653 INFO - ContAudITWrapper#8 - Running post-command actions...
2024-10-10 03:27:41,653 INFO - ContAudITWrapper#8 - Analyzing current environment state...
2024-10-10 03:27:41,679 INFO - ContAudITWrapper#8 - Saving current environment state...
2024-10-10 03:27:41,680 INFO - ContAudITWrapper#8 - Environment state hash: a7ffc6f8bf1ed76651c14756a061d662f580ff4de43b49fa82d80a4b80f8434a
2024-10-10 03:27:41,684 INFO - ContAudITWrapper#8 - Checking environment diff...
2024-10-10 03:27:41,697 INFO - ContAudITWrapper#8 - Environment diff: 
2024-10-10 03:27:41,697 INFO - ContAudITWrapper#8 - Cleaning temporary files...
2024-10-10 03:27:41,704 INFO - ContAudITWrapper#8 - Sending to blockchain...
2024-10-10 03:27:44,470 INFO - ContAudITWrapper#8 - Response 
2024-10-10 03:27:44,481 INFO - ContAudITWrapper#8 - Finishing ContAudIT Wrapper...
