2024-10-10 03:26:58,226 INFO - ContAudITWrapper#1 - Initializing ContAudIT Wrapper...
2024-10-10 03:26:58,297 INFO - ContAudITWrapper#1 - Current directory: /home/ec2-user/Code/ufrgs-poc/contaudit-wrapper.jar
2024-10-10 03:27:07,165 INFO - ContAudITWrapper#1 - Wrapper hash: b7519188ed863d76e5199a8d880bb968bdf9124fad53b871583787e123a7a764
2024-10-10 03:27:07,201 INFO - ContAudITWrapper#1 - Validating Wrapper...
2024-10-10 03:27:31,088 INFO - ContAudITWrapper#1 - Response true
2024-10-10 03:27:31,223 INFO - ContAudITWrapper#1 - Application hash: e36ee2d35f8c4c41bd358782dfb3ac8852b40439d350ff27616f0c18819ce9bf
2024-10-10 03:27:31,223 INFO - ContAudITWrapper#1 - Validating Application...
2024-10-10 03:27:35,018 INFO - ContAudITWrapper#1 - Response true
2024-10-10 03:27:35,059 INFO - ContAudITWrapper#1 - Artifact user.workflow hash: 52877374d8c54314b7af92814eaf729121e99a87e9706a2888cd9bcd951b11c9
2024-10-10 03:27:35,102 INFO - ContAudITWrapper#1 - Validating Artifact...
2024-10-10 03:27:38,338 INFO - ContAudITWrapper#1 - Response true
2024-10-10 03:27:38,340 INFO - ContAudITWrapper#1 - Running pre-command actions...
2024-10-10 03:27:38,344 INFO - ContAudITWrapper#1 - Analyzing current environment state...
2024-10-10 03:27:38,395 INFO - ContAudITWrapper#1 - Saving current environment state...
2024-10-10 03:27:38,396 INFO - ContAudITWrapper#1 - Environment state hash: a7ffc6f8bf1ed76651c14756a061d662f580ff4de43b49fa82d80a4b80f8434a
2024-10-10 03:27:38,396 INFO - ContAudITWrapper#1 - Executing command...
2024-10-10 03:27:41,967 INFO - ContAudITWrapper#1 - Command output: 
2024-10-10 03:27:38.445149249 [executor] Initializing the workflow...
[useradd_workflow] User contaudit1 already exists. Removing...
[useradd_workflow] User contaudit1 successfully removed.
[useradd_workflow] User contaudit1 created successfully.
2024-10-10 03:27:41.965982125 [executor] Finished!

2024-10-10 03:27:41,967 INFO - ContAudITWrapper#1 - Running post-command actions...
2024-10-10 03:27:41,967 INFO - ContAudITWrapper#1 - Analyzing current environment state...
2024-10-10 03:27:41,993 INFO - ContAudITWrapper#1 - Saving current environment state...
2024-10-10 03:27:41,993 INFO - ContAudITWrapper#1 - Environment state hash: a7ffc6f8bf1ed76651c14756a061d662f580ff4de43b49fa82d80a4b80f8434a
2024-10-10 03:27:41,994 INFO - ContAudITWrapper#1 - Checking environment diff...
2024-10-10 03:27:42,008 INFO - ContAudITWrapper#1 - Environment diff: 
2024-10-10 03:27:42,008 INFO - ContAudITWrapper#1 - Cleaning temporary files...
2024-10-10 03:27:42,020 INFO - ContAudITWrapper#1 - Sending to blockchain...
2024-10-10 03:27:44,483 INFO - ContAudITWrapper#1 - Response 
2024-10-10 03:27:44,485 INFO - ContAudITWrapper#1 - Finishing ContAudIT Wrapper...
