2024-10-10 03:26:59,006 INFO - ContAudITWrapper#35 - Initializing ContAudIT Wrapper...
2024-10-10 03:26:59,091 INFO - ContAudITWrapper#35 - Current directory: /home/ec2-user/Code/ufrgs-poc/contaudit-wrapper.jar
2024-10-10 03:27:08,783 INFO - ContAudITWrapper#35 - Wrapper hash: b7519188ed863d76e5199a8d880bb968bdf9124fad53b871583787e123a7a764
2024-10-10 03:27:08,798 INFO - ContAudITWrapper#35 - Validating Wrapper...
2024-10-10 03:27:34,410 INFO - ContAudITWrapper#35 - Response true
2024-10-10 03:27:34,490 INFO - ContAudITWrapper#35 - Application hash: e36ee2d35f8c4c41bd358782dfb3ac8852b40439d350ff27616f0c18819ce9bf
2024-10-10 03:27:34,494 INFO - ContAudITWrapper#35 - Validating Application...
2024-10-10 03:27:38,392 INFO - ContAudITWrapper#35 - Response true
2024-10-10 03:27:38,403 INFO - ContAudITWrapper#35 - Artifact user.workflow hash: 52877374d8c54314b7af92814eaf729121e99a87e9706a2888cd9bcd951b11c9
2024-10-10 03:27:38,410 INFO - ContAudITWrapper#35 - Validating Artifact...
2024-10-10 03:27:40,139 INFO - ContAudITWrapper#35 - Response true
2024-10-10 03:27:40,150 INFO - ContAudITWrapper#35 - Running pre-command actions...
2024-10-10 03:27:40,151 INFO - ContAudITWrapper#35 - Analyzing current environment state...
2024-10-10 03:27:40,179 INFO - ContAudITWrapper#35 - Saving current environment state...
2024-10-10 03:27:40,180 INFO - ContAudITWrapper#35 - Environment state hash: a7ffc6f8bf1ed76651c14756a061d662f580ff4de43b49fa82d80a4b80f8434a
2024-10-10 03:27:40,181 INFO - ContAudITWrapper#35 - Executing command...
2024-10-10 03:27:42,083 INFO - ContAudITWrapper#35 - Command output: 
2024-10-10 03:27:40.220476927 [executor] Initializing the workflow...
[useradd_workflow] User contaudit35 does not exist. Creating...
[useradd_workflow] User contaudit35 created successfully.
2024-10-10 03:27:42.082423818 [executor] Finished!

2024-10-10 03:27:42,084 INFO - ContAudITWrapper#35 - Running post-command actions...
2024-10-10 03:27:42,084 INFO - ContAudITWrapper#35 - Analyzing current environment state...
2024-10-10 03:27:42,098 INFO - ContAudITWrapper#35 - Saving current environment state...
2024-10-10 03:27:42,098 INFO - ContAudITWrapper#35 - Environment state hash: a7ffc6f8bf1ed76651c14756a061d662f580ff4de43b49fa82d80a4b80f8434a
2024-10-10 03:27:42,099 INFO - ContAudITWrapper#35 - Checking environment diff...
2024-10-10 03:27:42,114 INFO - ContAudITWrapper#35 - Environment diff: 
2024-10-10 03:27:42,115 INFO - ContAudITWrapper#35 - Cleaning temporary files...
2024-10-10 03:27:42,121 INFO - ContAudITWrapper#35 - Sending to blockchain...
2024-10-10 03:27:44,591 INFO - ContAudITWrapper#35 - Response 
2024-10-10 03:27:44,593 INFO - ContAudITWrapper#35 - Finishing ContAudIT Wrapper...
