2024-10-10 03:26:57,951 INFO - ContAudITWrapper#31 - Initializing ContAudIT Wrapper...
2024-10-10 03:26:58,015 INFO - ContAudITWrapper#31 - Current directory: /home/ec2-user/Code/ufrgs-poc/contaudit-wrapper.jar
2024-10-10 03:27:05,516 INFO - ContAudITWrapper#31 - Wrapper hash: b7519188ed863d76e5199a8d880bb968bdf9124fad53b871583787e123a7a764
2024-10-10 03:27:05,554 INFO - ContAudITWrapper#31 - Validating Wrapper...
2024-10-10 03:27:28,972 INFO - ContAudITWrapper#31 - Response true
2024-10-10 03:27:29,030 INFO - ContAudITWrapper#31 - Application hash: e36ee2d35f8c4c41bd358782dfb3ac8852b40439d350ff27616f0c18819ce9bf
2024-10-10 03:27:29,036 INFO - ContAudITWrapper#31 - Validating Application...
2024-10-10 03:27:33,637 INFO - ContAudITWrapper#31 - Response true
2024-10-10 03:27:33,643 INFO - ContAudITWrapper#31 - Artifact user.workflow hash: 52877374d8c54314b7af92814eaf729121e99a87e9706a2888cd9bcd951b11c9
2024-10-10 03:27:33,648 INFO - ContAudITWrapper#31 - Validating Artifact...
2024-10-10 03:27:37,143 INFO - ContAudITWrapper#31 - Response true
2024-10-10 03:27:37,151 INFO - ContAudITWrapper#31 - Running pre-command actions...
2024-10-10 03:27:37,152 INFO - ContAudITWrapper#31 - Analyzing current environment state...
2024-10-10 03:27:37,221 INFO - ContAudITWrapper#31 - Saving current environment state...
2024-10-10 03:27:37,222 INFO - ContAudITWrapper#31 - Environment state hash: a7ffc6f8bf1ed76651c14756a061d662f580ff4de43b49fa82d80a4b80f8434a
2024-10-10 03:27:37,223 INFO - ContAudITWrapper#31 - Executing command...
2024-10-10 03:27:38,504 INFO - ContAudITWrapper#31 - Command output: 
2024-10-10 03:27:37.335708693 [executor] Initializing the workflow...
[useradd_workflow] User contaudit31 does not exist. Creating...
[useradd_workflow] User contaudit31 created successfully.
2024-10-10 03:27:38.501753171 [executor] Finished!

2024-10-10 03:27:38,504 INFO - ContAudITWrapper#31 - Running post-command actions...
2024-10-10 03:27:38,505 INFO - ContAudITWrapper#31 - Analyzing current environment state...
2024-10-10 03:27:38,624 INFO - ContAudITWrapper#31 - Saving current environment state...
2024-10-10 03:27:38,626 INFO - ContAudITWrapper#31 - Environment state hash: a7ffc6f8bf1ed76651c14756a061d662f580ff4de43b49fa82d80a4b80f8434a
2024-10-10 03:27:38,626 INFO - ContAudITWrapper#31 - Checking environment diff...
2024-10-10 03:27:38,656 INFO - ContAudITWrapper#31 - Environment diff: 
2024-10-10 03:27:38,656 INFO - ContAudITWrapper#31 - Cleaning temporary files...
2024-10-10 03:27:38,707 INFO - ContAudITWrapper#31 - Sending to blockchain...
2024-10-10 03:27:41,087 INFO - ContAudITWrapper#31 - Response 
2024-10-10 03:27:41,089 INFO - ContAudITWrapper#31 - Finishing ContAudIT Wrapper...
