2024-10-11 04:51:08,196 INFO - ContAudITWrapper#71 - Initializing ContAudIT Wrapper...
2024-10-11 04:51:08,404 INFO - ContAudITWrapper#71 - Current directory: /home/ec2-user/Code/ufrgs-poc/contaudit-wrapper.jar
2024-10-11 04:51:31,639 INFO - ContAudITWrapper#71 - Wrapper hash: b7519188ed863d76e5199a8d880bb968bdf9124fad53b871583787e123a7a764
2024-10-11 04:51:31,772 INFO - ContAudITWrapper#71 - Validating Wrapper...
2024-10-11 04:52:39,797 INFO - ContAudITWrapper#71 - Response true
2024-10-11 04:52:39,968 INFO - ContAudITWrapper#71 - Application hash: e36ee2d35f8c4c41bd358782dfb3ac8852b40439d350ff27616f0c18819ce9bf
2024-10-11 04:52:40,054 INFO - ContAudITWrapper#71 - Validating Application...
2024-10-11 04:52:54,777 INFO - ContAudITWrapper#71 - Response true
2024-10-11 04:52:54,835 INFO - ContAudITWrapper#71 - Artifact apache2.workflow hash: bdb4cee855e21446b6ae53ddcb76a1632ef8c4545b5db0517e01ffd552157f6e
2024-10-11 04:52:54,894 INFO - ContAudITWrapper#71 - Validating Artifact...
2024-10-11 04:53:06,826 INFO - ContAudITWrapper#71 - Response true
2024-10-11 04:53:06,930 INFO - ContAudITWrapper#71 - Running pre-command actions...
2024-10-11 04:53:06,931 INFO - ContAudITWrapper#71 - Analyzing current environment state...
2024-10-11 04:53:07,062 INFO - ContAudITWrapper#71 - Saving current environment state...
2024-10-11 04:53:07,063 INFO - ContAudITWrapper#71 - Environment state hash: a7ffc6f8bf1ed76651c14756a061d662f580ff4de43b49fa82d80a4b80f8434a
2024-10-11 04:53:07,063 INFO - ContAudITWrapper#71 - Executing command...
2024-10-11 04:53:08,840 INFO - ContAudITWrapper#71 - Command output: 
2024-10-11 04:53:07.194111567 [executor] Initializing the workflow...
[apache2_workflow] Apache HTTP Server already installed.
[apache2_workflow] UserDir module already loaded.
[apache2_workflow] Configs to UserDir already exist.
[apache2_workflow] public_html directory already exists in /home/ec2-user.
[apache2_workflow] Creating a simple webpage...
[apache2_workflow] Moving webpage to Apache HTTP Server user website folder...
[apache2_workflow] Page moved successfully!
2024-10-11 04:53:08.833848061 [executor] Finished!

2024-10-11 04:53:08,840 INFO - ContAudITWrapper#71 - Running post-command actions...
2024-10-11 04:53:08,841 INFO - ContAudITWrapper#71 - Analyzing current environment state...
2024-10-11 04:53:09,044 INFO - ContAudITWrapper#71 - Saving current environment state...
2024-10-11 04:53:09,044 INFO - ContAudITWrapper#71 - Environment state hash: a7ffc6f8bf1ed76651c14756a061d662f580ff4de43b49fa82d80a4b80f8434a
2024-10-11 04:53:09,044 INFO - ContAudITWrapper#71 - Checking environment diff...
2024-10-11 04:53:09,222 INFO - ContAudITWrapper#71 - Environment diff: 
2024-10-11 04:53:09,223 INFO - ContAudITWrapper#71 - Cleaning temporary files...
2024-10-11 04:53:09,318 INFO - ContAudITWrapper#71 - Sending to blockchain...
2024-10-11 04:53:20,595 INFO - ContAudITWrapper#71 - Response 
2024-10-11 04:53:20,598 INFO - ContAudITWrapper#71 - Finishing ContAudIT Wrapper...
