2024-10-11 04:51:08,179 INFO - ContAudITWrapper#17 - Initializing ContAudIT Wrapper...
2024-10-11 04:51:08,361 INFO - ContAudITWrapper#17 - Current directory: /home/ec2-user/Code/ufrgs-poc/contaudit-wrapper.jar
2024-10-11 04:51:31,062 INFO - ContAudITWrapper#17 - Wrapper hash: b7519188ed863d76e5199a8d880bb968bdf9124fad53b871583787e123a7a764
2024-10-11 04:51:31,146 INFO - ContAudITWrapper#17 - Validating Wrapper...
2024-10-11 04:52:43,322 INFO - ContAudITWrapper#17 - Response true
2024-10-11 04:52:43,494 INFO - ContAudITWrapper#17 - Application hash: e36ee2d35f8c4c41bd358782dfb3ac8852b40439d350ff27616f0c18819ce9bf
2024-10-11 04:52:43,498 INFO - ContAudITWrapper#17 - Validating Application...
2024-10-11 04:52:57,198 INFO - ContAudITWrapper#17 - Response true
2024-10-11 04:52:57,218 INFO - ContAudITWrapper#17 - Artifact apache2.workflow hash: bdb4cee855e21446b6ae53ddcb76a1632ef8c4545b5db0517e01ffd552157f6e
2024-10-11 04:52:57,355 INFO - ContAudITWrapper#17 - Validating Artifact...
2024-10-11 04:53:09,467 INFO - ContAudITWrapper#17 - Response true
2024-10-11 04:53:09,474 INFO - ContAudITWrapper#17 - Running pre-command actions...
2024-10-11 04:53:09,476 INFO - ContAudITWrapper#17 - Analyzing current environment state...
2024-10-11 04:53:09,764 INFO - ContAudITWrapper#17 - Saving current environment state...
2024-10-11 04:53:09,765 INFO - ContAudITWrapper#17 - Environment state hash: a7ffc6f8bf1ed76651c14756a061d662f580ff4de43b49fa82d80a4b80f8434a
2024-10-11 04:53:09,765 INFO - ContAudITWrapper#17 - Executing command...
2024-10-11 04:53:11,021 INFO - ContAudITWrapper#17 - Command output: 
2024-10-11 04:53:10.015367403 [executor] Initializing the workflow...
[apache2_workflow] Apache HTTP Server already installed.
[apache2_workflow] UserDir module already loaded.
[apache2_workflow] Configs to UserDir already exist.
[apache2_workflow] public_html directory already exists in /home/ec2-user.
[apache2_workflow] Creating a simple webpage...
[apache2_workflow] Moving webpage to Apache HTTP Server user website folder...
[apache2_workflow] Page moved successfully!
2024-10-11 04:53:11.019647230 [executor] Finished!

2024-10-11 04:53:11,021 INFO - ContAudITWrapper#17 - Running post-command actions...
2024-10-11 04:53:11,022 INFO - ContAudITWrapper#17 - Analyzing current environment state...
2024-10-11 04:53:11,194 INFO - ContAudITWrapper#17 - Saving current environment state...
2024-10-11 04:53:11,194 INFO - ContAudITWrapper#17 - Environment state hash: a7ffc6f8bf1ed76651c14756a061d662f580ff4de43b49fa82d80a4b80f8434a
2024-10-11 04:53:11,195 INFO - ContAudITWrapper#17 - Checking environment diff...
2024-10-11 04:53:11,290 INFO - ContAudITWrapper#17 - Environment diff: 
2024-10-11 04:53:11,291 INFO - ContAudITWrapper#17 - Cleaning temporary files...
2024-10-11 04:53:11,335 INFO - ContAudITWrapper#17 - Sending to blockchain...
2024-10-11 04:53:22,038 INFO - ContAudITWrapper#17 - Response 
2024-10-11 04:53:22,039 INFO - ContAudITWrapper#17 - Finishing ContAudIT Wrapper...
