2024-10-11 04:51:07,488 INFO - ContAudITWrapper#4 - Initializing ContAudIT Wrapper...
2024-10-11 04:51:07,747 INFO - ContAudITWrapper#4 - Current directory: /home/ec2-user/Code/ufrgs-poc/contaudit-wrapper.jar
2024-10-11 04:51:32,109 INFO - ContAudITWrapper#4 - Wrapper hash: b7519188ed863d76e5199a8d880bb968bdf9124fad53b871583787e123a7a764
2024-10-11 04:51:32,117 INFO - ContAudITWrapper#4 - Validating Wrapper...
2024-10-11 04:52:42,542 INFO - ContAudITWrapper#4 - Response true
2024-10-11 04:52:42,624 INFO - ContAudITWrapper#4 - Application hash: e36ee2d35f8c4c41bd358782dfb3ac8852b40439d350ff27616f0c18819ce9bf
2024-10-11 04:52:42,625 INFO - ContAudITWrapper#4 - Validating Application...
2024-10-11 04:52:55,164 INFO - ContAudITWrapper#4 - Response true
2024-10-11 04:52:55,172 INFO - ContAudITWrapper#4 - Artifact apache2.workflow hash: bdb4cee855e21446b6ae53ddcb76a1632ef8c4545b5db0517e01ffd552157f6e
2024-10-11 04:52:55,221 INFO - ContAudITWrapper#4 - Validating Artifact...
2024-10-11 04:53:08,267 INFO - ContAudITWrapper#4 - Response true
2024-10-11 04:53:08,289 INFO - ContAudITWrapper#4 - Running pre-command actions...
2024-10-11 04:53:08,290 INFO - ContAudITWrapper#4 - Analyzing current environment state...
2024-10-11 04:53:08,437 INFO - ContAudITWrapper#4 - Saving current environment state...
2024-10-11 04:53:08,438 INFO - ContAudITWrapper#4 - Environment state hash: a7ffc6f8bf1ed76651c14756a061d662f580ff4de43b49fa82d80a4b80f8434a
2024-10-11 04:53:08,438 INFO - ContAudITWrapper#4 - Executing command...
2024-10-11 04:53:09,551 INFO - ContAudITWrapper#4 - Command output: 
2024-10-11 04:53:08.557445019 [executor] Initializing the workflow...
[apache2_workflow] Apache HTTP Server already installed.
[apache2_workflow] UserDir module already loaded.
[apache2_workflow] Configs to UserDir already exist.
[apache2_workflow] public_html directory already exists in /home/ec2-user.
[apache2_workflow] Creating a simple webpage...
[apache2_workflow] Moving webpage to Apache HTTP Server user website folder...
[apache2_workflow] Page moved successfully!
2024-10-11 04:53:09.547464180 [executor] Finished!

2024-10-11 04:53:09,551 INFO - ContAudITWrapper#4 - Running post-command actions...
2024-10-11 04:53:09,551 INFO - ContAudITWrapper#4 - Analyzing current environment state...
2024-10-11 04:53:09,654 INFO - ContAudITWrapper#4 - Saving current environment state...
2024-10-11 04:53:09,655 INFO - ContAudITWrapper#4 - Environment state hash: a7ffc6f8bf1ed76651c14756a061d662f580ff4de43b49fa82d80a4b80f8434a
2024-10-11 04:53:09,655 INFO - ContAudITWrapper#4 - Checking environment diff...
2024-10-11 04:53:09,736 INFO - ContAudITWrapper#4 - Environment diff: 
2024-10-11 04:53:09,737 INFO - ContAudITWrapper#4 - Cleaning temporary files...
2024-10-11 04:53:09,818 INFO - ContAudITWrapper#4 - Sending to blockchain...
2024-10-11 04:53:21,613 INFO - ContAudITWrapper#4 - Response 
2024-10-11 04:53:21,615 INFO - ContAudITWrapper#4 - Finishing ContAudIT Wrapper...
