2024-10-11 04:51:07,963 INFO - ContAudITWrapper#85 - Initializing ContAudIT Wrapper...
2024-10-11 04:51:08,217 INFO - ContAudITWrapper#85 - Current directory: /home/ec2-user/Code/ufrgs-poc/contaudit-wrapper.jar
2024-10-11 04:51:32,462 INFO - ContAudITWrapper#85 - Wrapper hash: b7519188ed863d76e5199a8d880bb968bdf9124fad53b871583787e123a7a764
2024-10-11 04:51:32,542 INFO - ContAudITWrapper#85 - Validating Wrapper...
2024-10-11 04:52:40,262 INFO - ContAudITWrapper#85 - Response true
2024-10-11 04:52:40,411 INFO - ContAudITWrapper#85 - Application hash: e36ee2d35f8c4c41bd358782dfb3ac8852b40439d350ff27616f0c18819ce9bf
2024-10-11 04:52:40,412 INFO - ContAudITWrapper#85 - Validating Application...
2024-10-11 04:52:54,944 INFO - ContAudITWrapper#85 - Response true
2024-10-11 04:52:54,951 INFO - ContAudITWrapper#85 - Artifact apache2.workflow hash: bdb4cee855e21446b6ae53ddcb76a1632ef8c4545b5db0517e01ffd552157f6e
2024-10-11 04:52:54,991 INFO - ContAudITWrapper#85 - Validating Artifact...
2024-10-11 04:53:04,204 INFO - ContAudITWrapper#85 - Response true
2024-10-11 04:53:04,226 INFO - ContAudITWrapper#85 - Running pre-command actions...
2024-10-11 04:53:04,228 INFO - ContAudITWrapper#85 - Analyzing current environment state...
2024-10-11 04:53:04,434 INFO - ContAudITWrapper#85 - Saving current environment state...
2024-10-11 04:53:04,441 INFO - ContAudITWrapper#85 - Environment state hash: a7ffc6f8bf1ed76651c14756a061d662f580ff4de43b49fa82d80a4b80f8434a
2024-10-11 04:53:04,441 INFO - ContAudITWrapper#85 - Executing command...
2024-10-11 04:53:06,414 INFO - ContAudITWrapper#85 - Command output: 
2024-10-11 04:53:04.758485294 [executor] Initializing the workflow...
[apache2_workflow] Apache HTTP Server already installed.
[apache2_workflow] UserDir module already loaded.
[apache2_workflow] Configs to UserDir already exist.
[apache2_workflow] public_html directory already exists in /home/ec2-user.
[apache2_workflow] Creating a simple webpage...
[apache2_workflow] Moving webpage to Apache HTTP Server user website folder...
[apache2_workflow] Page moved successfully!
2024-10-11 04:53:06.411487680 [executor] Finished!

2024-10-11 04:53:06,414 INFO - ContAudITWrapper#85 - Running post-command actions...
2024-10-11 04:53:06,414 INFO - ContAudITWrapper#85 - Analyzing current environment state...
2024-10-11 04:53:06,531 INFO - ContAudITWrapper#85 - Saving current environment state...
2024-10-11 04:53:06,531 INFO - ContAudITWrapper#85 - Environment state hash: a7ffc6f8bf1ed76651c14756a061d662f580ff4de43b49fa82d80a4b80f8434a
2024-10-11 04:53:06,532 INFO - ContAudITWrapper#85 - Checking environment diff...
2024-10-11 04:53:06,567 INFO - ContAudITWrapper#85 - Environment diff: 
2024-10-11 04:53:06,567 INFO - ContAudITWrapper#85 - Cleaning temporary files...
2024-10-11 04:53:06,672 INFO - ContAudITWrapper#85 - Sending to blockchain...
2024-10-11 04:53:16,794 INFO - ContAudITWrapper#85 - Response 
2024-10-11 04:53:16,795 INFO - ContAudITWrapper#85 - Finishing ContAudIT Wrapper...
