2024-10-11 04:51:08,078 INFO - ContAudITWrapper#19 - Initializing ContAudIT Wrapper...
2024-10-11 04:51:08,314 INFO - ContAudITWrapper#19 - Current directory: /home/ec2-user/Code/ufrgs-poc/contaudit-wrapper.jar
2024-10-11 04:51:30,166 INFO - ContAudITWrapper#19 - Wrapper hash: b7519188ed863d76e5199a8d880bb968bdf9124fad53b871583787e123a7a764
2024-10-11 04:51:30,175 INFO - ContAudITWrapper#19 - Validating Wrapper...
2024-10-11 04:52:35,080 INFO - ContAudITWrapper#19 - Response true
2024-10-11 04:52:35,251 INFO - ContAudITWrapper#19 - Application hash: e36ee2d35f8c4c41bd358782dfb3ac8852b40439d350ff27616f0c18819ce9bf
2024-10-11 04:52:35,252 INFO - ContAudITWrapper#19 - Validating Application...
2024-10-11 04:52:50,400 INFO - ContAudITWrapper#19 - Response true
2024-10-11 04:52:50,406 INFO - ContAudITWrapper#19 - Artifact apache2.workflow hash: bdb4cee855e21446b6ae53ddcb76a1632ef8c4545b5db0517e01ffd552157f6e
2024-10-11 04:52:50,508 INFO - ContAudITWrapper#19 - Validating Artifact...
2024-10-11 04:53:04,818 INFO - ContAudITWrapper#19 - Response true
2024-10-11 04:53:04,824 INFO - ContAudITWrapper#19 - Running pre-command actions...
2024-10-11 04:53:04,825 INFO - ContAudITWrapper#19 - Analyzing current environment state...
2024-10-11 04:53:05,108 INFO - ContAudITWrapper#19 - Saving current environment state...
2024-10-11 04:53:05,109 INFO - ContAudITWrapper#19 - Environment state hash: a7ffc6f8bf1ed76651c14756a061d662f580ff4de43b49fa82d80a4b80f8434a
2024-10-11 04:53:05,109 INFO - ContAudITWrapper#19 - Executing command...
2024-10-11 04:53:06,732 INFO - ContAudITWrapper#19 - Command output: 
2024-10-11 04:53:05.415876787 [executor] Initializing the workflow...
[apache2_workflow] Apache HTTP Server already installed.
[apache2_workflow] UserDir module already loaded.
[apache2_workflow] Configs to UserDir already exist.
[apache2_workflow] public_html directory already exists in /home/ec2-user.
[apache2_workflow] Creating a simple webpage...
[apache2_workflow] Moving webpage to Apache HTTP Server user website folder...
[apache2_workflow] Page moved successfully!
2024-10-11 04:53:06.731367432 [executor] Finished!

2024-10-11 04:53:06,732 INFO - ContAudITWrapper#19 - Running post-command actions...
2024-10-11 04:53:06,732 INFO - ContAudITWrapper#19 - Analyzing current environment state...
2024-10-11 04:53:06,935 INFO - ContAudITWrapper#19 - Saving current environment state...
2024-10-11 04:53:06,935 INFO - ContAudITWrapper#19 - Environment state hash: a7ffc6f8bf1ed76651c14756a061d662f580ff4de43b49fa82d80a4b80f8434a
2024-10-11 04:53:06,936 INFO - ContAudITWrapper#19 - Checking environment diff...
2024-10-11 04:53:07,050 INFO - ContAudITWrapper#19 - Environment diff: 
2024-10-11 04:53:07,051 INFO - ContAudITWrapper#19 - Cleaning temporary files...
2024-10-11 04:53:07,145 INFO - ContAudITWrapper#19 - Sending to blockchain...
2024-10-11 04:53:20,337 INFO - ContAudITWrapper#19 - Response 
2024-10-11 04:53:20,339 INFO - ContAudITWrapper#19 - Finishing ContAudIT Wrapper...
