2024-10-11 04:51:08,450 INFO - ContAudITWrapper#94 - Initializing ContAudIT Wrapper...
2024-10-11 04:51:08,652 INFO - ContAudITWrapper#94 - Current directory: /home/ec2-user/Code/ufrgs-poc/contaudit-wrapper.jar
2024-10-11 04:51:30,979 INFO - ContAudITWrapper#94 - Wrapper hash: b7519188ed863d76e5199a8d880bb968bdf9124fad53b871583787e123a7a764
2024-10-11 04:51:30,988 INFO - ContAudITWrapper#94 - Validating Wrapper...
2024-10-11 04:52:40,296 INFO - ContAudITWrapper#94 - Response true
2024-10-11 04:52:40,350 INFO - ContAudITWrapper#94 - Application hash: e36ee2d35f8c4c41bd358782dfb3ac8852b40439d350ff27616f0c18819ce9bf
2024-10-11 04:52:40,351 INFO - ContAudITWrapper#94 - Validating Application...
2024-10-11 04:52:54,713 INFO - ContAudITWrapper#94 - Response true
2024-10-11 04:52:54,723 INFO - ContAudITWrapper#94 - Artifact apache2.workflow hash: bdb4cee855e21446b6ae53ddcb76a1632ef8c4545b5db0517e01ffd552157f6e
2024-10-11 04:52:54,794 INFO - ContAudITWrapper#94 - Validating Artifact...
2024-10-11 04:53:10,276 INFO - ContAudITWrapper#94 - Response true
2024-10-11 04:53:10,284 INFO - ContAudITWrapper#94 - Running pre-command actions...
2024-10-11 04:53:10,285 INFO - ContAudITWrapper#94 - Analyzing current environment state...
2024-10-11 04:53:10,591 INFO - ContAudITWrapper#94 - Saving current environment state...
2024-10-11 04:53:10,592 INFO - ContAudITWrapper#94 - Environment state hash: a7ffc6f8bf1ed76651c14756a061d662f580ff4de43b49fa82d80a4b80f8434a
2024-10-11 04:53:10,592 INFO - ContAudITWrapper#94 - Executing command...
2024-10-11 04:53:12,392 INFO - ContAudITWrapper#94 - Command output: 
2024-10-11 04:53:10.684513946 [executor] Initializing the workflow...
[apache2_workflow] Apache HTTP Server already installed.
[apache2_workflow] UserDir module already loaded.
[apache2_workflow] Configs to UserDir already exist.
[apache2_workflow] public_html directory already exists in /home/ec2-user.
[apache2_workflow] Creating a simple webpage...
[apache2_workflow] Moving webpage to Apache HTTP Server user website folder...
[apache2_workflow] Page moved successfully!
2024-10-11 04:53:12.391527804 [executor] Finished!

2024-10-11 04:53:12,392 INFO - ContAudITWrapper#94 - Running post-command actions...
2024-10-11 04:53:12,393 INFO - ContAudITWrapper#94 - Analyzing current environment state...
2024-10-11 04:53:12,486 INFO - ContAudITWrapper#94 - Saving current environment state...
2024-10-11 04:53:12,486 INFO - ContAudITWrapper#94 - Environment state hash: a7ffc6f8bf1ed76651c14756a061d662f580ff4de43b49fa82d80a4b80f8434a
2024-10-11 04:53:12,487 INFO - ContAudITWrapper#94 - Checking environment diff...
2024-10-11 04:53:12,515 INFO - ContAudITWrapper#94 - Environment diff: 
2024-10-11 04:53:12,516 INFO - ContAudITWrapper#94 - Cleaning temporary files...
2024-10-11 04:53:12,610 INFO - ContAudITWrapper#94 - Sending to blockchain...
2024-10-11 04:53:23,671 INFO - ContAudITWrapper#94 - Response 
2024-10-11 04:53:23,673 INFO - ContAudITWrapper#94 - Finishing ContAudIT Wrapper...
