2024-10-11 04:51:07,928 INFO - ContAudITWrapper#11 - Initializing ContAudIT Wrapper...
2024-10-11 04:51:08,182 INFO - ContAudITWrapper#11 - Current directory: /home/ec2-user/Code/ufrgs-poc/contaudit-wrapper.jar
2024-10-11 04:51:34,322 INFO - ContAudITWrapper#11 - Wrapper hash: b7519188ed863d76e5199a8d880bb968bdf9124fad53b871583787e123a7a764
2024-10-11 04:51:34,329 INFO - ContAudITWrapper#11 - Validating Wrapper...
2024-10-11 04:52:41,547 INFO - ContAudITWrapper#11 - Response true
2024-10-11 04:52:41,724 INFO - ContAudITWrapper#11 - Application hash: e36ee2d35f8c4c41bd358782dfb3ac8852b40439d350ff27616f0c18819ce9bf
2024-10-11 04:52:41,736 INFO - ContAudITWrapper#11 - Validating Application...
2024-10-11 04:52:55,863 INFO - ContAudITWrapper#11 - Response true
2024-10-11 04:52:55,871 INFO - ContAudITWrapper#11 - Artifact apache2.workflow hash: bdb4cee855e21446b6ae53ddcb76a1632ef8c4545b5db0517e01ffd552157f6e
2024-10-11 04:52:55,934 INFO - ContAudITWrapper#11 - Validating Artifact...
2024-10-11 04:53:06,575 INFO - ContAudITWrapper#11 - Response true
2024-10-11 04:53:06,585 INFO - ContAudITWrapper#11 - Running pre-command actions...
2024-10-11 04:53:06,586 INFO - ContAudITWrapper#11 - Analyzing current environment state...
2024-10-11 04:53:06,769 INFO - ContAudITWrapper#11 - Saving current environment state...
2024-10-11 04:53:06,770 INFO - ContAudITWrapper#11 - Environment state hash: a7ffc6f8bf1ed76651c14756a061d662f580ff4de43b49fa82d80a4b80f8434a
2024-10-11 04:53:06,770 INFO - ContAudITWrapper#11 - Executing command...
2024-10-11 04:53:08,338 INFO - ContAudITWrapper#11 - Command output: 
2024-10-11 04:53:06.847368099 [executor] Initializing the workflow...
[apache2_workflow] Apache HTTP Server already installed.
[apache2_workflow] UserDir module already loaded.
[apache2_workflow] Configs to UserDir already exist.
[apache2_workflow] public_html directory already exists in /home/ec2-user.
[apache2_workflow] Creating a simple webpage...
[apache2_workflow] Moving webpage to Apache HTTP Server user website folder...
[apache2_workflow] Page moved successfully!
2024-10-11 04:53:08.337862603 [executor] Finished!

2024-10-11 04:53:08,339 INFO - ContAudITWrapper#11 - Running post-command actions...
2024-10-11 04:53:08,339 INFO - ContAudITWrapper#11 - Analyzing current environment state...
2024-10-11 04:53:08,411 INFO - ContAudITWrapper#11 - Saving current environment state...
2024-10-11 04:53:08,411 INFO - ContAudITWrapper#11 - Environment state hash: a7ffc6f8bf1ed76651c14756a061d662f580ff4de43b49fa82d80a4b80f8434a
2024-10-11 04:53:08,412 INFO - ContAudITWrapper#11 - Checking environment diff...
2024-10-11 04:53:08,445 INFO - ContAudITWrapper#11 - Environment diff: 
2024-10-11 04:53:08,446 INFO - ContAudITWrapper#11 - Cleaning temporary files...
2024-10-11 04:53:08,558 INFO - ContAudITWrapper#11 - Sending to blockchain...
2024-10-11 04:53:17,534 INFO - ContAudITWrapper#11 - Response 
2024-10-11 04:53:17,536 INFO - ContAudITWrapper#11 - Finishing ContAudIT Wrapper...
