2024-10-11 04:51:08,718 INFO - ContAudITWrapper#83 - Initializing ContAudIT Wrapper...
2024-10-11 04:51:08,869 INFO - ContAudITWrapper#83 - Current directory: /home/ec2-user/Code/ufrgs-poc/contaudit-wrapper.jar
2024-10-11 04:51:31,909 INFO - ContAudITWrapper#83 - Wrapper hash: b7519188ed863d76e5199a8d880bb968bdf9124fad53b871583787e123a7a764
2024-10-11 04:51:31,918 INFO - ContAudITWrapper#83 - Validating Wrapper...
2024-10-11 04:52:44,942 INFO - ContAudITWrapper#83 - Response true
2024-10-11 04:52:45,180 INFO - ContAudITWrapper#83 - Application hash: e36ee2d35f8c4c41bd358782dfb3ac8852b40439d350ff27616f0c18819ce9bf
2024-10-11 04:52:45,181 INFO - ContAudITWrapper#83 - Validating Application...
2024-10-11 04:52:58,662 INFO - ContAudITWrapper#83 - Response true
2024-10-11 04:52:58,680 INFO - ContAudITWrapper#83 - Artifact apache2.workflow hash: bdb4cee855e21446b6ae53ddcb76a1632ef8c4545b5db0517e01ffd552157f6e
2024-10-11 04:52:58,842 INFO - ContAudITWrapper#83 - Validating Artifact...
2024-10-11 04:53:13,127 INFO - ContAudITWrapper#83 - Response true
2024-10-11 04:53:13,143 INFO - ContAudITWrapper#83 - Running pre-command actions...
2024-10-11 04:53:13,144 INFO - ContAudITWrapper#83 - Analyzing current environment state...
2024-10-11 04:53:13,304 INFO - ContAudITWrapper#83 - Saving current environment state...
2024-10-11 04:53:13,305 INFO - ContAudITWrapper#83 - Environment state hash: a7ffc6f8bf1ed76651c14756a061d662f580ff4de43b49fa82d80a4b80f8434a
2024-10-11 04:53:13,306 INFO - ContAudITWrapper#83 - Executing command...
2024-10-11 04:53:14,805 INFO - ContAudITWrapper#83 - Command output: 
2024-10-11 04:53:13.425545647 [executor] Initializing the workflow...
[apache2_workflow] Apache HTTP Server already installed.
[apache2_workflow] UserDir module already loaded.
[apache2_workflow] Configs to UserDir already exist.
[apache2_workflow] public_html directory already exists in /home/ec2-user.
[apache2_workflow] Creating a simple webpage...
[apache2_workflow] Moving webpage to Apache HTTP Server user website folder...
[apache2_workflow] Page moved successfully!
2024-10-11 04:53:14.802902970 [executor] Finished!

2024-10-11 04:53:14,806 INFO - ContAudITWrapper#83 - Running post-command actions...
2024-10-11 04:53:14,806 INFO - ContAudITWrapper#83 - Analyzing current environment state...
2024-10-11 04:53:14,891 INFO - ContAudITWrapper#83 - Saving current environment state...
2024-10-11 04:53:14,891 INFO - ContAudITWrapper#83 - Environment state hash: a7ffc6f8bf1ed76651c14756a061d662f580ff4de43b49fa82d80a4b80f8434a
2024-10-11 04:53:14,892 INFO - ContAudITWrapper#83 - Checking environment diff...
2024-10-11 04:53:14,905 INFO - ContAudITWrapper#83 - Environment diff: 
2024-10-11 04:53:14,906 INFO - ContAudITWrapper#83 - Cleaning temporary files...
2024-10-11 04:53:14,952 INFO - ContAudITWrapper#83 - Sending to blockchain...
2024-10-11 04:53:23,854 INFO - ContAudITWrapper#83 - Response 
2024-10-11 04:53:23,856 INFO - ContAudITWrapper#83 - Finishing ContAudIT Wrapper...
