2024-10-11 04:51:07,484 INFO - ContAudITWrapper#76 - Initializing ContAudIT Wrapper...
2024-10-11 04:51:07,647 INFO - ContAudITWrapper#76 - Current directory: /home/ec2-user/Code/ufrgs-poc/contaudit-wrapper.jar
2024-10-11 04:51:31,711 INFO - ContAudITWrapper#76 - Wrapper hash: b7519188ed863d76e5199a8d880bb968bdf9124fad53b871583787e123a7a764
2024-10-11 04:51:31,719 INFO - ContAudITWrapper#76 - Validating Wrapper...
2024-10-11 04:52:41,544 INFO - ContAudITWrapper#76 - Response true
2024-10-11 04:52:41,631 INFO - ContAudITWrapper#76 - Application hash: e36ee2d35f8c4c41bd358782dfb3ac8852b40439d350ff27616f0c18819ce9bf
2024-10-11 04:52:41,636 INFO - ContAudITWrapper#76 - Validating Application...
2024-10-11 04:52:56,398 INFO - ContAudITWrapper#76 - Response true
2024-10-11 04:52:56,426 INFO - ContAudITWrapper#76 - Artifact apache2.workflow hash: bdb4cee855e21446b6ae53ddcb76a1632ef8c4545b5db0517e01ffd552157f6e
2024-10-11 04:52:56,457 INFO - ContAudITWrapper#76 - Validating Artifact...
2024-10-11 04:53:05,355 INFO - ContAudITWrapper#76 - Response true
2024-10-11 04:53:05,366 INFO - ContAudITWrapper#76 - Running pre-command actions...
2024-10-11 04:53:05,367 INFO - ContAudITWrapper#76 - Analyzing current environment state...
2024-10-11 04:53:05,583 INFO - ContAudITWrapper#76 - Saving current environment state...
2024-10-11 04:53:05,585 INFO - ContAudITWrapper#76 - Environment state hash: a7ffc6f8bf1ed76651c14756a061d662f580ff4de43b49fa82d80a4b80f8434a
2024-10-11 04:53:05,585 INFO - ContAudITWrapper#76 - Executing command...
2024-10-11 04:53:07,179 INFO - ContAudITWrapper#76 - Command output: 
2024-10-11 04:53:05.755849831 [executor] Initializing the workflow...
[apache2_workflow] Apache HTTP Server already installed.
[apache2_workflow] UserDir module already loaded.
[apache2_workflow] Configs to UserDir already exist.
[apache2_workflow] public_html directory already exists in /home/ec2-user.
[apache2_workflow] Creating a simple webpage...
[apache2_workflow] Moving webpage to Apache HTTP Server user website folder...
[apache2_workflow] Page moved successfully!
2024-10-11 04:53:07.176193820 [executor] Finished!

2024-10-11 04:53:07,180 INFO - ContAudITWrapper#76 - Running post-command actions...
2024-10-11 04:53:07,183 INFO - ContAudITWrapper#76 - Analyzing current environment state...
2024-10-11 04:53:07,302 INFO - ContAudITWrapper#76 - Saving current environment state...
2024-10-11 04:53:07,302 INFO - ContAudITWrapper#76 - Environment state hash: a7ffc6f8bf1ed76651c14756a061d662f580ff4de43b49fa82d80a4b80f8434a
2024-10-11 04:53:07,303 INFO - ContAudITWrapper#76 - Checking environment diff...
2024-10-11 04:53:07,347 INFO - ContAudITWrapper#76 - Environment diff: 
2024-10-11 04:53:07,347 INFO - ContAudITWrapper#76 - Cleaning temporary files...
2024-10-11 04:53:07,446 INFO - ContAudITWrapper#76 - Sending to blockchain...
2024-10-11 04:53:21,274 INFO - ContAudITWrapper#76 - Response 
2024-10-11 04:53:21,275 INFO - ContAudITWrapper#76 - Finishing ContAudIT Wrapper...
