2024-10-11 04:51:08,303 INFO - ContAudITWrapper#6 - Initializing ContAudIT Wrapper...
2024-10-11 04:51:08,489 INFO - ContAudITWrapper#6 - Current directory: /home/ec2-user/Code/ufrgs-poc/contaudit-wrapper.jar
2024-10-11 04:51:35,447 INFO - ContAudITWrapper#6 - Wrapper hash: b7519188ed863d76e5199a8d880bb968bdf9124fad53b871583787e123a7a764
2024-10-11 04:51:35,488 INFO - ContAudITWrapper#6 - Validating Wrapper...
2024-10-11 04:52:46,482 INFO - ContAudITWrapper#6 - Response true
2024-10-11 04:52:46,741 INFO - ContAudITWrapper#6 - Application hash: e36ee2d35f8c4c41bd358782dfb3ac8852b40439d350ff27616f0c18819ce9bf
2024-10-11 04:52:46,742 INFO - ContAudITWrapper#6 - Validating Application...
2024-10-11 04:52:59,771 INFO - ContAudITWrapper#6 - Response true
2024-10-11 04:52:59,798 INFO - ContAudITWrapper#6 - Artifact apache2.workflow hash: bdb4cee855e21446b6ae53ddcb76a1632ef8c4545b5db0517e01ffd552157f6e
2024-10-11 04:52:59,821 INFO - ContAudITWrapper#6 - Validating Artifact...
2024-10-11 04:53:11,226 INFO - ContAudITWrapper#6 - Response true
2024-10-11 04:53:11,232 INFO - ContAudITWrapper#6 - Running pre-command actions...
2024-10-11 04:53:11,233 INFO - ContAudITWrapper#6 - Analyzing current environment state...
2024-10-11 04:53:11,418 INFO - ContAudITWrapper#6 - Saving current environment state...
2024-10-11 04:53:11,419 INFO - ContAudITWrapper#6 - Environment state hash: a7ffc6f8bf1ed76651c14756a061d662f580ff4de43b49fa82d80a4b80f8434a
2024-10-11 04:53:11,420 INFO - ContAudITWrapper#6 - Executing command...
2024-10-11 04:53:12,997 INFO - ContAudITWrapper#6 - Command output: 
2024-10-11 04:53:11.535888334 [executor] Initializing the workflow...
[apache2_workflow] Apache HTTP Server already installed.
[apache2_workflow] UserDir module already loaded.
[apache2_workflow] Configs to UserDir already exist.
[apache2_workflow] public_html directory already exists in /home/ec2-user.
[apache2_workflow] Creating a simple webpage...
[apache2_workflow] Moving webpage to Apache HTTP Server user website folder...
[apache2_workflow] Page moved successfully!
2024-10-11 04:53:12.996547684 [executor] Finished!

2024-10-11 04:53:12,997 INFO - ContAudITWrapper#6 - Running post-command actions...
2024-10-11 04:53:12,998 INFO - ContAudITWrapper#6 - Analyzing current environment state...
2024-10-11 04:53:13,090 INFO - ContAudITWrapper#6 - Saving current environment state...
2024-10-11 04:53:13,091 INFO - ContAudITWrapper#6 - Environment state hash: a7ffc6f8bf1ed76651c14756a061d662f580ff4de43b49fa82d80a4b80f8434a
2024-10-11 04:53:13,091 INFO - ContAudITWrapper#6 - Checking environment diff...
2024-10-11 04:53:13,131 INFO - ContAudITWrapper#6 - Environment diff: 
2024-10-11 04:53:13,132 INFO - ContAudITWrapper#6 - Cleaning temporary files...
2024-10-11 04:53:13,234 INFO - ContAudITWrapper#6 - Sending to blockchain...
2024-10-11 04:53:23,577 INFO - ContAudITWrapper#6 - Response 
2024-10-11 04:53:23,578 INFO - ContAudITWrapper#6 - Finishing ContAudIT Wrapper...
