2024-10-11 04:51:07,809 INFO - ContAudITWrapper#45 - Initializing ContAudIT Wrapper...
2024-10-11 04:51:07,999 INFO - ContAudITWrapper#45 - Current directory: /home/ec2-user/Code/ufrgs-poc/contaudit-wrapper.jar
2024-10-11 04:51:31,187 INFO - ContAudITWrapper#45 - Wrapper hash: b7519188ed863d76e5199a8d880bb968bdf9124fad53b871583787e123a7a764
2024-10-11 04:51:31,279 INFO - ContAudITWrapper#45 - Validating Wrapper...
2024-10-11 04:52:37,716 INFO - ContAudITWrapper#45 - Response true
2024-10-11 04:52:38,004 INFO - ContAudITWrapper#45 - Application hash: e36ee2d35f8c4c41bd358782dfb3ac8852b40439d350ff27616f0c18819ce9bf
2024-10-11 04:52:38,005 INFO - ContAudITWrapper#45 - Validating Application...
2024-10-11 04:52:52,909 INFO - ContAudITWrapper#45 - Response true
2024-10-11 04:52:52,916 INFO - ContAudITWrapper#45 - Artifact apache2.workflow hash: bdb4cee855e21446b6ae53ddcb76a1632ef8c4545b5db0517e01ffd552157f6e
2024-10-11 04:52:52,926 INFO - ContAudITWrapper#45 - Validating Artifact...
2024-10-11 04:53:03,345 INFO - ContAudITWrapper#45 - Response true
2024-10-11 04:53:03,353 INFO - ContAudITWrapper#45 - Running pre-command actions...
2024-10-11 04:53:03,354 INFO - ContAudITWrapper#45 - Analyzing current environment state...
2024-10-11 04:53:03,659 INFO - ContAudITWrapper#45 - Saving current environment state...
2024-10-11 04:53:03,660 INFO - ContAudITWrapper#45 - Environment state hash: a7ffc6f8bf1ed76651c14756a061d662f580ff4de43b49fa82d80a4b80f8434a
2024-10-11 04:53:03,661 INFO - ContAudITWrapper#45 - Executing command...
2024-10-11 04:53:05,181 INFO - ContAudITWrapper#45 - Command output: 
2024-10-11 04:53:03.709971791 [executor] Initializing the workflow...
[apache2_workflow] Apache HTTP Server already installed.
[apache2_workflow] UserDir module already loaded.
[apache2_workflow] Configs to UserDir already exist.
[apache2_workflow] public_html directory already exists in /home/ec2-user.
[apache2_workflow] Creating a simple webpage...
[apache2_workflow] Moving webpage to Apache HTTP Server user website folder...
[apache2_workflow] Page moved successfully!
2024-10-11 04:53:05.180756975 [executor] Finished!

2024-10-11 04:53:05,182 INFO - ContAudITWrapper#45 - Running post-command actions...
2024-10-11 04:53:05,182 INFO - ContAudITWrapper#45 - Analyzing current environment state...
2024-10-11 04:53:05,343 INFO - ContAudITWrapper#45 - Saving current environment state...
2024-10-11 04:53:05,343 INFO - ContAudITWrapper#45 - Environment state hash: a7ffc6f8bf1ed76651c14756a061d662f580ff4de43b49fa82d80a4b80f8434a
2024-10-11 04:53:05,343 INFO - ContAudITWrapper#45 - Checking environment diff...
2024-10-11 04:53:05,471 INFO - ContAudITWrapper#45 - Environment diff: 
2024-10-11 04:53:05,472 INFO - ContAudITWrapper#45 - Cleaning temporary files...
2024-10-11 04:53:05,595 INFO - ContAudITWrapper#45 - Sending to blockchain...
2024-10-11 04:53:18,901 INFO - ContAudITWrapper#45 - Response 
2024-10-11 04:53:18,921 INFO - ContAudITWrapper#45 - Finishing ContAudIT Wrapper...
