2024-10-11 04:51:08,804 INFO - ContAudITWrapper#73 - Initializing ContAudIT Wrapper...
2024-10-11 04:51:08,994 INFO - ContAudITWrapper#73 - Current directory: /home/ec2-user/Code/ufrgs-poc/contaudit-wrapper.jar
2024-10-11 04:51:29,522 INFO - ContAudITWrapper#73 - Wrapper hash: b7519188ed863d76e5199a8d880bb968bdf9124fad53b871583787e123a7a764
2024-10-11 04:51:29,539 INFO - ContAudITWrapper#73 - Validating Wrapper...
2024-10-11 04:52:36,482 INFO - ContAudITWrapper#73 - Response true
2024-10-11 04:52:36,663 INFO - ContAudITWrapper#73 - Application hash: e36ee2d35f8c4c41bd358782dfb3ac8852b40439d350ff27616f0c18819ce9bf
2024-10-11 04:52:36,670 INFO - ContAudITWrapper#73 - Validating Application...
2024-10-11 04:52:51,827 INFO - ContAudITWrapper#73 - Response true
2024-10-11 04:52:51,838 INFO - ContAudITWrapper#73 - Artifact apache2.workflow hash: bdb4cee855e21446b6ae53ddcb76a1632ef8c4545b5db0517e01ffd552157f6e
2024-10-11 04:52:51,854 INFO - ContAudITWrapper#73 - Validating Artifact...
2024-10-11 04:53:03,042 INFO - ContAudITWrapper#73 - Response true
2024-10-11 04:53:03,066 INFO - ContAudITWrapper#73 - Running pre-command actions...
2024-10-11 04:53:03,068 INFO - ContAudITWrapper#73 - Analyzing current environment state...
2024-10-11 04:53:03,232 INFO - ContAudITWrapper#73 - Saving current environment state...
2024-10-11 04:53:03,234 INFO - ContAudITWrapper#73 - Environment state hash: a7ffc6f8bf1ed76651c14756a061d662f580ff4de43b49fa82d80a4b80f8434a
2024-10-11 04:53:03,234 INFO - ContAudITWrapper#73 - Executing command...
2024-10-11 04:53:04,794 INFO - ContAudITWrapper#73 - Command output: 
2024-10-11 04:53:03.468992549 [executor] Initializing the workflow...
[apache2_workflow] Apache HTTP Server already installed.
[apache2_workflow] UserDir module already loaded.
[apache2_workflow] Configs to UserDir already exist.
[apache2_workflow] public_html directory already exists in /home/ec2-user.
[apache2_workflow] Creating a simple webpage...
[apache2_workflow] Moving webpage to Apache HTTP Server user website folder...
[apache2_workflow] Page moved successfully!
2024-10-11 04:53:04.792353851 [executor] Finished!

2024-10-11 04:53:04,795 INFO - ContAudITWrapper#73 - Running post-command actions...
2024-10-11 04:53:04,795 INFO - ContAudITWrapper#73 - Analyzing current environment state...
2024-10-11 04:53:04,883 INFO - ContAudITWrapper#73 - Saving current environment state...
2024-10-11 04:53:04,883 INFO - ContAudITWrapper#73 - Environment state hash: a7ffc6f8bf1ed76651c14756a061d662f580ff4de43b49fa82d80a4b80f8434a
2024-10-11 04:53:04,884 INFO - ContAudITWrapper#73 - Checking environment diff...
2024-10-11 04:53:05,019 INFO - ContAudITWrapper#73 - Environment diff: 
2024-10-11 04:53:05,019 INFO - ContAudITWrapper#73 - Cleaning temporary files...
2024-10-11 04:53:05,080 INFO - ContAudITWrapper#73 - Sending to blockchain...
2024-10-11 04:53:19,030 INFO - ContAudITWrapper#73 - Response 
2024-10-11 04:53:19,032 INFO - ContAudITWrapper#73 - Finishing ContAudIT Wrapper...
