2024-10-11 04:51:06,844 INFO - ContAudITWrapper#16 - Initializing ContAudIT Wrapper...
2024-10-11 04:51:07,021 INFO - ContAudITWrapper#16 - Current directory: /home/ec2-user/Code/ufrgs-poc/contaudit-wrapper.jar
2024-10-11 04:51:26,725 INFO - ContAudITWrapper#16 - Wrapper hash: b7519188ed863d76e5199a8d880bb968bdf9124fad53b871583787e123a7a764
2024-10-11 04:51:26,758 INFO - ContAudITWrapper#16 - Validating Wrapper...
2024-10-11 04:52:26,067 INFO - ContAudITWrapper#16 - Response true
2024-10-11 04:52:26,295 INFO - ContAudITWrapper#16 - Application hash: e36ee2d35f8c4c41bd358782dfb3ac8852b40439d350ff27616f0c18819ce9bf
2024-10-11 04:52:26,301 INFO - ContAudITWrapper#16 - Validating Application...
2024-10-11 04:52:42,188 INFO - ContAudITWrapper#16 - Response true
2024-10-11 04:52:42,202 INFO - ContAudITWrapper#16 - Artifact apache2.workflow hash: bdb4cee855e21446b6ae53ddcb76a1632ef8c4545b5db0517e01ffd552157f6e
2024-10-11 04:52:42,299 INFO - ContAudITWrapper#16 - Validating Artifact...
2024-10-11 04:52:54,583 INFO - ContAudITWrapper#16 - Response true
2024-10-11 04:52:54,588 INFO - ContAudITWrapper#16 - Running pre-command actions...
2024-10-11 04:52:54,589 INFO - ContAudITWrapper#16 - Analyzing current environment state...
2024-10-11 04:52:54,760 INFO - ContAudITWrapper#16 - Saving current environment state...
2024-10-11 04:52:54,761 INFO - ContAudITWrapper#16 - Environment state hash: a7ffc6f8bf1ed76651c14756a061d662f580ff4de43b49fa82d80a4b80f8434a
2024-10-11 04:52:54,762 INFO - ContAudITWrapper#16 - Executing command...
2024-10-11 04:52:56,130 INFO - ContAudITWrapper#16 - Command output: 
2024-10-11 04:52:54.947574988 [executor] Initializing the workflow...
[apache2_workflow] Apache HTTP Server already installed.
[apache2_workflow] UserDir module already loaded.
[apache2_workflow] Configs to UserDir already exist.
[apache2_workflow] public_html directory already exists in /home/ec2-user.
[apache2_workflow] Creating a simple webpage...
[apache2_workflow] Moving webpage to Apache HTTP Server user website folder...
[apache2_workflow] Page moved successfully!
2024-10-11 04:52:56.128510954 [executor] Finished!

2024-10-11 04:52:56,130 INFO - ContAudITWrapper#16 - Running post-command actions...
2024-10-11 04:52:56,131 INFO - ContAudITWrapper#16 - Analyzing current environment state...
2024-10-11 04:52:56,277 INFO - ContAudITWrapper#16 - Saving current environment state...
2024-10-11 04:52:56,278 INFO - ContAudITWrapper#16 - Environment state hash: a7ffc6f8bf1ed76651c14756a061d662f580ff4de43b49fa82d80a4b80f8434a
2024-10-11 04:52:56,278 INFO - ContAudITWrapper#16 - Checking environment diff...
2024-10-11 04:52:56,383 INFO - ContAudITWrapper#16 - Environment diff: 
2024-10-11 04:52:56,383 INFO - ContAudITWrapper#16 - Cleaning temporary files...
2024-10-11 04:52:56,490 INFO - ContAudITWrapper#16 - Sending to blockchain...
2024-10-11 04:53:10,689 INFO - ContAudITWrapper#16 - Response 
2024-10-11 04:53:10,691 INFO - ContAudITWrapper#16 - Finishing ContAudIT Wrapper...
