2024-10-11 04:51:07,868 INFO - ContAudITWrapper#3 - Initializing ContAudIT Wrapper...
2024-10-11 04:51:08,109 INFO - ContAudITWrapper#3 - Current directory: /home/ec2-user/Code/ufrgs-poc/contaudit-wrapper.jar
2024-10-11 04:51:31,278 INFO - ContAudITWrapper#3 - Wrapper hash: b7519188ed863d76e5199a8d880bb968bdf9124fad53b871583787e123a7a764
2024-10-11 04:51:31,441 INFO - ContAudITWrapper#3 - Validating Wrapper...
2024-10-11 04:52:39,391 INFO - ContAudITWrapper#3 - Response true
2024-10-11 04:52:39,607 INFO - ContAudITWrapper#3 - Application hash: e36ee2d35f8c4c41bd358782dfb3ac8852b40439d350ff27616f0c18819ce9bf
2024-10-11 04:52:39,615 INFO - ContAudITWrapper#3 - Validating Application...
2024-10-11 04:52:53,783 INFO - ContAudITWrapper#3 - Response true
2024-10-11 04:52:53,790 INFO - ContAudITWrapper#3 - Artifact apache2.workflow hash: bdb4cee855e21446b6ae53ddcb76a1632ef8c4545b5db0517e01ffd552157f6e
2024-10-11 04:52:53,841 INFO - ContAudITWrapper#3 - Validating Artifact...
2024-10-11 04:53:03,762 INFO - ContAudITWrapper#3 - Response true
2024-10-11 04:53:03,777 INFO - ContAudITWrapper#3 - Running pre-command actions...
2024-10-11 04:53:03,825 INFO - ContAudITWrapper#3 - Analyzing current environment state...
2024-10-11 04:53:04,045 INFO - ContAudITWrapper#3 - Saving current environment state...
2024-10-11 04:53:04,046 INFO - ContAudITWrapper#3 - Environment state hash: a7ffc6f8bf1ed76651c14756a061d662f580ff4de43b49fa82d80a4b80f8434a
2024-10-11 04:53:04,046 INFO - ContAudITWrapper#3 - Executing command...
2024-10-11 04:53:05,856 INFO - ContAudITWrapper#3 - Command output: 
2024-10-11 04:53:04.177019734 [executor] Initializing the workflow...
[apache2_workflow] Apache HTTP Server already installed.
[apache2_workflow] UserDir module already loaded.
[apache2_workflow] Configs to UserDir already exist.
[apache2_workflow] public_html directory already exists in /home/ec2-user.
[apache2_workflow] Creating a simple webpage...
[apache2_workflow] Moving webpage to Apache HTTP Server user website folder...
[apache2_workflow] Page moved successfully!
2024-10-11 04:53:05.855820533 [executor] Finished!

2024-10-11 04:53:05,857 INFO - ContAudITWrapper#3 - Running post-command actions...
2024-10-11 04:53:05,857 INFO - ContAudITWrapper#3 - Analyzing current environment state...
2024-10-11 04:53:05,970 INFO - ContAudITWrapper#3 - Saving current environment state...
2024-10-11 04:53:05,970 INFO - ContAudITWrapper#3 - Environment state hash: a7ffc6f8bf1ed76651c14756a061d662f580ff4de43b49fa82d80a4b80f8434a
2024-10-11 04:53:05,971 INFO - ContAudITWrapper#3 - Checking environment diff...
2024-10-11 04:53:06,102 INFO - ContAudITWrapper#3 - Environment diff: 
2024-10-11 04:53:06,102 INFO - ContAudITWrapper#3 - Cleaning temporary files...
2024-10-11 04:53:06,125 INFO - ContAudITWrapper#3 - Sending to blockchain...
2024-10-11 04:53:20,302 INFO - ContAudITWrapper#3 - Response 
2024-10-11 04:53:20,304 INFO - ContAudITWrapper#3 - Finishing ContAudIT Wrapper...
