2024-10-11 04:51:08,243 INFO - ContAudITWrapper#72 - Initializing ContAudIT Wrapper...
2024-10-11 04:51:08,559 INFO - ContAudITWrapper#72 - Current directory: /home/ec2-user/Code/ufrgs-poc/contaudit-wrapper.jar
2024-10-11 04:51:30,726 INFO - ContAudITWrapper#72 - Wrapper hash: b7519188ed863d76e5199a8d880bb968bdf9124fad53b871583787e123a7a764
2024-10-11 04:51:30,784 INFO - ContAudITWrapper#72 - Validating Wrapper...
2024-10-11 04:52:41,638 INFO - ContAudITWrapper#72 - Response true
2024-10-11 04:52:41,978 INFO - ContAudITWrapper#72 - Application hash: e36ee2d35f8c4c41bd358782dfb3ac8852b40439d350ff27616f0c18819ce9bf
2024-10-11 04:52:41,979 INFO - ContAudITWrapper#72 - Validating Application...
2024-10-11 04:52:56,291 INFO - ContAudITWrapper#72 - Response true
2024-10-11 04:52:56,314 INFO - ContAudITWrapper#72 - Artifact apache2.workflow hash: bdb4cee855e21446b6ae53ddcb76a1632ef8c4545b5db0517e01ffd552157f6e
2024-10-11 04:52:56,323 INFO - ContAudITWrapper#72 - Validating Artifact...
2024-10-11 04:53:09,218 INFO - ContAudITWrapper#72 - Response true
2024-10-11 04:53:09,225 INFO - ContAudITWrapper#72 - Running pre-command actions...
2024-10-11 04:53:09,226 INFO - ContAudITWrapper#72 - Analyzing current environment state...
2024-10-11 04:53:09,381 INFO - ContAudITWrapper#72 - Saving current environment state...
2024-10-11 04:53:09,382 INFO - ContAudITWrapper#72 - Environment state hash: a7ffc6f8bf1ed76651c14756a061d662f580ff4de43b49fa82d80a4b80f8434a
2024-10-11 04:53:09,382 INFO - ContAudITWrapper#72 - Executing command...
2024-10-11 04:53:11,010 INFO - ContAudITWrapper#72 - Command output: 
2024-10-11 04:53:09.488759564 [executor] Initializing the workflow...
[apache2_workflow] Apache HTTP Server already installed.
[apache2_workflow] UserDir module already loaded.
[apache2_workflow] Configs to UserDir already exist.
[apache2_workflow] public_html directory already exists in /home/ec2-user.
[apache2_workflow] Creating a simple webpage...
[apache2_workflow] Moving webpage to Apache HTTP Server user website folder...
[apache2_workflow] Page moved successfully!
2024-10-11 04:53:11.009970270 [executor] Finished!

2024-10-11 04:53:11,011 INFO - ContAudITWrapper#72 - Running post-command actions...
2024-10-11 04:53:11,011 INFO - ContAudITWrapper#72 - Analyzing current environment state...
2024-10-11 04:53:11,120 INFO - ContAudITWrapper#72 - Saving current environment state...
2024-10-11 04:53:11,121 INFO - ContAudITWrapper#72 - Environment state hash: a7ffc6f8bf1ed76651c14756a061d662f580ff4de43b49fa82d80a4b80f8434a
2024-10-11 04:53:11,121 INFO - ContAudITWrapper#72 - Checking environment diff...
2024-10-11 04:53:11,160 INFO - ContAudITWrapper#72 - Environment diff: 
2024-10-11 04:53:11,160 INFO - ContAudITWrapper#72 - Cleaning temporary files...
2024-10-11 04:53:11,236 INFO - ContAudITWrapper#72 - Sending to blockchain...
2024-10-11 04:53:21,910 INFO - ContAudITWrapper#72 - Response 
2024-10-11 04:53:21,963 INFO - ContAudITWrapper#72 - Finishing ContAudIT Wrapper...
