2024-10-11 04:51:07,237 INFO - ContAudITWrapper#7 - Initializing ContAudIT Wrapper...
2024-10-11 04:51:07,515 INFO - ContAudITWrapper#7 - Current directory: /home/ec2-user/Code/ufrgs-poc/contaudit-wrapper.jar
2024-10-11 04:51:20,328 INFO - ContAudITWrapper#7 - Wrapper hash: b7519188ed863d76e5199a8d880bb968bdf9124fad53b871583787e123a7a764
2024-10-11 04:51:20,353 INFO - ContAudITWrapper#7 - Validating Wrapper...
2024-10-11 04:52:08,520 INFO - ContAudITWrapper#7 - Response true
2024-10-11 04:52:08,708 INFO - ContAudITWrapper#7 - Application hash: e36ee2d35f8c4c41bd358782dfb3ac8852b40439d350ff27616f0c18819ce9bf
2024-10-11 04:52:08,709 INFO - ContAudITWrapper#7 - Validating Application...
2024-10-11 04:52:24,924 INFO - ContAudITWrapper#7 - Response true
2024-10-11 04:52:24,961 INFO - ContAudITWrapper#7 - Artifact apache2.workflow hash: bdb4cee855e21446b6ae53ddcb76a1632ef8c4545b5db0517e01ffd552157f6e
2024-10-11 04:52:24,992 INFO - ContAudITWrapper#7 - Validating Artifact...
2024-10-11 04:52:40,748 INFO - ContAudITWrapper#7 - Response true
2024-10-11 04:52:40,755 INFO - ContAudITWrapper#7 - Running pre-command actions...
2024-10-11 04:52:40,757 INFO - ContAudITWrapper#7 - Analyzing current environment state...
2024-10-11 04:52:40,953 INFO - ContAudITWrapper#7 - Saving current environment state...
2024-10-11 04:52:40,954 INFO - ContAudITWrapper#7 - Environment state hash: a7ffc6f8bf1ed76651c14756a061d662f580ff4de43b49fa82d80a4b80f8434a
2024-10-11 04:52:40,954 INFO - ContAudITWrapper#7 - Executing command...
2024-10-11 04:52:42,451 INFO - ContAudITWrapper#7 - Command output: 
2024-10-11 04:52:41.037959116 [executor] Initializing the workflow...
[apache2_workflow] Apache HTTP Server already installed.
[apache2_workflow] UserDir module already loaded.
[apache2_workflow] Configs to UserDir already exist.
[apache2_workflow] public_html directory already exists in /home/ec2-user.
[apache2_workflow] Creating a simple webpage...
[apache2_workflow] Moving webpage to Apache HTTP Server user website folder...
[apache2_workflow] Page moved successfully!
2024-10-11 04:52:42.450752114 [executor] Finished!

2024-10-11 04:52:42,452 INFO - ContAudITWrapper#7 - Running post-command actions...
2024-10-11 04:52:42,452 INFO - ContAudITWrapper#7 - Analyzing current environment state...
2024-10-11 04:52:42,587 INFO - ContAudITWrapper#7 - Saving current environment state...
2024-10-11 04:52:42,587 INFO - ContAudITWrapper#7 - Environment state hash: a7ffc6f8bf1ed76651c14756a061d662f580ff4de43b49fa82d80a4b80f8434a
2024-10-11 04:52:42,588 INFO - ContAudITWrapper#7 - Checking environment diff...
2024-10-11 04:52:42,703 INFO - ContAudITWrapper#7 - Environment diff: 
2024-10-11 04:52:42,704 INFO - ContAudITWrapper#7 - Cleaning temporary files...
2024-10-11 04:52:42,816 INFO - ContAudITWrapper#7 - Sending to blockchain...
2024-10-11 04:52:59,652 INFO - ContAudITWrapper#7 - Response 
2024-10-11 04:52:59,654 INFO - ContAudITWrapper#7 - Finishing ContAudIT Wrapper...
