2024-10-11 04:51:07,957 INFO - ContAudITWrapper#96 - Initializing ContAudIT Wrapper...
2024-10-11 04:51:08,120 INFO - ContAudITWrapper#96 - Current directory: /home/ec2-user/Code/ufrgs-poc/contaudit-wrapper.jar
2024-10-11 04:51:25,877 INFO - ContAudITWrapper#96 - Wrapper hash: b7519188ed863d76e5199a8d880bb968bdf9124fad53b871583787e123a7a764
2024-10-11 04:51:25,887 INFO - ContAudITWrapper#96 - Validating Wrapper...
2024-10-11 04:52:26,524 INFO - ContAudITWrapper#96 - Response true
2024-10-11 04:52:26,789 INFO - ContAudITWrapper#96 - Application hash: e36ee2d35f8c4c41bd358782dfb3ac8852b40439d350ff27616f0c18819ce9bf
2024-10-11 04:52:26,790 INFO - ContAudITWrapper#96 - Validating Application...
2024-10-11 04:52:43,415 INFO - ContAudITWrapper#96 - Response true
2024-10-11 04:52:43,436 INFO - ContAudITWrapper#96 - Artifact apache2.workflow hash: bdb4cee855e21446b6ae53ddcb76a1632ef8c4545b5db0517e01ffd552157f6e
2024-10-11 04:52:43,514 INFO - ContAudITWrapper#96 - Validating Artifact...
2024-10-11 04:52:56,876 INFO - ContAudITWrapper#96 - Response true
2024-10-11 04:52:56,880 INFO - ContAudITWrapper#96 - Running pre-command actions...
2024-10-11 04:52:56,886 INFO - ContAudITWrapper#96 - Analyzing current environment state...
2024-10-11 04:52:57,160 INFO - ContAudITWrapper#96 - Saving current environment state...
2024-10-11 04:52:57,162 INFO - ContAudITWrapper#96 - Environment state hash: a7ffc6f8bf1ed76651c14756a061d662f580ff4de43b49fa82d80a4b80f8434a
2024-10-11 04:52:57,162 INFO - ContAudITWrapper#96 - Executing command...
2024-10-11 04:52:58,836 INFO - ContAudITWrapper#96 - Command output: 
2024-10-11 04:52:57.409571179 [executor] Initializing the workflow...
[apache2_workflow] Apache HTTP Server already installed.
[apache2_workflow] UserDir module already loaded.
[apache2_workflow] Configs to UserDir already exist.
[apache2_workflow] public_html directory already exists in /home/ec2-user.
[apache2_workflow] Creating a simple webpage...
[apache2_workflow] Moving webpage to Apache HTTP Server user website folder...
[apache2_workflow] Page moved successfully!
2024-10-11 04:52:58.836029070 [executor] Finished!

2024-10-11 04:52:58,837 INFO - ContAudITWrapper#96 - Running post-command actions...
2024-10-11 04:52:58,837 INFO - ContAudITWrapper#96 - Analyzing current environment state...
2024-10-11 04:52:58,981 INFO - ContAudITWrapper#96 - Saving current environment state...
2024-10-11 04:52:58,981 INFO - ContAudITWrapper#96 - Environment state hash: a7ffc6f8bf1ed76651c14756a061d662f580ff4de43b49fa82d80a4b80f8434a
2024-10-11 04:52:58,982 INFO - ContAudITWrapper#96 - Checking environment diff...
2024-10-11 04:52:59,088 INFO - ContAudITWrapper#96 - Environment diff: 
2024-10-11 04:52:59,088 INFO - ContAudITWrapper#96 - Cleaning temporary files...
2024-10-11 04:52:59,144 INFO - ContAudITWrapper#96 - Sending to blockchain...
2024-10-11 04:53:12,702 INFO - ContAudITWrapper#96 - Response 
2024-10-11 04:53:12,703 INFO - ContAudITWrapper#96 - Finishing ContAudIT Wrapper...
