2024-10-11 04:51:08,005 INFO - ContAudITWrapper#64 - Initializing ContAudIT Wrapper...
2024-10-11 04:51:08,233 INFO - ContAudITWrapper#64 - Current directory: /home/ec2-user/Code/ufrgs-poc/contaudit-wrapper.jar
2024-10-11 04:51:33,836 INFO - ContAudITWrapper#64 - Wrapper hash: b7519188ed863d76e5199a8d880bb968bdf9124fad53b871583787e123a7a764
2024-10-11 04:51:33,938 INFO - ContAudITWrapper#64 - Validating Wrapper...
2024-10-11 04:52:44,583 INFO - ContAudITWrapper#64 - Response true
2024-10-11 04:52:44,731 INFO - ContAudITWrapper#64 - Application hash: e36ee2d35f8c4c41bd358782dfb3ac8852b40439d350ff27616f0c18819ce9bf
2024-10-11 04:52:44,756 INFO - ContAudITWrapper#64 - Validating Application...
2024-10-11 04:52:57,375 INFO - ContAudITWrapper#64 - Response true
2024-10-11 04:52:57,386 INFO - ContAudITWrapper#64 - Artifact apache2.workflow hash: bdb4cee855e21446b6ae53ddcb76a1632ef8c4545b5db0517e01ffd552157f6e
2024-10-11 04:52:57,421 INFO - ContAudITWrapper#64 - Validating Artifact...
2024-10-11 04:53:10,835 INFO - ContAudITWrapper#64 - Response true
2024-10-11 04:53:10,851 INFO - ContAudITWrapper#64 - Running pre-command actions...
2024-10-11 04:53:10,852 INFO - ContAudITWrapper#64 - Analyzing current environment state...
2024-10-11 04:53:11,013 INFO - ContAudITWrapper#64 - Saving current environment state...
2024-10-11 04:53:11,014 INFO - ContAudITWrapper#64 - Environment state hash: a7ffc6f8bf1ed76651c14756a061d662f580ff4de43b49fa82d80a4b80f8434a
2024-10-11 04:53:11,014 INFO - ContAudITWrapper#64 - Executing command...
2024-10-11 04:53:12,321 INFO - ContAudITWrapper#64 - Command output: 
2024-10-11 04:53:11.099950562 [executor] Initializing the workflow...
[apache2_workflow] Apache HTTP Server already installed.
[apache2_workflow] UserDir module already loaded.
[apache2_workflow] Configs to UserDir already exist.
[apache2_workflow] public_html directory already exists in /home/ec2-user.
[apache2_workflow] Creating a simple webpage...
[apache2_workflow] Moving webpage to Apache HTTP Server user website folder...
[apache2_workflow] Page moved successfully!
2024-10-11 04:53:12.320272653 [executor] Finished!

2024-10-11 04:53:12,321 INFO - ContAudITWrapper#64 - Running post-command actions...
2024-10-11 04:53:12,322 INFO - ContAudITWrapper#64 - Analyzing current environment state...
2024-10-11 04:53:12,488 INFO - ContAudITWrapper#64 - Saving current environment state...
2024-10-11 04:53:12,489 INFO - ContAudITWrapper#64 - Environment state hash: a7ffc6f8bf1ed76651c14756a061d662f580ff4de43b49fa82d80a4b80f8434a
2024-10-11 04:53:12,489 INFO - ContAudITWrapper#64 - Checking environment diff...
2024-10-11 04:53:12,494 INFO - ContAudITWrapper#64 - Environment diff: 
2024-10-11 04:53:12,494 INFO - ContAudITWrapper#64 - Cleaning temporary files...
2024-10-11 04:53:12,573 INFO - ContAudITWrapper#64 - Sending to blockchain...
2024-10-11 04:53:23,703 INFO - ContAudITWrapper#64 - Response 
2024-10-11 04:53:23,705 INFO - ContAudITWrapper#64 - Finishing ContAudIT Wrapper...
