2024-10-09 04:16:45,009 INFO - ContAudITWrapper#56 - Initializing ContAudIT Wrapper...
2024-10-09 04:16:45,124 INFO - ContAudITWrapper#56 - Current directory: /home/ec2-user/Code/ufrgs-poc/contaudit-wrapper.jar
2024-10-09 04:16:59,118 INFO - ContAudITWrapper#56 - Wrapper hash: b7519188ed863d76e5199a8d880bb968bdf9124fad53b871583787e123a7a764
2024-10-09 04:16:59,140 INFO - ContAudITWrapper#56 - Validating Wrapper...
2024-10-09 04:17:44,817 INFO - ContAudITWrapper#56 - Response true
2024-10-09 04:17:45,045 INFO - ContAudITWrapper#56 - Application hash: e36ee2d35f8c4c41bd358782dfb3ac8852b40439d350ff27616f0c18819ce9bf
2024-10-09 04:17:45,056 INFO - ContAudITWrapper#56 - Validating Application...
2024-10-09 04:17:56,729 INFO - ContAudITWrapper#56 - Response true
2024-10-09 04:17:56,759 INFO - ContAudITWrapper#56 - Artifact apache2.workflow hash: bdb4cee855e21446b6ae53ddcb76a1632ef8c4545b5db0517e01ffd552157f6e
2024-10-09 04:17:56,779 INFO - ContAudITWrapper#56 - Validating Artifact...
2024-10-09 04:18:05,633 INFO - ContAudITWrapper#56 - Response true
2024-10-09 04:18:05,640 INFO - ContAudITWrapper#56 - Running pre-command actions...
2024-10-09 04:18:05,641 INFO - ContAudITWrapper#56 - Analyzing current environment state...
2024-10-09 04:18:05,772 INFO - ContAudITWrapper#56 - Saving current environment state...
2024-10-09 04:18:05,773 INFO - ContAudITWrapper#56 - Environment state hash: a7ffc6f8bf1ed76651c14756a061d662f580ff4de43b49fa82d80a4b80f8434a
2024-10-09 04:18:05,773 INFO - ContAudITWrapper#56 - Executing command...
2024-10-09 04:18:06,901 INFO - ContAudITWrapper#56 - Command output: 
2024-10-09 04:18:05.905181681 [executor] Initializing the workflow...
[apache2_workflow] Apache HTTP Server already installed.
[apache2_workflow] UserDir module already loaded.
[apache2_workflow] Configs to UserDir already exist.
[apache2_workflow] public_html directory already exists in /home/ec2-user.
[apache2_workflow] Creating a simple webpage...
[apache2_workflow] Moving webpage to Apache HTTP Server user website folder...
[apache2_workflow] Page moved successfully!
2024-10-09 04:18:06.896498226 [executor] Finished!

2024-10-09 04:18:06,902 INFO - ContAudITWrapper#56 - Running post-command actions...
2024-10-09 04:18:06,902 INFO - ContAudITWrapper#56 - Analyzing current environment state...
2024-10-09 04:18:07,013 INFO - ContAudITWrapper#56 - Saving current environment state...
2024-10-09 04:18:07,014 INFO - ContAudITWrapper#56 - Environment state hash: a7ffc6f8bf1ed76651c14756a061d662f580ff4de43b49fa82d80a4b80f8434a
2024-10-09 04:18:07,014 INFO - ContAudITWrapper#56 - Checking environment diff...
2024-10-09 04:18:07,051 INFO - ContAudITWrapper#56 - Environment diff: 
2024-10-09 04:18:07,051 INFO - ContAudITWrapper#56 - Cleaning temporary files...
2024-10-09 04:18:07,133 INFO - ContAudITWrapper#56 - Sending to blockchain...
2024-10-09 04:18:15,797 INFO - ContAudITWrapper#56 - Response 
2024-10-09 04:18:15,799 INFO - ContAudITWrapper#56 - Finishing ContAudIT Wrapper...
