2024-10-09 04:16:44,827 INFO - ContAudITWrapper#63 - Initializing ContAudIT Wrapper...
2024-10-09 04:16:44,980 INFO - ContAudITWrapper#63 - Current directory: /home/ec2-user/Code/ufrgs-poc/contaudit-wrapper.jar
2024-10-09 04:16:58,850 INFO - ContAudITWrapper#63 - Wrapper hash: b7519188ed863d76e5199a8d880bb968bdf9124fad53b871583787e123a7a764
2024-10-09 04:16:58,883 INFO - ContAudITWrapper#63 - Validating Wrapper...
2024-10-09 04:17:43,321 INFO - ContAudITWrapper#63 - Response true
2024-10-09 04:17:43,439 INFO - ContAudITWrapper#63 - Application hash: e36ee2d35f8c4c41bd358782dfb3ac8852b40439d350ff27616f0c18819ce9bf
2024-10-09 04:17:43,440 INFO - ContAudITWrapper#63 - Validating Application...
2024-10-09 04:17:54,167 INFO - ContAudITWrapper#63 - Response true
2024-10-09 04:17:54,171 INFO - ContAudITWrapper#63 - Artifact apache2.workflow hash: bdb4cee855e21446b6ae53ddcb76a1632ef8c4545b5db0517e01ffd552157f6e
2024-10-09 04:17:54,267 INFO - ContAudITWrapper#63 - Validating Artifact...
2024-10-09 04:18:02,141 INFO - ContAudITWrapper#63 - Response true
2024-10-09 04:18:02,149 INFO - ContAudITWrapper#63 - Running pre-command actions...
2024-10-09 04:18:02,154 INFO - ContAudITWrapper#63 - Analyzing current environment state...
2024-10-09 04:18:02,367 INFO - ContAudITWrapper#63 - Saving current environment state...
2024-10-09 04:18:02,368 INFO - ContAudITWrapper#63 - Environment state hash: a7ffc6f8bf1ed76651c14756a061d662f580ff4de43b49fa82d80a4b80f8434a
2024-10-09 04:18:02,368 INFO - ContAudITWrapper#63 - Executing command...
2024-10-09 04:18:03,446 INFO - ContAudITWrapper#63 - Command output: 
2024-10-09 04:18:02.480637510 [executor] Initializing the workflow...
[apache2_workflow] Apache HTTP Server already installed.
[apache2_workflow] UserDir module already loaded.
[apache2_workflow] Configs to UserDir already exist.
[apache2_workflow] public_html directory already exists in /home/ec2-user.
[apache2_workflow] Creating a simple webpage...
[apache2_workflow] Moving webpage to Apache HTTP Server user website folder...
[apache2_workflow] Page moved successfully!
2024-10-09 04:18:03.445235643 [executor] Finished!

2024-10-09 04:18:03,446 INFO - ContAudITWrapper#63 - Running post-command actions...
2024-10-09 04:18:03,446 INFO - ContAudITWrapper#63 - Analyzing current environment state...
2024-10-09 04:18:03,602 INFO - ContAudITWrapper#63 - Saving current environment state...
2024-10-09 04:18:03,603 INFO - ContAudITWrapper#63 - Environment state hash: a7ffc6f8bf1ed76651c14756a061d662f580ff4de43b49fa82d80a4b80f8434a
2024-10-09 04:18:03,603 INFO - ContAudITWrapper#63 - Checking environment diff...
2024-10-09 04:18:03,689 INFO - ContAudITWrapper#63 - Environment diff: 
2024-10-09 04:18:03,689 INFO - ContAudITWrapper#63 - Cleaning temporary files...
2024-10-09 04:18:03,750 INFO - ContAudITWrapper#63 - Sending to blockchain...
2024-10-09 04:18:12,076 INFO - ContAudITWrapper#63 - Response 
2024-10-09 04:18:12,078 INFO - ContAudITWrapper#63 - Finishing ContAudIT Wrapper...
