2024-10-09 04:16:44,096 INFO - ContAudITWrapper#16 - Initializing ContAudIT Wrapper...
2024-10-09 04:16:44,275 INFO - ContAudITWrapper#16 - Current directory: /home/ec2-user/Code/ufrgs-poc/contaudit-wrapper.jar
2024-10-09 04:16:59,319 INFO - ContAudITWrapper#16 - Wrapper hash: b7519188ed863d76e5199a8d880bb968bdf9124fad53b871583787e123a7a764
2024-10-09 04:16:59,368 INFO - ContAudITWrapper#16 - Validating Wrapper...
2024-10-09 04:17:44,263 INFO - ContAudITWrapper#16 - Response true
2024-10-09 04:17:44,512 INFO - ContAudITWrapper#16 - Application hash: e36ee2d35f8c4c41bd358782dfb3ac8852b40439d350ff27616f0c18819ce9bf
2024-10-09 04:17:44,514 INFO - ContAudITWrapper#16 - Validating Application...
2024-10-09 04:17:54,261 INFO - ContAudITWrapper#16 - Response true
2024-10-09 04:17:54,270 INFO - ContAudITWrapper#16 - Artifact apache2.workflow hash: bdb4cee855e21446b6ae53ddcb76a1632ef8c4545b5db0517e01ffd552157f6e
2024-10-09 04:17:54,372 INFO - ContAudITWrapper#16 - Validating Artifact...
2024-10-09 04:18:00,901 INFO - ContAudITWrapper#16 - Response true
2024-10-09 04:18:00,917 INFO - ContAudITWrapper#16 - Running pre-command actions...
2024-10-09 04:18:00,918 INFO - ContAudITWrapper#16 - Analyzing current environment state...
2024-10-09 04:18:00,996 INFO - ContAudITWrapper#16 - Saving current environment state...
2024-10-09 04:18:00,997 INFO - ContAudITWrapper#16 - Environment state hash: a7ffc6f8bf1ed76651c14756a061d662f580ff4de43b49fa82d80a4b80f8434a
2024-10-09 04:18:00,997 INFO - ContAudITWrapper#16 - Executing command...
2024-10-09 04:18:01,932 INFO - ContAudITWrapper#16 - Command output: 
2024-10-09 04:18:01.087111083 [executor] Initializing the workflow...
[apache2_workflow] Apache HTTP Server already installed.
[apache2_workflow] UserDir module already loaded.
[apache2_workflow] Configs to UserDir already exist.
[apache2_workflow] public_html directory already exists in /home/ec2-user.
[apache2_workflow] Creating a simple webpage...
[apache2_workflow] Moving webpage to Apache HTTP Server user website folder...
[apache2_workflow] Page moved successfully!
2024-10-09 04:18:01.931809333 [executor] Finished!

2024-10-09 04:18:01,945 INFO - ContAudITWrapper#16 - Running post-command actions...
2024-10-09 04:18:01,945 INFO - ContAudITWrapper#16 - Analyzing current environment state...
2024-10-09 04:18:02,053 INFO - ContAudITWrapper#16 - Saving current environment state...
2024-10-09 04:18:02,053 INFO - ContAudITWrapper#16 - Environment state hash: a7ffc6f8bf1ed76651c14756a061d662f580ff4de43b49fa82d80a4b80f8434a
2024-10-09 04:18:02,054 INFO - ContAudITWrapper#16 - Checking environment diff...
2024-10-09 04:18:02,128 INFO - ContAudITWrapper#16 - Environment diff: 
2024-10-09 04:18:02,129 INFO - ContAudITWrapper#16 - Cleaning temporary files...
2024-10-09 04:18:02,205 INFO - ContAudITWrapper#16 - Sending to blockchain...
2024-10-09 04:18:14,040 INFO - ContAudITWrapper#16 - Response 
2024-10-09 04:18:14,041 INFO - ContAudITWrapper#16 - Finishing ContAudIT Wrapper...
