2024-10-09 04:16:45,087 INFO - ContAudITWrapper#1 - Initializing ContAudIT Wrapper...
2024-10-09 04:16:45,208 INFO - ContAudITWrapper#1 - Current directory: /home/ec2-user/Code/ufrgs-poc/contaudit-wrapper.jar
2024-10-09 04:16:59,720 INFO - ContAudITWrapper#1 - Wrapper hash: b7519188ed863d76e5199a8d880bb968bdf9124fad53b871583787e123a7a764
2024-10-09 04:16:59,781 INFO - ContAudITWrapper#1 - Validating Wrapper...
2024-10-09 04:17:44,719 INFO - ContAudITWrapper#1 - Response true
2024-10-09 04:17:44,904 INFO - ContAudITWrapper#1 - Application hash: e36ee2d35f8c4c41bd358782dfb3ac8852b40439d350ff27616f0c18819ce9bf
2024-10-09 04:17:44,905 INFO - ContAudITWrapper#1 - Validating Application...
2024-10-09 04:17:53,933 INFO - ContAudITWrapper#1 - Response true
2024-10-09 04:17:53,994 INFO - ContAudITWrapper#1 - Artifact apache2.workflow hash: bdb4cee855e21446b6ae53ddcb76a1632ef8c4545b5db0517e01ffd552157f6e
2024-10-09 04:17:54,060 INFO - ContAudITWrapper#1 - Validating Artifact...
2024-10-09 04:18:02,559 INFO - ContAudITWrapper#1 - Response true
2024-10-09 04:18:02,563 INFO - ContAudITWrapper#1 - Running pre-command actions...
2024-10-09 04:18:02,570 INFO - ContAudITWrapper#1 - Analyzing current environment state...
2024-10-09 04:18:02,747 INFO - ContAudITWrapper#1 - Saving current environment state...
2024-10-09 04:18:02,748 INFO - ContAudITWrapper#1 - Environment state hash: a7ffc6f8bf1ed76651c14756a061d662f580ff4de43b49fa82d80a4b80f8434a
2024-10-09 04:18:02,748 INFO - ContAudITWrapper#1 - Executing command...
2024-10-09 04:18:04,017 INFO - ContAudITWrapper#1 - Command output: 
2024-10-09 04:18:02.816786573 [executor] Initializing the workflow...
[apache2_workflow] Apache HTTP Server already installed.
[apache2_workflow] UserDir module already loaded.
[apache2_workflow] Configs to UserDir already exist.
[apache2_workflow] public_html directory already exists in /home/ec2-user.
[apache2_workflow] Creating a simple webpage...
[apache2_workflow] Moving webpage to Apache HTTP Server user website folder...
[apache2_workflow] Page moved successfully!
2024-10-09 04:18:04.016292476 [executor] Finished!

2024-10-09 04:18:04,017 INFO - ContAudITWrapper#1 - Running post-command actions...
2024-10-09 04:18:04,017 INFO - ContAudITWrapper#1 - Analyzing current environment state...
2024-10-09 04:18:04,180 INFO - ContAudITWrapper#1 - Saving current environment state...
2024-10-09 04:18:04,181 INFO - ContAudITWrapper#1 - Environment state hash: a7ffc6f8bf1ed76651c14756a061d662f580ff4de43b49fa82d80a4b80f8434a
2024-10-09 04:18:04,181 INFO - ContAudITWrapper#1 - Checking environment diff...
2024-10-09 04:18:04,274 INFO - ContAudITWrapper#1 - Environment diff: 
2024-10-09 04:18:04,274 INFO - ContAudITWrapper#1 - Cleaning temporary files...
2024-10-09 04:18:04,307 INFO - ContAudITWrapper#1 - Sending to blockchain...
2024-10-09 04:18:12,332 INFO - ContAudITWrapper#1 - Response 
2024-10-09 04:18:12,337 INFO - ContAudITWrapper#1 - Finishing ContAudIT Wrapper...
