2024-10-11 04:46:15,138 INFO - ContAudITWrapper#38 - Initializing ContAudIT Wrapper...
2024-10-11 04:46:15,396 INFO - ContAudITWrapper#38 - Current directory: /home/ec2-user/Code/ufrgs-poc/contaudit-wrapper.jar
2024-10-11 04:46:37,103 INFO - ContAudITWrapper#38 - Wrapper hash: b7519188ed863d76e5199a8d880bb968bdf9124fad53b871583787e123a7a764
2024-10-11 04:46:37,112 INFO - ContAudITWrapper#38 - Validating Wrapper...
2024-10-11 04:47:46,187 INFO - ContAudITWrapper#38 - Response true
2024-10-11 04:47:46,619 INFO - ContAudITWrapper#38 - Application hash: e36ee2d35f8c4c41bd358782dfb3ac8852b40439d350ff27616f0c18819ce9bf
2024-10-11 04:47:46,621 INFO - ContAudITWrapper#38 - Validating Application...
2024-10-11 04:48:01,371 INFO - ContAudITWrapper#38 - Response true
2024-10-11 04:48:01,401 INFO - ContAudITWrapper#38 - Artifact apache2.workflow hash: bdb4cee855e21446b6ae53ddcb76a1632ef8c4545b5db0517e01ffd552157f6e
2024-10-11 04:48:01,423 INFO - ContAudITWrapper#38 - Validating Artifact...
2024-10-11 04:48:14,568 INFO - ContAudITWrapper#38 - Response true
2024-10-11 04:48:14,635 INFO - ContAudITWrapper#38 - Running pre-command actions...
2024-10-11 04:48:14,636 INFO - ContAudITWrapper#38 - Analyzing current environment state...
2024-10-11 04:48:14,847 INFO - ContAudITWrapper#38 - Saving current environment state...
2024-10-11 04:48:14,848 INFO - ContAudITWrapper#38 - Environment state hash: a7ffc6f8bf1ed76651c14756a061d662f580ff4de43b49fa82d80a4b80f8434a
2024-10-11 04:48:14,848 INFO - ContAudITWrapper#38 - Executing command...
2024-10-11 04:48:16,235 INFO - ContAudITWrapper#38 - Command output: 
2024-10-11 04:48:15.044462425 [executor] Initializing the workflow...
[apache2_workflow] Apache HTTP Server already installed.
[apache2_workflow] UserDir module already loaded.
[apache2_workflow] Configs to UserDir already exist.
[apache2_workflow] public_html directory already exists in /home/ec2-user.
[apache2_workflow] Creating a simple webpage...
[apache2_workflow] Moving webpage to Apache HTTP Server user website folder...
[apache2_workflow] Page moved successfully!
2024-10-11 04:48:16.233314828 [executor] Finished!

2024-10-11 04:48:16,235 INFO - ContAudITWrapper#38 - Running post-command actions...
2024-10-11 04:48:16,235 INFO - ContAudITWrapper#38 - Analyzing current environment state...
2024-10-11 04:48:16,343 INFO - ContAudITWrapper#38 - Saving current environment state...
2024-10-11 04:48:16,344 INFO - ContAudITWrapper#38 - Environment state hash: a7ffc6f8bf1ed76651c14756a061d662f580ff4de43b49fa82d80a4b80f8434a
2024-10-11 04:48:16,344 INFO - ContAudITWrapper#38 - Checking environment diff...
2024-10-11 04:48:16,467 INFO - ContAudITWrapper#38 - Environment diff: 
2024-10-11 04:48:16,467 INFO - ContAudITWrapper#38 - Cleaning temporary files...
2024-10-11 04:48:16,546 INFO - ContAudITWrapper#38 - Sending to blockchain...
2024-10-11 04:48:31,612 INFO - ContAudITWrapper#38 - Response 
2024-10-11 04:48:31,635 INFO - ContAudITWrapper#38 - Finishing ContAudIT Wrapper...
