2024-10-11 04:46:14,097 INFO - ContAudITWrapper#55 - Initializing ContAudIT Wrapper...
2024-10-11 04:46:14,180 INFO - ContAudITWrapper#55 - Current directory: /home/ec2-user/Code/ufrgs-poc/contaudit-wrapper.jar
2024-10-11 04:46:33,086 INFO - ContAudITWrapper#55 - Wrapper hash: b7519188ed863d76e5199a8d880bb968bdf9124fad53b871583787e123a7a764
2024-10-11 04:46:33,142 INFO - ContAudITWrapper#55 - Validating Wrapper...
2024-10-11 04:47:33,674 INFO - ContAudITWrapper#55 - Response true
2024-10-11 04:47:33,842 INFO - ContAudITWrapper#55 - Application hash: e36ee2d35f8c4c41bd358782dfb3ac8852b40439d350ff27616f0c18819ce9bf
2024-10-11 04:47:33,843 INFO - ContAudITWrapper#55 - Validating Application...
2024-10-11 04:47:49,464 INFO - ContAudITWrapper#55 - Response true
2024-10-11 04:47:49,478 INFO - ContAudITWrapper#55 - Artifact apache2.workflow hash: bdb4cee855e21446b6ae53ddcb76a1632ef8c4545b5db0517e01ffd552157f6e
2024-10-11 04:47:49,514 INFO - ContAudITWrapper#55 - Validating Artifact...
2024-10-11 04:48:03,590 INFO - ContAudITWrapper#55 - Response true
2024-10-11 04:48:03,594 INFO - ContAudITWrapper#55 - Running pre-command actions...
2024-10-11 04:48:03,595 INFO - ContAudITWrapper#55 - Analyzing current environment state...
2024-10-11 04:48:03,837 INFO - ContAudITWrapper#55 - Saving current environment state...
2024-10-11 04:48:03,837 INFO - ContAudITWrapper#55 - Environment state hash: a7ffc6f8bf1ed76651c14756a061d662f580ff4de43b49fa82d80a4b80f8434a
2024-10-11 04:48:03,837 INFO - ContAudITWrapper#55 - Executing command...
2024-10-11 04:48:05,282 INFO - ContAudITWrapper#55 - Command output: 
2024-10-11 04:48:04.018048146 [executor] Initializing the workflow...
[apache2_workflow] Apache HTTP Server already installed.
[apache2_workflow] UserDir module already loaded.
[apache2_workflow] Configs to UserDir already exist.
[apache2_workflow] public_html directory already exists in /home/ec2-user.
[apache2_workflow] Creating a simple webpage...
[apache2_workflow] Moving webpage to Apache HTTP Server user website folder...
[apache2_workflow] Page moved successfully!
2024-10-11 04:48:05.282056044 [executor] Finished!

2024-10-11 04:48:05,283 INFO - ContAudITWrapper#55 - Running post-command actions...
2024-10-11 04:48:05,283 INFO - ContAudITWrapper#55 - Analyzing current environment state...
2024-10-11 04:48:05,386 INFO - ContAudITWrapper#55 - Saving current environment state...
2024-10-11 04:48:05,387 INFO - ContAudITWrapper#55 - Environment state hash: a7ffc6f8bf1ed76651c14756a061d662f580ff4de43b49fa82d80a4b80f8434a
2024-10-11 04:48:05,387 INFO - ContAudITWrapper#55 - Checking environment diff...
2024-10-11 04:48:05,502 INFO - ContAudITWrapper#55 - Environment diff: 
2024-10-11 04:48:05,503 INFO - ContAudITWrapper#55 - Cleaning temporary files...
2024-10-11 04:48:05,658 INFO - ContAudITWrapper#55 - Sending to blockchain...
2024-10-11 04:48:20,708 INFO - ContAudITWrapper#55 - Response 
2024-10-11 04:48:20,710 INFO - ContAudITWrapper#55 - Finishing ContAudIT Wrapper...
