2024-10-11 04:46:16,333 INFO - ContAudITWrapper#79 - Initializing ContAudIT Wrapper...
2024-10-11 04:46:16,501 INFO - ContAudITWrapper#79 - Current directory: /home/ec2-user/Code/ufrgs-poc/contaudit-wrapper.jar
2024-10-11 04:46:33,564 INFO - ContAudITWrapper#79 - Wrapper hash: b7519188ed863d76e5199a8d880bb968bdf9124fad53b871583787e123a7a764
2024-10-11 04:46:33,703 INFO - ContAudITWrapper#79 - Validating Wrapper...
2024-10-11 04:47:35,156 INFO - ContAudITWrapper#79 - Response true
2024-10-11 04:47:35,540 INFO - ContAudITWrapper#79 - Application hash: e36ee2d35f8c4c41bd358782dfb3ac8852b40439d350ff27616f0c18819ce9bf
2024-10-11 04:47:35,541 INFO - ContAudITWrapper#79 - Validating Application...
2024-10-11 04:47:52,556 INFO - ContAudITWrapper#79 - Response true
2024-10-11 04:47:52,562 INFO - ContAudITWrapper#79 - Artifact apache2.workflow hash: bdb4cee855e21446b6ae53ddcb76a1632ef8c4545b5db0517e01ffd552157f6e
2024-10-11 04:47:52,650 INFO - ContAudITWrapper#79 - Validating Artifact...
2024-10-11 04:48:06,039 INFO - ContAudITWrapper#79 - Response true
2024-10-11 04:48:06,046 INFO - ContAudITWrapper#79 - Running pre-command actions...
2024-10-11 04:48:06,047 INFO - ContAudITWrapper#79 - Analyzing current environment state...
2024-10-11 04:48:06,186 INFO - ContAudITWrapper#79 - Saving current environment state...
2024-10-11 04:48:06,187 INFO - ContAudITWrapper#79 - Environment state hash: a7ffc6f8bf1ed76651c14756a061d662f580ff4de43b49fa82d80a4b80f8434a
2024-10-11 04:48:06,187 INFO - ContAudITWrapper#79 - Executing command...
2024-10-11 04:48:07,707 INFO - ContAudITWrapper#79 - Command output: 
2024-10-11 04:48:06.363433444 [executor] Initializing the workflow...
[apache2_workflow] Apache HTTP Server already installed.
[apache2_workflow] UserDir module already loaded.
[apache2_workflow] Configs to UserDir already exist.
[apache2_workflow] public_html directory already exists in /home/ec2-user.
[apache2_workflow] Creating a simple webpage...
[apache2_workflow] Moving webpage to Apache HTTP Server user website folder...
[apache2_workflow] Page moved successfully!
2024-10-11 04:48:07.706113773 [executor] Finished!

2024-10-11 04:48:07,707 INFO - ContAudITWrapper#79 - Running post-command actions...
2024-10-11 04:48:07,708 INFO - ContAudITWrapper#79 - Analyzing current environment state...
2024-10-11 04:48:07,901 INFO - ContAudITWrapper#79 - Saving current environment state...
2024-10-11 04:48:07,902 INFO - ContAudITWrapper#79 - Environment state hash: a7ffc6f8bf1ed76651c14756a061d662f580ff4de43b49fa82d80a4b80f8434a
2024-10-11 04:48:07,902 INFO - ContAudITWrapper#79 - Checking environment diff...
2024-10-11 04:48:08,004 INFO - ContAudITWrapper#79 - Environment diff: 
2024-10-11 04:48:08,004 INFO - ContAudITWrapper#79 - Cleaning temporary files...
2024-10-11 04:48:08,100 INFO - ContAudITWrapper#79 - Sending to blockchain...
2024-10-11 04:48:25,302 INFO - ContAudITWrapper#79 - Response 
2024-10-11 04:48:25,303 INFO - ContAudITWrapper#79 - Finishing ContAudIT Wrapper...
