2024-10-11 04:46:15,799 INFO - ContAudITWrapper#25 - Initializing ContAudIT Wrapper...
2024-10-11 04:46:15,989 INFO - ContAudITWrapper#25 - Current directory: /home/ec2-user/Code/ufrgs-poc/contaudit-wrapper.jar
2024-10-11 04:46:42,935 INFO - ContAudITWrapper#25 - Wrapper hash: b7519188ed863d76e5199a8d880bb968bdf9124fad53b871583787e123a7a764
2024-10-11 04:46:43,043 INFO - ContAudITWrapper#25 - Validating Wrapper...
2024-10-11 04:47:56,192 INFO - ContAudITWrapper#25 - Response true
2024-10-11 04:47:56,386 INFO - ContAudITWrapper#25 - Application hash: e36ee2d35f8c4c41bd358782dfb3ac8852b40439d350ff27616f0c18819ce9bf
2024-10-11 04:47:56,387 INFO - ContAudITWrapper#25 - Validating Application...
2024-10-11 04:48:09,105 INFO - ContAudITWrapper#25 - Response true
2024-10-11 04:48:09,118 INFO - ContAudITWrapper#25 - Artifact apache2.workflow hash: bdb4cee855e21446b6ae53ddcb76a1632ef8c4545b5db0517e01ffd552157f6e
2024-10-11 04:48:09,169 INFO - ContAudITWrapper#25 - Validating Artifact...
2024-10-11 04:48:22,258 INFO - ContAudITWrapper#25 - Response true
2024-10-11 04:48:22,268 INFO - ContAudITWrapper#25 - Running pre-command actions...
2024-10-11 04:48:22,269 INFO - ContAudITWrapper#25 - Analyzing current environment state...
2024-10-11 04:48:22,492 INFO - ContAudITWrapper#25 - Saving current environment state...
2024-10-11 04:48:22,494 INFO - ContAudITWrapper#25 - Environment state hash: a7ffc6f8bf1ed76651c14756a061d662f580ff4de43b49fa82d80a4b80f8434a
2024-10-11 04:48:22,494 INFO - ContAudITWrapper#25 - Executing command...
2024-10-11 04:48:23,314 INFO - ContAudITWrapper#25 - Command output: 
2024-10-11 04:48:22.593842549 [executor] Initializing the workflow...
[apache2_workflow] Apache HTTP Server already installed.
[apache2_workflow] UserDir module already loaded.
[apache2_workflow] Configs to UserDir already exist.
[apache2_workflow] public_html directory already exists in /home/ec2-user.
[apache2_workflow] Creating a simple webpage...
[apache2_workflow] Moving webpage to Apache HTTP Server user website folder...
[apache2_workflow] Page moved successfully!
2024-10-11 04:48:23.313508964 [executor] Finished!

2024-10-11 04:48:23,314 INFO - ContAudITWrapper#25 - Running post-command actions...
2024-10-11 04:48:23,314 INFO - ContAudITWrapper#25 - Analyzing current environment state...
2024-10-11 04:48:23,446 INFO - ContAudITWrapper#25 - Saving current environment state...
2024-10-11 04:48:23,446 INFO - ContAudITWrapper#25 - Environment state hash: a7ffc6f8bf1ed76651c14756a061d662f580ff4de43b49fa82d80a4b80f8434a
2024-10-11 04:48:23,446 INFO - ContAudITWrapper#25 - Checking environment diff...
2024-10-11 04:48:23,581 INFO - ContAudITWrapper#25 - Environment diff: 
2024-10-11 04:48:23,582 INFO - ContAudITWrapper#25 - Cleaning temporary files...
2024-10-11 04:48:23,659 INFO - ContAudITWrapper#25 - Sending to blockchain...
2024-10-11 04:48:32,097 INFO - ContAudITWrapper#25 - Response 
2024-10-11 04:48:32,111 INFO - ContAudITWrapper#25 - Finishing ContAudIT Wrapper...
