2024-10-11 04:46:16,300 INFO - ContAudITWrapper#11 - Initializing ContAudIT Wrapper...
2024-10-11 04:46:16,527 INFO - ContAudITWrapper#11 - Current directory: /home/ec2-user/Code/ufrgs-poc/contaudit-wrapper.jar
2024-10-11 04:46:42,814 INFO - ContAudITWrapper#11 - Wrapper hash: b7519188ed863d76e5199a8d880bb968bdf9124fad53b871583787e123a7a764
2024-10-11 04:46:42,992 INFO - ContAudITWrapper#11 - Validating Wrapper...
2024-10-11 04:47:56,948 INFO - ContAudITWrapper#11 - Response true
2024-10-11 04:47:57,051 INFO - ContAudITWrapper#11 - Application hash: e36ee2d35f8c4c41bd358782dfb3ac8852b40439d350ff27616f0c18819ce9bf
2024-10-11 04:47:57,052 INFO - ContAudITWrapper#11 - Validating Application...
2024-10-11 04:48:11,009 INFO - ContAudITWrapper#11 - Response true
2024-10-11 04:48:11,018 INFO - ContAudITWrapper#11 - Artifact apache2.workflow hash: bdb4cee855e21446b6ae53ddcb76a1632ef8c4545b5db0517e01ffd552157f6e
2024-10-11 04:48:11,130 INFO - ContAudITWrapper#11 - Validating Artifact...
2024-10-11 04:48:23,107 INFO - ContAudITWrapper#11 - Response true
2024-10-11 04:48:23,119 INFO - ContAudITWrapper#11 - Running pre-command actions...
2024-10-11 04:48:23,120 INFO - ContAudITWrapper#11 - Analyzing current environment state...
2024-10-11 04:48:23,330 INFO - ContAudITWrapper#11 - Saving current environment state...
2024-10-11 04:48:23,333 INFO - ContAudITWrapper#11 - Environment state hash: a7ffc6f8bf1ed76651c14756a061d662f580ff4de43b49fa82d80a4b80f8434a
2024-10-11 04:48:23,334 INFO - ContAudITWrapper#11 - Executing command...
2024-10-11 04:48:24,346 INFO - ContAudITWrapper#11 - Command output: 
2024-10-11 04:48:23.497968570 [executor] Initializing the workflow...
[apache2_workflow] Apache HTTP Server already installed.
[apache2_workflow] UserDir module already loaded.
[apache2_workflow] Configs to UserDir already exist.
[apache2_workflow] public_html directory already exists in /home/ec2-user.
[apache2_workflow] Creating a simple webpage...
[apache2_workflow] Moving webpage to Apache HTTP Server user website folder...
[apache2_workflow] Page moved successfully!
2024-10-11 04:48:24.345641551 [executor] Finished!

2024-10-11 04:48:24,347 INFO - ContAudITWrapper#11 - Running post-command actions...
2024-10-11 04:48:24,347 INFO - ContAudITWrapper#11 - Analyzing current environment state...
2024-10-11 04:48:24,494 INFO - ContAudITWrapper#11 - Saving current environment state...
2024-10-11 04:48:24,495 INFO - ContAudITWrapper#11 - Environment state hash: a7ffc6f8bf1ed76651c14756a061d662f580ff4de43b49fa82d80a4b80f8434a
2024-10-11 04:48:24,495 INFO - ContAudITWrapper#11 - Checking environment diff...
2024-10-11 04:48:24,622 INFO - ContAudITWrapper#11 - Environment diff: 
2024-10-11 04:48:24,622 INFO - ContAudITWrapper#11 - Cleaning temporary files...
2024-10-11 04:48:24,882 INFO - ContAudITWrapper#11 - Sending to blockchain...
2024-10-11 04:48:31,875 INFO - ContAudITWrapper#11 - Response 
2024-10-11 04:48:31,878 INFO - ContAudITWrapper#11 - Finishing ContAudIT Wrapper...
