2024-10-11 04:46:15,969 INFO - ContAudITWrapper#32 - Initializing ContAudIT Wrapper...
2024-10-11 04:46:16,139 INFO - ContAudITWrapper#32 - Current directory: /home/ec2-user/Code/ufrgs-poc/contaudit-wrapper.jar
2024-10-11 04:46:35,083 INFO - ContAudITWrapper#32 - Wrapper hash: b7519188ed863d76e5199a8d880bb968bdf9124fad53b871583787e123a7a764
2024-10-11 04:46:35,145 INFO - ContAudITWrapper#32 - Validating Wrapper...
2024-10-11 04:47:43,468 INFO - ContAudITWrapper#32 - Response true
2024-10-11 04:47:43,764 INFO - ContAudITWrapper#32 - Application hash: e36ee2d35f8c4c41bd358782dfb3ac8852b40439d350ff27616f0c18819ce9bf
2024-10-11 04:47:43,765 INFO - ContAudITWrapper#32 - Validating Application...
2024-10-11 04:47:59,248 INFO - ContAudITWrapper#32 - Response true
2024-10-11 04:47:59,266 INFO - ContAudITWrapper#32 - Artifact apache2.workflow hash: bdb4cee855e21446b6ae53ddcb76a1632ef8c4545b5db0517e01ffd552157f6e
2024-10-11 04:47:59,287 INFO - ContAudITWrapper#32 - Validating Artifact...
2024-10-11 04:48:13,633 INFO - ContAudITWrapper#32 - Response true
2024-10-11 04:48:13,644 INFO - ContAudITWrapper#32 - Running pre-command actions...
2024-10-11 04:48:13,645 INFO - ContAudITWrapper#32 - Analyzing current environment state...
2024-10-11 04:48:13,871 INFO - ContAudITWrapper#32 - Saving current environment state...
2024-10-11 04:48:13,872 INFO - ContAudITWrapper#32 - Environment state hash: a7ffc6f8bf1ed76651c14756a061d662f580ff4de43b49fa82d80a4b80f8434a
2024-10-11 04:48:13,872 INFO - ContAudITWrapper#32 - Executing command...
2024-10-11 04:48:15,310 INFO - ContAudITWrapper#32 - Command output: 
2024-10-11 04:48:13.958938948 [executor] Initializing the workflow...
[apache2_workflow] Apache HTTP Server already installed.
[apache2_workflow] UserDir module already loaded.
[apache2_workflow] Configs to UserDir already exist.
[apache2_workflow] public_html directory already exists in /home/ec2-user.
[apache2_workflow] Creating a simple webpage...
[apache2_workflow] Moving webpage to Apache HTTP Server user website folder...
[apache2_workflow] Page moved successfully!
2024-10-11 04:48:15.309106505 [executor] Finished!

2024-10-11 04:48:15,310 INFO - ContAudITWrapper#32 - Running post-command actions...
2024-10-11 04:48:15,310 INFO - ContAudITWrapper#32 - Analyzing current environment state...
2024-10-11 04:48:15,466 INFO - ContAudITWrapper#32 - Saving current environment state...
2024-10-11 04:48:15,467 INFO - ContAudITWrapper#32 - Environment state hash: a7ffc6f8bf1ed76651c14756a061d662f580ff4de43b49fa82d80a4b80f8434a
2024-10-11 04:48:15,467 INFO - ContAudITWrapper#32 - Checking environment diff...
2024-10-11 04:48:15,526 INFO - ContAudITWrapper#32 - Environment diff: 
2024-10-11 04:48:15,528 INFO - ContAudITWrapper#32 - Cleaning temporary files...
2024-10-11 04:48:15,606 INFO - ContAudITWrapper#32 - Sending to blockchain...
2024-10-11 04:48:27,067 INFO - ContAudITWrapper#32 - Response 
2024-10-11 04:48:27,069 INFO - ContAudITWrapper#32 - Finishing ContAudIT Wrapper...
