2024-10-11 04:46:16,053 INFO - ContAudITWrapper#83 - Initializing ContAudIT Wrapper...
2024-10-11 04:46:16,383 INFO - ContAudITWrapper#83 - Current directory: /home/ec2-user/Code/ufrgs-poc/contaudit-wrapper.jar
2024-10-11 04:46:39,434 INFO - ContAudITWrapper#83 - Wrapper hash: b7519188ed863d76e5199a8d880bb968bdf9124fad53b871583787e123a7a764
2024-10-11 04:46:39,510 INFO - ContAudITWrapper#83 - Validating Wrapper...
2024-10-11 04:47:48,697 INFO - ContAudITWrapper#83 - Response true
2024-10-11 04:47:48,861 INFO - ContAudITWrapper#83 - Application hash: e36ee2d35f8c4c41bd358782dfb3ac8852b40439d350ff27616f0c18819ce9bf
2024-10-11 04:47:48,912 INFO - ContAudITWrapper#83 - Validating Application...
2024-10-11 04:48:02,155 INFO - ContAudITWrapper#83 - Response true
2024-10-11 04:48:02,170 INFO - ContAudITWrapper#83 - Artifact apache2.workflow hash: bdb4cee855e21446b6ae53ddcb76a1632ef8c4545b5db0517e01ffd552157f6e
2024-10-11 04:48:02,182 INFO - ContAudITWrapper#83 - Validating Artifact...
2024-10-11 04:48:12,826 INFO - ContAudITWrapper#83 - Response true
2024-10-11 04:48:12,836 INFO - ContAudITWrapper#83 - Running pre-command actions...
2024-10-11 04:48:12,838 INFO - ContAudITWrapper#83 - Analyzing current environment state...
2024-10-11 04:48:13,067 INFO - ContAudITWrapper#83 - Saving current environment state...
2024-10-11 04:48:13,068 INFO - ContAudITWrapper#83 - Environment state hash: a7ffc6f8bf1ed76651c14756a061d662f580ff4de43b49fa82d80a4b80f8434a
2024-10-11 04:48:13,069 INFO - ContAudITWrapper#83 - Executing command...
2024-10-11 04:48:14,377 INFO - ContAudITWrapper#83 - Command output: 
2024-10-11 04:48:13.247834620 [executor] Initializing the workflow...
[apache2_workflow] Apache HTTP Server already installed.
[apache2_workflow] UserDir module already loaded.
[apache2_workflow] Configs to UserDir already exist.
[apache2_workflow] public_html directory already exists in /home/ec2-user.
[apache2_workflow] Creating a simple webpage...
[apache2_workflow] Moving webpage to Apache HTTP Server user website folder...
[apache2_workflow] Page moved successfully!
2024-10-11 04:48:14.376687946 [executor] Finished!

2024-10-11 04:48:14,377 INFO - ContAudITWrapper#83 - Running post-command actions...
2024-10-11 04:48:14,378 INFO - ContAudITWrapper#83 - Analyzing current environment state...
2024-10-11 04:48:14,550 INFO - ContAudITWrapper#83 - Saving current environment state...
2024-10-11 04:48:14,551 INFO - ContAudITWrapper#83 - Environment state hash: a7ffc6f8bf1ed76651c14756a061d662f580ff4de43b49fa82d80a4b80f8434a
2024-10-11 04:48:14,551 INFO - ContAudITWrapper#83 - Checking environment diff...
2024-10-11 04:48:14,625 INFO - ContAudITWrapper#83 - Environment diff: 
2024-10-11 04:48:14,625 INFO - ContAudITWrapper#83 - Cleaning temporary files...
2024-10-11 04:48:14,762 INFO - ContAudITWrapper#83 - Sending to blockchain...
2024-10-11 04:48:27,250 INFO - ContAudITWrapper#83 - Response 
2024-10-11 04:48:27,251 INFO - ContAudITWrapper#83 - Finishing ContAudIT Wrapper...
