2024-10-11 04:46:15,037 INFO - ContAudITWrapper#35 - Initializing ContAudIT Wrapper...
2024-10-11 04:46:15,284 INFO - ContAudITWrapper#35 - Current directory: /home/ec2-user/Code/ufrgs-poc/contaudit-wrapper.jar
2024-10-11 04:46:40,519 INFO - ContAudITWrapper#35 - Wrapper hash: b7519188ed863d76e5199a8d880bb968bdf9124fad53b871583787e123a7a764
2024-10-11 04:46:40,678 INFO - ContAudITWrapper#35 - Validating Wrapper...
2024-10-11 04:47:48,917 INFO - ContAudITWrapper#35 - Response true
2024-10-11 04:47:48,991 INFO - ContAudITWrapper#35 - Application hash: e36ee2d35f8c4c41bd358782dfb3ac8852b40439d350ff27616f0c18819ce9bf
2024-10-11 04:47:48,993 INFO - ContAudITWrapper#35 - Validating Application...
2024-10-11 04:48:04,052 INFO - ContAudITWrapper#35 - Response true
2024-10-11 04:48:04,064 INFO - ContAudITWrapper#35 - Artifact apache2.workflow hash: bdb4cee855e21446b6ae53ddcb76a1632ef8c4545b5db0517e01ffd552157f6e
2024-10-11 04:48:04,076 INFO - ContAudITWrapper#35 - Validating Artifact...
2024-10-11 04:48:16,678 INFO - ContAudITWrapper#35 - Response true
2024-10-11 04:48:16,683 INFO - ContAudITWrapper#35 - Running pre-command actions...
2024-10-11 04:48:16,686 INFO - ContAudITWrapper#35 - Analyzing current environment state...
2024-10-11 04:48:16,890 INFO - ContAudITWrapper#35 - Saving current environment state...
2024-10-11 04:48:16,891 INFO - ContAudITWrapper#35 - Environment state hash: a7ffc6f8bf1ed76651c14756a061d662f580ff4de43b49fa82d80a4b80f8434a
2024-10-11 04:48:16,891 INFO - ContAudITWrapper#35 - Executing command...
2024-10-11 04:48:18,239 INFO - ContAudITWrapper#35 - Command output: 
2024-10-11 04:48:17.011561474 [executor] Initializing the workflow...
[apache2_workflow] Apache HTTP Server already installed.
[apache2_workflow] UserDir module already loaded.
[apache2_workflow] Configs to UserDir already exist.
[apache2_workflow] public_html directory already exists in /home/ec2-user.
[apache2_workflow] Creating a simple webpage...
[apache2_workflow] Moving webpage to Apache HTTP Server user website folder...
[apache2_workflow] Page moved successfully!
2024-10-11 04:48:18.238066754 [executor] Finished!

2024-10-11 04:48:18,239 INFO - ContAudITWrapper#35 - Running post-command actions...
2024-10-11 04:48:18,239 INFO - ContAudITWrapper#35 - Analyzing current environment state...
2024-10-11 04:48:18,371 INFO - ContAudITWrapper#35 - Saving current environment state...
2024-10-11 04:48:18,371 INFO - ContAudITWrapper#35 - Environment state hash: a7ffc6f8bf1ed76651c14756a061d662f580ff4de43b49fa82d80a4b80f8434a
2024-10-11 04:48:18,371 INFO - ContAudITWrapper#35 - Checking environment diff...
2024-10-11 04:48:18,466 INFO - ContAudITWrapper#35 - Environment diff: 
2024-10-11 04:48:18,466 INFO - ContAudITWrapper#35 - Cleaning temporary files...
2024-10-11 04:48:18,518 INFO - ContAudITWrapper#35 - Sending to blockchain...
2024-10-11 04:48:32,047 INFO - ContAudITWrapper#35 - Response 
2024-10-11 04:48:32,048 INFO - ContAudITWrapper#35 - Finishing ContAudIT Wrapper...
