2024-10-11 04:46:16,283 INFO - ContAudITWrapper#42 - Initializing ContAudIT Wrapper...
2024-10-11 04:46:16,514 INFO - ContAudITWrapper#42 - Current directory: /home/ec2-user/Code/ufrgs-poc/contaudit-wrapper.jar
2024-10-11 04:46:42,184 INFO - ContAudITWrapper#42 - Wrapper hash: b7519188ed863d76e5199a8d880bb968bdf9124fad53b871583787e123a7a764
2024-10-11 04:46:42,246 INFO - ContAudITWrapper#42 - Validating Wrapper...
2024-10-11 04:47:52,859 INFO - ContAudITWrapper#42 - Response true
2024-10-11 04:47:52,905 INFO - ContAudITWrapper#42 - Application hash: e36ee2d35f8c4c41bd358782dfb3ac8852b40439d350ff27616f0c18819ce9bf
2024-10-11 04:47:52,906 INFO - ContAudITWrapper#42 - Validating Application...
2024-10-11 04:48:06,309 INFO - ContAudITWrapper#42 - Response true
2024-10-11 04:48:06,323 INFO - ContAudITWrapper#42 - Artifact apache2.workflow hash: bdb4cee855e21446b6ae53ddcb76a1632ef8c4545b5db0517e01ffd552157f6e
2024-10-11 04:48:06,404 INFO - ContAudITWrapper#42 - Validating Artifact...
2024-10-11 04:48:20,235 INFO - ContAudITWrapper#42 - Response true
2024-10-11 04:48:20,244 INFO - ContAudITWrapper#42 - Running pre-command actions...
2024-10-11 04:48:20,245 INFO - ContAudITWrapper#42 - Analyzing current environment state...
2024-10-11 04:48:20,461 INFO - ContAudITWrapper#42 - Saving current environment state...
2024-10-11 04:48:20,462 INFO - ContAudITWrapper#42 - Environment state hash: a7ffc6f8bf1ed76651c14756a061d662f580ff4de43b49fa82d80a4b80f8434a
2024-10-11 04:48:20,462 INFO - ContAudITWrapper#42 - Executing command...
2024-10-11 04:48:22,019 INFO - ContAudITWrapper#42 - Command output: 
2024-10-11 04:48:20.610207211 [executor] Initializing the workflow...
[apache2_workflow] Apache HTTP Server already installed.
[apache2_workflow] UserDir module already loaded.
[apache2_workflow] Configs to UserDir already exist.
[apache2_workflow] public_html directory already exists in /home/ec2-user.
[apache2_workflow] Creating a simple webpage...
[apache2_workflow] Moving webpage to Apache HTTP Server user website folder...
[apache2_workflow] Page moved successfully!
2024-10-11 04:48:22.018462442 [executor] Finished!

2024-10-11 04:48:22,019 INFO - ContAudITWrapper#42 - Running post-command actions...
2024-10-11 04:48:22,020 INFO - ContAudITWrapper#42 - Analyzing current environment state...
2024-10-11 04:48:22,134 INFO - ContAudITWrapper#42 - Saving current environment state...
2024-10-11 04:48:22,135 INFO - ContAudITWrapper#42 - Environment state hash: a7ffc6f8bf1ed76651c14756a061d662f580ff4de43b49fa82d80a4b80f8434a
2024-10-11 04:48:22,135 INFO - ContAudITWrapper#42 - Checking environment diff...
2024-10-11 04:48:22,248 INFO - ContAudITWrapper#42 - Environment diff: 
2024-10-11 04:48:22,248 INFO - ContAudITWrapper#42 - Cleaning temporary files...
2024-10-11 04:48:22,327 INFO - ContAudITWrapper#42 - Sending to blockchain...
2024-10-11 04:48:32,101 INFO - ContAudITWrapper#42 - Response 
2024-10-11 04:48:32,103 INFO - ContAudITWrapper#42 - Finishing ContAudIT Wrapper...
