2024-10-11 04:46:14,904 INFO - ContAudITWrapper#92 - Initializing ContAudIT Wrapper...
2024-10-11 04:46:14,936 INFO - ContAudITWrapper#92 - Current directory: /home/ec2-user/Code/ufrgs-poc/contaudit-wrapper.jar
2024-10-11 04:46:36,059 INFO - ContAudITWrapper#92 - Wrapper hash: b7519188ed863d76e5199a8d880bb968bdf9124fad53b871583787e123a7a764
2024-10-11 04:46:36,174 INFO - ContAudITWrapper#92 - Validating Wrapper...
2024-10-11 04:47:43,287 INFO - ContAudITWrapper#92 - Response true
2024-10-11 04:47:43,531 INFO - ContAudITWrapper#92 - Application hash: e36ee2d35f8c4c41bd358782dfb3ac8852b40439d350ff27616f0c18819ce9bf
2024-10-11 04:47:43,533 INFO - ContAudITWrapper#92 - Validating Application...
2024-10-11 04:47:55,446 INFO - ContAudITWrapper#92 - Response true
2024-10-11 04:47:55,449 INFO - ContAudITWrapper#92 - Artifact apache2.workflow hash: bdb4cee855e21446b6ae53ddcb76a1632ef8c4545b5db0517e01ffd552157f6e
2024-10-11 04:47:55,504 INFO - ContAudITWrapper#92 - Validating Artifact...
2024-10-11 04:48:08,275 INFO - ContAudITWrapper#92 - Response true
2024-10-11 04:48:08,285 INFO - ContAudITWrapper#92 - Running pre-command actions...
2024-10-11 04:48:08,286 INFO - ContAudITWrapper#92 - Analyzing current environment state...
2024-10-11 04:48:08,521 INFO - ContAudITWrapper#92 - Saving current environment state...
2024-10-11 04:48:08,522 INFO - ContAudITWrapper#92 - Environment state hash: a7ffc6f8bf1ed76651c14756a061d662f580ff4de43b49fa82d80a4b80f8434a
2024-10-11 04:48:08,522 INFO - ContAudITWrapper#92 - Executing command...
2024-10-11 04:48:10,158 INFO - ContAudITWrapper#92 - Command output: 
2024-10-11 04:48:08.637713997 [executor] Initializing the workflow...
[apache2_workflow] Apache HTTP Server already installed.
[apache2_workflow] UserDir module already loaded.
[apache2_workflow] Configs to UserDir already exist.
[apache2_workflow] public_html directory already exists in /home/ec2-user.
[apache2_workflow] Creating a simple webpage...
[apache2_workflow] Moving webpage to Apache HTTP Server user website folder...
[apache2_workflow] Page moved successfully!
2024-10-11 04:48:10.156356175 [executor] Finished!

2024-10-11 04:48:10,158 INFO - ContAudITWrapper#92 - Running post-command actions...
2024-10-11 04:48:10,158 INFO - ContAudITWrapper#92 - Analyzing current environment state...
2024-10-11 04:48:10,305 INFO - ContAudITWrapper#92 - Saving current environment state...
2024-10-11 04:48:10,306 INFO - ContAudITWrapper#92 - Environment state hash: a7ffc6f8bf1ed76651c14756a061d662f580ff4de43b49fa82d80a4b80f8434a
2024-10-11 04:48:10,306 INFO - ContAudITWrapper#92 - Checking environment diff...
2024-10-11 04:48:10,429 INFO - ContAudITWrapper#92 - Environment diff: 
2024-10-11 04:48:10,429 INFO - ContAudITWrapper#92 - Cleaning temporary files...
2024-10-11 04:48:10,489 INFO - ContAudITWrapper#92 - Sending to blockchain...
2024-10-11 04:48:25,551 INFO - ContAudITWrapper#92 - Response 
2024-10-11 04:48:25,553 INFO - ContAudITWrapper#92 - Finishing ContAudIT Wrapper...
