2024-10-11 04:46:16,215 INFO - ContAudITWrapper#94 - Initializing ContAudIT Wrapper...
2024-10-11 04:46:16,396 INFO - ContAudITWrapper#94 - Current directory: /home/ec2-user/Code/ufrgs-poc/contaudit-wrapper.jar
2024-10-11 04:46:41,670 INFO - ContAudITWrapper#94 - Wrapper hash: b7519188ed863d76e5199a8d880bb968bdf9124fad53b871583787e123a7a764
2024-10-11 04:46:41,744 INFO - ContAudITWrapper#94 - Validating Wrapper...
2024-10-11 04:47:51,070 INFO - ContAudITWrapper#94 - Response true
2024-10-11 04:47:51,084 INFO - ContAudITWrapper#94 - Application hash: e36ee2d35f8c4c41bd358782dfb3ac8852b40439d350ff27616f0c18819ce9bf
2024-10-11 04:47:51,085 INFO - ContAudITWrapper#94 - Validating Application...
2024-10-11 04:48:05,806 INFO - ContAudITWrapper#94 - Response true
2024-10-11 04:48:05,818 INFO - ContAudITWrapper#94 - Artifact apache2.workflow hash: bdb4cee855e21446b6ae53ddcb76a1632ef8c4545b5db0517e01ffd552157f6e
2024-10-11 04:48:05,925 INFO - ContAudITWrapper#94 - Validating Artifact...
2024-10-11 04:48:16,040 INFO - ContAudITWrapper#94 - Response true
2024-10-11 04:48:16,043 INFO - ContAudITWrapper#94 - Running pre-command actions...
2024-10-11 04:48:16,044 INFO - ContAudITWrapper#94 - Analyzing current environment state...
2024-10-11 04:48:16,209 INFO - ContAudITWrapper#94 - Saving current environment state...
2024-10-11 04:48:16,210 INFO - ContAudITWrapper#94 - Environment state hash: a7ffc6f8bf1ed76651c14756a061d662f580ff4de43b49fa82d80a4b80f8434a
2024-10-11 04:48:16,210 INFO - ContAudITWrapper#94 - Executing command...
2024-10-11 04:48:17,661 INFO - ContAudITWrapper#94 - Command output: 
2024-10-11 04:48:16.329802866 [executor] Initializing the workflow...
[apache2_workflow] Apache HTTP Server already installed.
[apache2_workflow] UserDir module already loaded.
[apache2_workflow] Configs to UserDir already exist.
[apache2_workflow] public_html directory already exists in /home/ec2-user.
[apache2_workflow] Creating a simple webpage...
[apache2_workflow] Moving webpage to Apache HTTP Server user website folder...
[apache2_workflow] Page moved successfully!
2024-10-11 04:48:17.660474144 [executor] Finished!

2024-10-11 04:48:17,661 INFO - ContAudITWrapper#94 - Running post-command actions...
2024-10-11 04:48:17,662 INFO - ContAudITWrapper#94 - Analyzing current environment state...
2024-10-11 04:48:17,804 INFO - ContAudITWrapper#94 - Saving current environment state...
2024-10-11 04:48:17,804 INFO - ContAudITWrapper#94 - Environment state hash: a7ffc6f8bf1ed76651c14756a061d662f580ff4de43b49fa82d80a4b80f8434a
2024-10-11 04:48:17,804 INFO - ContAudITWrapper#94 - Checking environment diff...
2024-10-11 04:48:17,954 INFO - ContAudITWrapper#94 - Environment diff: 
2024-10-11 04:48:17,955 INFO - ContAudITWrapper#94 - Cleaning temporary files...
2024-10-11 04:48:18,050 INFO - ContAudITWrapper#94 - Sending to blockchain...
2024-10-11 04:48:31,541 INFO - ContAudITWrapper#94 - Response 
2024-10-11 04:48:31,543 INFO - ContAudITWrapper#94 - Finishing ContAudIT Wrapper...
