2024-10-11 04:46:15,929 INFO - ContAudITWrapper#56 - Initializing ContAudIT Wrapper...
2024-10-11 04:46:16,199 INFO - ContAudITWrapper#56 - Current directory: /home/ec2-user/Code/ufrgs-poc/contaudit-wrapper.jar
2024-10-11 04:46:43,573 INFO - ContAudITWrapper#56 - Wrapper hash: b7519188ed863d76e5199a8d880bb968bdf9124fad53b871583787e123a7a764
2024-10-11 04:46:43,681 INFO - ContAudITWrapper#56 - Validating Wrapper...
2024-10-11 04:47:55,878 INFO - ContAudITWrapper#56 - Response true
2024-10-11 04:47:56,108 INFO - ContAudITWrapper#56 - Application hash: e36ee2d35f8c4c41bd358782dfb3ac8852b40439d350ff27616f0c18819ce9bf
2024-10-11 04:47:56,109 INFO - ContAudITWrapper#56 - Validating Application...
2024-10-11 04:48:09,857 INFO - ContAudITWrapper#56 - Response true
2024-10-11 04:48:09,866 INFO - ContAudITWrapper#56 - Artifact apache2.workflow hash: bdb4cee855e21446b6ae53ddcb76a1632ef8c4545b5db0517e01ffd552157f6e
2024-10-11 04:48:09,970 INFO - ContAudITWrapper#56 - Validating Artifact...
2024-10-11 04:48:18,347 INFO - ContAudITWrapper#56 - Response true
2024-10-11 04:48:18,353 INFO - ContAudITWrapper#56 - Running pre-command actions...
2024-10-11 04:48:18,359 INFO - ContAudITWrapper#56 - Analyzing current environment state...
2024-10-11 04:48:18,608 INFO - ContAudITWrapper#56 - Saving current environment state...
2024-10-11 04:48:18,609 INFO - ContAudITWrapper#56 - Environment state hash: a7ffc6f8bf1ed76651c14756a061d662f580ff4de43b49fa82d80a4b80f8434a
2024-10-11 04:48:18,610 INFO - ContAudITWrapper#56 - Executing command...
2024-10-11 04:48:19,557 INFO - ContAudITWrapper#56 - Command output: 
2024-10-11 04:48:18.678879547 [executor] Initializing the workflow...
[apache2_workflow] Apache HTTP Server already installed.
[apache2_workflow] UserDir module already loaded.
[apache2_workflow] Configs to UserDir already exist.
[apache2_workflow] public_html directory already exists in /home/ec2-user.
[apache2_workflow] Creating a simple webpage...
[apache2_workflow] Moving webpage to Apache HTTP Server user website folder...
[apache2_workflow] Page moved successfully!
2024-10-11 04:48:19.556118582 [executor] Finished!

2024-10-11 04:48:19,557 INFO - ContAudITWrapper#56 - Running post-command actions...
2024-10-11 04:48:19,557 INFO - ContAudITWrapper#56 - Analyzing current environment state...
2024-10-11 04:48:19,675 INFO - ContAudITWrapper#56 - Saving current environment state...
2024-10-11 04:48:19,676 INFO - ContAudITWrapper#56 - Environment state hash: a7ffc6f8bf1ed76651c14756a061d662f580ff4de43b49fa82d80a4b80f8434a
2024-10-11 04:48:19,676 INFO - ContAudITWrapper#56 - Checking environment diff...
2024-10-11 04:48:19,765 INFO - ContAudITWrapper#56 - Environment diff: 
2024-10-11 04:48:19,765 INFO - ContAudITWrapper#56 - Cleaning temporary files...
2024-10-11 04:48:19,777 INFO - ContAudITWrapper#56 - Sending to blockchain...
2024-10-11 04:48:31,030 INFO - ContAudITWrapper#56 - Response 
2024-10-11 04:48:31,037 INFO - ContAudITWrapper#56 - Finishing ContAudIT Wrapper...
