2024-10-11 04:46:16,185 INFO - ContAudITWrapper#6 - Initializing ContAudIT Wrapper...
2024-10-11 04:46:16,359 INFO - ContAudITWrapper#6 - Current directory: /home/ec2-user/Code/ufrgs-poc/contaudit-wrapper.jar
2024-10-11 04:46:43,176 INFO - ContAudITWrapper#6 - Wrapper hash: b7519188ed863d76e5199a8d880bb968bdf9124fad53b871583787e123a7a764
2024-10-11 04:46:43,328 INFO - ContAudITWrapper#6 - Validating Wrapper...
2024-10-11 04:47:53,107 INFO - ContAudITWrapper#6 - Response true
2024-10-11 04:47:53,311 INFO - ContAudITWrapper#6 - Application hash: e36ee2d35f8c4c41bd358782dfb3ac8852b40439d350ff27616f0c18819ce9bf
2024-10-11 04:47:53,312 INFO - ContAudITWrapper#6 - Validating Application...
2024-10-11 04:48:06,032 INFO - ContAudITWrapper#6 - Response true
2024-10-11 04:48:06,037 INFO - ContAudITWrapper#6 - Artifact apache2.workflow hash: bdb4cee855e21446b6ae53ddcb76a1632ef8c4545b5db0517e01ffd552157f6e
2024-10-11 04:48:06,045 INFO - ContAudITWrapper#6 - Validating Artifact...
2024-10-11 04:48:19,410 INFO - ContAudITWrapper#6 - Response true
2024-10-11 04:48:19,416 INFO - ContAudITWrapper#6 - Running pre-command actions...
2024-10-11 04:48:19,418 INFO - ContAudITWrapper#6 - Analyzing current environment state...
2024-10-11 04:48:19,733 INFO - ContAudITWrapper#6 - Saving current environment state...
2024-10-11 04:48:19,734 INFO - ContAudITWrapper#6 - Environment state hash: a7ffc6f8bf1ed76651c14756a061d662f580ff4de43b49fa82d80a4b80f8434a
2024-10-11 04:48:19,734 INFO - ContAudITWrapper#6 - Executing command...
2024-10-11 04:48:21,570 INFO - ContAudITWrapper#6 - Command output: 
2024-10-11 04:48:20.049891455 [executor] Initializing the workflow...
[apache2_workflow] Apache HTTP Server already installed.
[apache2_workflow] UserDir module already loaded.
[apache2_workflow] Configs to UserDir already exist.
[apache2_workflow] public_html directory already exists in /home/ec2-user.
[apache2_workflow] Creating a simple webpage...
[apache2_workflow] Moving webpage to Apache HTTP Server user website folder...
[apache2_workflow] Page moved successfully!
2024-10-11 04:48:21.569752160 [executor] Finished!

2024-10-11 04:48:21,571 INFO - ContAudITWrapper#6 - Running post-command actions...
2024-10-11 04:48:21,571 INFO - ContAudITWrapper#6 - Analyzing current environment state...
2024-10-11 04:48:21,681 INFO - ContAudITWrapper#6 - Saving current environment state...
2024-10-11 04:48:21,682 INFO - ContAudITWrapper#6 - Environment state hash: a7ffc6f8bf1ed76651c14756a061d662f580ff4de43b49fa82d80a4b80f8434a
2024-10-11 04:48:21,682 INFO - ContAudITWrapper#6 - Checking environment diff...
2024-10-11 04:48:21,715 INFO - ContAudITWrapper#6 - Environment diff: 
2024-10-11 04:48:21,715 INFO - ContAudITWrapper#6 - Cleaning temporary files...
2024-10-11 04:48:21,878 INFO - ContAudITWrapper#6 - Sending to blockchain...
2024-10-11 04:48:31,911 INFO - ContAudITWrapper#6 - Response 
2024-10-11 04:48:31,914 INFO - ContAudITWrapper#6 - Finishing ContAudIT Wrapper...
