2024-10-11 04:46:14,404 INFO - ContAudITWrapper#45 - Initializing ContAudIT Wrapper...
2024-10-11 04:46:14,660 INFO - ContAudITWrapper#45 - Current directory: /home/ec2-user/Code/ufrgs-poc/contaudit-wrapper.jar
2024-10-11 04:46:40,983 INFO - ContAudITWrapper#45 - Wrapper hash: b7519188ed863d76e5199a8d880bb968bdf9124fad53b871583787e123a7a764
2024-10-11 04:46:41,057 INFO - ContAudITWrapper#45 - Validating Wrapper...
2024-10-11 04:47:52,666 INFO - ContAudITWrapper#45 - Response true
2024-10-11 04:47:52,919 INFO - ContAudITWrapper#45 - Application hash: e36ee2d35f8c4c41bd358782dfb3ac8852b40439d350ff27616f0c18819ce9bf
2024-10-11 04:47:52,941 INFO - ContAudITWrapper#45 - Validating Application...
2024-10-11 04:48:07,366 INFO - ContAudITWrapper#45 - Response true
2024-10-11 04:48:07,377 INFO - ContAudITWrapper#45 - Artifact apache2.workflow hash: bdb4cee855e21446b6ae53ddcb76a1632ef8c4545b5db0517e01ffd552157f6e
2024-10-11 04:48:07,424 INFO - ContAudITWrapper#45 - Validating Artifact...
2024-10-11 04:48:21,177 INFO - ContAudITWrapper#45 - Response true
2024-10-11 04:48:21,260 INFO - ContAudITWrapper#45 - Running pre-command actions...
2024-10-11 04:48:21,262 INFO - ContAudITWrapper#45 - Analyzing current environment state...
2024-10-11 04:48:21,421 INFO - ContAudITWrapper#45 - Saving current environment state...
2024-10-11 04:48:21,422 INFO - ContAudITWrapper#45 - Environment state hash: a7ffc6f8bf1ed76651c14756a061d662f580ff4de43b49fa82d80a4b80f8434a
2024-10-11 04:48:21,422 INFO - ContAudITWrapper#45 - Executing command...
2024-10-11 04:48:23,156 INFO - ContAudITWrapper#45 - Command output: 
2024-10-11 04:48:21.541437218 [executor] Initializing the workflow...
[apache2_workflow] Apache HTTP Server already installed.
[apache2_workflow] UserDir module already loaded.
[apache2_workflow] Configs to UserDir already exist.
[apache2_workflow] public_html directory already exists in /home/ec2-user.
[apache2_workflow] Creating a simple webpage...
[apache2_workflow] Moving webpage to Apache HTTP Server user website folder...
[apache2_workflow] Page moved successfully!
2024-10-11 04:48:23.153937447 [executor] Finished!

2024-10-11 04:48:23,156 INFO - ContAudITWrapper#45 - Running post-command actions...
2024-10-11 04:48:23,156 INFO - ContAudITWrapper#45 - Analyzing current environment state...
2024-10-11 04:48:23,293 INFO - ContAudITWrapper#45 - Saving current environment state...
2024-10-11 04:48:23,294 INFO - ContAudITWrapper#45 - Environment state hash: a7ffc6f8bf1ed76651c14756a061d662f580ff4de43b49fa82d80a4b80f8434a
2024-10-11 04:48:23,294 INFO - ContAudITWrapper#45 - Checking environment diff...
2024-10-11 04:48:23,348 INFO - ContAudITWrapper#45 - Environment diff: 
2024-10-11 04:48:23,349 INFO - ContAudITWrapper#45 - Cleaning temporary files...
2024-10-11 04:48:23,516 INFO - ContAudITWrapper#45 - Sending to blockchain...
2024-10-11 04:48:31,851 INFO - ContAudITWrapper#45 - Response 
2024-10-11 04:48:31,853 INFO - ContAudITWrapper#45 - Finishing ContAudIT Wrapper...
