2024-10-11 04:46:16,269 INFO - ContAudITWrapper#48 - Initializing ContAudIT Wrapper...
2024-10-11 04:46:16,589 INFO - ContAudITWrapper#48 - Current directory: /home/ec2-user/Code/ufrgs-poc/contaudit-wrapper.jar
2024-10-11 04:46:44,468 INFO - ContAudITWrapper#48 - Wrapper hash: b7519188ed863d76e5199a8d880bb968bdf9124fad53b871583787e123a7a764
2024-10-11 04:46:44,476 INFO - ContAudITWrapper#48 - Validating Wrapper...
2024-10-11 04:47:53,895 INFO - ContAudITWrapper#48 - Response true
2024-10-11 04:47:53,931 INFO - ContAudITWrapper#48 - Application hash: e36ee2d35f8c4c41bd358782dfb3ac8852b40439d350ff27616f0c18819ce9bf
2024-10-11 04:47:53,933 INFO - ContAudITWrapper#48 - Validating Application...
2024-10-11 04:48:07,754 INFO - ContAudITWrapper#48 - Response true
2024-10-11 04:48:07,774 INFO - ContAudITWrapper#48 - Artifact apache2.workflow hash: bdb4cee855e21446b6ae53ddcb76a1632ef8c4545b5db0517e01ffd552157f6e
2024-10-11 04:48:07,803 INFO - ContAudITWrapper#48 - Validating Artifact...
2024-10-11 04:48:21,116 INFO - ContAudITWrapper#48 - Response true
2024-10-11 04:48:21,128 INFO - ContAudITWrapper#48 - Running pre-command actions...
2024-10-11 04:48:21,129 INFO - ContAudITWrapper#48 - Analyzing current environment state...
2024-10-11 04:48:21,260 INFO - ContAudITWrapper#48 - Saving current environment state...
2024-10-11 04:48:21,262 INFO - ContAudITWrapper#48 - Environment state hash: a7ffc6f8bf1ed76651c14756a061d662f580ff4de43b49fa82d80a4b80f8434a
2024-10-11 04:48:21,262 INFO - ContAudITWrapper#48 - Executing command...
2024-10-11 04:48:22,836 INFO - ContAudITWrapper#48 - Command output: 
2024-10-11 04:48:21.438203589 [executor] Initializing the workflow...
[apache2_workflow] Apache HTTP Server already installed.
[apache2_workflow] UserDir module already loaded.
[apache2_workflow] Configs to UserDir already exist.
[apache2_workflow] public_html directory already exists in /home/ec2-user.
[apache2_workflow] Creating a simple webpage...
[apache2_workflow] Moving webpage to Apache HTTP Server user website folder...
[apache2_workflow] Page moved successfully!
2024-10-11 04:48:22.835803151 [executor] Finished!

2024-10-11 04:48:22,837 INFO - ContAudITWrapper#48 - Running post-command actions...
2024-10-11 04:48:22,837 INFO - ContAudITWrapper#48 - Analyzing current environment state...
2024-10-11 04:48:23,128 INFO - ContAudITWrapper#48 - Saving current environment state...
2024-10-11 04:48:23,129 INFO - ContAudITWrapper#48 - Environment state hash: a7ffc6f8bf1ed76651c14756a061d662f580ff4de43b49fa82d80a4b80f8434a
2024-10-11 04:48:23,130 INFO - ContAudITWrapper#48 - Checking environment diff...
2024-10-11 04:48:23,142 INFO - ContAudITWrapper#48 - Environment diff: 
2024-10-11 04:48:23,142 INFO - ContAudITWrapper#48 - Cleaning temporary files...
2024-10-11 04:48:23,166 INFO - ContAudITWrapper#48 - Sending to blockchain...
2024-10-11 04:48:32,099 INFO - ContAudITWrapper#48 - Response 
2024-10-11 04:48:32,100 INFO - ContAudITWrapper#48 - Finishing ContAudIT Wrapper...
