2024-10-11 04:46:16,788 INFO - ContAudITWrapper#73 - Initializing ContAudIT Wrapper...
2024-10-11 04:46:16,959 INFO - ContAudITWrapper#73 - Current directory: /home/ec2-user/Code/ufrgs-poc/contaudit-wrapper.jar
2024-10-11 04:46:38,419 INFO - ContAudITWrapper#73 - Wrapper hash: b7519188ed863d76e5199a8d880bb968bdf9124fad53b871583787e123a7a764
2024-10-11 04:46:38,528 INFO - ContAudITWrapper#73 - Validating Wrapper...
2024-10-11 04:47:41,866 INFO - ContAudITWrapper#73 - Response true
2024-10-11 04:47:42,035 INFO - ContAudITWrapper#73 - Application hash: e36ee2d35f8c4c41bd358782dfb3ac8852b40439d350ff27616f0c18819ce9bf
2024-10-11 04:47:42,036 INFO - ContAudITWrapper#73 - Validating Application...
2024-10-11 04:47:59,195 INFO - ContAudITWrapper#73 - Response true
2024-10-11 04:47:59,210 INFO - ContAudITWrapper#73 - Artifact apache2.workflow hash: bdb4cee855e21446b6ae53ddcb76a1632ef8c4545b5db0517e01ffd552157f6e
2024-10-11 04:47:59,275 INFO - ContAudITWrapper#73 - Validating Artifact...
2024-10-11 04:48:13,760 INFO - ContAudITWrapper#73 - Response true
2024-10-11 04:48:13,810 INFO - ContAudITWrapper#73 - Running pre-command actions...
2024-10-11 04:48:13,811 INFO - ContAudITWrapper#73 - Analyzing current environment state...
2024-10-11 04:48:14,077 INFO - ContAudITWrapper#73 - Saving current environment state...
2024-10-11 04:48:14,078 INFO - ContAudITWrapper#73 - Environment state hash: a7ffc6f8bf1ed76651c14756a061d662f580ff4de43b49fa82d80a4b80f8434a
2024-10-11 04:48:14,079 INFO - ContAudITWrapper#73 - Executing command...
2024-10-11 04:48:15,146 INFO - ContAudITWrapper#73 - Command output: 
2024-10-11 04:48:14.316909690 [executor] Initializing the workflow...
[apache2_workflow] Apache HTTP Server already installed.
[apache2_workflow] UserDir module already loaded.
[apache2_workflow] Configs to UserDir already exist.
[apache2_workflow] public_html directory already exists in /home/ec2-user.
[apache2_workflow] Creating a simple webpage...
[apache2_workflow] Moving webpage to Apache HTTP Server user website folder...
[apache2_workflow] Page moved successfully!
2024-10-11 04:48:15.145579650 [executor] Finished!

2024-10-11 04:48:15,146 INFO - ContAudITWrapper#73 - Running post-command actions...
2024-10-11 04:48:15,147 INFO - ContAudITWrapper#73 - Analyzing current environment state...
2024-10-11 04:48:15,303 INFO - ContAudITWrapper#73 - Saving current environment state...
2024-10-11 04:48:15,304 INFO - ContAudITWrapper#73 - Environment state hash: a7ffc6f8bf1ed76651c14756a061d662f580ff4de43b49fa82d80a4b80f8434a
2024-10-11 04:48:15,305 INFO - ContAudITWrapper#73 - Checking environment diff...
2024-10-11 04:48:15,388 INFO - ContAudITWrapper#73 - Environment diff: 
2024-10-11 04:48:15,389 INFO - ContAudITWrapper#73 - Cleaning temporary files...
2024-10-11 04:48:15,481 INFO - ContAudITWrapper#73 - Sending to blockchain...
2024-10-11 04:48:30,343 INFO - ContAudITWrapper#73 - Response 
2024-10-11 04:48:30,345 INFO - ContAudITWrapper#73 - Finishing ContAudIT Wrapper...
