2024-10-11 04:46:16,145 INFO - ContAudITWrapper#71 - Initializing ContAudIT Wrapper...
2024-10-11 04:46:16,471 INFO - ContAudITWrapper#71 - Current directory: /home/ec2-user/Code/ufrgs-poc/contaudit-wrapper.jar
2024-10-11 04:46:40,020 INFO - ContAudITWrapper#71 - Wrapper hash: b7519188ed863d76e5199a8d880bb968bdf9124fad53b871583787e123a7a764
2024-10-11 04:46:40,067 INFO - ContAudITWrapper#71 - Validating Wrapper...
2024-10-11 04:47:50,017 INFO - ContAudITWrapper#71 - Response true
2024-10-11 04:47:50,277 INFO - ContAudITWrapper#71 - Application hash: e36ee2d35f8c4c41bd358782dfb3ac8852b40439d350ff27616f0c18819ce9bf
2024-10-11 04:47:50,343 INFO - ContAudITWrapper#71 - Validating Application...
2024-10-11 04:48:05,018 INFO - ContAudITWrapper#71 - Response true
2024-10-11 04:48:05,041 INFO - ContAudITWrapper#71 - Artifact apache2.workflow hash: bdb4cee855e21446b6ae53ddcb76a1632ef8c4545b5db0517e01ffd552157f6e
2024-10-11 04:48:05,075 INFO - ContAudITWrapper#71 - Validating Artifact...
2024-10-11 04:48:18,910 INFO - ContAudITWrapper#71 - Response true
2024-10-11 04:48:18,914 INFO - ContAudITWrapper#71 - Running pre-command actions...
2024-10-11 04:48:18,920 INFO - ContAudITWrapper#71 - Analyzing current environment state...
2024-10-11 04:48:19,104 INFO - ContAudITWrapper#71 - Saving current environment state...
2024-10-11 04:48:19,105 INFO - ContAudITWrapper#71 - Environment state hash: a7ffc6f8bf1ed76651c14756a061d662f580ff4de43b49fa82d80a4b80f8434a
2024-10-11 04:48:19,106 INFO - ContAudITWrapper#71 - Executing command...
2024-10-11 04:48:20,497 INFO - ContAudITWrapper#71 - Command output: 
2024-10-11 04:48:19.313937462 [executor] Initializing the workflow...
[apache2_workflow] Apache HTTP Server already installed.
[apache2_workflow] UserDir module already loaded.
[apache2_workflow] Configs to UserDir already exist.
[apache2_workflow] public_html directory already exists in /home/ec2-user.
[apache2_workflow] Creating a simple webpage...
[apache2_workflow] Moving webpage to Apache HTTP Server user website folder...
[apache2_workflow] Page moved successfully!
2024-10-11 04:48:20.496822617 [executor] Finished!

2024-10-11 04:48:20,498 INFO - ContAudITWrapper#71 - Running post-command actions...
2024-10-11 04:48:20,498 INFO - ContAudITWrapper#71 - Analyzing current environment state...
2024-10-11 04:48:20,710 INFO - ContAudITWrapper#71 - Saving current environment state...
2024-10-11 04:48:20,713 INFO - ContAudITWrapper#71 - Environment state hash: a7ffc6f8bf1ed76651c14756a061d662f580ff4de43b49fa82d80a4b80f8434a
2024-10-11 04:48:20,713 INFO - ContAudITWrapper#71 - Checking environment diff...
2024-10-11 04:48:20,797 INFO - ContAudITWrapper#71 - Environment diff: 
2024-10-11 04:48:20,797 INFO - ContAudITWrapper#71 - Cleaning temporary files...
2024-10-11 04:48:20,881 INFO - ContAudITWrapper#71 - Sending to blockchain...
2024-10-11 04:48:31,730 INFO - ContAudITWrapper#71 - Response 
2024-10-11 04:48:31,732 INFO - ContAudITWrapper#71 - Finishing ContAudIT Wrapper...
