2024-10-10 03:28:50,387 INFO - ContAudITWrapper#16 - Initializing ContAudIT Wrapper...
2024-10-10 03:28:50,488 INFO - ContAudITWrapper#16 - Current directory: /home/ec2-user/Code/ufrgs-poc/contaudit-wrapper.jar
2024-10-10 03:29:00,262 INFO - ContAudITWrapper#16 - Wrapper hash: b7519188ed863d76e5199a8d880bb968bdf9124fad53b871583787e123a7a764
2024-10-10 03:29:00,298 INFO - ContAudITWrapper#16 - Validating Wrapper...
2024-10-10 03:29:29,650 INFO - ContAudITWrapper#16 - Response true
2024-10-10 03:29:29,690 INFO - ContAudITWrapper#16 - Application hash: e36ee2d35f8c4c41bd358782dfb3ac8852b40439d350ff27616f0c18819ce9bf
2024-10-10 03:29:29,693 INFO - ContAudITWrapper#16 - Validating Application...
2024-10-10 03:29:35,656 INFO - ContAudITWrapper#16 - Response true
2024-10-10 03:29:35,660 INFO - ContAudITWrapper#16 - Artifact user.workflow hash: 52877374d8c54314b7af92814eaf729121e99a87e9706a2888cd9bcd951b11c9
2024-10-10 03:29:35,672 INFO - ContAudITWrapper#16 - Validating Artifact...
2024-10-10 03:29:41,003 INFO - ContAudITWrapper#16 - Response true
2024-10-10 03:29:41,034 INFO - ContAudITWrapper#16 - Running pre-command actions...
2024-10-10 03:29:41,039 INFO - ContAudITWrapper#16 - Analyzing current environment state...
2024-10-10 03:29:41,115 INFO - ContAudITWrapper#16 - Saving current environment state...
2024-10-10 03:29:41,116 INFO - ContAudITWrapper#16 - Environment state hash: a7ffc6f8bf1ed76651c14756a061d662f580ff4de43b49fa82d80a4b80f8434a
2024-10-10 03:29:41,116 INFO - ContAudITWrapper#16 - Executing command...
2024-10-10 03:29:45,577 INFO - ContAudITWrapper#16 - Command output: 
2024-10-10 03:29:41.210918026 [executor] Initializing the workflow...
[useradd_workflow] User contaudit16 already exists. Removing...
[useradd_workflow] User contaudit16 successfully removed.
[useradd_workflow] User contaudit16 created successfully.
2024-10-10 03:29:45.576917500 [executor] Finished!

2024-10-10 03:29:45,578 INFO - ContAudITWrapper#16 - Running post-command actions...
2024-10-10 03:29:45,578 INFO - ContAudITWrapper#16 - Analyzing current environment state...
2024-10-10 03:29:45,624 INFO - ContAudITWrapper#16 - Saving current environment state...
2024-10-10 03:29:45,625 INFO - ContAudITWrapper#16 - Environment state hash: a7ffc6f8bf1ed76651c14756a061d662f580ff4de43b49fa82d80a4b80f8434a
2024-10-10 03:29:45,625 INFO - ContAudITWrapper#16 - Checking environment diff...
2024-10-10 03:29:45,649 INFO - ContAudITWrapper#16 - Environment diff: 
2024-10-10 03:29:45,649 INFO - ContAudITWrapper#16 - Cleaning temporary files...
2024-10-10 03:29:45,661 INFO - ContAudITWrapper#16 - Sending to blockchain...
2024-10-10 03:29:48,396 INFO - ContAudITWrapper#16 - Response 
2024-10-10 03:29:48,397 INFO - ContAudITWrapper#16 - Finishing ContAudIT Wrapper...
