2024-10-10 03:28:50,508 INFO - ContAudITWrapper#35 - Initializing ContAudIT Wrapper...
2024-10-10 03:28:50,603 INFO - ContAudITWrapper#35 - Current directory: /home/ec2-user/Code/ufrgs-poc/contaudit-wrapper.jar
2024-10-10 03:29:00,761 INFO - ContAudITWrapper#35 - Wrapper hash: b7519188ed863d76e5199a8d880bb968bdf9124fad53b871583787e123a7a764
2024-10-10 03:29:00,770 INFO - ContAudITWrapper#35 - Validating Wrapper...
2024-10-10 03:29:30,314 INFO - ContAudITWrapper#35 - Response true
2024-10-10 03:29:30,409 INFO - ContAudITWrapper#35 - Application hash: e36ee2d35f8c4c41bd358782dfb3ac8852b40439d350ff27616f0c18819ce9bf
2024-10-10 03:29:30,410 INFO - ContAudITWrapper#35 - Validating Application...
2024-10-10 03:29:34,185 INFO - ContAudITWrapper#35 - Response true
2024-10-10 03:29:34,264 INFO - ContAudITWrapper#35 - Artifact user.workflow hash: 52877374d8c54314b7af92814eaf729121e99a87e9706a2888cd9bcd951b11c9
2024-10-10 03:29:34,325 INFO - ContAudITWrapper#35 - Validating Artifact...
2024-10-10 03:29:37,881 INFO - ContAudITWrapper#35 - Response true
2024-10-10 03:29:37,905 INFO - ContAudITWrapper#35 - Running pre-command actions...
2024-10-10 03:29:37,908 INFO - ContAudITWrapper#35 - Analyzing current environment state...
2024-10-10 03:29:38,013 INFO - ContAudITWrapper#35 - Saving current environment state...
2024-10-10 03:29:38,014 INFO - ContAudITWrapper#35 - Environment state hash: a7ffc6f8bf1ed76651c14756a061d662f580ff4de43b49fa82d80a4b80f8434a
2024-10-10 03:29:38,014 INFO - ContAudITWrapper#35 - Executing command...
2024-10-10 03:29:41,817 INFO - ContAudITWrapper#35 - Command output: 
2024-10-10 03:29:38.088833923 [executor] Initializing the workflow...
[useradd_workflow] User contaudit35 already exists. Removing...
[useradd_workflow] User contaudit35 successfully removed.
[useradd_workflow] User contaudit35 created successfully.
2024-10-10 03:29:41.816568324 [executor] Finished!

2024-10-10 03:29:41,817 INFO - ContAudITWrapper#35 - Running post-command actions...
2024-10-10 03:29:41,817 INFO - ContAudITWrapper#35 - Analyzing current environment state...
2024-10-10 03:29:41,848 INFO - ContAudITWrapper#35 - Saving current environment state...
2024-10-10 03:29:41,848 INFO - ContAudITWrapper#35 - Environment state hash: a7ffc6f8bf1ed76651c14756a061d662f580ff4de43b49fa82d80a4b80f8434a
2024-10-10 03:29:41,849 INFO - ContAudITWrapper#35 - Checking environment diff...
2024-10-10 03:29:41,858 INFO - ContAudITWrapper#35 - Environment diff: 
2024-10-10 03:29:41,858 INFO - ContAudITWrapper#35 - Cleaning temporary files...
2024-10-10 03:29:41,865 INFO - ContAudITWrapper#35 - Sending to blockchain...
2024-10-10 03:29:44,031 INFO - ContAudITWrapper#35 - Response 
2024-10-10 03:29:44,033 INFO - ContAudITWrapper#35 - Finishing ContAudIT Wrapper...
