2024-10-10 03:28:50,188 INFO - ContAudITWrapper#7 - Initializing ContAudIT Wrapper...
2024-10-10 03:28:50,255 INFO - ContAudITWrapper#7 - Current directory: /home/ec2-user/Code/ufrgs-poc/contaudit-wrapper.jar
2024-10-10 03:29:00,720 INFO - ContAudITWrapper#7 - Wrapper hash: b7519188ed863d76e5199a8d880bb968bdf9124fad53b871583787e123a7a764
2024-10-10 03:29:00,760 INFO - ContAudITWrapper#7 - Validating Wrapper...
2024-10-10 03:29:32,200 INFO - ContAudITWrapper#7 - Response true
2024-10-10 03:29:32,317 INFO - ContAudITWrapper#7 - Application hash: e36ee2d35f8c4c41bd358782dfb3ac8852b40439d350ff27616f0c18819ce9bf
2024-10-10 03:29:32,318 INFO - ContAudITWrapper#7 - Validating Application...
2024-10-10 03:29:39,167 INFO - ContAudITWrapper#7 - Response true
2024-10-10 03:29:39,176 INFO - ContAudITWrapper#7 - Artifact user.workflow hash: 52877374d8c54314b7af92814eaf729121e99a87e9706a2888cd9bcd951b11c9
2024-10-10 03:29:39,195 INFO - ContAudITWrapper#7 - Validating Artifact...
2024-10-10 03:29:42,133 INFO - ContAudITWrapper#7 - Response true
2024-10-10 03:29:42,141 INFO - ContAudITWrapper#7 - Running pre-command actions...
2024-10-10 03:29:42,142 INFO - ContAudITWrapper#7 - Analyzing current environment state...
2024-10-10 03:29:42,200 INFO - ContAudITWrapper#7 - Saving current environment state...
2024-10-10 03:29:42,206 INFO - ContAudITWrapper#7 - Environment state hash: a7ffc6f8bf1ed76651c14756a061d662f580ff4de43b49fa82d80a4b80f8434a
2024-10-10 03:29:42,207 INFO - ContAudITWrapper#7 - Executing command...
2024-10-10 03:29:47,113 INFO - ContAudITWrapper#7 - Command output: 
2024-10-10 03:29:42.267740279 [executor] Initializing the workflow...
[useradd_workflow] User contaudit7 already exists. Removing...
[useradd_workflow] User contaudit7 successfully removed.
[useradd_workflow] User contaudit7 created successfully.
2024-10-10 03:29:47.112902612 [executor] Finished!

2024-10-10 03:29:47,114 INFO - ContAudITWrapper#7 - Running post-command actions...
2024-10-10 03:29:47,114 INFO - ContAudITWrapper#7 - Analyzing current environment state...
2024-10-10 03:29:47,164 INFO - ContAudITWrapper#7 - Saving current environment state...
2024-10-10 03:29:47,164 INFO - ContAudITWrapper#7 - Environment state hash: a7ffc6f8bf1ed76651c14756a061d662f580ff4de43b49fa82d80a4b80f8434a
2024-10-10 03:29:47,165 INFO - ContAudITWrapper#7 - Checking environment diff...
2024-10-10 03:29:47,201 INFO - ContAudITWrapper#7 - Environment diff: 
2024-10-10 03:29:47,201 INFO - ContAudITWrapper#7 - Cleaning temporary files...
2024-10-10 03:29:47,206 INFO - ContAudITWrapper#7 - Sending to blockchain...
2024-10-10 03:29:51,331 INFO - ContAudITWrapper#7 - Response 
2024-10-10 03:29:51,338 INFO - ContAudITWrapper#7 - Finishing ContAudIT Wrapper...
