2024-10-10 03:28:49,919 INFO - ContAudITWrapper#29 - Initializing ContAudIT Wrapper...
2024-10-10 03:28:49,964 INFO - ContAudITWrapper#29 - Current directory: /home/ec2-user/Code/ufrgs-poc/contaudit-wrapper.jar
2024-10-10 03:29:00,587 INFO - ContAudITWrapper#29 - Wrapper hash: b7519188ed863d76e5199a8d880bb968bdf9124fad53b871583787e123a7a764
2024-10-10 03:29:00,602 INFO - ContAudITWrapper#29 - Validating Wrapper...
2024-10-10 03:29:32,831 INFO - ContAudITWrapper#29 - Response true
2024-10-10 03:29:32,956 INFO - ContAudITWrapper#29 - Application hash: e36ee2d35f8c4c41bd358782dfb3ac8852b40439d350ff27616f0c18819ce9bf
2024-10-10 03:29:32,985 INFO - ContAudITWrapper#29 - Validating Application...
2024-10-10 03:29:37,166 INFO - ContAudITWrapper#29 - Response true
2024-10-10 03:29:37,178 INFO - ContAudITWrapper#29 - Artifact user.workflow hash: 52877374d8c54314b7af92814eaf729121e99a87e9706a2888cd9bcd951b11c9
2024-10-10 03:29:37,198 INFO - ContAudITWrapper#29 - Validating Artifact...
2024-10-10 03:29:40,557 INFO - ContAudITWrapper#29 - Response true
2024-10-10 03:29:40,588 INFO - ContAudITWrapper#29 - Running pre-command actions...
2024-10-10 03:29:40,589 INFO - ContAudITWrapper#29 - Analyzing current environment state...
2024-10-10 03:29:40,654 INFO - ContAudITWrapper#29 - Saving current environment state...
2024-10-10 03:29:40,655 INFO - ContAudITWrapper#29 - Environment state hash: a7ffc6f8bf1ed76651c14756a061d662f580ff4de43b49fa82d80a4b80f8434a
2024-10-10 03:29:40,655 INFO - ContAudITWrapper#29 - Executing command...
2024-10-10 03:29:45,141 INFO - ContAudITWrapper#29 - Command output: 
2024-10-10 03:29:40.734073399 [executor] Initializing the workflow...
[useradd_workflow] User contaudit29 already exists. Removing...
[useradd_workflow] User contaudit29 successfully removed.
[useradd_workflow] User contaudit29 created successfully.
2024-10-10 03:29:45.141384771 [executor] Finished!

2024-10-10 03:29:45,142 INFO - ContAudITWrapper#29 - Running post-command actions...
2024-10-10 03:29:45,142 INFO - ContAudITWrapper#29 - Analyzing current environment state...
2024-10-10 03:29:45,147 INFO - ContAudITWrapper#29 - Saving current environment state...
2024-10-10 03:29:45,148 INFO - ContAudITWrapper#29 - Environment state hash: a7ffc6f8bf1ed76651c14756a061d662f580ff4de43b49fa82d80a4b80f8434a
2024-10-10 03:29:45,148 INFO - ContAudITWrapper#29 - Checking environment diff...
2024-10-10 03:29:45,153 INFO - ContAudITWrapper#29 - Environment diff: 
2024-10-10 03:29:45,153 INFO - ContAudITWrapper#29 - Cleaning temporary files...
2024-10-10 03:29:45,156 INFO - ContAudITWrapper#29 - Sending to blockchain...
2024-10-10 03:29:48,542 INFO - ContAudITWrapper#29 - Response 
2024-10-10 03:29:48,544 INFO - ContAudITWrapper#29 - Finishing ContAudIT Wrapper...
