2024-10-10 03:28:50,696 INFO - ContAudITWrapper#41 - Initializing ContAudIT Wrapper...
2024-10-10 03:28:50,750 INFO - ContAudITWrapper#41 - Current directory: /home/ec2-user/Code/ufrgs-poc/contaudit-wrapper.jar
2024-10-10 03:29:00,011 INFO - ContAudITWrapper#41 - Wrapper hash: b7519188ed863d76e5199a8d880bb968bdf9124fad53b871583787e123a7a764
2024-10-10 03:29:00,038 INFO - ContAudITWrapper#41 - Validating Wrapper...
2024-10-10 03:29:28,166 INFO - ContAudITWrapper#41 - Response true
2024-10-10 03:29:28,241 INFO - ContAudITWrapper#41 - Application hash: e36ee2d35f8c4c41bd358782dfb3ac8852b40439d350ff27616f0c18819ce9bf
2024-10-10 03:29:28,243 INFO - ContAudITWrapper#41 - Validating Application...
2024-10-10 03:29:34,863 INFO - ContAudITWrapper#41 - Response true
2024-10-10 03:29:34,875 INFO - ContAudITWrapper#41 - Artifact user.workflow hash: 52877374d8c54314b7af92814eaf729121e99a87e9706a2888cd9bcd951b11c9
2024-10-10 03:29:34,912 INFO - ContAudITWrapper#41 - Validating Artifact...
2024-10-10 03:29:40,756 INFO - ContAudITWrapper#41 - Response true
2024-10-10 03:29:40,759 INFO - ContAudITWrapper#41 - Running pre-command actions...
2024-10-10 03:29:40,761 INFO - ContAudITWrapper#41 - Analyzing current environment state...
2024-10-10 03:29:40,870 INFO - ContAudITWrapper#41 - Saving current environment state...
2024-10-10 03:29:40,871 INFO - ContAudITWrapper#41 - Environment state hash: a7ffc6f8bf1ed76651c14756a061d662f580ff4de43b49fa82d80a4b80f8434a
2024-10-10 03:29:40,871 INFO - ContAudITWrapper#41 - Executing command...
2024-10-10 03:29:42,805 INFO - ContAudITWrapper#41 - Command output: 
2024-10-10 03:29:40.937486872 [executor] Initializing the workflow...
[useradd_workflow] User contaudit41 does not exist. Creating...
[useradd_workflow] User contaudit41 created successfully.
2024-10-10 03:29:42.804994633 [executor] Finished!

2024-10-10 03:29:42,806 INFO - ContAudITWrapper#41 - Running post-command actions...
2024-10-10 03:29:42,806 INFO - ContAudITWrapper#41 - Analyzing current environment state...
2024-10-10 03:29:42,819 INFO - ContAudITWrapper#41 - Saving current environment state...
2024-10-10 03:29:42,820 INFO - ContAudITWrapper#41 - Environment state hash: a7ffc6f8bf1ed76651c14756a061d662f580ff4de43b49fa82d80a4b80f8434a
2024-10-10 03:29:42,820 INFO - ContAudITWrapper#41 - Checking environment diff...
2024-10-10 03:29:42,831 INFO - ContAudITWrapper#41 - Environment diff: 
2024-10-10 03:29:42,831 INFO - ContAudITWrapper#41 - Cleaning temporary files...
2024-10-10 03:29:42,837 INFO - ContAudITWrapper#41 - Sending to blockchain...
2024-10-10 03:29:46,402 INFO - ContAudITWrapper#41 - Response 
2024-10-10 03:29:46,404 INFO - ContAudITWrapper#41 - Finishing ContAudIT Wrapper...
