2024-10-10 03:28:49,984 INFO - ContAudITWrapper#24 - Initializing ContAudIT Wrapper...
2024-10-10 03:28:50,099 INFO - ContAudITWrapper#24 - Current directory: /home/ec2-user/Code/ufrgs-poc/contaudit-wrapper.jar
2024-10-10 03:28:58,762 INFO - ContAudITWrapper#24 - Wrapper hash: b7519188ed863d76e5199a8d880bb968bdf9124fad53b871583787e123a7a764
2024-10-10 03:28:58,770 INFO - ContAudITWrapper#24 - Validating Wrapper...
2024-10-10 03:29:26,280 INFO - ContAudITWrapper#24 - Response true
2024-10-10 03:29:26,353 INFO - ContAudITWrapper#24 - Application hash: e36ee2d35f8c4c41bd358782dfb3ac8852b40439d350ff27616f0c18819ce9bf
2024-10-10 03:29:26,354 INFO - ContAudITWrapper#24 - Validating Application...
2024-10-10 03:29:33,406 INFO - ContAudITWrapper#24 - Response true
2024-10-10 03:29:33,426 INFO - ContAudITWrapper#24 - Artifact user.workflow hash: 52877374d8c54314b7af92814eaf729121e99a87e9706a2888cd9bcd951b11c9
2024-10-10 03:29:33,452 INFO - ContAudITWrapper#24 - Validating Artifact...
2024-10-10 03:29:37,403 INFO - ContAudITWrapper#24 - Response true
2024-10-10 03:29:37,414 INFO - ContAudITWrapper#24 - Running pre-command actions...
2024-10-10 03:29:37,432 INFO - ContAudITWrapper#24 - Analyzing current environment state...
2024-10-10 03:29:37,573 INFO - ContAudITWrapper#24 - Saving current environment state...
2024-10-10 03:29:37,574 INFO - ContAudITWrapper#24 - Environment state hash: a7ffc6f8bf1ed76651c14756a061d662f580ff4de43b49fa82d80a4b80f8434a
2024-10-10 03:29:37,575 INFO - ContAudITWrapper#24 - Executing command...
2024-10-10 03:29:40,641 INFO - ContAudITWrapper#24 - Command output: 
2024-10-10 03:29:37.751569820 [executor] Initializing the workflow...
[useradd_workflow] User contaudit24 already exists. Removing...
[useradd_workflow] User contaudit24 successfully removed.
[useradd_workflow] User contaudit24 created successfully.
2024-10-10 03:29:40.633032034 [executor] Finished!

2024-10-10 03:29:40,641 INFO - ContAudITWrapper#24 - Running post-command actions...
2024-10-10 03:29:40,641 INFO - ContAudITWrapper#24 - Analyzing current environment state...
2024-10-10 03:29:40,741 INFO - ContAudITWrapper#24 - Saving current environment state...
2024-10-10 03:29:40,742 INFO - ContAudITWrapper#24 - Environment state hash: a7ffc6f8bf1ed76651c14756a061d662f580ff4de43b49fa82d80a4b80f8434a
2024-10-10 03:29:40,742 INFO - ContAudITWrapper#24 - Checking environment diff...
2024-10-10 03:29:40,797 INFO - ContAudITWrapper#24 - Environment diff: 
2024-10-10 03:29:40,797 INFO - ContAudITWrapper#24 - Cleaning temporary files...
2024-10-10 03:29:40,852 INFO - ContAudITWrapper#24 - Sending to blockchain...
2024-10-10 03:29:43,990 INFO - ContAudITWrapper#24 - Response 
2024-10-10 03:29:43,995 INFO - ContAudITWrapper#24 - Finishing ContAudIT Wrapper...
