2024-10-10 03:28:49,865 INFO - ContAudITWrapper#10 - Initializing ContAudIT Wrapper...
2024-10-10 03:28:50,011 INFO - ContAudITWrapper#10 - Current directory: /home/ec2-user/Code/ufrgs-poc/contaudit-wrapper.jar
2024-10-10 03:28:59,736 INFO - ContAudITWrapper#10 - Wrapper hash: b7519188ed863d76e5199a8d880bb968bdf9124fad53b871583787e123a7a764
2024-10-10 03:28:59,760 INFO - ContAudITWrapper#10 - Validating Wrapper...
2024-10-10 03:29:30,820 INFO - ContAudITWrapper#10 - Response true
2024-10-10 03:29:30,903 INFO - ContAudITWrapper#10 - Application hash: e36ee2d35f8c4c41bd358782dfb3ac8852b40439d350ff27616f0c18819ce9bf
2024-10-10 03:29:30,904 INFO - ContAudITWrapper#10 - Validating Application...
2024-10-10 03:29:38,710 INFO - ContAudITWrapper#10 - Response true
2024-10-10 03:29:38,764 INFO - ContAudITWrapper#10 - Artifact user.workflow hash: 52877374d8c54314b7af92814eaf729121e99a87e9706a2888cd9bcd951b11c9
2024-10-10 03:29:38,770 INFO - ContAudITWrapper#10 - Validating Artifact...
2024-10-10 03:29:42,436 INFO - ContAudITWrapper#10 - Response true
2024-10-10 03:29:42,438 INFO - ContAudITWrapper#10 - Running pre-command actions...
2024-10-10 03:29:42,441 INFO - ContAudITWrapper#10 - Analyzing current environment state...
2024-10-10 03:29:42,495 INFO - ContAudITWrapper#10 - Saving current environment state...
2024-10-10 03:29:42,496 INFO - ContAudITWrapper#10 - Environment state hash: a7ffc6f8bf1ed76651c14756a061d662f580ff4de43b49fa82d80a4b80f8434a
2024-10-10 03:29:42,496 INFO - ContAudITWrapper#10 - Executing command...
2024-10-10 03:29:47,402 INFO - ContAudITWrapper#10 - Command output: 
2024-10-10 03:29:42.503039165 [executor] Initializing the workflow...
[useradd_workflow] User contaudit10 already exists. Removing...
[useradd_workflow] User contaudit10 successfully removed.
[useradd_workflow] User contaudit10 created successfully.
2024-10-10 03:29:47.398886974 [executor] Finished!

2024-10-10 03:29:47,402 INFO - ContAudITWrapper#10 - Running post-command actions...
2024-10-10 03:29:47,402 INFO - ContAudITWrapper#10 - Analyzing current environment state...
2024-10-10 03:29:47,462 INFO - ContAudITWrapper#10 - Saving current environment state...
2024-10-10 03:29:47,462 INFO - ContAudITWrapper#10 - Environment state hash: a7ffc6f8bf1ed76651c14756a061d662f580ff4de43b49fa82d80a4b80f8434a
2024-10-10 03:29:47,462 INFO - ContAudITWrapper#10 - Checking environment diff...
2024-10-10 03:29:47,490 INFO - ContAudITWrapper#10 - Environment diff: 
2024-10-10 03:29:47,490 INFO - ContAudITWrapper#10 - Cleaning temporary files...
2024-10-10 03:29:47,516 INFO - ContAudITWrapper#10 - Sending to blockchain...
2024-10-10 03:29:51,347 INFO - ContAudITWrapper#10 - Response 
2024-10-10 03:29:51,349 INFO - ContAudITWrapper#10 - Finishing ContAudIT Wrapper...
