2024-10-10 03:28:49,588 INFO - ContAudITWrapper#22 - Initializing ContAudIT Wrapper...
2024-10-10 03:28:49,665 INFO - ContAudITWrapper#22 - Current directory: /home/ec2-user/Code/ufrgs-poc/contaudit-wrapper.jar
2024-10-10 03:29:00,192 INFO - ContAudITWrapper#22 - Wrapper hash: b7519188ed863d76e5199a8d880bb968bdf9124fad53b871583787e123a7a764
2024-10-10 03:29:00,238 INFO - ContAudITWrapper#22 - Validating Wrapper...
2024-10-10 03:29:30,634 INFO - ContAudITWrapper#22 - Response true
2024-10-10 03:29:30,838 INFO - ContAudITWrapper#22 - Application hash: e36ee2d35f8c4c41bd358782dfb3ac8852b40439d350ff27616f0c18819ce9bf
2024-10-10 03:29:30,840 INFO - ContAudITWrapper#22 - Validating Application...
2024-10-10 03:29:36,514 INFO - ContAudITWrapper#22 - Response true
2024-10-10 03:29:36,518 INFO - ContAudITWrapper#22 - Artifact user.workflow hash: 52877374d8c54314b7af92814eaf729121e99a87e9706a2888cd9bcd951b11c9
2024-10-10 03:29:36,556 INFO - ContAudITWrapper#22 - Validating Artifact...
2024-10-10 03:29:40,892 INFO - ContAudITWrapper#22 - Response true
2024-10-10 03:29:40,909 INFO - ContAudITWrapper#22 - Running pre-command actions...
2024-10-10 03:29:40,919 INFO - ContAudITWrapper#22 - Analyzing current environment state...
2024-10-10 03:29:41,070 INFO - ContAudITWrapper#22 - Saving current environment state...
2024-10-10 03:29:41,072 INFO - ContAudITWrapper#22 - Environment state hash: a7ffc6f8bf1ed76651c14756a061d662f580ff4de43b49fa82d80a4b80f8434a
2024-10-10 03:29:41,072 INFO - ContAudITWrapper#22 - Executing command...
2024-10-10 03:29:45,496 INFO - ContAudITWrapper#22 - Command output: 
2024-10-10 03:29:41.113584698 [executor] Initializing the workflow...
[useradd_workflow] User contaudit22 already exists. Removing...
[useradd_workflow] User contaudit22 successfully removed.
[useradd_workflow] User contaudit22 created successfully.
2024-10-10 03:29:45.496033450 [executor] Finished!

2024-10-10 03:29:45,496 INFO - ContAudITWrapper#22 - Running post-command actions...
2024-10-10 03:29:45,497 INFO - ContAudITWrapper#22 - Analyzing current environment state...
2024-10-10 03:29:45,503 INFO - ContAudITWrapper#22 - Saving current environment state...
2024-10-10 03:29:45,503 INFO - ContAudITWrapper#22 - Environment state hash: a7ffc6f8bf1ed76651c14756a061d662f580ff4de43b49fa82d80a4b80f8434a
2024-10-10 03:29:45,504 INFO - ContAudITWrapper#22 - Checking environment diff...
2024-10-10 03:29:45,509 INFO - ContAudITWrapper#22 - Environment diff: 
2024-10-10 03:29:45,509 INFO - ContAudITWrapper#22 - Cleaning temporary files...
2024-10-10 03:29:45,524 INFO - ContAudITWrapper#22 - Sending to blockchain...
2024-10-10 03:29:48,633 INFO - ContAudITWrapper#22 - Response 
2024-10-10 03:29:48,634 INFO - ContAudITWrapper#22 - Finishing ContAudIT Wrapper...
