2024-10-10 03:28:50,231 INFO - ContAudITWrapper#42 - Initializing ContAudIT Wrapper...
2024-10-10 03:28:50,355 INFO - ContAudITWrapper#42 - Current directory: /home/ec2-user/Code/ufrgs-poc/contaudit-wrapper.jar
2024-10-10 03:29:00,433 INFO - ContAudITWrapper#42 - Wrapper hash: b7519188ed863d76e5199a8d880bb968bdf9124fad53b871583787e123a7a764
2024-10-10 03:29:00,465 INFO - ContAudITWrapper#42 - Validating Wrapper...
2024-10-10 03:29:31,092 INFO - ContAudITWrapper#42 - Response true
2024-10-10 03:29:31,204 INFO - ContAudITWrapper#42 - Application hash: e36ee2d35f8c4c41bd358782dfb3ac8852b40439d350ff27616f0c18819ce9bf
2024-10-10 03:29:31,212 INFO - ContAudITWrapper#42 - Validating Application...
2024-10-10 03:29:38,849 INFO - ContAudITWrapper#42 - Response true
2024-10-10 03:29:38,862 INFO - ContAudITWrapper#42 - Artifact user.workflow hash: 52877374d8c54314b7af92814eaf729121e99a87e9706a2888cd9bcd951b11c9
2024-10-10 03:29:38,894 INFO - ContAudITWrapper#42 - Validating Artifact...
2024-10-10 03:29:42,394 INFO - ContAudITWrapper#42 - Response true
2024-10-10 03:29:42,417 INFO - ContAudITWrapper#42 - Running pre-command actions...
2024-10-10 03:29:42,418 INFO - ContAudITWrapper#42 - Analyzing current environment state...
2024-10-10 03:29:42,459 INFO - ContAudITWrapper#42 - Saving current environment state...
2024-10-10 03:29:42,460 INFO - ContAudITWrapper#42 - Environment state hash: a7ffc6f8bf1ed76651c14756a061d662f580ff4de43b49fa82d80a4b80f8434a
2024-10-10 03:29:42,460 INFO - ContAudITWrapper#42 - Executing command...
2024-10-10 03:29:44,730 INFO - ContAudITWrapper#42 - Command output: 
2024-10-10 03:29:42.484712733 [executor] Initializing the workflow...
[useradd_workflow] User contaudit42 does not exist. Creating...
[useradd_workflow] User contaudit42 created successfully.
2024-10-10 03:29:44.729335822 [executor] Finished!

2024-10-10 03:29:44,730 INFO - ContAudITWrapper#42 - Running post-command actions...
2024-10-10 03:29:44,731 INFO - ContAudITWrapper#42 - Analyzing current environment state...
2024-10-10 03:29:44,735 INFO - ContAudITWrapper#42 - Saving current environment state...
2024-10-10 03:29:44,736 INFO - ContAudITWrapper#42 - Environment state hash: a7ffc6f8bf1ed76651c14756a061d662f580ff4de43b49fa82d80a4b80f8434a
2024-10-10 03:29:44,736 INFO - ContAudITWrapper#42 - Checking environment diff...
2024-10-10 03:29:44,739 INFO - ContAudITWrapper#42 - Environment diff: 
2024-10-10 03:29:44,740 INFO - ContAudITWrapper#42 - Cleaning temporary files...
2024-10-10 03:29:44,744 INFO - ContAudITWrapper#42 - Sending to blockchain...
2024-10-10 03:29:46,374 INFO - ContAudITWrapper#42 - Response 
2024-10-10 03:29:46,376 INFO - ContAudITWrapper#42 - Finishing ContAudIT Wrapper...
