2024-10-10 03:28:50,268 INFO - ContAudITWrapper#44 - Initializing ContAudIT Wrapper...
2024-10-10 03:28:50,361 INFO - ContAudITWrapper#44 - Current directory: /home/ec2-user/Code/ufrgs-poc/contaudit-wrapper.jar
2024-10-10 03:29:00,494 INFO - ContAudITWrapper#44 - Wrapper hash: b7519188ed863d76e5199a8d880bb968bdf9124fad53b871583787e123a7a764
2024-10-10 03:29:00,524 INFO - ContAudITWrapper#44 - Validating Wrapper...
2024-10-10 03:29:31,198 INFO - ContAudITWrapper#44 - Response true
2024-10-10 03:29:31,328 INFO - ContAudITWrapper#44 - Application hash: e36ee2d35f8c4c41bd358782dfb3ac8852b40439d350ff27616f0c18819ce9bf
2024-10-10 03:29:31,329 INFO - ContAudITWrapper#44 - Validating Application...
2024-10-10 03:29:37,998 INFO - ContAudITWrapper#44 - Response true
2024-10-10 03:29:38,013 INFO - ContAudITWrapper#44 - Artifact user.workflow hash: 52877374d8c54314b7af92814eaf729121e99a87e9706a2888cd9bcd951b11c9
2024-10-10 03:29:38,066 INFO - ContAudITWrapper#44 - Validating Artifact...
2024-10-10 03:29:42,428 INFO - ContAudITWrapper#44 - Response true
2024-10-10 03:29:42,435 INFO - ContAudITWrapper#44 - Running pre-command actions...
2024-10-10 03:29:42,436 INFO - ContAudITWrapper#44 - Analyzing current environment state...
2024-10-10 03:29:42,482 INFO - ContAudITWrapper#44 - Saving current environment state...
2024-10-10 03:29:42,483 INFO - ContAudITWrapper#44 - Environment state hash: a7ffc6f8bf1ed76651c14756a061d662f580ff4de43b49fa82d80a4b80f8434a
2024-10-10 03:29:42,483 INFO - ContAudITWrapper#44 - Executing command...
2024-10-10 03:29:44,844 INFO - ContAudITWrapper#44 - Command output: 
2024-10-10 03:29:42.490405059 [executor] Initializing the workflow...
[useradd_workflow] User contaudit44 does not exist. Creating...
[useradd_workflow] User contaudit44 created successfully.
2024-10-10 03:29:44.844004672 [executor] Finished!

2024-10-10 03:29:44,844 INFO - ContAudITWrapper#44 - Running post-command actions...
2024-10-10 03:29:44,844 INFO - ContAudITWrapper#44 - Analyzing current environment state...
2024-10-10 03:29:44,849 INFO - ContAudITWrapper#44 - Saving current environment state...
2024-10-10 03:29:44,850 INFO - ContAudITWrapper#44 - Environment state hash: a7ffc6f8bf1ed76651c14756a061d662f580ff4de43b49fa82d80a4b80f8434a
2024-10-10 03:29:44,850 INFO - ContAudITWrapper#44 - Checking environment diff...
2024-10-10 03:29:44,854 INFO - ContAudITWrapper#44 - Environment diff: 
2024-10-10 03:29:44,854 INFO - ContAudITWrapper#44 - Cleaning temporary files...
2024-10-10 03:29:44,857 INFO - ContAudITWrapper#44 - Sending to blockchain...
2024-10-10 03:29:46,355 INFO - ContAudITWrapper#44 - Response 
2024-10-10 03:29:46,357 INFO - ContAudITWrapper#44 - Finishing ContAudIT Wrapper...
