2024-10-10 03:28:49,862 INFO - ContAudITWrapper#13 - Initializing ContAudIT Wrapper...
2024-10-10 03:28:49,947 INFO - ContAudITWrapper#13 - Current directory: /home/ec2-user/Code/ufrgs-poc/contaudit-wrapper.jar
2024-10-10 03:28:59,878 INFO - ContAudITWrapper#13 - Wrapper hash: b7519188ed863d76e5199a8d880bb968bdf9124fad53b871583787e123a7a764
2024-10-10 03:28:59,907 INFO - ContAudITWrapper#13 - Validating Wrapper...
2024-10-10 03:29:32,132 INFO - ContAudITWrapper#13 - Response true
2024-10-10 03:29:32,189 INFO - ContAudITWrapper#13 - Application hash: e36ee2d35f8c4c41bd358782dfb3ac8852b40439d350ff27616f0c18819ce9bf
2024-10-10 03:29:32,191 INFO - ContAudITWrapper#13 - Validating Application...
2024-10-10 03:29:35,786 INFO - ContAudITWrapper#13 - Response true
2024-10-10 03:29:35,821 INFO - ContAudITWrapper#13 - Artifact user.workflow hash: 52877374d8c54314b7af92814eaf729121e99a87e9706a2888cd9bcd951b11c9
2024-10-10 03:29:35,886 INFO - ContAudITWrapper#13 - Validating Artifact...
2024-10-10 03:29:39,913 INFO - ContAudITWrapper#13 - Response true
2024-10-10 03:29:39,956 INFO - ContAudITWrapper#13 - Running pre-command actions...
2024-10-10 03:29:39,958 INFO - ContAudITWrapper#13 - Analyzing current environment state...
2024-10-10 03:29:40,042 INFO - ContAudITWrapper#13 - Saving current environment state...
2024-10-10 03:29:40,043 INFO - ContAudITWrapper#13 - Environment state hash: a7ffc6f8bf1ed76651c14756a061d662f580ff4de43b49fa82d80a4b80f8434a
2024-10-10 03:29:40,043 INFO - ContAudITWrapper#13 - Executing command...
2024-10-10 03:29:44,674 INFO - ContAudITWrapper#13 - Command output: 
2024-10-10 03:29:40.101150694 [executor] Initializing the workflow...
[useradd_workflow] User contaudit13 already exists. Removing...
[useradd_workflow] User contaudit13 successfully removed.
[useradd_workflow] User contaudit13 created successfully.
2024-10-10 03:29:44.673556090 [executor] Finished!

2024-10-10 03:29:44,674 INFO - ContAudITWrapper#13 - Running post-command actions...
2024-10-10 03:29:44,674 INFO - ContAudITWrapper#13 - Analyzing current environment state...
2024-10-10 03:29:44,678 INFO - ContAudITWrapper#13 - Saving current environment state...
2024-10-10 03:29:44,679 INFO - ContAudITWrapper#13 - Environment state hash: a7ffc6f8bf1ed76651c14756a061d662f580ff4de43b49fa82d80a4b80f8434a
2024-10-10 03:29:44,679 INFO - ContAudITWrapper#13 - Checking environment diff...
2024-10-10 03:29:44,682 INFO - ContAudITWrapper#13 - Environment diff: 
2024-10-10 03:29:44,682 INFO - ContAudITWrapper#13 - Cleaning temporary files...
2024-10-10 03:29:44,686 INFO - ContAudITWrapper#13 - Sending to blockchain...
2024-10-10 03:29:46,485 INFO - ContAudITWrapper#13 - Response 
2024-10-10 03:29:46,486 INFO - ContAudITWrapper#13 - Finishing ContAudIT Wrapper...
