2024-10-10 03:45:17,956 INFO - ContAudITWrapper#59 - Initializing ContAudIT Wrapper...
2024-10-10 03:45:18,184 INFO - ContAudITWrapper#59 - Current directory: /home/ec2-user/Code/ufrgs-poc/contaudit-wrapper.jar
2024-10-10 03:45:42,169 INFO - ContAudITWrapper#59 - Wrapper hash: b7519188ed863d76e5199a8d880bb968bdf9124fad53b871583787e123a7a764
2024-10-10 03:45:42,178 INFO - ContAudITWrapper#59 - Validating Wrapper...
2024-10-10 03:46:50,762 INFO - ContAudITWrapper#59 - Response true
2024-10-10 03:46:50,908 INFO - ContAudITWrapper#59 - Application hash: e36ee2d35f8c4c41bd358782dfb3ac8852b40439d350ff27616f0c18819ce9bf
2024-10-10 03:46:50,913 INFO - ContAudITWrapper#59 - Validating Application...
2024-10-10 03:47:02,211 INFO - ContAudITWrapper#59 - Response true
2024-10-10 03:47:02,228 INFO - ContAudITWrapper#59 - Artifact user.workflow hash: 52877374d8c54314b7af92814eaf729121e99a87e9706a2888cd9bcd951b11c9
2024-10-10 03:47:02,234 INFO - ContAudITWrapper#59 - Validating Artifact...
2024-10-10 03:47:11,314 INFO - ContAudITWrapper#59 - Response true
2024-10-10 03:47:11,355 INFO - ContAudITWrapper#59 - Running pre-command actions...
2024-10-10 03:47:11,356 INFO - ContAudITWrapper#59 - Analyzing current environment state...
2024-10-10 03:47:11,481 INFO - ContAudITWrapper#59 - Saving current environment state...
2024-10-10 03:47:11,482 INFO - ContAudITWrapper#59 - Environment state hash: a7ffc6f8bf1ed76651c14756a061d662f580ff4de43b49fa82d80a4b80f8434a
2024-10-10 03:47:11,483 INFO - ContAudITWrapper#59 - Executing command...
2024-10-10 03:47:22,920 INFO - ContAudITWrapper#59 - Command output: 
2024-10-10 03:47:11.613271696 [executor] Initializing the workflow...
[useradd_workflow] User contaudit59 already exists. Removing...
[useradd_workflow] User contaudit59 successfully removed.
[useradd_workflow] User contaudit59 created successfully.
2024-10-10 03:47:22.919770168 [executor] Finished!

2024-10-10 03:47:22,921 INFO - ContAudITWrapper#59 - Running post-command actions...
2024-10-10 03:47:22,921 INFO - ContAudITWrapper#59 - Analyzing current environment state...
2024-10-10 03:47:22,928 INFO - ContAudITWrapper#59 - Saving current environment state...
2024-10-10 03:47:22,929 INFO - ContAudITWrapper#59 - Environment state hash: a7ffc6f8bf1ed76651c14756a061d662f580ff4de43b49fa82d80a4b80f8434a
2024-10-10 03:47:22,929 INFO - ContAudITWrapper#59 - Checking environment diff...
2024-10-10 03:47:22,955 INFO - ContAudITWrapper#59 - Environment diff: 
2024-10-10 03:47:22,956 INFO - ContAudITWrapper#59 - Cleaning temporary files...
2024-10-10 03:47:22,966 INFO - ContAudITWrapper#59 - Sending to blockchain...
2024-10-10 03:47:25,491 INFO - ContAudITWrapper#59 - Response 
2024-10-10 03:47:25,501 INFO - ContAudITWrapper#59 - Finishing ContAudIT Wrapper...
