2024-10-10 03:45:18,299 INFO - ContAudITWrapper#78 - Initializing ContAudIT Wrapper...
2024-10-10 03:45:18,407 INFO - ContAudITWrapper#78 - Current directory: /home/ec2-user/Code/ufrgs-poc/contaudit-wrapper.jar
2024-10-10 03:45:40,866 INFO - ContAudITWrapper#78 - Wrapper hash: b7519188ed863d76e5199a8d880bb968bdf9124fad53b871583787e123a7a764
2024-10-10 03:45:40,971 INFO - ContAudITWrapper#78 - Validating Wrapper...
2024-10-10 03:46:46,450 INFO - ContAudITWrapper#78 - Response true
2024-10-10 03:46:46,644 INFO - ContAudITWrapper#78 - Application hash: e36ee2d35f8c4c41bd358782dfb3ac8852b40439d350ff27616f0c18819ce9bf
2024-10-10 03:46:46,645 INFO - ContAudITWrapper#78 - Validating Application...
2024-10-10 03:46:58,345 INFO - ContAudITWrapper#78 - Response true
2024-10-10 03:46:58,376 INFO - ContAudITWrapper#78 - Artifact user.workflow hash: 52877374d8c54314b7af92814eaf729121e99a87e9706a2888cd9bcd951b11c9
2024-10-10 03:46:58,452 INFO - ContAudITWrapper#78 - Validating Artifact...
2024-10-10 03:47:04,229 INFO - ContAudITWrapper#78 - Response true
2024-10-10 03:47:04,234 INFO - ContAudITWrapper#78 - Running pre-command actions...
2024-10-10 03:47:04,235 INFO - ContAudITWrapper#78 - Analyzing current environment state...
2024-10-10 03:47:04,404 INFO - ContAudITWrapper#78 - Saving current environment state...
2024-10-10 03:47:04,405 INFO - ContAudITWrapper#78 - Environment state hash: a7ffc6f8bf1ed76651c14756a061d662f580ff4de43b49fa82d80a4b80f8434a
2024-10-10 03:47:04,405 INFO - ContAudITWrapper#78 - Executing command...
2024-10-10 03:47:17,526 INFO - ContAudITWrapper#78 - Command output: 
2024-10-10 03:47:04.553770245 [executor] Initializing the workflow...
[useradd_workflow] User contaudit78 already exists. Removing...
[useradd_workflow] User contaudit78 successfully removed.
[useradd_workflow] User contaudit78 created successfully.
2024-10-10 03:47:17.525579783 [executor] Finished!

2024-10-10 03:47:17,527 INFO - ContAudITWrapper#78 - Running post-command actions...
2024-10-10 03:47:17,527 INFO - ContAudITWrapper#78 - Analyzing current environment state...
2024-10-10 03:47:17,532 INFO - ContAudITWrapper#78 - Saving current environment state...
2024-10-10 03:47:17,533 INFO - ContAudITWrapper#78 - Environment state hash: a7ffc6f8bf1ed76651c14756a061d662f580ff4de43b49fa82d80a4b80f8434a
2024-10-10 03:47:17,533 INFO - ContAudITWrapper#78 - Checking environment diff...
2024-10-10 03:47:17,537 INFO - ContAudITWrapper#78 - Environment diff: 
2024-10-10 03:47:17,538 INFO - ContAudITWrapper#78 - Cleaning temporary files...
2024-10-10 03:47:17,543 INFO - ContAudITWrapper#78 - Sending to blockchain...
2024-10-10 03:47:18,566 INFO - ContAudITWrapper#78 - Response 
2024-10-10 03:47:18,569 INFO - ContAudITWrapper#78 - Finishing ContAudIT Wrapper...
