2024-10-10 03:45:17,519 INFO - ContAudITWrapper#3 - Initializing ContAudIT Wrapper...
2024-10-10 03:45:17,746 INFO - ContAudITWrapper#3 - Current directory: /home/ec2-user/Code/ufrgs-poc/contaudit-wrapper.jar
2024-10-10 03:45:39,448 INFO - ContAudITWrapper#3 - Wrapper hash: b7519188ed863d76e5199a8d880bb968bdf9124fad53b871583787e123a7a764
2024-10-10 03:45:39,538 INFO - ContAudITWrapper#3 - Validating Wrapper...
2024-10-10 03:46:43,724 INFO - ContAudITWrapper#3 - Response true
2024-10-10 03:46:43,779 INFO - ContAudITWrapper#3 - Application hash: e36ee2d35f8c4c41bd358782dfb3ac8852b40439d350ff27616f0c18819ce9bf
2024-10-10 03:46:43,780 INFO - ContAudITWrapper#3 - Validating Application...
2024-10-10 03:46:56,965 INFO - ContAudITWrapper#3 - Response true
2024-10-10 03:46:56,972 INFO - ContAudITWrapper#3 - Artifact user.workflow hash: 52877374d8c54314b7af92814eaf729121e99a87e9706a2888cd9bcd951b11c9
2024-10-10 03:46:56,977 INFO - ContAudITWrapper#3 - Validating Artifact...
2024-10-10 03:47:07,701 INFO - ContAudITWrapper#3 - Response true
2024-10-10 03:47:07,709 INFO - ContAudITWrapper#3 - Running pre-command actions...
2024-10-10 03:47:07,711 INFO - ContAudITWrapper#3 - Analyzing current environment state...
2024-10-10 03:47:07,914 INFO - ContAudITWrapper#3 - Saving current environment state...
2024-10-10 03:47:07,916 INFO - ContAudITWrapper#3 - Environment state hash: a7ffc6f8bf1ed76651c14756a061d662f580ff4de43b49fa82d80a4b80f8434a
2024-10-10 03:47:07,916 INFO - ContAudITWrapper#3 - Executing command...
2024-10-10 03:47:18,814 INFO - ContAudITWrapper#3 - Command output: 
2024-10-10 03:47:07.961941239 [executor] Initializing the workflow...
[useradd_workflow] User contaudit3 already exists. Removing...
[useradd_workflow] User contaudit3 successfully removed.
[useradd_workflow] User contaudit3 created successfully.
2024-10-10 03:47:18.813664395 [executor] Finished!

2024-10-10 03:47:18,814 INFO - ContAudITWrapper#3 - Running post-command actions...
2024-10-10 03:47:18,815 INFO - ContAudITWrapper#3 - Analyzing current environment state...
2024-10-10 03:47:18,825 INFO - ContAudITWrapper#3 - Saving current environment state...
2024-10-10 03:47:18,826 INFO - ContAudITWrapper#3 - Environment state hash: a7ffc6f8bf1ed76651c14756a061d662f580ff4de43b49fa82d80a4b80f8434a
2024-10-10 03:47:18,828 INFO - ContAudITWrapper#3 - Checking environment diff...
2024-10-10 03:47:18,833 INFO - ContAudITWrapper#3 - Environment diff: 
2024-10-10 03:47:18,833 INFO - ContAudITWrapper#3 - Cleaning temporary files...
2024-10-10 03:47:18,839 INFO - ContAudITWrapper#3 - Sending to blockchain...
2024-10-10 03:47:20,888 INFO - ContAudITWrapper#3 - Response 
2024-10-10 03:47:20,890 INFO - ContAudITWrapper#3 - Finishing ContAudIT Wrapper...
