2024-10-10 03:45:18,642 INFO - ContAudITWrapper#51 - Initializing ContAudIT Wrapper...
2024-10-10 03:45:18,843 INFO - ContAudITWrapper#51 - Current directory: /home/ec2-user/Code/ufrgs-poc/contaudit-wrapper.jar
2024-10-10 03:45:44,827 INFO - ContAudITWrapper#51 - Wrapper hash: b7519188ed863d76e5199a8d880bb968bdf9124fad53b871583787e123a7a764
2024-10-10 03:45:44,980 INFO - ContAudITWrapper#51 - Validating Wrapper...
2024-10-10 03:46:50,461 INFO - ContAudITWrapper#51 - Response true
2024-10-10 03:46:50,469 INFO - ContAudITWrapper#51 - Application hash: e36ee2d35f8c4c41bd358782dfb3ac8852b40439d350ff27616f0c18819ce9bf
2024-10-10 03:46:50,553 INFO - ContAudITWrapper#51 - Validating Application...
2024-10-10 03:47:00,369 INFO - ContAudITWrapper#51 - Response true
2024-10-10 03:47:00,380 INFO - ContAudITWrapper#51 - Artifact user.workflow hash: 52877374d8c54314b7af92814eaf729121e99a87e9706a2888cd9bcd951b11c9
2024-10-10 03:47:00,398 INFO - ContAudITWrapper#51 - Validating Artifact...
2024-10-10 03:47:10,137 INFO - ContAudITWrapper#51 - Response true
2024-10-10 03:47:10,153 INFO - ContAudITWrapper#51 - Running pre-command actions...
2024-10-10 03:47:10,154 INFO - ContAudITWrapper#51 - Analyzing current environment state...
2024-10-10 03:47:10,337 INFO - ContAudITWrapper#51 - Saving current environment state...
2024-10-10 03:47:10,339 INFO - ContAudITWrapper#51 - Environment state hash: a7ffc6f8bf1ed76651c14756a061d662f580ff4de43b49fa82d80a4b80f8434a
2024-10-10 03:47:10,340 INFO - ContAudITWrapper#51 - Executing command...
2024-10-10 03:47:21,578 INFO - ContAudITWrapper#51 - Command output: 
2024-10-10 03:47:10.512522976 [executor] Initializing the workflow...
[useradd_workflow] User contaudit51 already exists. Removing...
[useradd_workflow] User contaudit51 successfully removed.
[useradd_workflow] User contaudit51 created successfully.
2024-10-10 03:47:21.577955465 [executor] Finished!

2024-10-10 03:47:21,579 INFO - ContAudITWrapper#51 - Running post-command actions...
2024-10-10 03:47:21,579 INFO - ContAudITWrapper#51 - Analyzing current environment state...
2024-10-10 03:47:21,634 INFO - ContAudITWrapper#51 - Saving current environment state...
2024-10-10 03:47:21,635 INFO - ContAudITWrapper#51 - Environment state hash: a7ffc6f8bf1ed76651c14756a061d662f580ff4de43b49fa82d80a4b80f8434a
2024-10-10 03:47:21,635 INFO - ContAudITWrapper#51 - Checking environment diff...
2024-10-10 03:47:21,683 INFO - ContAudITWrapper#51 - Environment diff: 
2024-10-10 03:47:21,683 INFO - ContAudITWrapper#51 - Cleaning temporary files...
2024-10-10 03:47:21,691 INFO - ContAudITWrapper#51 - Sending to blockchain...
2024-10-10 03:47:25,668 INFO - ContAudITWrapper#51 - Response 
2024-10-10 03:47:25,670 INFO - ContAudITWrapper#51 - Finishing ContAudIT Wrapper...
