2024-10-10 03:45:18,775 INFO - ContAudITWrapper#74 - Initializing ContAudIT Wrapper...
2024-10-10 03:45:18,974 INFO - ContAudITWrapper#74 - Current directory: /home/ec2-user/Code/ufrgs-poc/contaudit-wrapper.jar
2024-10-10 03:45:42,041 INFO - ContAudITWrapper#74 - Wrapper hash: b7519188ed863d76e5199a8d880bb968bdf9124fad53b871583787e123a7a764
2024-10-10 03:45:42,048 INFO - ContAudITWrapper#74 - Validating Wrapper...
2024-10-10 03:46:49,918 INFO - ContAudITWrapper#74 - Response true
2024-10-10 03:46:49,995 INFO - ContAudITWrapper#74 - Application hash: e36ee2d35f8c4c41bd358782dfb3ac8852b40439d350ff27616f0c18819ce9bf
2024-10-10 03:46:50,025 INFO - ContAudITWrapper#74 - Validating Application...
2024-10-10 03:47:03,064 INFO - ContAudITWrapper#74 - Response true
2024-10-10 03:47:03,080 INFO - ContAudITWrapper#74 - Artifact user.workflow hash: 52877374d8c54314b7af92814eaf729121e99a87e9706a2888cd9bcd951b11c9
2024-10-10 03:47:03,100 INFO - ContAudITWrapper#74 - Validating Artifact...
2024-10-10 03:47:12,219 INFO - ContAudITWrapper#74 - Response true
2024-10-10 03:47:12,221 INFO - ContAudITWrapper#74 - Running pre-command actions...
2024-10-10 03:47:12,222 INFO - ContAudITWrapper#74 - Analyzing current environment state...
2024-10-10 03:47:12,360 INFO - ContAudITWrapper#74 - Saving current environment state...
2024-10-10 03:47:12,361 INFO - ContAudITWrapper#74 - Environment state hash: a7ffc6f8bf1ed76651c14756a061d662f580ff4de43b49fa82d80a4b80f8434a
2024-10-10 03:47:12,361 INFO - ContAudITWrapper#74 - Executing command...
2024-10-10 03:47:23,443 INFO - ContAudITWrapper#74 - Command output: 
2024-10-10 03:47:12.404198277 [executor] Initializing the workflow...
[useradd_workflow] User contaudit74 already exists. Removing...
[useradd_workflow] User contaudit74 successfully removed.
[useradd_workflow] User contaudit74 created successfully.
2024-10-10 03:47:23.443007713 [executor] Finished!

2024-10-10 03:47:23,444 INFO - ContAudITWrapper#74 - Running post-command actions...
2024-10-10 03:47:23,444 INFO - ContAudITWrapper#74 - Analyzing current environment state...
2024-10-10 03:47:23,502 INFO - ContAudITWrapper#74 - Saving current environment state...
2024-10-10 03:47:23,503 INFO - ContAudITWrapper#74 - Environment state hash: a7ffc6f8bf1ed76651c14756a061d662f580ff4de43b49fa82d80a4b80f8434a
2024-10-10 03:47:23,504 INFO - ContAudITWrapper#74 - Checking environment diff...
2024-10-10 03:47:23,524 INFO - ContAudITWrapper#74 - Environment diff: 
2024-10-10 03:47:23,524 INFO - ContAudITWrapper#74 - Cleaning temporary files...
2024-10-10 03:47:23,549 INFO - ContAudITWrapper#74 - Sending to blockchain...
2024-10-10 03:47:26,372 INFO - ContAudITWrapper#74 - Response 
2024-10-10 03:47:26,374 INFO - ContAudITWrapper#74 - Finishing ContAudIT Wrapper...
