2024-10-10 03:45:18,347 INFO - ContAudITWrapper#31 - Initializing ContAudIT Wrapper...
2024-10-10 03:45:18,515 INFO - ContAudITWrapper#31 - Current directory: /home/ec2-user/Code/ufrgs-poc/contaudit-wrapper.jar
2024-10-10 03:45:40,747 INFO - ContAudITWrapper#31 - Wrapper hash: b7519188ed863d76e5199a8d880bb968bdf9124fad53b871583787e123a7a764
2024-10-10 03:45:40,764 INFO - ContAudITWrapper#31 - Validating Wrapper...
2024-10-10 03:46:45,845 INFO - ContAudITWrapper#31 - Response true
2024-10-10 03:46:46,034 INFO - ContAudITWrapper#31 - Application hash: e36ee2d35f8c4c41bd358782dfb3ac8852b40439d350ff27616f0c18819ce9bf
2024-10-10 03:46:46,034 INFO - ContAudITWrapper#31 - Validating Application...
2024-10-10 03:46:58,252 INFO - ContAudITWrapper#31 - Response true
2024-10-10 03:46:58,270 INFO - ContAudITWrapper#31 - Artifact user.workflow hash: 52877374d8c54314b7af92814eaf729121e99a87e9706a2888cd9bcd951b11c9
2024-10-10 03:46:58,275 INFO - ContAudITWrapper#31 - Validating Artifact...
2024-10-10 03:47:10,144 INFO - ContAudITWrapper#31 - Response true
2024-10-10 03:47:10,156 INFO - ContAudITWrapper#31 - Running pre-command actions...
2024-10-10 03:47:10,157 INFO - ContAudITWrapper#31 - Analyzing current environment state...
2024-10-10 03:47:10,317 INFO - ContAudITWrapper#31 - Saving current environment state...
2024-10-10 03:47:10,318 INFO - ContAudITWrapper#31 - Environment state hash: a7ffc6f8bf1ed76651c14756a061d662f580ff4de43b49fa82d80a4b80f8434a
2024-10-10 03:47:10,318 INFO - ContAudITWrapper#31 - Executing command...
2024-10-10 03:47:22,142 INFO - ContAudITWrapper#31 - Command output: 
2024-10-10 03:47:10.462979935 [executor] Initializing the workflow...
[useradd_workflow] User contaudit31 already exists. Removing...
[useradd_workflow] User contaudit31 successfully removed.
[useradd_workflow] User contaudit31 created successfully.
2024-10-10 03:47:22.141669729 [executor] Finished!

2024-10-10 03:47:22,142 INFO - ContAudITWrapper#31 - Running post-command actions...
2024-10-10 03:47:22,142 INFO - ContAudITWrapper#31 - Analyzing current environment state...
2024-10-10 03:47:22,156 INFO - ContAudITWrapper#31 - Saving current environment state...
2024-10-10 03:47:22,156 INFO - ContAudITWrapper#31 - Environment state hash: a7ffc6f8bf1ed76651c14756a061d662f580ff4de43b49fa82d80a4b80f8434a
2024-10-10 03:47:22,156 INFO - ContAudITWrapper#31 - Checking environment diff...
2024-10-10 03:47:22,195 INFO - ContAudITWrapper#31 - Environment diff: 
2024-10-10 03:47:22,195 INFO - ContAudITWrapper#31 - Cleaning temporary files...
2024-10-10 03:47:22,209 INFO - ContAudITWrapper#31 - Sending to blockchain...
2024-10-10 03:47:26,352 INFO - ContAudITWrapper#31 - Response 
2024-10-10 03:47:26,354 INFO - ContAudITWrapper#31 - Finishing ContAudIT Wrapper...
