2024-10-10 03:45:16,683 INFO - ContAudITWrapper#76 - Initializing ContAudIT Wrapper...
2024-10-10 03:45:16,960 INFO - ContAudITWrapper#76 - Current directory: /home/ec2-user/Code/ufrgs-poc/contaudit-wrapper.jar
2024-10-10 03:45:35,287 INFO - ContAudITWrapper#76 - Wrapper hash: b7519188ed863d76e5199a8d880bb968bdf9124fad53b871583787e123a7a764
2024-10-10 03:45:35,376 INFO - ContAudITWrapper#76 - Validating Wrapper...
2024-10-10 03:46:35,641 INFO - ContAudITWrapper#76 - Response true
2024-10-10 03:46:35,920 INFO - ContAudITWrapper#76 - Application hash: e36ee2d35f8c4c41bd358782dfb3ac8852b40439d350ff27616f0c18819ce9bf
2024-10-10 03:46:35,975 INFO - ContAudITWrapper#76 - Validating Application...
2024-10-10 03:46:49,008 INFO - ContAudITWrapper#76 - Response true
2024-10-10 03:46:49,024 INFO - ContAudITWrapper#76 - Artifact user.workflow hash: 52877374d8c54314b7af92814eaf729121e99a87e9706a2888cd9bcd951b11c9
2024-10-10 03:46:49,076 INFO - ContAudITWrapper#76 - Validating Artifact...
2024-10-10 03:47:03,185 INFO - ContAudITWrapper#76 - Response true
2024-10-10 03:47:03,200 INFO - ContAudITWrapper#76 - Running pre-command actions...
2024-10-10 03:47:03,202 INFO - ContAudITWrapper#76 - Analyzing current environment state...
2024-10-10 03:47:03,613 INFO - ContAudITWrapper#76 - Saving current environment state...
2024-10-10 03:47:03,614 INFO - ContAudITWrapper#76 - Environment state hash: a7ffc6f8bf1ed76651c14756a061d662f580ff4de43b49fa82d80a4b80f8434a
2024-10-10 03:47:03,614 INFO - ContAudITWrapper#76 - Executing command...
2024-10-10 03:47:14,671 INFO - ContAudITWrapper#76 - Command output: 
2024-10-10 03:47:03.689283768 [executor] Initializing the workflow...
[useradd_workflow] User contaudit76 already exists. Removing...
[useradd_workflow] User contaudit76 successfully removed.
[useradd_workflow] User contaudit76 created successfully.
2024-10-10 03:47:14.671258970 [executor] Finished!

2024-10-10 03:47:14,672 INFO - ContAudITWrapper#76 - Running post-command actions...
2024-10-10 03:47:14,672 INFO - ContAudITWrapper#76 - Analyzing current environment state...
2024-10-10 03:47:14,676 INFO - ContAudITWrapper#76 - Saving current environment state...
2024-10-10 03:47:14,676 INFO - ContAudITWrapper#76 - Environment state hash: a7ffc6f8bf1ed76651c14756a061d662f580ff4de43b49fa82d80a4b80f8434a
2024-10-10 03:47:14,676 INFO - ContAudITWrapper#76 - Checking environment diff...
2024-10-10 03:47:14,679 INFO - ContAudITWrapper#76 - Environment diff: 
2024-10-10 03:47:14,680 INFO - ContAudITWrapper#76 - Cleaning temporary files...
2024-10-10 03:47:14,684 INFO - ContAudITWrapper#76 - Sending to blockchain...
2024-10-10 03:47:16,508 INFO - ContAudITWrapper#76 - Response 
2024-10-10 03:47:16,520 INFO - ContAudITWrapper#76 - Finishing ContAudIT Wrapper...
