2024-10-10 03:45:18,626 INFO - ContAudITWrapper#94 - Initializing ContAudIT Wrapper...
2024-10-10 03:45:18,890 INFO - ContAudITWrapper#94 - Current directory: /home/ec2-user/Code/ufrgs-poc/contaudit-wrapper.jar
2024-10-10 03:45:41,734 INFO - ContAudITWrapper#94 - Wrapper hash: b7519188ed863d76e5199a8d880bb968bdf9124fad53b871583787e123a7a764
2024-10-10 03:45:41,828 INFO - ContAudITWrapper#94 - Validating Wrapper...
2024-10-10 03:46:45,765 INFO - ContAudITWrapper#94 - Response true
2024-10-10 03:46:46,073 INFO - ContAudITWrapper#94 - Application hash: e36ee2d35f8c4c41bd358782dfb3ac8852b40439d350ff27616f0c18819ce9bf
2024-10-10 03:46:46,074 INFO - ContAudITWrapper#94 - Validating Application...
2024-10-10 03:47:02,555 INFO - ContAudITWrapper#94 - Response true
2024-10-10 03:47:02,570 INFO - ContAudITWrapper#94 - Artifact user.workflow hash: 52877374d8c54314b7af92814eaf729121e99a87e9706a2888cd9bcd951b11c9
2024-10-10 03:47:02,580 INFO - ContAudITWrapper#94 - Validating Artifact...
2024-10-10 03:47:12,961 INFO - ContAudITWrapper#94 - Response true
2024-10-10 03:47:12,971 INFO - ContAudITWrapper#94 - Running pre-command actions...
2024-10-10 03:47:12,972 INFO - ContAudITWrapper#94 - Analyzing current environment state...
2024-10-10 03:47:13,090 INFO - ContAudITWrapper#94 - Saving current environment state...
2024-10-10 03:47:13,091 INFO - ContAudITWrapper#94 - Environment state hash: a7ffc6f8bf1ed76651c14756a061d662f580ff4de43b49fa82d80a4b80f8434a
2024-10-10 03:47:13,091 INFO - ContAudITWrapper#94 - Executing command...
2024-10-10 03:47:18,021 INFO - ContAudITWrapper#94 - Command output: 
2024-10-10 03:47:13.106339589 [executor] Initializing the workflow...
[useradd_workflow] User contaudit94 does not exist. Creating...
[useradd_workflow] User contaudit94 created successfully.
2024-10-10 03:47:18.021113138 [executor] Finished!

2024-10-10 03:47:18,022 INFO - ContAudITWrapper#94 - Running post-command actions...
2024-10-10 03:47:18,022 INFO - ContAudITWrapper#94 - Analyzing current environment state...
2024-10-10 03:47:18,026 INFO - ContAudITWrapper#94 - Saving current environment state...
2024-10-10 03:47:18,026 INFO - ContAudITWrapper#94 - Environment state hash: a7ffc6f8bf1ed76651c14756a061d662f580ff4de43b49fa82d80a4b80f8434a
2024-10-10 03:47:18,026 INFO - ContAudITWrapper#94 - Checking environment diff...
2024-10-10 03:47:18,029 INFO - ContAudITWrapper#94 - Environment diff: 
2024-10-10 03:47:18,030 INFO - ContAudITWrapper#94 - Cleaning temporary files...
2024-10-10 03:47:18,035 INFO - ContAudITWrapper#94 - Sending to blockchain...
2024-10-10 03:47:20,878 INFO - ContAudITWrapper#94 - Response 
2024-10-10 03:47:20,891 INFO - ContAudITWrapper#94 - Finishing ContAudIT Wrapper...
