2024-10-10 03:45:17,814 INFO - ContAudITWrapper#23 - Initializing ContAudIT Wrapper...
2024-10-10 03:45:18,024 INFO - ContAudITWrapper#23 - Current directory: /home/ec2-user/Code/ufrgs-poc/contaudit-wrapper.jar
2024-10-10 03:45:38,968 INFO - ContAudITWrapper#23 - Wrapper hash: b7519188ed863d76e5199a8d880bb968bdf9124fad53b871583787e123a7a764
2024-10-10 03:45:39,019 INFO - ContAudITWrapper#23 - Validating Wrapper...
2024-10-10 03:46:45,648 INFO - ContAudITWrapper#23 - Response true
2024-10-10 03:46:45,754 INFO - ContAudITWrapper#23 - Application hash: e36ee2d35f8c4c41bd358782dfb3ac8852b40439d350ff27616f0c18819ce9bf
2024-10-10 03:46:45,755 INFO - ContAudITWrapper#23 - Validating Application...
2024-10-10 03:46:58,863 INFO - ContAudITWrapper#23 - Response true
2024-10-10 03:46:58,875 INFO - ContAudITWrapper#23 - Artifact user.workflow hash: 52877374d8c54314b7af92814eaf729121e99a87e9706a2888cd9bcd951b11c9
2024-10-10 03:46:58,886 INFO - ContAudITWrapper#23 - Validating Artifact...
2024-10-10 03:47:09,926 INFO - ContAudITWrapper#23 - Response true
2024-10-10 03:47:09,970 INFO - ContAudITWrapper#23 - Running pre-command actions...
2024-10-10 03:47:09,971 INFO - ContAudITWrapper#23 - Analyzing current environment state...
2024-10-10 03:47:10,160 INFO - ContAudITWrapper#23 - Saving current environment state...
2024-10-10 03:47:10,161 INFO - ContAudITWrapper#23 - Environment state hash: a7ffc6f8bf1ed76651c14756a061d662f580ff4de43b49fa82d80a4b80f8434a
2024-10-10 03:47:10,161 INFO - ContAudITWrapper#23 - Executing command...
2024-10-10 03:47:20,733 INFO - ContAudITWrapper#23 - Command output: 
2024-10-10 03:47:10.324599332 [executor] Initializing the workflow...
[useradd_workflow] User contaudit23 already exists. Removing...
[useradd_workflow] User contaudit23 successfully removed.
[useradd_workflow] User contaudit23 created successfully.
2024-10-10 03:47:20.729643075 [executor] Finished!

2024-10-10 03:47:20,733 INFO - ContAudITWrapper#23 - Running post-command actions...
2024-10-10 03:47:20,734 INFO - ContAudITWrapper#23 - Analyzing current environment state...
2024-10-10 03:47:20,751 INFO - ContAudITWrapper#23 - Saving current environment state...
2024-10-10 03:47:20,751 INFO - ContAudITWrapper#23 - Environment state hash: a7ffc6f8bf1ed76651c14756a061d662f580ff4de43b49fa82d80a4b80f8434a
2024-10-10 03:47:20,752 INFO - ContAudITWrapper#23 - Checking environment diff...
2024-10-10 03:47:20,794 INFO - ContAudITWrapper#23 - Environment diff: 
2024-10-10 03:47:20,795 INFO - ContAudITWrapper#23 - Cleaning temporary files...
2024-10-10 03:47:20,922 INFO - ContAudITWrapper#23 - Sending to blockchain...
2024-10-10 03:47:24,221 INFO - ContAudITWrapper#23 - Response 
2024-10-10 03:47:24,223 INFO - ContAudITWrapper#23 - Finishing ContAudIT Wrapper...
