2024-10-10 03:45:17,901 INFO - ContAudITWrapper#33 - Initializing ContAudIT Wrapper...
2024-10-10 03:45:18,209 INFO - ContAudITWrapper#33 - Current directory: /home/ec2-user/Code/ufrgs-poc/contaudit-wrapper.jar
2024-10-10 03:45:40,947 INFO - ContAudITWrapper#33 - Wrapper hash: b7519188ed863d76e5199a8d880bb968bdf9124fad53b871583787e123a7a764
2024-10-10 03:45:41,042 INFO - ContAudITWrapper#33 - Validating Wrapper...
2024-10-10 03:46:44,309 INFO - ContAudITWrapper#33 - Response true
2024-10-10 03:46:44,457 INFO - ContAudITWrapper#33 - Application hash: e36ee2d35f8c4c41bd358782dfb3ac8852b40439d350ff27616f0c18819ce9bf
2024-10-10 03:46:44,461 INFO - ContAudITWrapper#33 - Validating Application...
2024-10-10 03:46:55,777 INFO - ContAudITWrapper#33 - Response true
2024-10-10 03:46:55,786 INFO - ContAudITWrapper#33 - Artifact user.workflow hash: 52877374d8c54314b7af92814eaf729121e99a87e9706a2888cd9bcd951b11c9
2024-10-10 03:46:55,792 INFO - ContAudITWrapper#33 - Validating Artifact...
2024-10-10 03:47:06,749 INFO - ContAudITWrapper#33 - Response true
2024-10-10 03:47:06,754 INFO - ContAudITWrapper#33 - Running pre-command actions...
2024-10-10 03:47:06,755 INFO - ContAudITWrapper#33 - Analyzing current environment state...
2024-10-10 03:47:06,924 INFO - ContAudITWrapper#33 - Saving current environment state...
2024-10-10 03:47:06,925 INFO - ContAudITWrapper#33 - Environment state hash: a7ffc6f8bf1ed76651c14756a061d662f580ff4de43b49fa82d80a4b80f8434a
2024-10-10 03:47:06,925 INFO - ContAudITWrapper#33 - Executing command...
2024-10-10 03:47:19,224 INFO - ContAudITWrapper#33 - Command output: 
2024-10-10 03:47:06.962187506 [executor] Initializing the workflow...
[useradd_workflow] User contaudit33 already exists. Removing...
[useradd_workflow] User contaudit33 successfully removed.
[useradd_workflow] User contaudit33 created successfully.
2024-10-10 03:47:19.222909014 [executor] Finished!

2024-10-10 03:47:19,224 INFO - ContAudITWrapper#33 - Running post-command actions...
2024-10-10 03:47:19,224 INFO - ContAudITWrapper#33 - Analyzing current environment state...
2024-10-10 03:47:19,247 INFO - ContAudITWrapper#33 - Saving current environment state...
2024-10-10 03:47:19,247 INFO - ContAudITWrapper#33 - Environment state hash: a7ffc6f8bf1ed76651c14756a061d662f580ff4de43b49fa82d80a4b80f8434a
2024-10-10 03:47:19,247 INFO - ContAudITWrapper#33 - Checking environment diff...
2024-10-10 03:47:19,263 INFO - ContAudITWrapper#33 - Environment diff: 
2024-10-10 03:47:19,263 INFO - ContAudITWrapper#33 - Cleaning temporary files...
2024-10-10 03:47:19,281 INFO - ContAudITWrapper#33 - Sending to blockchain...
2024-10-10 03:47:22,257 INFO - ContAudITWrapper#33 - Response 
2024-10-10 03:47:22,259 INFO - ContAudITWrapper#33 - Finishing ContAudIT Wrapper...
