2024-10-10 03:45:18,146 INFO - ContAudITWrapper#56 - Initializing ContAudIT Wrapper...
2024-10-10 03:45:18,327 INFO - ContAudITWrapper#56 - Current directory: /home/ec2-user/Code/ufrgs-poc/contaudit-wrapper.jar
2024-10-10 03:45:39,818 INFO - ContAudITWrapper#56 - Wrapper hash: b7519188ed863d76e5199a8d880bb968bdf9124fad53b871583787e123a7a764
2024-10-10 03:45:39,850 INFO - ContAudITWrapper#56 - Validating Wrapper...
2024-10-10 03:46:43,100 INFO - ContAudITWrapper#56 - Response true
2024-10-10 03:46:43,266 INFO - ContAudITWrapper#56 - Application hash: e36ee2d35f8c4c41bd358782dfb3ac8852b40439d350ff27616f0c18819ce9bf
2024-10-10 03:46:43,268 INFO - ContAudITWrapper#56 - Validating Application...
2024-10-10 03:46:51,639 INFO - ContAudITWrapper#56 - Response true
2024-10-10 03:46:51,685 INFO - ContAudITWrapper#56 - Artifact user.workflow hash: 52877374d8c54314b7af92814eaf729121e99a87e9706a2888cd9bcd951b11c9
2024-10-10 03:46:51,752 INFO - ContAudITWrapper#56 - Validating Artifact...
2024-10-10 03:47:02,658 INFO - ContAudITWrapper#56 - Response true
2024-10-10 03:47:02,672 INFO - ContAudITWrapper#56 - Running pre-command actions...
2024-10-10 03:47:02,674 INFO - ContAudITWrapper#56 - Analyzing current environment state...
2024-10-10 03:47:02,880 INFO - ContAudITWrapper#56 - Saving current environment state...
2024-10-10 03:47:02,882 INFO - ContAudITWrapper#56 - Environment state hash: a7ffc6f8bf1ed76651c14756a061d662f580ff4de43b49fa82d80a4b80f8434a
2024-10-10 03:47:02,882 INFO - ContAudITWrapper#56 - Executing command...
2024-10-10 03:47:13,406 INFO - ContAudITWrapper#56 - Command output: 
2024-10-10 03:47:03.011209499 [executor] Initializing the workflow...
[useradd_workflow] User contaudit56 already exists. Removing...
[useradd_workflow] User contaudit56 successfully removed.
[useradd_workflow] User contaudit56 created successfully.
2024-10-10 03:47:13.405855497 [executor] Finished!

2024-10-10 03:47:13,407 INFO - ContAudITWrapper#56 - Running post-command actions...
2024-10-10 03:47:13,407 INFO - ContAudITWrapper#56 - Analyzing current environment state...
2024-10-10 03:47:13,448 INFO - ContAudITWrapper#56 - Saving current environment state...
2024-10-10 03:47:13,449 INFO - ContAudITWrapper#56 - Environment state hash: a7ffc6f8bf1ed76651c14756a061d662f580ff4de43b49fa82d80a4b80f8434a
2024-10-10 03:47:13,449 INFO - ContAudITWrapper#56 - Checking environment diff...
2024-10-10 03:47:13,457 INFO - ContAudITWrapper#56 - Environment diff: 
2024-10-10 03:47:13,457 INFO - ContAudITWrapper#56 - Cleaning temporary files...
2024-10-10 03:47:13,470 INFO - ContAudITWrapper#56 - Sending to blockchain...
2024-10-10 03:47:16,486 INFO - ContAudITWrapper#56 - Response 
2024-10-10 03:47:16,492 INFO - ContAudITWrapper#56 - Finishing ContAudIT Wrapper...
