2024-10-10 03:45:17,548 INFO - ContAudITWrapper#36 - Initializing ContAudIT Wrapper...
2024-10-10 03:45:17,728 INFO - ContAudITWrapper#36 - Current directory: /home/ec2-user/Code/ufrgs-poc/contaudit-wrapper.jar
2024-10-10 03:45:37,472 INFO - ContAudITWrapper#36 - Wrapper hash: b7519188ed863d76e5199a8d880bb968bdf9124fad53b871583787e123a7a764
2024-10-10 03:45:37,533 INFO - ContAudITWrapper#36 - Validating Wrapper...
2024-10-10 03:46:35,544 INFO - ContAudITWrapper#36 - Response true
2024-10-10 03:46:35,774 INFO - ContAudITWrapper#36 - Application hash: e36ee2d35f8c4c41bd358782dfb3ac8852b40439d350ff27616f0c18819ce9bf
2024-10-10 03:46:35,782 INFO - ContAudITWrapper#36 - Validating Application...
2024-10-10 03:46:50,639 INFO - ContAudITWrapper#36 - Response true
2024-10-10 03:46:50,645 INFO - ContAudITWrapper#36 - Artifact user.workflow hash: 52877374d8c54314b7af92814eaf729121e99a87e9706a2888cd9bcd951b11c9
2024-10-10 03:46:50,667 INFO - ContAudITWrapper#36 - Validating Artifact...
2024-10-10 03:47:02,961 INFO - ContAudITWrapper#36 - Response true
2024-10-10 03:47:02,975 INFO - ContAudITWrapper#36 - Running pre-command actions...
2024-10-10 03:47:02,976 INFO - ContAudITWrapper#36 - Analyzing current environment state...
2024-10-10 03:47:03,081 INFO - ContAudITWrapper#36 - Saving current environment state...
2024-10-10 03:47:03,082 INFO - ContAudITWrapper#36 - Environment state hash: a7ffc6f8bf1ed76651c14756a061d662f580ff4de43b49fa82d80a4b80f8434a
2024-10-10 03:47:03,083 INFO - ContAudITWrapper#36 - Executing command...
2024-10-10 03:47:13,281 INFO - ContAudITWrapper#36 - Command output: 
2024-10-10 03:47:03.193095238 [executor] Initializing the workflow...
[useradd_workflow] User contaudit36 already exists. Removing...
[useradd_workflow] User contaudit36 successfully removed.
[useradd_workflow] User contaudit36 created successfully.
2024-10-10 03:47:13.280552837 [executor] Finished!

2024-10-10 03:47:13,281 INFO - ContAudITWrapper#36 - Running post-command actions...
2024-10-10 03:47:13,281 INFO - ContAudITWrapper#36 - Analyzing current environment state...
2024-10-10 03:47:13,293 INFO - ContAudITWrapper#36 - Saving current environment state...
2024-10-10 03:47:13,294 INFO - ContAudITWrapper#36 - Environment state hash: a7ffc6f8bf1ed76651c14756a061d662f580ff4de43b49fa82d80a4b80f8434a
2024-10-10 03:47:13,294 INFO - ContAudITWrapper#36 - Checking environment diff...
2024-10-10 03:47:13,303 INFO - ContAudITWrapper#36 - Environment diff: 
2024-10-10 03:47:13,304 INFO - ContAudITWrapper#36 - Cleaning temporary files...
2024-10-10 03:47:13,312 INFO - ContAudITWrapper#36 - Sending to blockchain...
2024-10-10 03:47:16,524 INFO - ContAudITWrapper#36 - Response 
2024-10-10 03:47:16,525 INFO - ContAudITWrapper#36 - Finishing ContAudIT Wrapper...
