2024-10-10 03:45:17,710 INFO - ContAudITWrapper#41 - Initializing ContAudIT Wrapper...
2024-10-10 03:45:17,753 INFO - ContAudITWrapper#41 - Current directory: /home/ec2-user/Code/ufrgs-poc/contaudit-wrapper.jar
2024-10-10 03:45:38,809 INFO - ContAudITWrapper#41 - Wrapper hash: b7519188ed863d76e5199a8d880bb968bdf9124fad53b871583787e123a7a764
2024-10-10 03:45:38,819 INFO - ContAudITWrapper#41 - Validating Wrapper...
2024-10-10 03:46:42,323 INFO - ContAudITWrapper#41 - Response true
2024-10-10 03:46:42,351 INFO - ContAudITWrapper#41 - Application hash: e36ee2d35f8c4c41bd358782dfb3ac8852b40439d350ff27616f0c18819ce9bf
2024-10-10 03:46:42,459 INFO - ContAudITWrapper#41 - Validating Application...
2024-10-10 03:46:57,343 INFO - ContAudITWrapper#41 - Response true
2024-10-10 03:46:57,379 INFO - ContAudITWrapper#41 - Artifact user.workflow hash: 52877374d8c54314b7af92814eaf729121e99a87e9706a2888cd9bcd951b11c9
2024-10-10 03:46:57,395 INFO - ContAudITWrapper#41 - Validating Artifact...
2024-10-10 03:47:07,889 INFO - ContAudITWrapper#41 - Response true
2024-10-10 03:47:07,960 INFO - ContAudITWrapper#41 - Running pre-command actions...
2024-10-10 03:47:07,961 INFO - ContAudITWrapper#41 - Analyzing current environment state...
2024-10-10 03:47:08,119 INFO - ContAudITWrapper#41 - Saving current environment state...
2024-10-10 03:47:08,120 INFO - ContAudITWrapper#41 - Environment state hash: a7ffc6f8bf1ed76651c14756a061d662f580ff4de43b49fa82d80a4b80f8434a
2024-10-10 03:47:08,121 INFO - ContAudITWrapper#41 - Executing command...
2024-10-10 03:47:19,620 INFO - ContAudITWrapper#41 - Command output: 
2024-10-10 03:47:08.252616551 [executor] Initializing the workflow...
[useradd_workflow] User contaudit41 already exists. Removing...
[useradd_workflow] User contaudit41 successfully removed.
[useradd_workflow] User contaudit41 created successfully.
2024-10-10 03:47:19.619150480 [executor] Finished!

2024-10-10 03:47:19,620 INFO - ContAudITWrapper#41 - Running post-command actions...
2024-10-10 03:47:19,620 INFO - ContAudITWrapper#41 - Analyzing current environment state...
2024-10-10 03:47:19,637 INFO - ContAudITWrapper#41 - Saving current environment state...
2024-10-10 03:47:19,637 INFO - ContAudITWrapper#41 - Environment state hash: a7ffc6f8bf1ed76651c14756a061d662f580ff4de43b49fa82d80a4b80f8434a
2024-10-10 03:47:19,637 INFO - ContAudITWrapper#41 - Checking environment diff...
2024-10-10 03:47:19,670 INFO - ContAudITWrapper#41 - Environment diff: 
2024-10-10 03:47:19,671 INFO - ContAudITWrapper#41 - Cleaning temporary files...
2024-10-10 03:47:19,687 INFO - ContAudITWrapper#41 - Sending to blockchain...
2024-10-10 03:47:22,322 INFO - ContAudITWrapper#41 - Response 
2024-10-10 03:47:22,324 INFO - ContAudITWrapper#41 - Finishing ContAudIT Wrapper...
