2024-10-10 03:45:18,854 INFO - ContAudITWrapper#54 - Initializing ContAudIT Wrapper...
2024-10-10 03:45:19,043 INFO - ContAudITWrapper#54 - Current directory: /home/ec2-user/Code/ufrgs-poc/contaudit-wrapper.jar
2024-10-10 03:45:40,336 INFO - ContAudITWrapper#54 - Wrapper hash: b7519188ed863d76e5199a8d880bb968bdf9124fad53b871583787e123a7a764
2024-10-10 03:45:40,344 INFO - ContAudITWrapper#54 - Validating Wrapper...
2024-10-10 03:46:44,569 INFO - ContAudITWrapper#54 - Response true
2024-10-10 03:46:44,793 INFO - ContAudITWrapper#54 - Application hash: e36ee2d35f8c4c41bd358782dfb3ac8852b40439d350ff27616f0c18819ce9bf
2024-10-10 03:46:44,794 INFO - ContAudITWrapper#54 - Validating Application...
2024-10-10 03:46:58,288 INFO - ContAudITWrapper#54 - Response true
2024-10-10 03:46:58,301 INFO - ContAudITWrapper#54 - Artifact user.workflow hash: 52877374d8c54314b7af92814eaf729121e99a87e9706a2888cd9bcd951b11c9
2024-10-10 03:46:58,335 INFO - ContAudITWrapper#54 - Validating Artifact...
2024-10-10 03:47:08,319 INFO - ContAudITWrapper#54 - Response true
2024-10-10 03:47:08,324 INFO - ContAudITWrapper#54 - Running pre-command actions...
2024-10-10 03:47:08,326 INFO - ContAudITWrapper#54 - Analyzing current environment state...
2024-10-10 03:47:08,534 INFO - ContAudITWrapper#54 - Saving current environment state...
2024-10-10 03:47:08,535 INFO - ContAudITWrapper#54 - Environment state hash: a7ffc6f8bf1ed76651c14756a061d662f580ff4de43b49fa82d80a4b80f8434a
2024-10-10 03:47:08,535 INFO - ContAudITWrapper#54 - Executing command...
2024-10-10 03:47:19,700 INFO - ContAudITWrapper#54 - Command output: 
2024-10-10 03:47:08.680749975 [executor] Initializing the workflow...
[useradd_workflow] User contaudit54 already exists. Removing...
[useradd_workflow] User contaudit54 successfully removed.
[useradd_workflow] User contaudit54 created successfully.
2024-10-10 03:47:19.699952602 [executor] Finished!

2024-10-10 03:47:19,701 INFO - ContAudITWrapper#54 - Running post-command actions...
2024-10-10 03:47:19,702 INFO - ContAudITWrapper#54 - Analyzing current environment state...
2024-10-10 03:47:19,720 INFO - ContAudITWrapper#54 - Saving current environment state...
2024-10-10 03:47:19,721 INFO - ContAudITWrapper#54 - Environment state hash: a7ffc6f8bf1ed76651c14756a061d662f580ff4de43b49fa82d80a4b80f8434a
2024-10-10 03:47:19,722 INFO - ContAudITWrapper#54 - Checking environment diff...
2024-10-10 03:47:19,753 INFO - ContAudITWrapper#54 - Environment diff: 
2024-10-10 03:47:19,753 INFO - ContAudITWrapper#54 - Cleaning temporary files...
2024-10-10 03:47:19,762 INFO - ContAudITWrapper#54 - Sending to blockchain...
2024-10-10 03:47:22,443 INFO - ContAudITWrapper#54 - Response 
2024-10-10 03:47:22,444 INFO - ContAudITWrapper#54 - Finishing ContAudIT Wrapper...
