2024-10-10 03:45:18,413 INFO - ContAudITWrapper#46 - Initializing ContAudIT Wrapper...
2024-10-10 03:45:18,612 INFO - ContAudITWrapper#46 - Current directory: /home/ec2-user/Code/ufrgs-poc/contaudit-wrapper.jar
2024-10-10 03:45:40,553 INFO - ContAudITWrapper#46 - Wrapper hash: b7519188ed863d76e5199a8d880bb968bdf9124fad53b871583787e123a7a764
2024-10-10 03:45:40,561 INFO - ContAudITWrapper#46 - Validating Wrapper...
2024-10-10 03:46:43,769 INFO - ContAudITWrapper#46 - Response true
2024-10-10 03:46:44,209 INFO - ContAudITWrapper#46 - Application hash: e36ee2d35f8c4c41bd358782dfb3ac8852b40439d350ff27616f0c18819ce9bf
2024-10-10 03:46:44,211 INFO - ContAudITWrapper#46 - Validating Application...
2024-10-10 03:46:58,852 INFO - ContAudITWrapper#46 - Response true
2024-10-10 03:46:58,871 INFO - ContAudITWrapper#46 - Artifact user.workflow hash: 52877374d8c54314b7af92814eaf729121e99a87e9706a2888cd9bcd951b11c9
2024-10-10 03:46:58,881 INFO - ContAudITWrapper#46 - Validating Artifact...
2024-10-10 03:47:10,703 INFO - ContAudITWrapper#46 - Response true
2024-10-10 03:47:10,714 INFO - ContAudITWrapper#46 - Running pre-command actions...
2024-10-10 03:47:10,715 INFO - ContAudITWrapper#46 - Analyzing current environment state...
2024-10-10 03:47:10,840 INFO - ContAudITWrapper#46 - Saving current environment state...
2024-10-10 03:47:10,841 INFO - ContAudITWrapper#46 - Environment state hash: a7ffc6f8bf1ed76651c14756a061d662f580ff4de43b49fa82d80a4b80f8434a
2024-10-10 03:47:10,841 INFO - ContAudITWrapper#46 - Executing command...
2024-10-10 03:47:21,453 INFO - ContAudITWrapper#46 - Command output: 
2024-10-10 03:47:10.876318759 [executor] Initializing the workflow...
[useradd_workflow] User contaudit46 already exists. Removing...
[useradd_workflow] User contaudit46 successfully removed.
[useradd_workflow] User contaudit46 created successfully.
2024-10-10 03:47:21.452808012 [executor] Finished!

2024-10-10 03:47:21,454 INFO - ContAudITWrapper#46 - Running post-command actions...
2024-10-10 03:47:21,454 INFO - ContAudITWrapper#46 - Analyzing current environment state...
2024-10-10 03:47:21,495 INFO - ContAudITWrapper#46 - Saving current environment state...
2024-10-10 03:47:21,496 INFO - ContAudITWrapper#46 - Environment state hash: a7ffc6f8bf1ed76651c14756a061d662f580ff4de43b49fa82d80a4b80f8434a
2024-10-10 03:47:21,496 INFO - ContAudITWrapper#46 - Checking environment diff...
2024-10-10 03:47:21,516 INFO - ContAudITWrapper#46 - Environment diff: 
2024-10-10 03:47:21,516 INFO - ContAudITWrapper#46 - Cleaning temporary files...
2024-10-10 03:47:21,525 INFO - ContAudITWrapper#46 - Sending to blockchain...
2024-10-10 03:47:25,441 INFO - ContAudITWrapper#46 - Response 
2024-10-10 03:47:25,448 INFO - ContAudITWrapper#46 - Finishing ContAudIT Wrapper...
