2024-10-10 03:45:16,834 INFO - ContAudITWrapper#45 - Initializing ContAudIT Wrapper...
2024-10-10 03:45:17,021 INFO - ContAudITWrapper#45 - Current directory: /home/ec2-user/Code/ufrgs-poc/contaudit-wrapper.jar
2024-10-10 03:45:36,142 INFO - ContAudITWrapper#45 - Wrapper hash: b7519188ed863d76e5199a8d880bb968bdf9124fad53b871583787e123a7a764
2024-10-10 03:45:36,155 INFO - ContAudITWrapper#45 - Validating Wrapper...
2024-10-10 03:46:34,757 INFO - ContAudITWrapper#45 - Response true
2024-10-10 03:46:34,787 INFO - ContAudITWrapper#45 - Application hash: e36ee2d35f8c4c41bd358782dfb3ac8852b40439d350ff27616f0c18819ce9bf
2024-10-10 03:46:34,808 INFO - ContAudITWrapper#45 - Validating Application...
2024-10-10 03:46:50,905 INFO - ContAudITWrapper#45 - Response true
2024-10-10 03:46:50,919 INFO - ContAudITWrapper#45 - Artifact user.workflow hash: 52877374d8c54314b7af92814eaf729121e99a87e9706a2888cd9bcd951b11c9
2024-10-10 03:46:50,932 INFO - ContAudITWrapper#45 - Validating Artifact...
2024-10-10 03:47:01,857 INFO - ContAudITWrapper#45 - Response true
2024-10-10 03:47:01,860 INFO - ContAudITWrapper#45 - Running pre-command actions...
2024-10-10 03:47:01,861 INFO - ContAudITWrapper#45 - Analyzing current environment state...
2024-10-10 03:47:02,101 INFO - ContAudITWrapper#45 - Saving current environment state...
2024-10-10 03:47:02,102 INFO - ContAudITWrapper#45 - Environment state hash: a7ffc6f8bf1ed76651c14756a061d662f580ff4de43b49fa82d80a4b80f8434a
2024-10-10 03:47:02,102 INFO - ContAudITWrapper#45 - Executing command...
2024-10-10 03:47:11,177 INFO - ContAudITWrapper#45 - Command output: 
2024-10-10 03:47:02.232515672 [executor] Initializing the workflow...
[useradd_workflow] User contaudit45 already exists. Removing...
[useradd_workflow] User contaudit45 successfully removed.
[useradd_workflow] User contaudit45 created successfully.
2024-10-10 03:47:11.175582509 [executor] Finished!

2024-10-10 03:47:11,177 INFO - ContAudITWrapper#45 - Running post-command actions...
2024-10-10 03:47:11,177 INFO - ContAudITWrapper#45 - Analyzing current environment state...
2024-10-10 03:47:11,283 INFO - ContAudITWrapper#45 - Saving current environment state...
2024-10-10 03:47:11,283 INFO - ContAudITWrapper#45 - Environment state hash: a7ffc6f8bf1ed76651c14756a061d662f580ff4de43b49fa82d80a4b80f8434a
2024-10-10 03:47:11,284 INFO - ContAudITWrapper#45 - Checking environment diff...
2024-10-10 03:47:11,317 INFO - ContAudITWrapper#45 - Environment diff: 
2024-10-10 03:47:11,317 INFO - ContAudITWrapper#45 - Cleaning temporary files...
2024-10-10 03:47:11,354 INFO - ContAudITWrapper#45 - Sending to blockchain...
2024-10-10 03:47:14,248 INFO - ContAudITWrapper#45 - Response 
2024-10-10 03:47:14,250 INFO - ContAudITWrapper#45 - Finishing ContAudIT Wrapper...
