2024-10-10 03:45:17,955 INFO - ContAudITWrapper#58 - Initializing ContAudIT Wrapper...
2024-10-10 03:45:18,219 INFO - ContAudITWrapper#58 - Current directory: /home/ec2-user/Code/ufrgs-poc/contaudit-wrapper.jar
2024-10-10 03:45:39,660 INFO - ContAudITWrapper#58 - Wrapper hash: b7519188ed863d76e5199a8d880bb968bdf9124fad53b871583787e123a7a764
2024-10-10 03:45:39,668 INFO - ContAudITWrapper#58 - Validating Wrapper...
2024-10-10 03:46:45,828 INFO - ContAudITWrapper#58 - Response true
2024-10-10 03:46:46,038 INFO - ContAudITWrapper#58 - Application hash: e36ee2d35f8c4c41bd358782dfb3ac8852b40439d350ff27616f0c18819ce9bf
2024-10-10 03:46:46,039 INFO - ContAudITWrapper#58 - Validating Application...
2024-10-10 03:47:00,589 INFO - ContAudITWrapper#58 - Response true
2024-10-10 03:47:00,610 INFO - ContAudITWrapper#58 - Artifact user.workflow hash: 52877374d8c54314b7af92814eaf729121e99a87e9706a2888cd9bcd951b11c9
2024-10-10 03:47:00,627 INFO - ContAudITWrapper#58 - Validating Artifact...
2024-10-10 03:47:12,192 INFO - ContAudITWrapper#58 - Response true
2024-10-10 03:47:12,207 INFO - ContAudITWrapper#58 - Running pre-command actions...
2024-10-10 03:47:12,212 INFO - ContAudITWrapper#58 - Analyzing current environment state...
2024-10-10 03:47:12,291 INFO - ContAudITWrapper#58 - Saving current environment state...
2024-10-10 03:47:12,292 INFO - ContAudITWrapper#58 - Environment state hash: a7ffc6f8bf1ed76651c14756a061d662f580ff4de43b49fa82d80a4b80f8434a
2024-10-10 03:47:12,292 INFO - ContAudITWrapper#58 - Executing command...
2024-10-10 03:47:23,504 INFO - ContAudITWrapper#58 - Command output: 
2024-10-10 03:47:12.385059306 [executor] Initializing the workflow...
[useradd_workflow] User contaudit58 already exists. Removing...
[useradd_workflow] User contaudit58 successfully removed.
[useradd_workflow] User contaudit58 created successfully.
2024-10-10 03:47:23.501988618 [executor] Finished!

2024-10-10 03:47:23,504 INFO - ContAudITWrapper#58 - Running post-command actions...
2024-10-10 03:47:23,504 INFO - ContAudITWrapper#58 - Analyzing current environment state...
2024-10-10 03:47:23,571 INFO - ContAudITWrapper#58 - Saving current environment state...
2024-10-10 03:47:23,572 INFO - ContAudITWrapper#58 - Environment state hash: a7ffc6f8bf1ed76651c14756a061d662f580ff4de43b49fa82d80a4b80f8434a
2024-10-10 03:47:23,572 INFO - ContAudITWrapper#58 - Checking environment diff...
2024-10-10 03:47:23,605 INFO - ContAudITWrapper#58 - Environment diff: 
2024-10-10 03:47:23,606 INFO - ContAudITWrapper#58 - Cleaning temporary files...
2024-10-10 03:47:23,665 INFO - ContAudITWrapper#58 - Sending to blockchain...
2024-10-10 03:47:26,851 INFO - ContAudITWrapper#58 - Response 
2024-10-10 03:47:26,853 INFO - ContAudITWrapper#58 - Finishing ContAudIT Wrapper...
