2024-10-10 03:45:18,009 INFO - ContAudITWrapper#43 - Initializing ContAudIT Wrapper...
2024-10-10 03:45:18,201 INFO - ContAudITWrapper#43 - Current directory: /home/ec2-user/Code/ufrgs-poc/contaudit-wrapper.jar
2024-10-10 03:45:43,744 INFO - ContAudITWrapper#43 - Wrapper hash: b7519188ed863d76e5199a8d880bb968bdf9124fad53b871583787e123a7a764
2024-10-10 03:45:43,939 INFO - ContAudITWrapper#43 - Validating Wrapper...
2024-10-10 03:46:48,473 INFO - ContAudITWrapper#43 - Response true
2024-10-10 03:46:48,651 INFO - ContAudITWrapper#43 - Application hash: e36ee2d35f8c4c41bd358782dfb3ac8852b40439d350ff27616f0c18819ce9bf
2024-10-10 03:46:48,660 INFO - ContAudITWrapper#43 - Validating Application...
2024-10-10 03:47:02,014 INFO - ContAudITWrapper#43 - Response true
2024-10-10 03:47:02,016 INFO - ContAudITWrapper#43 - Artifact user.workflow hash: 52877374d8c54314b7af92814eaf729121e99a87e9706a2888cd9bcd951b11c9
2024-10-10 03:47:02,024 INFO - ContAudITWrapper#43 - Validating Artifact...
2024-10-10 03:47:12,814 INFO - ContAudITWrapper#43 - Response true
2024-10-10 03:47:12,824 INFO - ContAudITWrapper#43 - Running pre-command actions...
2024-10-10 03:47:12,826 INFO - ContAudITWrapper#43 - Analyzing current environment state...
2024-10-10 03:47:12,896 INFO - ContAudITWrapper#43 - Saving current environment state...
2024-10-10 03:47:12,896 INFO - ContAudITWrapper#43 - Environment state hash: a7ffc6f8bf1ed76651c14756a061d662f580ff4de43b49fa82d80a4b80f8434a
2024-10-10 03:47:12,897 INFO - ContAudITWrapper#43 - Executing command...
2024-10-10 03:47:24,721 INFO - ContAudITWrapper#43 - Command output: 
2024-10-10 03:47:12.951350917 [executor] Initializing the workflow...
[useradd_workflow] User contaudit43 already exists. Removing...
[useradd_workflow] User contaudit43 successfully removed.
[useradd_workflow] User contaudit43 created successfully.
2024-10-10 03:47:24.720666838 [executor] Finished!

2024-10-10 03:47:24,721 INFO - ContAudITWrapper#43 - Running post-command actions...
2024-10-10 03:47:24,722 INFO - ContAudITWrapper#43 - Analyzing current environment state...
2024-10-10 03:47:24,826 INFO - ContAudITWrapper#43 - Saving current environment state...
2024-10-10 03:47:24,826 INFO - ContAudITWrapper#43 - Environment state hash: a7ffc6f8bf1ed76651c14756a061d662f580ff4de43b49fa82d80a4b80f8434a
2024-10-10 03:47:24,826 INFO - ContAudITWrapper#43 - Checking environment diff...
2024-10-10 03:47:24,843 INFO - ContAudITWrapper#43 - Environment diff: 
2024-10-10 03:47:24,844 INFO - ContAudITWrapper#43 - Cleaning temporary files...
2024-10-10 03:47:24,851 INFO - ContAudITWrapper#43 - Sending to blockchain...
2024-10-10 03:47:26,876 INFO - ContAudITWrapper#43 - Response 
2024-10-10 03:47:26,878 INFO - ContAudITWrapper#43 - Finishing ContAudIT Wrapper...
