2024-10-10 03:45:18,386 INFO - ContAudITWrapper#89 - Initializing ContAudIT Wrapper...
2024-10-10 03:45:18,689 INFO - ContAudITWrapper#89 - Current directory: /home/ec2-user/Code/ufrgs-poc/contaudit-wrapper.jar
2024-10-10 03:45:34,862 INFO - ContAudITWrapper#89 - Wrapper hash: b7519188ed863d76e5199a8d880bb968bdf9124fad53b871583787e123a7a764
2024-10-10 03:45:34,952 INFO - ContAudITWrapper#89 - Validating Wrapper...
2024-10-10 03:46:36,116 INFO - ContAudITWrapper#89 - Response true
2024-10-10 03:46:36,215 INFO - ContAudITWrapper#89 - Application hash: e36ee2d35f8c4c41bd358782dfb3ac8852b40439d350ff27616f0c18819ce9bf
2024-10-10 03:46:36,216 INFO - ContAudITWrapper#89 - Validating Application...
2024-10-10 03:46:52,405 INFO - ContAudITWrapper#89 - Response true
2024-10-10 03:46:52,414 INFO - ContAudITWrapper#89 - Artifact user.workflow hash: 52877374d8c54314b7af92814eaf729121e99a87e9706a2888cd9bcd951b11c9
2024-10-10 03:46:52,419 INFO - ContAudITWrapper#89 - Validating Artifact...
2024-10-10 03:47:01,343 INFO - ContAudITWrapper#89 - Response true
2024-10-10 03:47:01,352 INFO - ContAudITWrapper#89 - Running pre-command actions...
2024-10-10 03:47:01,353 INFO - ContAudITWrapper#89 - Analyzing current environment state...
2024-10-10 03:47:01,517 INFO - ContAudITWrapper#89 - Saving current environment state...
2024-10-10 03:47:01,519 INFO - ContAudITWrapper#89 - Environment state hash: a7ffc6f8bf1ed76651c14756a061d662f580ff4de43b49fa82d80a4b80f8434a
2024-10-10 03:47:01,519 INFO - ContAudITWrapper#89 - Executing command...
2024-10-10 03:47:06,035 INFO - ContAudITWrapper#89 - Command output: 
2024-10-10 03:47:01.635409968 [executor] Initializing the workflow...
[useradd_workflow] User contaudit89 already exists. Removing...
[useradd_workflow] User contaudit89 successfully removed.
[useradd_workflow] User contaudit89 created successfully.
2024-10-10 03:47:06.034525811 [executor] Finished!

2024-10-10 03:47:06,035 INFO - ContAudITWrapper#89 - Running post-command actions...
2024-10-10 03:47:06,036 INFO - ContAudITWrapper#89 - Analyzing current environment state...
2024-10-10 03:47:06,112 INFO - ContAudITWrapper#89 - Saving current environment state...
2024-10-10 03:47:06,113 INFO - ContAudITWrapper#89 - Environment state hash: a7ffc6f8bf1ed76651c14756a061d662f580ff4de43b49fa82d80a4b80f8434a
2024-10-10 03:47:06,113 INFO - ContAudITWrapper#89 - Checking environment diff...
2024-10-10 03:47:06,200 INFO - ContAudITWrapper#89 - Environment diff: 
2024-10-10 03:47:06,200 INFO - ContAudITWrapper#89 - Cleaning temporary files...
2024-10-10 03:47:06,274 INFO - ContAudITWrapper#89 - Sending to blockchain...
2024-10-10 03:47:14,225 INFO - ContAudITWrapper#89 - Response 
2024-10-10 03:47:14,227 INFO - ContAudITWrapper#89 - Finishing ContAudIT Wrapper...
