2024-10-10 03:45:18,007 INFO - ContAudITWrapper#75 - Initializing ContAudIT Wrapper...
2024-10-10 03:45:18,178 INFO - ContAudITWrapper#75 - Current directory: /home/ec2-user/Code/ufrgs-poc/contaudit-wrapper.jar
2024-10-10 03:45:43,446 INFO - ContAudITWrapper#75 - Wrapper hash: b7519188ed863d76e5199a8d880bb968bdf9124fad53b871583787e123a7a764
2024-10-10 03:45:43,638 INFO - ContAudITWrapper#75 - Validating Wrapper...
2024-10-10 03:46:50,242 INFO - ContAudITWrapper#75 - Response true
2024-10-10 03:46:50,292 INFO - ContAudITWrapper#75 - Application hash: e36ee2d35f8c4c41bd358782dfb3ac8852b40439d350ff27616f0c18819ce9bf
2024-10-10 03:46:50,297 INFO - ContAudITWrapper#75 - Validating Application...
2024-10-10 03:47:05,955 INFO - ContAudITWrapper#75 - Response true
2024-10-10 03:47:05,967 INFO - ContAudITWrapper#75 - Artifact user.workflow hash: 52877374d8c54314b7af92814eaf729121e99a87e9706a2888cd9bcd951b11c9
2024-10-10 03:47:05,981 INFO - ContAudITWrapper#75 - Validating Artifact...
2024-10-10 03:47:09,064 INFO - ContAudITWrapper#75 - Response true
2024-10-10 03:47:09,068 INFO - ContAudITWrapper#75 - Running pre-command actions...
2024-10-10 03:47:09,069 INFO - ContAudITWrapper#75 - Analyzing current environment state...
2024-10-10 03:47:09,194 INFO - ContAudITWrapper#75 - Saving current environment state...
2024-10-10 03:47:09,195 INFO - ContAudITWrapper#75 - Environment state hash: a7ffc6f8bf1ed76651c14756a061d662f580ff4de43b49fa82d80a4b80f8434a
2024-10-10 03:47:09,195 INFO - ContAudITWrapper#75 - Executing command...
2024-10-10 03:47:19,993 INFO - ContAudITWrapper#75 - Command output: 
2024-10-10 03:47:09.262474817 [executor] Initializing the workflow...
[useradd_workflow] User contaudit75 already exists. Removing...
[useradd_workflow] User contaudit75 successfully removed.
[useradd_workflow] User contaudit75 created successfully.
2024-10-10 03:47:19.992247599 [executor] Finished!

2024-10-10 03:47:19,993 INFO - ContAudITWrapper#75 - Running post-command actions...
2024-10-10 03:47:19,993 INFO - ContAudITWrapper#75 - Analyzing current environment state...
2024-10-10 03:47:20,007 INFO - ContAudITWrapper#75 - Saving current environment state...
2024-10-10 03:47:20,007 INFO - ContAudITWrapper#75 - Environment state hash: a7ffc6f8bf1ed76651c14756a061d662f580ff4de43b49fa82d80a4b80f8434a
2024-10-10 03:47:20,007 INFO - ContAudITWrapper#75 - Checking environment diff...
2024-10-10 03:47:20,012 INFO - ContAudITWrapper#75 - Environment diff: 
2024-10-10 03:47:20,013 INFO - ContAudITWrapper#75 - Cleaning temporary files...
2024-10-10 03:47:20,022 INFO - ContAudITWrapper#75 - Sending to blockchain...
2024-10-10 03:47:22,325 INFO - ContAudITWrapper#75 - Response 
2024-10-10 03:47:22,327 INFO - ContAudITWrapper#75 - Finishing ContAudIT Wrapper...
