2024-10-11 04:41:24,969 INFO - ContAudITWrapper#33 - Initializing ContAudIT Wrapper...
2024-10-11 04:41:25,206 INFO - ContAudITWrapper#33 - Current directory: /home/ec2-user/Code/ufrgs-poc/contaudit-wrapper.jar
2024-10-11 04:41:50,110 INFO - ContAudITWrapper#33 - Wrapper hash: b7519188ed863d76e5199a8d880bb968bdf9124fad53b871583787e123a7a764
2024-10-11 04:41:50,221 INFO - ContAudITWrapper#33 - Validating Wrapper...
2024-10-11 04:43:01,685 INFO - ContAudITWrapper#33 - Response true
2024-10-11 04:43:01,760 INFO - ContAudITWrapper#33 - Application hash: e36ee2d35f8c4c41bd358782dfb3ac8852b40439d350ff27616f0c18819ce9bf
2024-10-11 04:43:01,768 INFO - ContAudITWrapper#33 - Validating Application...
2024-10-11 04:43:11,062 INFO - ContAudITWrapper#33 - Response true
2024-10-11 04:43:11,208 INFO - ContAudITWrapper#33 - Artifact apache2.workflow hash: bdb4cee855e21446b6ae53ddcb76a1632ef8c4545b5db0517e01ffd552157f6e
2024-10-11 04:43:11,233 INFO - ContAudITWrapper#33 - Validating Artifact...
2024-10-11 04:43:21,332 INFO - ContAudITWrapper#33 - Response true
2024-10-11 04:43:21,405 INFO - ContAudITWrapper#33 - Running pre-command actions...
2024-10-11 04:43:21,406 INFO - ContAudITWrapper#33 - Analyzing current environment state...
2024-10-11 04:43:21,671 INFO - ContAudITWrapper#33 - Saving current environment state...
2024-10-11 04:43:21,672 INFO - ContAudITWrapper#33 - Environment state hash: a7ffc6f8bf1ed76651c14756a061d662f580ff4de43b49fa82d80a4b80f8434a
2024-10-11 04:43:21,673 INFO - ContAudITWrapper#33 - Executing command...
2024-10-11 04:43:23,028 INFO - ContAudITWrapper#33 - Command output: 
2024-10-11 04:43:21.826098803 [executor] Initializing the workflow...
[apache2_workflow] Apache HTTP Server already installed.
[apache2_workflow] UserDir module already loaded.
[apache2_workflow] Configs to UserDir already exist.
[apache2_workflow] public_html directory already exists in /home/ec2-user.
[apache2_workflow] Creating a simple webpage...
[apache2_workflow] Moving webpage to Apache HTTP Server user website folder...
[apache2_workflow] Page moved successfully!
2024-10-11 04:43:23.027571875 [executor] Finished!

2024-10-11 04:43:23,028 INFO - ContAudITWrapper#33 - Running post-command actions...
2024-10-11 04:43:23,029 INFO - ContAudITWrapper#33 - Analyzing current environment state...
2024-10-11 04:43:23,178 INFO - ContAudITWrapper#33 - Saving current environment state...
2024-10-11 04:43:23,179 INFO - ContAudITWrapper#33 - Environment state hash: a7ffc6f8bf1ed76651c14756a061d662f580ff4de43b49fa82d80a4b80f8434a
2024-10-11 04:43:23,179 INFO - ContAudITWrapper#33 - Checking environment diff...
2024-10-11 04:43:23,260 INFO - ContAudITWrapper#33 - Environment diff: 
2024-10-11 04:43:23,261 INFO - ContAudITWrapper#33 - Cleaning temporary files...
2024-10-11 04:43:23,408 INFO - ContAudITWrapper#33 - Sending to blockchain...
2024-10-11 04:43:34,501 INFO - ContAudITWrapper#33 - Response 
2024-10-11 04:43:34,502 INFO - ContAudITWrapper#33 - Finishing ContAudIT Wrapper...
