2024-10-11 04:41:25,498 INFO - ContAudITWrapper#70 - Initializing ContAudIT Wrapper...
2024-10-11 04:41:25,667 INFO - ContAudITWrapper#70 - Current directory: /home/ec2-user/Code/ufrgs-poc/contaudit-wrapper.jar
2024-10-11 04:41:51,072 INFO - ContAudITWrapper#70 - Wrapper hash: b7519188ed863d76e5199a8d880bb968bdf9124fad53b871583787e123a7a764
2024-10-11 04:41:51,249 INFO - ContAudITWrapper#70 - Validating Wrapper...
2024-10-11 04:43:05,391 INFO - ContAudITWrapper#70 - Response true
2024-10-11 04:43:05,523 INFO - ContAudITWrapper#70 - Application hash: e36ee2d35f8c4c41bd358782dfb3ac8852b40439d350ff27616f0c18819ce9bf
2024-10-11 04:43:05,524 INFO - ContAudITWrapper#70 - Validating Application...
2024-10-11 04:43:11,900 INFO - ContAudITWrapper#70 - Response true
2024-10-11 04:43:11,914 INFO - ContAudITWrapper#70 - Artifact apache2.workflow hash: bdb4cee855e21446b6ae53ddcb76a1632ef8c4545b5db0517e01ffd552157f6e
2024-10-11 04:43:12,071 INFO - ContAudITWrapper#70 - Validating Artifact...
2024-10-11 04:43:24,601 INFO - ContAudITWrapper#70 - Response true
2024-10-11 04:43:24,611 INFO - ContAudITWrapper#70 - Running pre-command actions...
2024-10-11 04:43:24,612 INFO - ContAudITWrapper#70 - Analyzing current environment state...
2024-10-11 04:43:24,781 INFO - ContAudITWrapper#70 - Saving current environment state...
2024-10-11 04:43:24,781 INFO - ContAudITWrapper#70 - Environment state hash: a7ffc6f8bf1ed76651c14756a061d662f580ff4de43b49fa82d80a4b80f8434a
2024-10-11 04:43:24,782 INFO - ContAudITWrapper#70 - Executing command...
2024-10-11 04:43:26,040 INFO - ContAudITWrapper#70 - Command output: 
2024-10-11 04:43:24.891845293 [executor] Initializing the workflow...
[apache2_workflow] Apache HTTP Server already installed.
[apache2_workflow] UserDir module already loaded.
[apache2_workflow] Configs to UserDir already exist.
[apache2_workflow] public_html directory already exists in /home/ec2-user.
[apache2_workflow] Creating a simple webpage...
[apache2_workflow] Moving webpage to Apache HTTP Server user website folder...
[apache2_workflow] Page moved successfully!
2024-10-11 04:43:26.037767909 [executor] Finished!

2024-10-11 04:43:26,040 INFO - ContAudITWrapper#70 - Running post-command actions...
2024-10-11 04:43:26,040 INFO - ContAudITWrapper#70 - Analyzing current environment state...
2024-10-11 04:43:26,094 INFO - ContAudITWrapper#70 - Saving current environment state...
2024-10-11 04:43:26,095 INFO - ContAudITWrapper#70 - Environment state hash: a7ffc6f8bf1ed76651c14756a061d662f580ff4de43b49fa82d80a4b80f8434a
2024-10-11 04:43:26,095 INFO - ContAudITWrapper#70 - Checking environment diff...
2024-10-11 04:43:26,142 INFO - ContAudITWrapper#70 - Environment diff: 
2024-10-11 04:43:26,142 INFO - ContAudITWrapper#70 - Cleaning temporary files...
2024-10-11 04:43:26,242 INFO - ContAudITWrapper#70 - Sending to blockchain...
2024-10-11 04:43:39,065 INFO - ContAudITWrapper#70 - Response 
2024-10-11 04:43:39,067 INFO - ContAudITWrapper#70 - Finishing ContAudIT Wrapper...
