2024-10-11 04:41:25,184 INFO - ContAudITWrapper#100 - Initializing ContAudIT Wrapper...
2024-10-11 04:41:25,399 INFO - ContAudITWrapper#100 - Current directory: /home/ec2-user/Code/ufrgs-poc/contaudit-wrapper.jar
2024-10-11 04:41:51,013 INFO - ContAudITWrapper#100 - Wrapper hash: b7519188ed863d76e5199a8d880bb968bdf9124fad53b871583787e123a7a764
2024-10-11 04:41:51,143 INFO - ContAudITWrapper#100 - Validating Wrapper...
2024-10-11 04:43:01,072 INFO - ContAudITWrapper#100 - Response true
2024-10-11 04:43:01,097 INFO - ContAudITWrapper#100 - Application hash: e36ee2d35f8c4c41bd358782dfb3ac8852b40439d350ff27616f0c18819ce9bf
2024-10-11 04:43:01,100 INFO - ContAudITWrapper#100 - Validating Application...
2024-10-11 04:43:16,760 INFO - ContAudITWrapper#100 - Response true
2024-10-11 04:43:16,871 INFO - ContAudITWrapper#100 - Artifact apache2.workflow hash: bdb4cee855e21446b6ae53ddcb76a1632ef8c4545b5db0517e01ffd552157f6e
2024-10-11 04:43:16,882 INFO - ContAudITWrapper#100 - Validating Artifact...
2024-10-11 04:43:28,997 INFO - ContAudITWrapper#100 - Response true
2024-10-11 04:43:29,018 INFO - ContAudITWrapper#100 - Running pre-command actions...
2024-10-11 04:43:29,019 INFO - ContAudITWrapper#100 - Analyzing current environment state...
2024-10-11 04:43:29,210 INFO - ContAudITWrapper#100 - Saving current environment state...
2024-10-11 04:43:29,211 INFO - ContAudITWrapper#100 - Environment state hash: a7ffc6f8bf1ed76651c14756a061d662f580ff4de43b49fa82d80a4b80f8434a
2024-10-11 04:43:29,213 INFO - ContAudITWrapper#100 - Executing command...
2024-10-11 04:43:30,717 INFO - ContAudITWrapper#100 - Command output: 
2024-10-11 04:43:29.376638975 [executor] Initializing the workflow...
[apache2_workflow] Apache HTTP Server already installed.
[apache2_workflow] UserDir module already loaded.
[apache2_workflow] Configs to UserDir already exist.
[apache2_workflow] public_html directory already exists in /home/ec2-user.
[apache2_workflow] Creating a simple webpage...
[apache2_workflow] Moving webpage to Apache HTTP Server user website folder...
[apache2_workflow] Page moved successfully!
2024-10-11 04:43:30.716047467 [executor] Finished!

2024-10-11 04:43:30,717 INFO - ContAudITWrapper#100 - Running post-command actions...
2024-10-11 04:43:30,717 INFO - ContAudITWrapper#100 - Analyzing current environment state...
2024-10-11 04:43:30,765 INFO - ContAudITWrapper#100 - Saving current environment state...
2024-10-11 04:43:30,765 INFO - ContAudITWrapper#100 - Environment state hash: a7ffc6f8bf1ed76651c14756a061d662f580ff4de43b49fa82d80a4b80f8434a
2024-10-11 04:43:30,765 INFO - ContAudITWrapper#100 - Checking environment diff...
2024-10-11 04:43:30,823 INFO - ContAudITWrapper#100 - Environment diff: 
2024-10-11 04:43:30,823 INFO - ContAudITWrapper#100 - Cleaning temporary files...
2024-10-11 04:43:30,895 INFO - ContAudITWrapper#100 - Sending to blockchain...
2024-10-11 04:43:40,394 INFO - ContAudITWrapper#100 - Response 
2024-10-11 04:43:40,405 INFO - ContAudITWrapper#100 - Finishing ContAudIT Wrapper...
