2024-10-11 04:41:23,118 INFO - ContAudITWrapper#39 - Initializing ContAudIT Wrapper...
2024-10-11 04:41:23,389 INFO - ContAudITWrapper#39 - Current directory: /home/ec2-user/Code/ufrgs-poc/contaudit-wrapper.jar
2024-10-11 04:41:41,629 INFO - ContAudITWrapper#39 - Wrapper hash: b7519188ed863d76e5199a8d880bb968bdf9124fad53b871583787e123a7a764
2024-10-11 04:41:41,644 INFO - ContAudITWrapper#39 - Validating Wrapper...
2024-10-11 04:42:35,495 INFO - ContAudITWrapper#39 - Response true
2024-10-11 04:42:35,871 INFO - ContAudITWrapper#39 - Application hash: e36ee2d35f8c4c41bd358782dfb3ac8852b40439d350ff27616f0c18819ce9bf
2024-10-11 04:42:35,877 INFO - ContAudITWrapper#39 - Validating Application...
2024-10-11 04:42:52,473 INFO - ContAudITWrapper#39 - Response true
2024-10-11 04:42:52,499 INFO - ContAudITWrapper#39 - Artifact apache2.workflow hash: bdb4cee855e21446b6ae53ddcb76a1632ef8c4545b5db0517e01ffd552157f6e
2024-10-11 04:42:52,558 INFO - ContAudITWrapper#39 - Validating Artifact...
2024-10-11 04:43:08,775 INFO - ContAudITWrapper#39 - Response true
2024-10-11 04:43:08,782 INFO - ContAudITWrapper#39 - Running pre-command actions...
2024-10-11 04:43:08,783 INFO - ContAudITWrapper#39 - Analyzing current environment state...
2024-10-11 04:43:08,964 INFO - ContAudITWrapper#39 - Saving current environment state...
2024-10-11 04:43:08,965 INFO - ContAudITWrapper#39 - Environment state hash: a7ffc6f8bf1ed76651c14756a061d662f580ff4de43b49fa82d80a4b80f8434a
2024-10-11 04:43:08,965 INFO - ContAudITWrapper#39 - Executing command...
2024-10-11 04:43:10,312 INFO - ContAudITWrapper#39 - Command output: 
2024-10-11 04:43:09.157811766 [executor] Initializing the workflow...
[apache2_workflow] Apache HTTP Server already installed.
[apache2_workflow] UserDir module already loaded.
[apache2_workflow] Configs to UserDir already exist.
[apache2_workflow] public_html directory already exists in /home/ec2-user.
[apache2_workflow] Creating a simple webpage...
[apache2_workflow] Moving webpage to Apache HTTP Server user website folder...
[apache2_workflow] Page moved successfully!
2024-10-11 04:43:10.311147182 [executor] Finished!

2024-10-11 04:43:10,313 INFO - ContAudITWrapper#39 - Running post-command actions...
2024-10-11 04:43:10,313 INFO - ContAudITWrapper#39 - Analyzing current environment state...
2024-10-11 04:43:10,421 INFO - ContAudITWrapper#39 - Saving current environment state...
2024-10-11 04:43:10,422 INFO - ContAudITWrapper#39 - Environment state hash: a7ffc6f8bf1ed76651c14756a061d662f580ff4de43b49fa82d80a4b80f8434a
2024-10-11 04:43:10,422 INFO - ContAudITWrapper#39 - Checking environment diff...
2024-10-11 04:43:10,476 INFO - ContAudITWrapper#39 - Environment diff: 
2024-10-11 04:43:10,476 INFO - ContAudITWrapper#39 - Cleaning temporary files...
2024-10-11 04:43:10,535 INFO - ContAudITWrapper#39 - Sending to blockchain...
2024-10-11 04:43:26,689 INFO - ContAudITWrapper#39 - Response 
2024-10-11 04:43:26,696 INFO - ContAudITWrapper#39 - Finishing ContAudIT Wrapper...
