2024-10-11 04:41:24,374 INFO - ContAudITWrapper#94 - Initializing ContAudIT Wrapper...
2024-10-11 04:41:24,570 INFO - ContAudITWrapper#94 - Current directory: /home/ec2-user/Code/ufrgs-poc/contaudit-wrapper.jar
2024-10-11 04:41:39,770 INFO - ContAudITWrapper#94 - Wrapper hash: b7519188ed863d76e5199a8d880bb968bdf9124fad53b871583787e123a7a764
2024-10-11 04:41:39,778 INFO - ContAudITWrapper#94 - Validating Wrapper...
2024-10-11 04:42:29,930 INFO - ContAudITWrapper#94 - Response true
2024-10-11 04:42:30,199 INFO - ContAudITWrapper#94 - Application hash: e36ee2d35f8c4c41bd358782dfb3ac8852b40439d350ff27616f0c18819ce9bf
2024-10-11 04:42:30,200 INFO - ContAudITWrapper#94 - Validating Application...
2024-10-11 04:42:48,659 INFO - ContAudITWrapper#94 - Response true
2024-10-11 04:42:48,667 INFO - ContAudITWrapper#94 - Artifact apache2.workflow hash: bdb4cee855e21446b6ae53ddcb76a1632ef8c4545b5db0517e01ffd552157f6e
2024-10-11 04:42:48,712 INFO - ContAudITWrapper#94 - Validating Artifact...
2024-10-11 04:43:04,458 INFO - ContAudITWrapper#94 - Response true
2024-10-11 04:43:04,472 INFO - ContAudITWrapper#94 - Running pre-command actions...
2024-10-11 04:43:04,474 INFO - ContAudITWrapper#94 - Analyzing current environment state...
2024-10-11 04:43:04,714 INFO - ContAudITWrapper#94 - Saving current environment state...
2024-10-11 04:43:04,715 INFO - ContAudITWrapper#94 - Environment state hash: a7ffc6f8bf1ed76651c14756a061d662f580ff4de43b49fa82d80a4b80f8434a
2024-10-11 04:43:04,716 INFO - ContAudITWrapper#94 - Executing command...
2024-10-11 04:43:06,060 INFO - ContAudITWrapper#94 - Command output: 
2024-10-11 04:43:04.832909593 [executor] Initializing the workflow...
[apache2_workflow] Apache HTTP Server already installed.
[apache2_workflow] UserDir module already loaded.
[apache2_workflow] Configs to UserDir already exist.
[apache2_workflow] public_html directory already exists in /home/ec2-user.
[apache2_workflow] Creating a simple webpage...
[apache2_workflow] Moving webpage to Apache HTTP Server user website folder...
[apache2_workflow] Page moved successfully!
2024-10-11 04:43:06.059255615 [executor] Finished!

2024-10-11 04:43:06,060 INFO - ContAudITWrapper#94 - Running post-command actions...
2024-10-11 04:43:06,060 INFO - ContAudITWrapper#94 - Analyzing current environment state...
2024-10-11 04:43:06,279 INFO - ContAudITWrapper#94 - Saving current environment state...
2024-10-11 04:43:06,279 INFO - ContAudITWrapper#94 - Environment state hash: a7ffc6f8bf1ed76651c14756a061d662f580ff4de43b49fa82d80a4b80f8434a
2024-10-11 04:43:06,280 INFO - ContAudITWrapper#94 - Checking environment diff...
2024-10-11 04:43:06,546 INFO - ContAudITWrapper#94 - Environment diff: 
2024-10-11 04:43:06,546 INFO - ContAudITWrapper#94 - Cleaning temporary files...
2024-10-11 04:43:06,754 INFO - ContAudITWrapper#94 - Sending to blockchain...
2024-10-11 04:43:21,075 INFO - ContAudITWrapper#94 - Response 
2024-10-11 04:43:21,078 INFO - ContAudITWrapper#94 - Finishing ContAudIT Wrapper...
