2024-10-11 04:41:24,717 INFO - ContAudITWrapper#80 - Initializing ContAudIT Wrapper...
2024-10-11 04:41:24,932 INFO - ContAudITWrapper#80 - Current directory: /home/ec2-user/Code/ufrgs-poc/contaudit-wrapper.jar
2024-10-11 04:41:51,194 INFO - ContAudITWrapper#80 - Wrapper hash: b7519188ed863d76e5199a8d880bb968bdf9124fad53b871583787e123a7a764
2024-10-11 04:41:51,203 INFO - ContAudITWrapper#80 - Validating Wrapper...
2024-10-11 04:43:04,969 INFO - ContAudITWrapper#80 - Response true
2024-10-11 04:43:05,229 INFO - ContAudITWrapper#80 - Application hash: e36ee2d35f8c4c41bd358782dfb3ac8852b40439d350ff27616f0c18819ce9bf
2024-10-11 04:43:05,230 INFO - ContAudITWrapper#80 - Validating Application...
2024-10-11 04:43:19,723 INFO - ContAudITWrapper#80 - Response true
2024-10-11 04:43:19,755 INFO - ContAudITWrapper#80 - Artifact apache2.workflow hash: bdb4cee855e21446b6ae53ddcb76a1632ef8c4545b5db0517e01ffd552157f6e
2024-10-11 04:43:19,812 INFO - ContAudITWrapper#80 - Validating Artifact...
2024-10-11 04:43:33,230 INFO - ContAudITWrapper#80 - Response true
2024-10-11 04:43:33,258 INFO - ContAudITWrapper#80 - Running pre-command actions...
2024-10-11 04:43:33,259 INFO - ContAudITWrapper#80 - Analyzing current environment state...
2024-10-11 04:43:33,404 INFO - ContAudITWrapper#80 - Saving current environment state...
2024-10-11 04:43:33,405 INFO - ContAudITWrapper#80 - Environment state hash: a7ffc6f8bf1ed76651c14756a061d662f580ff4de43b49fa82d80a4b80f8434a
2024-10-11 04:43:33,406 INFO - ContAudITWrapper#80 - Executing command...
2024-10-11 04:43:35,169 INFO - ContAudITWrapper#80 - Command output: 
2024-10-11 04:43:33.577579780 [executor] Initializing the workflow...
[apache2_workflow] Apache HTTP Server already installed.
[apache2_workflow] UserDir module already loaded.
[apache2_workflow] Configs to UserDir already exist.
[apache2_workflow] public_html directory already exists in /home/ec2-user.
[apache2_workflow] Creating a simple webpage...
[apache2_workflow] Moving webpage to Apache HTTP Server user website folder...
[apache2_workflow] Page moved successfully!
2024-10-11 04:43:35.163774277 [executor] Finished!

2024-10-11 04:43:35,169 INFO - ContAudITWrapper#80 - Running post-command actions...
2024-10-11 04:43:35,170 INFO - ContAudITWrapper#80 - Analyzing current environment state...
2024-10-11 04:43:35,243 INFO - ContAudITWrapper#80 - Saving current environment state...
2024-10-11 04:43:35,244 INFO - ContAudITWrapper#80 - Environment state hash: a7ffc6f8bf1ed76651c14756a061d662f580ff4de43b49fa82d80a4b80f8434a
2024-10-11 04:43:35,244 INFO - ContAudITWrapper#80 - Checking environment diff...
2024-10-11 04:43:35,318 INFO - ContAudITWrapper#80 - Environment diff: 
2024-10-11 04:43:35,318 INFO - ContAudITWrapper#80 - Cleaning temporary files...
2024-10-11 04:43:35,352 INFO - ContAudITWrapper#80 - Sending to blockchain...
2024-10-11 04:43:42,798 INFO - ContAudITWrapper#80 - Response 
2024-10-11 04:43:42,800 INFO - ContAudITWrapper#80 - Finishing ContAudIT Wrapper...
