2024-10-11 04:41:24,505 INFO - ContAudITWrapper#50 - Initializing ContAudIT Wrapper...
2024-10-11 04:41:24,667 INFO - ContAudITWrapper#50 - Current directory: /home/ec2-user/Code/ufrgs-poc/contaudit-wrapper.jar
2024-10-11 04:41:45,666 INFO - ContAudITWrapper#50 - Wrapper hash: b7519188ed863d76e5199a8d880bb968bdf9124fad53b871583787e123a7a764
2024-10-11 04:41:45,673 INFO - ContAudITWrapper#50 - Validating Wrapper...
2024-10-11 04:42:50,712 INFO - ContAudITWrapper#50 - Response true
2024-10-11 04:42:50,902 INFO - ContAudITWrapper#50 - Application hash: e36ee2d35f8c4c41bd358782dfb3ac8852b40439d350ff27616f0c18819ce9bf
2024-10-11 04:42:50,908 INFO - ContAudITWrapper#50 - Validating Application...
2024-10-11 04:43:04,734 INFO - ContAudITWrapper#50 - Response true
2024-10-11 04:43:04,754 INFO - ContAudITWrapper#50 - Artifact apache2.workflow hash: bdb4cee855e21446b6ae53ddcb76a1632ef8c4545b5db0517e01ffd552157f6e
2024-10-11 04:43:04,779 INFO - ContAudITWrapper#50 - Validating Artifact...
2024-10-11 04:43:19,558 INFO - ContAudITWrapper#50 - Response true
2024-10-11 04:43:19,565 INFO - ContAudITWrapper#50 - Running pre-command actions...
2024-10-11 04:43:19,567 INFO - ContAudITWrapper#50 - Analyzing current environment state...
2024-10-11 04:43:19,806 INFO - ContAudITWrapper#50 - Saving current environment state...
2024-10-11 04:43:19,807 INFO - ContAudITWrapper#50 - Environment state hash: a7ffc6f8bf1ed76651c14756a061d662f580ff4de43b49fa82d80a4b80f8434a
2024-10-11 04:43:19,807 INFO - ContAudITWrapper#50 - Executing command...
2024-10-11 04:43:21,275 INFO - ContAudITWrapper#50 - Command output: 
2024-10-11 04:43:19.962689571 [executor] Initializing the workflow...
[apache2_workflow] Apache HTTP Server already installed.
[apache2_workflow] UserDir module already loaded.
[apache2_workflow] Configs to UserDir already exist.
[apache2_workflow] public_html directory already exists in /home/ec2-user.
[apache2_workflow] Creating a simple webpage...
[apache2_workflow] Moving webpage to Apache HTTP Server user website folder...
[apache2_workflow] Page moved successfully!
2024-10-11 04:43:21.265788531 [executor] Finished!

2024-10-11 04:43:21,275 INFO - ContAudITWrapper#50 - Running post-command actions...
2024-10-11 04:43:21,275 INFO - ContAudITWrapper#50 - Analyzing current environment state...
2024-10-11 04:43:21,409 INFO - ContAudITWrapper#50 - Saving current environment state...
2024-10-11 04:43:21,409 INFO - ContAudITWrapper#50 - Environment state hash: a7ffc6f8bf1ed76651c14756a061d662f580ff4de43b49fa82d80a4b80f8434a
2024-10-11 04:43:21,410 INFO - ContAudITWrapper#50 - Checking environment diff...
2024-10-11 04:43:21,582 INFO - ContAudITWrapper#50 - Environment diff: 
2024-10-11 04:43:21,645 INFO - ContAudITWrapper#50 - Cleaning temporary files...
2024-10-11 04:43:21,772 INFO - ContAudITWrapper#50 - Sending to blockchain...
2024-10-11 04:43:36,310 INFO - ContAudITWrapper#50 - Response 
2024-10-11 04:43:36,311 INFO - ContAudITWrapper#50 - Finishing ContAudIT Wrapper...
