2024-10-11 04:41:23,916 INFO - ContAudITWrapper#53 - Initializing ContAudIT Wrapper...
2024-10-11 04:41:24,134 INFO - ContAudITWrapper#53 - Current directory: /home/ec2-user/Code/ufrgs-poc/contaudit-wrapper.jar
2024-10-11 04:41:42,873 INFO - ContAudITWrapper#53 - Wrapper hash: b7519188ed863d76e5199a8d880bb968bdf9124fad53b871583787e123a7a764
2024-10-11 04:41:42,882 INFO - ContAudITWrapper#53 - Validating Wrapper...
2024-10-11 04:42:45,440 INFO - ContAudITWrapper#53 - Response true
2024-10-11 04:42:45,458 INFO - ContAudITWrapper#53 - Application hash: e36ee2d35f8c4c41bd358782dfb3ac8852b40439d350ff27616f0c18819ce9bf
2024-10-11 04:42:45,500 INFO - ContAudITWrapper#53 - Validating Application...
2024-10-11 04:43:02,713 INFO - ContAudITWrapper#53 - Response true
2024-10-11 04:43:02,731 INFO - ContAudITWrapper#53 - Artifact apache2.workflow hash: bdb4cee855e21446b6ae53ddcb76a1632ef8c4545b5db0517e01ffd552157f6e
2024-10-11 04:43:02,759 INFO - ContAudITWrapper#53 - Validating Artifact...
2024-10-11 04:43:12,551 INFO - ContAudITWrapper#53 - Response true
2024-10-11 04:43:12,558 INFO - ContAudITWrapper#53 - Running pre-command actions...
2024-10-11 04:43:12,559 INFO - ContAudITWrapper#53 - Analyzing current environment state...
2024-10-11 04:43:12,707 INFO - ContAudITWrapper#53 - Saving current environment state...
2024-10-11 04:43:12,708 INFO - ContAudITWrapper#53 - Environment state hash: a7ffc6f8bf1ed76651c14756a061d662f580ff4de43b49fa82d80a4b80f8434a
2024-10-11 04:43:12,709 INFO - ContAudITWrapper#53 - Executing command...
2024-10-11 04:43:14,718 INFO - ContAudITWrapper#53 - Command output: 
2024-10-11 04:43:12.859989249 [executor] Initializing the workflow...
[apache2_workflow] Apache HTTP Server already installed.
[apache2_workflow] UserDir module already loaded.
[apache2_workflow] Configs to UserDir already exist.
[apache2_workflow] public_html directory already exists in /home/ec2-user.
[apache2_workflow] Creating a simple webpage...
[apache2_workflow] Moving webpage to Apache HTTP Server user website folder...
[apache2_workflow] Page moved successfully!
2024-10-11 04:43:14.718130177 [executor] Finished!

2024-10-11 04:43:14,719 INFO - ContAudITWrapper#53 - Running post-command actions...
2024-10-11 04:43:14,719 INFO - ContAudITWrapper#53 - Analyzing current environment state...
2024-10-11 04:43:14,811 INFO - ContAudITWrapper#53 - Saving current environment state...
2024-10-11 04:43:14,811 INFO - ContAudITWrapper#53 - Environment state hash: a7ffc6f8bf1ed76651c14756a061d662f580ff4de43b49fa82d80a4b80f8434a
2024-10-11 04:43:14,812 INFO - ContAudITWrapper#53 - Checking environment diff...
2024-10-11 04:43:14,880 INFO - ContAudITWrapper#53 - Environment diff: 
2024-10-11 04:43:14,880 INFO - ContAudITWrapper#53 - Cleaning temporary files...
2024-10-11 04:43:14,975 INFO - ContAudITWrapper#53 - Sending to blockchain...
2024-10-11 04:43:31,176 INFO - ContAudITWrapper#53 - Response 
2024-10-11 04:43:31,178 INFO - ContAudITWrapper#53 - Finishing ContAudIT Wrapper...
