2024-10-11 04:41:24,524 INFO - ContAudITWrapper#3 - Initializing ContAudIT Wrapper...
2024-10-11 04:41:24,725 INFO - ContAudITWrapper#3 - Current directory: /home/ec2-user/Code/ufrgs-poc/contaudit-wrapper.jar
2024-10-11 04:41:44,747 INFO - ContAudITWrapper#3 - Wrapper hash: b7519188ed863d76e5199a8d880bb968bdf9124fad53b871583787e123a7a764
2024-10-11 04:41:44,913 INFO - ContAudITWrapper#3 - Validating Wrapper...
2024-10-11 04:42:51,608 INFO - ContAudITWrapper#3 - Response true
2024-10-11 04:42:51,870 INFO - ContAudITWrapper#3 - Application hash: e36ee2d35f8c4c41bd358782dfb3ac8852b40439d350ff27616f0c18819ce9bf
2024-10-11 04:42:51,871 INFO - ContAudITWrapper#3 - Validating Application...
2024-10-11 04:43:07,858 INFO - ContAudITWrapper#3 - Response true
2024-10-11 04:43:07,871 INFO - ContAudITWrapper#3 - Artifact apache2.workflow hash: bdb4cee855e21446b6ae53ddcb76a1632ef8c4545b5db0517e01ffd552157f6e
2024-10-11 04:43:07,945 INFO - ContAudITWrapper#3 - Validating Artifact...
2024-10-11 04:43:21,537 INFO - ContAudITWrapper#3 - Response true
2024-10-11 04:43:21,541 INFO - ContAudITWrapper#3 - Running pre-command actions...
2024-10-11 04:43:21,543 INFO - ContAudITWrapper#3 - Analyzing current environment state...
2024-10-11 04:43:21,727 INFO - ContAudITWrapper#3 - Saving current environment state...
2024-10-11 04:43:21,728 INFO - ContAudITWrapper#3 - Environment state hash: a7ffc6f8bf1ed76651c14756a061d662f580ff4de43b49fa82d80a4b80f8434a
2024-10-11 04:43:21,728 INFO - ContAudITWrapper#3 - Executing command...
2024-10-11 04:43:23,372 INFO - ContAudITWrapper#3 - Command output: 
2024-10-11 04:43:21.884003728 [executor] Initializing the workflow...
[apache2_workflow] Apache HTTP Server already installed.
[apache2_workflow] UserDir module already loaded.
[apache2_workflow] Configs to UserDir already exist.
[apache2_workflow] public_html directory already exists in /home/ec2-user.
[apache2_workflow] Creating a simple webpage...
[apache2_workflow] Moving webpage to Apache HTTP Server user website folder...
[apache2_workflow] Page moved successfully!
2024-10-11 04:43:23.371384980 [executor] Finished!

2024-10-11 04:43:23,373 INFO - ContAudITWrapper#3 - Running post-command actions...
2024-10-11 04:43:23,373 INFO - ContAudITWrapper#3 - Analyzing current environment state...
2024-10-11 04:43:23,455 INFO - ContAudITWrapper#3 - Saving current environment state...
2024-10-11 04:43:23,456 INFO - ContAudITWrapper#3 - Environment state hash: a7ffc6f8bf1ed76651c14756a061d662f580ff4de43b49fa82d80a4b80f8434a
2024-10-11 04:43:23,456 INFO - ContAudITWrapper#3 - Checking environment diff...
2024-10-11 04:43:23,598 INFO - ContAudITWrapper#3 - Environment diff: 
2024-10-11 04:43:23,598 INFO - ContAudITWrapper#3 - Cleaning temporary files...
2024-10-11 04:43:23,818 INFO - ContAudITWrapper#3 - Sending to blockchain...
2024-10-11 04:43:37,749 INFO - ContAudITWrapper#3 - Response 
2024-10-11 04:43:37,751 INFO - ContAudITWrapper#3 - Finishing ContAudIT Wrapper...
