2024-10-11 04:41:25,031 INFO - ContAudITWrapper#76 - Initializing ContAudIT Wrapper...
2024-10-11 04:41:25,227 INFO - ContAudITWrapper#76 - Current directory: /home/ec2-user/Code/ufrgs-poc/contaudit-wrapper.jar
2024-10-11 04:41:49,251 INFO - ContAudITWrapper#76 - Wrapper hash: b7519188ed863d76e5199a8d880bb968bdf9124fad53b871583787e123a7a764
2024-10-11 04:41:49,302 INFO - ContAudITWrapper#76 - Validating Wrapper...
2024-10-11 04:42:56,414 INFO - ContAudITWrapper#76 - Response true
2024-10-11 04:42:56,854 INFO - ContAudITWrapper#76 - Application hash: e36ee2d35f8c4c41bd358782dfb3ac8852b40439d350ff27616f0c18819ce9bf
2024-10-11 04:42:56,856 INFO - ContAudITWrapper#76 - Validating Application...
2024-10-11 04:43:13,755 INFO - ContAudITWrapper#76 - Response true
2024-10-11 04:43:13,763 INFO - ContAudITWrapper#76 - Artifact apache2.workflow hash: bdb4cee855e21446b6ae53ddcb76a1632ef8c4545b5db0517e01ffd552157f6e
2024-10-11 04:43:13,810 INFO - ContAudITWrapper#76 - Validating Artifact...
2024-10-11 04:43:25,847 INFO - ContAudITWrapper#76 - Response true
2024-10-11 04:43:25,850 INFO - ContAudITWrapper#76 - Running pre-command actions...
2024-10-11 04:43:25,858 INFO - ContAudITWrapper#76 - Analyzing current environment state...
2024-10-11 04:43:26,060 INFO - ContAudITWrapper#76 - Saving current environment state...
2024-10-11 04:43:26,061 INFO - ContAudITWrapper#76 - Environment state hash: a7ffc6f8bf1ed76651c14756a061d662f580ff4de43b49fa82d80a4b80f8434a
2024-10-11 04:43:26,062 INFO - ContAudITWrapper#76 - Executing command...
2024-10-11 04:43:27,225 INFO - ContAudITWrapper#76 - Command output: 
2024-10-11 04:43:26.221181913 [executor] Initializing the workflow...
[apache2_workflow] Apache HTTP Server already installed.
[apache2_workflow] UserDir module already loaded.
[apache2_workflow] Configs to UserDir already exist.
[apache2_workflow] public_html directory already exists in /home/ec2-user.
[apache2_workflow] Creating a simple webpage...
[apache2_workflow] Moving webpage to Apache HTTP Server user website folder...
[apache2_workflow] Page moved successfully!
2024-10-11 04:43:27.224732621 [executor] Finished!

2024-10-11 04:43:27,226 INFO - ContAudITWrapper#76 - Running post-command actions...
2024-10-11 04:43:27,226 INFO - ContAudITWrapper#76 - Analyzing current environment state...
2024-10-11 04:43:27,359 INFO - ContAudITWrapper#76 - Saving current environment state...
2024-10-11 04:43:27,359 INFO - ContAudITWrapper#76 - Environment state hash: a7ffc6f8bf1ed76651c14756a061d662f580ff4de43b49fa82d80a4b80f8434a
2024-10-11 04:43:27,360 INFO - ContAudITWrapper#76 - Checking environment diff...
2024-10-11 04:43:27,492 INFO - ContAudITWrapper#76 - Environment diff: 
2024-10-11 04:43:27,493 INFO - ContAudITWrapper#76 - Cleaning temporary files...
2024-10-11 04:43:27,634 INFO - ContAudITWrapper#76 - Sending to blockchain...
2024-10-11 04:43:39,435 INFO - ContAudITWrapper#76 - Response 
2024-10-11 04:43:39,437 INFO - ContAudITWrapper#76 - Finishing ContAudIT Wrapper...
