2024-10-11 04:41:25,005 INFO - ContAudITWrapper#46 - Initializing ContAudIT Wrapper...
2024-10-11 04:41:25,181 INFO - ContAudITWrapper#46 - Current directory: /home/ec2-user/Code/ufrgs-poc/contaudit-wrapper.jar
2024-10-11 04:41:50,811 INFO - ContAudITWrapper#46 - Wrapper hash: b7519188ed863d76e5199a8d880bb968bdf9124fad53b871583787e123a7a764
2024-10-11 04:41:50,903 INFO - ContAudITWrapper#46 - Validating Wrapper...
2024-10-11 04:43:01,907 INFO - ContAudITWrapper#46 - Response true
2024-10-11 04:43:02,384 INFO - ContAudITWrapper#46 - Application hash: e36ee2d35f8c4c41bd358782dfb3ac8852b40439d350ff27616f0c18819ce9bf
2024-10-11 04:43:02,385 INFO - ContAudITWrapper#46 - Validating Application...
2024-10-11 04:43:11,569 INFO - ContAudITWrapper#46 - Response true
2024-10-11 04:43:11,591 INFO - ContAudITWrapper#46 - Artifact apache2.workflow hash: bdb4cee855e21446b6ae53ddcb76a1632ef8c4545b5db0517e01ffd552157f6e
2024-10-11 04:43:11,760 INFO - ContAudITWrapper#46 - Validating Artifact...
2024-10-11 04:43:22,118 INFO - ContAudITWrapper#46 - Response true
2024-10-11 04:43:22,122 INFO - ContAudITWrapper#46 - Running pre-command actions...
2024-10-11 04:43:22,123 INFO - ContAudITWrapper#46 - Analyzing current environment state...
2024-10-11 04:43:22,329 INFO - ContAudITWrapper#46 - Saving current environment state...
2024-10-11 04:43:22,330 INFO - ContAudITWrapper#46 - Environment state hash: a7ffc6f8bf1ed76651c14756a061d662f580ff4de43b49fa82d80a4b80f8434a
2024-10-11 04:43:22,330 INFO - ContAudITWrapper#46 - Executing command...
2024-10-11 04:43:23,964 INFO - ContAudITWrapper#46 - Command output: 
2024-10-11 04:43:22.386694974 [executor] Initializing the workflow...
[apache2_workflow] Apache HTTP Server already installed.
[apache2_workflow] UserDir module already loaded.
[apache2_workflow] Configs to UserDir already exist.
[apache2_workflow] public_html directory already exists in /home/ec2-user.
[apache2_workflow] Creating a simple webpage...
[apache2_workflow] Moving webpage to Apache HTTP Server user website folder...
[apache2_workflow] Page moved successfully!
2024-10-11 04:43:23.963072881 [executor] Finished!

2024-10-11 04:43:23,964 INFO - ContAudITWrapper#46 - Running post-command actions...
2024-10-11 04:43:23,964 INFO - ContAudITWrapper#46 - Analyzing current environment state...
2024-10-11 04:43:24,090 INFO - ContAudITWrapper#46 - Saving current environment state...
2024-10-11 04:43:24,090 INFO - ContAudITWrapper#46 - Environment state hash: a7ffc6f8bf1ed76651c14756a061d662f580ff4de43b49fa82d80a4b80f8434a
2024-10-11 04:43:24,090 INFO - ContAudITWrapper#46 - Checking environment diff...
2024-10-11 04:43:24,135 INFO - ContAudITWrapper#46 - Environment diff: 
2024-10-11 04:43:24,135 INFO - ContAudITWrapper#46 - Cleaning temporary files...
2024-10-11 04:43:24,270 INFO - ContAudITWrapper#46 - Sending to blockchain...
2024-10-11 04:43:39,883 INFO - ContAudITWrapper#46 - Response 
2024-10-11 04:43:39,884 INFO - ContAudITWrapper#46 - Finishing ContAudIT Wrapper...
