2024-10-11 04:41:25,307 INFO - ContAudITWrapper#89 - Initializing ContAudIT Wrapper...
2024-10-11 04:41:25,488 INFO - ContAudITWrapper#89 - Current directory: /home/ec2-user/Code/ufrgs-poc/contaudit-wrapper.jar
2024-10-11 04:41:46,651 INFO - ContAudITWrapper#89 - Wrapper hash: b7519188ed863d76e5199a8d880bb968bdf9124fad53b871583787e123a7a764
2024-10-11 04:41:46,713 INFO - ContAudITWrapper#89 - Validating Wrapper...
2024-10-11 04:42:55,866 INFO - ContAudITWrapper#89 - Response true
2024-10-11 04:42:56,098 INFO - ContAudITWrapper#89 - Application hash: e36ee2d35f8c4c41bd358782dfb3ac8852b40439d350ff27616f0c18819ce9bf
2024-10-11 04:42:56,099 INFO - ContAudITWrapper#89 - Validating Application...
2024-10-11 04:43:11,877 INFO - ContAudITWrapper#89 - Response true
2024-10-11 04:43:11,887 INFO - ContAudITWrapper#89 - Artifact apache2.workflow hash: bdb4cee855e21446b6ae53ddcb76a1632ef8c4545b5db0517e01ffd552157f6e
2024-10-11 04:43:11,896 INFO - ContAudITWrapper#89 - Validating Artifact...
2024-10-11 04:43:27,086 INFO - ContAudITWrapper#89 - Response true
2024-10-11 04:43:27,100 INFO - ContAudITWrapper#89 - Running pre-command actions...
2024-10-11 04:43:27,102 INFO - ContAudITWrapper#89 - Analyzing current environment state...
2024-10-11 04:43:27,296 INFO - ContAudITWrapper#89 - Saving current environment state...
2024-10-11 04:43:27,297 INFO - ContAudITWrapper#89 - Environment state hash: a7ffc6f8bf1ed76651c14756a061d662f580ff4de43b49fa82d80a4b80f8434a
2024-10-11 04:43:27,305 INFO - ContAudITWrapper#89 - Executing command...
2024-10-11 04:43:28,438 INFO - ContAudITWrapper#89 - Command output: 
2024-10-11 04:43:27.437861137 [executor] Initializing the workflow...
[apache2_workflow] Apache HTTP Server already installed.
[apache2_workflow] UserDir module already loaded.
[apache2_workflow] Configs to UserDir already exist.
[apache2_workflow] public_html directory already exists in /home/ec2-user.
[apache2_workflow] Creating a simple webpage...
[apache2_workflow] Moving webpage to Apache HTTP Server user website folder...
[apache2_workflow] Page moved successfully!
2024-10-11 04:43:28.437034090 [executor] Finished!

2024-10-11 04:43:28,438 INFO - ContAudITWrapper#89 - Running post-command actions...
2024-10-11 04:43:28,438 INFO - ContAudITWrapper#89 - Analyzing current environment state...
2024-10-11 04:43:28,621 INFO - ContAudITWrapper#89 - Saving current environment state...
2024-10-11 04:43:28,622 INFO - ContAudITWrapper#89 - Environment state hash: a7ffc6f8bf1ed76651c14756a061d662f580ff4de43b49fa82d80a4b80f8434a
2024-10-11 04:43:28,622 INFO - ContAudITWrapper#89 - Checking environment diff...
2024-10-11 04:43:28,669 INFO - ContAudITWrapper#89 - Environment diff: 
2024-10-11 04:43:28,669 INFO - ContAudITWrapper#89 - Cleaning temporary files...
2024-10-11 04:43:28,728 INFO - ContAudITWrapper#89 - Sending to blockchain...
2024-10-11 04:43:40,569 INFO - ContAudITWrapper#89 - Response 
2024-10-11 04:43:40,570 INFO - ContAudITWrapper#89 - Finishing ContAudIT Wrapper...
