2024-10-11 04:41:24,775 INFO - ContAudITWrapper#67 - Initializing ContAudIT Wrapper...
2024-10-11 04:41:24,991 INFO - ContAudITWrapper#67 - Current directory: /home/ec2-user/Code/ufrgs-poc/contaudit-wrapper.jar
2024-10-11 04:41:40,741 INFO - ContAudITWrapper#67 - Wrapper hash: b7519188ed863d76e5199a8d880bb968bdf9124fad53b871583787e123a7a764
2024-10-11 04:41:40,750 INFO - ContAudITWrapper#67 - Validating Wrapper...
2024-10-11 04:42:33,073 INFO - ContAudITWrapper#67 - Response true
2024-10-11 04:42:33,227 INFO - ContAudITWrapper#67 - Application hash: e36ee2d35f8c4c41bd358782dfb3ac8852b40439d350ff27616f0c18819ce9bf
2024-10-11 04:42:33,228 INFO - ContAudITWrapper#67 - Validating Application...
2024-10-11 04:42:50,332 INFO - ContAudITWrapper#67 - Response true
2024-10-11 04:42:50,341 INFO - ContAudITWrapper#67 - Artifact apache2.workflow hash: bdb4cee855e21446b6ae53ddcb76a1632ef8c4545b5db0517e01ffd552157f6e
2024-10-11 04:42:50,452 INFO - ContAudITWrapper#67 - Validating Artifact...
2024-10-11 04:43:04,027 INFO - ContAudITWrapper#67 - Response true
2024-10-11 04:43:04,034 INFO - ContAudITWrapper#67 - Running pre-command actions...
2024-10-11 04:43:04,035 INFO - ContAudITWrapper#67 - Analyzing current environment state...
2024-10-11 04:43:04,270 INFO - ContAudITWrapper#67 - Saving current environment state...
2024-10-11 04:43:04,271 INFO - ContAudITWrapper#67 - Environment state hash: a7ffc6f8bf1ed76651c14756a061d662f580ff4de43b49fa82d80a4b80f8434a
2024-10-11 04:43:04,271 INFO - ContAudITWrapper#67 - Executing command...
2024-10-11 04:43:06,292 INFO - ContAudITWrapper#67 - Command output: 
2024-10-11 04:43:04.407975510 [executor] Initializing the workflow...
[apache2_workflow] Apache HTTP Server already installed.
[apache2_workflow] UserDir module already loaded.
[apache2_workflow] Configs to UserDir already exist.
[apache2_workflow] public_html directory already exists in /home/ec2-user.
[apache2_workflow] Creating a simple webpage...
[apache2_workflow] Moving webpage to Apache HTTP Server user website folder...
[apache2_workflow] Page moved successfully!
2024-10-11 04:43:06.291229576 [executor] Finished!

2024-10-11 04:43:06,292 INFO - ContAudITWrapper#67 - Running post-command actions...
2024-10-11 04:43:06,293 INFO - ContAudITWrapper#67 - Analyzing current environment state...
2024-10-11 04:43:06,609 INFO - ContAudITWrapper#67 - Saving current environment state...
2024-10-11 04:43:06,610 INFO - ContAudITWrapper#67 - Environment state hash: a7ffc6f8bf1ed76651c14756a061d662f580ff4de43b49fa82d80a4b80f8434a
2024-10-11 04:43:06,610 INFO - ContAudITWrapper#67 - Checking environment diff...
2024-10-11 04:43:06,680 INFO - ContAudITWrapper#67 - Environment diff: 
2024-10-11 04:43:06,681 INFO - ContAudITWrapper#67 - Cleaning temporary files...
2024-10-11 04:43:06,837 INFO - ContAudITWrapper#67 - Sending to blockchain...
2024-10-11 04:43:24,732 INFO - ContAudITWrapper#67 - Response 
2024-10-11 04:43:24,735 INFO - ContAudITWrapper#67 - Finishing ContAudIT Wrapper...
