2024-10-11 05:27:30,081 INFO - ContAudITWrapper#91 - Initializing ContAudIT Wrapper...
2024-10-11 05:27:30,285 INFO - ContAudITWrapper#91 - Current directory: /home/ec2-user/Code/ufrgs-poc/contaudit-wrapper.jar
2024-10-11 05:27:54,524 INFO - ContAudITWrapper#91 - Wrapper hash: b7519188ed863d76e5199a8d880bb968bdf9124fad53b871583787e123a7a764
2024-10-11 05:27:54,606 INFO - ContAudITWrapper#91 - Validating Wrapper...
2024-10-11 05:29:03,546 INFO - ContAudITWrapper#91 - Response true
2024-10-11 05:29:03,576 INFO - ContAudITWrapper#91 - Application hash: e36ee2d35f8c4c41bd358782dfb3ac8852b40439d350ff27616f0c18819ce9bf
2024-10-11 05:29:03,639 INFO - ContAudITWrapper#91 - Validating Application...
2024-10-11 05:29:16,543 INFO - ContAudITWrapper#91 - Response true
2024-10-11 05:29:16,673 INFO - ContAudITWrapper#91 - Artifact apache2.workflow hash: bdb4cee855e21446b6ae53ddcb76a1632ef8c4545b5db0517e01ffd552157f6e
2024-10-11 05:29:16,753 INFO - ContAudITWrapper#91 - Validating Artifact...
2024-10-11 05:29:30,344 INFO - ContAudITWrapper#91 - Response true
2024-10-11 05:29:30,348 INFO - ContAudITWrapper#91 - Running pre-command actions...
2024-10-11 05:29:30,349 INFO - ContAudITWrapper#91 - Analyzing current environment state...
2024-10-11 05:29:30,546 INFO - ContAudITWrapper#91 - Saving current environment state...
2024-10-11 05:29:30,547 INFO - ContAudITWrapper#91 - Environment state hash: a7ffc6f8bf1ed76651c14756a061d662f580ff4de43b49fa82d80a4b80f8434a
2024-10-11 05:29:30,547 INFO - ContAudITWrapper#91 - Executing command...
2024-10-11 05:29:31,761 INFO - ContAudITWrapper#91 - Command output: 
2024-10-11 05:29:30.801303383 [executor] Initializing the workflow...
[apache2_workflow] Apache HTTP Server already installed.
[apache2_workflow] UserDir module already loaded.
[apache2_workflow] Configs to UserDir already exist.
[apache2_workflow] public_html directory already exists in /home/ec2-user.
[apache2_workflow] Creating a simple webpage...
[apache2_workflow] Moving webpage to Apache HTTP Server user website folder...
[apache2_workflow] Page moved successfully!
2024-10-11 05:29:31.754767717 [executor] Finished!

2024-10-11 05:29:31,761 INFO - ContAudITWrapper#91 - Running post-command actions...
2024-10-11 05:29:31,761 INFO - ContAudITWrapper#91 - Analyzing current environment state...
2024-10-11 05:29:31,906 INFO - ContAudITWrapper#91 - Saving current environment state...
2024-10-11 05:29:31,906 INFO - ContAudITWrapper#91 - Environment state hash: a7ffc6f8bf1ed76651c14756a061d662f580ff4de43b49fa82d80a4b80f8434a
2024-10-11 05:29:31,907 INFO - ContAudITWrapper#91 - Checking environment diff...
2024-10-11 05:29:32,021 INFO - ContAudITWrapper#91 - Environment diff: 
2024-10-11 05:29:32,022 INFO - ContAudITWrapper#91 - Cleaning temporary files...
2024-10-11 05:29:32,085 INFO - ContAudITWrapper#91 - Sending to blockchain...
2024-10-11 05:29:43,027 INFO - ContAudITWrapper#91 - Response 
2024-10-11 05:29:43,033 INFO - ContAudITWrapper#91 - Finishing ContAudIT Wrapper...
