2024-10-11 05:27:30,286 INFO - ContAudITWrapper#29 - Initializing ContAudIT Wrapper...
2024-10-11 05:27:30,550 INFO - ContAudITWrapper#29 - Current directory: /home/ec2-user/Code/ufrgs-poc/contaudit-wrapper.jar
2024-10-11 05:27:49,047 INFO - ContAudITWrapper#29 - Wrapper hash: b7519188ed863d76e5199a8d880bb968bdf9124fad53b871583787e123a7a764
2024-10-11 05:27:49,233 INFO - ContAudITWrapper#29 - Validating Wrapper...
2024-10-11 05:28:52,388 INFO - ContAudITWrapper#29 - Response true
2024-10-11 05:28:52,768 INFO - ContAudITWrapper#29 - Application hash: e36ee2d35f8c4c41bd358782dfb3ac8852b40439d350ff27616f0c18819ce9bf
2024-10-11 05:28:52,769 INFO - ContAudITWrapper#29 - Validating Application...
2024-10-11 05:29:06,696 INFO - ContAudITWrapper#29 - Response true
2024-10-11 05:29:06,714 INFO - ContAudITWrapper#29 - Artifact apache2.workflow hash: bdb4cee855e21446b6ae53ddcb76a1632ef8c4545b5db0517e01ffd552157f6e
2024-10-11 05:29:06,741 INFO - ContAudITWrapper#29 - Validating Artifact...
2024-10-11 05:29:15,659 INFO - ContAudITWrapper#29 - Response true
2024-10-11 05:29:15,683 INFO - ContAudITWrapper#29 - Running pre-command actions...
2024-10-11 05:29:15,684 INFO - ContAudITWrapper#29 - Analyzing current environment state...
2024-10-11 05:29:15,884 INFO - ContAudITWrapper#29 - Saving current environment state...
2024-10-11 05:29:15,884 INFO - ContAudITWrapper#29 - Environment state hash: a7ffc6f8bf1ed76651c14756a061d662f580ff4de43b49fa82d80a4b80f8434a
2024-10-11 05:29:15,885 INFO - ContAudITWrapper#29 - Executing command...
2024-10-11 05:29:17,076 INFO - ContAudITWrapper#29 - Command output: 
2024-10-11 05:29:15.982365668 [executor] Initializing the workflow...
[apache2_workflow] Apache HTTP Server already installed.
[apache2_workflow] UserDir module already loaded.
[apache2_workflow] Configs to UserDir already exist.
[apache2_workflow] public_html directory already exists in /home/ec2-user.
[apache2_workflow] Creating a simple webpage...
[apache2_workflow] Moving webpage to Apache HTTP Server user website folder...
[apache2_workflow] Page moved successfully!
2024-10-11 05:29:17.075548817 [executor] Finished!

2024-10-11 05:29:17,076 INFO - ContAudITWrapper#29 - Running post-command actions...
2024-10-11 05:29:17,076 INFO - ContAudITWrapper#29 - Analyzing current environment state...
2024-10-11 05:29:17,244 INFO - ContAudITWrapper#29 - Saving current environment state...
2024-10-11 05:29:17,245 INFO - ContAudITWrapper#29 - Environment state hash: a7ffc6f8bf1ed76651c14756a061d662f580ff4de43b49fa82d80a4b80f8434a
2024-10-11 05:29:17,245 INFO - ContAudITWrapper#29 - Checking environment diff...
2024-10-11 05:29:17,347 INFO - ContAudITWrapper#29 - Environment diff: 
2024-10-11 05:29:17,347 INFO - ContAudITWrapper#29 - Cleaning temporary files...
2024-10-11 05:29:17,415 INFO - ContAudITWrapper#29 - Sending to blockchain...
2024-10-11 05:29:30,474 INFO - ContAudITWrapper#29 - Response 
2024-10-11 05:29:30,475 INFO - ContAudITWrapper#29 - Finishing ContAudIT Wrapper...
