2024-10-11 05:27:28,571 INFO - ContAudITWrapper#39 - Initializing ContAudIT Wrapper...
2024-10-11 05:27:28,816 INFO - ContAudITWrapper#39 - Current directory: /home/ec2-user/Code/ufrgs-poc/contaudit-wrapper.jar
2024-10-11 05:27:55,911 INFO - ContAudITWrapper#39 - Wrapper hash: b7519188ed863d76e5199a8d880bb968bdf9124fad53b871583787e123a7a764
2024-10-11 05:27:55,967 INFO - ContAudITWrapper#39 - Validating Wrapper...
2024-10-11 05:29:02,472 INFO - ContAudITWrapper#39 - Response true
2024-10-11 05:29:02,739 INFO - ContAudITWrapper#39 - Application hash: e36ee2d35f8c4c41bd358782dfb3ac8852b40439d350ff27616f0c18819ce9bf
2024-10-11 05:29:02,740 INFO - ContAudITWrapper#39 - Validating Application...
2024-10-11 05:29:19,003 INFO - ContAudITWrapper#39 - Response true
2024-10-11 05:29:19,014 INFO - ContAudITWrapper#39 - Artifact apache2.workflow hash: bdb4cee855e21446b6ae53ddcb76a1632ef8c4545b5db0517e01ffd552157f6e
2024-10-11 05:29:19,150 INFO - ContAudITWrapper#39 - Validating Artifact...
2024-10-11 05:29:30,736 INFO - ContAudITWrapper#39 - Response true
2024-10-11 05:29:30,746 INFO - ContAudITWrapper#39 - Running pre-command actions...
2024-10-11 05:29:30,755 INFO - ContAudITWrapper#39 - Analyzing current environment state...
2024-10-11 05:29:30,947 INFO - ContAudITWrapper#39 - Saving current environment state...
2024-10-11 05:29:30,948 INFO - ContAudITWrapper#39 - Environment state hash: a7ffc6f8bf1ed76651c14756a061d662f580ff4de43b49fa82d80a4b80f8434a
2024-10-11 05:29:30,948 INFO - ContAudITWrapper#39 - Executing command...
2024-10-11 05:29:32,298 INFO - ContAudITWrapper#39 - Command output: 
2024-10-11 05:29:31.051451415 [executor] Initializing the workflow...
[apache2_workflow] Apache HTTP Server already installed.
[apache2_workflow] UserDir module already loaded.
[apache2_workflow] Configs to UserDir already exist.
[apache2_workflow] public_html directory already exists in /home/ec2-user.
[apache2_workflow] Creating a simple webpage...
[apache2_workflow] Moving webpage to Apache HTTP Server user website folder...
[apache2_workflow] Page moved successfully!
2024-10-11 05:29:32.297789657 [executor] Finished!

2024-10-11 05:29:32,299 INFO - ContAudITWrapper#39 - Running post-command actions...
2024-10-11 05:29:32,299 INFO - ContAudITWrapper#39 - Analyzing current environment state...
2024-10-11 05:29:32,408 INFO - ContAudITWrapper#39 - Saving current environment state...
2024-10-11 05:29:32,409 INFO - ContAudITWrapper#39 - Environment state hash: a7ffc6f8bf1ed76651c14756a061d662f580ff4de43b49fa82d80a4b80f8434a
2024-10-11 05:29:32,409 INFO - ContAudITWrapper#39 - Checking environment diff...
2024-10-11 05:29:32,551 INFO - ContAudITWrapper#39 - Environment diff: 
2024-10-11 05:29:32,551 INFO - ContAudITWrapper#39 - Cleaning temporary files...
2024-10-11 05:29:32,681 INFO - ContAudITWrapper#39 - Sending to blockchain...
2024-10-11 05:29:43,809 INFO - ContAudITWrapper#39 - Response 
2024-10-11 05:29:43,810 INFO - ContAudITWrapper#39 - Finishing ContAudIT Wrapper...
