2024-10-11 05:27:30,514 INFO - ContAudITWrapper#51 - Initializing ContAudIT Wrapper...
2024-10-11 05:27:30,730 INFO - ContAudITWrapper#51 - Current directory: /home/ec2-user/Code/ufrgs-poc/contaudit-wrapper.jar
2024-10-11 05:27:59,823 INFO - ContAudITWrapper#51 - Wrapper hash: b7519188ed863d76e5199a8d880bb968bdf9124fad53b871583787e123a7a764
2024-10-11 05:27:59,961 INFO - ContAudITWrapper#51 - Validating Wrapper...
2024-10-11 05:29:12,331 INFO - ContAudITWrapper#51 - Response true
2024-10-11 05:29:12,437 INFO - ContAudITWrapper#51 - Application hash: e36ee2d35f8c4c41bd358782dfb3ac8852b40439d350ff27616f0c18819ce9bf
2024-10-11 05:29:12,438 INFO - ContAudITWrapper#51 - Validating Application...
2024-10-11 05:29:21,088 INFO - ContAudITWrapper#51 - Response true
2024-10-11 05:29:21,098 INFO - ContAudITWrapper#51 - Artifact apache2.workflow hash: bdb4cee855e21446b6ae53ddcb76a1632ef8c4545b5db0517e01ffd552157f6e
2024-10-11 05:29:21,163 INFO - ContAudITWrapper#51 - Validating Artifact...
2024-10-11 05:29:33,996 INFO - ContAudITWrapper#51 - Response true
2024-10-11 05:29:34,011 INFO - ContAudITWrapper#51 - Running pre-command actions...
2024-10-11 05:29:34,012 INFO - ContAudITWrapper#51 - Analyzing current environment state...
2024-10-11 05:29:34,222 INFO - ContAudITWrapper#51 - Saving current environment state...
2024-10-11 05:29:34,223 INFO - ContAudITWrapper#51 - Environment state hash: a7ffc6f8bf1ed76651c14756a061d662f580ff4de43b49fa82d80a4b80f8434a
2024-10-11 05:29:34,223 INFO - ContAudITWrapper#51 - Executing command...
2024-10-11 05:29:35,555 INFO - ContAudITWrapper#51 - Command output: 
2024-10-11 05:29:34.411159004 [executor] Initializing the workflow...
[apache2_workflow] Apache HTTP Server already installed.
[apache2_workflow] UserDir module already loaded.
[apache2_workflow] Configs to UserDir already exist.
[apache2_workflow] public_html directory already exists in /home/ec2-user.
[apache2_workflow] Creating a simple webpage...
[apache2_workflow] Moving webpage to Apache HTTP Server user website folder...
[apache2_workflow] Page moved successfully!
2024-10-11 05:29:35.552343291 [executor] Finished!

2024-10-11 05:29:35,555 INFO - ContAudITWrapper#51 - Running post-command actions...
2024-10-11 05:29:35,556 INFO - ContAudITWrapper#51 - Analyzing current environment state...
2024-10-11 05:29:35,702 INFO - ContAudITWrapper#51 - Saving current environment state...
2024-10-11 05:29:35,703 INFO - ContAudITWrapper#51 - Environment state hash: a7ffc6f8bf1ed76651c14756a061d662f580ff4de43b49fa82d80a4b80f8434a
2024-10-11 05:29:35,703 INFO - ContAudITWrapper#51 - Checking environment diff...
2024-10-11 05:29:35,766 INFO - ContAudITWrapper#51 - Environment diff: 
2024-10-11 05:29:35,766 INFO - ContAudITWrapper#51 - Cleaning temporary files...
2024-10-11 05:29:35,804 INFO - ContAudITWrapper#51 - Sending to blockchain...
2024-10-11 05:29:43,708 INFO - ContAudITWrapper#51 - Response 
2024-10-11 05:29:43,709 INFO - ContAudITWrapper#51 - Finishing ContAudIT Wrapper...
