2024-10-11 05:27:30,608 INFO - ContAudITWrapper#44 - Initializing ContAudIT Wrapper...
2024-10-11 05:27:30,846 INFO - ContAudITWrapper#44 - Current directory: /home/ec2-user/Code/ufrgs-poc/contaudit-wrapper.jar
2024-10-11 05:27:58,509 INFO - ContAudITWrapper#44 - Wrapper hash: b7519188ed863d76e5199a8d880bb968bdf9124fad53b871583787e123a7a764
2024-10-11 05:27:58,709 INFO - ContAudITWrapper#44 - Validating Wrapper...
2024-10-11 05:29:07,529 INFO - ContAudITWrapper#44 - Response true
2024-10-11 05:29:07,788 INFO - ContAudITWrapper#44 - Application hash: e36ee2d35f8c4c41bd358782dfb3ac8852b40439d350ff27616f0c18819ce9bf
2024-10-11 05:29:07,789 INFO - ContAudITWrapper#44 - Validating Application...
2024-10-11 05:29:22,131 INFO - ContAudITWrapper#44 - Response true
2024-10-11 05:29:22,138 INFO - ContAudITWrapper#44 - Artifact apache2.workflow hash: bdb4cee855e21446b6ae53ddcb76a1632ef8c4545b5db0517e01ffd552157f6e
2024-10-11 05:29:22,306 INFO - ContAudITWrapper#44 - Validating Artifact...
2024-10-11 05:29:33,907 INFO - ContAudITWrapper#44 - Response true
2024-10-11 05:29:33,927 INFO - ContAudITWrapper#44 - Running pre-command actions...
2024-10-11 05:29:33,928 INFO - ContAudITWrapper#44 - Analyzing current environment state...
2024-10-11 05:29:34,119 INFO - ContAudITWrapper#44 - Saving current environment state...
2024-10-11 05:29:34,120 INFO - ContAudITWrapper#44 - Environment state hash: a7ffc6f8bf1ed76651c14756a061d662f580ff4de43b49fa82d80a4b80f8434a
2024-10-11 05:29:34,121 INFO - ContAudITWrapper#44 - Executing command...
2024-10-11 05:29:35,311 INFO - ContAudITWrapper#44 - Command output: 
2024-10-11 05:29:34.214871271 [executor] Initializing the workflow...
[apache2_workflow] Apache HTTP Server already installed.
[apache2_workflow] UserDir module already loaded.
[apache2_workflow] Configs to UserDir already exist.
[apache2_workflow] public_html directory already exists in /home/ec2-user.
[apache2_workflow] Creating a simple webpage...
[apache2_workflow] Moving webpage to Apache HTTP Server user website folder...
[apache2_workflow] Page moved successfully!
2024-10-11 05:29:35.310814369 [executor] Finished!

2024-10-11 05:29:35,312 INFO - ContAudITWrapper#44 - Running post-command actions...
2024-10-11 05:29:35,312 INFO - ContAudITWrapper#44 - Analyzing current environment state...
2024-10-11 05:29:35,444 INFO - ContAudITWrapper#44 - Saving current environment state...
2024-10-11 05:29:35,444 INFO - ContAudITWrapper#44 - Environment state hash: a7ffc6f8bf1ed76651c14756a061d662f580ff4de43b49fa82d80a4b80f8434a
2024-10-11 05:29:35,445 INFO - ContAudITWrapper#44 - Checking environment diff...
2024-10-11 05:29:35,495 INFO - ContAudITWrapper#44 - Environment diff: 
2024-10-11 05:29:35,495 INFO - ContAudITWrapper#44 - Cleaning temporary files...
2024-10-11 05:29:35,622 INFO - ContAudITWrapper#44 - Sending to blockchain...
2024-10-11 05:29:44,168 INFO - ContAudITWrapper#44 - Response 
2024-10-11 05:29:44,169 INFO - ContAudITWrapper#44 - Finishing ContAudIT Wrapper...
