2024-10-11 05:27:30,773 INFO - ContAudITWrapper#88 - Initializing ContAudIT Wrapper...
2024-10-11 05:27:30,957 INFO - ContAudITWrapper#88 - Current directory: /home/ec2-user/Code/ufrgs-poc/contaudit-wrapper.jar
2024-10-11 05:27:47,775 INFO - ContAudITWrapper#88 - Wrapper hash: b7519188ed863d76e5199a8d880bb968bdf9124fad53b871583787e123a7a764
2024-10-11 05:27:47,783 INFO - ContAudITWrapper#88 - Validating Wrapper...
2024-10-11 05:28:49,603 INFO - ContAudITWrapper#88 - Response true
2024-10-11 05:28:49,713 INFO - ContAudITWrapper#88 - Application hash: e36ee2d35f8c4c41bd358782dfb3ac8852b40439d350ff27616f0c18819ce9bf
2024-10-11 05:28:49,714 INFO - ContAudITWrapper#88 - Validating Application...
2024-10-11 05:29:06,461 INFO - ContAudITWrapper#88 - Response true
2024-10-11 05:29:06,507 INFO - ContAudITWrapper#88 - Artifact apache2.workflow hash: bdb4cee855e21446b6ae53ddcb76a1632ef8c4545b5db0517e01ffd552157f6e
2024-10-11 05:29:06,531 INFO - ContAudITWrapper#88 - Validating Artifact...
2024-10-11 05:29:21,176 INFO - ContAudITWrapper#88 - Response true
2024-10-11 05:29:21,351 INFO - ContAudITWrapper#88 - Running pre-command actions...
2024-10-11 05:29:21,352 INFO - ContAudITWrapper#88 - Analyzing current environment state...
2024-10-11 05:29:21,486 INFO - ContAudITWrapper#88 - Saving current environment state...
2024-10-11 05:29:21,487 INFO - ContAudITWrapper#88 - Environment state hash: a7ffc6f8bf1ed76651c14756a061d662f580ff4de43b49fa82d80a4b80f8434a
2024-10-11 05:29:21,488 INFO - ContAudITWrapper#88 - Executing command...
2024-10-11 05:29:22,995 INFO - ContAudITWrapper#88 - Command output: 
2024-10-11 05:29:21.628152266 [executor] Initializing the workflow...
[apache2_workflow] Apache HTTP Server already installed.
[apache2_workflow] UserDir module already loaded.
[apache2_workflow] Configs to UserDir already exist.
[apache2_workflow] public_html directory already exists in /home/ec2-user.
[apache2_workflow] Creating a simple webpage...
[apache2_workflow] Moving webpage to Apache HTTP Server user website folder...
[apache2_workflow] Page moved successfully!
2024-10-11 05:29:22.987916055 [executor] Finished!

2024-10-11 05:29:22,996 INFO - ContAudITWrapper#88 - Running post-command actions...
2024-10-11 05:29:22,996 INFO - ContAudITWrapper#88 - Analyzing current environment state...
2024-10-11 05:29:23,204 INFO - ContAudITWrapper#88 - Saving current environment state...
2024-10-11 05:29:23,204 INFO - ContAudITWrapper#88 - Environment state hash: a7ffc6f8bf1ed76651c14756a061d662f580ff4de43b49fa82d80a4b80f8434a
2024-10-11 05:29:23,205 INFO - ContAudITWrapper#88 - Checking environment diff...
2024-10-11 05:29:23,427 INFO - ContAudITWrapper#88 - Environment diff: 
2024-10-11 05:29:23,427 INFO - ContAudITWrapper#88 - Cleaning temporary files...
2024-10-11 05:29:23,548 INFO - ContAudITWrapper#88 - Sending to blockchain...
2024-10-11 05:29:39,173 INFO - ContAudITWrapper#88 - Response 
2024-10-11 05:29:39,174 INFO - ContAudITWrapper#88 - Finishing ContAudIT Wrapper...
