2024-10-11 05:27:30,172 INFO - ContAudITWrapper#57 - Initializing ContAudIT Wrapper...
2024-10-11 05:27:30,429 INFO - ContAudITWrapper#57 - Current directory: /home/ec2-user/Code/ufrgs-poc/contaudit-wrapper.jar
2024-10-11 05:27:58,002 INFO - ContAudITWrapper#57 - Wrapper hash: b7519188ed863d76e5199a8d880bb968bdf9124fad53b871583787e123a7a764
2024-10-11 05:27:58,089 INFO - ContAudITWrapper#57 - Validating Wrapper...
2024-10-11 05:29:09,573 INFO - ContAudITWrapper#57 - Response true
2024-10-11 05:29:09,751 INFO - ContAudITWrapper#57 - Application hash: e36ee2d35f8c4c41bd358782dfb3ac8852b40439d350ff27616f0c18819ce9bf
2024-10-11 05:29:09,752 INFO - ContAudITWrapper#57 - Validating Application...
2024-10-11 05:29:19,095 INFO - ContAudITWrapper#57 - Response true
2024-10-11 05:29:19,104 INFO - ContAudITWrapper#57 - Artifact apache2.workflow hash: bdb4cee855e21446b6ae53ddcb76a1632ef8c4545b5db0517e01ffd552157f6e
2024-10-11 05:29:19,211 INFO - ContAudITWrapper#57 - Validating Artifact...
2024-10-11 05:29:31,013 INFO - ContAudITWrapper#57 - Response true
2024-10-11 05:29:31,020 INFO - ContAudITWrapper#57 - Running pre-command actions...
2024-10-11 05:29:31,022 INFO - ContAudITWrapper#57 - Analyzing current environment state...
2024-10-11 05:29:31,192 INFO - ContAudITWrapper#57 - Saving current environment state...
2024-10-11 05:29:31,193 INFO - ContAudITWrapper#57 - Environment state hash: a7ffc6f8bf1ed76651c14756a061d662f580ff4de43b49fa82d80a4b80f8434a
2024-10-11 05:29:31,194 INFO - ContAudITWrapper#57 - Executing command...
2024-10-11 05:29:32,792 INFO - ContAudITWrapper#57 - Command output: 
2024-10-11 05:29:31.281320906 [executor] Initializing the workflow...
[apache2_workflow] Apache HTTP Server already installed.
[apache2_workflow] UserDir module already loaded.
[apache2_workflow] Configs to UserDir already exist.
[apache2_workflow] public_html directory already exists in /home/ec2-user.
[apache2_workflow] Creating a simple webpage...
[apache2_workflow] Moving webpage to Apache HTTP Server user website folder...
[apache2_workflow] Page moved successfully!
2024-10-11 05:29:32.791298899 [executor] Finished!

2024-10-11 05:29:32,792 INFO - ContAudITWrapper#57 - Running post-command actions...
2024-10-11 05:29:32,792 INFO - ContAudITWrapper#57 - Analyzing current environment state...
2024-10-11 05:29:32,890 INFO - ContAudITWrapper#57 - Saving current environment state...
2024-10-11 05:29:32,890 INFO - ContAudITWrapper#57 - Environment state hash: a7ffc6f8bf1ed76651c14756a061d662f580ff4de43b49fa82d80a4b80f8434a
2024-10-11 05:29:32,891 INFO - ContAudITWrapper#57 - Checking environment diff...
2024-10-11 05:29:32,936 INFO - ContAudITWrapper#57 - Environment diff: 
2024-10-11 05:29:32,937 INFO - ContAudITWrapper#57 - Cleaning temporary files...
2024-10-11 05:29:33,010 INFO - ContAudITWrapper#57 - Sending to blockchain...
2024-10-11 05:29:44,112 INFO - ContAudITWrapper#57 - Response 
2024-10-11 05:29:44,113 INFO - ContAudITWrapper#57 - Finishing ContAudIT Wrapper...
