2024-10-11 05:27:30,787 INFO - ContAudITWrapper#100 - Initializing ContAudIT Wrapper...
2024-10-11 05:27:31,027 INFO - ContAudITWrapper#100 - Current directory: /home/ec2-user/Code/ufrgs-poc/contaudit-wrapper.jar
2024-10-11 05:27:52,147 INFO - ContAudITWrapper#100 - Wrapper hash: b7519188ed863d76e5199a8d880bb968bdf9124fad53b871583787e123a7a764
2024-10-11 05:27:52,271 INFO - ContAudITWrapper#100 - Validating Wrapper...
2024-10-11 05:28:59,595 INFO - ContAudITWrapper#100 - Response true
2024-10-11 05:28:59,683 INFO - ContAudITWrapper#100 - Application hash: e36ee2d35f8c4c41bd358782dfb3ac8852b40439d350ff27616f0c18819ce9bf
2024-10-11 05:28:59,691 INFO - ContAudITWrapper#100 - Validating Application...
2024-10-11 05:29:16,216 INFO - ContAudITWrapper#100 - Response true
2024-10-11 05:29:16,233 INFO - ContAudITWrapper#100 - Artifact apache2.workflow hash: bdb4cee855e21446b6ae53ddcb76a1632ef8c4545b5db0517e01ffd552157f6e
2024-10-11 05:29:16,259 INFO - ContAudITWrapper#100 - Validating Artifact...
2024-10-11 05:29:30,035 INFO - ContAudITWrapper#100 - Response true
2024-10-11 05:29:30,150 INFO - ContAudITWrapper#100 - Running pre-command actions...
2024-10-11 05:29:30,151 INFO - ContAudITWrapper#100 - Analyzing current environment state...
2024-10-11 05:29:30,383 INFO - ContAudITWrapper#100 - Saving current environment state...
2024-10-11 05:29:30,384 INFO - ContAudITWrapper#100 - Environment state hash: a7ffc6f8bf1ed76651c14756a061d662f580ff4de43b49fa82d80a4b80f8434a
2024-10-11 05:29:30,385 INFO - ContAudITWrapper#100 - Executing command...
2024-10-11 05:29:31,957 INFO - ContAudITWrapper#100 - Command output: 
2024-10-11 05:29:30.568517065 [executor] Initializing the workflow...
[apache2_workflow] Apache HTTP Server already installed.
[apache2_workflow] UserDir module already loaded.
[apache2_workflow] Configs to UserDir already exist.
[apache2_workflow] public_html directory already exists in /home/ec2-user.
[apache2_workflow] Creating a simple webpage...
[apache2_workflow] Moving webpage to Apache HTTP Server user website folder...
[apache2_workflow] Page moved successfully!
2024-10-11 05:29:31.956300357 [executor] Finished!

2024-10-11 05:29:31,957 INFO - ContAudITWrapper#100 - Running post-command actions...
2024-10-11 05:29:31,957 INFO - ContAudITWrapper#100 - Analyzing current environment state...
2024-10-11 05:29:32,077 INFO - ContAudITWrapper#100 - Saving current environment state...
2024-10-11 05:29:32,079 INFO - ContAudITWrapper#100 - Environment state hash: a7ffc6f8bf1ed76651c14756a061d662f580ff4de43b49fa82d80a4b80f8434a
2024-10-11 05:29:32,080 INFO - ContAudITWrapper#100 - Checking environment diff...
2024-10-11 05:29:32,087 INFO - ContAudITWrapper#100 - Environment diff: 
2024-10-11 05:29:32,087 INFO - ContAudITWrapper#100 - Cleaning temporary files...
2024-10-11 05:29:32,156 INFO - ContAudITWrapper#100 - Sending to blockchain...
2024-10-11 05:29:43,856 INFO - ContAudITWrapper#100 - Response 
2024-10-11 05:29:43,858 INFO - ContAudITWrapper#100 - Finishing ContAudIT Wrapper...
