2024-10-11 05:27:30,305 INFO - ContAudITWrapper#9 - Initializing ContAudIT Wrapper...
2024-10-11 05:27:30,560 INFO - ContAudITWrapper#9 - Current directory: /home/ec2-user/Code/ufrgs-poc/contaudit-wrapper.jar
2024-10-11 05:27:50,724 INFO - ContAudITWrapper#9 - Wrapper hash: b7519188ed863d76e5199a8d880bb968bdf9124fad53b871583787e123a7a764
2024-10-11 05:27:50,855 INFO - ContAudITWrapper#9 - Validating Wrapper...
2024-10-11 05:28:58,780 INFO - ContAudITWrapper#9 - Response true
2024-10-11 05:28:58,939 INFO - ContAudITWrapper#9 - Application hash: e36ee2d35f8c4c41bd358782dfb3ac8852b40439d350ff27616f0c18819ce9bf
2024-10-11 05:28:58,954 INFO - ContAudITWrapper#9 - Validating Application...
2024-10-11 05:29:11,572 INFO - ContAudITWrapper#9 - Response true
2024-10-11 05:29:11,585 INFO - ContAudITWrapper#9 - Artifact apache2.workflow hash: bdb4cee855e21446b6ae53ddcb76a1632ef8c4545b5db0517e01ffd552157f6e
2024-10-11 05:29:11,789 INFO - ContAudITWrapper#9 - Validating Artifact...
2024-10-11 05:29:25,639 INFO - ContAudITWrapper#9 - Response true
2024-10-11 05:29:25,642 INFO - ContAudITWrapper#9 - Running pre-command actions...
2024-10-11 05:29:25,652 INFO - ContAudITWrapper#9 - Analyzing current environment state...
2024-10-11 05:29:25,886 INFO - ContAudITWrapper#9 - Saving current environment state...
2024-10-11 05:29:25,887 INFO - ContAudITWrapper#9 - Environment state hash: a7ffc6f8bf1ed76651c14756a061d662f580ff4de43b49fa82d80a4b80f8434a
2024-10-11 05:29:25,887 INFO - ContAudITWrapper#9 - Executing command...
2024-10-11 05:29:27,376 INFO - ContAudITWrapper#9 - Command output: 
2024-10-11 05:29:26.037050185 [executor] Initializing the workflow...
[apache2_workflow] Apache HTTP Server already installed.
[apache2_workflow] UserDir module already loaded.
[apache2_workflow] Configs to UserDir already exist.
[apache2_workflow] public_html directory already exists in /home/ec2-user.
[apache2_workflow] Creating a simple webpage...
[apache2_workflow] Moving webpage to Apache HTTP Server user website folder...
[apache2_workflow] Page moved successfully!
2024-10-11 05:29:27.371859913 [executor] Finished!

2024-10-11 05:29:27,376 INFO - ContAudITWrapper#9 - Running post-command actions...
2024-10-11 05:29:27,376 INFO - ContAudITWrapper#9 - Analyzing current environment state...
2024-10-11 05:29:27,667 INFO - ContAudITWrapper#9 - Saving current environment state...
2024-10-11 05:29:27,668 INFO - ContAudITWrapper#9 - Environment state hash: a7ffc6f8bf1ed76651c14756a061d662f580ff4de43b49fa82d80a4b80f8434a
2024-10-11 05:29:27,668 INFO - ContAudITWrapper#9 - Checking environment diff...
2024-10-11 05:29:27,777 INFO - ContAudITWrapper#9 - Environment diff: 
2024-10-11 05:29:27,777 INFO - ContAudITWrapper#9 - Cleaning temporary files...
2024-10-11 05:29:27,900 INFO - ContAudITWrapper#9 - Sending to blockchain...
2024-10-11 05:29:42,550 INFO - ContAudITWrapper#9 - Response 
2024-10-11 05:29:42,551 INFO - ContAudITWrapper#9 - Finishing ContAudIT Wrapper...
