2024-10-11 05:27:28,723 INFO - ContAudITWrapper#4 - Initializing ContAudIT Wrapper...
2024-10-11 05:27:28,878 INFO - ContAudITWrapper#4 - Current directory: /home/ec2-user/Code/ufrgs-poc/contaudit-wrapper.jar
2024-10-11 05:27:47,713 INFO - ContAudITWrapper#4 - Wrapper hash: b7519188ed863d76e5199a8d880bb968bdf9124fad53b871583787e123a7a764
2024-10-11 05:27:47,753 INFO - ContAudITWrapper#4 - Validating Wrapper...
2024-10-11 05:28:51,814 INFO - ContAudITWrapper#4 - Response true
2024-10-11 05:28:51,991 INFO - ContAudITWrapper#4 - Application hash: e36ee2d35f8c4c41bd358782dfb3ac8852b40439d350ff27616f0c18819ce9bf
2024-10-11 05:28:51,992 INFO - ContAudITWrapper#4 - Validating Application...
2024-10-11 05:29:10,328 INFO - ContAudITWrapper#4 - Response true
2024-10-11 05:29:10,345 INFO - ContAudITWrapper#4 - Artifact apache2.workflow hash: bdb4cee855e21446b6ae53ddcb76a1632ef8c4545b5db0517e01ffd552157f6e
2024-10-11 05:29:10,458 INFO - ContAudITWrapper#4 - Validating Artifact...
2024-10-11 05:29:19,104 INFO - ContAudITWrapper#4 - Response true
2024-10-11 05:29:19,113 INFO - ContAudITWrapper#4 - Running pre-command actions...
2024-10-11 05:29:19,114 INFO - ContAudITWrapper#4 - Analyzing current environment state...
2024-10-11 05:29:19,402 INFO - ContAudITWrapper#4 - Saving current environment state...
2024-10-11 05:29:19,403 INFO - ContAudITWrapper#4 - Environment state hash: a7ffc6f8bf1ed76651c14756a061d662f580ff4de43b49fa82d80a4b80f8434a
2024-10-11 05:29:19,403 INFO - ContAudITWrapper#4 - Executing command...
2024-10-11 05:29:20,623 INFO - ContAudITWrapper#4 - Command output: 
2024-10-11 05:29:19.606374660 [executor] Initializing the workflow...
[apache2_workflow] Apache HTTP Server already installed.
[apache2_workflow] UserDir module already loaded.
[apache2_workflow] Configs to UserDir already exist.
[apache2_workflow] public_html directory already exists in /home/ec2-user.
[apache2_workflow] Creating a simple webpage...
[apache2_workflow] Moving webpage to Apache HTTP Server user website folder...
[apache2_workflow] Page moved successfully!
2024-10-11 05:29:20.622098901 [executor] Finished!

2024-10-11 05:29:20,623 INFO - ContAudITWrapper#4 - Running post-command actions...
2024-10-11 05:29:20,623 INFO - ContAudITWrapper#4 - Analyzing current environment state...
2024-10-11 05:29:20,768 INFO - ContAudITWrapper#4 - Saving current environment state...
2024-10-11 05:29:20,769 INFO - ContAudITWrapper#4 - Environment state hash: a7ffc6f8bf1ed76651c14756a061d662f580ff4de43b49fa82d80a4b80f8434a
2024-10-11 05:29:20,769 INFO - ContAudITWrapper#4 - Checking environment diff...
2024-10-11 05:29:20,811 INFO - ContAudITWrapper#4 - Environment diff: 
2024-10-11 05:29:20,811 INFO - ContAudITWrapper#4 - Cleaning temporary files...
2024-10-11 05:29:20,934 INFO - ContAudITWrapper#4 - Sending to blockchain...
2024-10-11 05:29:37,032 INFO - ContAudITWrapper#4 - Response 
2024-10-11 05:29:37,052 INFO - ContAudITWrapper#4 - Finishing ContAudIT Wrapper...
