2024-10-11 05:27:29,634 INFO - ContAudITWrapper#24 - Initializing ContAudIT Wrapper...
2024-10-11 05:27:29,908 INFO - ContAudITWrapper#24 - Current directory: /home/ec2-user/Code/ufrgs-poc/contaudit-wrapper.jar
2024-10-11 05:27:52,943 INFO - ContAudITWrapper#24 - Wrapper hash: b7519188ed863d76e5199a8d880bb968bdf9124fad53b871583787e123a7a764
2024-10-11 05:27:53,047 INFO - ContAudITWrapper#24 - Validating Wrapper...
2024-10-11 05:29:01,543 INFO - ContAudITWrapper#24 - Response true
2024-10-11 05:29:01,697 INFO - ContAudITWrapper#24 - Application hash: e36ee2d35f8c4c41bd358782dfb3ac8852b40439d350ff27616f0c18819ce9bf
2024-10-11 05:29:01,697 INFO - ContAudITWrapper#24 - Validating Application...
2024-10-11 05:29:18,958 INFO - ContAudITWrapper#24 - Response true
2024-10-11 05:29:18,966 INFO - ContAudITWrapper#24 - Artifact apache2.workflow hash: bdb4cee855e21446b6ae53ddcb76a1632ef8c4545b5db0517e01ffd552157f6e
2024-10-11 05:29:19,027 INFO - ContAudITWrapper#24 - Validating Artifact...
2024-10-11 05:29:32,331 INFO - ContAudITWrapper#24 - Response true
2024-10-11 05:29:32,338 INFO - ContAudITWrapper#24 - Running pre-command actions...
2024-10-11 05:29:32,339 INFO - ContAudITWrapper#24 - Analyzing current environment state...
2024-10-11 05:29:32,538 INFO - ContAudITWrapper#24 - Saving current environment state...
2024-10-11 05:29:32,539 INFO - ContAudITWrapper#24 - Environment state hash: a7ffc6f8bf1ed76651c14756a061d662f580ff4de43b49fa82d80a4b80f8434a
2024-10-11 05:29:32,539 INFO - ContAudITWrapper#24 - Executing command...
2024-10-11 05:29:33,927 INFO - ContAudITWrapper#24 - Command output: 
2024-10-11 05:29:32.771154122 [executor] Initializing the workflow...
[apache2_workflow] Apache HTTP Server already installed.
[apache2_workflow] UserDir module already loaded.
[apache2_workflow] Configs to UserDir already exist.
[apache2_workflow] public_html directory already exists in /home/ec2-user.
[apache2_workflow] Creating a simple webpage...
[apache2_workflow] Moving webpage to Apache HTTP Server user website folder...
[apache2_workflow] Page moved successfully!
2024-10-11 05:29:33.925972794 [executor] Finished!

2024-10-11 05:29:33,927 INFO - ContAudITWrapper#24 - Running post-command actions...
2024-10-11 05:29:33,927 INFO - ContAudITWrapper#24 - Analyzing current environment state...
2024-10-11 05:29:34,103 INFO - ContAudITWrapper#24 - Saving current environment state...
2024-10-11 05:29:34,103 INFO - ContAudITWrapper#24 - Environment state hash: a7ffc6f8bf1ed76651c14756a061d662f580ff4de43b49fa82d80a4b80f8434a
2024-10-11 05:29:34,104 INFO - ContAudITWrapper#24 - Checking environment diff...
2024-10-11 05:29:34,135 INFO - ContAudITWrapper#24 - Environment diff: 
2024-10-11 05:29:34,136 INFO - ContAudITWrapper#24 - Cleaning temporary files...
2024-10-11 05:29:34,188 INFO - ContAudITWrapper#24 - Sending to blockchain...
2024-10-11 05:29:43,231 INFO - ContAudITWrapper#24 - Response 
2024-10-11 05:29:43,233 INFO - ContAudITWrapper#24 - Finishing ContAudIT Wrapper...
