2024-10-11 05:27:30,765 INFO - ContAudITWrapper#40 - Initializing ContAudIT Wrapper...
2024-10-11 05:27:30,933 INFO - ContAudITWrapper#40 - Current directory: /home/ec2-user/Code/ufrgs-poc/contaudit-wrapper.jar
2024-10-11 05:27:58,137 INFO - ContAudITWrapper#40 - Wrapper hash: b7519188ed863d76e5199a8d880bb968bdf9124fad53b871583787e123a7a764
2024-10-11 05:27:58,383 INFO - ContAudITWrapper#40 - Validating Wrapper...
2024-10-11 05:29:07,183 INFO - ContAudITWrapper#40 - Response true
2024-10-11 05:29:07,575 INFO - ContAudITWrapper#40 - Application hash: e36ee2d35f8c4c41bd358782dfb3ac8852b40439d350ff27616f0c18819ce9bf
2024-10-11 05:29:07,576 INFO - ContAudITWrapper#40 - Validating Application...
2024-10-11 05:29:21,544 INFO - ContAudITWrapper#40 - Response true
2024-10-11 05:29:21,597 INFO - ContAudITWrapper#40 - Artifact apache2.workflow hash: bdb4cee855e21446b6ae53ddcb76a1632ef8c4545b5db0517e01ffd552157f6e
2024-10-11 05:29:21,608 INFO - ContAudITWrapper#40 - Validating Artifact...
2024-10-11 05:29:32,235 INFO - ContAudITWrapper#40 - Response true
2024-10-11 05:29:32,251 INFO - ContAudITWrapper#40 - Running pre-command actions...
2024-10-11 05:29:32,253 INFO - ContAudITWrapper#40 - Analyzing current environment state...
2024-10-11 05:29:32,436 INFO - ContAudITWrapper#40 - Saving current environment state...
2024-10-11 05:29:32,437 INFO - ContAudITWrapper#40 - Environment state hash: a7ffc6f8bf1ed76651c14756a061d662f580ff4de43b49fa82d80a4b80f8434a
2024-10-11 05:29:32,437 INFO - ContAudITWrapper#40 - Executing command...
2024-10-11 05:29:33,994 INFO - ContAudITWrapper#40 - Command output: 
2024-10-11 05:29:32.520915447 [executor] Initializing the workflow...
[apache2_workflow] Apache HTTP Server already installed.
[apache2_workflow] UserDir module already loaded.
[apache2_workflow] Configs to UserDir already exist.
[apache2_workflow] public_html directory already exists in /home/ec2-user.
[apache2_workflow] Creating a simple webpage...
[apache2_workflow] Moving webpage to Apache HTTP Server user website folder...
[apache2_workflow] Page moved successfully!
2024-10-11 05:29:33.994016867 [executor] Finished!

2024-10-11 05:29:33,995 INFO - ContAudITWrapper#40 - Running post-command actions...
2024-10-11 05:29:33,995 INFO - ContAudITWrapper#40 - Analyzing current environment state...
2024-10-11 05:29:34,102 INFO - ContAudITWrapper#40 - Saving current environment state...
2024-10-11 05:29:34,103 INFO - ContAudITWrapper#40 - Environment state hash: a7ffc6f8bf1ed76651c14756a061d662f580ff4de43b49fa82d80a4b80f8434a
2024-10-11 05:29:34,103 INFO - ContAudITWrapper#40 - Checking environment diff...
2024-10-11 05:29:34,177 INFO - ContAudITWrapper#40 - Environment diff: 
2024-10-11 05:29:34,179 INFO - ContAudITWrapper#40 - Cleaning temporary files...
2024-10-11 05:29:34,270 INFO - ContAudITWrapper#40 - Sending to blockchain...
2024-10-11 05:29:43,125 INFO - ContAudITWrapper#40 - Response 
2024-10-11 05:29:43,126 INFO - ContAudITWrapper#40 - Finishing ContAudIT Wrapper...
