2024-10-09 04:51:41,521 INFO - ContAudITWrapper#37 - Initializing ContAudIT Wrapper...
2024-10-09 04:51:41,631 INFO - ContAudITWrapper#37 - Current directory: /home/ec2-user/Code/ufrgs-poc/contaudit-wrapper.jar
2024-10-09 04:51:53,142 INFO - ContAudITWrapper#37 - Wrapper hash: b7519188ed863d76e5199a8d880bb968bdf9124fad53b871583787e123a7a764
2024-10-09 04:51:53,187 INFO - ContAudITWrapper#37 - Validating Wrapper...
2024-10-09 04:52:30,428 INFO - ContAudITWrapper#37 - Response true
2024-10-09 04:52:30,447 INFO - ContAudITWrapper#37 - Application hash: e36ee2d35f8c4c41bd358782dfb3ac8852b40439d350ff27616f0c18819ce9bf
2024-10-09 04:52:30,448 INFO - ContAudITWrapper#37 - Validating Application...
2024-10-09 04:52:38,951 INFO - ContAudITWrapper#37 - Response true
2024-10-09 04:52:38,954 INFO - ContAudITWrapper#37 - Artifact apache2.workflow hash: bdb4cee855e21446b6ae53ddcb76a1632ef8c4545b5db0517e01ffd552157f6e
2024-10-09 04:52:39,019 INFO - ContAudITWrapper#37 - Validating Artifact...
2024-10-09 04:52:44,335 INFO - ContAudITWrapper#37 - Response true
2024-10-09 04:52:44,369 INFO - ContAudITWrapper#37 - Running pre-command actions...
2024-10-09 04:52:44,370 INFO - ContAudITWrapper#37 - Analyzing current environment state...
2024-10-09 04:52:44,562 INFO - ContAudITWrapper#37 - Saving current environment state...
2024-10-09 04:52:44,563 INFO - ContAudITWrapper#37 - Environment state hash: a7ffc6f8bf1ed76651c14756a061d662f580ff4de43b49fa82d80a4b80f8434a
2024-10-09 04:52:44,564 INFO - ContAudITWrapper#37 - Executing command...
2024-10-09 04:52:45,338 INFO - ContAudITWrapper#37 - Command output: 
2024-10-09 04:52:44.648167045 [executor] Initializing the workflow...
[apache2_workflow] Apache HTTP Server already installed.
[apache2_workflow] UserDir module already loaded.
[apache2_workflow] Configs to UserDir already exist.
[apache2_workflow] public_html directory already exists in /home/ec2-user.
[apache2_workflow] Creating a simple webpage...
[apache2_workflow] Moving webpage to Apache HTTP Server user website folder...
[apache2_workflow] Page moved successfully!
2024-10-09 04:52:45.336402391 [executor] Finished!

2024-10-09 04:52:45,339 INFO - ContAudITWrapper#37 - Running post-command actions...
2024-10-09 04:52:45,339 INFO - ContAudITWrapper#37 - Analyzing current environment state...
2024-10-09 04:52:45,401 INFO - ContAudITWrapper#37 - Saving current environment state...
2024-10-09 04:52:45,401 INFO - ContAudITWrapper#37 - Environment state hash: a7ffc6f8bf1ed76651c14756a061d662f580ff4de43b49fa82d80a4b80f8434a
2024-10-09 04:52:45,402 INFO - ContAudITWrapper#37 - Checking environment diff...
2024-10-09 04:52:45,511 INFO - ContAudITWrapper#37 - Environment diff: 
2024-10-09 04:52:45,511 INFO - ContAudITWrapper#37 - Cleaning temporary files...
2024-10-09 04:52:45,542 INFO - ContAudITWrapper#37 - Sending to blockchain...
2024-10-09 04:52:51,272 INFO - ContAudITWrapper#37 - Response 
2024-10-09 04:52:51,287 INFO - ContAudITWrapper#37 - Finishing ContAudIT Wrapper...
