2024-10-09 04:51:40,435 INFO - ContAudITWrapper#25 - Initializing ContAudIT Wrapper...
2024-10-09 04:51:40,520 INFO - ContAudITWrapper#25 - Current directory: /home/ec2-user/Code/ufrgs-poc/contaudit-wrapper.jar
2024-10-09 04:51:51,906 INFO - ContAudITWrapper#25 - Wrapper hash: b7519188ed863d76e5199a8d880bb968bdf9124fad53b871583787e123a7a764
2024-10-09 04:51:51,919 INFO - ContAudITWrapper#25 - Validating Wrapper...
2024-10-09 04:52:27,399 INFO - ContAudITWrapper#25 - Response true
2024-10-09 04:52:27,500 INFO - ContAudITWrapper#25 - Application hash: e36ee2d35f8c4c41bd358782dfb3ac8852b40439d350ff27616f0c18819ce9bf
2024-10-09 04:52:27,501 INFO - ContAudITWrapper#25 - Validating Application...
2024-10-09 04:52:34,176 INFO - ContAudITWrapper#25 - Response true
2024-10-09 04:52:34,185 INFO - ContAudITWrapper#25 - Artifact apache2.workflow hash: bdb4cee855e21446b6ae53ddcb76a1632ef8c4545b5db0517e01ffd552157f6e
2024-10-09 04:52:34,200 INFO - ContAudITWrapper#25 - Validating Artifact...
2024-10-09 04:52:40,515 INFO - ContAudITWrapper#25 - Response true
2024-10-09 04:52:40,541 INFO - ContAudITWrapper#25 - Running pre-command actions...
2024-10-09 04:52:40,542 INFO - ContAudITWrapper#25 - Analyzing current environment state...
2024-10-09 04:52:40,653 INFO - ContAudITWrapper#25 - Saving current environment state...
2024-10-09 04:52:40,655 INFO - ContAudITWrapper#25 - Environment state hash: a7ffc6f8bf1ed76651c14756a061d662f580ff4de43b49fa82d80a4b80f8434a
2024-10-09 04:52:40,655 INFO - ContAudITWrapper#25 - Executing command...
2024-10-09 04:52:41,334 INFO - ContAudITWrapper#25 - Command output: 
2024-10-09 04:52:40.679525976 [executor] Initializing the workflow...
[apache2_workflow] Apache HTTP Server already installed.
[apache2_workflow] UserDir module already loaded.
[apache2_workflow] Configs to UserDir already exist.
[apache2_workflow] public_html directory already exists in /home/ec2-user.
[apache2_workflow] Creating a simple webpage...
[apache2_workflow] Moving webpage to Apache HTTP Server user website folder...
[apache2_workflow] Page moved successfully!
2024-10-09 04:52:41.333685322 [executor] Finished!

2024-10-09 04:52:41,335 INFO - ContAudITWrapper#25 - Running post-command actions...
2024-10-09 04:52:41,335 INFO - ContAudITWrapper#25 - Analyzing current environment state...
2024-10-09 04:52:41,447 INFO - ContAudITWrapper#25 - Saving current environment state...
2024-10-09 04:52:41,447 INFO - ContAudITWrapper#25 - Environment state hash: a7ffc6f8bf1ed76651c14756a061d662f580ff4de43b49fa82d80a4b80f8434a
2024-10-09 04:52:41,447 INFO - ContAudITWrapper#25 - Checking environment diff...
2024-10-09 04:52:41,557 INFO - ContAudITWrapper#25 - Environment diff: 
2024-10-09 04:52:41,558 INFO - ContAudITWrapper#25 - Cleaning temporary files...
2024-10-09 04:52:41,713 INFO - ContAudITWrapper#25 - Sending to blockchain...
2024-10-09 04:52:50,298 INFO - ContAudITWrapper#25 - Response 
2024-10-09 04:52:50,299 INFO - ContAudITWrapper#25 - Finishing ContAudIT Wrapper...
