2024-10-09 04:51:41,131 INFO - ContAudITWrapper#3 - Initializing ContAudIT Wrapper...
2024-10-09 04:51:41,241 INFO - ContAudITWrapper#3 - Current directory: /home/ec2-user/Code/ufrgs-poc/contaudit-wrapper.jar
2024-10-09 04:51:53,325 INFO - ContAudITWrapper#3 - Wrapper hash: b7519188ed863d76e5199a8d880bb968bdf9124fad53b871583787e123a7a764
2024-10-09 04:51:53,359 INFO - ContAudITWrapper#3 - Validating Wrapper...
2024-10-09 04:52:31,357 INFO - ContAudITWrapper#3 - Response true
2024-10-09 04:52:31,415 INFO - ContAudITWrapper#3 - Application hash: e36ee2d35f8c4c41bd358782dfb3ac8852b40439d350ff27616f0c18819ce9bf
2024-10-09 04:52:31,420 INFO - ContAudITWrapper#3 - Validating Application...
2024-10-09 04:52:35,906 INFO - ContAudITWrapper#3 - Response true
2024-10-09 04:52:35,909 INFO - ContAudITWrapper#3 - Artifact apache2.workflow hash: bdb4cee855e21446b6ae53ddcb76a1632ef8c4545b5db0517e01ffd552157f6e
2024-10-09 04:52:35,991 INFO - ContAudITWrapper#3 - Validating Artifact...
2024-10-09 04:52:41,968 INFO - ContAudITWrapper#3 - Response true
2024-10-09 04:52:41,996 INFO - ContAudITWrapper#3 - Running pre-command actions...
2024-10-09 04:52:41,997 INFO - ContAudITWrapper#3 - Analyzing current environment state...
2024-10-09 04:52:42,044 INFO - ContAudITWrapper#3 - Saving current environment state...
2024-10-09 04:52:42,045 INFO - ContAudITWrapper#3 - Environment state hash: a7ffc6f8bf1ed76651c14756a061d662f580ff4de43b49fa82d80a4b80f8434a
2024-10-09 04:52:42,045 INFO - ContAudITWrapper#3 - Executing command...
2024-10-09 04:52:43,236 INFO - ContAudITWrapper#3 - Command output: 
2024-10-09 04:52:42.263077045 [executor] Initializing the workflow...
[apache2_workflow] Apache HTTP Server already installed.
[apache2_workflow] UserDir module already loaded.
[apache2_workflow] Configs to UserDir already exist.
[apache2_workflow] public_html directory already exists in /home/ec2-user.
[apache2_workflow] Creating a simple webpage...
[apache2_workflow] Moving webpage to Apache HTTP Server user website folder...
[apache2_workflow] Page moved successfully!
2024-10-09 04:52:43.235137211 [executor] Finished!

2024-10-09 04:52:43,236 INFO - ContAudITWrapper#3 - Running post-command actions...
2024-10-09 04:52:43,236 INFO - ContAudITWrapper#3 - Analyzing current environment state...
2024-10-09 04:52:43,308 INFO - ContAudITWrapper#3 - Saving current environment state...
2024-10-09 04:52:43,309 INFO - ContAudITWrapper#3 - Environment state hash: a7ffc6f8bf1ed76651c14756a061d662f580ff4de43b49fa82d80a4b80f8434a
2024-10-09 04:52:43,309 INFO - ContAudITWrapper#3 - Checking environment diff...
2024-10-09 04:52:43,339 INFO - ContAudITWrapper#3 - Environment diff: 
2024-10-09 04:52:43,339 INFO - ContAudITWrapper#3 - Cleaning temporary files...
2024-10-09 04:52:43,388 INFO - ContAudITWrapper#3 - Sending to blockchain...
2024-10-09 04:52:50,417 INFO - ContAudITWrapper#3 - Response 
2024-10-09 04:52:50,419 INFO - ContAudITWrapper#3 - Finishing ContAudIT Wrapper...
