2024-10-09 04:51:41,385 INFO - ContAudITWrapper#39 - Initializing ContAudIT Wrapper...
2024-10-09 04:51:41,516 INFO - ContAudITWrapper#39 - Current directory: /home/ec2-user/Code/ufrgs-poc/contaudit-wrapper.jar
2024-10-09 04:51:52,432 INFO - ContAudITWrapper#39 - Wrapper hash: b7519188ed863d76e5199a8d880bb968bdf9124fad53b871583787e123a7a764
2024-10-09 04:51:52,460 INFO - ContAudITWrapper#39 - Validating Wrapper...
2024-10-09 04:52:26,059 INFO - ContAudITWrapper#39 - Response true
2024-10-09 04:52:26,175 INFO - ContAudITWrapper#39 - Application hash: e36ee2d35f8c4c41bd358782dfb3ac8852b40439d350ff27616f0c18819ce9bf
2024-10-09 04:52:26,176 INFO - ContAudITWrapper#39 - Validating Application...
2024-10-09 04:52:34,612 INFO - ContAudITWrapper#39 - Response true
2024-10-09 04:52:34,623 INFO - ContAudITWrapper#39 - Artifact apache2.workflow hash: bdb4cee855e21446b6ae53ddcb76a1632ef8c4545b5db0517e01ffd552157f6e
2024-10-09 04:52:34,637 INFO - ContAudITWrapper#39 - Validating Artifact...
2024-10-09 04:52:41,203 INFO - ContAudITWrapper#39 - Response true
2024-10-09 04:52:41,261 INFO - ContAudITWrapper#39 - Running pre-command actions...
2024-10-09 04:52:41,262 INFO - ContAudITWrapper#39 - Analyzing current environment state...
2024-10-09 04:52:41,443 INFO - ContAudITWrapper#39 - Saving current environment state...
2024-10-09 04:52:41,451 INFO - ContAudITWrapper#39 - Environment state hash: a7ffc6f8bf1ed76651c14756a061d662f580ff4de43b49fa82d80a4b80f8434a
2024-10-09 04:52:41,452 INFO - ContAudITWrapper#39 - Executing command...
2024-10-09 04:52:42,213 INFO - ContAudITWrapper#39 - Command output: 
2024-10-09 04:52:41.623442172 [executor] Initializing the workflow...
[apache2_workflow] Apache HTTP Server already installed.
[apache2_workflow] UserDir module already loaded.
[apache2_workflow] Configs to UserDir already exist.
[apache2_workflow] public_html directory already exists in /home/ec2-user.
[apache2_workflow] Creating a simple webpage...
[apache2_workflow] Moving webpage to Apache HTTP Server user website folder...
[apache2_workflow] Page moved successfully!
2024-10-09 04:52:42.211865706 [executor] Finished!

2024-10-09 04:52:42,215 INFO - ContAudITWrapper#39 - Running post-command actions...
2024-10-09 04:52:42,215 INFO - ContAudITWrapper#39 - Analyzing current environment state...
2024-10-09 04:52:42,259 INFO - ContAudITWrapper#39 - Saving current environment state...
2024-10-09 04:52:42,260 INFO - ContAudITWrapper#39 - Environment state hash: a7ffc6f8bf1ed76651c14756a061d662f580ff4de43b49fa82d80a4b80f8434a
2024-10-09 04:52:42,260 INFO - ContAudITWrapper#39 - Checking environment diff...
2024-10-09 04:52:42,335 INFO - ContAudITWrapper#39 - Environment diff: 
2024-10-09 04:52:42,336 INFO - ContAudITWrapper#39 - Cleaning temporary files...
2024-10-09 04:52:42,413 INFO - ContAudITWrapper#39 - Sending to blockchain...
2024-10-09 04:52:50,265 INFO - ContAudITWrapper#39 - Response 
2024-10-09 04:52:50,267 INFO - ContAudITWrapper#39 - Finishing ContAudIT Wrapper...
