2024-10-09 04:51:41,335 INFO - ContAudITWrapper#8 - Initializing ContAudIT Wrapper...
2024-10-09 04:51:41,414 INFO - ContAudITWrapper#8 - Current directory: /home/ec2-user/Code/ufrgs-poc/contaudit-wrapper.jar
2024-10-09 04:51:51,590 INFO - ContAudITWrapper#8 - Wrapper hash: b7519188ed863d76e5199a8d880bb968bdf9124fad53b871583787e123a7a764
2024-10-09 04:51:51,632 INFO - ContAudITWrapper#8 - Validating Wrapper...
2024-10-09 04:52:28,172 INFO - ContAudITWrapper#8 - Response true
2024-10-09 04:52:28,230 INFO - ContAudITWrapper#8 - Application hash: e36ee2d35f8c4c41bd358782dfb3ac8852b40439d350ff27616f0c18819ce9bf
2024-10-09 04:52:28,244 INFO - ContAudITWrapper#8 - Validating Application...
2024-10-09 04:52:35,117 INFO - ContAudITWrapper#8 - Response true
2024-10-09 04:52:35,133 INFO - ContAudITWrapper#8 - Artifact apache2.workflow hash: bdb4cee855e21446b6ae53ddcb76a1632ef8c4545b5db0517e01ffd552157f6e
2024-10-09 04:52:35,154 INFO - ContAudITWrapper#8 - Validating Artifact...
2024-10-09 04:52:40,698 INFO - ContAudITWrapper#8 - Response true
2024-10-09 04:52:40,741 INFO - ContAudITWrapper#8 - Running pre-command actions...
2024-10-09 04:52:40,742 INFO - ContAudITWrapper#8 - Analyzing current environment state...
2024-10-09 04:52:40,871 INFO - ContAudITWrapper#8 - Saving current environment state...
2024-10-09 04:52:40,871 INFO - ContAudITWrapper#8 - Environment state hash: a7ffc6f8bf1ed76651c14756a061d662f580ff4de43b49fa82d80a4b80f8434a
2024-10-09 04:52:40,872 INFO - ContAudITWrapper#8 - Executing command...
2024-10-09 04:52:41,979 INFO - ContAudITWrapper#8 - Command output: 
2024-10-09 04:52:40.995873829 [executor] Initializing the workflow...
[apache2_workflow] Apache HTTP Server already installed.
[apache2_workflow] UserDir module already loaded.
[apache2_workflow] Configs to UserDir already exist.
[apache2_workflow] public_html directory already exists in /home/ec2-user.
[apache2_workflow] Creating a simple webpage...
[apache2_workflow] Moving webpage to Apache HTTP Server user website folder...
[apache2_workflow] Page moved successfully!
2024-10-09 04:52:41.978420250 [executor] Finished!

2024-10-09 04:52:41,979 INFO - ContAudITWrapper#8 - Running post-command actions...
2024-10-09 04:52:41,979 INFO - ContAudITWrapper#8 - Analyzing current environment state...
2024-10-09 04:52:42,090 INFO - ContAudITWrapper#8 - Saving current environment state...
2024-10-09 04:52:42,091 INFO - ContAudITWrapper#8 - Environment state hash: a7ffc6f8bf1ed76651c14756a061d662f580ff4de43b49fa82d80a4b80f8434a
2024-10-09 04:52:42,091 INFO - ContAudITWrapper#8 - Checking environment diff...
2024-10-09 04:52:42,145 INFO - ContAudITWrapper#8 - Environment diff: 
2024-10-09 04:52:42,145 INFO - ContAudITWrapper#8 - Cleaning temporary files...
2024-10-09 04:52:42,196 INFO - ContAudITWrapper#8 - Sending to blockchain...
2024-10-09 04:52:47,910 INFO - ContAudITWrapper#8 - Response 
2024-10-09 04:52:47,911 INFO - ContAudITWrapper#8 - Finishing ContAudIT Wrapper...
