2024-10-09 04:51:41,176 INFO - ContAudITWrapper#5 - Initializing ContAudIT Wrapper...
2024-10-09 04:51:41,317 INFO - ContAudITWrapper#5 - Current directory: /home/ec2-user/Code/ufrgs-poc/contaudit-wrapper.jar
2024-10-09 04:51:52,795 INFO - ContAudITWrapper#5 - Wrapper hash: b7519188ed863d76e5199a8d880bb968bdf9124fad53b871583787e123a7a764
2024-10-09 04:51:52,804 INFO - ContAudITWrapper#5 - Validating Wrapper...
2024-10-09 04:52:28,593 INFO - ContAudITWrapper#5 - Response true
2024-10-09 04:52:28,758 INFO - ContAudITWrapper#5 - Application hash: e36ee2d35f8c4c41bd358782dfb3ac8852b40439d350ff27616f0c18819ce9bf
2024-10-09 04:52:28,759 INFO - ContAudITWrapper#5 - Validating Application...
2024-10-09 04:52:36,699 INFO - ContAudITWrapper#5 - Response true
2024-10-09 04:52:36,701 INFO - ContAudITWrapper#5 - Artifact apache2.workflow hash: bdb4cee855e21446b6ae53ddcb76a1632ef8c4545b5db0517e01ffd552157f6e
2024-10-09 04:52:36,729 INFO - ContAudITWrapper#5 - Validating Artifact...
2024-10-09 04:52:44,419 INFO - ContAudITWrapper#5 - Response true
2024-10-09 04:52:44,424 INFO - ContAudITWrapper#5 - Running pre-command actions...
2024-10-09 04:52:44,428 INFO - ContAudITWrapper#5 - Analyzing current environment state...
2024-10-09 04:52:44,593 INFO - ContAudITWrapper#5 - Saving current environment state...
2024-10-09 04:52:44,595 INFO - ContAudITWrapper#5 - Environment state hash: a7ffc6f8bf1ed76651c14756a061d662f580ff4de43b49fa82d80a4b80f8434a
2024-10-09 04:52:44,595 INFO - ContAudITWrapper#5 - Executing command...
2024-10-09 04:52:45,424 INFO - ContAudITWrapper#5 - Command output: 
2024-10-09 04:52:44.655593701 [executor] Initializing the workflow...
[apache2_workflow] Apache HTTP Server already installed.
[apache2_workflow] UserDir module already loaded.
[apache2_workflow] Configs to UserDir already exist.
[apache2_workflow] public_html directory already exists in /home/ec2-user.
[apache2_workflow] Creating a simple webpage...
[apache2_workflow] Moving webpage to Apache HTTP Server user website folder...
[apache2_workflow] Page moved successfully!
2024-10-09 04:52:45.415266655 [executor] Finished!

2024-10-09 04:52:45,424 INFO - ContAudITWrapper#5 - Running post-command actions...
2024-10-09 04:52:45,424 INFO - ContAudITWrapper#5 - Analyzing current environment state...
2024-10-09 04:52:45,484 INFO - ContAudITWrapper#5 - Saving current environment state...
2024-10-09 04:52:45,484 INFO - ContAudITWrapper#5 - Environment state hash: a7ffc6f8bf1ed76651c14756a061d662f580ff4de43b49fa82d80a4b80f8434a
2024-10-09 04:52:45,485 INFO - ContAudITWrapper#5 - Checking environment diff...
2024-10-09 04:52:45,554 INFO - ContAudITWrapper#5 - Environment diff: 
2024-10-09 04:52:45,555 INFO - ContAudITWrapper#5 - Cleaning temporary files...
2024-10-09 04:52:45,565 INFO - ContAudITWrapper#5 - Sending to blockchain...
2024-10-09 04:52:51,324 INFO - ContAudITWrapper#5 - Response 
2024-10-09 04:52:51,325 INFO - ContAudITWrapper#5 - Finishing ContAudIT Wrapper...
