2024-10-09 04:51:41,320 INFO - ContAudITWrapper#32 - Initializing ContAudIT Wrapper...
2024-10-09 04:51:41,450 INFO - ContAudITWrapper#32 - Current directory: /home/ec2-user/Code/ufrgs-poc/contaudit-wrapper.jar
2024-10-09 04:51:53,244 INFO - ContAudITWrapper#32 - Wrapper hash: b7519188ed863d76e5199a8d880bb968bdf9124fad53b871583787e123a7a764
2024-10-09 04:51:53,286 INFO - ContAudITWrapper#32 - Validating Wrapper...
2024-10-09 04:52:29,604 INFO - ContAudITWrapper#32 - Response true
2024-10-09 04:52:29,628 INFO - ContAudITWrapper#32 - Application hash: e36ee2d35f8c4c41bd358782dfb3ac8852b40439d350ff27616f0c18819ce9bf
2024-10-09 04:52:29,629 INFO - ContAudITWrapper#32 - Validating Application...
2024-10-09 04:52:36,876 INFO - ContAudITWrapper#32 - Response true
2024-10-09 04:52:36,900 INFO - ContAudITWrapper#32 - Artifact apache2.workflow hash: bdb4cee855e21446b6ae53ddcb76a1632ef8c4545b5db0517e01ffd552157f6e
2024-10-09 04:52:36,957 INFO - ContAudITWrapper#32 - Validating Artifact...
2024-10-09 04:52:43,976 INFO - ContAudITWrapper#32 - Response true
2024-10-09 04:52:44,024 INFO - ContAudITWrapper#32 - Running pre-command actions...
2024-10-09 04:52:44,025 INFO - ContAudITWrapper#32 - Analyzing current environment state...
2024-10-09 04:52:44,106 INFO - ContAudITWrapper#32 - Saving current environment state...
2024-10-09 04:52:44,107 INFO - ContAudITWrapper#32 - Environment state hash: a7ffc6f8bf1ed76651c14756a061d662f580ff4de43b49fa82d80a4b80f8434a
2024-10-09 04:52:44,107 INFO - ContAudITWrapper#32 - Executing command...
2024-10-09 04:52:44,947 INFO - ContAudITWrapper#32 - Command output: 
2024-10-09 04:52:44.214347693 [executor] Initializing the workflow...
[apache2_workflow] Apache HTTP Server already installed.
[apache2_workflow] UserDir module already loaded.
[apache2_workflow] Configs to UserDir already exist.
[apache2_workflow] public_html directory already exists in /home/ec2-user.
[apache2_workflow] Creating a simple webpage...
[apache2_workflow] Moving webpage to Apache HTTP Server user website folder...
[apache2_workflow] Page moved successfully!
2024-10-09 04:52:44.946174345 [executor] Finished!

2024-10-09 04:52:44,947 INFO - ContAudITWrapper#32 - Running post-command actions...
2024-10-09 04:52:44,947 INFO - ContAudITWrapper#32 - Analyzing current environment state...
2024-10-09 04:52:45,024 INFO - ContAudITWrapper#32 - Saving current environment state...
2024-10-09 04:52:45,025 INFO - ContAudITWrapper#32 - Environment state hash: a7ffc6f8bf1ed76651c14756a061d662f580ff4de43b49fa82d80a4b80f8434a
2024-10-09 04:52:45,025 INFO - ContAudITWrapper#32 - Checking environment diff...
2024-10-09 04:52:45,079 INFO - ContAudITWrapper#32 - Environment diff: 
2024-10-09 04:52:45,080 INFO - ContAudITWrapper#32 - Cleaning temporary files...
2024-10-09 04:52:45,112 INFO - ContAudITWrapper#32 - Sending to blockchain...
2024-10-09 04:52:51,505 INFO - ContAudITWrapper#32 - Response 
2024-10-09 04:52:51,507 INFO - ContAudITWrapper#32 - Finishing ContAudIT Wrapper...
