2024-10-11 05:10:31,419 INFO - ContAudITWrapper#89 - Initializing ContAudIT Wrapper...
2024-10-11 05:10:31,600 INFO - ContAudITWrapper#89 - Current directory: /home/ec2-user/Code/ufrgs-poc/contaudit-wrapper.jar
2024-10-11 05:10:52,819 INFO - ContAudITWrapper#89 - Wrapper hash: b7519188ed863d76e5199a8d880bb968bdf9124fad53b871583787e123a7a764
2024-10-11 05:10:52,845 INFO - ContAudITWrapper#89 - Validating Wrapper...
2024-10-11 05:12:00,948 INFO - ContAudITWrapper#89 - Response true
2024-10-11 05:12:01,173 INFO - ContAudITWrapper#89 - Application hash: e36ee2d35f8c4c41bd358782dfb3ac8852b40439d350ff27616f0c18819ce9bf
2024-10-11 05:12:01,174 INFO - ContAudITWrapper#89 - Validating Application...
2024-10-11 05:12:15,646 INFO - ContAudITWrapper#89 - Response true
2024-10-11 05:12:15,666 INFO - ContAudITWrapper#89 - Artifact apache2.workflow hash: bdb4cee855e21446b6ae53ddcb76a1632ef8c4545b5db0517e01ffd552157f6e
2024-10-11 05:12:15,676 INFO - ContAudITWrapper#89 - Validating Artifact...
2024-10-11 05:12:28,020 INFO - ContAudITWrapper#89 - Response true
2024-10-11 05:12:28,027 INFO - ContAudITWrapper#89 - Running pre-command actions...
2024-10-11 05:12:28,028 INFO - ContAudITWrapper#89 - Analyzing current environment state...
2024-10-11 05:12:28,303 INFO - ContAudITWrapper#89 - Saving current environment state...
2024-10-11 05:12:28,304 INFO - ContAudITWrapper#89 - Environment state hash: a7ffc6f8bf1ed76651c14756a061d662f580ff4de43b49fa82d80a4b80f8434a
2024-10-11 05:12:28,304 INFO - ContAudITWrapper#89 - Executing command...
2024-10-11 05:12:29,512 INFO - ContAudITWrapper#89 - Command output: 
2024-10-11 05:12:28.414134498 [executor] Initializing the workflow...
[apache2_workflow] Apache HTTP Server already installed.
[apache2_workflow] UserDir module already loaded.
[apache2_workflow] Configs to UserDir already exist.
[apache2_workflow] public_html directory already exists in /home/ec2-user.
[apache2_workflow] Creating a simple webpage...
[apache2_workflow] Moving webpage to Apache HTTP Server user website folder...
[apache2_workflow] Page moved successfully!
2024-10-11 05:12:29.511750666 [executor] Finished!

2024-10-11 05:12:29,513 INFO - ContAudITWrapper#89 - Running post-command actions...
2024-10-11 05:12:29,513 INFO - ContAudITWrapper#89 - Analyzing current environment state...
2024-10-11 05:12:29,660 INFO - ContAudITWrapper#89 - Saving current environment state...
2024-10-11 05:12:29,660 INFO - ContAudITWrapper#89 - Environment state hash: a7ffc6f8bf1ed76651c14756a061d662f580ff4de43b49fa82d80a4b80f8434a
2024-10-11 05:12:29,661 INFO - ContAudITWrapper#89 - Checking environment diff...
2024-10-11 05:12:29,773 INFO - ContAudITWrapper#89 - Environment diff: 
2024-10-11 05:12:29,774 INFO - ContAudITWrapper#89 - Cleaning temporary files...
2024-10-11 05:12:29,912 INFO - ContAudITWrapper#89 - Sending to blockchain...
2024-10-11 05:12:42,661 INFO - ContAudITWrapper#89 - Response 
2024-10-11 05:12:42,670 INFO - ContAudITWrapper#89 - Finishing ContAudIT Wrapper...
