2024-10-11 05:10:30,355 INFO - ContAudITWrapper#55 - Initializing ContAudIT Wrapper...
2024-10-11 05:10:30,599 INFO - ContAudITWrapper#55 - Current directory: /home/ec2-user/Code/ufrgs-poc/contaudit-wrapper.jar
2024-10-11 05:10:54,918 INFO - ContAudITWrapper#55 - Wrapper hash: b7519188ed863d76e5199a8d880bb968bdf9124fad53b871583787e123a7a764
2024-10-11 05:10:54,959 INFO - ContAudITWrapper#55 - Validating Wrapper...
2024-10-11 05:12:06,533 INFO - ContAudITWrapper#55 - Response true
2024-10-11 05:12:06,707 INFO - ContAudITWrapper#55 - Application hash: e36ee2d35f8c4c41bd358782dfb3ac8852b40439d350ff27616f0c18819ce9bf
2024-10-11 05:12:06,708 INFO - ContAudITWrapper#55 - Validating Application...
2024-10-11 05:12:18,257 INFO - ContAudITWrapper#55 - Response true
2024-10-11 05:12:18,283 INFO - ContAudITWrapper#55 - Artifact apache2.workflow hash: bdb4cee855e21446b6ae53ddcb76a1632ef8c4545b5db0517e01ffd552157f6e
2024-10-11 05:12:18,355 INFO - ContAudITWrapper#55 - Validating Artifact...
2024-10-11 05:12:24,929 INFO - ContAudITWrapper#55 - Response true
2024-10-11 05:12:24,939 INFO - ContAudITWrapper#55 - Running pre-command actions...
2024-10-11 05:12:24,941 INFO - ContAudITWrapper#55 - Analyzing current environment state...
2024-10-11 05:12:25,265 INFO - ContAudITWrapper#55 - Saving current environment state...
2024-10-11 05:12:25,271 INFO - ContAudITWrapper#55 - Environment state hash: a7ffc6f8bf1ed76651c14756a061d662f580ff4de43b49fa82d80a4b80f8434a
2024-10-11 05:12:25,271 INFO - ContAudITWrapper#55 - Executing command...
2024-10-11 05:12:27,372 INFO - ContAudITWrapper#55 - Command output: 
2024-10-11 05:12:25.501173745 [executor] Initializing the workflow...
[apache2_workflow] Apache HTTP Server already installed.
[apache2_workflow] UserDir module already loaded.
[apache2_workflow] Configs to UserDir already exist.
[apache2_workflow] public_html directory already exists in /home/ec2-user.
[apache2_workflow] Creating a simple webpage...
[apache2_workflow] Moving webpage to Apache HTTP Server user website folder...
[apache2_workflow] Page moved successfully!
2024-10-11 05:12:27.371107913 [executor] Finished!

2024-10-11 05:12:27,373 INFO - ContAudITWrapper#55 - Running post-command actions...
2024-10-11 05:12:27,373 INFO - ContAudITWrapper#55 - Analyzing current environment state...
2024-10-11 05:12:27,545 INFO - ContAudITWrapper#55 - Saving current environment state...
2024-10-11 05:12:27,545 INFO - ContAudITWrapper#55 - Environment state hash: a7ffc6f8bf1ed76651c14756a061d662f580ff4de43b49fa82d80a4b80f8434a
2024-10-11 05:12:27,546 INFO - ContAudITWrapper#55 - Checking environment diff...
2024-10-11 05:12:27,603 INFO - ContAudITWrapper#55 - Environment diff: 
2024-10-11 05:12:27,603 INFO - ContAudITWrapper#55 - Cleaning temporary files...
2024-10-11 05:12:27,625 INFO - ContAudITWrapper#55 - Sending to blockchain...
2024-10-11 05:12:45,256 INFO - ContAudITWrapper#55 - Response 
2024-10-11 05:12:45,258 INFO - ContAudITWrapper#55 - Finishing ContAudIT Wrapper...
