2024-10-11 05:10:30,665 INFO - ContAudITWrapper#95 - Initializing ContAudIT Wrapper...
2024-10-11 05:10:30,836 INFO - ContAudITWrapper#95 - Current directory: /home/ec2-user/Code/ufrgs-poc/contaudit-wrapper.jar
2024-10-11 05:10:52,120 INFO - ContAudITWrapper#95 - Wrapper hash: b7519188ed863d76e5199a8d880bb968bdf9124fad53b871583787e123a7a764
2024-10-11 05:10:52,191 INFO - ContAudITWrapper#95 - Validating Wrapper...
2024-10-11 05:12:03,220 INFO - ContAudITWrapper#95 - Response true
2024-10-11 05:12:03,435 INFO - ContAudITWrapper#95 - Application hash: e36ee2d35f8c4c41bd358782dfb3ac8852b40439d350ff27616f0c18819ce9bf
2024-10-11 05:12:03,436 INFO - ContAudITWrapper#95 - Validating Application...
2024-10-11 05:12:17,403 INFO - ContAudITWrapper#95 - Response true
2024-10-11 05:12:17,406 INFO - ContAudITWrapper#95 - Artifact apache2.workflow hash: bdb4cee855e21446b6ae53ddcb76a1632ef8c4545b5db0517e01ffd552157f6e
2024-10-11 05:12:17,424 INFO - ContAudITWrapper#95 - Validating Artifact...
2024-10-11 05:12:30,339 INFO - ContAudITWrapper#95 - Response true
2024-10-11 05:12:30,351 INFO - ContAudITWrapper#95 - Running pre-command actions...
2024-10-11 05:12:30,352 INFO - ContAudITWrapper#95 - Analyzing current environment state...
2024-10-11 05:12:30,688 INFO - ContAudITWrapper#95 - Saving current environment state...
2024-10-11 05:12:30,689 INFO - ContAudITWrapper#95 - Environment state hash: a7ffc6f8bf1ed76651c14756a061d662f580ff4de43b49fa82d80a4b80f8434a
2024-10-11 05:12:30,689 INFO - ContAudITWrapper#95 - Executing command...
2024-10-11 05:12:32,262 INFO - ContAudITWrapper#95 - Command output: 
2024-10-11 05:12:30.760164830 [executor] Initializing the workflow...
[apache2_workflow] Apache HTTP Server already installed.
[apache2_workflow] UserDir module already loaded.
[apache2_workflow] Configs to UserDir already exist.
[apache2_workflow] public_html directory already exists in /home/ec2-user.
[apache2_workflow] Creating a simple webpage...
[apache2_workflow] Moving webpage to Apache HTTP Server user website folder...
[apache2_workflow] Page moved successfully!
2024-10-11 05:12:32.261618651 [executor] Finished!

2024-10-11 05:12:32,263 INFO - ContAudITWrapper#95 - Running post-command actions...
2024-10-11 05:12:32,263 INFO - ContAudITWrapper#95 - Analyzing current environment state...
2024-10-11 05:12:32,377 INFO - ContAudITWrapper#95 - Saving current environment state...
2024-10-11 05:12:32,379 INFO - ContAudITWrapper#95 - Environment state hash: a7ffc6f8bf1ed76651c14756a061d662f580ff4de43b49fa82d80a4b80f8434a
2024-10-11 05:12:32,379 INFO - ContAudITWrapper#95 - Checking environment diff...
2024-10-11 05:12:32,494 INFO - ContAudITWrapper#95 - Environment diff: 
2024-10-11 05:12:32,495 INFO - ContAudITWrapper#95 - Cleaning temporary files...
2024-10-11 05:12:32,504 INFO - ContAudITWrapper#95 - Sending to blockchain...
2024-10-11 05:12:45,372 INFO - ContAudITWrapper#95 - Response 
2024-10-11 05:12:45,373 INFO - ContAudITWrapper#95 - Finishing ContAudIT Wrapper...
