2024-10-11 05:10:31,341 INFO - ContAudITWrapper#72 - Initializing ContAudIT Wrapper...
2024-10-11 05:10:31,600 INFO - ContAudITWrapper#72 - Current directory: /home/ec2-user/Code/ufrgs-poc/contaudit-wrapper.jar
2024-10-11 05:10:54,886 INFO - ContAudITWrapper#72 - Wrapper hash: b7519188ed863d76e5199a8d880bb968bdf9124fad53b871583787e123a7a764
2024-10-11 05:10:55,027 INFO - ContAudITWrapper#72 - Validating Wrapper...
2024-10-11 05:12:03,294 INFO - ContAudITWrapper#72 - Response true
2024-10-11 05:12:03,388 INFO - ContAudITWrapper#72 - Application hash: e36ee2d35f8c4c41bd358782dfb3ac8852b40439d350ff27616f0c18819ce9bf
2024-10-11 05:12:03,462 INFO - ContAudITWrapper#72 - Validating Application...
2024-10-11 05:12:17,194 INFO - ContAudITWrapper#72 - Response true
2024-10-11 05:12:17,217 INFO - ContAudITWrapper#72 - Artifact apache2.workflow hash: bdb4cee855e21446b6ae53ddcb76a1632ef8c4545b5db0517e01ffd552157f6e
2024-10-11 05:12:17,239 INFO - ContAudITWrapper#72 - Validating Artifact...
2024-10-11 05:12:29,340 INFO - ContAudITWrapper#72 - Response true
2024-10-11 05:12:29,347 INFO - ContAudITWrapper#72 - Running pre-command actions...
2024-10-11 05:12:29,348 INFO - ContAudITWrapper#72 - Analyzing current environment state...
2024-10-11 05:12:29,566 INFO - ContAudITWrapper#72 - Saving current environment state...
2024-10-11 05:12:29,567 INFO - ContAudITWrapper#72 - Environment state hash: a7ffc6f8bf1ed76651c14756a061d662f580ff4de43b49fa82d80a4b80f8434a
2024-10-11 05:12:29,567 INFO - ContAudITWrapper#72 - Executing command...
2024-10-11 05:12:30,732 INFO - ContAudITWrapper#72 - Command output: 
2024-10-11 05:12:29.751670138 [executor] Initializing the workflow...
[apache2_workflow] Apache HTTP Server already installed.
[apache2_workflow] UserDir module already loaded.
[apache2_workflow] Configs to UserDir already exist.
[apache2_workflow] public_html directory already exists in /home/ec2-user.
[apache2_workflow] Creating a simple webpage...
[apache2_workflow] Moving webpage to Apache HTTP Server user website folder...
[apache2_workflow] Page moved successfully!
2024-10-11 05:12:30.731616214 [executor] Finished!

2024-10-11 05:12:30,733 INFO - ContAudITWrapper#72 - Running post-command actions...
2024-10-11 05:12:30,733 INFO - ContAudITWrapper#72 - Analyzing current environment state...
2024-10-11 05:12:30,845 INFO - ContAudITWrapper#72 - Saving current environment state...
2024-10-11 05:12:30,846 INFO - ContAudITWrapper#72 - Environment state hash: a7ffc6f8bf1ed76651c14756a061d662f580ff4de43b49fa82d80a4b80f8434a
2024-10-11 05:12:30,846 INFO - ContAudITWrapper#72 - Checking environment diff...
2024-10-11 05:12:30,925 INFO - ContAudITWrapper#72 - Environment diff: 
2024-10-11 05:12:30,925 INFO - ContAudITWrapper#72 - Cleaning temporary files...
2024-10-11 05:12:30,936 INFO - ContAudITWrapper#72 - Sending to blockchain...
2024-10-11 05:12:42,439 INFO - ContAudITWrapper#72 - Response 
2024-10-11 05:12:42,440 INFO - ContAudITWrapper#72 - Finishing ContAudIT Wrapper...
