2024-10-11 05:10:30,875 INFO - ContAudITWrapper#93 - Initializing ContAudIT Wrapper...
2024-10-11 05:10:31,100 INFO - ContAudITWrapper#93 - Current directory: /home/ec2-user/Code/ufrgs-poc/contaudit-wrapper.jar
2024-10-11 05:10:54,192 INFO - ContAudITWrapper#93 - Wrapper hash: b7519188ed863d76e5199a8d880bb968bdf9124fad53b871583787e123a7a764
2024-10-11 05:10:54,300 INFO - ContAudITWrapper#93 - Validating Wrapper...
2024-10-11 05:12:04,237 INFO - ContAudITWrapper#93 - Response true
2024-10-11 05:12:04,470 INFO - ContAudITWrapper#93 - Application hash: e36ee2d35f8c4c41bd358782dfb3ac8852b40439d350ff27616f0c18819ce9bf
2024-10-11 05:12:04,556 INFO - ContAudITWrapper#93 - Validating Application...
2024-10-11 05:12:18,537 INFO - ContAudITWrapper#93 - Response true
2024-10-11 05:12:18,556 INFO - ContAudITWrapper#93 - Artifact apache2.workflow hash: bdb4cee855e21446b6ae53ddcb76a1632ef8c4545b5db0517e01ffd552157f6e
2024-10-11 05:12:18,701 INFO - ContAudITWrapper#93 - Validating Artifact...
2024-10-11 05:12:32,309 INFO - ContAudITWrapper#93 - Response true
2024-10-11 05:12:32,320 INFO - ContAudITWrapper#93 - Running pre-command actions...
2024-10-11 05:12:32,322 INFO - ContAudITWrapper#93 - Analyzing current environment state...
2024-10-11 05:12:32,535 INFO - ContAudITWrapper#93 - Saving current environment state...
2024-10-11 05:12:32,536 INFO - ContAudITWrapper#93 - Environment state hash: a7ffc6f8bf1ed76651c14756a061d662f580ff4de43b49fa82d80a4b80f8434a
2024-10-11 05:12:32,536 INFO - ContAudITWrapper#93 - Executing command...
2024-10-11 05:12:34,473 INFO - ContAudITWrapper#93 - Command output: 
2024-10-11 05:12:32.751851590 [executor] Initializing the workflow...
[apache2_workflow] Apache HTTP Server already installed.
[apache2_workflow] UserDir module already loaded.
[apache2_workflow] Configs to UserDir already exist.
[apache2_workflow] public_html directory already exists in /home/ec2-user.
[apache2_workflow] Creating a simple webpage...
[apache2_workflow] Moving webpage to Apache HTTP Server user website folder...
[apache2_workflow] Page moved successfully!
2024-10-11 05:12:34.472260382 [executor] Finished!

2024-10-11 05:12:34,473 INFO - ContAudITWrapper#93 - Running post-command actions...
2024-10-11 05:12:34,473 INFO - ContAudITWrapper#93 - Analyzing current environment state...
2024-10-11 05:12:34,693 INFO - ContAudITWrapper#93 - Saving current environment state...
2024-10-11 05:12:34,693 INFO - ContAudITWrapper#93 - Environment state hash: a7ffc6f8bf1ed76651c14756a061d662f580ff4de43b49fa82d80a4b80f8434a
2024-10-11 05:12:34,694 INFO - ContAudITWrapper#93 - Checking environment diff...
2024-10-11 05:12:34,783 INFO - ContAudITWrapper#93 - Environment diff: 
2024-10-11 05:12:34,783 INFO - ContAudITWrapper#93 - Cleaning temporary files...
2024-10-11 05:12:34,884 INFO - ContAudITWrapper#93 - Sending to blockchain...
2024-10-11 05:12:45,452 INFO - ContAudITWrapper#93 - Response 
2024-10-11 05:12:45,455 INFO - ContAudITWrapper#93 - Finishing ContAudIT Wrapper...
