2024-10-11 05:10:30,642 INFO - ContAudITWrapper#12 - Initializing ContAudIT Wrapper...
2024-10-11 05:10:30,867 INFO - ContAudITWrapper#12 - Current directory: /home/ec2-user/Code/ufrgs-poc/contaudit-wrapper.jar
2024-10-11 05:10:52,487 INFO - ContAudITWrapper#12 - Wrapper hash: b7519188ed863d76e5199a8d880bb968bdf9124fad53b871583787e123a7a764
2024-10-11 05:10:52,519 INFO - ContAudITWrapper#12 - Validating Wrapper...
2024-10-11 05:12:00,865 INFO - ContAudITWrapper#12 - Response true
2024-10-11 05:12:01,030 INFO - ContAudITWrapper#12 - Application hash: e36ee2d35f8c4c41bd358782dfb3ac8852b40439d350ff27616f0c18819ce9bf
2024-10-11 05:12:01,031 INFO - ContAudITWrapper#12 - Validating Application...
2024-10-11 05:12:15,296 INFO - ContAudITWrapper#12 - Response true
2024-10-11 05:12:15,310 INFO - ContAudITWrapper#12 - Artifact apache2.workflow hash: bdb4cee855e21446b6ae53ddcb76a1632ef8c4545b5db0517e01ffd552157f6e
2024-10-11 05:12:15,379 INFO - ContAudITWrapper#12 - Validating Artifact...
2024-10-11 05:12:29,346 INFO - ContAudITWrapper#12 - Response true
2024-10-11 05:12:29,350 INFO - ContAudITWrapper#12 - Running pre-command actions...
2024-10-11 05:12:29,351 INFO - ContAudITWrapper#12 - Analyzing current environment state...
2024-10-11 05:12:29,577 INFO - ContAudITWrapper#12 - Saving current environment state...
2024-10-11 05:12:29,578 INFO - ContAudITWrapper#12 - Environment state hash: a7ffc6f8bf1ed76651c14756a061d662f580ff4de43b49fa82d80a4b80f8434a
2024-10-11 05:12:29,579 INFO - ContAudITWrapper#12 - Executing command...
2024-10-11 05:12:31,186 INFO - ContAudITWrapper#12 - Command output: 
2024-10-11 05:12:29.669548421 [executor] Initializing the workflow...
[apache2_workflow] Apache HTTP Server already installed.
[apache2_workflow] UserDir module already loaded.
[apache2_workflow] Configs to UserDir already exist.
[apache2_workflow] public_html directory already exists in /home/ec2-user.
[apache2_workflow] Creating a simple webpage...
[apache2_workflow] Moving webpage to Apache HTTP Server user website folder...
[apache2_workflow] Page moved successfully!
2024-10-11 05:12:31.180384086 [executor] Finished!

2024-10-11 05:12:31,187 INFO - ContAudITWrapper#12 - Running post-command actions...
2024-10-11 05:12:31,187 INFO - ContAudITWrapper#12 - Analyzing current environment state...
2024-10-11 05:12:31,360 INFO - ContAudITWrapper#12 - Saving current environment state...
2024-10-11 05:12:31,361 INFO - ContAudITWrapper#12 - Environment state hash: a7ffc6f8bf1ed76651c14756a061d662f580ff4de43b49fa82d80a4b80f8434a
2024-10-11 05:12:31,361 INFO - ContAudITWrapper#12 - Checking environment diff...
2024-10-11 05:12:31,483 INFO - ContAudITWrapper#12 - Environment diff: 
2024-10-11 05:12:31,483 INFO - ContAudITWrapper#12 - Cleaning temporary files...
2024-10-11 05:12:31,623 INFO - ContAudITWrapper#12 - Sending to blockchain...
2024-10-11 05:12:47,064 INFO - ContAudITWrapper#12 - Response 
2024-10-11 05:12:47,066 INFO - ContAudITWrapper#12 - Finishing ContAudIT Wrapper...
