2024-10-11 05:10:31,079 INFO - ContAudITWrapper#88 - Initializing ContAudIT Wrapper...
2024-10-11 05:10:31,282 INFO - ContAudITWrapper#88 - Current directory: /home/ec2-user/Code/ufrgs-poc/contaudit-wrapper.jar
2024-10-11 05:10:52,147 INFO - ContAudITWrapper#88 - Wrapper hash: b7519188ed863d76e5199a8d880bb968bdf9124fad53b871583787e123a7a764
2024-10-11 05:10:52,194 INFO - ContAudITWrapper#88 - Validating Wrapper...
2024-10-11 05:12:01,637 INFO - ContAudITWrapper#88 - Response true
2024-10-11 05:12:01,840 INFO - ContAudITWrapper#88 - Application hash: e36ee2d35f8c4c41bd358782dfb3ac8852b40439d350ff27616f0c18819ce9bf
2024-10-11 05:12:01,841 INFO - ContAudITWrapper#88 - Validating Application...
2024-10-11 05:12:16,126 INFO - ContAudITWrapper#88 - Response true
2024-10-11 05:12:16,148 INFO - ContAudITWrapper#88 - Artifact apache2.workflow hash: bdb4cee855e21446b6ae53ddcb76a1632ef8c4545b5db0517e01ffd552157f6e
2024-10-11 05:12:16,300 INFO - ContAudITWrapper#88 - Validating Artifact...
2024-10-11 05:12:27,394 INFO - ContAudITWrapper#88 - Response true
2024-10-11 05:12:27,397 INFO - ContAudITWrapper#88 - Running pre-command actions...
2024-10-11 05:12:27,399 INFO - ContAudITWrapper#88 - Analyzing current environment state...
2024-10-11 05:12:27,644 INFO - ContAudITWrapper#88 - Saving current environment state...
2024-10-11 05:12:27,645 INFO - ContAudITWrapper#88 - Environment state hash: a7ffc6f8bf1ed76651c14756a061d662f580ff4de43b49fa82d80a4b80f8434a
2024-10-11 05:12:27,646 INFO - ContAudITWrapper#88 - Executing command...
2024-10-11 05:12:29,501 INFO - ContAudITWrapper#88 - Command output: 
2024-10-11 05:12:27.769019247 [executor] Initializing the workflow...
[apache2_workflow] Apache HTTP Server already installed.
[apache2_workflow] UserDir module already loaded.
[apache2_workflow] Configs to UserDir already exist.
[apache2_workflow] public_html directory already exists in /home/ec2-user.
[apache2_workflow] Creating a simple webpage...
[apache2_workflow] Moving webpage to Apache HTTP Server user website folder...
[apache2_workflow] Page moved successfully!
2024-10-11 05:12:29.495000861 [executor] Finished!

2024-10-11 05:12:29,501 INFO - ContAudITWrapper#88 - Running post-command actions...
2024-10-11 05:12:29,501 INFO - ContAudITWrapper#88 - Analyzing current environment state...
2024-10-11 05:12:29,617 INFO - ContAudITWrapper#88 - Saving current environment state...
2024-10-11 05:12:29,617 INFO - ContAudITWrapper#88 - Environment state hash: a7ffc6f8bf1ed76651c14756a061d662f580ff4de43b49fa82d80a4b80f8434a
2024-10-11 05:12:29,618 INFO - ContAudITWrapper#88 - Checking environment diff...
2024-10-11 05:12:29,669 INFO - ContAudITWrapper#88 - Environment diff: 
2024-10-11 05:12:29,669 INFO - ContAudITWrapper#88 - Cleaning temporary files...
2024-10-11 05:12:29,735 INFO - ContAudITWrapper#88 - Sending to blockchain...
2024-10-11 05:12:46,391 INFO - ContAudITWrapper#88 - Response 
2024-10-11 05:12:46,393 INFO - ContAudITWrapper#88 - Finishing ContAudIT Wrapper...
