2024-10-11 05:10:30,621 INFO - ContAudITWrapper#5 - Initializing ContAudIT Wrapper...
2024-10-11 05:10:30,840 INFO - ContAudITWrapper#5 - Current directory: /home/ec2-user/Code/ufrgs-poc/contaudit-wrapper.jar
2024-10-11 05:10:55,929 INFO - ContAudITWrapper#5 - Wrapper hash: b7519188ed863d76e5199a8d880bb968bdf9124fad53b871583787e123a7a764
2024-10-11 05:10:56,004 INFO - ContAudITWrapper#5 - Validating Wrapper...
2024-10-11 05:12:06,294 INFO - ContAudITWrapper#5 - Response true
2024-10-11 05:12:06,584 INFO - ContAudITWrapper#5 - Application hash: e36ee2d35f8c4c41bd358782dfb3ac8852b40439d350ff27616f0c18819ce9bf
2024-10-11 05:12:06,585 INFO - ContAudITWrapper#5 - Validating Application...
2024-10-11 05:12:19,421 INFO - ContAudITWrapper#5 - Response true
2024-10-11 05:12:19,427 INFO - ContAudITWrapper#5 - Artifact apache2.workflow hash: bdb4cee855e21446b6ae53ddcb76a1632ef8c4545b5db0517e01ffd552157f6e
2024-10-11 05:12:19,437 INFO - ContAudITWrapper#5 - Validating Artifact...
2024-10-11 05:12:32,834 INFO - ContAudITWrapper#5 - Response true
2024-10-11 05:12:32,844 INFO - ContAudITWrapper#5 - Running pre-command actions...
2024-10-11 05:12:32,848 INFO - ContAudITWrapper#5 - Analyzing current environment state...
2024-10-11 05:12:33,101 INFO - ContAudITWrapper#5 - Saving current environment state...
2024-10-11 05:12:33,102 INFO - ContAudITWrapper#5 - Environment state hash: a7ffc6f8bf1ed76651c14756a061d662f580ff4de43b49fa82d80a4b80f8434a
2024-10-11 05:12:33,102 INFO - ContAudITWrapper#5 - Executing command...
2024-10-11 05:12:34,582 INFO - ContAudITWrapper#5 - Command output: 
2024-10-11 05:12:33.248956589 [executor] Initializing the workflow...
[apache2_workflow] Apache HTTP Server already installed.
[apache2_workflow] UserDir module already loaded.
[apache2_workflow] Configs to UserDir already exist.
[apache2_workflow] public_html directory already exists in /home/ec2-user.
[apache2_workflow] Creating a simple webpage...
[apache2_workflow] Moving webpage to Apache HTTP Server user website folder...
[apache2_workflow] Page moved successfully!
2024-10-11 05:12:34.581325237 [executor] Finished!

2024-10-11 05:12:34,582 INFO - ContAudITWrapper#5 - Running post-command actions...
2024-10-11 05:12:34,582 INFO - ContAudITWrapper#5 - Analyzing current environment state...
2024-10-11 05:12:34,741 INFO - ContAudITWrapper#5 - Saving current environment state...
2024-10-11 05:12:34,742 INFO - ContAudITWrapper#5 - Environment state hash: a7ffc6f8bf1ed76651c14756a061d662f580ff4de43b49fa82d80a4b80f8434a
2024-10-11 05:12:34,742 INFO - ContAudITWrapper#5 - Checking environment diff...
2024-10-11 05:12:34,829 INFO - ContAudITWrapper#5 - Environment diff: 
2024-10-11 05:12:34,829 INFO - ContAudITWrapper#5 - Cleaning temporary files...
2024-10-11 05:12:34,870 INFO - ContAudITWrapper#5 - Sending to blockchain...
2024-10-11 05:12:46,942 INFO - ContAudITWrapper#5 - Response 
2024-10-11 05:12:46,943 INFO - ContAudITWrapper#5 - Finishing ContAudIT Wrapper...
