2024-10-11 05:10:31,314 INFO - ContAudITWrapper#19 - Initializing ContAudIT Wrapper...
2024-10-11 05:10:31,510 INFO - ContAudITWrapper#19 - Current directory: /home/ec2-user/Code/ufrgs-poc/contaudit-wrapper.jar
2024-10-11 05:10:53,025 INFO - ContAudITWrapper#19 - Wrapper hash: b7519188ed863d76e5199a8d880bb968bdf9124fad53b871583787e123a7a764
2024-10-11 05:10:53,034 INFO - ContAudITWrapper#19 - Validating Wrapper...
2024-10-11 05:12:02,225 INFO - ContAudITWrapper#19 - Response true
2024-10-11 05:12:02,480 INFO - ContAudITWrapper#19 - Application hash: e36ee2d35f8c4c41bd358782dfb3ac8852b40439d350ff27616f0c18819ce9bf
2024-10-11 05:12:02,481 INFO - ContAudITWrapper#19 - Validating Application...
2024-10-11 05:12:16,391 INFO - ContAudITWrapper#19 - Response true
2024-10-11 05:12:16,397 INFO - ContAudITWrapper#19 - Artifact apache2.workflow hash: bdb4cee855e21446b6ae53ddcb76a1632ef8c4545b5db0517e01ffd552157f6e
2024-10-11 05:12:16,621 INFO - ContAudITWrapper#19 - Validating Artifact...
2024-10-11 05:12:29,635 INFO - ContAudITWrapper#19 - Response true
2024-10-11 05:12:29,644 INFO - ContAudITWrapper#19 - Running pre-command actions...
2024-10-11 05:12:29,646 INFO - ContAudITWrapper#19 - Analyzing current environment state...
2024-10-11 05:12:29,908 INFO - ContAudITWrapper#19 - Saving current environment state...
2024-10-11 05:12:29,909 INFO - ContAudITWrapper#19 - Environment state hash: a7ffc6f8bf1ed76651c14756a061d662f580ff4de43b49fa82d80a4b80f8434a
2024-10-11 05:12:29,910 INFO - ContAudITWrapper#19 - Executing command...
2024-10-11 05:12:31,634 INFO - ContAudITWrapper#19 - Command output: 
2024-10-11 05:12:30.059279409 [executor] Initializing the workflow...
[apache2_workflow] Apache HTTP Server already installed.
[apache2_workflow] UserDir module already loaded.
[apache2_workflow] Configs to UserDir already exist.
[apache2_workflow] public_html directory already exists in /home/ec2-user.
[apache2_workflow] Creating a simple webpage...
[apache2_workflow] Moving webpage to Apache HTTP Server user website folder...
[apache2_workflow] Page moved successfully!
2024-10-11 05:12:31.632961489 [executor] Finished!

2024-10-11 05:12:31,635 INFO - ContAudITWrapper#19 - Running post-command actions...
2024-10-11 05:12:31,635 INFO - ContAudITWrapper#19 - Analyzing current environment state...
2024-10-11 05:12:31,796 INFO - ContAudITWrapper#19 - Saving current environment state...
2024-10-11 05:12:31,797 INFO - ContAudITWrapper#19 - Environment state hash: a7ffc6f8bf1ed76651c14756a061d662f580ff4de43b49fa82d80a4b80f8434a
2024-10-11 05:12:31,797 INFO - ContAudITWrapper#19 - Checking environment diff...
2024-10-11 05:12:31,872 INFO - ContAudITWrapper#19 - Environment diff: 
2024-10-11 05:12:31,873 INFO - ContAudITWrapper#19 - Cleaning temporary files...
2024-10-11 05:12:31,948 INFO - ContAudITWrapper#19 - Sending to blockchain...
2024-10-11 05:12:46,825 INFO - ContAudITWrapper#19 - Response 
2024-10-11 05:12:46,828 INFO - ContAudITWrapper#19 - Finishing ContAudIT Wrapper...
