2024-10-11 05:10:29,944 INFO - ContAudITWrapper#32 - Initializing ContAudIT Wrapper...
2024-10-11 05:10:30,130 INFO - ContAudITWrapper#32 - Current directory: /home/ec2-user/Code/ufrgs-poc/contaudit-wrapper.jar
2024-10-11 05:10:49,627 INFO - ContAudITWrapper#32 - Wrapper hash: b7519188ed863d76e5199a8d880bb968bdf9124fad53b871583787e123a7a764
2024-10-11 05:10:49,656 INFO - ContAudITWrapper#32 - Validating Wrapper...
2024-10-11 05:11:53,792 INFO - ContAudITWrapper#32 - Response true
2024-10-11 05:11:54,088 INFO - ContAudITWrapper#32 - Application hash: e36ee2d35f8c4c41bd358782dfb3ac8852b40439d350ff27616f0c18819ce9bf
2024-10-11 05:11:54,089 INFO - ContAudITWrapper#32 - Validating Application...
2024-10-11 05:12:10,777 INFO - ContAudITWrapper#32 - Response true
2024-10-11 05:12:10,795 INFO - ContAudITWrapper#32 - Artifact apache2.workflow hash: bdb4cee855e21446b6ae53ddcb76a1632ef8c4545b5db0517e01ffd552157f6e
2024-10-11 05:12:10,824 INFO - ContAudITWrapper#32 - Validating Artifact...
2024-10-11 05:12:24,167 INFO - ContAudITWrapper#32 - Response true
2024-10-11 05:12:24,169 INFO - ContAudITWrapper#32 - Running pre-command actions...
2024-10-11 05:12:24,171 INFO - ContAudITWrapper#32 - Analyzing current environment state...
2024-10-11 05:12:24,376 INFO - ContAudITWrapper#32 - Saving current environment state...
2024-10-11 05:12:24,377 INFO - ContAudITWrapper#32 - Environment state hash: a7ffc6f8bf1ed76651c14756a061d662f580ff4de43b49fa82d80a4b80f8434a
2024-10-11 05:12:24,377 INFO - ContAudITWrapper#32 - Executing command...
2024-10-11 05:12:25,708 INFO - ContAudITWrapper#32 - Command output: 
2024-10-11 05:12:24.461250429 [executor] Initializing the workflow...
[apache2_workflow] Apache HTTP Server already installed.
[apache2_workflow] UserDir module already loaded.
[apache2_workflow] Configs to UserDir already exist.
[apache2_workflow] public_html directory already exists in /home/ec2-user.
[apache2_workflow] Creating a simple webpage...
[apache2_workflow] Moving webpage to Apache HTTP Server user website folder...
[apache2_workflow] Page moved successfully!
2024-10-11 05:12:25.705555342 [executor] Finished!

2024-10-11 05:12:25,708 INFO - ContAudITWrapper#32 - Running post-command actions...
2024-10-11 05:12:25,708 INFO - ContAudITWrapper#32 - Analyzing current environment state...
2024-10-11 05:12:25,867 INFO - ContAudITWrapper#32 - Saving current environment state...
2024-10-11 05:12:25,868 INFO - ContAudITWrapper#32 - Environment state hash: a7ffc6f8bf1ed76651c14756a061d662f580ff4de43b49fa82d80a4b80f8434a
2024-10-11 05:12:25,868 INFO - ContAudITWrapper#32 - Checking environment diff...
2024-10-11 05:12:26,004 INFO - ContAudITWrapper#32 - Environment diff: 
2024-10-11 05:12:26,004 INFO - ContAudITWrapper#32 - Cleaning temporary files...
2024-10-11 05:12:26,163 INFO - ContAudITWrapper#32 - Sending to blockchain...
2024-10-11 05:12:42,120 INFO - ContAudITWrapper#32 - Response 
2024-10-11 05:12:42,123 INFO - ContAudITWrapper#32 - Finishing ContAudIT Wrapper...
