2024-10-11 05:10:31,089 INFO - ContAudITWrapper#33 - Initializing ContAudIT Wrapper...
2024-10-11 05:10:31,212 INFO - ContAudITWrapper#33 - Current directory: /home/ec2-user/Code/ufrgs-poc/contaudit-wrapper.jar
2024-10-11 05:10:54,202 INFO - ContAudITWrapper#33 - Wrapper hash: b7519188ed863d76e5199a8d880bb968bdf9124fad53b871583787e123a7a764
2024-10-11 05:10:54,261 INFO - ContAudITWrapper#33 - Validating Wrapper...
2024-10-11 05:12:01,962 INFO - ContAudITWrapper#33 - Response true
2024-10-11 05:12:02,228 INFO - ContAudITWrapper#33 - Application hash: e36ee2d35f8c4c41bd358782dfb3ac8852b40439d350ff27616f0c18819ce9bf
2024-10-11 05:12:02,230 INFO - ContAudITWrapper#33 - Validating Application...
2024-10-11 05:12:16,747 INFO - ContAudITWrapper#33 - Response true
2024-10-11 05:12:16,757 INFO - ContAudITWrapper#33 - Artifact apache2.workflow hash: bdb4cee855e21446b6ae53ddcb76a1632ef8c4545b5db0517e01ffd552157f6e
2024-10-11 05:12:16,830 INFO - ContAudITWrapper#33 - Validating Artifact...
2024-10-11 05:12:32,275 INFO - ContAudITWrapper#33 - Response true
2024-10-11 05:12:32,297 INFO - ContAudITWrapper#33 - Running pre-command actions...
2024-10-11 05:12:32,298 INFO - ContAudITWrapper#33 - Analyzing current environment state...
2024-10-11 05:12:32,561 INFO - ContAudITWrapper#33 - Saving current environment state...
2024-10-11 05:12:32,562 INFO - ContAudITWrapper#33 - Environment state hash: a7ffc6f8bf1ed76651c14756a061d662f580ff4de43b49fa82d80a4b80f8434a
2024-10-11 05:12:32,563 INFO - ContAudITWrapper#33 - Executing command...
2024-10-11 05:12:34,504 INFO - ContAudITWrapper#33 - Command output: 
2024-10-11 05:12:32.812187293 [executor] Initializing the workflow...
[apache2_workflow] Apache HTTP Server already installed.
[apache2_workflow] UserDir module already loaded.
[apache2_workflow] Configs to UserDir already exist.
[apache2_workflow] public_html directory already exists in /home/ec2-user.
[apache2_workflow] Creating a simple webpage...
[apache2_workflow] Moving webpage to Apache HTTP Server user website folder...
[apache2_workflow] Page moved successfully!
2024-10-11 05:12:34.500747029 [executor] Finished!

2024-10-11 05:12:34,504 INFO - ContAudITWrapper#33 - Running post-command actions...
2024-10-11 05:12:34,504 INFO - ContAudITWrapper#33 - Analyzing current environment state...
2024-10-11 05:12:34,620 INFO - ContAudITWrapper#33 - Saving current environment state...
2024-10-11 05:12:34,621 INFO - ContAudITWrapper#33 - Environment state hash: a7ffc6f8bf1ed76651c14756a061d662f580ff4de43b49fa82d80a4b80f8434a
2024-10-11 05:12:34,621 INFO - ContAudITWrapper#33 - Checking environment diff...
2024-10-11 05:12:34,689 INFO - ContAudITWrapper#33 - Environment diff: 
2024-10-11 05:12:34,689 INFO - ContAudITWrapper#33 - Cleaning temporary files...
2024-10-11 05:12:34,759 INFO - ContAudITWrapper#33 - Sending to blockchain...
2024-10-11 05:12:47,055 INFO - ContAudITWrapper#33 - Response 
2024-10-11 05:12:47,057 INFO - ContAudITWrapper#33 - Finishing ContAudIT Wrapper...
