2024-10-11 05:10:31,097 INFO - ContAudITWrapper#16 - Initializing ContAudIT Wrapper...
2024-10-11 05:10:31,277 INFO - ContAudITWrapper#16 - Current directory: /home/ec2-user/Code/ufrgs-poc/contaudit-wrapper.jar
2024-10-11 05:10:52,781 INFO - ContAudITWrapper#16 - Wrapper hash: b7519188ed863d76e5199a8d880bb968bdf9124fad53b871583787e123a7a764
2024-10-11 05:10:52,844 INFO - ContAudITWrapper#16 - Validating Wrapper...
2024-10-11 05:12:01,963 INFO - ContAudITWrapper#16 - Response true
2024-10-11 05:12:02,242 INFO - ContAudITWrapper#16 - Application hash: e36ee2d35f8c4c41bd358782dfb3ac8852b40439d350ff27616f0c18819ce9bf
2024-10-11 05:12:02,244 INFO - ContAudITWrapper#16 - Validating Application...
2024-10-11 05:12:16,198 INFO - ContAudITWrapper#16 - Response true
2024-10-11 05:12:16,224 INFO - ContAudITWrapper#16 - Artifact apache2.workflow hash: bdb4cee855e21446b6ae53ddcb76a1632ef8c4545b5db0517e01ffd552157f6e
2024-10-11 05:12:16,249 INFO - ContAudITWrapper#16 - Validating Artifact...
2024-10-11 05:12:29,753 INFO - ContAudITWrapper#16 - Response true
2024-10-11 05:12:29,769 INFO - ContAudITWrapper#16 - Running pre-command actions...
2024-10-11 05:12:29,770 INFO - ContAudITWrapper#16 - Analyzing current environment state...
2024-10-11 05:12:30,037 INFO - ContAudITWrapper#16 - Saving current environment state...
2024-10-11 05:12:30,038 INFO - ContAudITWrapper#16 - Environment state hash: a7ffc6f8bf1ed76651c14756a061d662f580ff4de43b49fa82d80a4b80f8434a
2024-10-11 05:12:30,039 INFO - ContAudITWrapper#16 - Executing command...
2024-10-11 05:12:31,361 INFO - ContAudITWrapper#16 - Command output: 
2024-10-11 05:12:30.281541518 [executor] Initializing the workflow...
[apache2_workflow] Apache HTTP Server already installed.
[apache2_workflow] UserDir module already loaded.
[apache2_workflow] Configs to UserDir already exist.
[apache2_workflow] public_html directory already exists in /home/ec2-user.
[apache2_workflow] Creating a simple webpage...
[apache2_workflow] Moving webpage to Apache HTTP Server user website folder...
[apache2_workflow] Page moved successfully!
2024-10-11 05:12:31.359913926 [executor] Finished!

2024-10-11 05:12:31,361 INFO - ContAudITWrapper#16 - Running post-command actions...
2024-10-11 05:12:31,361 INFO - ContAudITWrapper#16 - Analyzing current environment state...
2024-10-11 05:12:31,519 INFO - ContAudITWrapper#16 - Saving current environment state...
2024-10-11 05:12:31,519 INFO - ContAudITWrapper#16 - Environment state hash: a7ffc6f8bf1ed76651c14756a061d662f580ff4de43b49fa82d80a4b80f8434a
2024-10-11 05:12:31,519 INFO - ContAudITWrapper#16 - Checking environment diff...
2024-10-11 05:12:31,615 INFO - ContAudITWrapper#16 - Environment diff: 
2024-10-11 05:12:31,615 INFO - ContAudITWrapper#16 - Cleaning temporary files...
2024-10-11 05:12:31,680 INFO - ContAudITWrapper#16 - Sending to blockchain...
2024-10-11 05:12:44,448 INFO - ContAudITWrapper#16 - Response 
2024-10-11 05:12:44,455 INFO - ContAudITWrapper#16 - Finishing ContAudIT Wrapper...
