2024-10-11 05:10:31,252 INFO - ContAudITWrapper#87 - Initializing ContAudIT Wrapper...
2024-10-11 05:10:31,490 INFO - ContAudITWrapper#87 - Current directory: /home/ec2-user/Code/ufrgs-poc/contaudit-wrapper.jar
2024-10-11 05:10:53,575 INFO - ContAudITWrapper#87 - Wrapper hash: b7519188ed863d76e5199a8d880bb968bdf9124fad53b871583787e123a7a764
2024-10-11 05:10:53,696 INFO - ContAudITWrapper#87 - Validating Wrapper...
2024-10-11 05:12:03,367 INFO - ContAudITWrapper#87 - Response true
2024-10-11 05:12:03,605 INFO - ContAudITWrapper#87 - Application hash: e36ee2d35f8c4c41bd358782dfb3ac8852b40439d350ff27616f0c18819ce9bf
2024-10-11 05:12:03,606 INFO - ContAudITWrapper#87 - Validating Application...
2024-10-11 05:12:18,071 INFO - ContAudITWrapper#87 - Response true
2024-10-11 05:12:18,084 INFO - ContAudITWrapper#87 - Artifact apache2.workflow hash: bdb4cee855e21446b6ae53ddcb76a1632ef8c4545b5db0517e01ffd552157f6e
2024-10-11 05:12:18,147 INFO - ContAudITWrapper#87 - Validating Artifact...
2024-10-11 05:12:32,514 INFO - ContAudITWrapper#87 - Response true
2024-10-11 05:12:32,572 INFO - ContAudITWrapper#87 - Running pre-command actions...
2024-10-11 05:12:32,573 INFO - ContAudITWrapper#87 - Analyzing current environment state...
2024-10-11 05:12:32,787 INFO - ContAudITWrapper#87 - Saving current environment state...
2024-10-11 05:12:32,788 INFO - ContAudITWrapper#87 - Environment state hash: a7ffc6f8bf1ed76651c14756a061d662f580ff4de43b49fa82d80a4b80f8434a
2024-10-11 05:12:32,788 INFO - ContAudITWrapper#87 - Executing command...
2024-10-11 05:12:34,237 INFO - ContAudITWrapper#87 - Command output: 
2024-10-11 05:12:32.956007147 [executor] Initializing the workflow...
[apache2_workflow] Apache HTTP Server already installed.
[apache2_workflow] UserDir module already loaded.
[apache2_workflow] Configs to UserDir already exist.
[apache2_workflow] public_html directory already exists in /home/ec2-user.
[apache2_workflow] Creating a simple webpage...
[apache2_workflow] Moving webpage to Apache HTTP Server user website folder...
[apache2_workflow] Page moved successfully!
2024-10-11 05:12:34.234562269 [executor] Finished!

2024-10-11 05:12:34,237 INFO - ContAudITWrapper#87 - Running post-command actions...
2024-10-11 05:12:34,237 INFO - ContAudITWrapper#87 - Analyzing current environment state...
2024-10-11 05:12:34,389 INFO - ContAudITWrapper#87 - Saving current environment state...
2024-10-11 05:12:34,389 INFO - ContAudITWrapper#87 - Environment state hash: a7ffc6f8bf1ed76651c14756a061d662f580ff4de43b49fa82d80a4b80f8434a
2024-10-11 05:12:34,390 INFO - ContAudITWrapper#87 - Checking environment diff...
2024-10-11 05:12:34,493 INFO - ContAudITWrapper#87 - Environment diff: 
2024-10-11 05:12:34,494 INFO - ContAudITWrapper#87 - Cleaning temporary files...
2024-10-11 05:12:34,614 INFO - ContAudITWrapper#87 - Sending to blockchain...
2024-10-11 05:12:47,399 INFO - ContAudITWrapper#87 - Response 
2024-10-11 05:12:47,407 INFO - ContAudITWrapper#87 - Finishing ContAudIT Wrapper...
