2024-06-27 22:04:55,346 INFO - ContAudITWrapper#3 - Initializing ContAudIT Wrapper...
2024-06-27 22:04:55,392 INFO - ContAudITWrapper#3 - Current directory: /home/kali/Code/ufrgs-poc/contaudit-wrapper.jar
2024-06-27 22:05:01,711 INFO - ContAudITWrapper#3 - Wrapper hash: c76a1b1bb9edc25f91da61e17225b6709df7b63d34810aab1d42c0f930950c0b
2024-06-27 22:05:01,728 INFO - ContAudITWrapper#3 - Validating Wrapper...
2024-06-27 22:05:19,803 INFO - ContAudITWrapper#3 - Response true
2024-06-27 22:05:19,894 INFO - ContAudITWrapper#3 - Application hash: e36ee2d35f8c4c41bd358782dfb3ac8852b40439d350ff27616f0c18819ce9bf
2024-06-27 22:05:19,896 INFO - ContAudITWrapper#3 - Validating Application...
2024-06-27 22:05:27,611 INFO - ContAudITWrapper#3 - Response true
2024-06-27 22:05:27,668 INFO - ContAudITWrapper#3 - Artifact apache2.workflow hash: 94d5f6758492dbe0e869e1486907a86cb16f7931019b4acb0e7f38c98cf1b06d
2024-06-27 22:05:27,728 INFO - ContAudITWrapper#3 - Validating Artifact...
2024-06-27 22:05:33,570 INFO - ContAudITWrapper#3 - Response true
2024-06-27 22:05:33,641 INFO - ContAudITWrapper#3 - Running pre-command actions...
2024-06-27 22:05:33,644 INFO - ContAudITWrapper#3 - Analyzing current environment state...
2024-06-27 22:05:34,367 INFO - ContAudITWrapper#3 - Saving current environment state...
2024-06-27 22:05:34,406 INFO - ContAudITWrapper#3 - Environment state hash: 1776e4b78f696d486603e30cb7241013e927d69ca8030fa37e187c49ffd758cd
2024-06-27 22:05:34,418 INFO - ContAudITWrapper#3 - Executing command...
2024-06-27 22:05:34,800 INFO - ContAudITWrapper#3 - Command output: 
2024-06-27 22:05:34.450124814 [executor] Initializing the workflow...
[apache2_workflow] Create a simple webpage...
[apache2_workflow] Move webpage to Apache HTTP Server user website folder...
2024-06-27 22:05:34.796654372 [executor] Finished!

2024-06-27 22:05:34,801 INFO - ContAudITWrapper#3 - Running post-command actions...
2024-06-27 22:05:34,801 INFO - ContAudITWrapper#3 - Analyzing current environment state...
2024-06-27 22:05:35,568 INFO - ContAudITWrapper#3 - Saving current environment state...
2024-06-27 22:05:35,575 INFO - ContAudITWrapper#3 - Environment state hash: 1776e4b78f696d486603e30cb7241013e927d69ca8030fa37e187c49ffd758cd
2024-06-27 22:05:35,576 INFO - ContAudITWrapper#3 - Checking environment diff...
2024-06-27 22:05:35,659 INFO - ContAudITWrapper#3 - Environment diff: 
2024-06-27 22:05:35,660 INFO - ContAudITWrapper#3 - Cleaning temporary files...
2024-06-27 22:05:35,714 INFO - ContAudITWrapper#3 - Sending to blockchain...
2024-06-27 22:05:43,880 INFO - ContAudITWrapper#3 - Response 
2024-06-27 22:05:43,901 INFO - ContAudITWrapper#3 - Finishing ContAudIT Wrapper...
