2024-06-27 22:04:55,497 INFO - ContAudITWrapper#11 - Initializing ContAudIT Wrapper...
2024-06-27 22:04:55,741 INFO - ContAudITWrapper#11 - Current directory: /home/kali/Code/ufrgs-poc/contaudit-wrapper.jar
2024-06-27 22:05:03,646 INFO - ContAudITWrapper#11 - Wrapper hash: c76a1b1bb9edc25f91da61e17225b6709df7b63d34810aab1d42c0f930950c0b
2024-06-27 22:05:03,707 INFO - ContAudITWrapper#11 - Validating Wrapper...
2024-06-27 22:05:28,410 INFO - ContAudITWrapper#11 - Response true
2024-06-27 22:05:28,492 INFO - ContAudITWrapper#11 - Application hash: e36ee2d35f8c4c41bd358782dfb3ac8852b40439d350ff27616f0c18819ce9bf
2024-06-27 22:05:28,549 INFO - ContAudITWrapper#11 - Validating Application...
2024-06-27 22:05:33,994 INFO - ContAudITWrapper#11 - Response true
2024-06-27 22:05:34,036 INFO - ContAudITWrapper#11 - Artifact apache2.workflow hash: 94d5f6758492dbe0e869e1486907a86cb16f7931019b4acb0e7f38c98cf1b06d
2024-06-27 22:05:34,051 INFO - ContAudITWrapper#11 - Validating Artifact...
2024-06-27 22:05:38,581 INFO - ContAudITWrapper#11 - Response true
2024-06-27 22:05:38,586 INFO - ContAudITWrapper#11 - Running pre-command actions...
2024-06-27 22:05:38,589 INFO - ContAudITWrapper#11 - Analyzing current environment state...
2024-06-27 22:05:39,024 INFO - ContAudITWrapper#11 - Saving current environment state...
2024-06-27 22:05:39,250 INFO - ContAudITWrapper#11 - Environment state hash: 1776e4b78f696d486603e30cb7241013e927d69ca8030fa37e187c49ffd758cd
2024-06-27 22:05:39,251 INFO - ContAudITWrapper#11 - Executing command...
2024-06-27 22:05:39,629 INFO - ContAudITWrapper#11 - Command output: 
2024-06-27 22:05:39.353814778 [executor] Initializing the workflow...
[apache2_workflow] Create a simple webpage...
[apache2_workflow] Move webpage to Apache HTTP Server user website folder...
2024-06-27 22:05:39.605604859 [executor] Finished!

2024-06-27 22:05:39,629 INFO - ContAudITWrapper#11 - Running post-command actions...
2024-06-27 22:05:39,629 INFO - ContAudITWrapper#11 - Analyzing current environment state...
2024-06-27 22:05:39,862 INFO - ContAudITWrapper#11 - Saving current environment state...
2024-06-27 22:05:39,867 INFO - ContAudITWrapper#11 - Environment state hash: 1776e4b78f696d486603e30cb7241013e927d69ca8030fa37e187c49ffd758cd
2024-06-27 22:05:39,867 INFO - ContAudITWrapper#11 - Checking environment diff...
2024-06-27 22:05:39,893 INFO - ContAudITWrapper#11 - Environment diff: 
2024-06-27 22:05:39,894 INFO - ContAudITWrapper#11 - Cleaning temporary files...
2024-06-27 22:05:40,009 INFO - ContAudITWrapper#11 - Sending to blockchain...
2024-06-27 22:05:45,337 INFO - ContAudITWrapper#11 - Response 
2024-06-27 22:05:45,340 INFO - ContAudITWrapper#11 - Finishing ContAudIT Wrapper...
