2024-06-27 23:12:26,761 INFO - ContAudITWrapper#8 - Initializing ContAudIT Wrapper...
2024-06-27 23:12:26,806 INFO - ContAudITWrapper#8 - Current directory: /home/kali/Code/ufrgs-poc/contaudit-wrapper.jar
2024-06-27 23:12:31,624 INFO - ContAudITWrapper#8 - Wrapper hash: c76a1b1bb9edc25f91da61e17225b6709df7b63d34810aab1d42c0f930950c0b
2024-06-27 23:12:31,644 INFO - ContAudITWrapper#8 - Validating Wrapper...
2024-06-27 23:12:45,864 INFO - ContAudITWrapper#8 - Response true
2024-06-27 23:12:45,924 INFO - ContAudITWrapper#8 - Application hash: e36ee2d35f8c4c41bd358782dfb3ac8852b40439d350ff27616f0c18819ce9bf
2024-06-27 23:12:45,927 INFO - ContAudITWrapper#8 - Validating Application...
2024-06-27 23:12:49,714 INFO - ContAudITWrapper#8 - Response true
2024-06-27 23:12:49,746 INFO - ContAudITWrapper#8 - Artifact apache2.workflow hash: 94d5f6758492dbe0e869e1486907a86cb16f7931019b4acb0e7f38c98cf1b06d
2024-06-27 23:12:49,768 INFO - ContAudITWrapper#8 - Validating Artifact...
2024-06-27 23:12:53,175 INFO - ContAudITWrapper#8 - Response true
2024-06-27 23:12:53,186 INFO - ContAudITWrapper#8 - Running pre-command actions...
2024-06-27 23:12:53,194 INFO - ContAudITWrapper#8 - Analyzing current environment state...
2024-06-27 23:12:53,519 INFO - ContAudITWrapper#8 - Saving current environment state...
2024-06-27 23:12:53,525 INFO - ContAudITWrapper#8 - Environment state hash: 1776e4b78f696d486603e30cb7241013e927d69ca8030fa37e187c49ffd758cd
2024-06-27 23:12:53,527 INFO - ContAudITWrapper#8 - Executing command...
2024-06-27 23:12:53,931 INFO - ContAudITWrapper#8 - Command output: 
2024-06-27 23:12:53.634735860 [executor] Initializing the workflow...
[apache2_workflow] Create a simple webpage...
[apache2_workflow] Move webpage to Apache HTTP Server user website folder...
2024-06-27 23:12:53.929077275 [executor] Finished!

2024-06-27 23:12:53,931 INFO - ContAudITWrapper#8 - Running post-command actions...
2024-06-27 23:12:53,931 INFO - ContAudITWrapper#8 - Analyzing current environment state...
2024-06-27 23:12:54,300 INFO - ContAudITWrapper#8 - Saving current environment state...
2024-06-27 23:12:54,303 INFO - ContAudITWrapper#8 - Environment state hash: 1776e4b78f696d486603e30cb7241013e927d69ca8030fa37e187c49ffd758cd
2024-06-27 23:12:54,303 INFO - ContAudITWrapper#8 - Checking environment diff...
2024-06-27 23:12:54,403 INFO - ContAudITWrapper#8 - Environment diff: 
2024-06-27 23:12:54,404 INFO - ContAudITWrapper#8 - Cleaning temporary files...
2024-06-27 23:12:54,521 INFO - ContAudITWrapper#8 - Sending to blockchain...
2024-06-27 23:13:03,049 INFO - ContAudITWrapper#8 - Response 
2024-06-27 23:13:03,067 INFO - ContAudITWrapper#8 - Finishing ContAudIT Wrapper...
