2024-06-27 23:12:27,030 INFO - ContAudITWrapper#16 - Initializing ContAudIT Wrapper...
2024-06-27 23:12:27,082 INFO - ContAudITWrapper#16 - Current directory: /home/kali/Code/ufrgs-poc/contaudit-wrapper.jar
2024-06-27 23:12:33,138 INFO - ContAudITWrapper#16 - Wrapper hash: c76a1b1bb9edc25f91da61e17225b6709df7b63d34810aab1d42c0f930950c0b
2024-06-27 23:12:33,151 INFO - ContAudITWrapper#16 - Validating Wrapper...
2024-06-27 23:12:50,909 INFO - ContAudITWrapper#16 - Response true
2024-06-27 23:12:51,061 INFO - ContAudITWrapper#16 - Application hash: e36ee2d35f8c4c41bd358782dfb3ac8852b40439d350ff27616f0c18819ce9bf
2024-06-27 23:12:51,067 INFO - ContAudITWrapper#16 - Validating Application...
2024-06-27 23:12:55,461 INFO - ContAudITWrapper#16 - Response true
2024-06-27 23:12:55,472 INFO - ContAudITWrapper#16 - Artifact apache2.workflow hash: 94d5f6758492dbe0e869e1486907a86cb16f7931019b4acb0e7f38c98cf1b06d
2024-06-27 23:12:55,495 INFO - ContAudITWrapper#16 - Validating Artifact...
2024-06-27 23:12:58,363 INFO - ContAudITWrapper#16 - Response true
2024-06-27 23:12:58,365 INFO - ContAudITWrapper#16 - Running pre-command actions...
2024-06-27 23:12:58,366 INFO - ContAudITWrapper#16 - Analyzing current environment state...
2024-06-27 23:12:59,023 INFO - ContAudITWrapper#16 - Saving current environment state...
2024-06-27 23:12:59,026 INFO - ContAudITWrapper#16 - Environment state hash: 1776e4b78f696d486603e30cb7241013e927d69ca8030fa37e187c49ffd758cd
2024-06-27 23:12:59,027 INFO - ContAudITWrapper#16 - Executing command...
2024-06-27 23:12:59,275 INFO - ContAudITWrapper#16 - Command output: 
2024-06-27 23:12:59.105170385 [executor] Initializing the workflow...
[apache2_workflow] Create a simple webpage...
[apache2_workflow] Move webpage to Apache HTTP Server user website folder...
2024-06-27 23:12:59.271082337 [executor] Finished!

2024-06-27 23:12:59,276 INFO - ContAudITWrapper#16 - Running post-command actions...
2024-06-27 23:12:59,276 INFO - ContAudITWrapper#16 - Analyzing current environment state...
2024-06-27 23:12:59,879 INFO - ContAudITWrapper#16 - Saving current environment state...
2024-06-27 23:12:59,899 INFO - ContAudITWrapper#16 - Environment state hash: 1776e4b78f696d486603e30cb7241013e927d69ca8030fa37e187c49ffd758cd
2024-06-27 23:12:59,900 INFO - ContAudITWrapper#16 - Checking environment diff...
2024-06-27 23:12:59,947 INFO - ContAudITWrapper#16 - Environment diff: 
2024-06-27 23:12:59,947 INFO - ContAudITWrapper#16 - Cleaning temporary files...
2024-06-27 23:12:59,955 INFO - ContAudITWrapper#16 - Sending to blockchain...
2024-06-27 23:13:06,580 INFO - ContAudITWrapper#16 - Response 
2024-06-27 23:13:06,581 INFO - ContAudITWrapper#16 - Finishing ContAudIT Wrapper...
