2024-06-27 23:12:26,843 INFO - ContAudITWrapper#9 - Initializing ContAudIT Wrapper...
2024-06-27 23:12:26,885 INFO - ContAudITWrapper#9 - Current directory: /home/kali/Code/ufrgs-poc/contaudit-wrapper.jar
2024-06-27 23:12:33,231 INFO - ContAudITWrapper#9 - Wrapper hash: c76a1b1bb9edc25f91da61e17225b6709df7b63d34810aab1d42c0f930950c0b
2024-06-27 23:12:33,302 INFO - ContAudITWrapper#9 - Validating Wrapper...
2024-06-27 23:12:50,690 INFO - ContAudITWrapper#9 - Response true
2024-06-27 23:12:50,722 INFO - ContAudITWrapper#9 - Application hash: e36ee2d35f8c4c41bd358782dfb3ac8852b40439d350ff27616f0c18819ce9bf
2024-06-27 23:12:50,723 INFO - ContAudITWrapper#9 - Validating Application...
2024-06-27 23:12:54,135 INFO - ContAudITWrapper#9 - Response true
2024-06-27 23:12:54,149 INFO - ContAudITWrapper#9 - Artifact apache2.workflow hash: 94d5f6758492dbe0e869e1486907a86cb16f7931019b4acb0e7f38c98cf1b06d
2024-06-27 23:12:54,159 INFO - ContAudITWrapper#9 - Validating Artifact...
2024-06-27 23:12:57,380 INFO - ContAudITWrapper#9 - Response true
2024-06-27 23:12:57,396 INFO - ContAudITWrapper#9 - Running pre-command actions...
2024-06-27 23:12:57,398 INFO - ContAudITWrapper#9 - Analyzing current environment state...
2024-06-27 23:12:57,863 INFO - ContAudITWrapper#9 - Saving current environment state...
2024-06-27 23:12:57,878 INFO - ContAudITWrapper#9 - Environment state hash: 1776e4b78f696d486603e30cb7241013e927d69ca8030fa37e187c49ffd758cd
2024-06-27 23:12:57,879 INFO - ContAudITWrapper#9 - Executing command...
2024-06-27 23:12:58,201 INFO - ContAudITWrapper#9 - Command output: 
2024-06-27 23:12:57.901014848 [executor] Initializing the workflow...
[apache2_workflow] Create a simple webpage...
[apache2_workflow] Move webpage to Apache HTTP Server user website folder...
2024-06-27 23:12:58.196463462 [executor] Finished!

2024-06-27 23:12:58,201 INFO - ContAudITWrapper#9 - Running post-command actions...
2024-06-27 23:12:58,201 INFO - ContAudITWrapper#9 - Analyzing current environment state...
2024-06-27 23:12:58,788 INFO - ContAudITWrapper#9 - Saving current environment state...
2024-06-27 23:12:58,791 INFO - ContAudITWrapper#9 - Environment state hash: 1776e4b78f696d486603e30cb7241013e927d69ca8030fa37e187c49ffd758cd
2024-06-27 23:12:58,800 INFO - ContAudITWrapper#9 - Checking environment diff...
2024-06-27 23:12:58,857 INFO - ContAudITWrapper#9 - Environment diff: 
2024-06-27 23:12:58,857 INFO - ContAudITWrapper#9 - Cleaning temporary files...
2024-06-27 23:12:58,900 INFO - ContAudITWrapper#9 - Sending to blockchain...
2024-06-27 23:13:06,151 INFO - ContAudITWrapper#9 - Response 
2024-06-27 23:13:06,153 INFO - ContAudITWrapper#9 - Finishing ContAudIT Wrapper...
