2024-06-27 23:12:26,991 INFO - ContAudITWrapper#13 - Initializing ContAudIT Wrapper...
2024-06-27 23:12:27,041 INFO - ContAudITWrapper#13 - Current directory: /home/kali/Code/ufrgs-poc/contaudit-wrapper.jar
2024-06-27 23:12:33,573 INFO - ContAudITWrapper#13 - Wrapper hash: c76a1b1bb9edc25f91da61e17225b6709df7b63d34810aab1d42c0f930950c0b
2024-06-27 23:12:33,649 INFO - ContAudITWrapper#13 - Validating Wrapper...
2024-06-27 23:12:51,837 INFO - ContAudITWrapper#13 - Response true
2024-06-27 23:12:51,864 INFO - ContAudITWrapper#13 - Application hash: e36ee2d35f8c4c41bd358782dfb3ac8852b40439d350ff27616f0c18819ce9bf
2024-06-27 23:12:51,865 INFO - ContAudITWrapper#13 - Validating Application...
2024-06-27 23:12:55,109 INFO - ContAudITWrapper#13 - Response true
2024-06-27 23:12:55,159 INFO - ContAudITWrapper#13 - Artifact apache2.workflow hash: 94d5f6758492dbe0e869e1486907a86cb16f7931019b4acb0e7f38c98cf1b06d
2024-06-27 23:12:55,168 INFO - ContAudITWrapper#13 - Validating Artifact...
2024-06-27 23:12:57,877 INFO - ContAudITWrapper#13 - Response true
2024-06-27 23:12:57,905 INFO - ContAudITWrapper#13 - Running pre-command actions...
2024-06-27 23:12:57,907 INFO - ContAudITWrapper#13 - Analyzing current environment state...
2024-06-27 23:12:58,242 INFO - ContAudITWrapper#13 - Saving current environment state...
2024-06-27 23:12:58,245 INFO - ContAudITWrapper#13 - Environment state hash: 1776e4b78f696d486603e30cb7241013e927d69ca8030fa37e187c49ffd758cd
2024-06-27 23:12:58,246 INFO - ContAudITWrapper#13 - Executing command...
2024-06-27 23:12:58,535 INFO - ContAudITWrapper#13 - Command output: 
2024-06-27 23:12:58.347803276 [executor] Initializing the workflow...
[apache2_workflow] Create a simple webpage...
[apache2_workflow] Move webpage to Apache HTTP Server user website folder...
2024-06-27 23:12:58.532670191 [executor] Finished!

2024-06-27 23:12:58,536 INFO - ContAudITWrapper#13 - Running post-command actions...
2024-06-27 23:12:58,536 INFO - ContAudITWrapper#13 - Analyzing current environment state...
2024-06-27 23:12:59,178 INFO - ContAudITWrapper#13 - Saving current environment state...
2024-06-27 23:12:59,190 INFO - ContAudITWrapper#13 - Environment state hash: 1776e4b78f696d486603e30cb7241013e927d69ca8030fa37e187c49ffd758cd
2024-06-27 23:12:59,195 INFO - ContAudITWrapper#13 - Checking environment diff...
2024-06-27 23:12:59,286 INFO - ContAudITWrapper#13 - Environment diff: 
2024-06-27 23:12:59,287 INFO - ContAudITWrapper#13 - Cleaning temporary files...
2024-06-27 23:12:59,360 INFO - ContAudITWrapper#13 - Sending to blockchain...
2024-06-27 23:13:10,826 INFO - ContAudITWrapper#13 - Response 
2024-06-27 23:13:10,828 INFO - ContAudITWrapper#13 - Finishing ContAudIT Wrapper...
