2024-06-27 23:12:27,115 INFO - ContAudITWrapper#4 - Initializing ContAudIT Wrapper...
2024-06-27 23:12:27,185 INFO - ContAudITWrapper#4 - Current directory: /home/kali/Code/ufrgs-poc/contaudit-wrapper.jar
2024-06-27 23:12:31,509 INFO - ContAudITWrapper#4 - Wrapper hash: c76a1b1bb9edc25f91da61e17225b6709df7b63d34810aab1d42c0f930950c0b
2024-06-27 23:12:31,523 INFO - ContAudITWrapper#4 - Validating Wrapper...
2024-06-27 23:12:49,541 INFO - ContAudITWrapper#4 - Response true
2024-06-27 23:12:49,609 INFO - ContAudITWrapper#4 - Application hash: e36ee2d35f8c4c41bd358782dfb3ac8852b40439d350ff27616f0c18819ce9bf
2024-06-27 23:12:49,610 INFO - ContAudITWrapper#4 - Validating Application...
2024-06-27 23:12:52,709 INFO - ContAudITWrapper#4 - Response true
2024-06-27 23:12:52,744 INFO - ContAudITWrapper#4 - Artifact apache2.workflow hash: 94d5f6758492dbe0e869e1486907a86cb16f7931019b4acb0e7f38c98cf1b06d
2024-06-27 23:12:52,749 INFO - ContAudITWrapper#4 - Validating Artifact...
2024-06-27 23:12:55,731 INFO - ContAudITWrapper#4 - Response true
2024-06-27 23:12:55,751 INFO - ContAudITWrapper#4 - Running pre-command actions...
2024-06-27 23:12:55,753 INFO - ContAudITWrapper#4 - Analyzing current environment state...
2024-06-27 23:12:56,116 INFO - ContAudITWrapper#4 - Saving current environment state...
2024-06-27 23:12:56,119 INFO - ContAudITWrapper#4 - Environment state hash: 1776e4b78f696d486603e30cb7241013e927d69ca8030fa37e187c49ffd758cd
2024-06-27 23:12:56,119 INFO - ContAudITWrapper#4 - Executing command...
2024-06-27 23:12:56,533 INFO - ContAudITWrapper#4 - Command output: 
2024-06-27 23:12:56.255874695 [executor] Initializing the workflow...
[apache2_workflow] Create a simple webpage...
[apache2_workflow] Move webpage to Apache HTTP Server user website folder...
2024-06-27 23:12:56.531671486 [executor] Finished!

2024-06-27 23:12:56,533 INFO - ContAudITWrapper#4 - Running post-command actions...
2024-06-27 23:12:56,533 INFO - ContAudITWrapper#4 - Analyzing current environment state...
2024-06-27 23:12:56,821 INFO - ContAudITWrapper#4 - Saving current environment state...
2024-06-27 23:12:56,825 INFO - ContAudITWrapper#4 - Environment state hash: 1776e4b78f696d486603e30cb7241013e927d69ca8030fa37e187c49ffd758cd
2024-06-27 23:12:56,825 INFO - ContAudITWrapper#4 - Checking environment diff...
2024-06-27 23:12:56,968 INFO - ContAudITWrapper#4 - Environment diff: 
2024-06-27 23:12:56,968 INFO - ContAudITWrapper#4 - Cleaning temporary files...
2024-06-27 23:12:57,048 INFO - ContAudITWrapper#4 - Sending to blockchain...
2024-06-27 23:13:06,188 INFO - ContAudITWrapper#4 - Response 
2024-06-27 23:13:06,190 INFO - ContAudITWrapper#4 - Finishing ContAudIT Wrapper...
