2024-06-27 23:12:27,196 INFO - ContAudITWrapper#6 - Initializing ContAudIT Wrapper...
2024-06-27 23:12:27,261 INFO - ContAudITWrapper#6 - Current directory: /home/kali/Code/ufrgs-poc/contaudit-wrapper.jar
2024-06-27 23:12:33,217 INFO - ContAudITWrapper#6 - Wrapper hash: c76a1b1bb9edc25f91da61e17225b6709df7b63d34810aab1d42c0f930950c0b
2024-06-27 23:12:33,293 INFO - ContAudITWrapper#6 - Validating Wrapper...
2024-06-27 23:12:49,168 INFO - ContAudITWrapper#6 - Response true
2024-06-27 23:12:49,243 INFO - ContAudITWrapper#6 - Application hash: e36ee2d35f8c4c41bd358782dfb3ac8852b40439d350ff27616f0c18819ce9bf
2024-06-27 23:12:49,244 INFO - ContAudITWrapper#6 - Validating Application...
2024-06-27 23:12:52,794 INFO - ContAudITWrapper#6 - Response true
2024-06-27 23:12:52,824 INFO - ContAudITWrapper#6 - Artifact apache2.workflow hash: 94d5f6758492dbe0e869e1486907a86cb16f7931019b4acb0e7f38c98cf1b06d
2024-06-27 23:12:52,832 INFO - ContAudITWrapper#6 - Validating Artifact...
2024-06-27 23:12:55,881 INFO - ContAudITWrapper#6 - Response true
2024-06-27 23:12:55,893 INFO - ContAudITWrapper#6 - Running pre-command actions...
2024-06-27 23:12:55,905 INFO - ContAudITWrapper#6 - Analyzing current environment state...
2024-06-27 23:12:56,315 INFO - ContAudITWrapper#6 - Saving current environment state...
2024-06-27 23:12:56,319 INFO - ContAudITWrapper#6 - Environment state hash: 1776e4b78f696d486603e30cb7241013e927d69ca8030fa37e187c49ffd758cd
2024-06-27 23:12:56,320 INFO - ContAudITWrapper#6 - Executing command...
2024-06-27 23:12:56,803 INFO - ContAudITWrapper#6 - Command output: 
2024-06-27 23:12:56.522559550 [executor] Initializing the workflow...
[apache2_workflow] Create a simple webpage...
[apache2_workflow] Move webpage to Apache HTTP Server user website folder...
2024-06-27 23:12:56.802131877 [executor] Finished!

2024-06-27 23:12:56,803 INFO - ContAudITWrapper#6 - Running post-command actions...
2024-06-27 23:12:56,803 INFO - ContAudITWrapper#6 - Analyzing current environment state...
2024-06-27 23:12:57,253 INFO - ContAudITWrapper#6 - Saving current environment state...
2024-06-27 23:12:57,255 INFO - ContAudITWrapper#6 - Environment state hash: 1776e4b78f696d486603e30cb7241013e927d69ca8030fa37e187c49ffd758cd
2024-06-27 23:12:57,256 INFO - ContAudITWrapper#6 - Checking environment diff...
2024-06-27 23:12:57,332 INFO - ContAudITWrapper#6 - Environment diff: 
2024-06-27 23:12:57,333 INFO - ContAudITWrapper#6 - Cleaning temporary files...
2024-06-27 23:12:57,404 INFO - ContAudITWrapper#6 - Sending to blockchain...
2024-06-27 23:13:06,149 INFO - ContAudITWrapper#6 - Response 
2024-06-27 23:13:06,151 INFO - ContAudITWrapper#6 - Finishing ContAudIT Wrapper...
