2024-06-27 23:12:27,130 INFO - ContAudITWrapper#7 - Initializing ContAudIT Wrapper...
2024-06-27 23:12:27,171 INFO - ContAudITWrapper#7 - Current directory: /home/kali/Code/ufrgs-poc/contaudit-wrapper.jar
2024-06-27 23:12:33,759 INFO - ContAudITWrapper#7 - Wrapper hash: c76a1b1bb9edc25f91da61e17225b6709df7b63d34810aab1d42c0f930950c0b
2024-06-27 23:12:33,774 INFO - ContAudITWrapper#7 - Validating Wrapper...
2024-06-27 23:12:55,668 INFO - ContAudITWrapper#7 - Response true
2024-06-27 23:12:55,787 INFO - ContAudITWrapper#7 - Application hash: e36ee2d35f8c4c41bd358782dfb3ac8852b40439d350ff27616f0c18819ce9bf
2024-06-27 23:12:55,791 INFO - ContAudITWrapper#7 - Validating Application...
2024-06-27 23:12:59,268 INFO - ContAudITWrapper#7 - Response true
2024-06-27 23:12:59,310 INFO - ContAudITWrapper#7 - Artifact apache2.workflow hash: 94d5f6758492dbe0e869e1486907a86cb16f7931019b4acb0e7f38c98cf1b06d
2024-06-27 23:12:59,322 INFO - ContAudITWrapper#7 - Validating Artifact...
2024-06-27 23:13:01,586 INFO - ContAudITWrapper#7 - Response true
2024-06-27 23:13:01,606 INFO - ContAudITWrapper#7 - Running pre-command actions...
2024-06-27 23:13:01,608 INFO - ContAudITWrapper#7 - Analyzing current environment state...
2024-06-27 23:13:02,005 INFO - ContAudITWrapper#7 - Saving current environment state...
2024-06-27 23:13:02,008 INFO - ContAudITWrapper#7 - Environment state hash: 1776e4b78f696d486603e30cb7241013e927d69ca8030fa37e187c49ffd758cd
2024-06-27 23:13:02,008 INFO - ContAudITWrapper#7 - Executing command...
2024-06-27 23:13:02,240 INFO - ContAudITWrapper#7 - Command output: 
2024-06-27 23:13:02.092207491 [executor] Initializing the workflow...
[apache2_workflow] Create a simple webpage...
[apache2_workflow] Move webpage to Apache HTTP Server user website folder...
2024-06-27 23:13:02.239369376 [executor] Finished!

2024-06-27 23:13:02,241 INFO - ContAudITWrapper#7 - Running post-command actions...
2024-06-27 23:13:02,241 INFO - ContAudITWrapper#7 - Analyzing current environment state...
2024-06-27 23:13:02,485 INFO - ContAudITWrapper#7 - Saving current environment state...
2024-06-27 23:13:02,492 INFO - ContAudITWrapper#7 - Environment state hash: 1776e4b78f696d486603e30cb7241013e927d69ca8030fa37e187c49ffd758cd
2024-06-27 23:13:02,510 INFO - ContAudITWrapper#7 - Checking environment diff...
2024-06-27 23:13:02,546 INFO - ContAudITWrapper#7 - Environment diff: 
2024-06-27 23:13:02,547 INFO - ContAudITWrapper#7 - Cleaning temporary files...
2024-06-27 23:13:02,611 INFO - ContAudITWrapper#7 - Sending to blockchain...
2024-06-27 23:13:10,820 INFO - ContAudITWrapper#7 - Response 
2024-06-27 23:13:10,822 INFO - ContAudITWrapper#7 - Finishing ContAudIT Wrapper...
