2024-06-27 23:12:27,308 INFO - ContAudITWrapper#12 - Initializing ContAudIT Wrapper...
2024-06-27 23:12:27,347 INFO - ContAudITWrapper#12 - Current directory: /home/kali/Code/ufrgs-poc/contaudit-wrapper.jar
2024-06-27 23:12:32,691 INFO - ContAudITWrapper#12 - Wrapper hash: c76a1b1bb9edc25f91da61e17225b6709df7b63d34810aab1d42c0f930950c0b
2024-06-27 23:12:32,716 INFO - ContAudITWrapper#12 - Validating Wrapper...
2024-06-27 23:12:50,780 INFO - ContAudITWrapper#12 - Response true
2024-06-27 23:12:50,875 INFO - ContAudITWrapper#12 - Application hash: e36ee2d35f8c4c41bd358782dfb3ac8852b40439d350ff27616f0c18819ce9bf
2024-06-27 23:12:50,876 INFO - ContAudITWrapper#12 - Validating Application...
2024-06-27 23:12:53,997 INFO - ContAudITWrapper#12 - Response true
2024-06-27 23:12:54,016 INFO - ContAudITWrapper#12 - Artifact apache2.workflow hash: 94d5f6758492dbe0e869e1486907a86cb16f7931019b4acb0e7f38c98cf1b06d
2024-06-27 23:12:54,029 INFO - ContAudITWrapper#12 - Validating Artifact...
2024-06-27 23:12:57,023 INFO - ContAudITWrapper#12 - Response true
2024-06-27 23:12:57,031 INFO - ContAudITWrapper#12 - Running pre-command actions...
2024-06-27 23:12:57,038 INFO - ContAudITWrapper#12 - Analyzing current environment state...
2024-06-27 23:12:57,484 INFO - ContAudITWrapper#12 - Saving current environment state...
2024-06-27 23:12:57,487 INFO - ContAudITWrapper#12 - Environment state hash: 1776e4b78f696d486603e30cb7241013e927d69ca8030fa37e187c49ffd758cd
2024-06-27 23:12:57,488 INFO - ContAudITWrapper#12 - Executing command...
2024-06-27 23:12:58,044 INFO - ContAudITWrapper#12 - Command output: 
2024-06-27 23:12:57.553527355 [executor] Initializing the workflow...
[apache2_workflow] Create a simple webpage...
[apache2_workflow] Move webpage to Apache HTTP Server user website folder...
2024-06-27 23:12:58.041598941 [executor] Finished!

2024-06-27 23:12:58,045 INFO - ContAudITWrapper#12 - Running post-command actions...
2024-06-27 23:12:58,045 INFO - ContAudITWrapper#12 - Analyzing current environment state...
2024-06-27 23:12:58,263 INFO - ContAudITWrapper#12 - Saving current environment state...
2024-06-27 23:12:58,300 INFO - ContAudITWrapper#12 - Environment state hash: 1776e4b78f696d486603e30cb7241013e927d69ca8030fa37e187c49ffd758cd
2024-06-27 23:12:58,301 INFO - ContAudITWrapper#12 - Checking environment diff...
2024-06-27 23:12:58,346 INFO - ContAudITWrapper#12 - Environment diff: 
2024-06-27 23:12:58,348 INFO - ContAudITWrapper#12 - Cleaning temporary files...
2024-06-27 23:12:58,413 INFO - ContAudITWrapper#12 - Sending to blockchain...
2024-06-27 23:13:06,097 INFO - ContAudITWrapper#12 - Response 
2024-06-27 23:13:06,101 INFO - ContAudITWrapper#12 - Finishing ContAudIT Wrapper...
