2024-10-11 04:38:58,844 INFO - ContAudITWrapper#7 - Initializing ContAudIT Wrapper...
2024-10-11 04:38:59,031 INFO - ContAudITWrapper#7 - Current directory: /home/ec2-user/Code/ufrgs-poc/contaudit-wrapper.jar
2024-10-11 04:39:21,969 INFO - ContAudITWrapper#7 - Wrapper hash: b7519188ed863d76e5199a8d880bb968bdf9124fad53b871583787e123a7a764
2024-10-11 04:39:22,039 INFO - ContAudITWrapper#7 - Validating Wrapper...
2024-10-11 04:40:35,106 INFO - ContAudITWrapper#7 - Response true
2024-10-11 04:40:35,442 INFO - ContAudITWrapper#7 - Application hash: e36ee2d35f8c4c41bd358782dfb3ac8852b40439d350ff27616f0c18819ce9bf
2024-10-11 04:40:35,447 INFO - ContAudITWrapper#7 - Validating Application...
2024-10-11 04:40:48,876 INFO - ContAudITWrapper#7 - Response true
2024-10-11 04:40:48,887 INFO - ContAudITWrapper#7 - Artifact apache2.workflow hash: bdb4cee855e21446b6ae53ddcb76a1632ef8c4545b5db0517e01ffd552157f6e
2024-10-11 04:40:49,041 INFO - ContAudITWrapper#7 - Validating Artifact...
2024-10-11 04:41:02,151 INFO - ContAudITWrapper#7 - Response true
2024-10-11 04:41:02,159 INFO - ContAudITWrapper#7 - Running pre-command actions...
2024-10-11 04:41:02,161 INFO - ContAudITWrapper#7 - Analyzing current environment state...
2024-10-11 04:41:02,528 INFO - ContAudITWrapper#7 - Saving current environment state...
2024-10-11 04:41:02,529 INFO - ContAudITWrapper#7 - Environment state hash: a7ffc6f8bf1ed76651c14756a061d662f580ff4de43b49fa82d80a4b80f8434a
2024-10-11 04:41:02,529 INFO - ContAudITWrapper#7 - Executing command...
2024-10-11 04:41:04,167 INFO - ContAudITWrapper#7 - Command output: 
2024-10-11 04:41:02.756513006 [executor] Initializing the workflow...
[apache2_workflow] Apache HTTP Server already installed.
[apache2_workflow] UserDir module already loaded.
[apache2_workflow] Configs to UserDir already exist.
[apache2_workflow] public_html directory already exists in /home/ec2-user.
[apache2_workflow] Creating a simple webpage...
[apache2_workflow] Moving webpage to Apache HTTP Server user website folder...
[apache2_workflow] Page moved successfully!
2024-10-11 04:41:04.166259308 [executor] Finished!

2024-10-11 04:41:04,167 INFO - ContAudITWrapper#7 - Running post-command actions...
2024-10-11 04:41:04,167 INFO - ContAudITWrapper#7 - Analyzing current environment state...
2024-10-11 04:41:04,285 INFO - ContAudITWrapper#7 - Saving current environment state...
2024-10-11 04:41:04,285 INFO - ContAudITWrapper#7 - Environment state hash: a7ffc6f8bf1ed76651c14756a061d662f580ff4de43b49fa82d80a4b80f8434a
2024-10-11 04:41:04,286 INFO - ContAudITWrapper#7 - Checking environment diff...
2024-10-11 04:41:04,444 INFO - ContAudITWrapper#7 - Environment diff: 
2024-10-11 04:41:04,445 INFO - ContAudITWrapper#7 - Cleaning temporary files...
2024-10-11 04:41:04,480 INFO - ContAudITWrapper#7 - Sending to blockchain...
2024-10-11 04:41:17,011 INFO - ContAudITWrapper#7 - Response 
2024-10-11 04:41:17,012 INFO - ContAudITWrapper#7 - Finishing ContAudIT Wrapper...
