2024-10-11 04:38:59,660 INFO - ContAudITWrapper#69 - Initializing ContAudIT Wrapper...
2024-10-11 04:38:59,862 INFO - ContAudITWrapper#69 - Current directory: /home/ec2-user/Code/ufrgs-poc/contaudit-wrapper.jar
2024-10-11 04:39:24,847 INFO - ContAudITWrapper#69 - Wrapper hash: b7519188ed863d76e5199a8d880bb968bdf9124fad53b871583787e123a7a764
2024-10-11 04:39:24,935 INFO - ContAudITWrapper#69 - Validating Wrapper...
2024-10-11 04:40:34,812 INFO - ContAudITWrapper#69 - Response true
2024-10-11 04:40:35,064 INFO - ContAudITWrapper#69 - Application hash: e36ee2d35f8c4c41bd358782dfb3ac8852b40439d350ff27616f0c18819ce9bf
2024-10-11 04:40:35,065 INFO - ContAudITWrapper#69 - Validating Application...
2024-10-11 04:40:48,299 INFO - ContAudITWrapper#69 - Response true
2024-10-11 04:40:48,314 INFO - ContAudITWrapper#69 - Artifact apache2.workflow hash: bdb4cee855e21446b6ae53ddcb76a1632ef8c4545b5db0517e01ffd552157f6e
2024-10-11 04:40:48,381 INFO - ContAudITWrapper#69 - Validating Artifact...
2024-10-11 04:41:00,267 INFO - ContAudITWrapper#69 - Response true
2024-10-11 04:41:00,278 INFO - ContAudITWrapper#69 - Running pre-command actions...
2024-10-11 04:41:00,279 INFO - ContAudITWrapper#69 - Analyzing current environment state...
2024-10-11 04:41:00,422 INFO - ContAudITWrapper#69 - Saving current environment state...
2024-10-11 04:41:00,423 INFO - ContAudITWrapper#69 - Environment state hash: a7ffc6f8bf1ed76651c14756a061d662f580ff4de43b49fa82d80a4b80f8434a
2024-10-11 04:41:00,424 INFO - ContAudITWrapper#69 - Executing command...
2024-10-11 04:41:02,348 INFO - ContAudITWrapper#69 - Command output: 
2024-10-11 04:41:00.658514554 [executor] Initializing the workflow...
[apache2_workflow] Apache HTTP Server already installed.
[apache2_workflow] UserDir module already loaded.
[apache2_workflow] Configs to UserDir already exist.
[apache2_workflow] public_html directory already exists in /home/ec2-user.
[apache2_workflow] Creating a simple webpage...
[apache2_workflow] Moving webpage to Apache HTTP Server user website folder...
[apache2_workflow] Page moved successfully!
2024-10-11 04:41:02.347411858 [executor] Finished!

2024-10-11 04:41:02,348 INFO - ContAudITWrapper#69 - Running post-command actions...
2024-10-11 04:41:02,348 INFO - ContAudITWrapper#69 - Analyzing current environment state...
2024-10-11 04:41:02,547 INFO - ContAudITWrapper#69 - Saving current environment state...
2024-10-11 04:41:02,547 INFO - ContAudITWrapper#69 - Environment state hash: a7ffc6f8bf1ed76651c14756a061d662f580ff4de43b49fa82d80a4b80f8434a
2024-10-11 04:41:02,548 INFO - ContAudITWrapper#69 - Checking environment diff...
2024-10-11 04:41:02,753 INFO - ContAudITWrapper#69 - Environment diff: 
2024-10-11 04:41:02,754 INFO - ContAudITWrapper#69 - Cleaning temporary files...
2024-10-11 04:41:02,833 INFO - ContAudITWrapper#69 - Sending to blockchain...
2024-10-11 04:41:15,177 INFO - ContAudITWrapper#69 - Response 
2024-10-11 04:41:15,178 INFO - ContAudITWrapper#69 - Finishing ContAudIT Wrapper...
