2024-10-11 04:38:59,398 INFO - ContAudITWrapper#13 - Initializing ContAudIT Wrapper...
2024-10-11 04:38:59,590 INFO - ContAudITWrapper#13 - Current directory: /home/ec2-user/Code/ufrgs-poc/contaudit-wrapper.jar
2024-10-11 04:39:22,985 INFO - ContAudITWrapper#13 - Wrapper hash: b7519188ed863d76e5199a8d880bb968bdf9124fad53b871583787e123a7a764
2024-10-11 04:39:23,063 INFO - ContAudITWrapper#13 - Validating Wrapper...
2024-10-11 04:40:35,938 INFO - ContAudITWrapper#13 - Response true
2024-10-11 04:40:35,986 INFO - ContAudITWrapper#13 - Application hash: e36ee2d35f8c4c41bd358782dfb3ac8852b40439d350ff27616f0c18819ce9bf
2024-10-11 04:40:35,989 INFO - ContAudITWrapper#13 - Validating Application...
2024-10-11 04:40:48,528 INFO - ContAudITWrapper#13 - Response true
2024-10-11 04:40:48,538 INFO - ContAudITWrapper#13 - Artifact apache2.workflow hash: bdb4cee855e21446b6ae53ddcb76a1632ef8c4545b5db0517e01ffd552157f6e
2024-10-11 04:40:48,577 INFO - ContAudITWrapper#13 - Validating Artifact...
2024-10-11 04:40:58,306 INFO - ContAudITWrapper#13 - Response true
2024-10-11 04:40:58,316 INFO - ContAudITWrapper#13 - Running pre-command actions...
2024-10-11 04:40:58,317 INFO - ContAudITWrapper#13 - Analyzing current environment state...
2024-10-11 04:40:58,677 INFO - ContAudITWrapper#13 - Saving current environment state...
2024-10-11 04:40:58,678 INFO - ContAudITWrapper#13 - Environment state hash: a7ffc6f8bf1ed76651c14756a061d662f580ff4de43b49fa82d80a4b80f8434a
2024-10-11 04:40:58,678 INFO - ContAudITWrapper#13 - Executing command...
2024-10-11 04:41:00,932 INFO - ContAudITWrapper#13 - Command output: 
2024-10-11 04:40:58.898775887 [executor] Initializing the workflow...
[apache2_workflow] Apache HTTP Server already installed.
[apache2_workflow] UserDir module already loaded.
[apache2_workflow] Configs to UserDir already exist.
[apache2_workflow] public_html directory already exists in /home/ec2-user.
[apache2_workflow] Creating a simple webpage...
[apache2_workflow] Moving webpage to Apache HTTP Server user website folder...
[apache2_workflow] Page moved successfully!
2024-10-11 04:41:00.931647926 [executor] Finished!

2024-10-11 04:41:00,933 INFO - ContAudITWrapper#13 - Running post-command actions...
2024-10-11 04:41:00,933 INFO - ContAudITWrapper#13 - Analyzing current environment state...
2024-10-11 04:41:01,020 INFO - ContAudITWrapper#13 - Saving current environment state...
2024-10-11 04:41:01,021 INFO - ContAudITWrapper#13 - Environment state hash: a7ffc6f8bf1ed76651c14756a061d662f580ff4de43b49fa82d80a4b80f8434a
2024-10-11 04:41:01,021 INFO - ContAudITWrapper#13 - Checking environment diff...
2024-10-11 04:41:01,131 INFO - ContAudITWrapper#13 - Environment diff: 
2024-10-11 04:41:01,131 INFO - ContAudITWrapper#13 - Cleaning temporary files...
2024-10-11 04:41:01,285 INFO - ContAudITWrapper#13 - Sending to blockchain...
2024-10-11 04:41:11,787 INFO - ContAudITWrapper#13 - Response 
2024-10-11 04:41:11,790 INFO - ContAudITWrapper#13 - Finishing ContAudIT Wrapper...
