2024-10-11 04:38:59,445 INFO - ContAudITWrapper#16 - Initializing ContAudIT Wrapper...
2024-10-11 04:38:59,670 INFO - ContAudITWrapper#16 - Current directory: /home/ec2-user/Code/ufrgs-poc/contaudit-wrapper.jar
2024-10-11 04:39:25,135 INFO - ContAudITWrapper#16 - Wrapper hash: b7519188ed863d76e5199a8d880bb968bdf9124fad53b871583787e123a7a764
2024-10-11 04:39:25,410 INFO - ContAudITWrapper#16 - Validating Wrapper...
2024-10-11 04:40:29,885 INFO - ContAudITWrapper#16 - Response true
2024-10-11 04:40:30,374 INFO - ContAudITWrapper#16 - Application hash: e36ee2d35f8c4c41bd358782dfb3ac8852b40439d350ff27616f0c18819ce9bf
2024-10-11 04:40:30,414 INFO - ContAudITWrapper#16 - Validating Application...
2024-10-11 04:40:47,632 INFO - ContAudITWrapper#16 - Response true
2024-10-11 04:40:47,638 INFO - ContAudITWrapper#16 - Artifact apache2.workflow hash: bdb4cee855e21446b6ae53ddcb76a1632ef8c4545b5db0517e01ffd552157f6e
2024-10-11 04:40:47,703 INFO - ContAudITWrapper#16 - Validating Artifact...
2024-10-11 04:40:56,977 INFO - ContAudITWrapper#16 - Response true
2024-10-11 04:40:56,983 INFO - ContAudITWrapper#16 - Running pre-command actions...
2024-10-11 04:40:56,984 INFO - ContAudITWrapper#16 - Analyzing current environment state...
2024-10-11 04:40:57,212 INFO - ContAudITWrapper#16 - Saving current environment state...
2024-10-11 04:40:57,213 INFO - ContAudITWrapper#16 - Environment state hash: a7ffc6f8bf1ed76651c14756a061d662f580ff4de43b49fa82d80a4b80f8434a
2024-10-11 04:40:57,213 INFO - ContAudITWrapper#16 - Executing command...
2024-10-11 04:40:58,972 INFO - ContAudITWrapper#16 - Command output: 
2024-10-11 04:40:57.463568289 [executor] Initializing the workflow...
[apache2_workflow] Apache HTTP Server already installed.
[apache2_workflow] UserDir module already loaded.
[apache2_workflow] Configs to UserDir already exist.
[apache2_workflow] public_html directory already exists in /home/ec2-user.
[apache2_workflow] Creating a simple webpage...
[apache2_workflow] Moving webpage to Apache HTTP Server user website folder...
[apache2_workflow] Page moved successfully!
2024-10-11 04:40:58.971096170 [executor] Finished!

2024-10-11 04:40:58,973 INFO - ContAudITWrapper#16 - Running post-command actions...
2024-10-11 04:40:58,973 INFO - ContAudITWrapper#16 - Analyzing current environment state...
2024-10-11 04:40:59,027 INFO - ContAudITWrapper#16 - Saving current environment state...
2024-10-11 04:40:59,028 INFO - ContAudITWrapper#16 - Environment state hash: a7ffc6f8bf1ed76651c14756a061d662f580ff4de43b49fa82d80a4b80f8434a
2024-10-11 04:40:59,028 INFO - ContAudITWrapper#16 - Checking environment diff...
2024-10-11 04:40:59,087 INFO - ContAudITWrapper#16 - Environment diff: 
2024-10-11 04:40:59,087 INFO - ContAudITWrapper#16 - Cleaning temporary files...
2024-10-11 04:40:59,244 INFO - ContAudITWrapper#16 - Sending to blockchain...
2024-10-11 04:41:12,733 INFO - ContAudITWrapper#16 - Response 
2024-10-11 04:41:12,738 INFO - ContAudITWrapper#16 - Finishing ContAudIT Wrapper...
