2024-10-11 04:38:59,607 INFO - ContAudITWrapper#40 - Initializing ContAudIT Wrapper...
2024-10-11 04:38:59,804 INFO - ContAudITWrapper#40 - Current directory: /home/ec2-user/Code/ufrgs-poc/contaudit-wrapper.jar
2024-10-11 04:39:24,252 INFO - ContAudITWrapper#40 - Wrapper hash: b7519188ed863d76e5199a8d880bb968bdf9124fad53b871583787e123a7a764
2024-10-11 04:39:24,384 INFO - ContAudITWrapper#40 - Validating Wrapper...
2024-10-11 04:40:32,952 INFO - ContAudITWrapper#40 - Response true
2024-10-11 04:40:33,106 INFO - ContAudITWrapper#40 - Application hash: e36ee2d35f8c4c41bd358782dfb3ac8852b40439d350ff27616f0c18819ce9bf
2024-10-11 04:40:33,110 INFO - ContAudITWrapper#40 - Validating Application...
2024-10-11 04:40:48,234 INFO - ContAudITWrapper#40 - Response true
2024-10-11 04:40:48,239 INFO - ContAudITWrapper#40 - Artifact apache2.workflow hash: bdb4cee855e21446b6ae53ddcb76a1632ef8c4545b5db0517e01ffd552157f6e
2024-10-11 04:40:48,391 INFO - ContAudITWrapper#40 - Validating Artifact...
2024-10-11 04:41:03,912 INFO - ContAudITWrapper#40 - Response true
2024-10-11 04:41:03,919 INFO - ContAudITWrapper#40 - Running pre-command actions...
2024-10-11 04:41:03,920 INFO - ContAudITWrapper#40 - Analyzing current environment state...
2024-10-11 04:41:04,162 INFO - ContAudITWrapper#40 - Saving current environment state...
2024-10-11 04:41:04,163 INFO - ContAudITWrapper#40 - Environment state hash: a7ffc6f8bf1ed76651c14756a061d662f580ff4de43b49fa82d80a4b80f8434a
2024-10-11 04:41:04,163 INFO - ContAudITWrapper#40 - Executing command...
2024-10-11 04:41:05,932 INFO - ContAudITWrapper#40 - Command output: 
2024-10-11 04:41:04.321064171 [executor] Initializing the workflow...
[apache2_workflow] Apache HTTP Server already installed.
[apache2_workflow] UserDir module already loaded.
[apache2_workflow] Configs to UserDir already exist.
[apache2_workflow] public_html directory already exists in /home/ec2-user.
[apache2_workflow] Creating a simple webpage...
[apache2_workflow] Moving webpage to Apache HTTP Server user website folder...
[apache2_workflow] Page moved successfully!
2024-10-11 04:41:05.922171384 [executor] Finished!

2024-10-11 04:41:05,932 INFO - ContAudITWrapper#40 - Running post-command actions...
2024-10-11 04:41:05,932 INFO - ContAudITWrapper#40 - Analyzing current environment state...
2024-10-11 04:41:06,130 INFO - ContAudITWrapper#40 - Saving current environment state...
2024-10-11 04:41:06,131 INFO - ContAudITWrapper#40 - Environment state hash: a7ffc6f8bf1ed76651c14756a061d662f580ff4de43b49fa82d80a4b80f8434a
2024-10-11 04:41:06,131 INFO - ContAudITWrapper#40 - Checking environment diff...
2024-10-11 04:41:06,200 INFO - ContAudITWrapper#40 - Environment diff: 
2024-10-11 04:41:06,200 INFO - ContAudITWrapper#40 - Cleaning temporary files...
2024-10-11 04:41:06,402 INFO - ContAudITWrapper#40 - Sending to blockchain...
2024-10-11 04:41:17,015 INFO - ContAudITWrapper#40 - Response 
2024-10-11 04:41:17,020 INFO - ContAudITWrapper#40 - Finishing ContAudIT Wrapper...
