2024-10-11 04:38:56,876 INFO - ContAudITWrapper#65 - Initializing ContAudIT Wrapper...
2024-10-11 04:38:57,033 INFO - ContAudITWrapper#65 - Current directory: /home/ec2-user/Code/ufrgs-poc/contaudit-wrapper.jar
2024-10-11 04:39:20,060 INFO - ContAudITWrapper#65 - Wrapper hash: b7519188ed863d76e5199a8d880bb968bdf9124fad53b871583787e123a7a764
2024-10-11 04:39:20,204 INFO - ContAudITWrapper#65 - Validating Wrapper...
2024-10-11 04:40:31,404 INFO - ContAudITWrapper#65 - Response true
2024-10-11 04:40:31,556 INFO - ContAudITWrapper#65 - Application hash: e36ee2d35f8c4c41bd358782dfb3ac8852b40439d350ff27616f0c18819ce9bf
2024-10-11 04:40:31,571 INFO - ContAudITWrapper#65 - Validating Application...
2024-10-11 04:40:42,290 INFO - ContAudITWrapper#65 - Response true
2024-10-11 04:40:42,342 INFO - ContAudITWrapper#65 - Artifact apache2.workflow hash: bdb4cee855e21446b6ae53ddcb76a1632ef8c4545b5db0517e01ffd552157f6e
2024-10-11 04:40:42,409 INFO - ContAudITWrapper#65 - Validating Artifact...
2024-10-11 04:40:55,945 INFO - ContAudITWrapper#65 - Response true
2024-10-11 04:40:55,954 INFO - ContAudITWrapper#65 - Running pre-command actions...
2024-10-11 04:40:55,955 INFO - ContAudITWrapper#65 - Analyzing current environment state...
2024-10-11 04:40:56,191 INFO - ContAudITWrapper#65 - Saving current environment state...
2024-10-11 04:40:56,192 INFO - ContAudITWrapper#65 - Environment state hash: a7ffc6f8bf1ed76651c14756a061d662f580ff4de43b49fa82d80a4b80f8434a
2024-10-11 04:40:56,193 INFO - ContAudITWrapper#65 - Executing command...
2024-10-11 04:40:58,082 INFO - ContAudITWrapper#65 - Command output: 
2024-10-11 04:40:56.267845554 [executor] Initializing the workflow...
[apache2_workflow] Apache HTTP Server already installed.
[apache2_workflow] UserDir module already loaded.
[apache2_workflow] Configs to UserDir already exist.
[apache2_workflow] public_html directory already exists in /home/ec2-user.
[apache2_workflow] Creating a simple webpage...
[apache2_workflow] Moving webpage to Apache HTTP Server user website folder...
[apache2_workflow] Page moved successfully!
2024-10-11 04:40:58.081450103 [executor] Finished!

2024-10-11 04:40:58,082 INFO - ContAudITWrapper#65 - Running post-command actions...
2024-10-11 04:40:58,082 INFO - ContAudITWrapper#65 - Analyzing current environment state...
2024-10-11 04:40:58,272 INFO - ContAudITWrapper#65 - Saving current environment state...
2024-10-11 04:40:58,272 INFO - ContAudITWrapper#65 - Environment state hash: a7ffc6f8bf1ed76651c14756a061d662f580ff4de43b49fa82d80a4b80f8434a
2024-10-11 04:40:58,273 INFO - ContAudITWrapper#65 - Checking environment diff...
2024-10-11 04:40:58,379 INFO - ContAudITWrapper#65 - Environment diff: 
2024-10-11 04:40:58,379 INFO - ContAudITWrapper#65 - Cleaning temporary files...
2024-10-11 04:40:58,439 INFO - ContAudITWrapper#65 - Sending to blockchain...
2024-10-11 04:41:09,365 INFO - ContAudITWrapper#65 - Response 
2024-10-11 04:41:09,367 INFO - ContAudITWrapper#65 - Finishing ContAudIT Wrapper...
