2024-10-11 04:38:58,800 INFO - ContAudITWrapper#62 - Initializing ContAudIT Wrapper...
2024-10-11 04:38:58,967 INFO - ContAudITWrapper#62 - Current directory: /home/ec2-user/Code/ufrgs-poc/contaudit-wrapper.jar
2024-10-11 04:39:23,288 INFO - ContAudITWrapper#62 - Wrapper hash: b7519188ed863d76e5199a8d880bb968bdf9124fad53b871583787e123a7a764
2024-10-11 04:39:23,296 INFO - ContAudITWrapper#62 - Validating Wrapper...
2024-10-11 04:40:28,945 INFO - ContAudITWrapper#62 - Response true
2024-10-11 04:40:29,126 INFO - ContAudITWrapper#62 - Application hash: e36ee2d35f8c4c41bd358782dfb3ac8852b40439d350ff27616f0c18819ce9bf
2024-10-11 04:40:29,182 INFO - ContAudITWrapper#62 - Validating Application...
2024-10-11 04:40:43,323 INFO - ContAudITWrapper#62 - Response true
2024-10-11 04:40:43,332 INFO - ContAudITWrapper#62 - Artifact apache2.workflow hash: bdb4cee855e21446b6ae53ddcb76a1632ef8c4545b5db0517e01ffd552157f6e
2024-10-11 04:40:43,407 INFO - ContAudITWrapper#62 - Validating Artifact...
2024-10-11 04:40:58,514 INFO - ContAudITWrapper#62 - Response true
2024-10-11 04:40:58,525 INFO - ContAudITWrapper#62 - Running pre-command actions...
2024-10-11 04:40:58,526 INFO - ContAudITWrapper#62 - Analyzing current environment state...
2024-10-11 04:40:58,727 INFO - ContAudITWrapper#62 - Saving current environment state...
2024-10-11 04:40:58,728 INFO - ContAudITWrapper#62 - Environment state hash: a7ffc6f8bf1ed76651c14756a061d662f580ff4de43b49fa82d80a4b80f8434a
2024-10-11 04:40:58,729 INFO - ContAudITWrapper#62 - Executing command...
2024-10-11 04:41:00,172 INFO - ContAudITWrapper#62 - Command output: 
2024-10-11 04:40:58.993405455 [executor] Initializing the workflow...
[apache2_workflow] Apache HTTP Server already installed.
[apache2_workflow] UserDir module already loaded.
[apache2_workflow] Configs to UserDir already exist.
[apache2_workflow] public_html directory already exists in /home/ec2-user.
[apache2_workflow] Creating a simple webpage...
[apache2_workflow] Moving webpage to Apache HTTP Server user website folder...
[apache2_workflow] Page moved successfully!
2024-10-11 04:41:00.171242259 [executor] Finished!

2024-10-11 04:41:00,173 INFO - ContAudITWrapper#62 - Running post-command actions...
2024-10-11 04:41:00,173 INFO - ContAudITWrapper#62 - Analyzing current environment state...
2024-10-11 04:41:00,351 INFO - ContAudITWrapper#62 - Saving current environment state...
2024-10-11 04:41:00,351 INFO - ContAudITWrapper#62 - Environment state hash: a7ffc6f8bf1ed76651c14756a061d662f580ff4de43b49fa82d80a4b80f8434a
2024-10-11 04:41:00,352 INFO - ContAudITWrapper#62 - Checking environment diff...
2024-10-11 04:41:00,369 INFO - ContAudITWrapper#62 - Environment diff: 
2024-10-11 04:41:00,369 INFO - ContAudITWrapper#62 - Cleaning temporary files...
2024-10-11 04:41:00,431 INFO - ContAudITWrapper#62 - Sending to blockchain...
2024-10-11 04:41:13,971 INFO - ContAudITWrapper#62 - Response 
2024-10-11 04:41:13,973 INFO - ContAudITWrapper#62 - Finishing ContAudIT Wrapper...
