2024-10-11 04:38:58,766 INFO - ContAudITWrapper#53 - Initializing ContAudIT Wrapper...
2024-10-11 04:38:58,908 INFO - ContAudITWrapper#53 - Current directory: /home/ec2-user/Code/ufrgs-poc/contaudit-wrapper.jar
2024-10-11 04:39:17,777 INFO - ContAudITWrapper#53 - Wrapper hash: b7519188ed863d76e5199a8d880bb968bdf9124fad53b871583787e123a7a764
2024-10-11 04:39:17,785 INFO - ContAudITWrapper#53 - Validating Wrapper...
2024-10-11 04:40:24,649 INFO - ContAudITWrapper#53 - Response true
2024-10-11 04:40:24,901 INFO - ContAudITWrapper#53 - Application hash: e36ee2d35f8c4c41bd358782dfb3ac8852b40439d350ff27616f0c18819ce9bf
2024-10-11 04:40:24,944 INFO - ContAudITWrapper#53 - Validating Application...
2024-10-11 04:40:39,848 INFO - ContAudITWrapper#53 - Response true
2024-10-11 04:40:39,858 INFO - ContAudITWrapper#53 - Artifact apache2.workflow hash: bdb4cee855e21446b6ae53ddcb76a1632ef8c4545b5db0517e01ffd552157f6e
2024-10-11 04:40:39,920 INFO - ContAudITWrapper#53 - Validating Artifact...
2024-10-11 04:40:54,351 INFO - ContAudITWrapper#53 - Response true
2024-10-11 04:40:54,380 INFO - ContAudITWrapper#53 - Running pre-command actions...
2024-10-11 04:40:54,381 INFO - ContAudITWrapper#53 - Analyzing current environment state...
2024-10-11 04:40:54,631 INFO - ContAudITWrapper#53 - Saving current environment state...
2024-10-11 04:40:54,632 INFO - ContAudITWrapper#53 - Environment state hash: a7ffc6f8bf1ed76651c14756a061d662f580ff4de43b49fa82d80a4b80f8434a
2024-10-11 04:40:54,632 INFO - ContAudITWrapper#53 - Executing command...
2024-10-11 04:40:56,082 INFO - ContAudITWrapper#53 - Command output: 
2024-10-11 04:40:54.788706179 [executor] Initializing the workflow...
[apache2_workflow] Apache HTTP Server already installed.
[apache2_workflow] UserDir module already loaded.
[apache2_workflow] Configs to UserDir already exist.
[apache2_workflow] public_html directory already exists in /home/ec2-user.
[apache2_workflow] Creating a simple webpage...
[apache2_workflow] Moving webpage to Apache HTTP Server user website folder...
[apache2_workflow] Page moved successfully!
2024-10-11 04:40:56.079285613 [executor] Finished!

2024-10-11 04:40:56,082 INFO - ContAudITWrapper#53 - Running post-command actions...
2024-10-11 04:40:56,083 INFO - ContAudITWrapper#53 - Analyzing current environment state...
2024-10-11 04:40:56,207 INFO - ContAudITWrapper#53 - Saving current environment state...
2024-10-11 04:40:56,207 INFO - ContAudITWrapper#53 - Environment state hash: a7ffc6f8bf1ed76651c14756a061d662f580ff4de43b49fa82d80a4b80f8434a
2024-10-11 04:40:56,207 INFO - ContAudITWrapper#53 - Checking environment diff...
2024-10-11 04:40:56,279 INFO - ContAudITWrapper#53 - Environment diff: 
2024-10-11 04:40:56,279 INFO - ContAudITWrapper#53 - Cleaning temporary files...
2024-10-11 04:40:56,366 INFO - ContAudITWrapper#53 - Sending to blockchain...
2024-10-11 04:41:09,670 INFO - ContAudITWrapper#53 - Response 
2024-10-11 04:41:09,711 INFO - ContAudITWrapper#53 - Finishing ContAudIT Wrapper...
