2024-10-11 04:38:57,940 INFO - ContAudITWrapper#14 - Initializing ContAudIT Wrapper...
2024-10-11 04:38:57,959 INFO - ContAudITWrapper#14 - Current directory: /home/ec2-user/Code/ufrgs-poc/contaudit-wrapper.jar
2024-10-11 04:39:17,200 INFO - ContAudITWrapper#14 - Wrapper hash: b7519188ed863d76e5199a8d880bb968bdf9124fad53b871583787e123a7a764
2024-10-11 04:39:17,209 INFO - ContAudITWrapper#14 - Validating Wrapper...
2024-10-11 04:40:22,342 INFO - ContAudITWrapper#14 - Response true
2024-10-11 04:40:22,513 INFO - ContAudITWrapper#14 - Application hash: e36ee2d35f8c4c41bd358782dfb3ac8852b40439d350ff27616f0c18819ce9bf
2024-10-11 04:40:22,527 INFO - ContAudITWrapper#14 - Validating Application...
2024-10-11 04:40:37,104 INFO - ContAudITWrapper#14 - Response true
2024-10-11 04:40:37,113 INFO - ContAudITWrapper#14 - Artifact apache2.workflow hash: bdb4cee855e21446b6ae53ddcb76a1632ef8c4545b5db0517e01ffd552157f6e
2024-10-11 04:40:37,128 INFO - ContAudITWrapper#14 - Validating Artifact...
2024-10-11 04:40:47,955 INFO - ContAudITWrapper#14 - Response true
2024-10-11 04:40:47,961 INFO - ContAudITWrapper#14 - Running pre-command actions...
2024-10-11 04:40:47,962 INFO - ContAudITWrapper#14 - Analyzing current environment state...
2024-10-11 04:40:48,287 INFO - ContAudITWrapper#14 - Saving current environment state...
2024-10-11 04:40:48,288 INFO - ContAudITWrapper#14 - Environment state hash: a7ffc6f8bf1ed76651c14756a061d662f580ff4de43b49fa82d80a4b80f8434a
2024-10-11 04:40:48,288 INFO - ContAudITWrapper#14 - Executing command...
2024-10-11 04:40:50,492 INFO - ContAudITWrapper#14 - Command output: 
2024-10-11 04:40:48.461546534 [executor] Initializing the workflow...
[apache2_workflow] Apache HTTP Server already installed.
[apache2_workflow] UserDir module already loaded.
[apache2_workflow] Configs to UserDir already exist.
[apache2_workflow] public_html directory already exists in /home/ec2-user.
[apache2_workflow] Creating a simple webpage...
[apache2_workflow] Moving webpage to Apache HTTP Server user website folder...
[apache2_workflow] Page moved successfully!
2024-10-11 04:40:50.491904301 [executor] Finished!

2024-10-11 04:40:50,493 INFO - ContAudITWrapper#14 - Running post-command actions...
2024-10-11 04:40:50,493 INFO - ContAudITWrapper#14 - Analyzing current environment state...
2024-10-11 04:40:50,574 INFO - ContAudITWrapper#14 - Saving current environment state...
2024-10-11 04:40:50,575 INFO - ContAudITWrapper#14 - Environment state hash: a7ffc6f8bf1ed76651c14756a061d662f580ff4de43b49fa82d80a4b80f8434a
2024-10-11 04:40:50,575 INFO - ContAudITWrapper#14 - Checking environment diff...
2024-10-11 04:40:50,731 INFO - ContAudITWrapper#14 - Environment diff: 
2024-10-11 04:40:50,731 INFO - ContAudITWrapper#14 - Cleaning temporary files...
2024-10-11 04:40:51,019 INFO - ContAudITWrapper#14 - Sending to blockchain...
2024-10-11 04:41:06,164 INFO - ContAudITWrapper#14 - Response 
2024-10-11 04:41:06,165 INFO - ContAudITWrapper#14 - Finishing ContAudIT Wrapper...
