2024-10-11 04:38:59,281 INFO - ContAudITWrapper#58 - Initializing ContAudIT Wrapper...
2024-10-11 04:38:59,486 INFO - ContAudITWrapper#58 - Current directory: /home/ec2-user/Code/ufrgs-poc/contaudit-wrapper.jar
2024-10-11 04:39:21,990 INFO - ContAudITWrapper#58 - Wrapper hash: b7519188ed863d76e5199a8d880bb968bdf9124fad53b871583787e123a7a764
2024-10-11 04:39:22,013 INFO - ContAudITWrapper#58 - Validating Wrapper...
2024-10-11 04:40:25,068 INFO - ContAudITWrapper#58 - Response true
2024-10-11 04:40:25,297 INFO - ContAudITWrapper#58 - Application hash: e36ee2d35f8c4c41bd358782dfb3ac8852b40439d350ff27616f0c18819ce9bf
2024-10-11 04:40:25,298 INFO - ContAudITWrapper#58 - Validating Application...
2024-10-11 04:40:44,151 INFO - ContAudITWrapper#58 - Response true
2024-10-11 04:40:44,161 INFO - ContAudITWrapper#58 - Artifact apache2.workflow hash: bdb4cee855e21446b6ae53ddcb76a1632ef8c4545b5db0517e01ffd552157f6e
2024-10-11 04:40:44,239 INFO - ContAudITWrapper#58 - Validating Artifact...
2024-10-11 04:40:55,546 INFO - ContAudITWrapper#58 - Response true
2024-10-11 04:40:55,557 INFO - ContAudITWrapper#58 - Running pre-command actions...
2024-10-11 04:40:55,558 INFO - ContAudITWrapper#58 - Analyzing current environment state...
2024-10-11 04:40:55,929 INFO - ContAudITWrapper#58 - Saving current environment state...
2024-10-11 04:40:55,931 INFO - ContAudITWrapper#58 - Environment state hash: a7ffc6f8bf1ed76651c14756a061d662f580ff4de43b49fa82d80a4b80f8434a
2024-10-11 04:40:55,931 INFO - ContAudITWrapper#58 - Executing command...
2024-10-11 04:40:57,148 INFO - ContAudITWrapper#58 - Command output: 
2024-10-11 04:40:56.082354195 [executor] Initializing the workflow...
[apache2_workflow] Apache HTTP Server already installed.
[apache2_workflow] UserDir module already loaded.
[apache2_workflow] Configs to UserDir already exist.
[apache2_workflow] public_html directory already exists in /home/ec2-user.
[apache2_workflow] Creating a simple webpage...
[apache2_workflow] Moving webpage to Apache HTTP Server user website folder...
[apache2_workflow] Page moved successfully!
2024-10-11 04:40:57.147500184 [executor] Finished!

2024-10-11 04:40:57,149 INFO - ContAudITWrapper#58 - Running post-command actions...
2024-10-11 04:40:57,150 INFO - ContAudITWrapper#58 - Analyzing current environment state...
2024-10-11 04:40:57,201 INFO - ContAudITWrapper#58 - Saving current environment state...
2024-10-11 04:40:57,202 INFO - ContAudITWrapper#58 - Environment state hash: a7ffc6f8bf1ed76651c14756a061d662f580ff4de43b49fa82d80a4b80f8434a
2024-10-11 04:40:57,202 INFO - ContAudITWrapper#58 - Checking environment diff...
2024-10-11 04:40:57,320 INFO - ContAudITWrapper#58 - Environment diff: 
2024-10-11 04:40:57,320 INFO - ContAudITWrapper#58 - Cleaning temporary files...
2024-10-11 04:40:57,437 INFO - ContAudITWrapper#58 - Sending to blockchain...
2024-10-11 04:41:14,082 INFO - ContAudITWrapper#58 - Response 
2024-10-11 04:41:14,083 INFO - ContAudITWrapper#58 - Finishing ContAudIT Wrapper...
