2024-10-11 04:38:59,208 INFO - ContAudITWrapper#19 - Initializing ContAudIT Wrapper...
2024-10-11 04:38:59,414 INFO - ContAudITWrapper#19 - Current directory: /home/ec2-user/Code/ufrgs-poc/contaudit-wrapper.jar
2024-10-11 04:39:22,923 INFO - ContAudITWrapper#19 - Wrapper hash: b7519188ed863d76e5199a8d880bb968bdf9124fad53b871583787e123a7a764
2024-10-11 04:39:22,932 INFO - ContAudITWrapper#19 - Validating Wrapper...
2024-10-11 04:40:31,461 INFO - ContAudITWrapper#19 - Response true
2024-10-11 04:40:31,895 INFO - ContAudITWrapper#19 - Application hash: e36ee2d35f8c4c41bd358782dfb3ac8852b40439d350ff27616f0c18819ce9bf
2024-10-11 04:40:31,896 INFO - ContAudITWrapper#19 - Validating Application...
2024-10-11 04:40:42,997 INFO - ContAudITWrapper#19 - Response true
2024-10-11 04:40:43,023 INFO - ContAudITWrapper#19 - Artifact apache2.workflow hash: bdb4cee855e21446b6ae53ddcb76a1632ef8c4545b5db0517e01ffd552157f6e
2024-10-11 04:40:43,041 INFO - ContAudITWrapper#19 - Validating Artifact...
2024-10-11 04:40:55,390 INFO - ContAudITWrapper#19 - Response true
2024-10-11 04:40:55,392 INFO - ContAudITWrapper#19 - Running pre-command actions...
2024-10-11 04:40:55,393 INFO - ContAudITWrapper#19 - Analyzing current environment state...
2024-10-11 04:40:55,623 INFO - ContAudITWrapper#19 - Saving current environment state...
2024-10-11 04:40:55,623 INFO - ContAudITWrapper#19 - Environment state hash: a7ffc6f8bf1ed76651c14756a061d662f580ff4de43b49fa82d80a4b80f8434a
2024-10-11 04:40:55,624 INFO - ContAudITWrapper#19 - Executing command...
2024-10-11 04:40:56,792 INFO - ContAudITWrapper#19 - Command output: 
2024-10-11 04:40:55.691552321 [executor] Initializing the workflow...
[apache2_workflow] Apache HTTP Server already installed.
[apache2_workflow] UserDir module already loaded.
[apache2_workflow] Configs to UserDir already exist.
[apache2_workflow] public_html directory already exists in /home/ec2-user.
[apache2_workflow] Creating a simple webpage...
[apache2_workflow] Moving webpage to Apache HTTP Server user website folder...
[apache2_workflow] Page moved successfully!
2024-10-11 04:40:56.791495805 [executor] Finished!

2024-10-11 04:40:56,792 INFO - ContAudITWrapper#19 - Running post-command actions...
2024-10-11 04:40:56,792 INFO - ContAudITWrapper#19 - Analyzing current environment state...
2024-10-11 04:40:56,816 INFO - ContAudITWrapper#19 - Saving current environment state...
2024-10-11 04:40:56,816 INFO - ContAudITWrapper#19 - Environment state hash: a7ffc6f8bf1ed76651c14756a061d662f580ff4de43b49fa82d80a4b80f8434a
2024-10-11 04:40:56,817 INFO - ContAudITWrapper#19 - Checking environment diff...
2024-10-11 04:40:56,939 INFO - ContAudITWrapper#19 - Environment diff: 
2024-10-11 04:40:56,939 INFO - ContAudITWrapper#19 - Cleaning temporary files...
2024-10-11 04:40:57,033 INFO - ContAudITWrapper#19 - Sending to blockchain...
2024-10-11 04:41:09,285 INFO - ContAudITWrapper#19 - Response 
2024-10-11 04:41:09,291 INFO - ContAudITWrapper#19 - Finishing ContAudIT Wrapper...
