2024-10-11 04:38:56,937 INFO - ContAudITWrapper#70 - Initializing ContAudIT Wrapper...
2024-10-11 04:38:57,098 INFO - ContAudITWrapper#70 - Current directory: /home/ec2-user/Code/ufrgs-poc/contaudit-wrapper.jar
2024-10-11 04:39:20,944 INFO - ContAudITWrapper#70 - Wrapper hash: b7519188ed863d76e5199a8d880bb968bdf9124fad53b871583787e123a7a764
2024-10-11 04:39:20,997 INFO - ContAudITWrapper#70 - Validating Wrapper...
2024-10-11 04:40:32,689 INFO - ContAudITWrapper#70 - Response true
2024-10-11 04:40:32,716 INFO - ContAudITWrapper#70 - Application hash: e36ee2d35f8c4c41bd358782dfb3ac8852b40439d350ff27616f0c18819ce9bf
2024-10-11 04:40:32,717 INFO - ContAudITWrapper#70 - Validating Application...
2024-10-11 04:40:44,925 INFO - ContAudITWrapper#70 - Response true
2024-10-11 04:40:44,940 INFO - ContAudITWrapper#70 - Artifact apache2.workflow hash: bdb4cee855e21446b6ae53ddcb76a1632ef8c4545b5db0517e01ffd552157f6e
2024-10-11 04:40:45,082 INFO - ContAudITWrapper#70 - Validating Artifact...
2024-10-11 04:40:59,935 INFO - ContAudITWrapper#70 - Response true
2024-10-11 04:40:59,957 INFO - ContAudITWrapper#70 - Running pre-command actions...
2024-10-11 04:40:59,958 INFO - ContAudITWrapper#70 - Analyzing current environment state...
2024-10-11 04:41:00,136 INFO - ContAudITWrapper#70 - Saving current environment state...
2024-10-11 04:41:00,138 INFO - ContAudITWrapper#70 - Environment state hash: a7ffc6f8bf1ed76651c14756a061d662f580ff4de43b49fa82d80a4b80f8434a
2024-10-11 04:41:00,139 INFO - ContAudITWrapper#70 - Executing command...
2024-10-11 04:41:01,585 INFO - ContAudITWrapper#70 - Command output: 
2024-10-11 04:41:00.262118762 [executor] Initializing the workflow...
[apache2_workflow] Apache HTTP Server already installed.
[apache2_workflow] UserDir module already loaded.
[apache2_workflow] Configs to UserDir already exist.
[apache2_workflow] public_html directory already exists in /home/ec2-user.
[apache2_workflow] Creating a simple webpage...
[apache2_workflow] Moving webpage to Apache HTTP Server user website folder...
[apache2_workflow] Page moved successfully!
2024-10-11 04:41:01.584115443 [executor] Finished!

2024-10-11 04:41:01,585 INFO - ContAudITWrapper#70 - Running post-command actions...
2024-10-11 04:41:01,585 INFO - ContAudITWrapper#70 - Analyzing current environment state...
2024-10-11 04:41:01,688 INFO - ContAudITWrapper#70 - Saving current environment state...
2024-10-11 04:41:01,689 INFO - ContAudITWrapper#70 - Environment state hash: a7ffc6f8bf1ed76651c14756a061d662f580ff4de43b49fa82d80a4b80f8434a
2024-10-11 04:41:01,689 INFO - ContAudITWrapper#70 - Checking environment diff...
2024-10-11 04:41:01,811 INFO - ContAudITWrapper#70 - Environment diff: 
2024-10-11 04:41:01,811 INFO - ContAudITWrapper#70 - Cleaning temporary files...
2024-10-11 04:41:01,870 INFO - ContAudITWrapper#70 - Sending to blockchain...
2024-10-11 04:41:10,556 INFO - ContAudITWrapper#70 - Response 
2024-10-11 04:41:10,564 INFO - ContAudITWrapper#70 - Finishing ContAudIT Wrapper...
