2024-10-09 00:55:42,032 INFO - ContAudITWrapper#70 - Initializing ContAudIT Wrapper...
2024-10-09 00:55:42,268 INFO - ContAudITWrapper#70 - Current directory: /home/ec2-user/Code/ufrgs-poc/contaudit-wrapper.jar
2024-10-09 00:56:08,417 INFO - ContAudITWrapper#70 - Wrapper hash: b7519188ed863d76e5199a8d880bb968bdf9124fad53b871583787e123a7a764
2024-10-09 00:56:08,550 INFO - ContAudITWrapper#70 - Validating Wrapper...
2024-10-09 00:57:14,986 INFO - ContAudITWrapper#70 - Response true
2024-10-09 00:57:15,126 INFO - ContAudITWrapper#70 - Application hash: e36ee2d35f8c4c41bd358782dfb3ac8852b40439d350ff27616f0c18819ce9bf
2024-10-09 00:57:15,216 INFO - ContAudITWrapper#70 - Validating Application...
2024-10-09 00:57:26,390 INFO - ContAudITWrapper#70 - Response true
2024-10-09 00:57:26,406 INFO - ContAudITWrapper#70 - Artifact apache2.workflow hash: bdb4cee855e21446b6ae53ddcb76a1632ef8c4545b5db0517e01ffd552157f6e
2024-10-09 00:57:26,476 INFO - ContAudITWrapper#70 - Validating Artifact...
2024-10-09 00:57:37,102 INFO - ContAudITWrapper#70 - Response true
2024-10-09 00:57:37,122 INFO - ContAudITWrapper#70 - Running pre-command actions...
2024-10-09 00:57:37,123 INFO - ContAudITWrapper#70 - Analyzing current environment state...
2024-10-09 00:57:37,281 INFO - ContAudITWrapper#70 - Saving current environment state...
2024-10-09 00:57:37,282 INFO - ContAudITWrapper#70 - Environment state hash: a7ffc6f8bf1ed76651c14756a061d662f580ff4de43b49fa82d80a4b80f8434a
2024-10-09 00:57:37,282 INFO - ContAudITWrapper#70 - Executing command...
2024-10-09 00:57:38,718 INFO - ContAudITWrapper#70 - Command output: 
2024-10-09 00:57:37.494505110 [executor] Initializing the workflow...
[apache2_workflow] Apache HTTP Server already installed.
[apache2_workflow] UserDir module already loaded.
[apache2_workflow] Configs to UserDir already exist.
[apache2_workflow] public_html directory already exists in /home/ec2-user.
[apache2_workflow] Creating a simple webpage...
[apache2_workflow] Moving webpage to Apache HTTP Server user website folder...
[apache2_workflow] Page moved successfully!
2024-10-09 00:57:38.716835831 [executor] Finished!

2024-10-09 00:57:38,718 INFO - ContAudITWrapper#70 - Running post-command actions...
2024-10-09 00:57:38,719 INFO - ContAudITWrapper#70 - Analyzing current environment state...
2024-10-09 00:57:38,862 INFO - ContAudITWrapper#70 - Saving current environment state...
2024-10-09 00:57:38,863 INFO - ContAudITWrapper#70 - Environment state hash: a7ffc6f8bf1ed76651c14756a061d662f580ff4de43b49fa82d80a4b80f8434a
2024-10-09 00:57:38,863 INFO - ContAudITWrapper#70 - Checking environment diff...
2024-10-09 00:57:38,978 INFO - ContAudITWrapper#70 - Environment diff: 
2024-10-09 00:57:38,978 INFO - ContAudITWrapper#70 - Cleaning temporary files...
2024-10-09 00:57:39,009 INFO - ContAudITWrapper#70 - Sending to blockchain...
2024-10-09 00:57:50,278 INFO - ContAudITWrapper#70 - Response 
2024-10-09 00:57:50,280 INFO - ContAudITWrapper#70 - Finishing ContAudIT Wrapper...
