2024-10-09 00:55:42,130 INFO - ContAudITWrapper#15 - Initializing ContAudIT Wrapper...
2024-10-09 00:55:42,383 INFO - ContAudITWrapper#15 - Current directory: /home/ec2-user/Code/ufrgs-poc/contaudit-wrapper.jar
2024-10-09 00:56:03,236 INFO - ContAudITWrapper#15 - Wrapper hash: b7519188ed863d76e5199a8d880bb968bdf9124fad53b871583787e123a7a764
2024-10-09 00:56:03,304 INFO - ContAudITWrapper#15 - Validating Wrapper...
2024-10-09 00:57:06,598 INFO - ContAudITWrapper#15 - Response true
2024-10-09 00:57:06,766 INFO - ContAudITWrapper#15 - Application hash: e36ee2d35f8c4c41bd358782dfb3ac8852b40439d350ff27616f0c18819ce9bf
2024-10-09 00:57:06,767 INFO - ContAudITWrapper#15 - Validating Application...
2024-10-09 00:57:18,486 INFO - ContAudITWrapper#15 - Response true
2024-10-09 00:57:18,804 INFO - ContAudITWrapper#15 - Artifact apache2.workflow hash: bdb4cee855e21446b6ae53ddcb76a1632ef8c4545b5db0517e01ffd552157f6e
2024-10-09 00:57:18,817 INFO - ContAudITWrapper#15 - Validating Artifact...
2024-10-09 00:57:30,838 INFO - ContAudITWrapper#15 - Response true
2024-10-09 00:57:30,851 INFO - ContAudITWrapper#15 - Running pre-command actions...
2024-10-09 00:57:30,852 INFO - ContAudITWrapper#15 - Analyzing current environment state...
2024-10-09 00:57:31,196 INFO - ContAudITWrapper#15 - Saving current environment state...
2024-10-09 00:57:31,197 INFO - ContAudITWrapper#15 - Environment state hash: a7ffc6f8bf1ed76651c14756a061d662f580ff4de43b49fa82d80a4b80f8434a
2024-10-09 00:57:31,197 INFO - ContAudITWrapper#15 - Executing command...
2024-10-09 00:57:32,149 INFO - ContAudITWrapper#15 - Command output: 
2024-10-09 00:57:31.361272756 [executor] Initializing the workflow...
[apache2_workflow] Apache HTTP Server already installed.
[apache2_workflow] UserDir module already loaded.
[apache2_workflow] Configs to UserDir already exist.
[apache2_workflow] public_html directory already exists in /home/ec2-user.
[apache2_workflow] Creating a simple webpage...
[apache2_workflow] Moving webpage to Apache HTTP Server user website folder...
[apache2_workflow] Page moved successfully!
2024-10-09 00:57:32.147350553 [executor] Finished!

2024-10-09 00:57:32,150 INFO - ContAudITWrapper#15 - Running post-command actions...
2024-10-09 00:57:32,150 INFO - ContAudITWrapper#15 - Analyzing current environment state...
2024-10-09 00:57:32,256 INFO - ContAudITWrapper#15 - Saving current environment state...
2024-10-09 00:57:32,257 INFO - ContAudITWrapper#15 - Environment state hash: a7ffc6f8bf1ed76651c14756a061d662f580ff4de43b49fa82d80a4b80f8434a
2024-10-09 00:57:32,257 INFO - ContAudITWrapper#15 - Checking environment diff...
2024-10-09 00:57:32,375 INFO - ContAudITWrapper#15 - Environment diff: 
2024-10-09 00:57:32,375 INFO - ContAudITWrapper#15 - Cleaning temporary files...
2024-10-09 00:57:32,472 INFO - ContAudITWrapper#15 - Sending to blockchain...
2024-10-09 00:57:43,240 INFO - ContAudITWrapper#15 - Response 
2024-10-09 00:57:43,242 INFO - ContAudITWrapper#15 - Finishing ContAudIT Wrapper...
