2024-10-09 00:55:43,157 INFO - ContAudITWrapper#90 - Initializing ContAudIT Wrapper...
2024-10-09 00:55:43,277 INFO - ContAudITWrapper#90 - Current directory: /home/ec2-user/Code/ufrgs-poc/contaudit-wrapper.jar
2024-10-09 00:56:04,061 INFO - ContAudITWrapper#90 - Wrapper hash: b7519188ed863d76e5199a8d880bb968bdf9124fad53b871583787e123a7a764
2024-10-09 00:56:04,123 INFO - ContAudITWrapper#90 - Validating Wrapper...
2024-10-09 00:57:07,968 INFO - ContAudITWrapper#90 - Response true
2024-10-09 00:57:08,120 INFO - ContAudITWrapper#90 - Application hash: e36ee2d35f8c4c41bd358782dfb3ac8852b40439d350ff27616f0c18819ce9bf
2024-10-09 00:57:08,121 INFO - ContAudITWrapper#90 - Validating Application...
2024-10-09 00:57:22,336 INFO - ContAudITWrapper#90 - Response true
2024-10-09 00:57:22,346 INFO - ContAudITWrapper#90 - Artifact apache2.workflow hash: bdb4cee855e21446b6ae53ddcb76a1632ef8c4545b5db0517e01ffd552157f6e
2024-10-09 00:57:22,418 INFO - ContAudITWrapper#90 - Validating Artifact...
2024-10-09 00:57:33,116 INFO - ContAudITWrapper#90 - Response true
2024-10-09 00:57:33,127 INFO - ContAudITWrapper#90 - Running pre-command actions...
2024-10-09 00:57:33,129 INFO - ContAudITWrapper#90 - Analyzing current environment state...
2024-10-09 00:57:33,390 INFO - ContAudITWrapper#90 - Saving current environment state...
2024-10-09 00:57:33,391 INFO - ContAudITWrapper#90 - Environment state hash: a7ffc6f8bf1ed76651c14756a061d662f580ff4de43b49fa82d80a4b80f8434a
2024-10-09 00:57:33,392 INFO - ContAudITWrapper#90 - Executing command...
2024-10-09 00:57:34,902 INFO - ContAudITWrapper#90 - Command output: 
2024-10-09 00:57:33.523525289 [executor] Initializing the workflow...
[apache2_workflow] Apache HTTP Server already installed.
[apache2_workflow] UserDir module already loaded.
[apache2_workflow] Configs to UserDir already exist.
[apache2_workflow] public_html directory already exists in /home/ec2-user.
[apache2_workflow] Creating a simple webpage...
[apache2_workflow] Moving webpage to Apache HTTP Server user website folder...
[apache2_workflow] Page moved successfully!
2024-10-09 00:57:34.895422929 [executor] Finished!

2024-10-09 00:57:34,902 INFO - ContAudITWrapper#90 - Running post-command actions...
2024-10-09 00:57:34,902 INFO - ContAudITWrapper#90 - Analyzing current environment state...
2024-10-09 00:57:35,053 INFO - ContAudITWrapper#90 - Saving current environment state...
2024-10-09 00:57:35,054 INFO - ContAudITWrapper#90 - Environment state hash: a7ffc6f8bf1ed76651c14756a061d662f580ff4de43b49fa82d80a4b80f8434a
2024-10-09 00:57:35,054 INFO - ContAudITWrapper#90 - Checking environment diff...
2024-10-09 00:57:35,135 INFO - ContAudITWrapper#90 - Environment diff: 
2024-10-09 00:57:35,135 INFO - ContAudITWrapper#90 - Cleaning temporary files...
2024-10-09 00:57:35,237 INFO - ContAudITWrapper#90 - Sending to blockchain...
2024-10-09 00:57:43,469 INFO - ContAudITWrapper#90 - Response 
2024-10-09 00:57:43,471 INFO - ContAudITWrapper#90 - Finishing ContAudIT Wrapper...
