2024-10-09 00:55:42,192 INFO - ContAudITWrapper#60 - Initializing ContAudIT Wrapper...
2024-10-09 00:55:42,465 INFO - ContAudITWrapper#60 - Current directory: /home/ec2-user/Code/ufrgs-poc/contaudit-wrapper.jar
2024-10-09 00:56:03,822 INFO - ContAudITWrapper#60 - Wrapper hash: b7519188ed863d76e5199a8d880bb968bdf9124fad53b871583787e123a7a764
2024-10-09 00:56:03,918 INFO - ContAudITWrapper#60 - Validating Wrapper...
2024-10-09 00:57:10,252 INFO - ContAudITWrapper#60 - Response true
2024-10-09 00:57:10,607 INFO - ContAudITWrapper#60 - Application hash: e36ee2d35f8c4c41bd358782dfb3ac8852b40439d350ff27616f0c18819ce9bf
2024-10-09 00:57:10,607 INFO - ContAudITWrapper#60 - Validating Application...
2024-10-09 00:57:25,812 INFO - ContAudITWrapper#60 - Response true
2024-10-09 00:57:25,816 INFO - ContAudITWrapper#60 - Artifact apache2.workflow hash: bdb4cee855e21446b6ae53ddcb76a1632ef8c4545b5db0517e01ffd552157f6e
2024-10-09 00:57:25,832 INFO - ContAudITWrapper#60 - Validating Artifact...
2024-10-09 00:57:35,049 INFO - ContAudITWrapper#60 - Response true
2024-10-09 00:57:35,058 INFO - ContAudITWrapper#60 - Running pre-command actions...
2024-10-09 00:57:35,059 INFO - ContAudITWrapper#60 - Analyzing current environment state...
2024-10-09 00:57:35,358 INFO - ContAudITWrapper#60 - Saving current environment state...
2024-10-09 00:57:35,359 INFO - ContAudITWrapper#60 - Environment state hash: a7ffc6f8bf1ed76651c14756a061d662f580ff4de43b49fa82d80a4b80f8434a
2024-10-09 00:57:35,359 INFO - ContAudITWrapper#60 - Executing command...
2024-10-09 00:57:36,622 INFO - ContAudITWrapper#60 - Command output: 
2024-10-09 00:57:35.500987006 [executor] Initializing the workflow...
[apache2_workflow] Apache HTTP Server already installed.
[apache2_workflow] UserDir module already loaded.
[apache2_workflow] Configs to UserDir already exist.
[apache2_workflow] public_html directory already exists in /home/ec2-user.
[apache2_workflow] Creating a simple webpage...
[apache2_workflow] Moving webpage to Apache HTTP Server user website folder...
[apache2_workflow] Page moved successfully!
2024-10-09 00:57:36.615015696 [executor] Finished!

2024-10-09 00:57:36,623 INFO - ContAudITWrapper#60 - Running post-command actions...
2024-10-09 00:57:36,623 INFO - ContAudITWrapper#60 - Analyzing current environment state...
2024-10-09 00:57:36,787 INFO - ContAudITWrapper#60 - Saving current environment state...
2024-10-09 00:57:36,787 INFO - ContAudITWrapper#60 - Environment state hash: a7ffc6f8bf1ed76651c14756a061d662f580ff4de43b49fa82d80a4b80f8434a
2024-10-09 00:57:36,787 INFO - ContAudITWrapper#60 - Checking environment diff...
2024-10-09 00:57:36,839 INFO - ContAudITWrapper#60 - Environment diff: 
2024-10-09 00:57:36,840 INFO - ContAudITWrapper#60 - Cleaning temporary files...
2024-10-09 00:57:36,899 INFO - ContAudITWrapper#60 - Sending to blockchain...
2024-10-09 00:57:47,929 INFO - ContAudITWrapper#60 - Response 
2024-10-09 00:57:47,930 INFO - ContAudITWrapper#60 - Finishing ContAudIT Wrapper...
