2024-10-09 00:55:42,810 INFO - ContAudITWrapper#44 - Initializing ContAudIT Wrapper...
2024-10-09 00:55:43,010 INFO - ContAudITWrapper#44 - Current directory: /home/ec2-user/Code/ufrgs-poc/contaudit-wrapper.jar
2024-10-09 00:55:57,514 INFO - ContAudITWrapper#44 - Wrapper hash: b7519188ed863d76e5199a8d880bb968bdf9124fad53b871583787e123a7a764
2024-10-09 00:55:57,601 INFO - ContAudITWrapper#44 - Validating Wrapper...
2024-10-09 00:56:56,449 INFO - ContAudITWrapper#44 - Response true
2024-10-09 00:56:56,625 INFO - ContAudITWrapper#44 - Application hash: e36ee2d35f8c4c41bd358782dfb3ac8852b40439d350ff27616f0c18819ce9bf
2024-10-09 00:56:56,626 INFO - ContAudITWrapper#44 - Validating Application...
2024-10-09 00:57:08,870 INFO - ContAudITWrapper#44 - Response true
2024-10-09 00:57:08,886 INFO - ContAudITWrapper#44 - Artifact apache2.workflow hash: bdb4cee855e21446b6ae53ddcb76a1632ef8c4545b5db0517e01ffd552157f6e
2024-10-09 00:57:09,015 INFO - ContAudITWrapper#44 - Validating Artifact...
2024-10-09 00:57:18,905 INFO - ContAudITWrapper#44 - Response true
2024-10-09 00:57:18,906 INFO - ContAudITWrapper#44 - Running pre-command actions...
2024-10-09 00:57:18,907 INFO - ContAudITWrapper#44 - Analyzing current environment state...
2024-10-09 00:57:19,125 INFO - ContAudITWrapper#44 - Saving current environment state...
2024-10-09 00:57:19,126 INFO - ContAudITWrapper#44 - Environment state hash: a7ffc6f8bf1ed76651c14756a061d662f580ff4de43b49fa82d80a4b80f8434a
2024-10-09 00:57:19,126 INFO - ContAudITWrapper#44 - Executing command...
2024-10-09 00:57:20,359 INFO - ContAudITWrapper#44 - Command output: 
2024-10-09 00:57:19.246293036 [executor] Initializing the workflow...
[apache2_workflow] Apache HTTP Server already installed.
[apache2_workflow] UserDir module already loaded.
[apache2_workflow] Configs to UserDir already exist.
[apache2_workflow] public_html directory already exists in /home/ec2-user.
[apache2_workflow] Creating a simple webpage...
[apache2_workflow] Moving webpage to Apache HTTP Server user website folder...
[apache2_workflow] Page moved successfully!
2024-10-09 00:57:20.353585103 [executor] Finished!

2024-10-09 00:57:20,362 INFO - ContAudITWrapper#44 - Running post-command actions...
2024-10-09 00:57:20,362 INFO - ContAudITWrapper#44 - Analyzing current environment state...
2024-10-09 00:57:20,466 INFO - ContAudITWrapper#44 - Saving current environment state...
2024-10-09 00:57:20,466 INFO - ContAudITWrapper#44 - Environment state hash: a7ffc6f8bf1ed76651c14756a061d662f580ff4de43b49fa82d80a4b80f8434a
2024-10-09 00:57:20,467 INFO - ContAudITWrapper#44 - Checking environment diff...
2024-10-09 00:57:20,582 INFO - ContAudITWrapper#44 - Environment diff: 
2024-10-09 00:57:20,582 INFO - ContAudITWrapper#44 - Cleaning temporary files...
2024-10-09 00:57:20,646 INFO - ContAudITWrapper#44 - Sending to blockchain...
2024-10-09 00:57:35,903 INFO - ContAudITWrapper#44 - Response 
2024-10-09 00:57:35,904 INFO - ContAudITWrapper#44 - Finishing ContAudIT Wrapper...
