2024-10-11 05:32:18,937 INFO - ContAudITWrapper#75 - Initializing ContAudIT Wrapper...
2024-10-11 05:32:19,120 INFO - ContAudITWrapper#75 - Current directory: /home/ec2-user/Code/ufrgs-poc/contaudit-wrapper.jar
2024-10-11 05:32:41,089 INFO - ContAudITWrapper#75 - Wrapper hash: b7519188ed863d76e5199a8d880bb968bdf9124fad53b871583787e123a7a764
2024-10-11 05:32:41,098 INFO - ContAudITWrapper#75 - Validating Wrapper...
2024-10-11 05:33:49,949 INFO - ContAudITWrapper#75 - Response true
2024-10-11 05:33:50,231 INFO - ContAudITWrapper#75 - Application hash: e36ee2d35f8c4c41bd358782dfb3ac8852b40439d350ff27616f0c18819ce9bf
2024-10-11 05:33:50,232 INFO - ContAudITWrapper#75 - Validating Application...
2024-10-11 05:34:05,469 INFO - ContAudITWrapper#75 - Response true
2024-10-11 05:34:05,491 INFO - ContAudITWrapper#75 - Artifact apache2.workflow hash: bdb4cee855e21446b6ae53ddcb76a1632ef8c4545b5db0517e01ffd552157f6e
2024-10-11 05:34:05,632 INFO - ContAudITWrapper#75 - Validating Artifact...
2024-10-11 05:34:20,634 INFO - ContAudITWrapper#75 - Response true
2024-10-11 05:34:20,645 INFO - ContAudITWrapper#75 - Running pre-command actions...
2024-10-11 05:34:20,649 INFO - ContAudITWrapper#75 - Analyzing current environment state...
2024-10-11 05:34:20,841 INFO - ContAudITWrapper#75 - Saving current environment state...
2024-10-11 05:34:20,842 INFO - ContAudITWrapper#75 - Environment state hash: a7ffc6f8bf1ed76651c14756a061d662f580ff4de43b49fa82d80a4b80f8434a
2024-10-11 05:34:20,842 INFO - ContAudITWrapper#75 - Executing command...
2024-10-11 05:34:22,328 INFO - ContAudITWrapper#75 - Command output: 
2024-10-11 05:34:20.926708578 [executor] Initializing the workflow...
[apache2_workflow] Apache HTTP Server already installed.
[apache2_workflow] UserDir module already loaded.
[apache2_workflow] Configs to UserDir already exist.
[apache2_workflow] public_html directory already exists in /home/ec2-user.
[apache2_workflow] Creating a simple webpage...
[apache2_workflow] Moving webpage to Apache HTTP Server user website folder...
[apache2_workflow] Page moved successfully!
2024-10-11 05:34:22.327446740 [executor] Finished!

2024-10-11 05:34:22,328 INFO - ContAudITWrapper#75 - Running post-command actions...
2024-10-11 05:34:22,328 INFO - ContAudITWrapper#75 - Analyzing current environment state...
2024-10-11 05:34:22,413 INFO - ContAudITWrapper#75 - Saving current environment state...
2024-10-11 05:34:22,414 INFO - ContAudITWrapper#75 - Environment state hash: a7ffc6f8bf1ed76651c14756a061d662f580ff4de43b49fa82d80a4b80f8434a
2024-10-11 05:34:22,414 INFO - ContAudITWrapper#75 - Checking environment diff...
2024-10-11 05:34:22,533 INFO - ContAudITWrapper#75 - Environment diff: 
2024-10-11 05:34:22,533 INFO - ContAudITWrapper#75 - Cleaning temporary files...
2024-10-11 05:34:22,576 INFO - ContAudITWrapper#75 - Sending to blockchain...
2024-10-11 05:34:33,176 INFO - ContAudITWrapper#75 - Response 
2024-10-11 05:34:33,177 INFO - ContAudITWrapper#75 - Finishing ContAudIT Wrapper...
