2024-10-11 05:32:16,647 INFO - ContAudITWrapper#87 - Initializing ContAudIT Wrapper...
2024-10-11 05:32:16,837 INFO - ContAudITWrapper#87 - Current directory: /home/ec2-user/Code/ufrgs-poc/contaudit-wrapper.jar
2024-10-11 05:32:33,670 INFO - ContAudITWrapper#87 - Wrapper hash: b7519188ed863d76e5199a8d880bb968bdf9124fad53b871583787e123a7a764
2024-10-11 05:32:33,731 INFO - ContAudITWrapper#87 - Validating Wrapper...
2024-10-11 05:33:35,611 INFO - ContAudITWrapper#87 - Response true
2024-10-11 05:33:35,748 INFO - ContAudITWrapper#87 - Application hash: e36ee2d35f8c4c41bd358782dfb3ac8852b40439d350ff27616f0c18819ce9bf
2024-10-11 05:33:35,790 INFO - ContAudITWrapper#87 - Validating Application...
2024-10-11 05:33:53,713 INFO - ContAudITWrapper#87 - Response true
2024-10-11 05:33:53,718 INFO - ContAudITWrapper#87 - Artifact apache2.workflow hash: bdb4cee855e21446b6ae53ddcb76a1632ef8c4545b5db0517e01ffd552157f6e
2024-10-11 05:33:54,031 INFO - ContAudITWrapper#87 - Validating Artifact...
2024-10-11 05:34:08,623 INFO - ContAudITWrapper#87 - Response true
2024-10-11 05:34:08,674 INFO - ContAudITWrapper#87 - Running pre-command actions...
2024-10-11 05:34:08,676 INFO - ContAudITWrapper#87 - Analyzing current environment state...
2024-10-11 05:34:08,864 INFO - ContAudITWrapper#87 - Saving current environment state...
2024-10-11 05:34:08,865 INFO - ContAudITWrapper#87 - Environment state hash: a7ffc6f8bf1ed76651c14756a061d662f580ff4de43b49fa82d80a4b80f8434a
2024-10-11 05:34:08,865 INFO - ContAudITWrapper#87 - Executing command...
2024-10-11 05:34:10,733 INFO - ContAudITWrapper#87 - Command output: 
2024-10-11 05:34:08.995915666 [executor] Initializing the workflow...
[apache2_workflow] Apache HTTP Server already installed.
[apache2_workflow] UserDir module already loaded.
[apache2_workflow] Configs to UserDir already exist.
[apache2_workflow] public_html directory already exists in /home/ec2-user.
[apache2_workflow] Creating a simple webpage...
[apache2_workflow] Moving webpage to Apache HTTP Server user website folder...
[apache2_workflow] Page moved successfully!
2024-10-11 05:34:10.731389147 [executor] Finished!

2024-10-11 05:34:10,733 INFO - ContAudITWrapper#87 - Running post-command actions...
2024-10-11 05:34:10,734 INFO - ContAudITWrapper#87 - Analyzing current environment state...
2024-10-11 05:34:10,945 INFO - ContAudITWrapper#87 - Saving current environment state...
2024-10-11 05:34:10,947 INFO - ContAudITWrapper#87 - Environment state hash: a7ffc6f8bf1ed76651c14756a061d662f580ff4de43b49fa82d80a4b80f8434a
2024-10-11 05:34:10,947 INFO - ContAudITWrapper#87 - Checking environment diff...
2024-10-11 05:34:11,215 INFO - ContAudITWrapper#87 - Environment diff: 
2024-10-11 05:34:11,215 INFO - ContAudITWrapper#87 - Cleaning temporary files...
2024-10-11 05:34:11,340 INFO - ContAudITWrapper#87 - Sending to blockchain...
2024-10-11 05:34:25,763 INFO - ContAudITWrapper#87 - Response 
2024-10-11 05:34:25,764 INFO - ContAudITWrapper#87 - Finishing ContAudIT Wrapper...
