2024-10-11 05:32:17,224 INFO - ContAudITWrapper#93 - Initializing ContAudIT Wrapper...
2024-10-11 05:32:17,267 INFO - ContAudITWrapper#93 - Current directory: /home/ec2-user/Code/ufrgs-poc/contaudit-wrapper.jar
2024-10-11 05:32:35,356 INFO - ContAudITWrapper#93 - Wrapper hash: b7519188ed863d76e5199a8d880bb968bdf9124fad53b871583787e123a7a764
2024-10-11 05:32:35,407 INFO - ContAudITWrapper#93 - Validating Wrapper...
2024-10-11 05:33:35,585 INFO - ContAudITWrapper#93 - Response true
2024-10-11 05:33:35,688 INFO - ContAudITWrapper#93 - Application hash: e36ee2d35f8c4c41bd358782dfb3ac8852b40439d350ff27616f0c18819ce9bf
2024-10-11 05:33:35,740 INFO - ContAudITWrapper#93 - Validating Application...
2024-10-11 05:33:50,951 INFO - ContAudITWrapper#93 - Response true
2024-10-11 05:33:50,957 INFO - ContAudITWrapper#93 - Artifact apache2.workflow hash: bdb4cee855e21446b6ae53ddcb76a1632ef8c4545b5db0517e01ffd552157f6e
2024-10-11 05:33:50,969 INFO - ContAudITWrapper#93 - Validating Artifact...
2024-10-11 05:33:59,905 INFO - ContAudITWrapper#93 - Response true
2024-10-11 05:33:59,921 INFO - ContAudITWrapper#93 - Running pre-command actions...
2024-10-11 05:33:59,922 INFO - ContAudITWrapper#93 - Analyzing current environment state...
2024-10-11 05:34:00,302 INFO - ContAudITWrapper#93 - Saving current environment state...
2024-10-11 05:34:00,304 INFO - ContAudITWrapper#93 - Environment state hash: a7ffc6f8bf1ed76651c14756a061d662f580ff4de43b49fa82d80a4b80f8434a
2024-10-11 05:34:00,304 INFO - ContAudITWrapper#93 - Executing command...
2024-10-11 05:34:01,364 INFO - ContAudITWrapper#93 - Command output: 
2024-10-11 05:34:00.496636016 [executor] Initializing the workflow...
[apache2_workflow] Apache HTTP Server already installed.
[apache2_workflow] UserDir module already loaded.
[apache2_workflow] Configs to UserDir already exist.
[apache2_workflow] public_html directory already exists in /home/ec2-user.
[apache2_workflow] Creating a simple webpage...
[apache2_workflow] Moving webpage to Apache HTTP Server user website folder...
[apache2_workflow] Page moved successfully!
2024-10-11 05:34:01.353827869 [executor] Finished!

2024-10-11 05:34:01,365 INFO - ContAudITWrapper#93 - Running post-command actions...
2024-10-11 05:34:01,365 INFO - ContAudITWrapper#93 - Analyzing current environment state...
2024-10-11 05:34:01,527 INFO - ContAudITWrapper#93 - Saving current environment state...
2024-10-11 05:34:01,528 INFO - ContAudITWrapper#93 - Environment state hash: a7ffc6f8bf1ed76651c14756a061d662f580ff4de43b49fa82d80a4b80f8434a
2024-10-11 05:34:01,528 INFO - ContAudITWrapper#93 - Checking environment diff...
2024-10-11 05:34:01,715 INFO - ContAudITWrapper#93 - Environment diff: 
2024-10-11 05:34:01,715 INFO - ContAudITWrapper#93 - Cleaning temporary files...
2024-10-11 05:34:01,920 INFO - ContAudITWrapper#93 - Sending to blockchain...
2024-10-11 05:34:19,437 INFO - ContAudITWrapper#93 - Response 
2024-10-11 05:34:19,439 INFO - ContAudITWrapper#93 - Finishing ContAudIT Wrapper...
