2024-10-11 05:32:18,636 INFO - ContAudITWrapper#26 - Initializing ContAudIT Wrapper...
2024-10-11 05:32:18,938 INFO - ContAudITWrapper#26 - Current directory: /home/ec2-user/Code/ufrgs-poc/contaudit-wrapper.jar
2024-10-11 05:32:42,638 INFO - ContAudITWrapper#26 - Wrapper hash: b7519188ed863d76e5199a8d880bb968bdf9124fad53b871583787e123a7a764
2024-10-11 05:32:42,791 INFO - ContAudITWrapper#26 - Validating Wrapper...
2024-10-11 05:33:52,988 INFO - ContAudITWrapper#26 - Response true
2024-10-11 05:33:53,147 INFO - ContAudITWrapper#26 - Application hash: e36ee2d35f8c4c41bd358782dfb3ac8852b40439d350ff27616f0c18819ce9bf
2024-10-11 05:33:53,147 INFO - ContAudITWrapper#26 - Validating Application...
2024-10-11 05:34:07,462 INFO - ContAudITWrapper#26 - Response true
2024-10-11 05:34:07,484 INFO - ContAudITWrapper#26 - Artifact apache2.workflow hash: bdb4cee855e21446b6ae53ddcb76a1632ef8c4545b5db0517e01ffd552157f6e
2024-10-11 05:34:07,518 INFO - ContAudITWrapper#26 - Validating Artifact...
2024-10-11 05:34:15,728 INFO - ContAudITWrapper#26 - Response true
2024-10-11 05:34:15,737 INFO - ContAudITWrapper#26 - Running pre-command actions...
2024-10-11 05:34:15,738 INFO - ContAudITWrapper#26 - Analyzing current environment state...
2024-10-11 05:34:15,988 INFO - ContAudITWrapper#26 - Saving current environment state...
2024-10-11 05:34:15,989 INFO - ContAudITWrapper#26 - Environment state hash: a7ffc6f8bf1ed76651c14756a061d662f580ff4de43b49fa82d80a4b80f8434a
2024-10-11 05:34:15,989 INFO - ContAudITWrapper#26 - Executing command...
2024-10-11 05:34:17,333 INFO - ContAudITWrapper#26 - Command output: 
2024-10-11 05:34:16.101183705 [executor] Initializing the workflow...
[apache2_workflow] Apache HTTP Server already installed.
[apache2_workflow] UserDir module already loaded.
[apache2_workflow] Configs to UserDir already exist.
[apache2_workflow] public_html directory already exists in /home/ec2-user.
[apache2_workflow] Creating a simple webpage...
[apache2_workflow] Moving webpage to Apache HTTP Server user website folder...
[apache2_workflow] Page moved successfully!
2024-10-11 05:34:17.332630526 [executor] Finished!

2024-10-11 05:34:17,334 INFO - ContAudITWrapper#26 - Running post-command actions...
2024-10-11 05:34:17,334 INFO - ContAudITWrapper#26 - Analyzing current environment state...
2024-10-11 05:34:17,541 INFO - ContAudITWrapper#26 - Saving current environment state...
2024-10-11 05:34:17,542 INFO - ContAudITWrapper#26 - Environment state hash: a7ffc6f8bf1ed76651c14756a061d662f580ff4de43b49fa82d80a4b80f8434a
2024-10-11 05:34:17,542 INFO - ContAudITWrapper#26 - Checking environment diff...
2024-10-11 05:34:17,656 INFO - ContAudITWrapper#26 - Environment diff: 
2024-10-11 05:34:17,656 INFO - ContAudITWrapper#26 - Cleaning temporary files...
2024-10-11 05:34:17,752 INFO - ContAudITWrapper#26 - Sending to blockchain...
2024-10-11 05:34:29,289 INFO - ContAudITWrapper#26 - Response 
2024-10-11 05:34:29,299 INFO - ContAudITWrapper#26 - Finishing ContAudIT Wrapper...
