2024-10-11 05:32:19,302 INFO - ContAudITWrapper#73 - Initializing ContAudIT Wrapper...
2024-10-11 05:32:19,546 INFO - ContAudITWrapper#73 - Current directory: /home/ec2-user/Code/ufrgs-poc/contaudit-wrapper.jar
2024-10-11 05:32:40,731 INFO - ContAudITWrapper#73 - Wrapper hash: b7519188ed863d76e5199a8d880bb968bdf9124fad53b871583787e123a7a764
2024-10-11 05:32:40,740 INFO - ContAudITWrapper#73 - Validating Wrapper...
2024-10-11 05:33:47,577 INFO - ContAudITWrapper#73 - Response true
2024-10-11 05:33:47,682 INFO - ContAudITWrapper#73 - Application hash: e36ee2d35f8c4c41bd358782dfb3ac8852b40439d350ff27616f0c18819ce9bf
2024-10-11 05:33:47,683 INFO - ContAudITWrapper#73 - Validating Application...
2024-10-11 05:34:01,356 INFO - ContAudITWrapper#73 - Response true
2024-10-11 05:34:01,366 INFO - ContAudITWrapper#73 - Artifact apache2.workflow hash: bdb4cee855e21446b6ae53ddcb76a1632ef8c4545b5db0517e01ffd552157f6e
2024-10-11 05:34:01,471 INFO - ContAudITWrapper#73 - Validating Artifact...
2024-10-11 05:34:14,299 INFO - ContAudITWrapper#73 - Response true
2024-10-11 05:34:14,307 INFO - ContAudITWrapper#73 - Running pre-command actions...
2024-10-11 05:34:14,308 INFO - ContAudITWrapper#73 - Analyzing current environment state...
2024-10-11 05:34:14,458 INFO - ContAudITWrapper#73 - Saving current environment state...
2024-10-11 05:34:14,459 INFO - ContAudITWrapper#73 - Environment state hash: a7ffc6f8bf1ed76651c14756a061d662f580ff4de43b49fa82d80a4b80f8434a
2024-10-11 05:34:14,460 INFO - ContAudITWrapper#73 - Executing command...
2024-10-11 05:34:15,647 INFO - ContAudITWrapper#73 - Command output: 
2024-10-11 05:34:14.700259546 [executor] Initializing the workflow...
[apache2_workflow] Apache HTTP Server already installed.
[apache2_workflow] UserDir module already loaded.
[apache2_workflow] Configs to UserDir already exist.
[apache2_workflow] public_html directory already exists in /home/ec2-user.
[apache2_workflow] Creating a simple webpage...
[apache2_workflow] Moving webpage to Apache HTTP Server user website folder...
[apache2_workflow] Page moved successfully!
2024-10-11 05:34:15.646208294 [executor] Finished!

2024-10-11 05:34:15,647 INFO - ContAudITWrapper#73 - Running post-command actions...
2024-10-11 05:34:15,647 INFO - ContAudITWrapper#73 - Analyzing current environment state...
2024-10-11 05:34:15,785 INFO - ContAudITWrapper#73 - Saving current environment state...
2024-10-11 05:34:15,786 INFO - ContAudITWrapper#73 - Environment state hash: a7ffc6f8bf1ed76651c14756a061d662f580ff4de43b49fa82d80a4b80f8434a
2024-10-11 05:34:15,786 INFO - ContAudITWrapper#73 - Checking environment diff...
2024-10-11 05:34:15,911 INFO - ContAudITWrapper#73 - Environment diff: 
2024-10-11 05:34:15,912 INFO - ContAudITWrapper#73 - Cleaning temporary files...
2024-10-11 05:34:16,059 INFO - ContAudITWrapper#73 - Sending to blockchain...
2024-10-11 05:34:30,408 INFO - ContAudITWrapper#73 - Response 
2024-10-11 05:34:30,411 INFO - ContAudITWrapper#73 - Finishing ContAudIT Wrapper...
