2024-10-11 04:53:34,234 INFO - ContAudITWrapper#22 - Initializing ContAudIT Wrapper...
2024-10-11 04:53:34,454 INFO - ContAudITWrapper#22 - Current directory: /home/ec2-user/Code/ufrgs-poc/contaudit-wrapper.jar
2024-10-11 04:53:56,043 INFO - ContAudITWrapper#22 - Wrapper hash: b7519188ed863d76e5199a8d880bb968bdf9124fad53b871583787e123a7a764
2024-10-11 04:53:56,257 INFO - ContAudITWrapper#22 - Validating Wrapper...
2024-10-11 04:55:02,274 INFO - ContAudITWrapper#22 - Response true
2024-10-11 04:55:02,302 INFO - ContAudITWrapper#22 - Application hash: e36ee2d35f8c4c41bd358782dfb3ac8852b40439d350ff27616f0c18819ce9bf
2024-10-11 04:55:02,303 INFO - ContAudITWrapper#22 - Validating Application...
2024-10-11 04:55:17,037 INFO - ContAudITWrapper#22 - Response true
2024-10-11 04:55:17,041 INFO - ContAudITWrapper#22 - Artifact apache2.workflow hash: bdb4cee855e21446b6ae53ddcb76a1632ef8c4545b5db0517e01ffd552157f6e
2024-10-11 04:55:17,107 INFO - ContAudITWrapper#22 - Validating Artifact...
2024-10-11 04:55:30,203 INFO - ContAudITWrapper#22 - Response true
2024-10-11 04:55:30,208 INFO - ContAudITWrapper#22 - Running pre-command actions...
2024-10-11 04:55:30,209 INFO - ContAudITWrapper#22 - Analyzing current environment state...
2024-10-11 04:55:30,365 INFO - ContAudITWrapper#22 - Saving current environment state...
2024-10-11 04:55:30,366 INFO - ContAudITWrapper#22 - Environment state hash: a7ffc6f8bf1ed76651c14756a061d662f580ff4de43b49fa82d80a4b80f8434a
2024-10-11 04:55:30,367 INFO - ContAudITWrapper#22 - Executing command...
2024-10-11 04:55:32,304 INFO - ContAudITWrapper#22 - Command output: 
2024-10-11 04:55:30.543104122 [executor] Initializing the workflow...
[apache2_workflow] Apache HTTP Server already installed.
[apache2_workflow] UserDir module already loaded.
[apache2_workflow] Configs to UserDir already exist.
[apache2_workflow] public_html directory already exists in /home/ec2-user.
[apache2_workflow] Creating a simple webpage...
[apache2_workflow] Moving webpage to Apache HTTP Server user website folder...
[apache2_workflow] Page moved successfully!
2024-10-11 04:55:32.302046349 [executor] Finished!

2024-10-11 04:55:32,304 INFO - ContAudITWrapper#22 - Running post-command actions...
2024-10-11 04:55:32,304 INFO - ContAudITWrapper#22 - Analyzing current environment state...
2024-10-11 04:55:32,368 INFO - ContAudITWrapper#22 - Saving current environment state...
2024-10-11 04:55:32,368 INFO - ContAudITWrapper#22 - Environment state hash: a7ffc6f8bf1ed76651c14756a061d662f580ff4de43b49fa82d80a4b80f8434a
2024-10-11 04:55:32,368 INFO - ContAudITWrapper#22 - Checking environment diff...
2024-10-11 04:55:32,405 INFO - ContAudITWrapper#22 - Environment diff: 
2024-10-11 04:55:32,405 INFO - ContAudITWrapper#22 - Cleaning temporary files...
2024-10-11 04:55:32,474 INFO - ContAudITWrapper#22 - Sending to blockchain...
2024-10-11 04:55:45,997 INFO - ContAudITWrapper#22 - Response 
2024-10-11 04:55:45,998 INFO - ContAudITWrapper#22 - Finishing ContAudIT Wrapper...
