2024-10-11 04:53:32,436 INFO - ContAudITWrapper#42 - Initializing ContAudIT Wrapper...
2024-10-11 04:53:32,674 INFO - ContAudITWrapper#42 - Current directory: /home/ec2-user/Code/ufrgs-poc/contaudit-wrapper.jar
2024-10-11 04:53:50,869 INFO - ContAudITWrapper#42 - Wrapper hash: b7519188ed863d76e5199a8d880bb968bdf9124fad53b871583787e123a7a764
2024-10-11 04:53:50,877 INFO - ContAudITWrapper#42 - Validating Wrapper...
2024-10-11 04:54:44,084 INFO - ContAudITWrapper#42 - Response true
2024-10-11 04:54:44,216 INFO - ContAudITWrapper#42 - Application hash: e36ee2d35f8c4c41bd358782dfb3ac8852b40439d350ff27616f0c18819ce9bf
2024-10-11 04:54:44,217 INFO - ContAudITWrapper#42 - Validating Application...
2024-10-11 04:55:01,498 INFO - ContAudITWrapper#42 - Response true
2024-10-11 04:55:01,508 INFO - ContAudITWrapper#42 - Artifact apache2.workflow hash: bdb4cee855e21446b6ae53ddcb76a1632ef8c4545b5db0517e01ffd552157f6e
2024-10-11 04:55:01,542 INFO - ContAudITWrapper#42 - Validating Artifact...
2024-10-11 04:55:17,278 INFO - ContAudITWrapper#42 - Response true
2024-10-11 04:55:17,286 INFO - ContAudITWrapper#42 - Running pre-command actions...
2024-10-11 04:55:17,287 INFO - ContAudITWrapper#42 - Analyzing current environment state...
2024-10-11 04:55:17,498 INFO - ContAudITWrapper#42 - Saving current environment state...
2024-10-11 04:55:17,499 INFO - ContAudITWrapper#42 - Environment state hash: a7ffc6f8bf1ed76651c14756a061d662f580ff4de43b49fa82d80a4b80f8434a
2024-10-11 04:55:17,499 INFO - ContAudITWrapper#42 - Executing command...
2024-10-11 04:55:18,801 INFO - ContAudITWrapper#42 - Command output: 
2024-10-11 04:55:17.625694180 [executor] Initializing the workflow...
[apache2_workflow] Apache HTTP Server already installed.
[apache2_workflow] UserDir module already loaded.
[apache2_workflow] Configs to UserDir already exist.
[apache2_workflow] public_html directory already exists in /home/ec2-user.
[apache2_workflow] Creating a simple webpage...
[apache2_workflow] Moving webpage to Apache HTTP Server user website folder...
[apache2_workflow] Page moved successfully!
2024-10-11 04:55:18.800585754 [executor] Finished!

2024-10-11 04:55:18,801 INFO - ContAudITWrapper#42 - Running post-command actions...
2024-10-11 04:55:18,802 INFO - ContAudITWrapper#42 - Analyzing current environment state...
2024-10-11 04:55:18,906 INFO - ContAudITWrapper#42 - Saving current environment state...
2024-10-11 04:55:18,907 INFO - ContAudITWrapper#42 - Environment state hash: a7ffc6f8bf1ed76651c14756a061d662f580ff4de43b49fa82d80a4b80f8434a
2024-10-11 04:55:18,908 INFO - ContAudITWrapper#42 - Checking environment diff...
2024-10-11 04:55:18,990 INFO - ContAudITWrapper#42 - Environment diff: 
2024-10-11 04:55:18,990 INFO - ContAudITWrapper#42 - Cleaning temporary files...
2024-10-11 04:55:19,023 INFO - ContAudITWrapper#42 - Sending to blockchain...
2024-10-11 04:55:33,246 INFO - ContAudITWrapper#42 - Response 
2024-10-11 04:55:33,247 INFO - ContAudITWrapper#42 - Finishing ContAudIT Wrapper...
