2024-10-11 04:53:33,338 INFO - ContAudITWrapper#85 - Initializing ContAudIT Wrapper...
2024-10-11 04:53:33,553 INFO - ContAudITWrapper#85 - Current directory: /home/ec2-user/Code/ufrgs-poc/contaudit-wrapper.jar
2024-10-11 04:53:53,762 INFO - ContAudITWrapper#85 - Wrapper hash: b7519188ed863d76e5199a8d880bb968bdf9124fad53b871583787e123a7a764
2024-10-11 04:53:53,771 INFO - ContAudITWrapper#85 - Validating Wrapper...
2024-10-11 04:54:59,604 INFO - ContAudITWrapper#85 - Response true
2024-10-11 04:54:59,857 INFO - ContAudITWrapper#85 - Application hash: e36ee2d35f8c4c41bd358782dfb3ac8852b40439d350ff27616f0c18819ce9bf
2024-10-11 04:54:59,899 INFO - ContAudITWrapper#85 - Validating Application...
2024-10-11 04:55:15,417 INFO - ContAudITWrapper#85 - Response true
2024-10-11 04:55:15,422 INFO - ContAudITWrapper#85 - Artifact apache2.workflow hash: bdb4cee855e21446b6ae53ddcb76a1632ef8c4545b5db0517e01ffd552157f6e
2024-10-11 04:55:15,472 INFO - ContAudITWrapper#85 - Validating Artifact...
2024-10-11 04:55:26,922 INFO - ContAudITWrapper#85 - Response true
2024-10-11 04:55:26,947 INFO - ContAudITWrapper#85 - Running pre-command actions...
2024-10-11 04:55:26,948 INFO - ContAudITWrapper#85 - Analyzing current environment state...
2024-10-11 04:55:27,401 INFO - ContAudITWrapper#85 - Saving current environment state...
2024-10-11 04:55:27,402 INFO - ContAudITWrapper#85 - Environment state hash: a7ffc6f8bf1ed76651c14756a061d662f580ff4de43b49fa82d80a4b80f8434a
2024-10-11 04:55:27,403 INFO - ContAudITWrapper#85 - Executing command...
2024-10-11 04:55:28,836 INFO - ContAudITWrapper#85 - Command output: 
2024-10-11 04:55:27.459480801 [executor] Initializing the workflow...
[apache2_workflow] Apache HTTP Server already installed.
[apache2_workflow] UserDir module already loaded.
[apache2_workflow] Configs to UserDir already exist.
[apache2_workflow] public_html directory already exists in /home/ec2-user.
[apache2_workflow] Creating a simple webpage...
[apache2_workflow] Moving webpage to Apache HTTP Server user website folder...
[apache2_workflow] Page moved successfully!
2024-10-11 04:55:28.835262381 [executor] Finished!

2024-10-11 04:55:28,836 INFO - ContAudITWrapper#85 - Running post-command actions...
2024-10-11 04:55:28,836 INFO - ContAudITWrapper#85 - Analyzing current environment state...
2024-10-11 04:55:29,057 INFO - ContAudITWrapper#85 - Saving current environment state...
2024-10-11 04:55:29,058 INFO - ContAudITWrapper#85 - Environment state hash: a7ffc6f8bf1ed76651c14756a061d662f580ff4de43b49fa82d80a4b80f8434a
2024-10-11 04:55:29,058 INFO - ContAudITWrapper#85 - Checking environment diff...
2024-10-11 04:55:29,129 INFO - ContAudITWrapper#85 - Environment diff: 
2024-10-11 04:55:29,130 INFO - ContAudITWrapper#85 - Cleaning temporary files...
2024-10-11 04:55:29,195 INFO - ContAudITWrapper#85 - Sending to blockchain...
2024-10-11 04:55:44,147 INFO - ContAudITWrapper#85 - Response 
2024-10-11 04:55:44,148 INFO - ContAudITWrapper#85 - Finishing ContAudIT Wrapper...
