2024-10-11 04:53:33,752 INFO - ContAudITWrapper#73 - Initializing ContAudIT Wrapper...
2024-10-11 04:53:33,945 INFO - ContAudITWrapper#73 - Current directory: /home/ec2-user/Code/ufrgs-poc/contaudit-wrapper.jar
2024-10-11 04:53:58,508 INFO - ContAudITWrapper#73 - Wrapper hash: b7519188ed863d76e5199a8d880bb968bdf9124fad53b871583787e123a7a764
2024-10-11 04:53:58,517 INFO - ContAudITWrapper#73 - Validating Wrapper...
2024-10-11 04:55:05,979 INFO - ContAudITWrapper#73 - Response true
2024-10-11 04:55:06,085 INFO - ContAudITWrapper#73 - Application hash: e36ee2d35f8c4c41bd358782dfb3ac8852b40439d350ff27616f0c18819ce9bf
2024-10-11 04:55:06,162 INFO - ContAudITWrapper#73 - Validating Application...
2024-10-11 04:55:20,971 INFO - ContAudITWrapper#73 - Response true
2024-10-11 04:55:20,978 INFO - ContAudITWrapper#73 - Artifact apache2.workflow hash: bdb4cee855e21446b6ae53ddcb76a1632ef8c4545b5db0517e01ffd552157f6e
2024-10-11 04:55:21,070 INFO - ContAudITWrapper#73 - Validating Artifact...
2024-10-11 04:55:34,705 INFO - ContAudITWrapper#73 - Response true
2024-10-11 04:55:34,721 INFO - ContAudITWrapper#73 - Running pre-command actions...
2024-10-11 04:55:34,723 INFO - ContAudITWrapper#73 - Analyzing current environment state...
2024-10-11 04:55:34,911 INFO - ContAudITWrapper#73 - Saving current environment state...
2024-10-11 04:55:34,912 INFO - ContAudITWrapper#73 - Environment state hash: a7ffc6f8bf1ed76651c14756a061d662f580ff4de43b49fa82d80a4b80f8434a
2024-10-11 04:55:34,913 INFO - ContAudITWrapper#73 - Executing command...
2024-10-11 04:55:36,410 INFO - ContAudITWrapper#73 - Command output: 
2024-10-11 04:55:35.005135435 [executor] Initializing the workflow...
[apache2_workflow] Apache HTTP Server already installed.
[apache2_workflow] UserDir module already loaded.
[apache2_workflow] Configs to UserDir already exist.
[apache2_workflow] public_html directory already exists in /home/ec2-user.
[apache2_workflow] Creating a simple webpage...
[apache2_workflow] Moving webpage to Apache HTTP Server user website folder...
[apache2_workflow] Page moved successfully!
2024-10-11 04:55:36.407292144 [executor] Finished!

2024-10-11 04:55:36,410 INFO - ContAudITWrapper#73 - Running post-command actions...
2024-10-11 04:55:36,411 INFO - ContAudITWrapper#73 - Analyzing current environment state...
2024-10-11 04:55:36,529 INFO - ContAudITWrapper#73 - Saving current environment state...
2024-10-11 04:55:36,529 INFO - ContAudITWrapper#73 - Environment state hash: a7ffc6f8bf1ed76651c14756a061d662f580ff4de43b49fa82d80a4b80f8434a
2024-10-11 04:55:36,529 INFO - ContAudITWrapper#73 - Checking environment diff...
2024-10-11 04:55:36,619 INFO - ContAudITWrapper#73 - Environment diff: 
2024-10-11 04:55:36,620 INFO - ContAudITWrapper#73 - Cleaning temporary files...
2024-10-11 04:55:36,649 INFO - ContAudITWrapper#73 - Sending to blockchain...
2024-10-11 04:55:47,199 INFO - ContAudITWrapper#73 - Response 
2024-10-11 04:55:47,204 INFO - ContAudITWrapper#73 - Finishing ContAudIT Wrapper...
