2024-10-11 04:53:34,695 INFO - ContAudITWrapper#46 - Initializing ContAudIT Wrapper...
2024-10-11 04:53:34,891 INFO - ContAudITWrapper#46 - Current directory: /home/ec2-user/Code/ufrgs-poc/contaudit-wrapper.jar
2024-10-11 04:54:01,617 INFO - ContAudITWrapper#46 - Wrapper hash: b7519188ed863d76e5199a8d880bb968bdf9124fad53b871583787e123a7a764
2024-10-11 04:54:01,787 INFO - ContAudITWrapper#46 - Validating Wrapper...
2024-10-11 04:55:12,110 INFO - ContAudITWrapper#46 - Response true
2024-10-11 04:55:12,333 INFO - ContAudITWrapper#46 - Application hash: e36ee2d35f8c4c41bd358782dfb3ac8852b40439d350ff27616f0c18819ce9bf
2024-10-11 04:55:12,334 INFO - ContAudITWrapper#46 - Validating Application...
2024-10-11 04:55:26,957 INFO - ContAudITWrapper#46 - Response true
2024-10-11 04:55:26,983 INFO - ContAudITWrapper#46 - Artifact apache2.workflow hash: bdb4cee855e21446b6ae53ddcb76a1632ef8c4545b5db0517e01ffd552157f6e
2024-10-11 04:55:27,024 INFO - ContAudITWrapper#46 - Validating Artifact...
2024-10-11 04:55:38,412 INFO - ContAudITWrapper#46 - Response true
2024-10-11 04:55:38,415 INFO - ContAudITWrapper#46 - Running pre-command actions...
2024-10-11 04:55:38,416 INFO - ContAudITWrapper#46 - Analyzing current environment state...
2024-10-11 04:55:38,637 INFO - ContAudITWrapper#46 - Saving current environment state...
2024-10-11 04:55:38,638 INFO - ContAudITWrapper#46 - Environment state hash: a7ffc6f8bf1ed76651c14756a061d662f580ff4de43b49fa82d80a4b80f8434a
2024-10-11 04:55:38,639 INFO - ContAudITWrapper#46 - Executing command...
2024-10-11 04:55:39,782 INFO - ContAudITWrapper#46 - Command output: 
2024-10-11 04:55:38.831567103 [executor] Initializing the workflow...
[apache2_workflow] Apache HTTP Server already installed.
[apache2_workflow] UserDir module already loaded.
[apache2_workflow] Configs to UserDir already exist.
[apache2_workflow] public_html directory already exists in /home/ec2-user.
[apache2_workflow] Creating a simple webpage...
[apache2_workflow] Moving webpage to Apache HTTP Server user website folder...
[apache2_workflow] Page moved successfully!
2024-10-11 04:55:39.781473704 [executor] Finished!

2024-10-11 04:55:39,782 INFO - ContAudITWrapper#46 - Running post-command actions...
2024-10-11 04:55:39,782 INFO - ContAudITWrapper#46 - Analyzing current environment state...
2024-10-11 04:55:39,891 INFO - ContAudITWrapper#46 - Saving current environment state...
2024-10-11 04:55:39,892 INFO - ContAudITWrapper#46 - Environment state hash: a7ffc6f8bf1ed76651c14756a061d662f580ff4de43b49fa82d80a4b80f8434a
2024-10-11 04:55:39,892 INFO - ContAudITWrapper#46 - Checking environment diff...
2024-10-11 04:55:39,989 INFO - ContAudITWrapper#46 - Environment diff: 
2024-10-11 04:55:39,989 INFO - ContAudITWrapper#46 - Cleaning temporary files...
2024-10-11 04:55:40,038 INFO - ContAudITWrapper#46 - Sending to blockchain...
2024-10-11 04:55:46,982 INFO - ContAudITWrapper#46 - Response 
2024-10-11 04:55:46,984 INFO - ContAudITWrapper#46 - Finishing ContAudIT Wrapper...
