2024-10-11 04:53:33,626 INFO - ContAudITWrapper#55 - Initializing ContAudIT Wrapper...
2024-10-11 04:53:33,872 INFO - ContAudITWrapper#55 - Current directory: /home/ec2-user/Code/ufrgs-poc/contaudit-wrapper.jar
2024-10-11 04:53:58,922 INFO - ContAudITWrapper#55 - Wrapper hash: b7519188ed863d76e5199a8d880bb968bdf9124fad53b871583787e123a7a764
2024-10-11 04:53:59,107 INFO - ContAudITWrapper#55 - Validating Wrapper...
2024-10-11 04:55:09,992 INFO - ContAudITWrapper#55 - Response true
2024-10-11 04:55:10,197 INFO - ContAudITWrapper#55 - Application hash: e36ee2d35f8c4c41bd358782dfb3ac8852b40439d350ff27616f0c18819ce9bf
2024-10-11 04:55:10,198 INFO - ContAudITWrapper#55 - Validating Application...
2024-10-11 04:55:24,974 INFO - ContAudITWrapper#55 - Response true
2024-10-11 04:55:24,993 INFO - ContAudITWrapper#55 - Artifact apache2.workflow hash: bdb4cee855e21446b6ae53ddcb76a1632ef8c4545b5db0517e01ffd552157f6e
2024-10-11 04:55:25,026 INFO - ContAudITWrapper#55 - Validating Artifact...
2024-10-11 04:55:38,547 INFO - ContAudITWrapper#55 - Response true
2024-10-11 04:55:38,555 INFO - ContAudITWrapper#55 - Running pre-command actions...
2024-10-11 04:55:38,562 INFO - ContAudITWrapper#55 - Analyzing current environment state...
2024-10-11 04:55:38,713 INFO - ContAudITWrapper#55 - Saving current environment state...
2024-10-11 04:55:38,714 INFO - ContAudITWrapper#55 - Environment state hash: a7ffc6f8bf1ed76651c14756a061d662f580ff4de43b49fa82d80a4b80f8434a
2024-10-11 04:55:38,715 INFO - ContAudITWrapper#55 - Executing command...
2024-10-11 04:55:39,268 INFO - ContAudITWrapper#55 - Command output: 
2024-10-11 04:55:38.834349539 [executor] Initializing the workflow...
[apache2_workflow] Apache HTTP Server already installed.
[apache2_workflow] UserDir module already loaded.
[apache2_workflow] Configs to UserDir already exist.
[apache2_workflow] public_html directory already exists in /home/ec2-user.
[apache2_workflow] Creating a simple webpage...
[apache2_workflow] Moving webpage to Apache HTTP Server user website folder...
[apache2_workflow] Page moved successfully!
2024-10-11 04:55:39.262437759 [executor] Finished!

2024-10-11 04:55:39,268 INFO - ContAudITWrapper#55 - Running post-command actions...
2024-10-11 04:55:39,269 INFO - ContAudITWrapper#55 - Analyzing current environment state...
2024-10-11 04:55:39,424 INFO - ContAudITWrapper#55 - Saving current environment state...
2024-10-11 04:55:39,425 INFO - ContAudITWrapper#55 - Environment state hash: a7ffc6f8bf1ed76651c14756a061d662f580ff4de43b49fa82d80a4b80f8434a
2024-10-11 04:55:39,425 INFO - ContAudITWrapper#55 - Checking environment diff...
2024-10-11 04:55:39,518 INFO - ContAudITWrapper#55 - Environment diff: 
2024-10-11 04:55:39,518 INFO - ContAudITWrapper#55 - Cleaning temporary files...
2024-10-11 04:55:39,545 INFO - ContAudITWrapper#55 - Sending to blockchain...
2024-10-11 04:55:48,456 INFO - ContAudITWrapper#55 - Response 
2024-10-11 04:55:48,458 INFO - ContAudITWrapper#55 - Finishing ContAudIT Wrapper...
