2024-10-11 04:53:34,052 INFO - ContAudITWrapper#89 - Initializing ContAudIT Wrapper...
2024-10-11 04:53:34,173 INFO - ContAudITWrapper#89 - Current directory: /home/ec2-user/Code/ufrgs-poc/contaudit-wrapper.jar
2024-10-11 04:53:51,263 INFO - ContAudITWrapper#89 - Wrapper hash: b7519188ed863d76e5199a8d880bb968bdf9124fad53b871583787e123a7a764
2024-10-11 04:53:51,290 INFO - ContAudITWrapper#89 - Validating Wrapper...
2024-10-11 04:54:44,875 INFO - ContAudITWrapper#89 - Response true
2024-10-11 04:54:45,087 INFO - ContAudITWrapper#89 - Application hash: e36ee2d35f8c4c41bd358782dfb3ac8852b40439d350ff27616f0c18819ce9bf
2024-10-11 04:54:45,119 INFO - ContAudITWrapper#89 - Validating Application...
2024-10-11 04:55:01,353 INFO - ContAudITWrapper#89 - Response true
2024-10-11 04:55:01,356 INFO - ContAudITWrapper#89 - Artifact apache2.workflow hash: bdb4cee855e21446b6ae53ddcb76a1632ef8c4545b5db0517e01ffd552157f6e
2024-10-11 04:55:01,368 INFO - ContAudITWrapper#89 - Validating Artifact...
2024-10-11 04:55:15,562 INFO - ContAudITWrapper#89 - Response true
2024-10-11 04:55:15,582 INFO - ContAudITWrapper#89 - Running pre-command actions...
2024-10-11 04:55:15,584 INFO - ContAudITWrapper#89 - Analyzing current environment state...
2024-10-11 04:55:15,876 INFO - ContAudITWrapper#89 - Saving current environment state...
2024-10-11 04:55:15,877 INFO - ContAudITWrapper#89 - Environment state hash: a7ffc6f8bf1ed76651c14756a061d662f580ff4de43b49fa82d80a4b80f8434a
2024-10-11 04:55:15,878 INFO - ContAudITWrapper#89 - Executing command...
2024-10-11 04:55:17,195 INFO - ContAudITWrapper#89 - Command output: 
2024-10-11 04:55:16.002183651 [executor] Initializing the workflow...
[apache2_workflow] Apache HTTP Server already installed.
[apache2_workflow] UserDir module already loaded.
[apache2_workflow] Configs to UserDir already exist.
[apache2_workflow] public_html directory already exists in /home/ec2-user.
[apache2_workflow] Creating a simple webpage...
[apache2_workflow] Moving webpage to Apache HTTP Server user website folder...
[apache2_workflow] Page moved successfully!
2024-10-11 04:55:17.194727985 [executor] Finished!

2024-10-11 04:55:17,196 INFO - ContAudITWrapper#89 - Running post-command actions...
2024-10-11 04:55:17,196 INFO - ContAudITWrapper#89 - Analyzing current environment state...
2024-10-11 04:55:17,312 INFO - ContAudITWrapper#89 - Saving current environment state...
2024-10-11 04:55:17,312 INFO - ContAudITWrapper#89 - Environment state hash: a7ffc6f8bf1ed76651c14756a061d662f580ff4de43b49fa82d80a4b80f8434a
2024-10-11 04:55:17,312 INFO - ContAudITWrapper#89 - Checking environment diff...
2024-10-11 04:55:17,410 INFO - ContAudITWrapper#89 - Environment diff: 
2024-10-11 04:55:17,410 INFO - ContAudITWrapper#89 - Cleaning temporary files...
2024-10-11 04:55:17,480 INFO - ContAudITWrapper#89 - Sending to blockchain...
2024-10-11 04:55:33,120 INFO - ContAudITWrapper#89 - Response 
2024-10-11 04:55:33,122 INFO - ContAudITWrapper#89 - Finishing ContAudIT Wrapper...
