2024-10-11 04:53:34,778 INFO - ContAudITWrapper#24 - Initializing ContAudIT Wrapper...
2024-10-11 04:53:35,021 INFO - ContAudITWrapper#24 - Current directory: /home/ec2-user/Code/ufrgs-poc/contaudit-wrapper.jar
2024-10-11 04:54:02,550 INFO - ContAudITWrapper#24 - Wrapper hash: b7519188ed863d76e5199a8d880bb968bdf9124fad53b871583787e123a7a764
2024-10-11 04:54:02,708 INFO - ContAudITWrapper#24 - Validating Wrapper...
2024-10-11 04:55:11,233 INFO - ContAudITWrapper#24 - Response true
2024-10-11 04:55:11,317 INFO - ContAudITWrapper#24 - Application hash: e36ee2d35f8c4c41bd358782dfb3ac8852b40439d350ff27616f0c18819ce9bf
2024-10-11 04:55:11,382 INFO - ContAudITWrapper#24 - Validating Application...
2024-10-11 04:55:26,074 INFO - ContAudITWrapper#24 - Response true
2024-10-11 04:55:26,094 INFO - ContAudITWrapper#24 - Artifact apache2.workflow hash: bdb4cee855e21446b6ae53ddcb76a1632ef8c4545b5db0517e01ffd552157f6e
2024-10-11 04:55:26,164 INFO - ContAudITWrapper#24 - Validating Artifact...
2024-10-11 04:55:36,005 INFO - ContAudITWrapper#24 - Response true
2024-10-11 04:55:36,007 INFO - ContAudITWrapper#24 - Running pre-command actions...
2024-10-11 04:55:36,016 INFO - ContAudITWrapper#24 - Analyzing current environment state...
2024-10-11 04:55:36,172 INFO - ContAudITWrapper#24 - Saving current environment state...
2024-10-11 04:55:36,173 INFO - ContAudITWrapper#24 - Environment state hash: a7ffc6f8bf1ed76651c14756a061d662f580ff4de43b49fa82d80a4b80f8434a
2024-10-11 04:55:36,173 INFO - ContAudITWrapper#24 - Executing command...
2024-10-11 04:55:37,753 INFO - ContAudITWrapper#24 - Command output: 
2024-10-11 04:55:36.471512071 [executor] Initializing the workflow...
[apache2_workflow] Apache HTTP Server already installed.
[apache2_workflow] UserDir module already loaded.
[apache2_workflow] Configs to UserDir already exist.
[apache2_workflow] public_html directory already exists in /home/ec2-user.
[apache2_workflow] Creating a simple webpage...
[apache2_workflow] Moving webpage to Apache HTTP Server user website folder...
[apache2_workflow] Page moved successfully!
2024-10-11 04:55:37.752797778 [executor] Finished!

2024-10-11 04:55:37,754 INFO - ContAudITWrapper#24 - Running post-command actions...
2024-10-11 04:55:37,754 INFO - ContAudITWrapper#24 - Analyzing current environment state...
2024-10-11 04:55:37,909 INFO - ContAudITWrapper#24 - Saving current environment state...
2024-10-11 04:55:37,910 INFO - ContAudITWrapper#24 - Environment state hash: a7ffc6f8bf1ed76651c14756a061d662f580ff4de43b49fa82d80a4b80f8434a
2024-10-11 04:55:37,910 INFO - ContAudITWrapper#24 - Checking environment diff...
2024-10-11 04:55:38,027 INFO - ContAudITWrapper#24 - Environment diff: 
2024-10-11 04:55:38,028 INFO - ContAudITWrapper#24 - Cleaning temporary files...
2024-10-11 04:55:38,083 INFO - ContAudITWrapper#24 - Sending to blockchain...
2024-10-11 04:55:48,493 INFO - ContAudITWrapper#24 - Response 
2024-10-11 04:55:48,501 INFO - ContAudITWrapper#24 - Finishing ContAudIT Wrapper...
