2024-10-11 04:53:33,496 INFO - ContAudITWrapper#28 - Initializing ContAudIT Wrapper...
2024-10-11 04:53:33,709 INFO - ContAudITWrapper#28 - Current directory: /home/ec2-user/Code/ufrgs-poc/contaudit-wrapper.jar
2024-10-11 04:53:58,616 INFO - ContAudITWrapper#28 - Wrapper hash: b7519188ed863d76e5199a8d880bb968bdf9124fad53b871583787e123a7a764
2024-10-11 04:53:58,625 INFO - ContAudITWrapper#28 - Validating Wrapper...
2024-10-11 04:55:06,982 INFO - ContAudITWrapper#28 - Response true
2024-10-11 04:55:07,184 INFO - ContAudITWrapper#28 - Application hash: e36ee2d35f8c4c41bd358782dfb3ac8852b40439d350ff27616f0c18819ce9bf
2024-10-11 04:55:07,185 INFO - ContAudITWrapper#28 - Validating Application...
2024-10-11 04:55:20,343 INFO - ContAudITWrapper#28 - Response true
2024-10-11 04:55:20,359 INFO - ContAudITWrapper#28 - Artifact apache2.workflow hash: bdb4cee855e21446b6ae53ddcb76a1632ef8c4545b5db0517e01ffd552157f6e
2024-10-11 04:55:20,410 INFO - ContAudITWrapper#28 - Validating Artifact...
2024-10-11 04:55:31,551 INFO - ContAudITWrapper#28 - Response true
2024-10-11 04:55:31,558 INFO - ContAudITWrapper#28 - Running pre-command actions...
2024-10-11 04:55:31,559 INFO - ContAudITWrapper#28 - Analyzing current environment state...
2024-10-11 04:55:31,738 INFO - ContAudITWrapper#28 - Saving current environment state...
2024-10-11 04:55:31,739 INFO - ContAudITWrapper#28 - Environment state hash: a7ffc6f8bf1ed76651c14756a061d662f580ff4de43b49fa82d80a4b80f8434a
2024-10-11 04:55:31,740 INFO - ContAudITWrapper#28 - Executing command...
2024-10-11 04:55:33,449 INFO - ContAudITWrapper#28 - Command output: 
2024-10-11 04:55:31.871130722 [executor] Initializing the workflow...
[apache2_workflow] Apache HTTP Server already installed.
[apache2_workflow] UserDir module already loaded.
[apache2_workflow] Configs to UserDir already exist.
[apache2_workflow] public_html directory already exists in /home/ec2-user.
[apache2_workflow] Creating a simple webpage...
[apache2_workflow] Moving webpage to Apache HTTP Server user website folder...
[apache2_workflow] Page moved successfully!
2024-10-11 04:55:33.443159759 [executor] Finished!

2024-10-11 04:55:33,450 INFO - ContAudITWrapper#28 - Running post-command actions...
2024-10-11 04:55:33,450 INFO - ContAudITWrapper#28 - Analyzing current environment state...
2024-10-11 04:55:33,480 INFO - ContAudITWrapper#28 - Saving current environment state...
2024-10-11 04:55:33,480 INFO - ContAudITWrapper#28 - Environment state hash: a7ffc6f8bf1ed76651c14756a061d662f580ff4de43b49fa82d80a4b80f8434a
2024-10-11 04:55:33,480 INFO - ContAudITWrapper#28 - Checking environment diff...
2024-10-11 04:55:33,542 INFO - ContAudITWrapper#28 - Environment diff: 
2024-10-11 04:55:33,542 INFO - ContAudITWrapper#28 - Cleaning temporary files...
2024-10-11 04:55:33,595 INFO - ContAudITWrapper#28 - Sending to blockchain...
2024-10-11 04:55:43,815 INFO - ContAudITWrapper#28 - Response 
2024-10-11 04:55:43,816 INFO - ContAudITWrapper#28 - Finishing ContAudIT Wrapper...
