2024-10-11 04:53:33,543 INFO - ContAudITWrapper#97 - Initializing ContAudIT Wrapper...
2024-10-11 04:53:33,814 INFO - ContAudITWrapper#97 - Current directory: /home/ec2-user/Code/ufrgs-poc/contaudit-wrapper.jar
2024-10-11 04:53:59,514 INFO - ContAudITWrapper#97 - Wrapper hash: b7519188ed863d76e5199a8d880bb968bdf9124fad53b871583787e123a7a764
2024-10-11 04:53:59,860 INFO - ContAudITWrapper#97 - Validating Wrapper...
2024-10-11 04:55:09,587 INFO - ContAudITWrapper#97 - Response true
2024-10-11 04:55:09,622 INFO - ContAudITWrapper#97 - Application hash: e36ee2d35f8c4c41bd358782dfb3ac8852b40439d350ff27616f0c18819ce9bf
2024-10-11 04:55:09,679 INFO - ContAudITWrapper#97 - Validating Application...
2024-10-11 04:55:22,486 INFO - ContAudITWrapper#97 - Response true
2024-10-11 04:55:22,502 INFO - ContAudITWrapper#97 - Artifact apache2.workflow hash: bdb4cee855e21446b6ae53ddcb76a1632ef8c4545b5db0517e01ffd552157f6e
2024-10-11 04:55:22,523 INFO - ContAudITWrapper#97 - Validating Artifact...
2024-10-11 04:55:31,983 INFO - ContAudITWrapper#97 - Response true
2024-10-11 04:55:31,992 INFO - ContAudITWrapper#97 - Running pre-command actions...
2024-10-11 04:55:31,994 INFO - ContAudITWrapper#97 - Analyzing current environment state...
2024-10-11 04:55:32,191 INFO - ContAudITWrapper#97 - Saving current environment state...
2024-10-11 04:55:32,193 INFO - ContAudITWrapper#97 - Environment state hash: a7ffc6f8bf1ed76651c14756a061d662f580ff4de43b49fa82d80a4b80f8434a
2024-10-11 04:55:32,193 INFO - ContAudITWrapper#97 - Executing command...
2024-10-11 04:55:34,032 INFO - ContAudITWrapper#97 - Command output: 
2024-10-11 04:55:32.423498725 [executor] Initializing the workflow...
[apache2_workflow] Apache HTTP Server already installed.
[apache2_workflow] UserDir module already loaded.
[apache2_workflow] Configs to UserDir already exist.
[apache2_workflow] public_html directory already exists in /home/ec2-user.
[apache2_workflow] Creating a simple webpage...
[apache2_workflow] Moving webpage to Apache HTTP Server user website folder...
[apache2_workflow] Page moved successfully!
2024-10-11 04:55:34.027428660 [executor] Finished!

2024-10-11 04:55:34,032 INFO - ContAudITWrapper#97 - Running post-command actions...
2024-10-11 04:55:34,032 INFO - ContAudITWrapper#97 - Analyzing current environment state...
2024-10-11 04:55:34,194 INFO - ContAudITWrapper#97 - Saving current environment state...
2024-10-11 04:55:34,194 INFO - ContAudITWrapper#97 - Environment state hash: a7ffc6f8bf1ed76651c14756a061d662f580ff4de43b49fa82d80a4b80f8434a
2024-10-11 04:55:34,195 INFO - ContAudITWrapper#97 - Checking environment diff...
2024-10-11 04:55:34,247 INFO - ContAudITWrapper#97 - Environment diff: 
2024-10-11 04:55:34,248 INFO - ContAudITWrapper#97 - Cleaning temporary files...
2024-10-11 04:55:34,336 INFO - ContAudITWrapper#97 - Sending to blockchain...
2024-10-11 04:55:46,422 INFO - ContAudITWrapper#97 - Response 
2024-10-11 04:55:46,423 INFO - ContAudITWrapper#97 - Finishing ContAudIT Wrapper...
