2024-10-11 04:53:34,386 INFO - ContAudITWrapper#33 - Initializing ContAudIT Wrapper...
2024-10-11 04:53:34,563 INFO - ContAudITWrapper#33 - Current directory: /home/ec2-user/Code/ufrgs-poc/contaudit-wrapper.jar
2024-10-11 04:54:00,896 INFO - ContAudITWrapper#33 - Wrapper hash: b7519188ed863d76e5199a8d880bb968bdf9124fad53b871583787e123a7a764
2024-10-11 04:54:00,904 INFO - ContAudITWrapper#33 - Validating Wrapper...
2024-10-11 04:55:08,717 INFO - ContAudITWrapper#33 - Response true
2024-10-11 04:55:08,737 INFO - ContAudITWrapper#33 - Application hash: e36ee2d35f8c4c41bd358782dfb3ac8852b40439d350ff27616f0c18819ce9bf
2024-10-11 04:55:08,738 INFO - ContAudITWrapper#33 - Validating Application...
2024-10-11 04:55:22,632 INFO - ContAudITWrapper#33 - Response true
2024-10-11 04:55:22,635 INFO - ContAudITWrapper#33 - Artifact apache2.workflow hash: bdb4cee855e21446b6ae53ddcb76a1632ef8c4545b5db0517e01ffd552157f6e
2024-10-11 04:55:22,763 INFO - ContAudITWrapper#33 - Validating Artifact...
2024-10-11 04:55:32,193 INFO - ContAudITWrapper#33 - Response true
2024-10-11 04:55:32,202 INFO - ContAudITWrapper#33 - Running pre-command actions...
2024-10-11 04:55:32,205 INFO - ContAudITWrapper#33 - Analyzing current environment state...
2024-10-11 04:55:32,389 INFO - ContAudITWrapper#33 - Saving current environment state...
2024-10-11 04:55:32,390 INFO - ContAudITWrapper#33 - Environment state hash: a7ffc6f8bf1ed76651c14756a061d662f580ff4de43b49fa82d80a4b80f8434a
2024-10-11 04:55:32,391 INFO - ContAudITWrapper#33 - Executing command...
2024-10-11 04:55:33,935 INFO - ContAudITWrapper#33 - Command output: 
2024-10-11 04:55:32.544617434 [executor] Initializing the workflow...
[apache2_workflow] Apache HTTP Server already installed.
[apache2_workflow] UserDir module already loaded.
[apache2_workflow] Configs to UserDir already exist.
[apache2_workflow] public_html directory already exists in /home/ec2-user.
[apache2_workflow] Creating a simple webpage...
[apache2_workflow] Moving webpage to Apache HTTP Server user website folder...
[apache2_workflow] Page moved successfully!
2024-10-11 04:55:33.931493129 [executor] Finished!

2024-10-11 04:55:33,936 INFO - ContAudITWrapper#33 - Running post-command actions...
2024-10-11 04:55:33,936 INFO - ContAudITWrapper#33 - Analyzing current environment state...
2024-10-11 04:55:34,083 INFO - ContAudITWrapper#33 - Saving current environment state...
2024-10-11 04:55:34,084 INFO - ContAudITWrapper#33 - Environment state hash: a7ffc6f8bf1ed76651c14756a061d662f580ff4de43b49fa82d80a4b80f8434a
2024-10-11 04:55:34,084 INFO - ContAudITWrapper#33 - Checking environment diff...
2024-10-11 04:55:34,140 INFO - ContAudITWrapper#33 - Environment diff: 
2024-10-11 04:55:34,140 INFO - ContAudITWrapper#33 - Cleaning temporary files...
2024-10-11 04:55:34,272 INFO - ContAudITWrapper#33 - Sending to blockchain...
2024-10-11 04:55:45,480 INFO - ContAudITWrapper#33 - Response 
2024-10-11 04:55:45,482 INFO - ContAudITWrapper#33 - Finishing ContAudIT Wrapper...
