2024-10-11 04:53:30,919 INFO - ContAudITWrapper#72 - Initializing ContAudIT Wrapper...
2024-10-11 04:53:31,119 INFO - ContAudITWrapper#72 - Current directory: /home/ec2-user/Code/ufrgs-poc/contaudit-wrapper.jar
2024-10-11 04:53:56,017 INFO - ContAudITWrapper#72 - Wrapper hash: b7519188ed863d76e5199a8d880bb968bdf9124fad53b871583787e123a7a764
2024-10-11 04:53:56,075 INFO - ContAudITWrapper#72 - Validating Wrapper...
2024-10-11 04:54:55,443 INFO - ContAudITWrapper#72 - Response true
2024-10-11 04:54:55,708 INFO - ContAudITWrapper#72 - Application hash: e36ee2d35f8c4c41bd358782dfb3ac8852b40439d350ff27616f0c18819ce9bf
2024-10-11 04:54:55,709 INFO - ContAudITWrapper#72 - Validating Application...
2024-10-11 04:55:11,429 INFO - ContAudITWrapper#72 - Response true
2024-10-11 04:55:11,444 INFO - ContAudITWrapper#72 - Artifact apache2.workflow hash: bdb4cee855e21446b6ae53ddcb76a1632ef8c4545b5db0517e01ffd552157f6e
2024-10-11 04:55:11,483 INFO - ContAudITWrapper#72 - Validating Artifact...
2024-10-11 04:55:23,383 INFO - ContAudITWrapper#72 - Response true
2024-10-11 04:55:23,391 INFO - ContAudITWrapper#72 - Running pre-command actions...
2024-10-11 04:55:23,392 INFO - ContAudITWrapper#72 - Analyzing current environment state...
2024-10-11 04:55:23,679 INFO - ContAudITWrapper#72 - Saving current environment state...
2024-10-11 04:55:23,680 INFO - ContAudITWrapper#72 - Environment state hash: a7ffc6f8bf1ed76651c14756a061d662f580ff4de43b49fa82d80a4b80f8434a
2024-10-11 04:55:23,681 INFO - ContAudITWrapper#72 - Executing command...
2024-10-11 04:55:25,488 INFO - ContAudITWrapper#72 - Command output: 
2024-10-11 04:55:23.957633992 [executor] Initializing the workflow...
[apache2_workflow] Apache HTTP Server already installed.
[apache2_workflow] UserDir module already loaded.
[apache2_workflow] Configs to UserDir already exist.
[apache2_workflow] public_html directory already exists in /home/ec2-user.
[apache2_workflow] Creating a simple webpage...
[apache2_workflow] Moving webpage to Apache HTTP Server user website folder...
[apache2_workflow] Page moved successfully!
2024-10-11 04:55:25.487559926 [executor] Finished!

2024-10-11 04:55:25,488 INFO - ContAudITWrapper#72 - Running post-command actions...
2024-10-11 04:55:25,489 INFO - ContAudITWrapper#72 - Analyzing current environment state...
2024-10-11 04:55:25,628 INFO - ContAudITWrapper#72 - Saving current environment state...
2024-10-11 04:55:25,629 INFO - ContAudITWrapper#72 - Environment state hash: a7ffc6f8bf1ed76651c14756a061d662f580ff4de43b49fa82d80a4b80f8434a
2024-10-11 04:55:25,629 INFO - ContAudITWrapper#72 - Checking environment diff...
2024-10-11 04:55:25,794 INFO - ContAudITWrapper#72 - Environment diff: 
2024-10-11 04:55:25,794 INFO - ContAudITWrapper#72 - Cleaning temporary files...
2024-10-11 04:55:25,830 INFO - ContAudITWrapper#72 - Sending to blockchain...
2024-10-11 04:55:41,747 INFO - ContAudITWrapper#72 - Response 
2024-10-11 04:55:41,749 INFO - ContAudITWrapper#72 - Finishing ContAudIT Wrapper...
