2024-10-10 03:43:06,671 INFO - ContAudITWrapper#60 - Initializing ContAudIT Wrapper...
2024-10-10 03:43:06,885 INFO - ContAudITWrapper#60 - Current directory: /home/ec2-user/Code/ufrgs-poc/contaudit-wrapper.jar
2024-10-10 03:43:30,956 INFO - ContAudITWrapper#60 - Wrapper hash: b7519188ed863d76e5199a8d880bb968bdf9124fad53b871583787e123a7a764
2024-10-10 03:43:31,113 INFO - ContAudITWrapper#60 - Validating Wrapper...
2024-10-10 03:44:34,568 INFO - ContAudITWrapper#60 - Response true
2024-10-10 03:44:34,714 INFO - ContAudITWrapper#60 - Application hash: e36ee2d35f8c4c41bd358782dfb3ac8852b40439d350ff27616f0c18819ce9bf
2024-10-10 03:44:34,715 INFO - ContAudITWrapper#60 - Validating Application...
2024-10-10 03:44:45,562 INFO - ContAudITWrapper#60 - Response true
2024-10-10 03:44:45,573 INFO - ContAudITWrapper#60 - Artifact user.workflow hash: 52877374d8c54314b7af92814eaf729121e99a87e9706a2888cd9bcd951b11c9
2024-10-10 03:44:45,578 INFO - ContAudITWrapper#60 - Validating Artifact...
2024-10-10 03:44:53,733 INFO - ContAudITWrapper#60 - Response true
2024-10-10 03:44:53,774 INFO - ContAudITWrapper#60 - Running pre-command actions...
2024-10-10 03:44:53,775 INFO - ContAudITWrapper#60 - Analyzing current environment state...
2024-10-10 03:44:53,934 INFO - ContAudITWrapper#60 - Saving current environment state...
2024-10-10 03:44:53,936 INFO - ContAudITWrapper#60 - Environment state hash: a7ffc6f8bf1ed76651c14756a061d662f580ff4de43b49fa82d80a4b80f8434a
2024-10-10 03:44:53,936 INFO - ContAudITWrapper#60 - Executing command...
2024-10-10 03:45:03,240 INFO - ContAudITWrapper#60 - Command output: 
2024-10-10 03:44:54.051469405 [executor] Initializing the workflow...
[useradd_workflow] User contaudit60 already exists. Removing...
[useradd_workflow] User contaudit60 successfully removed.
[useradd_workflow] User contaudit60 created successfully.
2024-10-10 03:45:03.239487085 [executor] Finished!

2024-10-10 03:45:03,240 INFO - ContAudITWrapper#60 - Running post-command actions...
2024-10-10 03:45:03,240 INFO - ContAudITWrapper#60 - Analyzing current environment state...
2024-10-10 03:45:03,255 INFO - ContAudITWrapper#60 - Saving current environment state...
2024-10-10 03:45:03,256 INFO - ContAudITWrapper#60 - Environment state hash: a7ffc6f8bf1ed76651c14756a061d662f580ff4de43b49fa82d80a4b80f8434a
2024-10-10 03:45:03,256 INFO - ContAudITWrapper#60 - Checking environment diff...
2024-10-10 03:45:03,283 INFO - ContAudITWrapper#60 - Environment diff: 
2024-10-10 03:45:03,284 INFO - ContAudITWrapper#60 - Cleaning temporary files...
2024-10-10 03:45:03,299 INFO - ContAudITWrapper#60 - Sending to blockchain...
2024-10-10 03:45:07,007 INFO - ContAudITWrapper#60 - Response 
2024-10-10 03:45:07,009 INFO - ContAudITWrapper#60 - Finishing ContAudIT Wrapper...
