2024-10-10 03:43:06,419 INFO - ContAudITWrapper#22 - Initializing ContAudIT Wrapper...
2024-10-10 03:43:06,532 INFO - ContAudITWrapper#22 - Current directory: /home/ec2-user/Code/ufrgs-poc/contaudit-wrapper.jar
2024-10-10 03:43:19,297 INFO - ContAudITWrapper#22 - Wrapper hash: b7519188ed863d76e5199a8d880bb968bdf9124fad53b871583787e123a7a764
2024-10-10 03:43:19,349 INFO - ContAudITWrapper#22 - Validating Wrapper...
2024-10-10 03:44:05,079 INFO - ContAudITWrapper#22 - Response true
2024-10-10 03:44:05,353 INFO - ContAudITWrapper#22 - Application hash: e36ee2d35f8c4c41bd358782dfb3ac8852b40439d350ff27616f0c18819ce9bf
2024-10-10 03:44:05,354 INFO - ContAudITWrapper#22 - Validating Application...
2024-10-10 03:44:21,823 INFO - ContAudITWrapper#22 - Response true
2024-10-10 03:44:21,859 INFO - ContAudITWrapper#22 - Artifact user.workflow hash: 52877374d8c54314b7af92814eaf729121e99a87e9706a2888cd9bcd951b11c9
2024-10-10 03:44:21,918 INFO - ContAudITWrapper#22 - Validating Artifact...
2024-10-10 03:44:33,863 INFO - ContAudITWrapper#22 - Response true
2024-10-10 03:44:33,864 INFO - ContAudITWrapper#22 - Running pre-command actions...
2024-10-10 03:44:33,865 INFO - ContAudITWrapper#22 - Analyzing current environment state...
2024-10-10 03:44:34,084 INFO - ContAudITWrapper#22 - Saving current environment state...
2024-10-10 03:44:34,085 INFO - ContAudITWrapper#22 - Environment state hash: a7ffc6f8bf1ed76651c14756a061d662f580ff4de43b49fa82d80a4b80f8434a
2024-10-10 03:44:34,085 INFO - ContAudITWrapper#22 - Executing command...
2024-10-10 03:44:40,552 INFO - ContAudITWrapper#22 - Command output: 
2024-10-10 03:44:34.329648131 [executor] Initializing the workflow...
[useradd_workflow] User contaudit22 already exists. Removing...
[useradd_workflow] User contaudit22 successfully removed.
[useradd_workflow] User contaudit22 created successfully.
2024-10-10 03:44:40.551510770 [executor] Finished!

2024-10-10 03:44:40,553 INFO - ContAudITWrapper#22 - Running post-command actions...
2024-10-10 03:44:40,553 INFO - ContAudITWrapper#22 - Analyzing current environment state...
2024-10-10 03:44:40,772 INFO - ContAudITWrapper#22 - Saving current environment state...
2024-10-10 03:44:40,773 INFO - ContAudITWrapper#22 - Environment state hash: a7ffc6f8bf1ed76651c14756a061d662f580ff4de43b49fa82d80a4b80f8434a
2024-10-10 03:44:40,773 INFO - ContAudITWrapper#22 - Checking environment diff...
2024-10-10 03:44:40,845 INFO - ContAudITWrapper#22 - Environment diff: 
2024-10-10 03:44:40,845 INFO - ContAudITWrapper#22 - Cleaning temporary files...
2024-10-10 03:44:40,934 INFO - ContAudITWrapper#22 - Sending to blockchain...
2024-10-10 03:44:53,482 INFO - ContAudITWrapper#22 - Response 
2024-10-10 03:44:53,483 INFO - ContAudITWrapper#22 - Finishing ContAudIT Wrapper...
