2024-10-10 03:43:07,356 INFO - ContAudITWrapper#50 - Initializing ContAudIT Wrapper...
2024-10-10 03:43:07,571 INFO - ContAudITWrapper#50 - Current directory: /home/ec2-user/Code/ufrgs-poc/contaudit-wrapper.jar
2024-10-10 03:43:34,427 INFO - ContAudITWrapper#50 - Wrapper hash: b7519188ed863d76e5199a8d880bb968bdf9124fad53b871583787e123a7a764
2024-10-10 03:43:34,556 INFO - ContAudITWrapper#50 - Validating Wrapper...
2024-10-10 03:44:34,988 INFO - ContAudITWrapper#50 - Response true
2024-10-10 03:44:35,245 INFO - ContAudITWrapper#50 - Application hash: e36ee2d35f8c4c41bd358782dfb3ac8852b40439d350ff27616f0c18819ce9bf
2024-10-10 03:44:35,248 INFO - ContAudITWrapper#50 - Validating Application...
2024-10-10 03:44:44,366 INFO - ContAudITWrapper#50 - Response true
2024-10-10 03:44:44,407 INFO - ContAudITWrapper#50 - Artifact user.workflow hash: 52877374d8c54314b7af92814eaf729121e99a87e9706a2888cd9bcd951b11c9
2024-10-10 03:44:44,481 INFO - ContAudITWrapper#50 - Validating Artifact...
2024-10-10 03:44:51,461 INFO - ContAudITWrapper#50 - Response true
2024-10-10 03:44:51,479 INFO - ContAudITWrapper#50 - Running pre-command actions...
2024-10-10 03:44:51,480 INFO - ContAudITWrapper#50 - Analyzing current environment state...
2024-10-10 03:44:51,582 INFO - ContAudITWrapper#50 - Saving current environment state...
2024-10-10 03:44:51,584 INFO - ContAudITWrapper#50 - Environment state hash: a7ffc6f8bf1ed76651c14756a061d662f580ff4de43b49fa82d80a4b80f8434a
2024-10-10 03:44:51,584 INFO - ContAudITWrapper#50 - Executing command...
2024-10-10 03:45:02,163 INFO - ContAudITWrapper#50 - Command output: 
2024-10-10 03:44:51.730428856 [executor] Initializing the workflow...
[useradd_workflow] User contaudit50 already exists. Removing...
[useradd_workflow] User contaudit50 successfully removed.
[useradd_workflow] User contaudit50 created successfully.
2024-10-10 03:45:02.162806614 [executor] Finished!

2024-10-10 03:45:02,163 INFO - ContAudITWrapper#50 - Running post-command actions...
2024-10-10 03:45:02,163 INFO - ContAudITWrapper#50 - Analyzing current environment state...
2024-10-10 03:45:02,171 INFO - ContAudITWrapper#50 - Saving current environment state...
2024-10-10 03:45:02,171 INFO - ContAudITWrapper#50 - Environment state hash: a7ffc6f8bf1ed76651c14756a061d662f580ff4de43b49fa82d80a4b80f8434a
2024-10-10 03:45:02,171 INFO - ContAudITWrapper#50 - Checking environment diff...
2024-10-10 03:45:02,176 INFO - ContAudITWrapper#50 - Environment diff: 
2024-10-10 03:45:02,177 INFO - ContAudITWrapper#50 - Cleaning temporary files...
2024-10-10 03:45:02,186 INFO - ContAudITWrapper#50 - Sending to blockchain...
2024-10-10 03:45:05,492 INFO - ContAudITWrapper#50 - Response 
2024-10-10 03:45:05,494 INFO - ContAudITWrapper#50 - Finishing ContAudIT Wrapper...
