2024-10-10 03:43:06,650 INFO - ContAudITWrapper#71 - Initializing ContAudIT Wrapper...
2024-10-10 03:43:06,945 INFO - ContAudITWrapper#71 - Current directory: /home/ec2-user/Code/ufrgs-poc/contaudit-wrapper.jar
2024-10-10 03:43:38,107 INFO - ContAudITWrapper#71 - Wrapper hash: b7519188ed863d76e5199a8d880bb968bdf9124fad53b871583787e123a7a764
2024-10-10 03:43:38,114 INFO - ContAudITWrapper#71 - Validating Wrapper...
2024-10-10 03:44:39,159 INFO - ContAudITWrapper#71 - Response true
2024-10-10 03:44:39,470 INFO - ContAudITWrapper#71 - Application hash: e36ee2d35f8c4c41bd358782dfb3ac8852b40439d350ff27616f0c18819ce9bf
2024-10-10 03:44:39,471 INFO - ContAudITWrapper#71 - Validating Application...
2024-10-10 03:44:47,907 INFO - ContAudITWrapper#71 - Response true
2024-10-10 03:44:47,936 INFO - ContAudITWrapper#71 - Artifact user.workflow hash: 52877374d8c54314b7af92814eaf729121e99a87e9706a2888cd9bcd951b11c9
2024-10-10 03:44:47,976 INFO - ContAudITWrapper#71 - Validating Artifact...
2024-10-10 03:44:55,497 INFO - ContAudITWrapper#71 - Response true
2024-10-10 03:44:55,504 INFO - ContAudITWrapper#71 - Running pre-command actions...
2024-10-10 03:44:55,505 INFO - ContAudITWrapper#71 - Analyzing current environment state...
2024-10-10 03:44:55,678 INFO - ContAudITWrapper#71 - Saving current environment state...
2024-10-10 03:44:55,679 INFO - ContAudITWrapper#71 - Environment state hash: a7ffc6f8bf1ed76651c14756a061d662f580ff4de43b49fa82d80a4b80f8434a
2024-10-10 03:44:55,679 INFO - ContAudITWrapper#71 - Executing command...
2024-10-10 03:45:04,464 INFO - ContAudITWrapper#71 - Command output: 
2024-10-10 03:44:55.811267944 [executor] Initializing the workflow...
[useradd_workflow] User contaudit71 already exists. Removing...
[useradd_workflow] User contaudit71 successfully removed.
[useradd_workflow] User contaudit71 created successfully.
2024-10-10 03:45:04.464010047 [executor] Finished!

2024-10-10 03:45:04,465 INFO - ContAudITWrapper#71 - Running post-command actions...
2024-10-10 03:45:04,465 INFO - ContAudITWrapper#71 - Analyzing current environment state...
2024-10-10 03:45:04,509 INFO - ContAudITWrapper#71 - Saving current environment state...
2024-10-10 03:45:04,509 INFO - ContAudITWrapper#71 - Environment state hash: a7ffc6f8bf1ed76651c14756a061d662f580ff4de43b49fa82d80a4b80f8434a
2024-10-10 03:45:04,509 INFO - ContAudITWrapper#71 - Checking environment diff...
2024-10-10 03:45:04,517 INFO - ContAudITWrapper#71 - Environment diff: 
2024-10-10 03:45:04,518 INFO - ContAudITWrapper#71 - Cleaning temporary files...
2024-10-10 03:45:04,549 INFO - ContAudITWrapper#71 - Sending to blockchain...
2024-10-10 03:45:07,036 INFO - ContAudITWrapper#71 - Response 
2024-10-10 03:45:07,037 INFO - ContAudITWrapper#71 - Finishing ContAudIT Wrapper...
