2024-10-10 03:43:06,532 INFO - ContAudITWrapper#87 - Initializing ContAudIT Wrapper...
2024-10-10 03:43:06,753 INFO - ContAudITWrapper#87 - Current directory: /home/ec2-user/Code/ufrgs-poc/contaudit-wrapper.jar
2024-10-10 03:43:26,048 INFO - ContAudITWrapper#87 - Wrapper hash: b7519188ed863d76e5199a8d880bb968bdf9124fad53b871583787e123a7a764
2024-10-10 03:43:26,097 INFO - ContAudITWrapper#87 - Validating Wrapper...
2024-10-10 03:44:23,955 INFO - ContAudITWrapper#87 - Response true
2024-10-10 03:44:24,161 INFO - ContAudITWrapper#87 - Application hash: e36ee2d35f8c4c41bd358782dfb3ac8852b40439d350ff27616f0c18819ce9bf
2024-10-10 03:44:24,162 INFO - ContAudITWrapper#87 - Validating Application...
2024-10-10 03:44:34,774 INFO - ContAudITWrapper#87 - Response true
2024-10-10 03:44:34,789 INFO - ContAudITWrapper#87 - Artifact user.workflow hash: 52877374d8c54314b7af92814eaf729121e99a87e9706a2888cd9bcd951b11c9
2024-10-10 03:44:34,860 INFO - ContAudITWrapper#87 - Validating Artifact...
2024-10-10 03:44:45,340 INFO - ContAudITWrapper#87 - Response true
2024-10-10 03:44:45,365 INFO - ContAudITWrapper#87 - Running pre-command actions...
2024-10-10 03:44:45,366 INFO - ContAudITWrapper#87 - Analyzing current environment state...
2024-10-10 03:44:45,614 INFO - ContAudITWrapper#87 - Saving current environment state...
2024-10-10 03:44:45,615 INFO - ContAudITWrapper#87 - Environment state hash: a7ffc6f8bf1ed76651c14756a061d662f580ff4de43b49fa82d80a4b80f8434a
2024-10-10 03:44:45,615 INFO - ContAudITWrapper#87 - Executing command...
2024-10-10 03:44:50,206 INFO - ContAudITWrapper#87 - Command output: 
2024-10-10 03:44:45.825165256 [executor] Initializing the workflow...
[useradd_workflow] User contaudit87 does not exist. Creating...
[useradd_workflow] User contaudit87 created successfully.
2024-10-10 03:44:50.198273131 [executor] Finished!

2024-10-10 03:44:50,206 INFO - ContAudITWrapper#87 - Running post-command actions...
2024-10-10 03:44:50,207 INFO - ContAudITWrapper#87 - Analyzing current environment state...
2024-10-10 03:44:50,342 INFO - ContAudITWrapper#87 - Saving current environment state...
2024-10-10 03:44:50,342 INFO - ContAudITWrapper#87 - Environment state hash: a7ffc6f8bf1ed76651c14756a061d662f580ff4de43b49fa82d80a4b80f8434a
2024-10-10 03:44:50,342 INFO - ContAudITWrapper#87 - Checking environment diff...
2024-10-10 03:44:50,450 INFO - ContAudITWrapper#87 - Environment diff: 
2024-10-10 03:44:50,451 INFO - ContAudITWrapper#87 - Cleaning temporary files...
2024-10-10 03:44:50,525 INFO - ContAudITWrapper#87 - Sending to blockchain...
2024-10-10 03:44:58,020 INFO - ContAudITWrapper#87 - Response 
2024-10-10 03:44:58,022 INFO - ContAudITWrapper#87 - Finishing ContAudIT Wrapper...
