2024-10-10 03:43:05,678 INFO - ContAudITWrapper#30 - Initializing ContAudIT Wrapper...
2024-10-10 03:43:05,890 INFO - ContAudITWrapper#30 - Current directory: /home/ec2-user/Code/ufrgs-poc/contaudit-wrapper.jar
2024-10-10 03:43:27,217 INFO - ContAudITWrapper#30 - Wrapper hash: b7519188ed863d76e5199a8d880bb968bdf9124fad53b871583787e123a7a764
2024-10-10 03:43:27,224 INFO - ContAudITWrapper#30 - Validating Wrapper...
2024-10-10 03:44:26,164 INFO - ContAudITWrapper#30 - Response true
2024-10-10 03:44:26,305 INFO - ContAudITWrapper#30 - Application hash: e36ee2d35f8c4c41bd358782dfb3ac8852b40439d350ff27616f0c18819ce9bf
2024-10-10 03:44:26,306 INFO - ContAudITWrapper#30 - Validating Application...
2024-10-10 03:44:38,130 INFO - ContAudITWrapper#30 - Response true
2024-10-10 03:44:38,135 INFO - ContAudITWrapper#30 - Artifact user.workflow hash: 52877374d8c54314b7af92814eaf729121e99a87e9706a2888cd9bcd951b11c9
2024-10-10 03:44:38,142 INFO - ContAudITWrapper#30 - Validating Artifact...
2024-10-10 03:44:47,798 INFO - ContAudITWrapper#30 - Response true
2024-10-10 03:44:47,830 INFO - ContAudITWrapper#30 - Running pre-command actions...
2024-10-10 03:44:47,831 INFO - ContAudITWrapper#30 - Analyzing current environment state...
2024-10-10 03:44:48,056 INFO - ContAudITWrapper#30 - Saving current environment state...
2024-10-10 03:44:48,057 INFO - ContAudITWrapper#30 - Environment state hash: a7ffc6f8bf1ed76651c14756a061d662f580ff4de43b49fa82d80a4b80f8434a
2024-10-10 03:44:48,057 INFO - ContAudITWrapper#30 - Executing command...
2024-10-10 03:45:00,189 INFO - ContAudITWrapper#30 - Command output: 
2024-10-10 03:44:48.123263455 [executor] Initializing the workflow...
[useradd_workflow] User contaudit30 already exists. Removing...
[useradd_workflow] User contaudit30 successfully removed.
[useradd_workflow] User contaudit30 created successfully.
2024-10-10 03:45:00.189454244 [executor] Finished!

2024-10-10 03:45:00,190 INFO - ContAudITWrapper#30 - Running post-command actions...
2024-10-10 03:45:00,190 INFO - ContAudITWrapper#30 - Analyzing current environment state...
2024-10-10 03:45:00,195 INFO - ContAudITWrapper#30 - Saving current environment state...
2024-10-10 03:45:00,195 INFO - ContAudITWrapper#30 - Environment state hash: a7ffc6f8bf1ed76651c14756a061d662f580ff4de43b49fa82d80a4b80f8434a
2024-10-10 03:45:00,195 INFO - ContAudITWrapper#30 - Checking environment diff...
2024-10-10 03:45:00,199 INFO - ContAudITWrapper#30 - Environment diff: 
2024-10-10 03:45:00,200 INFO - ContAudITWrapper#30 - Cleaning temporary files...
2024-10-10 03:45:00,203 INFO - ContAudITWrapper#30 - Sending to blockchain...
2024-10-10 03:45:03,609 INFO - ContAudITWrapper#30 - Response 
2024-10-10 03:45:03,611 INFO - ContAudITWrapper#30 - Finishing ContAudIT Wrapper...
