2024-10-10 03:43:06,809 INFO - ContAudITWrapper#77 - Initializing ContAudIT Wrapper...
2024-10-10 03:43:07,042 INFO - ContAudITWrapper#77 - Current directory: /home/ec2-user/Code/ufrgs-poc/contaudit-wrapper.jar
2024-10-10 03:43:24,023 INFO - ContAudITWrapper#77 - Wrapper hash: b7519188ed863d76e5199a8d880bb968bdf9124fad53b871583787e123a7a764
2024-10-10 03:43:24,032 INFO - ContAudITWrapper#77 - Validating Wrapper...
2024-10-10 03:44:21,114 INFO - ContAudITWrapper#77 - Response true
2024-10-10 03:44:21,366 INFO - ContAudITWrapper#77 - Application hash: e36ee2d35f8c4c41bd358782dfb3ac8852b40439d350ff27616f0c18819ce9bf
2024-10-10 03:44:21,368 INFO - ContAudITWrapper#77 - Validating Application...
2024-10-10 03:44:36,588 INFO - ContAudITWrapper#77 - Response true
2024-10-10 03:44:36,597 INFO - ContAudITWrapper#77 - Artifact user.workflow hash: 52877374d8c54314b7af92814eaf729121e99a87e9706a2888cd9bcd951b11c9
2024-10-10 03:44:36,602 INFO - ContAudITWrapper#77 - Validating Artifact...
2024-10-10 03:44:45,099 INFO - ContAudITWrapper#77 - Response true
2024-10-10 03:44:45,121 INFO - ContAudITWrapper#77 - Running pre-command actions...
2024-10-10 03:44:45,122 INFO - ContAudITWrapper#77 - Analyzing current environment state...
2024-10-10 03:44:45,280 INFO - ContAudITWrapper#77 - Saving current environment state...
2024-10-10 03:44:45,281 INFO - ContAudITWrapper#77 - Environment state hash: a7ffc6f8bf1ed76651c14756a061d662f580ff4de43b49fa82d80a4b80f8434a
2024-10-10 03:44:45,281 INFO - ContAudITWrapper#77 - Executing command...
2024-10-10 03:44:57,230 INFO - ContAudITWrapper#77 - Command output: 
2024-10-10 03:44:45.357248177 [executor] Initializing the workflow...
[useradd_workflow] User contaudit77 already exists. Removing...
[useradd_workflow] User contaudit77 successfully removed.
[useradd_workflow] User contaudit77 created successfully.
2024-10-10 03:44:57.229655648 [executor] Finished!

2024-10-10 03:44:57,230 INFO - ContAudITWrapper#77 - Running post-command actions...
2024-10-10 03:44:57,231 INFO - ContAudITWrapper#77 - Analyzing current environment state...
2024-10-10 03:44:57,257 INFO - ContAudITWrapper#77 - Saving current environment state...
2024-10-10 03:44:57,257 INFO - ContAudITWrapper#77 - Environment state hash: a7ffc6f8bf1ed76651c14756a061d662f580ff4de43b49fa82d80a4b80f8434a
2024-10-10 03:44:57,257 INFO - ContAudITWrapper#77 - Checking environment diff...
2024-10-10 03:44:57,272 INFO - ContAudITWrapper#77 - Environment diff: 
2024-10-10 03:44:57,273 INFO - ContAudITWrapper#77 - Cleaning temporary files...
2024-10-10 03:44:57,286 INFO - ContAudITWrapper#77 - Sending to blockchain...
2024-10-10 03:44:59,307 INFO - ContAudITWrapper#77 - Response 
2024-10-10 03:44:59,309 INFO - ContAudITWrapper#77 - Finishing ContAudIT Wrapper...
