2024-10-10 03:43:05,761 INFO - ContAudITWrapper#15 - Initializing ContAudIT Wrapper...
2024-10-10 03:43:05,999 INFO - ContAudITWrapper#15 - Current directory: /home/ec2-user/Code/ufrgs-poc/contaudit-wrapper.jar
2024-10-10 03:43:21,403 INFO - ContAudITWrapper#15 - Wrapper hash: b7519188ed863d76e5199a8d880bb968bdf9124fad53b871583787e123a7a764
2024-10-10 03:43:21,464 INFO - ContAudITWrapper#15 - Validating Wrapper...
2024-10-10 03:44:10,139 INFO - ContAudITWrapper#15 - Response true
2024-10-10 03:44:10,282 INFO - ContAudITWrapper#15 - Application hash: e36ee2d35f8c4c41bd358782dfb3ac8852b40439d350ff27616f0c18819ce9bf
2024-10-10 03:44:10,283 INFO - ContAudITWrapper#15 - Validating Application...
2024-10-10 03:44:25,141 INFO - ContAudITWrapper#15 - Response true
2024-10-10 03:44:25,144 INFO - ContAudITWrapper#15 - Artifact user.workflow hash: 52877374d8c54314b7af92814eaf729121e99a87e9706a2888cd9bcd951b11c9
2024-10-10 03:44:25,150 INFO - ContAudITWrapper#15 - Validating Artifact...
2024-10-10 03:44:39,522 INFO - ContAudITWrapper#15 - Response true
2024-10-10 03:44:39,528 INFO - ContAudITWrapper#15 - Running pre-command actions...
2024-10-10 03:44:39,529 INFO - ContAudITWrapper#15 - Analyzing current environment state...
2024-10-10 03:44:39,790 INFO - ContAudITWrapper#15 - Saving current environment state...
2024-10-10 03:44:39,791 INFO - ContAudITWrapper#15 - Environment state hash: a7ffc6f8bf1ed76651c14756a061d662f580ff4de43b49fa82d80a4b80f8434a
2024-10-10 03:44:39,791 INFO - ContAudITWrapper#15 - Executing command...
2024-10-10 03:44:48,145 INFO - ContAudITWrapper#15 - Command output: 
2024-10-10 03:44:39.972581498 [executor] Initializing the workflow...
[useradd_workflow] User contaudit15 already exists. Removing...
[useradd_workflow] User contaudit15 successfully removed.
[useradd_workflow] User contaudit15 created successfully.
2024-10-10 03:44:48.144617353 [executor] Finished!

2024-10-10 03:44:48,145 INFO - ContAudITWrapper#15 - Running post-command actions...
2024-10-10 03:44:48,146 INFO - ContAudITWrapper#15 - Analyzing current environment state...
2024-10-10 03:44:48,215 INFO - ContAudITWrapper#15 - Saving current environment state...
2024-10-10 03:44:48,216 INFO - ContAudITWrapper#15 - Environment state hash: a7ffc6f8bf1ed76651c14756a061d662f580ff4de43b49fa82d80a4b80f8434a
2024-10-10 03:44:48,216 INFO - ContAudITWrapper#15 - Checking environment diff...
2024-10-10 03:44:48,295 INFO - ContAudITWrapper#15 - Environment diff: 
2024-10-10 03:44:48,296 INFO - ContAudITWrapper#15 - Cleaning temporary files...
2024-10-10 03:44:48,316 INFO - ContAudITWrapper#15 - Sending to blockchain...
2024-10-10 03:44:57,960 INFO - ContAudITWrapper#15 - Response 
2024-10-10 03:44:57,961 INFO - ContAudITWrapper#15 - Finishing ContAudIT Wrapper...
