2024-10-10 03:43:06,721 INFO - ContAudITWrapper#61 - Initializing ContAudIT Wrapper...
2024-10-10 03:43:06,881 INFO - ContAudITWrapper#61 - Current directory: /home/ec2-user/Code/ufrgs-poc/contaudit-wrapper.jar
2024-10-10 03:43:25,017 INFO - ContAudITWrapper#61 - Wrapper hash: b7519188ed863d76e5199a8d880bb968bdf9124fad53b871583787e123a7a764
2024-10-10 03:43:25,056 INFO - ContAudITWrapper#61 - Validating Wrapper...
2024-10-10 03:44:22,292 INFO - ContAudITWrapper#61 - Response true
2024-10-10 03:44:22,436 INFO - ContAudITWrapper#61 - Application hash: e36ee2d35f8c4c41bd358782dfb3ac8852b40439d350ff27616f0c18819ce9bf
2024-10-10 03:44:22,444 INFO - ContAudITWrapper#61 - Validating Application...
2024-10-10 03:44:36,566 INFO - ContAudITWrapper#61 - Response true
2024-10-10 03:44:36,588 INFO - ContAudITWrapper#61 - Artifact user.workflow hash: 52877374d8c54314b7af92814eaf729121e99a87e9706a2888cd9bcd951b11c9
2024-10-10 03:44:36,661 INFO - ContAudITWrapper#61 - Validating Artifact...
2024-10-10 03:44:46,996 INFO - ContAudITWrapper#61 - Response true
2024-10-10 03:44:47,012 INFO - ContAudITWrapper#61 - Running pre-command actions...
2024-10-10 03:44:47,013 INFO - ContAudITWrapper#61 - Analyzing current environment state...
2024-10-10 03:44:47,229 INFO - ContAudITWrapper#61 - Saving current environment state...
2024-10-10 03:44:47,230 INFO - ContAudITWrapper#61 - Environment state hash: a7ffc6f8bf1ed76651c14756a061d662f580ff4de43b49fa82d80a4b80f8434a
2024-10-10 03:44:47,230 INFO - ContAudITWrapper#61 - Executing command...
2024-10-10 03:45:00,059 INFO - ContAudITWrapper#61 - Command output: 
2024-10-10 03:44:47.372511229 [executor] Initializing the workflow...
[useradd_workflow] User contaudit61 already exists. Removing...
[useradd_workflow] User contaudit61 successfully removed.
[useradd_workflow] User contaudit61 created successfully.
2024-10-10 03:45:00.059286165 [executor] Finished!

2024-10-10 03:45:00,060 INFO - ContAudITWrapper#61 - Running post-command actions...
2024-10-10 03:45:00,060 INFO - ContAudITWrapper#61 - Analyzing current environment state...
2024-10-10 03:45:00,065 INFO - ContAudITWrapper#61 - Saving current environment state...
2024-10-10 03:45:00,066 INFO - ContAudITWrapper#61 - Environment state hash: a7ffc6f8bf1ed76651c14756a061d662f580ff4de43b49fa82d80a4b80f8434a
2024-10-10 03:45:00,067 INFO - ContAudITWrapper#61 - Checking environment diff...
2024-10-10 03:45:00,071 INFO - ContAudITWrapper#61 - Environment diff: 
2024-10-10 03:45:00,072 INFO - ContAudITWrapper#61 - Cleaning temporary files...
2024-10-10 03:45:00,076 INFO - ContAudITWrapper#61 - Sending to blockchain...
2024-10-10 03:45:01,222 INFO - ContAudITWrapper#61 - Response 
2024-10-10 03:45:01,224 INFO - ContAudITWrapper#61 - Finishing ContAudIT Wrapper...
