2024-10-10 03:43:06,655 INFO - ContAudITWrapper#13 - Initializing ContAudIT Wrapper...
2024-10-10 03:43:06,854 INFO - ContAudITWrapper#13 - Current directory: /home/ec2-user/Code/ufrgs-poc/contaudit-wrapper.jar
2024-10-10 03:43:20,761 INFO - ContAudITWrapper#13 - Wrapper hash: b7519188ed863d76e5199a8d880bb968bdf9124fad53b871583787e123a7a764
2024-10-10 03:43:20,805 INFO - ContAudITWrapper#13 - Validating Wrapper...
2024-10-10 03:44:11,838 INFO - ContAudITWrapper#13 - Response true
2024-10-10 03:44:11,933 INFO - ContAudITWrapper#13 - Application hash: e36ee2d35f8c4c41bd358782dfb3ac8852b40439d350ff27616f0c18819ce9bf
2024-10-10 03:44:11,934 INFO - ContAudITWrapper#13 - Validating Application...
2024-10-10 03:44:26,126 INFO - ContAudITWrapper#13 - Response true
2024-10-10 03:44:26,139 INFO - ContAudITWrapper#13 - Artifact user.workflow hash: 52877374d8c54314b7af92814eaf729121e99a87e9706a2888cd9bcd951b11c9
2024-10-10 03:44:26,146 INFO - ContAudITWrapper#13 - Validating Artifact...
2024-10-10 03:44:39,023 INFO - ContAudITWrapper#13 - Response true
2024-10-10 03:44:39,025 INFO - ContAudITWrapper#13 - Running pre-command actions...
2024-10-10 03:44:39,026 INFO - ContAudITWrapper#13 - Analyzing current environment state...
2024-10-10 03:44:39,411 INFO - ContAudITWrapper#13 - Saving current environment state...
2024-10-10 03:44:39,412 INFO - ContAudITWrapper#13 - Environment state hash: a7ffc6f8bf1ed76651c14756a061d662f580ff4de43b49fa82d80a4b80f8434a
2024-10-10 03:44:39,412 INFO - ContAudITWrapper#13 - Executing command...
2024-10-10 03:44:46,761 INFO - ContAudITWrapper#13 - Command output: 
2024-10-10 03:44:39.741158434 [executor] Initializing the workflow...
[useradd_workflow] User contaudit13 already exists. Removing...
[useradd_workflow] User contaudit13 successfully removed.
[useradd_workflow] User contaudit13 created successfully.
2024-10-10 03:44:46.760579977 [executor] Finished!

2024-10-10 03:44:46,762 INFO - ContAudITWrapper#13 - Running post-command actions...
2024-10-10 03:44:46,762 INFO - ContAudITWrapper#13 - Analyzing current environment state...
2024-10-10 03:44:46,869 INFO - ContAudITWrapper#13 - Saving current environment state...
2024-10-10 03:44:46,870 INFO - ContAudITWrapper#13 - Environment state hash: a7ffc6f8bf1ed76651c14756a061d662f580ff4de43b49fa82d80a4b80f8434a
2024-10-10 03:44:46,870 INFO - ContAudITWrapper#13 - Checking environment diff...
2024-10-10 03:44:47,051 INFO - ContAudITWrapper#13 - Environment diff: 
2024-10-10 03:44:47,052 INFO - ContAudITWrapper#13 - Cleaning temporary files...
2024-10-10 03:44:47,114 INFO - ContAudITWrapper#13 - Sending to blockchain...
2024-10-10 03:44:55,952 INFO - ContAudITWrapper#13 - Response 
2024-10-10 03:44:55,954 INFO - ContAudITWrapper#13 - Finishing ContAudIT Wrapper...
