2024-10-10 03:43:06,976 INFO - ContAudITWrapper#85 - Initializing ContAudIT Wrapper...
2024-10-10 03:43:07,168 INFO - ContAudITWrapper#85 - Current directory: /home/ec2-user/Code/ufrgs-poc/contaudit-wrapper.jar
2024-10-10 03:43:29,517 INFO - ContAudITWrapper#85 - Wrapper hash: b7519188ed863d76e5199a8d880bb968bdf9124fad53b871583787e123a7a764
2024-10-10 03:43:29,616 INFO - ContAudITWrapper#85 - Validating Wrapper...
2024-10-10 03:44:30,826 INFO - ContAudITWrapper#85 - Response true
2024-10-10 03:44:30,917 INFO - ContAudITWrapper#85 - Application hash: e36ee2d35f8c4c41bd358782dfb3ac8852b40439d350ff27616f0c18819ce9bf
2024-10-10 03:44:31,007 INFO - ContAudITWrapper#85 - Validating Application...
2024-10-10 03:44:41,460 INFO - ContAudITWrapper#85 - Response true
2024-10-10 03:44:41,513 INFO - ContAudITWrapper#85 - Artifact user.workflow hash: 52877374d8c54314b7af92814eaf729121e99a87e9706a2888cd9bcd951b11c9
2024-10-10 03:44:41,604 INFO - ContAudITWrapper#85 - Validating Artifact...
2024-10-10 03:44:52,178 INFO - ContAudITWrapper#85 - Response true
2024-10-10 03:44:52,186 INFO - ContAudITWrapper#85 - Running pre-command actions...
2024-10-10 03:44:52,187 INFO - ContAudITWrapper#85 - Analyzing current environment state...
2024-10-10 03:44:52,407 INFO - ContAudITWrapper#85 - Saving current environment state...
2024-10-10 03:44:52,408 INFO - ContAudITWrapper#85 - Environment state hash: a7ffc6f8bf1ed76651c14756a061d662f580ff4de43b49fa82d80a4b80f8434a
2024-10-10 03:44:52,408 INFO - ContAudITWrapper#85 - Executing command...
2024-10-10 03:45:02,304 INFO - ContAudITWrapper#85 - Command output: 
2024-10-10 03:44:52.588527510 [executor] Initializing the workflow...
[useradd_workflow] User contaudit85 already exists. Removing...
[useradd_workflow] User contaudit85 successfully removed.
[useradd_workflow] User contaudit85 created successfully.
2024-10-10 03:45:02.303872930 [executor] Finished!

2024-10-10 03:45:02,304 INFO - ContAudITWrapper#85 - Running post-command actions...
2024-10-10 03:45:02,305 INFO - ContAudITWrapper#85 - Analyzing current environment state...
2024-10-10 03:45:02,310 INFO - ContAudITWrapper#85 - Saving current environment state...
2024-10-10 03:45:02,311 INFO - ContAudITWrapper#85 - Environment state hash: a7ffc6f8bf1ed76651c14756a061d662f580ff4de43b49fa82d80a4b80f8434a
2024-10-10 03:45:02,311 INFO - ContAudITWrapper#85 - Checking environment diff...
2024-10-10 03:45:02,315 INFO - ContAudITWrapper#85 - Environment diff: 
2024-10-10 03:45:02,315 INFO - ContAudITWrapper#85 - Cleaning temporary files...
2024-10-10 03:45:02,319 INFO - ContAudITWrapper#85 - Sending to blockchain...
2024-10-10 03:45:05,593 INFO - ContAudITWrapper#85 - Response 
2024-10-10 03:45:05,594 INFO - ContAudITWrapper#85 - Finishing ContAudIT Wrapper...
