2024-10-10 03:43:06,103 INFO - ContAudITWrapper#39 - Initializing ContAudIT Wrapper...
2024-10-10 03:43:06,352 INFO - ContAudITWrapper#39 - Current directory: /home/ec2-user/Code/ufrgs-poc/contaudit-wrapper.jar
2024-10-10 03:43:21,879 INFO - ContAudITWrapper#39 - Wrapper hash: b7519188ed863d76e5199a8d880bb968bdf9124fad53b871583787e123a7a764
2024-10-10 03:43:21,994 INFO - ContAudITWrapper#39 - Validating Wrapper...
2024-10-10 03:44:17,499 INFO - ContAudITWrapper#39 - Response true
2024-10-10 03:44:17,710 INFO - ContAudITWrapper#39 - Application hash: e36ee2d35f8c4c41bd358782dfb3ac8852b40439d350ff27616f0c18819ce9bf
2024-10-10 03:44:17,711 INFO - ContAudITWrapper#39 - Validating Application...
2024-10-10 03:44:30,189 INFO - ContAudITWrapper#39 - Response true
2024-10-10 03:44:30,198 INFO - ContAudITWrapper#39 - Artifact user.workflow hash: 52877374d8c54314b7af92814eaf729121e99a87e9706a2888cd9bcd951b11c9
2024-10-10 03:44:30,204 INFO - ContAudITWrapper#39 - Validating Artifact...
2024-10-10 03:44:38,897 INFO - ContAudITWrapper#39 - Response true
2024-10-10 03:44:38,904 INFO - ContAudITWrapper#39 - Running pre-command actions...
2024-10-10 03:44:38,905 INFO - ContAudITWrapper#39 - Analyzing current environment state...
2024-10-10 03:44:39,149 INFO - ContAudITWrapper#39 - Saving current environment state...
2024-10-10 03:44:39,150 INFO - ContAudITWrapper#39 - Environment state hash: a7ffc6f8bf1ed76651c14756a061d662f580ff4de43b49fa82d80a4b80f8434a
2024-10-10 03:44:39,151 INFO - ContAudITWrapper#39 - Executing command...
2024-10-10 03:44:48,751 INFO - ContAudITWrapper#39 - Command output: 
2024-10-10 03:44:39.281290582 [executor] Initializing the workflow...
[useradd_workflow] User contaudit39 already exists. Removing...
[useradd_workflow] User contaudit39 successfully removed.
[useradd_workflow] User contaudit39 created successfully.
2024-10-10 03:44:48.748996373 [executor] Finished!

2024-10-10 03:44:48,751 INFO - ContAudITWrapper#39 - Running post-command actions...
2024-10-10 03:44:48,751 INFO - ContAudITWrapper#39 - Analyzing current environment state...
2024-10-10 03:44:48,854 INFO - ContAudITWrapper#39 - Saving current environment state...
2024-10-10 03:44:48,854 INFO - ContAudITWrapper#39 - Environment state hash: a7ffc6f8bf1ed76651c14756a061d662f580ff4de43b49fa82d80a4b80f8434a
2024-10-10 03:44:48,854 INFO - ContAudITWrapper#39 - Checking environment diff...
2024-10-10 03:44:48,955 INFO - ContAudITWrapper#39 - Environment diff: 
2024-10-10 03:44:48,956 INFO - ContAudITWrapper#39 - Cleaning temporary files...
2024-10-10 03:44:49,036 INFO - ContAudITWrapper#39 - Sending to blockchain...
2024-10-10 03:44:57,975 INFO - ContAudITWrapper#39 - Response 
2024-10-10 03:44:57,977 INFO - ContAudITWrapper#39 - Finishing ContAudIT Wrapper...
