2024-10-10 03:43:07,323 INFO - ContAudITWrapper#86 - Initializing ContAudIT Wrapper...
2024-10-10 03:43:07,547 INFO - ContAudITWrapper#86 - Current directory: /home/ec2-user/Code/ufrgs-poc/contaudit-wrapper.jar
2024-10-10 03:43:20,914 INFO - ContAudITWrapper#86 - Wrapper hash: b7519188ed863d76e5199a8d880bb968bdf9124fad53b871583787e123a7a764
2024-10-10 03:43:20,968 INFO - ContAudITWrapper#86 - Validating Wrapper...
2024-10-10 03:44:16,248 INFO - ContAudITWrapper#86 - Response true
2024-10-10 03:44:16,317 INFO - ContAudITWrapper#86 - Application hash: e36ee2d35f8c4c41bd358782dfb3ac8852b40439d350ff27616f0c18819ce9bf
2024-10-10 03:44:16,318 INFO - ContAudITWrapper#86 - Validating Application...
2024-10-10 03:44:26,740 INFO - ContAudITWrapper#86 - Response true
2024-10-10 03:44:26,750 INFO - ContAudITWrapper#86 - Artifact user.workflow hash: 52877374d8c54314b7af92814eaf729121e99a87e9706a2888cd9bcd951b11c9
2024-10-10 03:44:26,756 INFO - ContAudITWrapper#86 - Validating Artifact...
2024-10-10 03:44:40,756 INFO - ContAudITWrapper#86 - Response true
2024-10-10 03:44:40,773 INFO - ContAudITWrapper#86 - Running pre-command actions...
2024-10-10 03:44:40,774 INFO - ContAudITWrapper#86 - Analyzing current environment state...
2024-10-10 03:44:41,050 INFO - ContAudITWrapper#86 - Saving current environment state...
2024-10-10 03:44:41,051 INFO - ContAudITWrapper#86 - Environment state hash: a7ffc6f8bf1ed76651c14756a061d662f580ff4de43b49fa82d80a4b80f8434a
2024-10-10 03:44:41,051 INFO - ContAudITWrapper#86 - Executing command...
2024-10-10 03:44:45,191 INFO - ContAudITWrapper#86 - Command output: 
2024-10-10 03:44:41.241677815 [executor] Initializing the workflow...
[useradd_workflow] User contaudit86 does not exist. Creating...
[useradd_workflow] User contaudit86 created successfully.
2024-10-10 03:44:45.183268981 [executor] Finished!

2024-10-10 03:44:45,191 INFO - ContAudITWrapper#86 - Running post-command actions...
2024-10-10 03:44:45,191 INFO - ContAudITWrapper#86 - Analyzing current environment state...
2024-10-10 03:44:45,311 INFO - ContAudITWrapper#86 - Saving current environment state...
2024-10-10 03:44:45,312 INFO - ContAudITWrapper#86 - Environment state hash: a7ffc6f8bf1ed76651c14756a061d662f580ff4de43b49fa82d80a4b80f8434a
2024-10-10 03:44:45,312 INFO - ContAudITWrapper#86 - Checking environment diff...
2024-10-10 03:44:45,362 INFO - ContAudITWrapper#86 - Environment diff: 
2024-10-10 03:44:45,362 INFO - ContAudITWrapper#86 - Cleaning temporary files...
2024-10-10 03:44:45,385 INFO - ContAudITWrapper#86 - Sending to blockchain...
2024-10-10 03:44:56,004 INFO - ContAudITWrapper#86 - Response 
2024-10-10 03:44:56,029 INFO - ContAudITWrapper#86 - Finishing ContAudIT Wrapper...
