2024-10-10 03:43:06,673 INFO - ContAudITWrapper#1 - Initializing ContAudIT Wrapper...
2024-10-10 03:43:06,872 INFO - ContAudITWrapper#1 - Current directory: /home/ec2-user/Code/ufrgs-poc/contaudit-wrapper.jar
2024-10-10 03:43:25,144 INFO - ContAudITWrapper#1 - Wrapper hash: b7519188ed863d76e5199a8d880bb968bdf9124fad53b871583787e123a7a764
2024-10-10 03:43:25,152 INFO - ContAudITWrapper#1 - Validating Wrapper...
2024-10-10 03:44:20,445 INFO - ContAudITWrapper#1 - Response true
2024-10-10 03:44:20,662 INFO - ContAudITWrapper#1 - Application hash: e36ee2d35f8c4c41bd358782dfb3ac8852b40439d350ff27616f0c18819ce9bf
2024-10-10 03:44:20,671 INFO - ContAudITWrapper#1 - Validating Application...
2024-10-10 03:44:34,394 INFO - ContAudITWrapper#1 - Response true
2024-10-10 03:44:34,407 INFO - ContAudITWrapper#1 - Artifact user.workflow hash: 52877374d8c54314b7af92814eaf729121e99a87e9706a2888cd9bcd951b11c9
2024-10-10 03:44:34,427 INFO - ContAudITWrapper#1 - Validating Artifact...
2024-10-10 03:44:44,298 INFO - ContAudITWrapper#1 - Response true
2024-10-10 03:44:44,325 INFO - ContAudITWrapper#1 - Running pre-command actions...
2024-10-10 03:44:44,327 INFO - ContAudITWrapper#1 - Analyzing current environment state...
2024-10-10 03:44:44,489 INFO - ContAudITWrapper#1 - Saving current environment state...
2024-10-10 03:44:44,490 INFO - ContAudITWrapper#1 - Environment state hash: a7ffc6f8bf1ed76651c14756a061d662f580ff4de43b49fa82d80a4b80f8434a
2024-10-10 03:44:44,491 INFO - ContAudITWrapper#1 - Executing command...
2024-10-10 03:44:55,677 INFO - ContAudITWrapper#1 - Command output: 
2024-10-10 03:44:44.737067413 [executor] Initializing the workflow...
[useradd_workflow] User contaudit1 already exists. Removing...
[useradd_workflow] User contaudit1 successfully removed.
[useradd_workflow] User contaudit1 created successfully.
2024-10-10 03:44:55.668409388 [executor] Finished!

2024-10-10 03:44:55,677 INFO - ContAudITWrapper#1 - Running post-command actions...
2024-10-10 03:44:55,677 INFO - ContAudITWrapper#1 - Analyzing current environment state...
2024-10-10 03:44:55,750 INFO - ContAudITWrapper#1 - Saving current environment state...
2024-10-10 03:44:55,751 INFO - ContAudITWrapper#1 - Environment state hash: a7ffc6f8bf1ed76651c14756a061d662f580ff4de43b49fa82d80a4b80f8434a
2024-10-10 03:44:55,751 INFO - ContAudITWrapper#1 - Checking environment diff...
2024-10-10 03:44:55,894 INFO - ContAudITWrapper#1 - Environment diff: 
2024-10-10 03:44:55,895 INFO - ContAudITWrapper#1 - Cleaning temporary files...
2024-10-10 03:44:55,971 INFO - ContAudITWrapper#1 - Sending to blockchain...
2024-10-10 03:44:59,284 INFO - ContAudITWrapper#1 - Response 
2024-10-10 03:44:59,286 INFO - ContAudITWrapper#1 - Finishing ContAudIT Wrapper...
