2024-10-10 03:43:07,004 INFO - ContAudITWrapper#51 - Initializing ContAudIT Wrapper...
2024-10-10 03:43:07,177 INFO - ContAudITWrapper#51 - Current directory: /home/ec2-user/Code/ufrgs-poc/contaudit-wrapper.jar
2024-10-10 03:43:38,615 INFO - ContAudITWrapper#51 - Wrapper hash: b7519188ed863d76e5199a8d880bb968bdf9124fad53b871583787e123a7a764
2024-10-10 03:43:38,736 INFO - ContAudITWrapper#51 - Validating Wrapper...
2024-10-10 03:44:41,127 INFO - ContAudITWrapper#51 - Response true
2024-10-10 03:44:41,289 INFO - ContAudITWrapper#51 - Application hash: e36ee2d35f8c4c41bd358782dfb3ac8852b40439d350ff27616f0c18819ce9bf
2024-10-10 03:44:41,290 INFO - ContAudITWrapper#51 - Validating Application...
2024-10-10 03:44:54,453 INFO - ContAudITWrapper#51 - Response true
2024-10-10 03:44:54,480 INFO - ContAudITWrapper#51 - Artifact user.workflow hash: 52877374d8c54314b7af92814eaf729121e99a87e9706a2888cd9bcd951b11c9
2024-10-10 03:44:54,505 INFO - ContAudITWrapper#51 - Validating Artifact...
2024-10-10 03:44:56,751 INFO - ContAudITWrapper#51 - Response true
2024-10-10 03:44:56,774 INFO - ContAudITWrapper#51 - Running pre-command actions...
2024-10-10 03:44:56,775 INFO - ContAudITWrapper#51 - Analyzing current environment state...
2024-10-10 03:44:56,830 INFO - ContAudITWrapper#51 - Saving current environment state...
2024-10-10 03:44:56,831 INFO - ContAudITWrapper#51 - Environment state hash: a7ffc6f8bf1ed76651c14756a061d662f580ff4de43b49fa82d80a4b80f8434a
2024-10-10 03:44:56,832 INFO - ContAudITWrapper#51 - Executing command...
2024-10-10 03:45:05,605 INFO - ContAudITWrapper#51 - Command output: 
2024-10-10 03:44:56.852113042 [executor] Initializing the workflow...
[useradd_workflow] User contaudit51 already exists. Removing...
[useradd_workflow] User contaudit51 successfully removed.
[useradd_workflow] User contaudit51 created successfully.
2024-10-10 03:45:05.600839467 [executor] Finished!

2024-10-10 03:45:05,605 INFO - ContAudITWrapper#51 - Running post-command actions...
2024-10-10 03:45:05,606 INFO - ContAudITWrapper#51 - Analyzing current environment state...
2024-10-10 03:45:05,629 INFO - ContAudITWrapper#51 - Saving current environment state...
2024-10-10 03:45:05,629 INFO - ContAudITWrapper#51 - Environment state hash: a7ffc6f8bf1ed76651c14756a061d662f580ff4de43b49fa82d80a4b80f8434a
2024-10-10 03:45:05,630 INFO - ContAudITWrapper#51 - Checking environment diff...
2024-10-10 03:45:05,644 INFO - ContAudITWrapper#51 - Environment diff: 
2024-10-10 03:45:05,644 INFO - ContAudITWrapper#51 - Cleaning temporary files...
2024-10-10 03:45:05,653 INFO - ContAudITWrapper#51 - Sending to blockchain...
2024-10-10 03:45:09,636 INFO - ContAudITWrapper#51 - Response 
2024-10-10 03:45:09,637 INFO - ContAudITWrapper#51 - Finishing ContAudIT Wrapper...
