2024-10-10 03:43:06,072 INFO - ContAudITWrapper#6 - Initializing ContAudIT Wrapper...
2024-10-10 03:43:06,244 INFO - ContAudITWrapper#6 - Current directory: /home/ec2-user/Code/ufrgs-poc/contaudit-wrapper.jar
2024-10-10 03:43:27,019 INFO - ContAudITWrapper#6 - Wrapper hash: b7519188ed863d76e5199a8d880bb968bdf9124fad53b871583787e123a7a764
2024-10-10 03:43:27,139 INFO - ContAudITWrapper#6 - Validating Wrapper...
2024-10-10 03:44:28,336 INFO - ContAudITWrapper#6 - Response true
2024-10-10 03:44:28,688 INFO - ContAudITWrapper#6 - Application hash: e36ee2d35f8c4c41bd358782dfb3ac8852b40439d350ff27616f0c18819ce9bf
2024-10-10 03:44:28,689 INFO - ContAudITWrapper#6 - Validating Application...
2024-10-10 03:44:42,873 INFO - ContAudITWrapper#6 - Response true
2024-10-10 03:44:42,886 INFO - ContAudITWrapper#6 - Artifact user.workflow hash: 52877374d8c54314b7af92814eaf729121e99a87e9706a2888cd9bcd951b11c9
2024-10-10 03:44:42,895 INFO - ContAudITWrapper#6 - Validating Artifact...
2024-10-10 03:44:51,821 INFO - ContAudITWrapper#6 - Response true
2024-10-10 03:44:51,840 INFO - ContAudITWrapper#6 - Running pre-command actions...
2024-10-10 03:44:51,841 INFO - ContAudITWrapper#6 - Analyzing current environment state...
2024-10-10 03:44:52,037 INFO - ContAudITWrapper#6 - Saving current environment state...
2024-10-10 03:44:52,039 INFO - ContAudITWrapper#6 - Environment state hash: a7ffc6f8bf1ed76651c14756a061d662f580ff4de43b49fa82d80a4b80f8434a
2024-10-10 03:44:52,039 INFO - ContAudITWrapper#6 - Executing command...
2024-10-10 03:45:02,257 INFO - ContAudITWrapper#6 - Command output: 
2024-10-10 03:44:52.172689641 [executor] Initializing the workflow...
[useradd_workflow] User contaudit6 already exists. Removing...
[useradd_workflow] User contaudit6 successfully removed.
[useradd_workflow] User contaudit6 created successfully.
2024-10-10 03:45:02.257388529 [executor] Finished!

2024-10-10 03:45:02,258 INFO - ContAudITWrapper#6 - Running post-command actions...
2024-10-10 03:45:02,258 INFO - ContAudITWrapper#6 - Analyzing current environment state...
2024-10-10 03:45:02,264 INFO - ContAudITWrapper#6 - Saving current environment state...
2024-10-10 03:45:02,265 INFO - ContAudITWrapper#6 - Environment state hash: a7ffc6f8bf1ed76651c14756a061d662f580ff4de43b49fa82d80a4b80f8434a
2024-10-10 03:45:02,265 INFO - ContAudITWrapper#6 - Checking environment diff...
2024-10-10 03:45:02,278 INFO - ContAudITWrapper#6 - Environment diff: 
2024-10-10 03:45:02,278 INFO - ContAudITWrapper#6 - Cleaning temporary files...
2024-10-10 03:45:02,283 INFO - ContAudITWrapper#6 - Sending to blockchain...
2024-10-10 03:45:05,634 INFO - ContAudITWrapper#6 - Response 
2024-10-10 03:45:05,636 INFO - ContAudITWrapper#6 - Finishing ContAudIT Wrapper...
