2024-10-10 03:43:07,347 INFO - ContAudITWrapper#34 - Initializing ContAudIT Wrapper...
2024-10-10 03:43:07,501 INFO - ContAudITWrapper#34 - Current directory: /home/ec2-user/Code/ufrgs-poc/contaudit-wrapper.jar
2024-10-10 03:43:27,548 INFO - ContAudITWrapper#34 - Wrapper hash: b7519188ed863d76e5199a8d880bb968bdf9124fad53b871583787e123a7a764
2024-10-10 03:43:27,740 INFO - ContAudITWrapper#34 - Validating Wrapper...
2024-10-10 03:44:26,792 INFO - ContAudITWrapper#34 - Response true
2024-10-10 03:44:26,844 INFO - ContAudITWrapper#34 - Application hash: e36ee2d35f8c4c41bd358782dfb3ac8852b40439d350ff27616f0c18819ce9bf
2024-10-10 03:44:26,845 INFO - ContAudITWrapper#34 - Validating Application...
2024-10-10 03:44:39,689 INFO - ContAudITWrapper#34 - Response true
2024-10-10 03:44:39,705 INFO - ContAudITWrapper#34 - Artifact user.workflow hash: 52877374d8c54314b7af92814eaf729121e99a87e9706a2888cd9bcd951b11c9
2024-10-10 03:44:39,712 INFO - ContAudITWrapper#34 - Validating Artifact...
2024-10-10 03:44:50,615 INFO - ContAudITWrapper#34 - Response true
2024-10-10 03:44:50,621 INFO - ContAudITWrapper#34 - Running pre-command actions...
2024-10-10 03:44:50,625 INFO - ContAudITWrapper#34 - Analyzing current environment state...
2024-10-10 03:44:50,747 INFO - ContAudITWrapper#34 - Saving current environment state...
2024-10-10 03:44:50,748 INFO - ContAudITWrapper#34 - Environment state hash: a7ffc6f8bf1ed76651c14756a061d662f580ff4de43b49fa82d80a4b80f8434a
2024-10-10 03:44:50,748 INFO - ContAudITWrapper#34 - Executing command...
2024-10-10 03:45:01,833 INFO - ContAudITWrapper#34 - Command output: 
2024-10-10 03:44:50.838168253 [executor] Initializing the workflow...
[useradd_workflow] User contaudit34 already exists. Removing...
[useradd_workflow] User contaudit34 successfully removed.
[useradd_workflow] User contaudit34 created successfully.
2024-10-10 03:45:01.833403811 [executor] Finished!

2024-10-10 03:45:01,834 INFO - ContAudITWrapper#34 - Running post-command actions...
2024-10-10 03:45:01,834 INFO - ContAudITWrapper#34 - Analyzing current environment state...
2024-10-10 03:45:01,839 INFO - ContAudITWrapper#34 - Saving current environment state...
2024-10-10 03:45:01,840 INFO - ContAudITWrapper#34 - Environment state hash: a7ffc6f8bf1ed76651c14756a061d662f580ff4de43b49fa82d80a4b80f8434a
2024-10-10 03:45:01,840 INFO - ContAudITWrapper#34 - Checking environment diff...
2024-10-10 03:45:01,843 INFO - ContAudITWrapper#34 - Environment diff: 
2024-10-10 03:45:01,843 INFO - ContAudITWrapper#34 - Cleaning temporary files...
2024-10-10 03:45:01,847 INFO - ContAudITWrapper#34 - Sending to blockchain...
2024-10-10 03:45:03,651 INFO - ContAudITWrapper#34 - Response 
2024-10-10 03:45:03,653 INFO - ContAudITWrapper#34 - Finishing ContAudIT Wrapper...
