2024-10-10 03:43:06,512 INFO - ContAudITWrapper#8 - Initializing ContAudIT Wrapper...
2024-10-10 03:43:06,729 INFO - ContAudITWrapper#8 - Current directory: /home/ec2-user/Code/ufrgs-poc/contaudit-wrapper.jar
2024-10-10 03:43:22,364 INFO - ContAudITWrapper#8 - Wrapper hash: b7519188ed863d76e5199a8d880bb968bdf9124fad53b871583787e123a7a764
2024-10-10 03:43:22,372 INFO - ContAudITWrapper#8 - Validating Wrapper...
2024-10-10 03:44:15,765 INFO - ContAudITWrapper#8 - Response true
2024-10-10 03:44:15,900 INFO - ContAudITWrapper#8 - Application hash: e36ee2d35f8c4c41bd358782dfb3ac8852b40439d350ff27616f0c18819ce9bf
2024-10-10 03:44:15,901 INFO - ContAudITWrapper#8 - Validating Application...
2024-10-10 03:44:29,329 INFO - ContAudITWrapper#8 - Response true
2024-10-10 03:44:29,337 INFO - ContAudITWrapper#8 - Artifact user.workflow hash: 52877374d8c54314b7af92814eaf729121e99a87e9706a2888cd9bcd951b11c9
2024-10-10 03:44:29,343 INFO - ContAudITWrapper#8 - Validating Artifact...
2024-10-10 03:44:45,010 INFO - ContAudITWrapper#8 - Response true
2024-10-10 03:44:45,013 INFO - ContAudITWrapper#8 - Running pre-command actions...
2024-10-10 03:44:45,014 INFO - ContAudITWrapper#8 - Analyzing current environment state...
2024-10-10 03:44:45,172 INFO - ContAudITWrapper#8 - Saving current environment state...
2024-10-10 03:44:45,173 INFO - ContAudITWrapper#8 - Environment state hash: a7ffc6f8bf1ed76651c14756a061d662f580ff4de43b49fa82d80a4b80f8434a
2024-10-10 03:44:45,177 INFO - ContAudITWrapper#8 - Executing command...
2024-10-10 03:44:57,387 INFO - ContAudITWrapper#8 - Command output: 
2024-10-10 03:44:45.481425508 [executor] Initializing the workflow...
[useradd_workflow] User contaudit8 already exists. Removing...
[useradd_workflow] User contaudit8 successfully removed.
[useradd_workflow] User contaudit8 created successfully.
2024-10-10 03:44:57.386425366 [executor] Finished!

2024-10-10 03:44:57,387 INFO - ContAudITWrapper#8 - Running post-command actions...
2024-10-10 03:44:57,388 INFO - ContAudITWrapper#8 - Analyzing current environment state...
2024-10-10 03:44:57,397 INFO - ContAudITWrapper#8 - Saving current environment state...
2024-10-10 03:44:57,397 INFO - ContAudITWrapper#8 - Environment state hash: a7ffc6f8bf1ed76651c14756a061d662f580ff4de43b49fa82d80a4b80f8434a
2024-10-10 03:44:57,399 INFO - ContAudITWrapper#8 - Checking environment diff...
2024-10-10 03:44:57,407 INFO - ContAudITWrapper#8 - Environment diff: 
2024-10-10 03:44:57,408 INFO - ContAudITWrapper#8 - Cleaning temporary files...
2024-10-10 03:44:57,417 INFO - ContAudITWrapper#8 - Sending to blockchain...
2024-10-10 03:44:59,378 INFO - ContAudITWrapper#8 - Response 
2024-10-10 03:44:59,380 INFO - ContAudITWrapper#8 - Finishing ContAudIT Wrapper...
