2024-10-10 03:43:07,369 INFO - ContAudITWrapper#67 - Initializing ContAudIT Wrapper...
2024-10-10 03:43:07,440 INFO - ContAudITWrapper#67 - Current directory: /home/ec2-user/Code/ufrgs-poc/contaudit-wrapper.jar
2024-10-10 03:43:26,517 INFO - ContAudITWrapper#67 - Wrapper hash: b7519188ed863d76e5199a8d880bb968bdf9124fad53b871583787e123a7a764
2024-10-10 03:43:26,629 INFO - ContAudITWrapper#67 - Validating Wrapper...
2024-10-10 03:44:26,250 INFO - ContAudITWrapper#67 - Response true
2024-10-10 03:44:26,424 INFO - ContAudITWrapper#67 - Application hash: e36ee2d35f8c4c41bd358782dfb3ac8852b40439d350ff27616f0c18819ce9bf
2024-10-10 03:44:26,424 INFO - ContAudITWrapper#67 - Validating Application...
2024-10-10 03:44:41,686 INFO - ContAudITWrapper#67 - Response true
2024-10-10 03:44:41,698 INFO - ContAudITWrapper#67 - Artifact user.workflow hash: 52877374d8c54314b7af92814eaf729121e99a87e9706a2888cd9bcd951b11c9
2024-10-10 03:44:41,760 INFO - ContAudITWrapper#67 - Validating Artifact...
2024-10-10 03:44:47,873 INFO - ContAudITWrapper#67 - Response true
2024-10-10 03:44:47,988 INFO - ContAudITWrapper#67 - Running pre-command actions...
2024-10-10 03:44:47,989 INFO - ContAudITWrapper#67 - Analyzing current environment state...
2024-10-10 03:44:48,173 INFO - ContAudITWrapper#67 - Saving current environment state...
2024-10-10 03:44:48,174 INFO - ContAudITWrapper#67 - Environment state hash: a7ffc6f8bf1ed76651c14756a061d662f580ff4de43b49fa82d80a4b80f8434a
2024-10-10 03:44:48,176 INFO - ContAudITWrapper#67 - Executing command...
2024-10-10 03:44:58,746 INFO - ContAudITWrapper#67 - Command output: 
2024-10-10 03:44:48.238352357 [executor] Initializing the workflow...
[useradd_workflow] User contaudit67 already exists. Removing...
[useradd_workflow] User contaudit67 successfully removed.
[useradd_workflow] User contaudit67 created successfully.
2024-10-10 03:44:58.745545246 [executor] Finished!

2024-10-10 03:44:58,746 INFO - ContAudITWrapper#67 - Running post-command actions...
2024-10-10 03:44:58,747 INFO - ContAudITWrapper#67 - Analyzing current environment state...
2024-10-10 03:44:58,756 INFO - ContAudITWrapper#67 - Saving current environment state...
2024-10-10 03:44:58,756 INFO - ContAudITWrapper#67 - Environment state hash: a7ffc6f8bf1ed76651c14756a061d662f580ff4de43b49fa82d80a4b80f8434a
2024-10-10 03:44:58,756 INFO - ContAudITWrapper#67 - Checking environment diff...
2024-10-10 03:44:58,761 INFO - ContAudITWrapper#67 - Environment diff: 
2024-10-10 03:44:58,761 INFO - ContAudITWrapper#67 - Cleaning temporary files...
2024-10-10 03:44:58,767 INFO - ContAudITWrapper#67 - Sending to blockchain...
2024-10-10 03:45:01,268 INFO - ContAudITWrapper#67 - Response 
2024-10-10 03:45:01,273 INFO - ContAudITWrapper#67 - Finishing ContAudIT Wrapper...
