2024-10-10 03:43:06,876 INFO - ContAudITWrapper#68 - Initializing ContAudIT Wrapper...
2024-10-10 03:43:07,028 INFO - ContAudITWrapper#68 - Current directory: /home/ec2-user/Code/ufrgs-poc/contaudit-wrapper.jar
2024-10-10 03:43:18,101 INFO - ContAudITWrapper#68 - Wrapper hash: b7519188ed863d76e5199a8d880bb968bdf9124fad53b871583787e123a7a764
2024-10-10 03:43:18,109 INFO - ContAudITWrapper#68 - Validating Wrapper...
2024-10-10 03:44:04,092 INFO - ContAudITWrapper#68 - Response true
2024-10-10 03:44:04,248 INFO - ContAudITWrapper#68 - Application hash: e36ee2d35f8c4c41bd358782dfb3ac8852b40439d350ff27616f0c18819ce9bf
2024-10-10 03:44:04,248 INFO - ContAudITWrapper#68 - Validating Application...
2024-10-10 03:44:20,263 INFO - ContAudITWrapper#68 - Response true
2024-10-10 03:44:20,279 INFO - ContAudITWrapper#68 - Artifact user.workflow hash: 52877374d8c54314b7af92814eaf729121e99a87e9706a2888cd9bcd951b11c9
2024-10-10 03:44:20,284 INFO - ContAudITWrapper#68 - Validating Artifact...
2024-10-10 03:44:31,245 INFO - ContAudITWrapper#68 - Response true
2024-10-10 03:44:31,248 INFO - ContAudITWrapper#68 - Running pre-command actions...
2024-10-10 03:44:31,249 INFO - ContAudITWrapper#68 - Analyzing current environment state...
2024-10-10 03:44:31,669 INFO - ContAudITWrapper#68 - Saving current environment state...
2024-10-10 03:44:31,670 INFO - ContAudITWrapper#68 - Environment state hash: a7ffc6f8bf1ed76651c14756a061d662f580ff4de43b49fa82d80a4b80f8434a
2024-10-10 03:44:31,670 INFO - ContAudITWrapper#68 - Executing command...
2024-10-10 03:44:37,089 INFO - ContAudITWrapper#68 - Command output: 
2024-10-10 03:44:31.913156611 [executor] Initializing the workflow...
[useradd_workflow] User contaudit68 already exists. Removing...
[useradd_workflow] User contaudit68 successfully removed.
[useradd_workflow] User contaudit68 created successfully.
2024-10-10 03:44:37.088114565 [executor] Finished!

2024-10-10 03:44:37,089 INFO - ContAudITWrapper#68 - Running post-command actions...
2024-10-10 03:44:37,089 INFO - ContAudITWrapper#68 - Analyzing current environment state...
2024-10-10 03:44:37,250 INFO - ContAudITWrapper#68 - Saving current environment state...
2024-10-10 03:44:37,251 INFO - ContAudITWrapper#68 - Environment state hash: a7ffc6f8bf1ed76651c14756a061d662f580ff4de43b49fa82d80a4b80f8434a
2024-10-10 03:44:37,251 INFO - ContAudITWrapper#68 - Checking environment diff...
2024-10-10 03:44:37,368 INFO - ContAudITWrapper#68 - Environment diff: 
2024-10-10 03:44:37,368 INFO - ContAudITWrapper#68 - Cleaning temporary files...
2024-10-10 03:44:37,473 INFO - ContAudITWrapper#68 - Sending to blockchain...
2024-10-10 03:44:51,144 INFO - ContAudITWrapper#68 - Response 
2024-10-10 03:44:51,146 INFO - ContAudITWrapper#68 - Finishing ContAudIT Wrapper...
