2024-10-10 03:43:06,061 INFO - ContAudITWrapper#57 - Initializing ContAudIT Wrapper...
2024-10-10 03:43:06,248 INFO - ContAudITWrapper#57 - Current directory: /home/ec2-user/Code/ufrgs-poc/contaudit-wrapper.jar
2024-10-10 03:43:28,846 INFO - ContAudITWrapper#57 - Wrapper hash: b7519188ed863d76e5199a8d880bb968bdf9124fad53b871583787e123a7a764
2024-10-10 03:43:28,853 INFO - ContAudITWrapper#57 - Validating Wrapper...
2024-10-10 03:44:29,457 INFO - ContAudITWrapper#57 - Response true
2024-10-10 03:44:29,727 INFO - ContAudITWrapper#57 - Application hash: e36ee2d35f8c4c41bd358782dfb3ac8852b40439d350ff27616f0c18819ce9bf
2024-10-10 03:44:29,768 INFO - ContAudITWrapper#57 - Validating Application...
2024-10-10 03:44:40,535 INFO - ContAudITWrapper#57 - Response true
2024-10-10 03:44:40,579 INFO - ContAudITWrapper#57 - Artifact user.workflow hash: 52877374d8c54314b7af92814eaf729121e99a87e9706a2888cd9bcd951b11c9
2024-10-10 03:44:40,598 INFO - ContAudITWrapper#57 - Validating Artifact...
2024-10-10 03:44:50,356 INFO - ContAudITWrapper#57 - Response true
2024-10-10 03:44:50,373 INFO - ContAudITWrapper#57 - Running pre-command actions...
2024-10-10 03:44:50,374 INFO - ContAudITWrapper#57 - Analyzing current environment state...
2024-10-10 03:44:50,617 INFO - ContAudITWrapper#57 - Saving current environment state...
2024-10-10 03:44:50,618 INFO - ContAudITWrapper#57 - Environment state hash: a7ffc6f8bf1ed76651c14756a061d662f580ff4de43b49fa82d80a4b80f8434a
2024-10-10 03:44:50,618 INFO - ContAudITWrapper#57 - Executing command...
2024-10-10 03:45:00,744 INFO - ContAudITWrapper#57 - Command output: 
2024-10-10 03:44:50.670044781 [executor] Initializing the workflow...
[useradd_workflow] User contaudit57 already exists. Removing...
[useradd_workflow] User contaudit57 successfully removed.
[useradd_workflow] User contaudit57 created successfully.
2024-10-10 03:45:00.744044714 [executor] Finished!

2024-10-10 03:45:00,744 INFO - ContAudITWrapper#57 - Running post-command actions...
2024-10-10 03:45:00,744 INFO - ContAudITWrapper#57 - Analyzing current environment state...
2024-10-10 03:45:00,749 INFO - ContAudITWrapper#57 - Saving current environment state...
2024-10-10 03:45:00,750 INFO - ContAudITWrapper#57 - Environment state hash: a7ffc6f8bf1ed76651c14756a061d662f580ff4de43b49fa82d80a4b80f8434a
2024-10-10 03:45:00,750 INFO - ContAudITWrapper#57 - Checking environment diff...
2024-10-10 03:45:00,754 INFO - ContAudITWrapper#57 - Environment diff: 
2024-10-10 03:45:00,754 INFO - ContAudITWrapper#57 - Cleaning temporary files...
2024-10-10 03:45:00,757 INFO - ContAudITWrapper#57 - Sending to blockchain...
2024-10-10 03:45:03,682 INFO - ContAudITWrapper#57 - Response 
2024-10-10 03:45:03,684 INFO - ContAudITWrapper#57 - Finishing ContAudIT Wrapper...
