2024-10-10 03:43:05,607 INFO - ContAudITWrapper#44 - Initializing ContAudIT Wrapper...
2024-10-10 03:43:05,791 INFO - ContAudITWrapper#44 - Current directory: /home/ec2-user/Code/ufrgs-poc/contaudit-wrapper.jar
2024-10-10 03:43:29,353 INFO - ContAudITWrapper#44 - Wrapper hash: b7519188ed863d76e5199a8d880bb968bdf9124fad53b871583787e123a7a764
2024-10-10 03:43:29,405 INFO - ContAudITWrapper#44 - Validating Wrapper...
2024-10-10 03:44:31,232 INFO - ContAudITWrapper#44 - Response true
2024-10-10 03:44:31,402 INFO - ContAudITWrapper#44 - Application hash: e36ee2d35f8c4c41bd358782dfb3ac8852b40439d350ff27616f0c18819ce9bf
2024-10-10 03:44:31,403 INFO - ContAudITWrapper#44 - Validating Application...
2024-10-10 03:44:42,756 INFO - ContAudITWrapper#44 - Response true
2024-10-10 03:44:42,766 INFO - ContAudITWrapper#44 - Artifact user.workflow hash: 52877374d8c54314b7af92814eaf729121e99a87e9706a2888cd9bcd951b11c9
2024-10-10 03:44:42,774 INFO - ContAudITWrapper#44 - Validating Artifact...
2024-10-10 03:44:52,937 INFO - ContAudITWrapper#44 - Response true
2024-10-10 03:44:52,949 INFO - ContAudITWrapper#44 - Running pre-command actions...
2024-10-10 03:44:52,950 INFO - ContAudITWrapper#44 - Analyzing current environment state...
2024-10-10 03:44:53,152 INFO - ContAudITWrapper#44 - Saving current environment state...
2024-10-10 03:44:53,153 INFO - ContAudITWrapper#44 - Environment state hash: a7ffc6f8bf1ed76651c14756a061d662f580ff4de43b49fa82d80a4b80f8434a
2024-10-10 03:44:53,153 INFO - ContAudITWrapper#44 - Executing command...
2024-10-10 03:45:03,067 INFO - ContAudITWrapper#44 - Command output: 
2024-10-10 03:44:53.349124996 [executor] Initializing the workflow...
[useradd_workflow] User contaudit44 already exists. Removing...
[useradd_workflow] User contaudit44 successfully removed.
[useradd_workflow] User contaudit44 created successfully.
2024-10-10 03:45:03.063993421 [executor] Finished!

2024-10-10 03:45:03,068 INFO - ContAudITWrapper#44 - Running post-command actions...
2024-10-10 03:45:03,068 INFO - ContAudITWrapper#44 - Analyzing current environment state...
2024-10-10 03:45:03,093 INFO - ContAudITWrapper#44 - Saving current environment state...
2024-10-10 03:45:03,093 INFO - ContAudITWrapper#44 - Environment state hash: a7ffc6f8bf1ed76651c14756a061d662f580ff4de43b49fa82d80a4b80f8434a
2024-10-10 03:45:03,094 INFO - ContAudITWrapper#44 - Checking environment diff...
2024-10-10 03:45:03,115 INFO - ContAudITWrapper#44 - Environment diff: 
2024-10-10 03:45:03,116 INFO - ContAudITWrapper#44 - Cleaning temporary files...
2024-10-10 03:45:03,125 INFO - ContAudITWrapper#44 - Sending to blockchain...
2024-10-10 03:45:05,670 INFO - ContAudITWrapper#44 - Response 
2024-10-10 03:45:05,672 INFO - ContAudITWrapper#44 - Finishing ContAudIT Wrapper...
