2024-10-10 03:43:06,609 INFO - ContAudITWrapper#25 - Initializing ContAudIT Wrapper...
2024-10-10 03:43:06,867 INFO - ContAudITWrapper#25 - Current directory: /home/ec2-user/Code/ufrgs-poc/contaudit-wrapper.jar
2024-10-10 03:43:34,611 INFO - ContAudITWrapper#25 - Wrapper hash: b7519188ed863d76e5199a8d880bb968bdf9124fad53b871583787e123a7a764
2024-10-10 03:43:34,618 INFO - ContAudITWrapper#25 - Validating Wrapper...
2024-10-10 03:44:32,121 INFO - ContAudITWrapper#25 - Response true
2024-10-10 03:44:32,372 INFO - ContAudITWrapper#25 - Application hash: e36ee2d35f8c4c41bd358782dfb3ac8852b40439d350ff27616f0c18819ce9bf
2024-10-10 03:44:32,374 INFO - ContAudITWrapper#25 - Validating Application...
2024-10-10 03:44:46,066 INFO - ContAudITWrapper#25 - Response true
2024-10-10 03:44:46,076 INFO - ContAudITWrapper#25 - Artifact user.workflow hash: 52877374d8c54314b7af92814eaf729121e99a87e9706a2888cd9bcd951b11c9
2024-10-10 03:44:46,085 INFO - ContAudITWrapper#25 - Validating Artifact...
2024-10-10 03:44:53,225 INFO - ContAudITWrapper#25 - Response true
2024-10-10 03:44:53,236 INFO - ContAudITWrapper#25 - Running pre-command actions...
2024-10-10 03:44:53,237 INFO - ContAudITWrapper#25 - Analyzing current environment state...
2024-10-10 03:44:53,426 INFO - ContAudITWrapper#25 - Saving current environment state...
2024-10-10 03:44:53,427 INFO - ContAudITWrapper#25 - Environment state hash: a7ffc6f8bf1ed76651c14756a061d662f580ff4de43b49fa82d80a4b80f8434a
2024-10-10 03:44:53,428 INFO - ContAudITWrapper#25 - Executing command...
2024-10-10 03:45:03,139 INFO - ContAudITWrapper#25 - Command output: 
2024-10-10 03:44:53.463770485 [executor] Initializing the workflow...
[useradd_workflow] User contaudit25 already exists. Removing...
[useradd_workflow] User contaudit25 successfully removed.
[useradd_workflow] User contaudit25 created successfully.
2024-10-10 03:45:03.138520028 [executor] Finished!

2024-10-10 03:45:03,140 INFO - ContAudITWrapper#25 - Running post-command actions...
2024-10-10 03:45:03,140 INFO - ContAudITWrapper#25 - Analyzing current environment state...
2024-10-10 03:45:03,194 INFO - ContAudITWrapper#25 - Saving current environment state...
2024-10-10 03:45:03,195 INFO - ContAudITWrapper#25 - Environment state hash: a7ffc6f8bf1ed76651c14756a061d662f580ff4de43b49fa82d80a4b80f8434a
2024-10-10 03:45:03,196 INFO - ContAudITWrapper#25 - Checking environment diff...
2024-10-10 03:45:03,241 INFO - ContAudITWrapper#25 - Environment diff: 
2024-10-10 03:45:03,242 INFO - ContAudITWrapper#25 - Cleaning temporary files...
2024-10-10 03:45:03,261 INFO - ContAudITWrapper#25 - Sending to blockchain...
2024-10-10 03:45:07,029 INFO - ContAudITWrapper#25 - Response 
2024-10-10 03:45:07,035 INFO - ContAudITWrapper#25 - Finishing ContAudIT Wrapper...
