2024-10-10 03:43:06,980 INFO - ContAudITWrapper#55 - Initializing ContAudIT Wrapper...
2024-10-10 03:43:07,060 INFO - ContAudITWrapper#55 - Current directory: /home/ec2-user/Code/ufrgs-poc/contaudit-wrapper.jar
2024-10-10 03:43:25,527 INFO - ContAudITWrapper#55 - Wrapper hash: b7519188ed863d76e5199a8d880bb968bdf9124fad53b871583787e123a7a764
2024-10-10 03:43:25,587 INFO - ContAudITWrapper#55 - Validating Wrapper...
2024-10-10 03:44:20,152 INFO - ContAudITWrapper#55 - Response true
2024-10-10 03:44:20,353 INFO - ContAudITWrapper#55 - Application hash: e36ee2d35f8c4c41bd358782dfb3ac8852b40439d350ff27616f0c18819ce9bf
2024-10-10 03:44:20,354 INFO - ContAudITWrapper#55 - Validating Application...
2024-10-10 03:44:33,058 INFO - ContAudITWrapper#55 - Response true
2024-10-10 03:44:33,067 INFO - ContAudITWrapper#55 - Artifact user.workflow hash: 52877374d8c54314b7af92814eaf729121e99a87e9706a2888cd9bcd951b11c9
2024-10-10 03:44:33,100 INFO - ContAudITWrapper#55 - Validating Artifact...
2024-10-10 03:44:44,243 INFO - ContAudITWrapper#55 - Response true
2024-10-10 03:44:44,248 INFO - ContAudITWrapper#55 - Running pre-command actions...
2024-10-10 03:44:44,249 INFO - ContAudITWrapper#55 - Analyzing current environment state...
2024-10-10 03:44:44,368 INFO - ContAudITWrapper#55 - Saving current environment state...
2024-10-10 03:44:44,368 INFO - ContAudITWrapper#55 - Environment state hash: a7ffc6f8bf1ed76651c14756a061d662f580ff4de43b49fa82d80a4b80f8434a
2024-10-10 03:44:44,369 INFO - ContAudITWrapper#55 - Executing command...
2024-10-10 03:44:56,115 INFO - ContAudITWrapper#55 - Command output: 
2024-10-10 03:44:44.492410884 [executor] Initializing the workflow...
[useradd_workflow] User contaudit55 already exists. Removing...
[useradd_workflow] User contaudit55 successfully removed.
[useradd_workflow] User contaudit55 created successfully.
2024-10-10 03:44:56.112041387 [executor] Finished!

2024-10-10 03:44:56,115 INFO - ContAudITWrapper#55 - Running post-command actions...
2024-10-10 03:44:56,116 INFO - ContAudITWrapper#55 - Analyzing current environment state...
2024-10-10 03:44:56,180 INFO - ContAudITWrapper#55 - Saving current environment state...
2024-10-10 03:44:56,181 INFO - ContAudITWrapper#55 - Environment state hash: a7ffc6f8bf1ed76651c14756a061d662f580ff4de43b49fa82d80a4b80f8434a
2024-10-10 03:44:56,181 INFO - ContAudITWrapper#55 - Checking environment diff...
2024-10-10 03:44:56,223 INFO - ContAudITWrapper#55 - Environment diff: 
2024-10-10 03:44:56,224 INFO - ContAudITWrapper#55 - Cleaning temporary files...
2024-10-10 03:44:56,264 INFO - ContAudITWrapper#55 - Sending to blockchain...
2024-10-10 03:44:59,383 INFO - ContAudITWrapper#55 - Response 
2024-10-10 03:44:59,385 INFO - ContAudITWrapper#55 - Finishing ContAudIT Wrapper...
