2024-10-11 09:04:54,509 INFO - ContAudITWrapper#18 - Initializing ContAudIT Wrapper...
2024-10-11 09:04:54,518 INFO - ContAudITWrapper#18 - Current directory: /home/ec2-user/Code/ufrgs-poc/contaudit-wrapper.jar
2024-10-11 09:04:56,677 INFO - ContAudITWrapper#18 - Wrapper hash: b7519188ed863d76e5199a8d880bb968bdf9124fad53b871583787e123a7a764
2024-10-11 09:04:56,684 INFO - ContAudITWrapper#18 - Validating Wrapper...
2024-10-11 09:04:59,102 INFO - ContAudITWrapper#18 - Response true
2024-10-11 09:04:59,150 INFO - ContAudITWrapper#18 - Application hash: e36ee2d35f8c4c41bd358782dfb3ac8852b40439d350ff27616f0c18819ce9bf
2024-10-11 09:04:59,151 INFO - ContAudITWrapper#18 - Validating Application...
2024-10-11 09:04:59,724 INFO - ContAudITWrapper#18 - Response true
2024-10-11 09:04:59,728 INFO - ContAudITWrapper#18 - Artifact vim.workflow hash: c2cd8e965b29c5d0c1074b5d083f6beb66f185746aced776659b092dece12743
2024-10-11 09:04:59,733 INFO - ContAudITWrapper#18 - Validating Artifact...
2024-10-11 09:05:00,284 INFO - ContAudITWrapper#18 - Response true
2024-10-11 09:05:00,285 INFO - ContAudITWrapper#18 - Running pre-command actions...
2024-10-11 09:05:00,286 INFO - ContAudITWrapper#18 - Analyzing current environment state...
2024-10-11 09:05:00,293 INFO - ContAudITWrapper#18 - Saving current environment state...
2024-10-11 09:05:00,294 INFO - ContAudITWrapper#18 - Environment state hash: a7ffc6f8bf1ed76651c14756a061d662f580ff4de43b49fa82d80a4b80f8434a
2024-10-11 09:05:00,294 INFO - ContAudITWrapper#18 - Executing command...
2024-10-11 09:05:01,247 INFO - ContAudITWrapper#18 - Command output: 
2024-10-11 09:05:00.298211289 [executor] Initializing the workflow...
[vim_workflow] Checking operating system...
[vim_workflow] Detected Amazon Linux.
[vim_workflow] Checking if vim is installed...
[vim_workflow] Vim found! Removing...
Dependencies resolved.
================================================================================
 Package          Arch       Version                     Repository        Size
================================================================================
Removing:
 vim-enhanced     x86_64     2:9.0.2153-1.amzn2023       @amazonlinux     4.0 M

Transaction Summary
================================================================================
Remove  1 Package

Freed space: 4.0 M
Running transaction check
Transaction check succeeded.
Running transaction test
Transaction test succeeded.
Running transaction
  Preparing        :                                                        1/1 
  Erasing          : vim-enhanced-2:9.0.2153-1.amzn2023.x86_64              1/1 
  Verifying        : vim-enhanced-2:9.0.2153-1.amzn2023.x86_64              1/1 

Removed:
  vim-enhanced-2:9.0.2153-1.amzn2023.x86_64                                     

Complete!
2024-10-11 09:05:01.247346959 [executor] Finished!

2024-10-11 09:05:01,248 INFO - ContAudITWrapper#18 - Running post-command actions...
2024-10-11 09:05:01,248 INFO - ContAudITWrapper#18 - Analyzing current environment state...
2024-10-11 09:05:01,253 INFO - ContAudITWrapper#18 - Saving current environment state...
2024-10-11 09:05:01,253 INFO - ContAudITWrapper#18 - Environment state hash: a7ffc6f8bf1ed76651c14756a061d662f580ff4de43b49fa82d80a4b80f8434a
2024-10-11 09:05:01,253 INFO - ContAudITWrapper#18 - Checking environment diff...
2024-10-11 09:05:01,256 INFO - ContAudITWrapper#18 - Environment diff: 
2024-10-11 09:05:01,256 INFO - ContAudITWrapper#18 - Cleaning temporary files...
2024-10-11 09:05:01,259 INFO - ContAudITWrapper#18 - Sending to blockchain...
2024-10-11 09:05:03,907 INFO - ContAudITWrapper#18 - Response 
2024-10-11 09:05:03,908 INFO - ContAudITWrapper#18 - Finishing ContAudIT Wrapper...
