2024-10-11 05:12:57,519 INFO - ContAudITWrapper#46 - Initializing ContAudIT Wrapper...
2024-10-11 05:12:57,807 INFO - ContAudITWrapper#46 - Current directory: /home/ec2-user/Code/ufrgs-poc/contaudit-wrapper.jar
2024-10-11 05:13:23,567 INFO - ContAudITWrapper#46 - Wrapper hash: b7519188ed863d76e5199a8d880bb968bdf9124fad53b871583787e123a7a764
2024-10-11 05:13:23,739 INFO - ContAudITWrapper#46 - Validating Wrapper...
2024-10-11 05:14:34,954 INFO - ContAudITWrapper#46 - Response true
2024-10-11 05:14:34,976 INFO - ContAudITWrapper#46 - Application hash: e36ee2d35f8c4c41bd358782dfb3ac8852b40439d350ff27616f0c18819ce9bf
2024-10-11 05:14:35,018 INFO - ContAudITWrapper#46 - Validating Application...
2024-10-11 05:14:51,464 INFO - ContAudITWrapper#46 - Response true
2024-10-11 05:14:51,484 INFO - ContAudITWrapper#46 - Artifact apache2.workflow hash: bdb4cee855e21446b6ae53ddcb76a1632ef8c4545b5db0517e01ffd552157f6e
2024-10-11 05:14:51,526 INFO - ContAudITWrapper#46 - Validating Artifact...
2024-10-11 05:15:01,944 INFO - ContAudITWrapper#46 - Response true
2024-10-11 05:15:01,950 INFO - ContAudITWrapper#46 - Running pre-command actions...
2024-10-11 05:15:01,952 INFO - ContAudITWrapper#46 - Analyzing current environment state...
2024-10-11 05:15:02,180 INFO - ContAudITWrapper#46 - Saving current environment state...
2024-10-11 05:15:02,181 INFO - ContAudITWrapper#46 - Environment state hash: a7ffc6f8bf1ed76651c14756a061d662f580ff4de43b49fa82d80a4b80f8434a
2024-10-11 05:15:02,181 INFO - ContAudITWrapper#46 - Executing command...
2024-10-11 05:15:03,824 INFO - ContAudITWrapper#46 - Command output: 
2024-10-11 05:15:02.340854606 [executor] Initializing the workflow...
[apache2_workflow] Apache HTTP Server already installed.
[apache2_workflow] UserDir module already loaded.
[apache2_workflow] Configs to UserDir already exist.
[apache2_workflow] public_html directory already exists in /home/ec2-user.
[apache2_workflow] Creating a simple webpage...
[apache2_workflow] Moving webpage to Apache HTTP Server user website folder...
[apache2_workflow] Page moved successfully!
2024-10-11 05:15:03.823692677 [executor] Finished!

2024-10-11 05:15:03,825 INFO - ContAudITWrapper#46 - Running post-command actions...
2024-10-11 05:15:03,825 INFO - ContAudITWrapper#46 - Analyzing current environment state...
2024-10-11 05:15:04,096 INFO - ContAudITWrapper#46 - Saving current environment state...
2024-10-11 05:15:04,096 INFO - ContAudITWrapper#46 - Environment state hash: a7ffc6f8bf1ed76651c14756a061d662f580ff4de43b49fa82d80a4b80f8434a
2024-10-11 05:15:04,097 INFO - ContAudITWrapper#46 - Checking environment diff...
2024-10-11 05:15:04,173 INFO - ContAudITWrapper#46 - Environment diff: 
2024-10-11 05:15:04,174 INFO - ContAudITWrapper#46 - Cleaning temporary files...
2024-10-11 05:15:04,332 INFO - ContAudITWrapper#46 - Sending to blockchain...
2024-10-11 05:15:12,672 INFO - ContAudITWrapper#46 - Response 
2024-10-11 05:15:12,675 INFO - ContAudITWrapper#46 - Finishing ContAudIT Wrapper...
