2024-10-11 05:12:57,995 INFO - ContAudITWrapper#19 - Initializing ContAudIT Wrapper...
2024-10-11 05:12:58,281 INFO - ContAudITWrapper#19 - Current directory: /home/ec2-user/Code/ufrgs-poc/contaudit-wrapper.jar
2024-10-11 05:13:20,872 INFO - ContAudITWrapper#19 - Wrapper hash: b7519188ed863d76e5199a8d880bb968bdf9124fad53b871583787e123a7a764
2024-10-11 05:13:20,974 INFO - ContAudITWrapper#19 - Validating Wrapper...
2024-10-11 05:14:31,557 INFO - ContAudITWrapper#19 - Response true
2024-10-11 05:14:31,710 INFO - ContAudITWrapper#19 - Application hash: e36ee2d35f8c4c41bd358782dfb3ac8852b40439d350ff27616f0c18819ce9bf
2024-10-11 05:14:31,711 INFO - ContAudITWrapper#19 - Validating Application...
2024-10-11 05:14:44,721 INFO - ContAudITWrapper#19 - Response true
2024-10-11 05:14:44,739 INFO - ContAudITWrapper#19 - Artifact apache2.workflow hash: bdb4cee855e21446b6ae53ddcb76a1632ef8c4545b5db0517e01ffd552157f6e
2024-10-11 05:14:44,749 INFO - ContAudITWrapper#19 - Validating Artifact...
2024-10-11 05:14:54,558 INFO - ContAudITWrapper#19 - Response true
2024-10-11 05:14:54,559 INFO - ContAudITWrapper#19 - Running pre-command actions...
2024-10-11 05:14:54,567 INFO - ContAudITWrapper#19 - Analyzing current environment state...
2024-10-11 05:14:54,754 INFO - ContAudITWrapper#19 - Saving current environment state...
2024-10-11 05:14:54,755 INFO - ContAudITWrapper#19 - Environment state hash: a7ffc6f8bf1ed76651c14756a061d662f580ff4de43b49fa82d80a4b80f8434a
2024-10-11 05:14:54,756 INFO - ContAudITWrapper#19 - Executing command...
2024-10-11 05:14:56,022 INFO - ContAudITWrapper#19 - Command output: 
2024-10-11 05:14:54.882982114 [executor] Initializing the workflow...
[apache2_workflow] Apache HTTP Server already installed.
[apache2_workflow] UserDir module already loaded.
[apache2_workflow] Configs to UserDir already exist.
[apache2_workflow] public_html directory already exists in /home/ec2-user.
[apache2_workflow] Creating a simple webpage...
[apache2_workflow] Moving webpage to Apache HTTP Server user website folder...
[apache2_workflow] Page moved successfully!
2024-10-11 05:14:56.021172099 [executor] Finished!

2024-10-11 05:14:56,022 INFO - ContAudITWrapper#19 - Running post-command actions...
2024-10-11 05:14:56,022 INFO - ContAudITWrapper#19 - Analyzing current environment state...
2024-10-11 05:14:56,174 INFO - ContAudITWrapper#19 - Saving current environment state...
2024-10-11 05:14:56,175 INFO - ContAudITWrapper#19 - Environment state hash: a7ffc6f8bf1ed76651c14756a061d662f580ff4de43b49fa82d80a4b80f8434a
2024-10-11 05:14:56,175 INFO - ContAudITWrapper#19 - Checking environment diff...
2024-10-11 05:14:56,360 INFO - ContAudITWrapper#19 - Environment diff: 
2024-10-11 05:14:56,361 INFO - ContAudITWrapper#19 - Cleaning temporary files...
2024-10-11 05:14:56,509 INFO - ContAudITWrapper#19 - Sending to blockchain...
2024-10-11 05:15:06,452 INFO - ContAudITWrapper#19 - Response 
2024-10-11 05:15:06,454 INFO - ContAudITWrapper#19 - Finishing ContAudIT Wrapper...
