2024-10-11 05:12:57,815 INFO - ContAudITWrapper#57 - Initializing ContAudIT Wrapper...
2024-10-11 05:12:57,917 INFO - ContAudITWrapper#57 - Current directory: /home/ec2-user/Code/ufrgs-poc/contaudit-wrapper.jar
2024-10-11 05:13:21,149 INFO - ContAudITWrapper#57 - Wrapper hash: b7519188ed863d76e5199a8d880bb968bdf9124fad53b871583787e123a7a764
2024-10-11 05:13:21,271 INFO - ContAudITWrapper#57 - Validating Wrapper...
2024-10-11 05:14:32,125 INFO - ContAudITWrapper#57 - Response true
2024-10-11 05:14:32,380 INFO - ContAudITWrapper#57 - Application hash: e36ee2d35f8c4c41bd358782dfb3ac8852b40439d350ff27616f0c18819ce9bf
2024-10-11 05:14:32,381 INFO - ContAudITWrapper#57 - Validating Application...
2024-10-11 05:14:48,372 INFO - ContAudITWrapper#57 - Response true
2024-10-11 05:14:48,406 INFO - ContAudITWrapper#57 - Artifact apache2.workflow hash: bdb4cee855e21446b6ae53ddcb76a1632ef8c4545b5db0517e01ffd552157f6e
2024-10-11 05:14:48,417 INFO - ContAudITWrapper#57 - Validating Artifact...
2024-10-11 05:14:59,218 INFO - ContAudITWrapper#57 - Response true
2024-10-11 05:14:59,225 INFO - ContAudITWrapper#57 - Running pre-command actions...
2024-10-11 05:14:59,226 INFO - ContAudITWrapper#57 - Analyzing current environment state...
2024-10-11 05:14:59,470 INFO - ContAudITWrapper#57 - Saving current environment state...
2024-10-11 05:14:59,471 INFO - ContAudITWrapper#57 - Environment state hash: a7ffc6f8bf1ed76651c14756a061d662f580ff4de43b49fa82d80a4b80f8434a
2024-10-11 05:14:59,472 INFO - ContAudITWrapper#57 - Executing command...
2024-10-11 05:15:00,516 INFO - ContAudITWrapper#57 - Command output: 
2024-10-11 05:14:59.718878737 [executor] Initializing the workflow...
[apache2_workflow] Apache HTTP Server already installed.
[apache2_workflow] UserDir module already loaded.
[apache2_workflow] Configs to UserDir already exist.
[apache2_workflow] public_html directory already exists in /home/ec2-user.
[apache2_workflow] Creating a simple webpage...
[apache2_workflow] Moving webpage to Apache HTTP Server user website folder...
[apache2_workflow] Page moved successfully!
2024-10-11 05:15:00.515647950 [executor] Finished!

2024-10-11 05:15:00,517 INFO - ContAudITWrapper#57 - Running post-command actions...
2024-10-11 05:15:00,517 INFO - ContAudITWrapper#57 - Analyzing current environment state...
2024-10-11 05:15:00,724 INFO - ContAudITWrapper#57 - Saving current environment state...
2024-10-11 05:15:00,724 INFO - ContAudITWrapper#57 - Environment state hash: a7ffc6f8bf1ed76651c14756a061d662f580ff4de43b49fa82d80a4b80f8434a
2024-10-11 05:15:00,725 INFO - ContAudITWrapper#57 - Checking environment diff...
2024-10-11 05:15:00,853 INFO - ContAudITWrapper#57 - Environment diff: 
2024-10-11 05:15:00,854 INFO - ContAudITWrapper#57 - Cleaning temporary files...
2024-10-11 05:15:00,942 INFO - ContAudITWrapper#57 - Sending to blockchain...
2024-10-11 05:15:12,216 INFO - ContAudITWrapper#57 - Response 
2024-10-11 05:15:12,217 INFO - ContAudITWrapper#57 - Finishing ContAudIT Wrapper...
