2024-10-11 05:12:54,911 INFO - ContAudITWrapper#48 - Initializing ContAudIT Wrapper...
2024-10-11 05:12:55,044 INFO - ContAudITWrapper#48 - Current directory: /home/ec2-user/Code/ufrgs-poc/contaudit-wrapper.jar
2024-10-11 05:13:21,452 INFO - ContAudITWrapper#48 - Wrapper hash: b7519188ed863d76e5199a8d880bb968bdf9124fad53b871583787e123a7a764
2024-10-11 05:13:21,524 INFO - ContAudITWrapper#48 - Validating Wrapper...
2024-10-11 05:14:29,994 INFO - ContAudITWrapper#48 - Response true
2024-10-11 05:14:30,071 INFO - ContAudITWrapper#48 - Application hash: e36ee2d35f8c4c41bd358782dfb3ac8852b40439d350ff27616f0c18819ce9bf
2024-10-11 05:14:30,075 INFO - ContAudITWrapper#48 - Validating Application...
2024-10-11 05:14:46,757 INFO - ContAudITWrapper#48 - Response true
2024-10-11 05:14:46,788 INFO - ContAudITWrapper#48 - Artifact apache2.workflow hash: bdb4cee855e21446b6ae53ddcb76a1632ef8c4545b5db0517e01ffd552157f6e
2024-10-11 05:14:46,907 INFO - ContAudITWrapper#48 - Validating Artifact...
2024-10-11 05:14:56,363 INFO - ContAudITWrapper#48 - Response true
2024-10-11 05:14:56,391 INFO - ContAudITWrapper#48 - Running pre-command actions...
2024-10-11 05:14:56,392 INFO - ContAudITWrapper#48 - Analyzing current environment state...
2024-10-11 05:14:56,636 INFO - ContAudITWrapper#48 - Saving current environment state...
2024-10-11 05:14:56,637 INFO - ContAudITWrapper#48 - Environment state hash: a7ffc6f8bf1ed76651c14756a061d662f580ff4de43b49fa82d80a4b80f8434a
2024-10-11 05:14:56,637 INFO - ContAudITWrapper#48 - Executing command...
2024-10-11 05:14:58,462 INFO - ContAudITWrapper#48 - Command output: 
2024-10-11 05:14:56.913105830 [executor] Initializing the workflow...
[apache2_workflow] Apache HTTP Server already installed.
[apache2_workflow] UserDir module already loaded.
[apache2_workflow] Configs to UserDir already exist.
[apache2_workflow] public_html directory already exists in /home/ec2-user.
[apache2_workflow] Creating a simple webpage...
[apache2_workflow] Moving webpage to Apache HTTP Server user website folder...
[apache2_workflow] Page moved successfully!
2024-10-11 05:14:58.461202794 [executor] Finished!

2024-10-11 05:14:58,462 INFO - ContAudITWrapper#48 - Running post-command actions...
2024-10-11 05:14:58,462 INFO - ContAudITWrapper#48 - Analyzing current environment state...
2024-10-11 05:14:58,501 INFO - ContAudITWrapper#48 - Saving current environment state...
2024-10-11 05:14:58,503 INFO - ContAudITWrapper#48 - Environment state hash: a7ffc6f8bf1ed76651c14756a061d662f580ff4de43b49fa82d80a4b80f8434a
2024-10-11 05:14:58,503 INFO - ContAudITWrapper#48 - Checking environment diff...
2024-10-11 05:14:58,633 INFO - ContAudITWrapper#48 - Environment diff: 
2024-10-11 05:14:58,634 INFO - ContAudITWrapper#48 - Cleaning temporary files...
2024-10-11 05:14:58,686 INFO - ContAudITWrapper#48 - Sending to blockchain...
2024-10-11 05:15:09,616 INFO - ContAudITWrapper#48 - Response 
2024-10-11 05:15:09,617 INFO - ContAudITWrapper#48 - Finishing ContAudIT Wrapper...
