2024-10-11 05:12:54,838 INFO - ContAudITWrapper#53 - Initializing ContAudIT Wrapper...
2024-10-11 05:12:55,151 INFO - ContAudITWrapper#53 - Current directory: /home/ec2-user/Code/ufrgs-poc/contaudit-wrapper.jar
2024-10-11 05:13:18,919 INFO - ContAudITWrapper#53 - Wrapper hash: b7519188ed863d76e5199a8d880bb968bdf9124fad53b871583787e123a7a764
2024-10-11 05:13:18,927 INFO - ContAudITWrapper#53 - Validating Wrapper...
2024-10-11 05:14:26,732 INFO - ContAudITWrapper#53 - Response true
2024-10-11 05:14:26,999 INFO - ContAudITWrapper#53 - Application hash: e36ee2d35f8c4c41bd358782dfb3ac8852b40439d350ff27616f0c18819ce9bf
2024-10-11 05:14:27,001 INFO - ContAudITWrapper#53 - Validating Application...
2024-10-11 05:14:44,045 INFO - ContAudITWrapper#53 - Response true
2024-10-11 05:14:44,071 INFO - ContAudITWrapper#53 - Artifact apache2.workflow hash: bdb4cee855e21446b6ae53ddcb76a1632ef8c4545b5db0517e01ffd552157f6e
2024-10-11 05:14:44,107 INFO - ContAudITWrapper#53 - Validating Artifact...
2024-10-11 05:14:56,644 INFO - ContAudITWrapper#53 - Response true
2024-10-11 05:14:56,647 INFO - ContAudITWrapper#53 - Running pre-command actions...
2024-10-11 05:14:56,648 INFO - ContAudITWrapper#53 - Analyzing current environment state...
2024-10-11 05:14:56,865 INFO - ContAudITWrapper#53 - Saving current environment state...
2024-10-11 05:14:56,871 INFO - ContAudITWrapper#53 - Environment state hash: a7ffc6f8bf1ed76651c14756a061d662f580ff4de43b49fa82d80a4b80f8434a
2024-10-11 05:14:56,871 INFO - ContAudITWrapper#53 - Executing command...
2024-10-11 05:14:58,853 INFO - ContAudITWrapper#53 - Command output: 
2024-10-11 05:14:57.060468111 [executor] Initializing the workflow...
[apache2_workflow] Apache HTTP Server already installed.
[apache2_workflow] UserDir module already loaded.
[apache2_workflow] Configs to UserDir already exist.
[apache2_workflow] public_html directory already exists in /home/ec2-user.
[apache2_workflow] Creating a simple webpage...
[apache2_workflow] Moving webpage to Apache HTTP Server user website folder...
[apache2_workflow] Page moved successfully!
2024-10-11 05:14:58.852294681 [executor] Finished!

2024-10-11 05:14:58,853 INFO - ContAudITWrapper#53 - Running post-command actions...
2024-10-11 05:14:58,853 INFO - ContAudITWrapper#53 - Analyzing current environment state...
2024-10-11 05:14:59,026 INFO - ContAudITWrapper#53 - Saving current environment state...
2024-10-11 05:14:59,027 INFO - ContAudITWrapper#53 - Environment state hash: a7ffc6f8bf1ed76651c14756a061d662f580ff4de43b49fa82d80a4b80f8434a
2024-10-11 05:14:59,027 INFO - ContAudITWrapper#53 - Checking environment diff...
2024-10-11 05:14:59,231 INFO - ContAudITWrapper#53 - Environment diff: 
2024-10-11 05:14:59,232 INFO - ContAudITWrapper#53 - Cleaning temporary files...
2024-10-11 05:14:59,274 INFO - ContAudITWrapper#53 - Sending to blockchain...
2024-10-11 05:15:10,563 INFO - ContAudITWrapper#53 - Response 
2024-10-11 05:15:10,565 INFO - ContAudITWrapper#53 - Finishing ContAudIT Wrapper...
