2024-10-11 05:12:56,627 INFO - ContAudITWrapper#28 - Initializing ContAudIT Wrapper...
2024-10-11 05:12:56,829 INFO - ContAudITWrapper#28 - Current directory: /home/ec2-user/Code/ufrgs-poc/contaudit-wrapper.jar
2024-10-11 05:13:20,024 INFO - ContAudITWrapper#28 - Wrapper hash: b7519188ed863d76e5199a8d880bb968bdf9124fad53b871583787e123a7a764
2024-10-11 05:13:20,101 INFO - ContAudITWrapper#28 - Validating Wrapper...
2024-10-11 05:14:28,996 INFO - ContAudITWrapper#28 - Response true
2024-10-11 05:14:29,201 INFO - ContAudITWrapper#28 - Application hash: e36ee2d35f8c4c41bd358782dfb3ac8852b40439d350ff27616f0c18819ce9bf
2024-10-11 05:14:29,203 INFO - ContAudITWrapper#28 - Validating Application...
2024-10-11 05:14:45,147 INFO - ContAudITWrapper#28 - Response true
2024-10-11 05:14:45,156 INFO - ContAudITWrapper#28 - Artifact apache2.workflow hash: bdb4cee855e21446b6ae53ddcb76a1632ef8c4545b5db0517e01ffd552157f6e
2024-10-11 05:14:45,241 INFO - ContAudITWrapper#28 - Validating Artifact...
2024-10-11 05:14:57,019 INFO - ContAudITWrapper#28 - Response true
2024-10-11 05:14:57,027 INFO - ContAudITWrapper#28 - Running pre-command actions...
2024-10-11 05:14:57,028 INFO - ContAudITWrapper#28 - Analyzing current environment state...
2024-10-11 05:14:57,269 INFO - ContAudITWrapper#28 - Saving current environment state...
2024-10-11 05:14:57,270 INFO - ContAudITWrapper#28 - Environment state hash: a7ffc6f8bf1ed76651c14756a061d662f580ff4de43b49fa82d80a4b80f8434a
2024-10-11 05:14:57,270 INFO - ContAudITWrapper#28 - Executing command...
2024-10-11 05:14:58,719 INFO - ContAudITWrapper#28 - Command output: 
2024-10-11 05:14:57.361365304 [executor] Initializing the workflow...
[apache2_workflow] Apache HTTP Server already installed.
[apache2_workflow] UserDir module already loaded.
[apache2_workflow] Configs to UserDir already exist.
[apache2_workflow] public_html directory already exists in /home/ec2-user.
[apache2_workflow] Creating a simple webpage...
[apache2_workflow] Moving webpage to Apache HTTP Server user website folder...
[apache2_workflow] Page moved successfully!
2024-10-11 05:14:58.717494063 [executor] Finished!

2024-10-11 05:14:58,719 INFO - ContAudITWrapper#28 - Running post-command actions...
2024-10-11 05:14:58,720 INFO - ContAudITWrapper#28 - Analyzing current environment state...
2024-10-11 05:14:58,798 INFO - ContAudITWrapper#28 - Saving current environment state...
2024-10-11 05:14:58,798 INFO - ContAudITWrapper#28 - Environment state hash: a7ffc6f8bf1ed76651c14756a061d662f580ff4de43b49fa82d80a4b80f8434a
2024-10-11 05:14:58,798 INFO - ContAudITWrapper#28 - Checking environment diff...
2024-10-11 05:14:58,917 INFO - ContAudITWrapper#28 - Environment diff: 
2024-10-11 05:14:58,917 INFO - ContAudITWrapper#28 - Cleaning temporary files...
2024-10-11 05:14:58,991 INFO - ContAudITWrapper#28 - Sending to blockchain...
2024-10-11 05:15:11,849 INFO - ContAudITWrapper#28 - Response 
2024-10-11 05:15:11,851 INFO - ContAudITWrapper#28 - Finishing ContAudIT Wrapper...
