2024-10-11 05:12:57,386 INFO - ContAudITWrapper#13 - Initializing ContAudIT Wrapper...
2024-10-11 05:12:57,594 INFO - ContAudITWrapper#13 - Current directory: /home/ec2-user/Code/ufrgs-poc/contaudit-wrapper.jar
2024-10-11 05:13:20,268 INFO - ContAudITWrapper#13 - Wrapper hash: b7519188ed863d76e5199a8d880bb968bdf9124fad53b871583787e123a7a764
2024-10-11 05:13:20,319 INFO - ContAudITWrapper#13 - Validating Wrapper...
2024-10-11 05:14:29,286 INFO - ContAudITWrapper#13 - Response true
2024-10-11 05:14:29,496 INFO - ContAudITWrapper#13 - Application hash: e36ee2d35f8c4c41bd358782dfb3ac8852b40439d350ff27616f0c18819ce9bf
2024-10-11 05:14:29,497 INFO - ContAudITWrapper#13 - Validating Application...
2024-10-11 05:14:43,808 INFO - ContAudITWrapper#13 - Response true
2024-10-11 05:14:43,853 INFO - ContAudITWrapper#13 - Artifact apache2.workflow hash: bdb4cee855e21446b6ae53ddcb76a1632ef8c4545b5db0517e01ffd552157f6e
2024-10-11 05:14:43,872 INFO - ContAudITWrapper#13 - Validating Artifact...
2024-10-11 05:14:54,639 INFO - ContAudITWrapper#13 - Response true
2024-10-11 05:14:54,647 INFO - ContAudITWrapper#13 - Running pre-command actions...
2024-10-11 05:14:54,648 INFO - ContAudITWrapper#13 - Analyzing current environment state...
2024-10-11 05:14:54,788 INFO - ContAudITWrapper#13 - Saving current environment state...
2024-10-11 05:14:54,789 INFO - ContAudITWrapper#13 - Environment state hash: a7ffc6f8bf1ed76651c14756a061d662f580ff4de43b49fa82d80a4b80f8434a
2024-10-11 05:14:54,789 INFO - ContAudITWrapper#13 - Executing command...
2024-10-11 05:14:56,950 INFO - ContAudITWrapper#13 - Command output: 
2024-10-11 05:14:54.989120029 [executor] Initializing the workflow...
[apache2_workflow] Apache HTTP Server already installed.
[apache2_workflow] UserDir module already loaded.
[apache2_workflow] Configs to UserDir already exist.
[apache2_workflow] public_html directory already exists in /home/ec2-user.
[apache2_workflow] Creating a simple webpage...
[apache2_workflow] Moving webpage to Apache HTTP Server user website folder...
[apache2_workflow] Page moved successfully!
2024-10-11 05:14:56.859976618 [executor] Finished!

2024-10-11 05:14:56,950 INFO - ContAudITWrapper#13 - Running post-command actions...
2024-10-11 05:14:56,951 INFO - ContAudITWrapper#13 - Analyzing current environment state...
2024-10-11 05:14:57,153 INFO - ContAudITWrapper#13 - Saving current environment state...
2024-10-11 05:14:57,154 INFO - ContAudITWrapper#13 - Environment state hash: a7ffc6f8bf1ed76651c14756a061d662f580ff4de43b49fa82d80a4b80f8434a
2024-10-11 05:14:57,155 INFO - ContAudITWrapper#13 - Checking environment diff...
2024-10-11 05:14:57,191 INFO - ContAudITWrapper#13 - Environment diff: 
2024-10-11 05:14:57,191 INFO - ContAudITWrapper#13 - Cleaning temporary files...
2024-10-11 05:14:57,402 INFO - ContAudITWrapper#13 - Sending to blockchain...
2024-10-11 05:15:12,113 INFO - ContAudITWrapper#13 - Response 
2024-10-11 05:15:12,114 INFO - ContAudITWrapper#13 - Finishing ContAudIT Wrapper...
