2024-10-11 05:12:55,413 INFO - ContAudITWrapper#70 - Initializing ContAudIT Wrapper...
2024-10-11 05:12:55,464 INFO - ContAudITWrapper#70 - Current directory: /home/ec2-user/Code/ufrgs-poc/contaudit-wrapper.jar
2024-10-11 05:13:17,600 INFO - ContAudITWrapper#70 - Wrapper hash: b7519188ed863d76e5199a8d880bb968bdf9124fad53b871583787e123a7a764
2024-10-11 05:13:17,664 INFO - ContAudITWrapper#70 - Validating Wrapper...
2024-10-11 05:14:22,300 INFO - ContAudITWrapper#70 - Response true
2024-10-11 05:14:22,499 INFO - ContAudITWrapper#70 - Application hash: e36ee2d35f8c4c41bd358782dfb3ac8852b40439d350ff27616f0c18819ce9bf
2024-10-11 05:14:22,500 INFO - ContAudITWrapper#70 - Validating Application...
2024-10-11 05:14:38,529 INFO - ContAudITWrapper#70 - Response true
2024-10-11 05:14:38,547 INFO - ContAudITWrapper#70 - Artifact apache2.workflow hash: bdb4cee855e21446b6ae53ddcb76a1632ef8c4545b5db0517e01ffd552157f6e
2024-10-11 05:14:38,556 INFO - ContAudITWrapper#70 - Validating Artifact...
2024-10-11 05:14:49,918 INFO - ContAudITWrapper#70 - Response true
2024-10-11 05:14:49,924 INFO - ContAudITWrapper#70 - Running pre-command actions...
2024-10-11 05:14:49,925 INFO - ContAudITWrapper#70 - Analyzing current environment state...
2024-10-11 05:14:50,122 INFO - ContAudITWrapper#70 - Saving current environment state...
2024-10-11 05:14:50,123 INFO - ContAudITWrapper#70 - Environment state hash: a7ffc6f8bf1ed76651c14756a061d662f580ff4de43b49fa82d80a4b80f8434a
2024-10-11 05:14:50,123 INFO - ContAudITWrapper#70 - Executing command...
2024-10-11 05:14:51,992 INFO - ContAudITWrapper#70 - Command output: 
2024-10-11 05:14:50.266281272 [executor] Initializing the workflow...
[apache2_workflow] Apache HTTP Server already installed.
[apache2_workflow] UserDir module already loaded.
[apache2_workflow] Configs to UserDir already exist.
[apache2_workflow] public_html directory already exists in /home/ec2-user.
[apache2_workflow] Creating a simple webpage...
[apache2_workflow] Moving webpage to Apache HTTP Server user website folder...
[apache2_workflow] Page moved successfully!
2024-10-11 05:14:51.991138883 [executor] Finished!

2024-10-11 05:14:51,992 INFO - ContAudITWrapper#70 - Running post-command actions...
2024-10-11 05:14:51,992 INFO - ContAudITWrapper#70 - Analyzing current environment state...
2024-10-11 05:14:52,116 INFO - ContAudITWrapper#70 - Saving current environment state...
2024-10-11 05:14:52,117 INFO - ContAudITWrapper#70 - Environment state hash: a7ffc6f8bf1ed76651c14756a061d662f580ff4de43b49fa82d80a4b80f8434a
2024-10-11 05:14:52,117 INFO - ContAudITWrapper#70 - Checking environment diff...
2024-10-11 05:14:52,197 INFO - ContAudITWrapper#70 - Environment diff: 
2024-10-11 05:14:52,197 INFO - ContAudITWrapper#70 - Cleaning temporary files...
2024-10-11 05:14:52,392 INFO - ContAudITWrapper#70 - Sending to blockchain...
2024-10-11 05:15:06,932 INFO - ContAudITWrapper#70 - Response 
2024-10-11 05:15:06,934 INFO - ContAudITWrapper#70 - Finishing ContAudIT Wrapper...
