2024-10-11 05:12:57,823 INFO - ContAudITWrapper#62 - Initializing ContAudIT Wrapper...
2024-10-11 05:12:58,104 INFO - ContAudITWrapper#62 - Current directory: /home/ec2-user/Code/ufrgs-poc/contaudit-wrapper.jar
2024-10-11 05:13:16,518 INFO - ContAudITWrapper#62 - Wrapper hash: b7519188ed863d76e5199a8d880bb968bdf9124fad53b871583787e123a7a764
2024-10-11 05:13:16,534 INFO - ContAudITWrapper#62 - Validating Wrapper...
2024-10-11 05:14:19,380 INFO - ContAudITWrapper#62 - Response true
2024-10-11 05:14:19,631 INFO - ContAudITWrapper#62 - Application hash: e36ee2d35f8c4c41bd358782dfb3ac8852b40439d350ff27616f0c18819ce9bf
2024-10-11 05:14:19,668 INFO - ContAudITWrapper#62 - Validating Application...
2024-10-11 05:14:35,986 INFO - ContAudITWrapper#62 - Response true
2024-10-11 05:14:35,995 INFO - ContAudITWrapper#62 - Artifact apache2.workflow hash: bdb4cee855e21446b6ae53ddcb76a1632ef8c4545b5db0517e01ffd552157f6e
2024-10-11 05:14:36,024 INFO - ContAudITWrapper#62 - Validating Artifact...
2024-10-11 05:14:50,183 INFO - ContAudITWrapper#62 - Response true
2024-10-11 05:14:50,190 INFO - ContAudITWrapper#62 - Running pre-command actions...
2024-10-11 05:14:50,192 INFO - ContAudITWrapper#62 - Analyzing current environment state...
2024-10-11 05:14:50,417 INFO - ContAudITWrapper#62 - Saving current environment state...
2024-10-11 05:14:50,418 INFO - ContAudITWrapper#62 - Environment state hash: a7ffc6f8bf1ed76651c14756a061d662f580ff4de43b49fa82d80a4b80f8434a
2024-10-11 05:14:50,418 INFO - ContAudITWrapper#62 - Executing command...
2024-10-11 05:14:52,100 INFO - ContAudITWrapper#62 - Command output: 
2024-10-11 05:14:50.617257678 [executor] Initializing the workflow...
[apache2_workflow] Apache HTTP Server already installed.
[apache2_workflow] UserDir module already loaded.
[apache2_workflow] Configs to UserDir already exist.
[apache2_workflow] public_html directory already exists in /home/ec2-user.
[apache2_workflow] Creating a simple webpage...
[apache2_workflow] Moving webpage to Apache HTTP Server user website folder...
[apache2_workflow] Page moved successfully!
2024-10-11 05:14:52.097829305 [executor] Finished!

2024-10-11 05:14:52,100 INFO - ContAudITWrapper#62 - Running post-command actions...
2024-10-11 05:14:52,100 INFO - ContAudITWrapper#62 - Analyzing current environment state...
2024-10-11 05:14:52,184 INFO - ContAudITWrapper#62 - Saving current environment state...
2024-10-11 05:14:52,185 INFO - ContAudITWrapper#62 - Environment state hash: a7ffc6f8bf1ed76651c14756a061d662f580ff4de43b49fa82d80a4b80f8434a
2024-10-11 05:14:52,185 INFO - ContAudITWrapper#62 - Checking environment diff...
2024-10-11 05:14:52,374 INFO - ContAudITWrapper#62 - Environment diff: 
2024-10-11 05:14:52,374 INFO - ContAudITWrapper#62 - Cleaning temporary files...
2024-10-11 05:14:52,452 INFO - ContAudITWrapper#62 - Sending to blockchain...
2024-10-11 05:15:06,742 INFO - ContAudITWrapper#62 - Response 
2024-10-11 05:15:06,744 INFO - ContAudITWrapper#62 - Finishing ContAudIT Wrapper...
