2024-10-11 05:12:57,688 INFO - ContAudITWrapper#4 - Initializing ContAudIT Wrapper...
2024-10-11 05:12:57,898 INFO - ContAudITWrapper#4 - Current directory: /home/ec2-user/Code/ufrgs-poc/contaudit-wrapper.jar
2024-10-11 05:13:23,723 INFO - ContAudITWrapper#4 - Wrapper hash: b7519188ed863d76e5199a8d880bb968bdf9124fad53b871583787e123a7a764
2024-10-11 05:13:23,888 INFO - ContAudITWrapper#4 - Validating Wrapper...
2024-10-11 05:14:33,544 INFO - ContAudITWrapper#4 - Response true
2024-10-11 05:14:33,767 INFO - ContAudITWrapper#4 - Application hash: e36ee2d35f8c4c41bd358782dfb3ac8852b40439d350ff27616f0c18819ce9bf
2024-10-11 05:14:33,794 INFO - ContAudITWrapper#4 - Validating Application...
2024-10-11 05:14:48,587 INFO - ContAudITWrapper#4 - Response true
2024-10-11 05:14:48,600 INFO - ContAudITWrapper#4 - Artifact apache2.workflow hash: bdb4cee855e21446b6ae53ddcb76a1632ef8c4545b5db0517e01ffd552157f6e
2024-10-11 05:14:48,728 INFO - ContAudITWrapper#4 - Validating Artifact...
2024-10-11 05:15:00,995 INFO - ContAudITWrapper#4 - Response true
2024-10-11 05:15:01,002 INFO - ContAudITWrapper#4 - Running pre-command actions...
2024-10-11 05:15:01,004 INFO - ContAudITWrapper#4 - Analyzing current environment state...
2024-10-11 05:15:01,104 INFO - ContAudITWrapper#4 - Saving current environment state...
2024-10-11 05:15:01,105 INFO - ContAudITWrapper#4 - Environment state hash: a7ffc6f8bf1ed76651c14756a061d662f580ff4de43b49fa82d80a4b80f8434a
2024-10-11 05:15:01,105 INFO - ContAudITWrapper#4 - Executing command...
2024-10-11 05:15:02,172 INFO - ContAudITWrapper#4 - Command output: 
2024-10-11 05:15:01.213601863 [executor] Initializing the workflow...
[apache2_workflow] Apache HTTP Server already installed.
[apache2_workflow] UserDir module already loaded.
[apache2_workflow] Configs to UserDir already exist.
[apache2_workflow] public_html directory already exists in /home/ec2-user.
[apache2_workflow] Creating a simple webpage...
[apache2_workflow] Moving webpage to Apache HTTP Server user website folder...
[apache2_workflow] Page moved successfully!
2024-10-11 05:15:02.171615848 [executor] Finished!

2024-10-11 05:15:02,172 INFO - ContAudITWrapper#4 - Running post-command actions...
2024-10-11 05:15:02,173 INFO - ContAudITWrapper#4 - Analyzing current environment state...
2024-10-11 05:15:02,341 INFO - ContAudITWrapper#4 - Saving current environment state...
2024-10-11 05:15:02,341 INFO - ContAudITWrapper#4 - Environment state hash: a7ffc6f8bf1ed76651c14756a061d662f580ff4de43b49fa82d80a4b80f8434a
2024-10-11 05:15:02,343 INFO - ContAudITWrapper#4 - Checking environment diff...
2024-10-11 05:15:02,432 INFO - ContAudITWrapper#4 - Environment diff: 
2024-10-11 05:15:02,432 INFO - ContAudITWrapper#4 - Cleaning temporary files...
2024-10-11 05:15:02,584 INFO - ContAudITWrapper#4 - Sending to blockchain...
2024-10-11 05:15:11,577 INFO - ContAudITWrapper#4 - Response 
2024-10-11 05:15:11,578 INFO - ContAudITWrapper#4 - Finishing ContAudIT Wrapper...
