2024-10-11 05:12:57,019 INFO - ContAudITWrapper#38 - Initializing ContAudIT Wrapper...
2024-10-11 05:12:57,260 INFO - ContAudITWrapper#38 - Current directory: /home/ec2-user/Code/ufrgs-poc/contaudit-wrapper.jar
2024-10-11 05:13:21,485 INFO - ContAudITWrapper#38 - Wrapper hash: b7519188ed863d76e5199a8d880bb968bdf9124fad53b871583787e123a7a764
2024-10-11 05:13:21,663 INFO - ContAudITWrapper#38 - Validating Wrapper...
2024-10-11 05:14:31,684 INFO - ContAudITWrapper#38 - Response true
2024-10-11 05:14:31,964 INFO - ContAudITWrapper#38 - Application hash: e36ee2d35f8c4c41bd358782dfb3ac8852b40439d350ff27616f0c18819ce9bf
2024-10-11 05:14:31,965 INFO - ContAudITWrapper#38 - Validating Application...
2024-10-11 05:14:47,206 INFO - ContAudITWrapper#38 - Response true
2024-10-11 05:14:47,229 INFO - ContAudITWrapper#38 - Artifact apache2.workflow hash: bdb4cee855e21446b6ae53ddcb76a1632ef8c4545b5db0517e01ffd552157f6e
2024-10-11 05:14:47,253 INFO - ContAudITWrapper#38 - Validating Artifact...
2024-10-11 05:14:58,096 INFO - ContAudITWrapper#38 - Response true
2024-10-11 05:14:58,115 INFO - ContAudITWrapper#38 - Running pre-command actions...
2024-10-11 05:14:58,116 INFO - ContAudITWrapper#38 - Analyzing current environment state...
2024-10-11 05:14:58,320 INFO - ContAudITWrapper#38 - Saving current environment state...
2024-10-11 05:14:58,322 INFO - ContAudITWrapper#38 - Environment state hash: a7ffc6f8bf1ed76651c14756a061d662f580ff4de43b49fa82d80a4b80f8434a
2024-10-11 05:14:58,322 INFO - ContAudITWrapper#38 - Executing command...
2024-10-11 05:14:59,772 INFO - ContAudITWrapper#38 - Command output: 
2024-10-11 05:14:58.411295018 [executor] Initializing the workflow...
[apache2_workflow] Apache HTTP Server already installed.
[apache2_workflow] UserDir module already loaded.
[apache2_workflow] Configs to UserDir already exist.
[apache2_workflow] public_html directory already exists in /home/ec2-user.
[apache2_workflow] Creating a simple webpage...
[apache2_workflow] Moving webpage to Apache HTTP Server user website folder...
[apache2_workflow] Page moved successfully!
2024-10-11 05:14:59.771319854 [executor] Finished!

2024-10-11 05:14:59,772 INFO - ContAudITWrapper#38 - Running post-command actions...
2024-10-11 05:14:59,772 INFO - ContAudITWrapper#38 - Analyzing current environment state...
2024-10-11 05:14:59,890 INFO - ContAudITWrapper#38 - Saving current environment state...
2024-10-11 05:14:59,896 INFO - ContAudITWrapper#38 - Environment state hash: a7ffc6f8bf1ed76651c14756a061d662f580ff4de43b49fa82d80a4b80f8434a
2024-10-11 05:14:59,897 INFO - ContAudITWrapper#38 - Checking environment diff...
2024-10-11 05:15:00,008 INFO - ContAudITWrapper#38 - Environment diff: 
2024-10-11 05:15:00,008 INFO - ContAudITWrapper#38 - Cleaning temporary files...
2024-10-11 05:15:00,152 INFO - ContAudITWrapper#38 - Sending to blockchain...
2024-10-11 05:15:10,982 INFO - ContAudITWrapper#38 - Response 
2024-10-11 05:15:10,984 INFO - ContAudITWrapper#38 - Finishing ContAudIT Wrapper...
