2024-10-11 05:12:58,386 INFO - ContAudITWrapper#36 - Initializing ContAudIT Wrapper...
2024-10-11 05:12:58,551 INFO - ContAudITWrapper#36 - Current directory: /home/ec2-user/Code/ufrgs-poc/contaudit-wrapper.jar
2024-10-11 05:13:24,013 INFO - ContAudITWrapper#36 - Wrapper hash: b7519188ed863d76e5199a8d880bb968bdf9124fad53b871583787e123a7a764
2024-10-11 05:13:24,022 INFO - ContAudITWrapper#36 - Validating Wrapper...
2024-10-11 05:14:35,032 INFO - ContAudITWrapper#36 - Response true
2024-10-11 05:14:35,098 INFO - ContAudITWrapper#36 - Application hash: e36ee2d35f8c4c41bd358782dfb3ac8852b40439d350ff27616f0c18819ce9bf
2024-10-11 05:14:35,110 INFO - ContAudITWrapper#36 - Validating Application...
2024-10-11 05:14:47,376 INFO - ContAudITWrapper#36 - Response true
2024-10-11 05:14:47,397 INFO - ContAudITWrapper#36 - Artifact apache2.workflow hash: bdb4cee855e21446b6ae53ddcb76a1632ef8c4545b5db0517e01ffd552157f6e
2024-10-11 05:14:47,407 INFO - ContAudITWrapper#36 - Validating Artifact...
2024-10-11 05:15:00,610 INFO - ContAudITWrapper#36 - Response true
2024-10-11 05:15:00,620 INFO - ContAudITWrapper#36 - Running pre-command actions...
2024-10-11 05:15:00,622 INFO - ContAudITWrapper#36 - Analyzing current environment state...
2024-10-11 05:15:00,799 INFO - ContAudITWrapper#36 - Saving current environment state...
2024-10-11 05:15:00,800 INFO - ContAudITWrapper#36 - Environment state hash: a7ffc6f8bf1ed76651c14756a061d662f580ff4de43b49fa82d80a4b80f8434a
2024-10-11 05:15:00,800 INFO - ContAudITWrapper#36 - Executing command...
2024-10-11 05:15:01,832 INFO - ContAudITWrapper#36 - Command output: 
2024-10-11 05:15:00.979410671 [executor] Initializing the workflow...
[apache2_workflow] Apache HTTP Server already installed.
[apache2_workflow] UserDir module already loaded.
[apache2_workflow] Configs to UserDir already exist.
[apache2_workflow] public_html directory already exists in /home/ec2-user.
[apache2_workflow] Creating a simple webpage...
[apache2_workflow] Moving webpage to Apache HTTP Server user website folder...
[apache2_workflow] Page moved successfully!
2024-10-11 05:15:01.831238716 [executor] Finished!

2024-10-11 05:15:01,832 INFO - ContAudITWrapper#36 - Running post-command actions...
2024-10-11 05:15:01,832 INFO - ContAudITWrapper#36 - Analyzing current environment state...
2024-10-11 05:15:02,023 INFO - ContAudITWrapper#36 - Saving current environment state...
2024-10-11 05:15:02,024 INFO - ContAudITWrapper#36 - Environment state hash: a7ffc6f8bf1ed76651c14756a061d662f580ff4de43b49fa82d80a4b80f8434a
2024-10-11 05:15:02,024 INFO - ContAudITWrapper#36 - Checking environment diff...
2024-10-11 05:15:02,071 INFO - ContAudITWrapper#36 - Environment diff: 
2024-10-11 05:15:02,072 INFO - ContAudITWrapper#36 - Cleaning temporary files...
2024-10-11 05:15:02,135 INFO - ContAudITWrapper#36 - Sending to blockchain...
2024-10-11 05:15:12,551 INFO - ContAudITWrapper#36 - Response 
2024-10-11 05:15:12,553 INFO - ContAudITWrapper#36 - Finishing ContAudIT Wrapper...
