2024-10-11 05:12:57,686 INFO - ContAudITWrapper#15 - Initializing ContAudIT Wrapper...
2024-10-11 05:12:57,986 INFO - ContAudITWrapper#15 - Current directory: /home/ec2-user/Code/ufrgs-poc/contaudit-wrapper.jar
2024-10-11 05:13:18,670 INFO - ContAudITWrapper#15 - Wrapper hash: b7519188ed863d76e5199a8d880bb968bdf9124fad53b871583787e123a7a764
2024-10-11 05:13:18,710 INFO - ContAudITWrapper#15 - Validating Wrapper...
2024-10-11 05:14:26,164 INFO - ContAudITWrapper#15 - Response true
2024-10-11 05:14:26,343 INFO - ContAudITWrapper#15 - Application hash: e36ee2d35f8c4c41bd358782dfb3ac8852b40439d350ff27616f0c18819ce9bf
2024-10-11 05:14:26,350 INFO - ContAudITWrapper#15 - Validating Application...
2024-10-11 05:14:40,771 INFO - ContAudITWrapper#15 - Response true
2024-10-11 05:14:40,781 INFO - ContAudITWrapper#15 - Artifact apache2.workflow hash: bdb4cee855e21446b6ae53ddcb76a1632ef8c4545b5db0517e01ffd552157f6e
2024-10-11 05:14:40,806 INFO - ContAudITWrapper#15 - Validating Artifact...
2024-10-11 05:14:51,256 INFO - ContAudITWrapper#15 - Response true
2024-10-11 05:14:51,263 INFO - ContAudITWrapper#15 - Running pre-command actions...
2024-10-11 05:14:51,264 INFO - ContAudITWrapper#15 - Analyzing current environment state...
2024-10-11 05:14:51,412 INFO - ContAudITWrapper#15 - Saving current environment state...
2024-10-11 05:14:51,413 INFO - ContAudITWrapper#15 - Environment state hash: a7ffc6f8bf1ed76651c14756a061d662f580ff4de43b49fa82d80a4b80f8434a
2024-10-11 05:14:51,414 INFO - ContAudITWrapper#15 - Executing command...
2024-10-11 05:14:53,326 INFO - ContAudITWrapper#15 - Command output: 
2024-10-11 05:14:51.611283620 [executor] Initializing the workflow...
[apache2_workflow] Apache HTTP Server already installed.
[apache2_workflow] UserDir module already loaded.
[apache2_workflow] Configs to UserDir already exist.
[apache2_workflow] public_html directory already exists in /home/ec2-user.
[apache2_workflow] Creating a simple webpage...
[apache2_workflow] Moving webpage to Apache HTTP Server user website folder...
[apache2_workflow] Page moved successfully!
2024-10-11 05:14:53.325702900 [executor] Finished!

2024-10-11 05:14:53,326 INFO - ContAudITWrapper#15 - Running post-command actions...
2024-10-11 05:14:53,326 INFO - ContAudITWrapper#15 - Analyzing current environment state...
2024-10-11 05:14:53,437 INFO - ContAudITWrapper#15 - Saving current environment state...
2024-10-11 05:14:53,437 INFO - ContAudITWrapper#15 - Environment state hash: a7ffc6f8bf1ed76651c14756a061d662f580ff4de43b49fa82d80a4b80f8434a
2024-10-11 05:14:53,439 INFO - ContAudITWrapper#15 - Checking environment diff...
2024-10-11 05:14:53,621 INFO - ContAudITWrapper#15 - Environment diff: 
2024-10-11 05:14:53,622 INFO - ContAudITWrapper#15 - Cleaning temporary files...
2024-10-11 05:14:53,648 INFO - ContAudITWrapper#15 - Sending to blockchain...
2024-10-11 05:15:04,918 INFO - ContAudITWrapper#15 - Response 
2024-10-11 05:15:04,920 INFO - ContAudITWrapper#15 - Finishing ContAudIT Wrapper...
