2024-10-11 05:12:57,904 INFO - ContAudITWrapper#82 - Initializing ContAudIT Wrapper...
2024-10-11 05:12:58,066 INFO - ContAudITWrapper#82 - Current directory: /home/ec2-user/Code/ufrgs-poc/contaudit-wrapper.jar
2024-10-11 05:13:22,911 INFO - ContAudITWrapper#82 - Wrapper hash: b7519188ed863d76e5199a8d880bb968bdf9124fad53b871583787e123a7a764
2024-10-11 05:13:22,920 INFO - ContAudITWrapper#82 - Validating Wrapper...
2024-10-11 05:14:29,925 INFO - ContAudITWrapper#82 - Response true
2024-10-11 05:14:30,192 INFO - ContAudITWrapper#82 - Application hash: e36ee2d35f8c4c41bd358782dfb3ac8852b40439d350ff27616f0c18819ce9bf
2024-10-11 05:14:30,194 INFO - ContAudITWrapper#82 - Validating Application...
2024-10-11 05:14:42,993 INFO - ContAudITWrapper#82 - Response true
2024-10-11 05:14:42,999 INFO - ContAudITWrapper#82 - Artifact apache2.workflow hash: bdb4cee855e21446b6ae53ddcb76a1632ef8c4545b5db0517e01ffd552157f6e
2024-10-11 05:14:43,040 INFO - ContAudITWrapper#82 - Validating Artifact...
2024-10-11 05:14:55,648 INFO - ContAudITWrapper#82 - Response true
2024-10-11 05:14:55,653 INFO - ContAudITWrapper#82 - Running pre-command actions...
2024-10-11 05:14:55,654 INFO - ContAudITWrapper#82 - Analyzing current environment state...
2024-10-11 05:14:55,780 INFO - ContAudITWrapper#82 - Saving current environment state...
2024-10-11 05:14:55,781 INFO - ContAudITWrapper#82 - Environment state hash: a7ffc6f8bf1ed76651c14756a061d662f580ff4de43b49fa82d80a4b80f8434a
2024-10-11 05:14:55,781 INFO - ContAudITWrapper#82 - Executing command...
2024-10-11 05:14:57,236 INFO - ContAudITWrapper#82 - Command output: 
2024-10-11 05:14:55.823014998 [executor] Initializing the workflow...
[apache2_workflow] Apache HTTP Server already installed.
[apache2_workflow] UserDir module already loaded.
[apache2_workflow] Configs to UserDir already exist.
[apache2_workflow] public_html directory already exists in /home/ec2-user.
[apache2_workflow] Creating a simple webpage...
[apache2_workflow] Moving webpage to Apache HTTP Server user website folder...
[apache2_workflow] Page moved successfully!
2024-10-11 05:14:57.235209608 [executor] Finished!

2024-10-11 05:14:57,236 INFO - ContAudITWrapper#82 - Running post-command actions...
2024-10-11 05:14:57,236 INFO - ContAudITWrapper#82 - Analyzing current environment state...
2024-10-11 05:14:57,383 INFO - ContAudITWrapper#82 - Saving current environment state...
2024-10-11 05:14:57,383 INFO - ContAudITWrapper#82 - Environment state hash: a7ffc6f8bf1ed76651c14756a061d662f580ff4de43b49fa82d80a4b80f8434a
2024-10-11 05:14:57,383 INFO - ContAudITWrapper#82 - Checking environment diff...
2024-10-11 05:14:57,510 INFO - ContAudITWrapper#82 - Environment diff: 
2024-10-11 05:14:57,510 INFO - ContAudITWrapper#82 - Cleaning temporary files...
2024-10-11 05:14:57,618 INFO - ContAudITWrapper#82 - Sending to blockchain...
2024-10-11 05:15:10,075 INFO - ContAudITWrapper#82 - Response 
2024-10-11 05:15:10,076 INFO - ContAudITWrapper#82 - Finishing ContAudIT Wrapper...
