2024-10-11 05:12:58,432 INFO - ContAudITWrapper#43 - Initializing ContAudIT Wrapper...
2024-10-11 05:12:58,629 INFO - ContAudITWrapper#43 - Current directory: /home/ec2-user/Code/ufrgs-poc/contaudit-wrapper.jar
2024-10-11 05:13:23,620 INFO - ContAudITWrapper#43 - Wrapper hash: b7519188ed863d76e5199a8d880bb968bdf9124fad53b871583787e123a7a764
2024-10-11 05:13:23,628 INFO - ContAudITWrapper#43 - Validating Wrapper...
2024-10-11 05:14:35,128 INFO - ContAudITWrapper#43 - Response true
2024-10-11 05:14:35,503 INFO - ContAudITWrapper#43 - Application hash: e36ee2d35f8c4c41bd358782dfb3ac8852b40439d350ff27616f0c18819ce9bf
2024-10-11 05:14:35,506 INFO - ContAudITWrapper#43 - Validating Application...
2024-10-11 05:14:51,465 INFO - ContAudITWrapper#43 - Response true
2024-10-11 05:14:51,486 INFO - ContAudITWrapper#43 - Artifact apache2.workflow hash: bdb4cee855e21446b6ae53ddcb76a1632ef8c4545b5db0517e01ffd552157f6e
2024-10-11 05:14:51,561 INFO - ContAudITWrapper#43 - Validating Artifact...
2024-10-11 05:15:04,856 INFO - ContAudITWrapper#43 - Response true
2024-10-11 05:15:04,860 INFO - ContAudITWrapper#43 - Running pre-command actions...
2024-10-11 05:15:04,867 INFO - ContAudITWrapper#43 - Analyzing current environment state...
2024-10-11 05:15:04,977 INFO - ContAudITWrapper#43 - Saving current environment state...
2024-10-11 05:15:04,978 INFO - ContAudITWrapper#43 - Environment state hash: a7ffc6f8bf1ed76651c14756a061d662f580ff4de43b49fa82d80a4b80f8434a
2024-10-11 05:15:04,978 INFO - ContAudITWrapper#43 - Executing command...
2024-10-11 05:15:06,601 INFO - ContAudITWrapper#43 - Command output: 
2024-10-11 05:15:05.140919980 [executor] Initializing the workflow...
[apache2_workflow] Apache HTTP Server already installed.
[apache2_workflow] UserDir module already loaded.
[apache2_workflow] Configs to UserDir already exist.
[apache2_workflow] public_html directory already exists in /home/ec2-user.
[apache2_workflow] Creating a simple webpage...
[apache2_workflow] Moving webpage to Apache HTTP Server user website folder...
[apache2_workflow] Page moved successfully!
2024-10-11 05:15:06.600513395 [executor] Finished!

2024-10-11 05:15:06,602 INFO - ContAudITWrapper#43 - Running post-command actions...
2024-10-11 05:15:06,603 INFO - ContAudITWrapper#43 - Analyzing current environment state...
2024-10-11 05:15:06,647 INFO - ContAudITWrapper#43 - Saving current environment state...
2024-10-11 05:15:06,648 INFO - ContAudITWrapper#43 - Environment state hash: a7ffc6f8bf1ed76651c14756a061d662f580ff4de43b49fa82d80a4b80f8434a
2024-10-11 05:15:06,648 INFO - ContAudITWrapper#43 - Checking environment diff...
2024-10-11 05:15:06,722 INFO - ContAudITWrapper#43 - Environment diff: 
2024-10-11 05:15:06,722 INFO - ContAudITWrapper#43 - Cleaning temporary files...
2024-10-11 05:15:06,787 INFO - ContAudITWrapper#43 - Sending to blockchain...
2024-10-11 05:15:12,983 INFO - ContAudITWrapper#43 - Response 
2024-10-11 05:15:12,988 INFO - ContAudITWrapper#43 - Finishing ContAudIT Wrapper...
