2024-10-11 05:12:57,633 INFO - ContAudITWrapper#12 - Initializing ContAudIT Wrapper...
2024-10-11 05:12:57,932 INFO - ContAudITWrapper#12 - Current directory: /home/ec2-user/Code/ufrgs-poc/contaudit-wrapper.jar
2024-10-11 05:13:17,146 INFO - ContAudITWrapper#12 - Wrapper hash: b7519188ed863d76e5199a8d880bb968bdf9124fad53b871583787e123a7a764
2024-10-11 05:13:17,156 INFO - ContAudITWrapper#12 - Validating Wrapper...
2024-10-11 05:14:20,019 INFO - ContAudITWrapper#12 - Response true
2024-10-11 05:14:20,289 INFO - ContAudITWrapper#12 - Application hash: e36ee2d35f8c4c41bd358782dfb3ac8852b40439d350ff27616f0c18819ce9bf
2024-10-11 05:14:20,289 INFO - ContAudITWrapper#12 - Validating Application...
2024-10-11 05:14:36,021 INFO - ContAudITWrapper#12 - Response true
2024-10-11 05:14:36,030 INFO - ContAudITWrapper#12 - Artifact apache2.workflow hash: bdb4cee855e21446b6ae53ddcb76a1632ef8c4545b5db0517e01ffd552157f6e
2024-10-11 05:14:36,196 INFO - ContAudITWrapper#12 - Validating Artifact...
2024-10-11 05:14:45,356 INFO - ContAudITWrapper#12 - Response true
2024-10-11 05:14:45,439 INFO - ContAudITWrapper#12 - Running pre-command actions...
2024-10-11 05:14:45,440 INFO - ContAudITWrapper#12 - Analyzing current environment state...
2024-10-11 05:14:45,537 INFO - ContAudITWrapper#12 - Saving current environment state...
2024-10-11 05:14:45,538 INFO - ContAudITWrapper#12 - Environment state hash: a7ffc6f8bf1ed76651c14756a061d662f580ff4de43b49fa82d80a4b80f8434a
2024-10-11 05:14:45,538 INFO - ContAudITWrapper#12 - Executing command...
2024-10-11 05:14:46,962 INFO - ContAudITWrapper#12 - Command output: 
2024-10-11 05:14:45.693566300 [executor] Initializing the workflow...
[apache2_workflow] Apache HTTP Server already installed.
[apache2_workflow] UserDir module already loaded.
[apache2_workflow] Configs to UserDir already exist.
[apache2_workflow] public_html directory already exists in /home/ec2-user.
[apache2_workflow] Creating a simple webpage...
[apache2_workflow] Moving webpage to Apache HTTP Server user website folder...
[apache2_workflow] Page moved successfully!
2024-10-11 05:14:46.961630772 [executor] Finished!

2024-10-11 05:14:46,963 INFO - ContAudITWrapper#12 - Running post-command actions...
2024-10-11 05:14:46,963 INFO - ContAudITWrapper#12 - Analyzing current environment state...
2024-10-11 05:14:47,121 INFO - ContAudITWrapper#12 - Saving current environment state...
2024-10-11 05:14:47,122 INFO - ContAudITWrapper#12 - Environment state hash: a7ffc6f8bf1ed76651c14756a061d662f580ff4de43b49fa82d80a4b80f8434a
2024-10-11 05:14:47,122 INFO - ContAudITWrapper#12 - Checking environment diff...
2024-10-11 05:14:47,257 INFO - ContAudITWrapper#12 - Environment diff: 
2024-10-11 05:14:47,257 INFO - ContAudITWrapper#12 - Cleaning temporary files...
2024-10-11 05:14:47,326 INFO - ContAudITWrapper#12 - Sending to blockchain...
2024-10-11 05:15:02,348 INFO - ContAudITWrapper#12 - Response 
2024-10-11 05:15:02,350 INFO - ContAudITWrapper#12 - Finishing ContAudIT Wrapper...
