2024-10-11 05:12:57,069 INFO - ContAudITWrapper#42 - Initializing ContAudIT Wrapper...
2024-10-11 05:12:57,269 INFO - ContAudITWrapper#42 - Current directory: /home/ec2-user/Code/ufrgs-poc/contaudit-wrapper.jar
2024-10-11 05:13:18,185 INFO - ContAudITWrapper#42 - Wrapper hash: b7519188ed863d76e5199a8d880bb968bdf9124fad53b871583787e123a7a764
2024-10-11 05:13:18,382 INFO - ContAudITWrapper#42 - Validating Wrapper...
2024-10-11 05:14:24,159 INFO - ContAudITWrapper#42 - Response true
2024-10-11 05:14:24,289 INFO - ContAudITWrapper#42 - Application hash: e36ee2d35f8c4c41bd358782dfb3ac8852b40439d350ff27616f0c18819ce9bf
2024-10-11 05:14:24,370 INFO - ContAudITWrapper#42 - Validating Application...
2024-10-11 05:14:39,811 INFO - ContAudITWrapper#42 - Response true
2024-10-11 05:14:39,824 INFO - ContAudITWrapper#42 - Artifact apache2.workflow hash: bdb4cee855e21446b6ae53ddcb76a1632ef8c4545b5db0517e01ffd552157f6e
2024-10-11 05:14:39,917 INFO - ContAudITWrapper#42 - Validating Artifact...
2024-10-11 05:14:52,542 INFO - ContAudITWrapper#42 - Response true
2024-10-11 05:14:52,551 INFO - ContAudITWrapper#42 - Running pre-command actions...
2024-10-11 05:14:52,552 INFO - ContAudITWrapper#42 - Analyzing current environment state...
2024-10-11 05:14:52,821 INFO - ContAudITWrapper#42 - Saving current environment state...
2024-10-11 05:14:52,822 INFO - ContAudITWrapper#42 - Environment state hash: a7ffc6f8bf1ed76651c14756a061d662f580ff4de43b49fa82d80a4b80f8434a
2024-10-11 05:14:52,822 INFO - ContAudITWrapper#42 - Executing command...
2024-10-11 05:14:54,272 INFO - ContAudITWrapper#42 - Command output: 
2024-10-11 05:14:52.934654396 [executor] Initializing the workflow...
[apache2_workflow] Apache HTTP Server already installed.
[apache2_workflow] UserDir module already loaded.
[apache2_workflow] Configs to UserDir already exist.
[apache2_workflow] public_html directory already exists in /home/ec2-user.
[apache2_workflow] Creating a simple webpage...
[apache2_workflow] Moving webpage to Apache HTTP Server user website folder...
[apache2_workflow] Page moved successfully!
2024-10-11 05:14:54.271082482 [executor] Finished!

2024-10-11 05:14:54,272 INFO - ContAudITWrapper#42 - Running post-command actions...
2024-10-11 05:14:54,272 INFO - ContAudITWrapper#42 - Analyzing current environment state...
2024-10-11 05:14:54,343 INFO - ContAudITWrapper#42 - Saving current environment state...
2024-10-11 05:14:54,343 INFO - ContAudITWrapper#42 - Environment state hash: a7ffc6f8bf1ed76651c14756a061d662f580ff4de43b49fa82d80a4b80f8434a
2024-10-11 05:14:54,343 INFO - ContAudITWrapper#42 - Checking environment diff...
2024-10-11 05:14:54,427 INFO - ContAudITWrapper#42 - Environment diff: 
2024-10-11 05:14:54,428 INFO - ContAudITWrapper#42 - Cleaning temporary files...
2024-10-11 05:14:54,500 INFO - ContAudITWrapper#42 - Sending to blockchain...
2024-10-11 05:15:08,250 INFO - ContAudITWrapper#42 - Response 
2024-10-11 05:15:08,252 INFO - ContAudITWrapper#42 - Finishing ContAudIT Wrapper...
