2024-10-11 05:12:57,668 INFO - ContAudITWrapper#74 - Initializing ContAudIT Wrapper...
2024-10-11 05:12:57,972 INFO - ContAudITWrapper#74 - Current directory: /home/ec2-user/Code/ufrgs-poc/contaudit-wrapper.jar
2024-10-11 05:13:19,241 INFO - ContAudITWrapper#74 - Wrapper hash: b7519188ed863d76e5199a8d880bb968bdf9124fad53b871583787e123a7a764
2024-10-11 05:13:19,301 INFO - ContAudITWrapper#74 - Validating Wrapper...
2024-10-11 05:14:26,790 INFO - ContAudITWrapper#74 - Response true
2024-10-11 05:14:27,003 INFO - ContAudITWrapper#74 - Application hash: e36ee2d35f8c4c41bd358782dfb3ac8852b40439d350ff27616f0c18819ce9bf
2024-10-11 05:14:27,004 INFO - ContAudITWrapper#74 - Validating Application...
2024-10-11 05:14:41,209 INFO - ContAudITWrapper#74 - Response true
2024-10-11 05:14:41,247 INFO - ContAudITWrapper#74 - Artifact apache2.workflow hash: bdb4cee855e21446b6ae53ddcb76a1632ef8c4545b5db0517e01ffd552157f6e
2024-10-11 05:14:41,360 INFO - ContAudITWrapper#74 - Validating Artifact...
2024-10-11 05:14:51,377 INFO - ContAudITWrapper#74 - Response true
2024-10-11 05:14:51,382 INFO - ContAudITWrapper#74 - Running pre-command actions...
2024-10-11 05:14:51,383 INFO - ContAudITWrapper#74 - Analyzing current environment state...
2024-10-11 05:14:51,608 INFO - ContAudITWrapper#74 - Saving current environment state...
2024-10-11 05:14:51,609 INFO - ContAudITWrapper#74 - Environment state hash: a7ffc6f8bf1ed76651c14756a061d662f580ff4de43b49fa82d80a4b80f8434a
2024-10-11 05:14:51,609 INFO - ContAudITWrapper#74 - Executing command...
2024-10-11 05:14:53,497 INFO - ContAudITWrapper#74 - Command output: 
2024-10-11 05:14:51.715362337 [executor] Initializing the workflow...
[apache2_workflow] Apache HTTP Server already installed.
[apache2_workflow] UserDir module already loaded.
[apache2_workflow] Configs to UserDir already exist.
[apache2_workflow] public_html directory already exists in /home/ec2-user.
[apache2_workflow] Creating a simple webpage...
[apache2_workflow] Moving webpage to Apache HTTP Server user website folder...
[apache2_workflow] Page moved successfully!
2024-10-11 05:14:53.478679666 [executor] Finished!

2024-10-11 05:14:53,497 INFO - ContAudITWrapper#74 - Running post-command actions...
2024-10-11 05:14:53,498 INFO - ContAudITWrapper#74 - Analyzing current environment state...
2024-10-11 05:14:53,578 INFO - ContAudITWrapper#74 - Saving current environment state...
2024-10-11 05:14:53,578 INFO - ContAudITWrapper#74 - Environment state hash: a7ffc6f8bf1ed76651c14756a061d662f580ff4de43b49fa82d80a4b80f8434a
2024-10-11 05:14:53,579 INFO - ContAudITWrapper#74 - Checking environment diff...
2024-10-11 05:14:53,631 INFO - ContAudITWrapper#74 - Environment diff: 
2024-10-11 05:14:53,631 INFO - ContAudITWrapper#74 - Cleaning temporary files...
2024-10-11 05:14:53,653 INFO - ContAudITWrapper#74 - Sending to blockchain...
2024-10-11 05:15:08,121 INFO - ContAudITWrapper#74 - Response 
2024-10-11 05:15:08,122 INFO - ContAudITWrapper#74 - Finishing ContAudIT Wrapper...
