2024-10-10 03:32:28,653 INFO - ContAudITWrapper#35 - Initializing ContAudIT Wrapper...
2024-10-10 03:32:28,734 INFO - ContAudITWrapper#35 - Current directory: /home/ec2-user/Code/ufrgs-poc/contaudit-wrapper.jar
2024-10-10 03:32:43,222 INFO - ContAudITWrapper#35 - Wrapper hash: b7519188ed863d76e5199a8d880bb968bdf9124fad53b871583787e123a7a764
2024-10-10 03:32:43,228 INFO - ContAudITWrapper#35 - Validating Wrapper...
2024-10-10 03:33:23,368 INFO - ContAudITWrapper#35 - Response true
2024-10-10 03:33:23,572 INFO - ContAudITWrapper#35 - Application hash: e36ee2d35f8c4c41bd358782dfb3ac8852b40439d350ff27616f0c18819ce9bf
2024-10-10 03:33:23,573 INFO - ContAudITWrapper#35 - Validating Application...
2024-10-10 03:33:32,817 INFO - ContAudITWrapper#35 - Response true
2024-10-10 03:33:32,844 INFO - ContAudITWrapper#35 - Artifact user.workflow hash: 52877374d8c54314b7af92814eaf729121e99a87e9706a2888cd9bcd951b11c9
2024-10-10 03:33:32,884 INFO - ContAudITWrapper#35 - Validating Artifact...
2024-10-10 03:33:38,746 INFO - ContAudITWrapper#35 - Response true
2024-10-10 03:33:38,749 INFO - ContAudITWrapper#35 - Running pre-command actions...
2024-10-10 03:33:38,755 INFO - ContAudITWrapper#35 - Analyzing current environment state...
2024-10-10 03:33:38,844 INFO - ContAudITWrapper#35 - Saving current environment state...
2024-10-10 03:33:38,845 INFO - ContAudITWrapper#35 - Environment state hash: a7ffc6f8bf1ed76651c14756a061d662f580ff4de43b49fa82d80a4b80f8434a
2024-10-10 03:33:38,845 INFO - ContAudITWrapper#35 - Executing command...
2024-10-10 03:33:44,903 INFO - ContAudITWrapper#35 - Command output: 
2024-10-10 03:33:38.905662427 [executor] Initializing the workflow...
[useradd_workflow] User contaudit35 already exists. Removing...
[useradd_workflow] User contaudit35 successfully removed.
[useradd_workflow] User contaudit35 created successfully.
2024-10-10 03:33:44.903146440 [executor] Finished!

2024-10-10 03:33:44,904 INFO - ContAudITWrapper#35 - Running post-command actions...
2024-10-10 03:33:44,904 INFO - ContAudITWrapper#35 - Analyzing current environment state...
2024-10-10 03:33:44,914 INFO - ContAudITWrapper#35 - Saving current environment state...
2024-10-10 03:33:44,915 INFO - ContAudITWrapper#35 - Environment state hash: a7ffc6f8bf1ed76651c14756a061d662f580ff4de43b49fa82d80a4b80f8434a
2024-10-10 03:33:44,915 INFO - ContAudITWrapper#35 - Checking environment diff...
2024-10-10 03:33:44,945 INFO - ContAudITWrapper#35 - Environment diff: 
2024-10-10 03:33:44,945 INFO - ContAudITWrapper#35 - Cleaning temporary files...
2024-10-10 03:33:44,968 INFO - ContAudITWrapper#35 - Sending to blockchain...
2024-10-10 03:33:48,112 INFO - ContAudITWrapper#35 - Response 
2024-10-10 03:33:48,113 INFO - ContAudITWrapper#35 - Finishing ContAudIT Wrapper...
