2024-10-10 03:32:28,712 INFO - ContAudITWrapper#48 - Initializing ContAudIT Wrapper...
2024-10-10 03:32:28,834 INFO - ContAudITWrapper#48 - Current directory: /home/ec2-user/Code/ufrgs-poc/contaudit-wrapper.jar
2024-10-10 03:32:40,777 INFO - ContAudITWrapper#48 - Wrapper hash: b7519188ed863d76e5199a8d880bb968bdf9124fad53b871583787e123a7a764
2024-10-10 03:32:40,829 INFO - ContAudITWrapper#48 - Validating Wrapper...
2024-10-10 03:33:19,336 INFO - ContAudITWrapper#48 - Response true
2024-10-10 03:33:19,489 INFO - ContAudITWrapper#48 - Application hash: e36ee2d35f8c4c41bd358782dfb3ac8852b40439d350ff27616f0c18819ce9bf
2024-10-10 03:33:19,502 INFO - ContAudITWrapper#48 - Validating Application...
2024-10-10 03:33:29,901 INFO - ContAudITWrapper#48 - Response true
2024-10-10 03:33:29,914 INFO - ContAudITWrapper#48 - Artifact user.workflow hash: 52877374d8c54314b7af92814eaf729121e99a87e9706a2888cd9bcd951b11c9
2024-10-10 03:33:29,957 INFO - ContAudITWrapper#48 - Validating Artifact...
2024-10-10 03:33:34,477 INFO - ContAudITWrapper#48 - Response true
2024-10-10 03:33:34,480 INFO - ContAudITWrapper#48 - Running pre-command actions...
2024-10-10 03:33:34,482 INFO - ContAudITWrapper#48 - Analyzing current environment state...
2024-10-10 03:33:34,617 INFO - ContAudITWrapper#48 - Saving current environment state...
2024-10-10 03:33:34,618 INFO - ContAudITWrapper#48 - Environment state hash: a7ffc6f8bf1ed76651c14756a061d662f580ff4de43b49fa82d80a4b80f8434a
2024-10-10 03:33:34,618 INFO - ContAudITWrapper#48 - Executing command...
2024-10-10 03:33:40,209 INFO - ContAudITWrapper#48 - Command output: 
2024-10-10 03:33:34.667893681 [executor] Initializing the workflow...
[useradd_workflow] User contaudit48 already exists. Removing...
[useradd_workflow] User contaudit48 successfully removed.
[useradd_workflow] User contaudit48 created successfully.
2024-10-10 03:33:40.208278356 [executor] Finished!

2024-10-10 03:33:40,209 INFO - ContAudITWrapper#48 - Running post-command actions...
2024-10-10 03:33:40,209 INFO - ContAudITWrapper#48 - Analyzing current environment state...
2024-10-10 03:33:40,228 INFO - ContAudITWrapper#48 - Saving current environment state...
2024-10-10 03:33:40,229 INFO - ContAudITWrapper#48 - Environment state hash: a7ffc6f8bf1ed76651c14756a061d662f580ff4de43b49fa82d80a4b80f8434a
2024-10-10 03:33:40,229 INFO - ContAudITWrapper#48 - Checking environment diff...
2024-10-10 03:33:40,240 INFO - ContAudITWrapper#48 - Environment diff: 
2024-10-10 03:33:40,240 INFO - ContAudITWrapper#48 - Cleaning temporary files...
2024-10-10 03:33:40,253 INFO - ContAudITWrapper#48 - Sending to blockchain...
2024-10-10 03:33:42,807 INFO - ContAudITWrapper#48 - Response 
2024-10-10 03:33:42,814 INFO - ContAudITWrapper#48 - Finishing ContAudIT Wrapper...
