2024-10-10 03:32:29,231 INFO - ContAudITWrapper#55 - Initializing ContAudIT Wrapper...
2024-10-10 03:32:29,361 INFO - ContAudITWrapper#55 - Current directory: /home/ec2-user/Code/ufrgs-poc/contaudit-wrapper.jar
2024-10-10 03:32:42,666 INFO - ContAudITWrapper#55 - Wrapper hash: b7519188ed863d76e5199a8d880bb968bdf9124fad53b871583787e123a7a764
2024-10-10 03:32:42,770 INFO - ContAudITWrapper#55 - Validating Wrapper...
2024-10-10 03:33:24,524 INFO - ContAudITWrapper#55 - Response true
2024-10-10 03:33:24,719 INFO - ContAudITWrapper#55 - Application hash: e36ee2d35f8c4c41bd358782dfb3ac8852b40439d350ff27616f0c18819ce9bf
2024-10-10 03:33:24,740 INFO - ContAudITWrapper#55 - Validating Application...
2024-10-10 03:33:28,788 INFO - ContAudITWrapper#55 - Response true
2024-10-10 03:33:28,809 INFO - ContAudITWrapper#55 - Artifact user.workflow hash: 52877374d8c54314b7af92814eaf729121e99a87e9706a2888cd9bcd951b11c9
2024-10-10 03:33:28,816 INFO - ContAudITWrapper#55 - Validating Artifact...
2024-10-10 03:33:33,041 INFO - ContAudITWrapper#55 - Response true
2024-10-10 03:33:33,084 INFO - ContAudITWrapper#55 - Running pre-command actions...
2024-10-10 03:33:33,085 INFO - ContAudITWrapper#55 - Analyzing current environment state...
2024-10-10 03:33:33,197 INFO - ContAudITWrapper#55 - Saving current environment state...
2024-10-10 03:33:33,199 INFO - ContAudITWrapper#55 - Environment state hash: a7ffc6f8bf1ed76651c14756a061d662f580ff4de43b49fa82d80a4b80f8434a
2024-10-10 03:33:33,199 INFO - ContAudITWrapper#55 - Executing command...
2024-10-10 03:33:39,147 INFO - ContAudITWrapper#55 - Command output: 
2024-10-10 03:33:33.378826532 [executor] Initializing the workflow...
[useradd_workflow] User contaudit55 already exists. Removing...
[useradd_workflow] User contaudit55 successfully removed.
[useradd_workflow] User contaudit55 created successfully.
2024-10-10 03:33:39.141450223 [executor] Finished!

2024-10-10 03:33:39,147 INFO - ContAudITWrapper#55 - Running post-command actions...
2024-10-10 03:33:39,148 INFO - ContAudITWrapper#55 - Analyzing current environment state...
2024-10-10 03:33:39,251 INFO - ContAudITWrapper#55 - Saving current environment state...
2024-10-10 03:33:39,251 INFO - ContAudITWrapper#55 - Environment state hash: a7ffc6f8bf1ed76651c14756a061d662f580ff4de43b49fa82d80a4b80f8434a
2024-10-10 03:33:39,252 INFO - ContAudITWrapper#55 - Checking environment diff...
2024-10-10 03:33:39,340 INFO - ContAudITWrapper#55 - Environment diff: 
2024-10-10 03:33:39,341 INFO - ContAudITWrapper#55 - Cleaning temporary files...
2024-10-10 03:33:39,394 INFO - ContAudITWrapper#55 - Sending to blockchain...
2024-10-10 03:33:41,160 INFO - ContAudITWrapper#55 - Response 
2024-10-10 03:33:41,162 INFO - ContAudITWrapper#55 - Finishing ContAudIT Wrapper...
