2024-10-10 03:32:28,217 INFO - ContAudITWrapper#41 - Initializing ContAudIT Wrapper...
2024-10-10 03:32:28,397 INFO - ContAudITWrapper#41 - Current directory: /home/ec2-user/Code/ufrgs-poc/contaudit-wrapper.jar
2024-10-10 03:32:42,035 INFO - ContAudITWrapper#41 - Wrapper hash: b7519188ed863d76e5199a8d880bb968bdf9124fad53b871583787e123a7a764
2024-10-10 03:32:42,052 INFO - ContAudITWrapper#41 - Validating Wrapper...
2024-10-10 03:33:22,883 INFO - ContAudITWrapper#41 - Response true
2024-10-10 03:33:22,993 INFO - ContAudITWrapper#41 - Application hash: e36ee2d35f8c4c41bd358782dfb3ac8852b40439d350ff27616f0c18819ce9bf
2024-10-10 03:33:22,994 INFO - ContAudITWrapper#41 - Validating Application...
2024-10-10 03:33:30,651 INFO - ContAudITWrapper#41 - Response true
2024-10-10 03:33:30,663 INFO - ContAudITWrapper#41 - Artifact user.workflow hash: 52877374d8c54314b7af92814eaf729121e99a87e9706a2888cd9bcd951b11c9
2024-10-10 03:33:30,687 INFO - ContAudITWrapper#41 - Validating Artifact...
2024-10-10 03:33:35,887 INFO - ContAudITWrapper#41 - Response true
2024-10-10 03:33:35,893 INFO - ContAudITWrapper#41 - Running pre-command actions...
2024-10-10 03:33:35,894 INFO - ContAudITWrapper#41 - Analyzing current environment state...
2024-10-10 03:33:36,035 INFO - ContAudITWrapper#41 - Saving current environment state...
2024-10-10 03:33:36,036 INFO - ContAudITWrapper#41 - Environment state hash: a7ffc6f8bf1ed76651c14756a061d662f580ff4de43b49fa82d80a4b80f8434a
2024-10-10 03:33:36,037 INFO - ContAudITWrapper#41 - Executing command...
2024-10-10 03:33:42,401 INFO - ContAudITWrapper#41 - Command output: 
2024-10-10 03:33:36.191703721 [executor] Initializing the workflow...
[useradd_workflow] User contaudit41 already exists. Removing...
[useradd_workflow] User contaudit41 successfully removed.
[useradd_workflow] User contaudit41 created successfully.
2024-10-10 03:33:42.401051336 [executor] Finished!

2024-10-10 03:33:42,402 INFO - ContAudITWrapper#41 - Running post-command actions...
2024-10-10 03:33:42,403 INFO - ContAudITWrapper#41 - Analyzing current environment state...
2024-10-10 03:33:42,408 INFO - ContAudITWrapper#41 - Saving current environment state...
2024-10-10 03:33:42,408 INFO - ContAudITWrapper#41 - Environment state hash: a7ffc6f8bf1ed76651c14756a061d662f580ff4de43b49fa82d80a4b80f8434a
2024-10-10 03:33:42,409 INFO - ContAudITWrapper#41 - Checking environment diff...
2024-10-10 03:33:42,412 INFO - ContAudITWrapper#41 - Environment diff: 
2024-10-10 03:33:42,413 INFO - ContAudITWrapper#41 - Cleaning temporary files...
2024-10-10 03:33:42,417 INFO - ContAudITWrapper#41 - Sending to blockchain...
2024-10-10 03:33:44,801 INFO - ContAudITWrapper#41 - Response 
2024-10-10 03:33:44,899 INFO - ContAudITWrapper#41 - Finishing ContAudIT Wrapper...
