2024-10-10 03:32:28,298 INFO - ContAudITWrapper#3 - Initializing ContAudIT Wrapper...
2024-10-10 03:32:28,466 INFO - ContAudITWrapper#3 - Current directory: /home/ec2-user/Code/ufrgs-poc/contaudit-wrapper.jar
2024-10-10 03:32:40,945 INFO - ContAudITWrapper#3 - Wrapper hash: b7519188ed863d76e5199a8d880bb968bdf9124fad53b871583787e123a7a764
2024-10-10 03:32:40,977 INFO - ContAudITWrapper#3 - Validating Wrapper...
2024-10-10 03:33:21,045 INFO - ContAudITWrapper#3 - Response true
2024-10-10 03:33:21,138 INFO - ContAudITWrapper#3 - Application hash: e36ee2d35f8c4c41bd358782dfb3ac8852b40439d350ff27616f0c18819ce9bf
2024-10-10 03:33:21,139 INFO - ContAudITWrapper#3 - Validating Application...
2024-10-10 03:33:28,911 INFO - ContAudITWrapper#3 - Response true
2024-10-10 03:33:28,941 INFO - ContAudITWrapper#3 - Artifact user.workflow hash: 52877374d8c54314b7af92814eaf729121e99a87e9706a2888cd9bcd951b11c9
2024-10-10 03:33:28,970 INFO - ContAudITWrapper#3 - Validating Artifact...
2024-10-10 03:33:35,307 INFO - ContAudITWrapper#3 - Response true
2024-10-10 03:33:35,317 INFO - ContAudITWrapper#3 - Running pre-command actions...
2024-10-10 03:33:35,321 INFO - ContAudITWrapper#3 - Analyzing current environment state...
2024-10-10 03:33:35,476 INFO - ContAudITWrapper#3 - Saving current environment state...
2024-10-10 03:33:35,478 INFO - ContAudITWrapper#3 - Environment state hash: a7ffc6f8bf1ed76651c14756a061d662f580ff4de43b49fa82d80a4b80f8434a
2024-10-10 03:33:35,478 INFO - ContAudITWrapper#3 - Executing command...
2024-10-10 03:33:41,325 INFO - ContAudITWrapper#3 - Command output: 
2024-10-10 03:33:35.561413955 [executor] Initializing the workflow...
[useradd_workflow] User contaudit3 already exists. Removing...
[useradd_workflow] User contaudit3 successfully removed.
[useradd_workflow] User contaudit3 created successfully.
2024-10-10 03:33:41.324901651 [executor] Finished!

2024-10-10 03:33:41,326 INFO - ContAudITWrapper#3 - Running post-command actions...
2024-10-10 03:33:41,326 INFO - ContAudITWrapper#3 - Analyzing current environment state...
2024-10-10 03:33:41,341 INFO - ContAudITWrapper#3 - Saving current environment state...
2024-10-10 03:33:41,341 INFO - ContAudITWrapper#3 - Environment state hash: a7ffc6f8bf1ed76651c14756a061d662f580ff4de43b49fa82d80a4b80f8434a
2024-10-10 03:33:41,342 INFO - ContAudITWrapper#3 - Checking environment diff...
2024-10-10 03:33:41,349 INFO - ContAudITWrapper#3 - Environment diff: 
2024-10-10 03:33:41,349 INFO - ContAudITWrapper#3 - Cleaning temporary files...
2024-10-10 03:33:41,357 INFO - ContAudITWrapper#3 - Sending to blockchain...
2024-10-10 03:33:42,940 INFO - ContAudITWrapper#3 - Response 
2024-10-10 03:33:42,942 INFO - ContAudITWrapper#3 - Finishing ContAudIT Wrapper...
