2024-10-10 03:32:28,896 INFO - ContAudITWrapper#59 - Initializing ContAudIT Wrapper...
2024-10-10 03:32:29,036 INFO - ContAudITWrapper#59 - Current directory: /home/ec2-user/Code/ufrgs-poc/contaudit-wrapper.jar
2024-10-10 03:32:42,894 INFO - ContAudITWrapper#59 - Wrapper hash: b7519188ed863d76e5199a8d880bb968bdf9124fad53b871583787e123a7a764
2024-10-10 03:32:42,984 INFO - ContAudITWrapper#59 - Validating Wrapper...
2024-10-10 03:33:24,658 INFO - ContAudITWrapper#59 - Response true
2024-10-10 03:33:24,837 INFO - ContAudITWrapper#59 - Application hash: e36ee2d35f8c4c41bd358782dfb3ac8852b40439d350ff27616f0c18819ce9bf
2024-10-10 03:33:24,838 INFO - ContAudITWrapper#59 - Validating Application...
2024-10-10 03:33:30,732 INFO - ContAudITWrapper#59 - Response true
2024-10-10 03:33:30,746 INFO - ContAudITWrapper#59 - Artifact user.workflow hash: 52877374d8c54314b7af92814eaf729121e99a87e9706a2888cd9bcd951b11c9
2024-10-10 03:33:30,760 INFO - ContAudITWrapper#59 - Validating Artifact...
2024-10-10 03:33:34,628 INFO - ContAudITWrapper#59 - Response true
2024-10-10 03:33:34,649 INFO - ContAudITWrapper#59 - Running pre-command actions...
2024-10-10 03:33:34,652 INFO - ContAudITWrapper#59 - Analyzing current environment state...
2024-10-10 03:33:34,763 INFO - ContAudITWrapper#59 - Saving current environment state...
2024-10-10 03:33:34,764 INFO - ContAudITWrapper#59 - Environment state hash: a7ffc6f8bf1ed76651c14756a061d662f580ff4de43b49fa82d80a4b80f8434a
2024-10-10 03:33:34,764 INFO - ContAudITWrapper#59 - Executing command...
2024-10-10 03:33:37,167 INFO - ContAudITWrapper#59 - Command output: 
2024-10-10 03:33:34.857630132 [executor] Initializing the workflow...
[useradd_workflow] User contaudit59 does not exist. Creating...
[useradd_workflow] User contaudit59 created successfully.
2024-10-10 03:33:37.165692724 [executor] Finished!

2024-10-10 03:33:37,167 INFO - ContAudITWrapper#59 - Running post-command actions...
2024-10-10 03:33:37,167 INFO - ContAudITWrapper#59 - Analyzing current environment state...
2024-10-10 03:33:37,263 INFO - ContAudITWrapper#59 - Saving current environment state...
2024-10-10 03:33:37,263 INFO - ContAudITWrapper#59 - Environment state hash: a7ffc6f8bf1ed76651c14756a061d662f580ff4de43b49fa82d80a4b80f8434a
2024-10-10 03:33:37,263 INFO - ContAudITWrapper#59 - Checking environment diff...
2024-10-10 03:33:37,294 INFO - ContAudITWrapper#59 - Environment diff: 
2024-10-10 03:33:37,294 INFO - ContAudITWrapper#59 - Cleaning temporary files...
2024-10-10 03:33:37,314 INFO - ContAudITWrapper#59 - Sending to blockchain...
2024-10-10 03:33:41,260 INFO - ContAudITWrapper#59 - Response 
2024-10-10 03:33:41,262 INFO - ContAudITWrapper#59 - Finishing ContAudIT Wrapper...
