2024-10-10 03:32:29,120 INFO - ContAudITWrapper#33 - Initializing ContAudIT Wrapper...
2024-10-10 03:32:29,228 INFO - ContAudITWrapper#33 - Current directory: /home/ec2-user/Code/ufrgs-poc/contaudit-wrapper.jar
2024-10-10 03:32:42,668 INFO - ContAudITWrapper#33 - Wrapper hash: b7519188ed863d76e5199a8d880bb968bdf9124fad53b871583787e123a7a764
2024-10-10 03:32:42,693 INFO - ContAudITWrapper#33 - Validating Wrapper...
2024-10-10 03:33:25,770 INFO - ContAudITWrapper#33 - Response true
2024-10-10 03:33:25,950 INFO - ContAudITWrapper#33 - Application hash: e36ee2d35f8c4c41bd358782dfb3ac8852b40439d350ff27616f0c18819ce9bf
2024-10-10 03:33:25,951 INFO - ContAudITWrapper#33 - Validating Application...
2024-10-10 03:33:30,843 INFO - ContAudITWrapper#33 - Response true
2024-10-10 03:33:30,879 INFO - ContAudITWrapper#33 - Artifact user.workflow hash: 52877374d8c54314b7af92814eaf729121e99a87e9706a2888cd9bcd951b11c9
2024-10-10 03:33:30,907 INFO - ContAudITWrapper#33 - Validating Artifact...
2024-10-10 03:33:35,884 INFO - ContAudITWrapper#33 - Response true
2024-10-10 03:33:35,896 INFO - ContAudITWrapper#33 - Running pre-command actions...
2024-10-10 03:33:35,897 INFO - ContAudITWrapper#33 - Analyzing current environment state...
2024-10-10 03:33:36,013 INFO - ContAudITWrapper#33 - Saving current environment state...
2024-10-10 03:33:36,014 INFO - ContAudITWrapper#33 - Environment state hash: a7ffc6f8bf1ed76651c14756a061d662f580ff4de43b49fa82d80a4b80f8434a
2024-10-10 03:33:36,015 INFO - ContAudITWrapper#33 - Executing command...
2024-10-10 03:33:42,605 INFO - ContAudITWrapper#33 - Command output: 
2024-10-10 03:33:36.068496945 [executor] Initializing the workflow...
[useradd_workflow] User contaudit33 already exists. Removing...
[useradd_workflow] User contaudit33 successfully removed.
[useradd_workflow] User contaudit33 created successfully.
2024-10-10 03:33:42.605313305 [executor] Finished!

2024-10-10 03:33:42,606 INFO - ContAudITWrapper#33 - Running post-command actions...
2024-10-10 03:33:42,608 INFO - ContAudITWrapper#33 - Analyzing current environment state...
2024-10-10 03:33:42,614 INFO - ContAudITWrapper#33 - Saving current environment state...
2024-10-10 03:33:42,615 INFO - ContAudITWrapper#33 - Environment state hash: a7ffc6f8bf1ed76651c14756a061d662f580ff4de43b49fa82d80a4b80f8434a
2024-10-10 03:33:42,615 INFO - ContAudITWrapper#33 - Checking environment diff...
2024-10-10 03:33:42,622 INFO - ContAudITWrapper#33 - Environment diff: 
2024-10-10 03:33:42,622 INFO - ContAudITWrapper#33 - Cleaning temporary files...
2024-10-10 03:33:42,626 INFO - ContAudITWrapper#33 - Sending to blockchain...
2024-10-10 03:33:44,771 INFO - ContAudITWrapper#33 - Response 
2024-10-10 03:33:44,782 INFO - ContAudITWrapper#33 - Finishing ContAudIT Wrapper...
