2024-10-10 03:32:28,674 INFO - ContAudITWrapper#13 - Initializing ContAudIT Wrapper...
2024-10-10 03:32:28,763 INFO - ContAudITWrapper#13 - Current directory: /home/ec2-user/Code/ufrgs-poc/contaudit-wrapper.jar
2024-10-10 03:32:43,924 INFO - ContAudITWrapper#13 - Wrapper hash: b7519188ed863d76e5199a8d880bb968bdf9124fad53b871583787e123a7a764
2024-10-10 03:32:43,973 INFO - ContAudITWrapper#13 - Validating Wrapper...
2024-10-10 03:33:25,495 INFO - ContAudITWrapper#13 - Response true
2024-10-10 03:33:25,568 INFO - ContAudITWrapper#13 - Application hash: e36ee2d35f8c4c41bd358782dfb3ac8852b40439d350ff27616f0c18819ce9bf
2024-10-10 03:33:25,657 INFO - ContAudITWrapper#13 - Validating Application...
2024-10-10 03:33:35,562 INFO - ContAudITWrapper#13 - Response true
2024-10-10 03:33:35,577 INFO - ContAudITWrapper#13 - Artifact user.workflow hash: 52877374d8c54314b7af92814eaf729121e99a87e9706a2888cd9bcd951b11c9
2024-10-10 03:33:35,616 INFO - ContAudITWrapper#13 - Validating Artifact...
2024-10-10 03:33:39,959 INFO - ContAudITWrapper#13 - Response true
2024-10-10 03:33:39,975 INFO - ContAudITWrapper#13 - Running pre-command actions...
2024-10-10 03:33:39,977 INFO - ContAudITWrapper#13 - Analyzing current environment state...
2024-10-10 03:33:40,025 INFO - ContAudITWrapper#13 - Saving current environment state...
2024-10-10 03:33:40,026 INFO - ContAudITWrapper#13 - Environment state hash: a7ffc6f8bf1ed76651c14756a061d662f580ff4de43b49fa82d80a4b80f8434a
2024-10-10 03:33:40,027 INFO - ContAudITWrapper#13 - Executing command...
2024-10-10 03:33:46,774 INFO - ContAudITWrapper#13 - Command output: 
2024-10-10 03:33:40.061429126 [executor] Initializing the workflow...
[useradd_workflow] User contaudit13 already exists. Removing...
[useradd_workflow] User contaudit13 successfully removed.
[useradd_workflow] User contaudit13 created successfully.
2024-10-10 03:33:46.769125360 [executor] Finished!

2024-10-10 03:33:46,775 INFO - ContAudITWrapper#13 - Running post-command actions...
2024-10-10 03:33:46,775 INFO - ContAudITWrapper#13 - Analyzing current environment state...
2024-10-10 03:33:46,791 INFO - ContAudITWrapper#13 - Saving current environment state...
2024-10-10 03:33:46,791 INFO - ContAudITWrapper#13 - Environment state hash: a7ffc6f8bf1ed76651c14756a061d662f580ff4de43b49fa82d80a4b80f8434a
2024-10-10 03:33:46,791 INFO - ContAudITWrapper#13 - Checking environment diff...
2024-10-10 03:33:46,829 INFO - ContAudITWrapper#13 - Environment diff: 
2024-10-10 03:33:46,830 INFO - ContAudITWrapper#13 - Cleaning temporary files...
2024-10-10 03:33:46,851 INFO - ContAudITWrapper#13 - Sending to blockchain...
2024-10-10 03:33:50,820 INFO - ContAudITWrapper#13 - Response 
2024-10-10 03:33:50,822 INFO - ContAudITWrapper#13 - Finishing ContAudIT Wrapper...
