2024-10-10 03:32:29,217 INFO - ContAudITWrapper#54 - Initializing ContAudIT Wrapper...
2024-10-10 03:32:29,363 INFO - ContAudITWrapper#54 - Current directory: /home/ec2-user/Code/ufrgs-poc/contaudit-wrapper.jar
2024-10-10 03:32:41,849 INFO - ContAudITWrapper#54 - Wrapper hash: b7519188ed863d76e5199a8d880bb968bdf9124fad53b871583787e123a7a764
2024-10-10 03:32:41,889 INFO - ContAudITWrapper#54 - Validating Wrapper...
2024-10-10 03:33:22,540 INFO - ContAudITWrapper#54 - Response true
2024-10-10 03:33:22,630 INFO - ContAudITWrapper#54 - Application hash: e36ee2d35f8c4c41bd358782dfb3ac8852b40439d350ff27616f0c18819ce9bf
2024-10-10 03:33:22,636 INFO - ContAudITWrapper#54 - Validating Application...
2024-10-10 03:33:32,656 INFO - ContAudITWrapper#54 - Response true
2024-10-10 03:33:32,665 INFO - ContAudITWrapper#54 - Artifact user.workflow hash: 52877374d8c54314b7af92814eaf729121e99a87e9706a2888cd9bcd951b11c9
2024-10-10 03:33:32,696 INFO - ContAudITWrapper#54 - Validating Artifact...
2024-10-10 03:33:37,628 INFO - ContAudITWrapper#54 - Response true
2024-10-10 03:33:37,644 INFO - ContAudITWrapper#54 - Running pre-command actions...
2024-10-10 03:33:37,647 INFO - ContAudITWrapper#54 - Analyzing current environment state...
2024-10-10 03:33:37,724 INFO - ContAudITWrapper#54 - Saving current environment state...
2024-10-10 03:33:37,725 INFO - ContAudITWrapper#54 - Environment state hash: a7ffc6f8bf1ed76651c14756a061d662f580ff4de43b49fa82d80a4b80f8434a
2024-10-10 03:33:37,726 INFO - ContAudITWrapper#54 - Executing command...
2024-10-10 03:33:43,973 INFO - ContAudITWrapper#54 - Command output: 
2024-10-10 03:33:37.901574310 [executor] Initializing the workflow...
[useradd_workflow] User contaudit54 already exists. Removing...
[useradd_workflow] User contaudit54 successfully removed.
[useradd_workflow] User contaudit54 created successfully.
2024-10-10 03:33:43.973047256 [executor] Finished!

2024-10-10 03:33:43,973 INFO - ContAudITWrapper#54 - Running post-command actions...
2024-10-10 03:33:43,974 INFO - ContAudITWrapper#54 - Analyzing current environment state...
2024-10-10 03:33:43,979 INFO - ContAudITWrapper#54 - Saving current environment state...
2024-10-10 03:33:43,980 INFO - ContAudITWrapper#54 - Environment state hash: a7ffc6f8bf1ed76651c14756a061d662f580ff4de43b49fa82d80a4b80f8434a
2024-10-10 03:33:43,980 INFO - ContAudITWrapper#54 - Checking environment diff...
2024-10-10 03:33:43,983 INFO - ContAudITWrapper#54 - Environment diff: 
2024-10-10 03:33:43,984 INFO - ContAudITWrapper#54 - Cleaning temporary files...
2024-10-10 03:33:43,988 INFO - ContAudITWrapper#54 - Sending to blockchain...
2024-10-10 03:33:46,777 INFO - ContAudITWrapper#54 - Response 
2024-10-10 03:33:46,778 INFO - ContAudITWrapper#54 - Finishing ContAudIT Wrapper...
