2024-10-10 03:32:28,967 INFO - ContAudITWrapper#51 - Initializing ContAudIT Wrapper...
2024-10-10 03:32:29,120 INFO - ContAudITWrapper#51 - Current directory: /home/ec2-user/Code/ufrgs-poc/contaudit-wrapper.jar
2024-10-10 03:32:39,133 INFO - ContAudITWrapper#51 - Wrapper hash: b7519188ed863d76e5199a8d880bb968bdf9124fad53b871583787e123a7a764
2024-10-10 03:32:39,142 INFO - ContAudITWrapper#51 - Validating Wrapper...
2024-10-10 03:33:14,678 INFO - ContAudITWrapper#51 - Response true
2024-10-10 03:33:14,757 INFO - ContAudITWrapper#51 - Application hash: e36ee2d35f8c4c41bd358782dfb3ac8852b40439d350ff27616f0c18819ce9bf
2024-10-10 03:33:14,758 INFO - ContAudITWrapper#51 - Validating Application...
2024-10-10 03:33:24,486 INFO - ContAudITWrapper#51 - Response true
2024-10-10 03:33:24,495 INFO - ContAudITWrapper#51 - Artifact user.workflow hash: 52877374d8c54314b7af92814eaf729121e99a87e9706a2888cd9bcd951b11c9
2024-10-10 03:33:24,507 INFO - ContAudITWrapper#51 - Validating Artifact...
2024-10-10 03:33:31,010 INFO - ContAudITWrapper#51 - Response true
2024-10-10 03:33:31,023 INFO - ContAudITWrapper#51 - Running pre-command actions...
2024-10-10 03:33:31,024 INFO - ContAudITWrapper#51 - Analyzing current environment state...
2024-10-10 03:33:31,122 INFO - ContAudITWrapper#51 - Saving current environment state...
2024-10-10 03:33:31,124 INFO - ContAudITWrapper#51 - Environment state hash: a7ffc6f8bf1ed76651c14756a061d662f580ff4de43b49fa82d80a4b80f8434a
2024-10-10 03:33:31,124 INFO - ContAudITWrapper#51 - Executing command...
2024-10-10 03:33:35,007 INFO - ContAudITWrapper#51 - Command output: 
2024-10-10 03:33:31.316512132 [executor] Initializing the workflow...
[useradd_workflow] User contaudit51 already exists. Removing...
[useradd_workflow] User contaudit51 successfully removed.
[useradd_workflow] User contaudit51 created successfully.
2024-10-10 03:33:35.002902523 [executor] Finished!

2024-10-10 03:33:35,008 INFO - ContAudITWrapper#51 - Running post-command actions...
2024-10-10 03:33:35,008 INFO - ContAudITWrapper#51 - Analyzing current environment state...
2024-10-10 03:33:35,084 INFO - ContAudITWrapper#51 - Saving current environment state...
2024-10-10 03:33:35,085 INFO - ContAudITWrapper#51 - Environment state hash: a7ffc6f8bf1ed76651c14756a061d662f580ff4de43b49fa82d80a4b80f8434a
2024-10-10 03:33:35,085 INFO - ContAudITWrapper#51 - Checking environment diff...
2024-10-10 03:33:35,139 INFO - ContAudITWrapper#51 - Environment diff: 
2024-10-10 03:33:35,139 INFO - ContAudITWrapper#51 - Cleaning temporary files...
2024-10-10 03:33:35,262 INFO - ContAudITWrapper#51 - Sending to blockchain...
2024-10-10 03:33:41,141 INFO - ContAudITWrapper#51 - Response 
2024-10-10 03:33:41,144 INFO - ContAudITWrapper#51 - Finishing ContAudIT Wrapper...
