2024-10-10 03:32:28,534 INFO - ContAudITWrapper#4 - Initializing ContAudIT Wrapper...
2024-10-10 03:32:28,693 INFO - ContAudITWrapper#4 - Current directory: /home/ec2-user/Code/ufrgs-poc/contaudit-wrapper.jar
2024-10-10 03:32:44,486 INFO - ContAudITWrapper#4 - Wrapper hash: b7519188ed863d76e5199a8d880bb968bdf9124fad53b871583787e123a7a764
2024-10-10 03:32:44,578 INFO - ContAudITWrapper#4 - Validating Wrapper...
2024-10-10 03:33:27,603 INFO - ContAudITWrapper#4 - Response true
2024-10-10 03:33:27,752 INFO - ContAudITWrapper#4 - Application hash: e36ee2d35f8c4c41bd358782dfb3ac8852b40439d350ff27616f0c18819ce9bf
2024-10-10 03:33:27,754 INFO - ContAudITWrapper#4 - Validating Application...
2024-10-10 03:33:34,400 INFO - ContAudITWrapper#4 - Response true
2024-10-10 03:33:34,459 INFO - ContAudITWrapper#4 - Artifact user.workflow hash: 52877374d8c54314b7af92814eaf729121e99a87e9706a2888cd9bcd951b11c9
2024-10-10 03:33:34,465 INFO - ContAudITWrapper#4 - Validating Artifact...
2024-10-10 03:33:38,394 INFO - ContAudITWrapper#4 - Response true
2024-10-10 03:33:38,404 INFO - ContAudITWrapper#4 - Running pre-command actions...
2024-10-10 03:33:38,405 INFO - ContAudITWrapper#4 - Analyzing current environment state...
2024-10-10 03:33:38,483 INFO - ContAudITWrapper#4 - Saving current environment state...
2024-10-10 03:33:38,484 INFO - ContAudITWrapper#4 - Environment state hash: a7ffc6f8bf1ed76651c14756a061d662f580ff4de43b49fa82d80a4b80f8434a
2024-10-10 03:33:38,484 INFO - ContAudITWrapper#4 - Executing command...
2024-10-10 03:33:44,385 INFO - ContAudITWrapper#4 - Command output: 
2024-10-10 03:33:38.532130642 [executor] Initializing the workflow...
[useradd_workflow] User contaudit4 already exists. Removing...
[useradd_workflow] User contaudit4 successfully removed.
[useradd_workflow] User contaudit4 created successfully.
2024-10-10 03:33:44.384622269 [executor] Finished!

2024-10-10 03:33:44,386 INFO - ContAudITWrapper#4 - Running post-command actions...
2024-10-10 03:33:44,386 INFO - ContAudITWrapper#4 - Analyzing current environment state...
2024-10-10 03:33:44,395 INFO - ContAudITWrapper#4 - Saving current environment state...
2024-10-10 03:33:44,396 INFO - ContAudITWrapper#4 - Environment state hash: a7ffc6f8bf1ed76651c14756a061d662f580ff4de43b49fa82d80a4b80f8434a
2024-10-10 03:33:44,396 INFO - ContAudITWrapper#4 - Checking environment diff...
2024-10-10 03:33:44,434 INFO - ContAudITWrapper#4 - Environment diff: 
2024-10-10 03:33:44,434 INFO - ContAudITWrapper#4 - Cleaning temporary files...
2024-10-10 03:33:44,440 INFO - ContAudITWrapper#4 - Sending to blockchain...
2024-10-10 03:33:48,132 INFO - ContAudITWrapper#4 - Response 
2024-10-10 03:33:48,136 INFO - ContAudITWrapper#4 - Finishing ContAudIT Wrapper...
