2024-10-10 03:32:28,805 INFO - ContAudITWrapper#39 - Initializing ContAudIT Wrapper...
2024-10-10 03:32:28,947 INFO - ContAudITWrapper#39 - Current directory: /home/ec2-user/Code/ufrgs-poc/contaudit-wrapper.jar
2024-10-10 03:32:42,542 INFO - ContAudITWrapper#39 - Wrapper hash: b7519188ed863d76e5199a8d880bb968bdf9124fad53b871583787e123a7a764
2024-10-10 03:32:42,566 INFO - ContAudITWrapper#39 - Validating Wrapper...
2024-10-10 03:33:24,310 INFO - ContAudITWrapper#39 - Response true
2024-10-10 03:33:24,383 INFO - ContAudITWrapper#39 - Application hash: e36ee2d35f8c4c41bd358782dfb3ac8852b40439d350ff27616f0c18819ce9bf
2024-10-10 03:33:24,384 INFO - ContAudITWrapper#39 - Validating Application...
2024-10-10 03:33:32,367 INFO - ContAudITWrapper#39 - Response true
2024-10-10 03:33:32,384 INFO - ContAudITWrapper#39 - Artifact user.workflow hash: 52877374d8c54314b7af92814eaf729121e99a87e9706a2888cd9bcd951b11c9
2024-10-10 03:33:32,389 INFO - ContAudITWrapper#39 - Validating Artifact...
2024-10-10 03:33:38,362 INFO - ContAudITWrapper#39 - Response true
2024-10-10 03:33:38,391 INFO - ContAudITWrapper#39 - Running pre-command actions...
2024-10-10 03:33:38,392 INFO - ContAudITWrapper#39 - Analyzing current environment state...
2024-10-10 03:33:38,490 INFO - ContAudITWrapper#39 - Saving current environment state...
2024-10-10 03:33:38,492 INFO - ContAudITWrapper#39 - Environment state hash: a7ffc6f8bf1ed76651c14756a061d662f580ff4de43b49fa82d80a4b80f8434a
2024-10-10 03:33:38,492 INFO - ContAudITWrapper#39 - Executing command...
2024-10-10 03:33:44,449 INFO - ContAudITWrapper#39 - Command output: 
2024-10-10 03:33:38.553541177 [executor] Initializing the workflow...
[useradd_workflow] User contaudit39 already exists. Removing...
[useradd_workflow] User contaudit39 successfully removed.
[useradd_workflow] User contaudit39 created successfully.
2024-10-10 03:33:44.448899870 [executor] Finished!

2024-10-10 03:33:44,450 INFO - ContAudITWrapper#39 - Running post-command actions...
2024-10-10 03:33:44,450 INFO - ContAudITWrapper#39 - Analyzing current environment state...
2024-10-10 03:33:44,458 INFO - ContAudITWrapper#39 - Saving current environment state...
2024-10-10 03:33:44,458 INFO - ContAudITWrapper#39 - Environment state hash: a7ffc6f8bf1ed76651c14756a061d662f580ff4de43b49fa82d80a4b80f8434a
2024-10-10 03:33:44,458 INFO - ContAudITWrapper#39 - Checking environment diff...
2024-10-10 03:33:44,465 INFO - ContAudITWrapper#39 - Environment diff: 
2024-10-10 03:33:44,467 INFO - ContAudITWrapper#39 - Cleaning temporary files...
2024-10-10 03:33:44,474 INFO - ContAudITWrapper#39 - Sending to blockchain...
2024-10-10 03:33:48,051 INFO - ContAudITWrapper#39 - Response 
2024-10-10 03:33:48,052 INFO - ContAudITWrapper#39 - Finishing ContAudIT Wrapper...
