2024-10-10 03:32:29,085 INFO - ContAudITWrapper#47 - Initializing ContAudIT Wrapper...
2024-10-10 03:32:29,184 INFO - ContAudITWrapper#47 - Current directory: /home/ec2-user/Code/ufrgs-poc/contaudit-wrapper.jar
2024-10-10 03:32:38,996 INFO - ContAudITWrapper#47 - Wrapper hash: b7519188ed863d76e5199a8d880bb968bdf9124fad53b871583787e123a7a764
2024-10-10 03:32:39,033 INFO - ContAudITWrapper#47 - Validating Wrapper...
2024-10-10 03:33:15,729 INFO - ContAudITWrapper#47 - Response true
2024-10-10 03:33:15,885 INFO - ContAudITWrapper#47 - Application hash: e36ee2d35f8c4c41bd358782dfb3ac8852b40439d350ff27616f0c18819ce9bf
2024-10-10 03:33:15,886 INFO - ContAudITWrapper#47 - Validating Application...
2024-10-10 03:33:25,070 INFO - ContAudITWrapper#47 - Response true
2024-10-10 03:33:25,080 INFO - ContAudITWrapper#47 - Artifact user.workflow hash: 52877374d8c54314b7af92814eaf729121e99a87e9706a2888cd9bcd951b11c9
2024-10-10 03:33:25,143 INFO - ContAudITWrapper#47 - Validating Artifact...
2024-10-10 03:33:31,549 INFO - ContAudITWrapper#47 - Response true
2024-10-10 03:33:31,573 INFO - ContAudITWrapper#47 - Running pre-command actions...
2024-10-10 03:33:31,574 INFO - ContAudITWrapper#47 - Analyzing current environment state...
2024-10-10 03:33:31,699 INFO - ContAudITWrapper#47 - Saving current environment state...
2024-10-10 03:33:31,700 INFO - ContAudITWrapper#47 - Environment state hash: a7ffc6f8bf1ed76651c14756a061d662f580ff4de43b49fa82d80a4b80f8434a
2024-10-10 03:33:31,701 INFO - ContAudITWrapper#47 - Executing command...
2024-10-10 03:33:35,437 INFO - ContAudITWrapper#47 - Command output: 
2024-10-10 03:33:31.816382288 [executor] Initializing the workflow...
[useradd_workflow] User contaudit47 already exists. Removing...
[useradd_workflow] User contaudit47 successfully removed.
[useradd_workflow] User contaudit47 created successfully.
2024-10-10 03:33:35.436753661 [executor] Finished!

2024-10-10 03:33:35,438 INFO - ContAudITWrapper#47 - Running post-command actions...
2024-10-10 03:33:35,438 INFO - ContAudITWrapper#47 - Analyzing current environment state...
2024-10-10 03:33:35,566 INFO - ContAudITWrapper#47 - Saving current environment state...
2024-10-10 03:33:35,567 INFO - ContAudITWrapper#47 - Environment state hash: a7ffc6f8bf1ed76651c14756a061d662f580ff4de43b49fa82d80a4b80f8434a
2024-10-10 03:33:35,567 INFO - ContAudITWrapper#47 - Checking environment diff...
2024-10-10 03:33:35,581 INFO - ContAudITWrapper#47 - Environment diff: 
2024-10-10 03:33:35,581 INFO - ContAudITWrapper#47 - Cleaning temporary files...
2024-10-10 03:33:35,651 INFO - ContAudITWrapper#47 - Sending to blockchain...
2024-10-10 03:33:41,183 INFO - ContAudITWrapper#47 - Response 
2024-10-10 03:33:41,204 INFO - ContAudITWrapper#47 - Finishing ContAudIT Wrapper...
