2024-10-10 03:32:28,121 INFO - ContAudITWrapper#15 - Initializing ContAudIT Wrapper...
2024-10-10 03:32:28,306 INFO - ContAudITWrapper#15 - Current directory: /home/ec2-user/Code/ufrgs-poc/contaudit-wrapper.jar
2024-10-10 03:32:42,156 INFO - ContAudITWrapper#15 - Wrapper hash: b7519188ed863d76e5199a8d880bb968bdf9124fad53b871583787e123a7a764
2024-10-10 03:32:42,164 INFO - ContAudITWrapper#15 - Validating Wrapper...
2024-10-10 03:33:22,419 INFO - ContAudITWrapper#15 - Response true
2024-10-10 03:33:22,574 INFO - ContAudITWrapper#15 - Application hash: e36ee2d35f8c4c41bd358782dfb3ac8852b40439d350ff27616f0c18819ce9bf
2024-10-10 03:33:22,576 INFO - ContAudITWrapper#15 - Validating Application...
2024-10-10 03:33:33,554 INFO - ContAudITWrapper#15 - Response true
2024-10-10 03:33:33,566 INFO - ContAudITWrapper#15 - Artifact user.workflow hash: 52877374d8c54314b7af92814eaf729121e99a87e9706a2888cd9bcd951b11c9
2024-10-10 03:33:33,616 INFO - ContAudITWrapper#15 - Validating Artifact...
2024-10-10 03:33:38,404 INFO - ContAudITWrapper#15 - Response true
2024-10-10 03:33:38,425 INFO - ContAudITWrapper#15 - Running pre-command actions...
2024-10-10 03:33:38,426 INFO - ContAudITWrapper#15 - Analyzing current environment state...
2024-10-10 03:33:38,547 INFO - ContAudITWrapper#15 - Saving current environment state...
2024-10-10 03:33:38,548 INFO - ContAudITWrapper#15 - Environment state hash: a7ffc6f8bf1ed76651c14756a061d662f580ff4de43b49fa82d80a4b80f8434a
2024-10-10 03:33:38,548 INFO - ContAudITWrapper#15 - Executing command...
2024-10-10 03:33:44,730 INFO - ContAudITWrapper#15 - Command output: 
2024-10-10 03:33:38.606504703 [executor] Initializing the workflow...
[useradd_workflow] User contaudit15 already exists. Removing...
[useradd_workflow] User contaudit15 successfully removed.
[useradd_workflow] User contaudit15 created successfully.
2024-10-10 03:33:44.723935461 [executor] Finished!

2024-10-10 03:33:44,730 INFO - ContAudITWrapper#15 - Running post-command actions...
2024-10-10 03:33:44,731 INFO - ContAudITWrapper#15 - Analyzing current environment state...
2024-10-10 03:33:44,828 INFO - ContAudITWrapper#15 - Saving current environment state...
2024-10-10 03:33:44,829 INFO - ContAudITWrapper#15 - Environment state hash: a7ffc6f8bf1ed76651c14756a061d662f580ff4de43b49fa82d80a4b80f8434a
2024-10-10 03:33:44,829 INFO - ContAudITWrapper#15 - Checking environment diff...
2024-10-10 03:33:44,870 INFO - ContAudITWrapper#15 - Environment diff: 
2024-10-10 03:33:44,870 INFO - ContAudITWrapper#15 - Cleaning temporary files...
2024-10-10 03:33:44,876 INFO - ContAudITWrapper#15 - Sending to blockchain...
2024-10-10 03:33:48,058 INFO - ContAudITWrapper#15 - Response 
2024-10-10 03:33:48,060 INFO - ContAudITWrapper#15 - Finishing ContAudIT Wrapper...
