2024-10-10 03:32:29,012 INFO - ContAudITWrapper#27 - Initializing ContAudIT Wrapper...
2024-10-10 03:32:29,135 INFO - ContAudITWrapper#27 - Current directory: /home/ec2-user/Code/ufrgs-poc/contaudit-wrapper.jar
2024-10-10 03:32:43,668 INFO - ContAudITWrapper#27 - Wrapper hash: b7519188ed863d76e5199a8d880bb968bdf9124fad53b871583787e123a7a764
2024-10-10 03:32:43,677 INFO - ContAudITWrapper#27 - Validating Wrapper...
2024-10-10 03:33:24,546 INFO - ContAudITWrapper#27 - Response true
2024-10-10 03:33:24,611 INFO - ContAudITWrapper#27 - Application hash: e36ee2d35f8c4c41bd358782dfb3ac8852b40439d350ff27616f0c18819ce9bf
2024-10-10 03:33:24,630 INFO - ContAudITWrapper#27 - Validating Application...
2024-10-10 03:33:33,305 INFO - ContAudITWrapper#27 - Response true
2024-10-10 03:33:33,315 INFO - ContAudITWrapper#27 - Artifact user.workflow hash: 52877374d8c54314b7af92814eaf729121e99a87e9706a2888cd9bcd951b11c9
2024-10-10 03:33:33,348 INFO - ContAudITWrapper#27 - Validating Artifact...
2024-10-10 03:33:39,531 INFO - ContAudITWrapper#27 - Response true
2024-10-10 03:33:39,545 INFO - ContAudITWrapper#27 - Running pre-command actions...
2024-10-10 03:33:39,546 INFO - ContAudITWrapper#27 - Analyzing current environment state...
2024-10-10 03:33:39,653 INFO - ContAudITWrapper#27 - Saving current environment state...
2024-10-10 03:33:39,655 INFO - ContAudITWrapper#27 - Environment state hash: a7ffc6f8bf1ed76651c14756a061d662f580ff4de43b49fa82d80a4b80f8434a
2024-10-10 03:33:39,656 INFO - ContAudITWrapper#27 - Executing command...
2024-10-10 03:33:46,213 INFO - ContAudITWrapper#27 - Command output: 
2024-10-10 03:33:39.698525030 [executor] Initializing the workflow...
[useradd_workflow] User contaudit27 already exists. Removing...
[useradd_workflow] User contaudit27 successfully removed.
[useradd_workflow] User contaudit27 created successfully.
2024-10-10 03:33:46.211618410 [executor] Finished!

2024-10-10 03:33:46,213 INFO - ContAudITWrapper#27 - Running post-command actions...
2024-10-10 03:33:46,213 INFO - ContAudITWrapper#27 - Analyzing current environment state...
2024-10-10 03:33:46,232 INFO - ContAudITWrapper#27 - Saving current environment state...
2024-10-10 03:33:46,233 INFO - ContAudITWrapper#27 - Environment state hash: a7ffc6f8bf1ed76651c14756a061d662f580ff4de43b49fa82d80a4b80f8434a
2024-10-10 03:33:46,233 INFO - ContAudITWrapper#27 - Checking environment diff...
2024-10-10 03:33:46,251 INFO - ContAudITWrapper#27 - Environment diff: 
2024-10-10 03:33:46,252 INFO - ContAudITWrapper#27 - Cleaning temporary files...
2024-10-10 03:33:46,280 INFO - ContAudITWrapper#27 - Sending to blockchain...
2024-10-10 03:33:48,855 INFO - ContAudITWrapper#27 - Response 
2024-10-10 03:33:48,857 INFO - ContAudITWrapper#27 - Finishing ContAudIT Wrapper...
