2024-10-09 04:33:00,620 INFO - ContAudITWrapper#44 - Initializing ContAudIT Wrapper...
2024-10-09 04:33:00,768 INFO - ContAudITWrapper#44 - Current directory: /home/ec2-user/Code/ufrgs-poc/contaudit-wrapper.jar
2024-10-09 04:33:15,768 INFO - ContAudITWrapper#44 - Wrapper hash: b7519188ed863d76e5199a8d880bb968bdf9124fad53b871583787e123a7a764
2024-10-09 04:33:15,875 INFO - ContAudITWrapper#44 - Validating Wrapper...
2024-10-09 04:34:00,663 INFO - ContAudITWrapper#44 - Response true
2024-10-09 04:34:00,809 INFO - ContAudITWrapper#44 - Application hash: e36ee2d35f8c4c41bd358782dfb3ac8852b40439d350ff27616f0c18819ce9bf
2024-10-09 04:34:00,810 INFO - ContAudITWrapper#44 - Validating Application...
2024-10-09 04:34:09,320 INFO - ContAudITWrapper#44 - Response true
2024-10-09 04:34:09,336 INFO - ContAudITWrapper#44 - Artifact apache2.workflow hash: bdb4cee855e21446b6ae53ddcb76a1632ef8c4545b5db0517e01ffd552157f6e
2024-10-09 04:34:09,359 INFO - ContAudITWrapper#44 - Validating Artifact...
2024-10-09 04:34:16,050 INFO - ContAudITWrapper#44 - Response true
2024-10-09 04:34:16,069 INFO - ContAudITWrapper#44 - Running pre-command actions...
2024-10-09 04:34:16,072 INFO - ContAudITWrapper#44 - Analyzing current environment state...
2024-10-09 04:34:16,217 INFO - ContAudITWrapper#44 - Saving current environment state...
2024-10-09 04:34:16,218 INFO - ContAudITWrapper#44 - Environment state hash: a7ffc6f8bf1ed76651c14756a061d662f580ff4de43b49fa82d80a4b80f8434a
2024-10-09 04:34:16,218 INFO - ContAudITWrapper#44 - Executing command...
2024-10-09 04:34:17,278 INFO - ContAudITWrapper#44 - Command output: 
2024-10-09 04:34:16.355381169 [executor] Initializing the workflow...
[apache2_workflow] Apache HTTP Server already installed.
[apache2_workflow] UserDir module already loaded.
[apache2_workflow] Configs to UserDir already exist.
[apache2_workflow] public_html directory already exists in /home/ec2-user.
[apache2_workflow] Creating a simple webpage...
[apache2_workflow] Moving webpage to Apache HTTP Server user website folder...
[apache2_workflow] Page moved successfully!
2024-10-09 04:34:17.277341966 [executor] Finished!

2024-10-09 04:34:17,278 INFO - ContAudITWrapper#44 - Running post-command actions...
2024-10-09 04:34:17,278 INFO - ContAudITWrapper#44 - Analyzing current environment state...
2024-10-09 04:34:17,375 INFO - ContAudITWrapper#44 - Saving current environment state...
2024-10-09 04:34:17,375 INFO - ContAudITWrapper#44 - Environment state hash: a7ffc6f8bf1ed76651c14756a061d662f580ff4de43b49fa82d80a4b80f8434a
2024-10-09 04:34:17,375 INFO - ContAudITWrapper#44 - Checking environment diff...
2024-10-09 04:34:17,436 INFO - ContAudITWrapper#44 - Environment diff: 
2024-10-09 04:34:17,437 INFO - ContAudITWrapper#44 - Cleaning temporary files...
2024-10-09 04:34:17,486 INFO - ContAudITWrapper#44 - Sending to blockchain...
2024-10-09 04:34:24,434 INFO - ContAudITWrapper#44 - Response 
2024-10-09 04:34:24,443 INFO - ContAudITWrapper#44 - Finishing ContAudIT Wrapper...
