2024-10-09 04:33:00,988 INFO - ContAudITWrapper#28 - Initializing ContAudIT Wrapper...
2024-10-09 04:33:01,159 INFO - ContAudITWrapper#28 - Current directory: /home/ec2-user/Code/ufrgs-poc/contaudit-wrapper.jar
2024-10-09 04:33:18,249 INFO - ContAudITWrapper#28 - Wrapper hash: b7519188ed863d76e5199a8d880bb968bdf9124fad53b871583787e123a7a764
2024-10-09 04:33:18,292 INFO - ContAudITWrapper#28 - Validating Wrapper...
2024-10-09 04:34:01,856 INFO - ContAudITWrapper#28 - Response true
2024-10-09 04:34:02,015 INFO - ContAudITWrapper#28 - Application hash: e36ee2d35f8c4c41bd358782dfb3ac8852b40439d350ff27616f0c18819ce9bf
2024-10-09 04:34:02,016 INFO - ContAudITWrapper#28 - Validating Application...
2024-10-09 04:34:11,927 INFO - ContAudITWrapper#28 - Response true
2024-10-09 04:34:11,936 INFO - ContAudITWrapper#28 - Artifact apache2.workflow hash: bdb4cee855e21446b6ae53ddcb76a1632ef8c4545b5db0517e01ffd552157f6e
2024-10-09 04:34:11,943 INFO - ContAudITWrapper#28 - Validating Artifact...
2024-10-09 04:34:17,252 INFO - ContAudITWrapper#28 - Response true
2024-10-09 04:34:17,273 INFO - ContAudITWrapper#28 - Running pre-command actions...
2024-10-09 04:34:17,275 INFO - ContAudITWrapper#28 - Analyzing current environment state...
2024-10-09 04:34:17,454 INFO - ContAudITWrapper#28 - Saving current environment state...
2024-10-09 04:34:17,455 INFO - ContAudITWrapper#28 - Environment state hash: a7ffc6f8bf1ed76651c14756a061d662f580ff4de43b49fa82d80a4b80f8434a
2024-10-09 04:34:17,455 INFO - ContAudITWrapper#28 - Executing command...
2024-10-09 04:34:18,434 INFO - ContAudITWrapper#28 - Command output: 
2024-10-09 04:34:17.545219457 [executor] Initializing the workflow...
[apache2_workflow] Apache HTTP Server already installed.
[apache2_workflow] UserDir module already loaded.
[apache2_workflow] Configs to UserDir already exist.
[apache2_workflow] public_html directory already exists in /home/ec2-user.
[apache2_workflow] Creating a simple webpage...
[apache2_workflow] Moving webpage to Apache HTTP Server user website folder...
[apache2_workflow] Page moved successfully!
2024-10-09 04:34:18.433503308 [executor] Finished!

2024-10-09 04:34:18,434 INFO - ContAudITWrapper#28 - Running post-command actions...
2024-10-09 04:34:18,435 INFO - ContAudITWrapper#28 - Analyzing current environment state...
2024-10-09 04:34:18,533 INFO - ContAudITWrapper#28 - Saving current environment state...
2024-10-09 04:34:18,534 INFO - ContAudITWrapper#28 - Environment state hash: a7ffc6f8bf1ed76651c14756a061d662f580ff4de43b49fa82d80a4b80f8434a
2024-10-09 04:34:18,535 INFO - ContAudITWrapper#28 - Checking environment diff...
2024-10-09 04:34:18,594 INFO - ContAudITWrapper#28 - Environment diff: 
2024-10-09 04:34:18,594 INFO - ContAudITWrapper#28 - Cleaning temporary files...
2024-10-09 04:34:18,630 INFO - ContAudITWrapper#28 - Sending to blockchain...
2024-10-09 04:34:24,860 INFO - ContAudITWrapper#28 - Response 
2024-10-09 04:34:24,862 INFO - ContAudITWrapper#28 - Finishing ContAudIT Wrapper...
