2024-10-09 04:33:01,854 INFO - ContAudITWrapper#21 - Initializing ContAudIT Wrapper...
2024-10-09 04:33:01,971 INFO - ContAudITWrapper#21 - Current directory: /home/ec2-user/Code/ufrgs-poc/contaudit-wrapper.jar
2024-10-09 04:33:18,186 INFO - ContAudITWrapper#21 - Wrapper hash: b7519188ed863d76e5199a8d880bb968bdf9124fad53b871583787e123a7a764
2024-10-09 04:33:18,211 INFO - ContAudITWrapper#21 - Validating Wrapper...
2024-10-09 04:34:02,679 INFO - ContAudITWrapper#21 - Response true
2024-10-09 04:34:02,749 INFO - ContAudITWrapper#21 - Application hash: e36ee2d35f8c4c41bd358782dfb3ac8852b40439d350ff27616f0c18819ce9bf
2024-10-09 04:34:02,752 INFO - ContAudITWrapper#21 - Validating Application...
2024-10-09 04:34:09,973 INFO - ContAudITWrapper#21 - Response true
2024-10-09 04:34:10,029 INFO - ContAudITWrapper#21 - Artifact apache2.workflow hash: bdb4cee855e21446b6ae53ddcb76a1632ef8c4545b5db0517e01ffd552157f6e
2024-10-09 04:34:10,041 INFO - ContAudITWrapper#21 - Validating Artifact...
2024-10-09 04:34:15,809 INFO - ContAudITWrapper#21 - Response true
2024-10-09 04:34:15,814 INFO - ContAudITWrapper#21 - Running pre-command actions...
2024-10-09 04:34:15,816 INFO - ContAudITWrapper#21 - Analyzing current environment state...
2024-10-09 04:34:15,887 INFO - ContAudITWrapper#21 - Saving current environment state...
2024-10-09 04:34:15,888 INFO - ContAudITWrapper#21 - Environment state hash: a7ffc6f8bf1ed76651c14756a061d662f580ff4de43b49fa82d80a4b80f8434a
2024-10-09 04:34:15,888 INFO - ContAudITWrapper#21 - Executing command...
2024-10-09 04:34:17,040 INFO - ContAudITWrapper#21 - Command output: 
2024-10-09 04:34:15.988205394 [executor] Initializing the workflow...
[apache2_workflow] Apache HTTP Server already installed.
[apache2_workflow] UserDir module already loaded.
[apache2_workflow] Configs to UserDir already exist.
[apache2_workflow] public_html directory already exists in /home/ec2-user.
[apache2_workflow] Creating a simple webpage...
[apache2_workflow] Moving webpage to Apache HTTP Server user website folder...
[apache2_workflow] Page moved successfully!
2024-10-09 04:34:17.038652696 [executor] Finished!

2024-10-09 04:34:17,040 INFO - ContAudITWrapper#21 - Running post-command actions...
2024-10-09 04:34:17,040 INFO - ContAudITWrapper#21 - Analyzing current environment state...
2024-10-09 04:34:17,289 INFO - ContAudITWrapper#21 - Saving current environment state...
2024-10-09 04:34:17,289 INFO - ContAudITWrapper#21 - Environment state hash: a7ffc6f8bf1ed76651c14756a061d662f580ff4de43b49fa82d80a4b80f8434a
2024-10-09 04:34:17,291 INFO - ContAudITWrapper#21 - Checking environment diff...
2024-10-09 04:34:17,313 INFO - ContAudITWrapper#21 - Environment diff: 
2024-10-09 04:34:17,315 INFO - ContAudITWrapper#21 - Cleaning temporary files...
2024-10-09 04:34:17,343 INFO - ContAudITWrapper#21 - Sending to blockchain...
2024-10-09 04:34:23,903 INFO - ContAudITWrapper#21 - Response 
2024-10-09 04:34:23,905 INFO - ContAudITWrapper#21 - Finishing ContAudIT Wrapper...
