2024-10-09 04:33:01,765 INFO - ContAudITWrapper#56 - Initializing ContAudIT Wrapper...
2024-10-09 04:33:01,921 INFO - ContAudITWrapper#56 - Current directory: /home/ec2-user/Code/ufrgs-poc/contaudit-wrapper.jar
2024-10-09 04:33:17,468 INFO - ContAudITWrapper#56 - Wrapper hash: b7519188ed863d76e5199a8d880bb968bdf9124fad53b871583787e123a7a764
2024-10-09 04:33:17,491 INFO - ContAudITWrapper#56 - Validating Wrapper...
2024-10-09 04:34:02,300 INFO - ContAudITWrapper#56 - Response true
2024-10-09 04:34:02,466 INFO - ContAudITWrapper#56 - Application hash: e36ee2d35f8c4c41bd358782dfb3ac8852b40439d350ff27616f0c18819ce9bf
2024-10-09 04:34:02,466 INFO - ContAudITWrapper#56 - Validating Application...
2024-10-09 04:34:09,570 INFO - ContAudITWrapper#56 - Response true
2024-10-09 04:34:09,589 INFO - ContAudITWrapper#56 - Artifact apache2.workflow hash: bdb4cee855e21446b6ae53ddcb76a1632ef8c4545b5db0517e01ffd552157f6e
2024-10-09 04:34:09,608 INFO - ContAudITWrapper#56 - Validating Artifact...
2024-10-09 04:34:16,230 INFO - ContAudITWrapper#56 - Response true
2024-10-09 04:34:16,237 INFO - ContAudITWrapper#56 - Running pre-command actions...
2024-10-09 04:34:16,238 INFO - ContAudITWrapper#56 - Analyzing current environment state...
2024-10-09 04:34:16,298 INFO - ContAudITWrapper#56 - Saving current environment state...
2024-10-09 04:34:16,299 INFO - ContAudITWrapper#56 - Environment state hash: a7ffc6f8bf1ed76651c14756a061d662f580ff4de43b49fa82d80a4b80f8434a
2024-10-09 04:34:16,300 INFO - ContAudITWrapper#56 - Executing command...
2024-10-09 04:34:16,977 INFO - ContAudITWrapper#56 - Command output: 
2024-10-09 04:34:16.374576098 [executor] Initializing the workflow...
[apache2_workflow] Apache HTTP Server already installed.
[apache2_workflow] UserDir module already loaded.
[apache2_workflow] Configs to UserDir already exist.
[apache2_workflow] public_html directory already exists in /home/ec2-user.
[apache2_workflow] Creating a simple webpage...
[apache2_workflow] Moving webpage to Apache HTTP Server user website folder...
[apache2_workflow] Page moved successfully!
2024-10-09 04:34:16.976259930 [executor] Finished!

2024-10-09 04:34:16,977 INFO - ContAudITWrapper#56 - Running post-command actions...
2024-10-09 04:34:16,977 INFO - ContAudITWrapper#56 - Analyzing current environment state...
2024-10-09 04:34:17,153 INFO - ContAudITWrapper#56 - Saving current environment state...
2024-10-09 04:34:17,154 INFO - ContAudITWrapper#56 - Environment state hash: a7ffc6f8bf1ed76651c14756a061d662f580ff4de43b49fa82d80a4b80f8434a
2024-10-09 04:34:17,154 INFO - ContAudITWrapper#56 - Checking environment diff...
2024-10-09 04:34:17,227 INFO - ContAudITWrapper#56 - Environment diff: 
2024-10-09 04:34:17,227 INFO - ContAudITWrapper#56 - Cleaning temporary files...
2024-10-09 04:34:17,257 INFO - ContAudITWrapper#56 - Sending to blockchain...
2024-10-09 04:34:24,991 INFO - ContAudITWrapper#56 - Response 
2024-10-09 04:34:24,992 INFO - ContAudITWrapper#56 - Finishing ContAudIT Wrapper...
