2024-10-09 04:33:01,689 INFO - ContAudITWrapper#12 - Initializing ContAudIT Wrapper...
2024-10-09 04:33:01,820 INFO - ContAudITWrapper#12 - Current directory: /home/ec2-user/Code/ufrgs-poc/contaudit-wrapper.jar
2024-10-09 04:33:15,098 INFO - ContAudITWrapper#12 - Wrapper hash: b7519188ed863d76e5199a8d880bb968bdf9124fad53b871583787e123a7a764
2024-10-09 04:33:15,133 INFO - ContAudITWrapper#12 - Validating Wrapper...
2024-10-09 04:33:58,219 INFO - ContAudITWrapper#12 - Response true
2024-10-09 04:33:58,231 INFO - ContAudITWrapper#12 - Application hash: e36ee2d35f8c4c41bd358782dfb3ac8852b40439d350ff27616f0c18819ce9bf
2024-10-09 04:33:58,260 INFO - ContAudITWrapper#12 - Validating Application...
2024-10-09 04:34:06,885 INFO - ContAudITWrapper#12 - Response true
2024-10-09 04:34:06,945 INFO - ContAudITWrapper#12 - Artifact apache2.workflow hash: bdb4cee855e21446b6ae53ddcb76a1632ef8c4545b5db0517e01ffd552157f6e
2024-10-09 04:34:06,985 INFO - ContAudITWrapper#12 - Validating Artifact...
2024-10-09 04:34:12,041 INFO - ContAudITWrapper#12 - Response true
2024-10-09 04:34:12,045 INFO - ContAudITWrapper#12 - Running pre-command actions...
2024-10-09 04:34:12,050 INFO - ContAudITWrapper#12 - Analyzing current environment state...
2024-10-09 04:34:12,125 INFO - ContAudITWrapper#12 - Saving current environment state...
2024-10-09 04:34:12,126 INFO - ContAudITWrapper#12 - Environment state hash: a7ffc6f8bf1ed76651c14756a061d662f580ff4de43b49fa82d80a4b80f8434a
2024-10-09 04:34:12,126 INFO - ContAudITWrapper#12 - Executing command...
2024-10-09 04:34:13,149 INFO - ContAudITWrapper#12 - Command output: 
2024-10-09 04:34:12.183630403 [executor] Initializing the workflow...
[apache2_workflow] Apache HTTP Server already installed.
[apache2_workflow] UserDir module already loaded.
[apache2_workflow] Configs to UserDir already exist.
[apache2_workflow] public_html directory already exists in /home/ec2-user.
[apache2_workflow] Creating a simple webpage...
[apache2_workflow] Moving webpage to Apache HTTP Server user website folder...
[apache2_workflow] Page moved successfully!
2024-10-09 04:34:13.143614908 [executor] Finished!

2024-10-09 04:34:13,149 INFO - ContAudITWrapper#12 - Running post-command actions...
2024-10-09 04:34:13,149 INFO - ContAudITWrapper#12 - Analyzing current environment state...
2024-10-09 04:34:13,265 INFO - ContAudITWrapper#12 - Saving current environment state...
2024-10-09 04:34:13,265 INFO - ContAudITWrapper#12 - Environment state hash: a7ffc6f8bf1ed76651c14756a061d662f580ff4de43b49fa82d80a4b80f8434a
2024-10-09 04:34:13,266 INFO - ContAudITWrapper#12 - Checking environment diff...
2024-10-09 04:34:13,331 INFO - ContAudITWrapper#12 - Environment diff: 
2024-10-09 04:34:13,331 INFO - ContAudITWrapper#12 - Cleaning temporary files...
2024-10-09 04:34:13,401 INFO - ContAudITWrapper#12 - Sending to blockchain...
2024-10-09 04:34:23,778 INFO - ContAudITWrapper#12 - Response 
2024-10-09 04:34:23,779 INFO - ContAudITWrapper#12 - Finishing ContAudIT Wrapper...
