2024-10-09 04:33:00,796 INFO - ContAudITWrapper#14 - Initializing ContAudIT Wrapper...
2024-10-09 04:33:00,913 INFO - ContAudITWrapper#14 - Current directory: /home/ec2-user/Code/ufrgs-poc/contaudit-wrapper.jar
2024-10-09 04:33:16,561 INFO - ContAudITWrapper#14 - Wrapper hash: b7519188ed863d76e5199a8d880bb968bdf9124fad53b871583787e123a7a764
2024-10-09 04:33:16,571 INFO - ContAudITWrapper#14 - Validating Wrapper...
2024-10-09 04:33:59,960 INFO - ContAudITWrapper#14 - Response true
2024-10-09 04:34:00,019 INFO - ContAudITWrapper#14 - Application hash: e36ee2d35f8c4c41bd358782dfb3ac8852b40439d350ff27616f0c18819ce9bf
2024-10-09 04:34:00,020 INFO - ContAudITWrapper#14 - Validating Application...
2024-10-09 04:34:08,941 INFO - ContAudITWrapper#14 - Response true
2024-10-09 04:34:08,949 INFO - ContAudITWrapper#14 - Artifact apache2.workflow hash: bdb4cee855e21446b6ae53ddcb76a1632ef8c4545b5db0517e01ffd552157f6e
2024-10-09 04:34:09,001 INFO - ContAudITWrapper#14 - Validating Artifact...
2024-10-09 04:34:14,613 INFO - ContAudITWrapper#14 - Response true
2024-10-09 04:34:14,624 INFO - ContAudITWrapper#14 - Running pre-command actions...
2024-10-09 04:34:14,625 INFO - ContAudITWrapper#14 - Analyzing current environment state...
2024-10-09 04:34:14,739 INFO - ContAudITWrapper#14 - Saving current environment state...
2024-10-09 04:34:14,740 INFO - ContAudITWrapper#14 - Environment state hash: a7ffc6f8bf1ed76651c14756a061d662f580ff4de43b49fa82d80a4b80f8434a
2024-10-09 04:34:14,740 INFO - ContAudITWrapper#14 - Executing command...
2024-10-09 04:34:15,713 INFO - ContAudITWrapper#14 - Command output: 
2024-10-09 04:34:14.814641914 [executor] Initializing the workflow...
[apache2_workflow] Apache HTTP Server already installed.
[apache2_workflow] UserDir module already loaded.
[apache2_workflow] Configs to UserDir already exist.
[apache2_workflow] public_html directory already exists in /home/ec2-user.
[apache2_workflow] Creating a simple webpage...
[apache2_workflow] Moving webpage to Apache HTTP Server user website folder...
[apache2_workflow] Page moved successfully!
2024-10-09 04:34:15.711982994 [executor] Finished!

2024-10-09 04:34:15,713 INFO - ContAudITWrapper#14 - Running post-command actions...
2024-10-09 04:34:15,713 INFO - ContAudITWrapper#14 - Analyzing current environment state...
2024-10-09 04:34:15,871 INFO - ContAudITWrapper#14 - Saving current environment state...
2024-10-09 04:34:15,871 INFO - ContAudITWrapper#14 - Environment state hash: a7ffc6f8bf1ed76651c14756a061d662f580ff4de43b49fa82d80a4b80f8434a
2024-10-09 04:34:15,872 INFO - ContAudITWrapper#14 - Checking environment diff...
2024-10-09 04:34:15,909 INFO - ContAudITWrapper#14 - Environment diff: 
2024-10-09 04:34:15,912 INFO - ContAudITWrapper#14 - Cleaning temporary files...
2024-10-09 04:34:16,022 INFO - ContAudITWrapper#14 - Sending to blockchain...
2024-10-09 04:34:22,544 INFO - ContAudITWrapper#14 - Response 
2024-10-09 04:34:22,583 INFO - ContAudITWrapper#14 - Finishing ContAudIT Wrapper...
