2024-06-27 23:36:40,245 INFO - ContAudITWrapper#6 - Initializing ContAudIT Wrapper...
2024-06-27 23:36:40,291 INFO - ContAudITWrapper#6 - Current directory: /home/kali/Code/ufrgs-poc/contaudit-wrapper.jar
2024-06-27 23:36:47,436 INFO - ContAudITWrapper#6 - Wrapper hash: c76a1b1bb9edc25f91da61e17225b6709df7b63d34810aab1d42c0f930950c0b
2024-06-27 23:36:47,460 INFO - ContAudITWrapper#6 - Validating Wrapper...
2024-06-27 23:37:09,042 INFO - ContAudITWrapper#6 - Response true
2024-06-27 23:37:09,070 INFO - ContAudITWrapper#6 - Application hash: e36ee2d35f8c4c41bd358782dfb3ac8852b40439d350ff27616f0c18819ce9bf
2024-06-27 23:37:09,079 INFO - ContAudITWrapper#6 - Validating Application...
2024-06-27 23:37:12,752 INFO - ContAudITWrapper#6 - Response true
2024-06-27 23:37:12,761 INFO - ContAudITWrapper#6 - Artifact apache2.workflow hash: 94d5f6758492dbe0e869e1486907a86cb16f7931019b4acb0e7f38c98cf1b06d
2024-06-27 23:37:12,767 INFO - ContAudITWrapper#6 - Validating Artifact...
2024-06-27 23:37:16,597 INFO - ContAudITWrapper#6 - Response true
2024-06-27 23:37:16,611 INFO - ContAudITWrapper#6 - Running pre-command actions...
2024-06-27 23:37:16,616 INFO - ContAudITWrapper#6 - Analyzing current environment state...
2024-06-27 23:37:17,396 INFO - ContAudITWrapper#6 - Saving current environment state...
2024-06-27 23:37:17,420 INFO - ContAudITWrapper#6 - Environment state hash: 1776e4b78f696d486603e30cb7241013e927d69ca8030fa37e187c49ffd758cd
2024-06-27 23:37:17,422 INFO - ContAudITWrapper#6 - Executing command...
2024-06-27 23:37:18,021 INFO - ContAudITWrapper#6 - Command output: 
2024-06-27 23:37:17.513289962 [executor] Initializing the workflow...
[apache2_workflow] Create a simple webpage...
[apache2_workflow] Move webpage to Apache HTTP Server user website folder...
2024-06-27 23:37:18.020111980 [executor] Finished!

2024-06-27 23:37:18,021 INFO - ContAudITWrapper#6 - Running post-command actions...
2024-06-27 23:37:18,021 INFO - ContAudITWrapper#6 - Analyzing current environment state...
2024-06-27 23:37:18,436 INFO - ContAudITWrapper#6 - Saving current environment state...
2024-06-27 23:37:18,445 INFO - ContAudITWrapper#6 - Environment state hash: 1776e4b78f696d486603e30cb7241013e927d69ca8030fa37e187c49ffd758cd
2024-06-27 23:37:18,446 INFO - ContAudITWrapper#6 - Checking environment diff...
2024-06-27 23:37:18,596 INFO - ContAudITWrapper#6 - Environment diff: 
2024-06-27 23:37:18,597 INFO - ContAudITWrapper#6 - Cleaning temporary files...
2024-06-27 23:37:18,736 INFO - ContAudITWrapper#6 - Sending to blockchain...
2024-06-27 23:37:27,941 INFO - ContAudITWrapper#6 - Response 
2024-06-27 23:37:27,944 INFO - ContAudITWrapper#6 - Finishing ContAudIT Wrapper...
