2024-06-27 23:36:39,697 INFO - ContAudITWrapper#16 - Initializing ContAudIT Wrapper...
2024-06-27 23:36:39,806 INFO - ContAudITWrapper#16 - Current directory: /home/kali/Code/ufrgs-poc/contaudit-wrapper.jar
2024-06-27 23:36:48,638 INFO - ContAudITWrapper#16 - Wrapper hash: c76a1b1bb9edc25f91da61e17225b6709df7b63d34810aab1d42c0f930950c0b
2024-06-27 23:36:48,745 INFO - ContAudITWrapper#16 - Validating Wrapper...
2024-06-27 23:37:19,807 INFO - ContAudITWrapper#16 - Response true
2024-06-27 23:37:19,915 INFO - ContAudITWrapper#16 - Application hash: e36ee2d35f8c4c41bd358782dfb3ac8852b40439d350ff27616f0c18819ce9bf
2024-06-27 23:37:19,916 INFO - ContAudITWrapper#16 - Validating Application...
2024-06-27 23:37:26,719 INFO - ContAudITWrapper#16 - Response true
2024-06-27 23:37:27,223 INFO - ContAudITWrapper#16 - Artifact apache2.workflow hash: 94d5f6758492dbe0e869e1486907a86cb16f7931019b4acb0e7f38c98cf1b06d
2024-06-27 23:37:27,256 INFO - ContAudITWrapper#16 - Validating Artifact...
2024-06-27 23:37:31,287 INFO - ContAudITWrapper#16 - Response true
2024-06-27 23:37:31,329 INFO - ContAudITWrapper#16 - Running pre-command actions...
2024-06-27 23:37:31,331 INFO - ContAudITWrapper#16 - Analyzing current environment state...
2024-06-27 23:37:31,633 INFO - ContAudITWrapper#16 - Saving current environment state...
2024-06-27 23:37:31,636 INFO - ContAudITWrapper#16 - Environment state hash: 1776e4b78f696d486603e30cb7241013e927d69ca8030fa37e187c49ffd758cd
2024-06-27 23:37:31,637 INFO - ContAudITWrapper#16 - Executing command...
2024-06-27 23:37:31,865 INFO - ContAudITWrapper#16 - Command output: 
2024-06-27 23:37:31.655979342 [executor] Initializing the workflow...
[apache2_workflow] Create a simple webpage...
[apache2_workflow] Move webpage to Apache HTTP Server user website folder...
2024-06-27 23:37:31.862079599 [executor] Finished!

2024-06-27 23:37:31,865 INFO - ContAudITWrapper#16 - Running post-command actions...
2024-06-27 23:37:31,866 INFO - ContAudITWrapper#16 - Analyzing current environment state...
2024-06-27 23:37:32,110 INFO - ContAudITWrapper#16 - Saving current environment state...
2024-06-27 23:37:32,114 INFO - ContAudITWrapper#16 - Environment state hash: 1776e4b78f696d486603e30cb7241013e927d69ca8030fa37e187c49ffd758cd
2024-06-27 23:37:32,115 INFO - ContAudITWrapper#16 - Checking environment diff...
2024-06-27 23:37:32,131 INFO - ContAudITWrapper#16 - Environment diff: 
2024-06-27 23:37:32,135 INFO - ContAudITWrapper#16 - Cleaning temporary files...
2024-06-27 23:37:32,163 INFO - ContAudITWrapper#16 - Sending to blockchain...
2024-06-27 23:37:43,633 INFO - ContAudITWrapper#16 - Response 
2024-06-27 23:37:43,639 INFO - ContAudITWrapper#16 - Finishing ContAudIT Wrapper...
