2024-06-27 23:36:40,683 INFO - ContAudITWrapper#13 - Initializing ContAudIT Wrapper...
2024-06-27 23:36:40,808 INFO - ContAudITWrapper#13 - Current directory: /home/kali/Code/ufrgs-poc/contaudit-wrapper.jar
2024-06-27 23:36:47,701 INFO - ContAudITWrapper#13 - Wrapper hash: c76a1b1bb9edc25f91da61e17225b6709df7b63d34810aab1d42c0f930950c0b
2024-06-27 23:36:47,747 INFO - ContAudITWrapper#13 - Validating Wrapper...
2024-06-27 23:37:05,429 INFO - ContAudITWrapper#13 - Response true
2024-06-27 23:37:05,536 INFO - ContAudITWrapper#13 - Application hash: e36ee2d35f8c4c41bd358782dfb3ac8852b40439d350ff27616f0c18819ce9bf
2024-06-27 23:37:05,537 INFO - ContAudITWrapper#13 - Validating Application...
2024-06-27 23:37:13,717 INFO - ContAudITWrapper#13 - Response true
2024-06-27 23:37:13,725 INFO - ContAudITWrapper#13 - Artifact apache2.workflow hash: 94d5f6758492dbe0e869e1486907a86cb16f7931019b4acb0e7f38c98cf1b06d
2024-06-27 23:37:13,750 INFO - ContAudITWrapper#13 - Validating Artifact...
2024-06-27 23:37:21,204 INFO - ContAudITWrapper#13 - Response true
2024-06-27 23:37:21,228 INFO - ContAudITWrapper#13 - Running pre-command actions...
2024-06-27 23:37:21,230 INFO - ContAudITWrapper#13 - Analyzing current environment state...
2024-06-27 23:37:21,947 INFO - ContAudITWrapper#13 - Saving current environment state...
2024-06-27 23:37:22,026 INFO - ContAudITWrapper#13 - Environment state hash: 1776e4b78f696d486603e30cb7241013e927d69ca8030fa37e187c49ffd758cd
2024-06-27 23:37:22,091 INFO - ContAudITWrapper#13 - Executing command...
2024-06-27 23:37:22,448 INFO - ContAudITWrapper#13 - Command output: 
2024-06-27 23:37:22.211265557 [executor] Initializing the workflow...
[apache2_workflow] Create a simple webpage...
[apache2_workflow] Move webpage to Apache HTTP Server user website folder...
2024-06-27 23:37:22.447504304 [executor] Finished!

2024-06-27 23:37:22,449 INFO - ContAudITWrapper#13 - Running post-command actions...
2024-06-27 23:37:22,449 INFO - ContAudITWrapper#13 - Analyzing current environment state...
2024-06-27 23:37:22,615 INFO - ContAudITWrapper#13 - Saving current environment state...
2024-06-27 23:37:22,618 INFO - ContAudITWrapper#13 - Environment state hash: 1776e4b78f696d486603e30cb7241013e927d69ca8030fa37e187c49ffd758cd
2024-06-27 23:37:22,618 INFO - ContAudITWrapper#13 - Checking environment diff...
2024-06-27 23:37:22,666 INFO - ContAudITWrapper#13 - Environment diff: 
2024-06-27 23:37:22,667 INFO - ContAudITWrapper#13 - Cleaning temporary files...
2024-06-27 23:37:22,737 INFO - ContAudITWrapper#13 - Sending to blockchain...
2024-06-27 23:37:31,241 INFO - ContAudITWrapper#13 - Response 
2024-06-27 23:37:31,264 INFO - ContAudITWrapper#13 - Finishing ContAudIT Wrapper...
