2024-06-27 23:36:40,420 INFO - ContAudITWrapper#3 - Initializing ContAudIT Wrapper...
2024-06-27 23:36:40,473 INFO - ContAudITWrapper#3 - Current directory: /home/kali/Code/ufrgs-poc/contaudit-wrapper.jar
2024-06-27 23:36:49,485 INFO - ContAudITWrapper#3 - Wrapper hash: c76a1b1bb9edc25f91da61e17225b6709df7b63d34810aab1d42c0f930950c0b
2024-06-27 23:36:49,512 INFO - ContAudITWrapper#3 - Validating Wrapper...
2024-06-27 23:37:15,221 INFO - ContAudITWrapper#3 - Response true
2024-06-27 23:37:15,404 INFO - ContAudITWrapper#3 - Application hash: e36ee2d35f8c4c41bd358782dfb3ac8852b40439d350ff27616f0c18819ce9bf
2024-06-27 23:37:15,405 INFO - ContAudITWrapper#3 - Validating Application...
2024-06-27 23:37:21,100 INFO - ContAudITWrapper#3 - Response true
2024-06-27 23:37:21,132 INFO - ContAudITWrapper#3 - Artifact apache2.workflow hash: 94d5f6758492dbe0e869e1486907a86cb16f7931019b4acb0e7f38c98cf1b06d
2024-06-27 23:37:21,143 INFO - ContAudITWrapper#3 - Validating Artifact...
2024-06-27 23:37:24,673 INFO - ContAudITWrapper#3 - Response true
2024-06-27 23:37:24,681 INFO - ContAudITWrapper#3 - Running pre-command actions...
2024-06-27 23:37:24,709 INFO - ContAudITWrapper#3 - Analyzing current environment state...
2024-06-27 23:37:25,988 INFO - ContAudITWrapper#3 - Saving current environment state...
2024-06-27 23:37:26,014 INFO - ContAudITWrapper#3 - Environment state hash: 1776e4b78f696d486603e30cb7241013e927d69ca8030fa37e187c49ffd758cd
2024-06-27 23:37:26,014 INFO - ContAudITWrapper#3 - Executing command...
2024-06-27 23:37:26,348 INFO - ContAudITWrapper#3 - Command output: 
2024-06-27 23:37:26.078083348 [executor] Initializing the workflow...
[apache2_workflow] Create a simple webpage...
[apache2_workflow] Move webpage to Apache HTTP Server user website folder...
2024-06-27 23:37:26.346860733 [executor] Finished!

2024-06-27 23:37:26,349 INFO - ContAudITWrapper#3 - Running post-command actions...
2024-06-27 23:37:26,350 INFO - ContAudITWrapper#3 - Analyzing current environment state...
2024-06-27 23:37:27,048 INFO - ContAudITWrapper#3 - Saving current environment state...
2024-06-27 23:37:27,261 INFO - ContAudITWrapper#3 - Environment state hash: 1776e4b78f696d486603e30cb7241013e927d69ca8030fa37e187c49ffd758cd
2024-06-27 23:37:27,261 INFO - ContAudITWrapper#3 - Checking environment diff...
2024-06-27 23:37:27,302 INFO - ContAudITWrapper#3 - Environment diff: 
2024-06-27 23:37:27,303 INFO - ContAudITWrapper#3 - Cleaning temporary files...
2024-06-27 23:37:27,331 INFO - ContAudITWrapper#3 - Sending to blockchain...
2024-06-27 23:37:35,173 INFO - ContAudITWrapper#3 - Response 
2024-06-27 23:37:35,175 INFO - ContAudITWrapper#3 - Finishing ContAudIT Wrapper...
