2024-06-27 23:36:41,017 INFO - ContAudITWrapper#11 - Initializing ContAudIT Wrapper...
2024-06-27 23:36:41,153 INFO - ContAudITWrapper#11 - Current directory: /home/kali/Code/ufrgs-poc/contaudit-wrapper.jar
2024-06-27 23:36:48,731 INFO - ContAudITWrapper#11 - Wrapper hash: c76a1b1bb9edc25f91da61e17225b6709df7b63d34810aab1d42c0f930950c0b
2024-06-27 23:36:48,747 INFO - ContAudITWrapper#11 - Validating Wrapper...
2024-06-27 23:37:16,095 INFO - ContAudITWrapper#11 - Response true
2024-06-27 23:37:16,163 INFO - ContAudITWrapper#11 - Application hash: e36ee2d35f8c4c41bd358782dfb3ac8852b40439d350ff27616f0c18819ce9bf
2024-06-27 23:37:16,164 INFO - ContAudITWrapper#11 - Validating Application...
2024-06-27 23:37:20,257 INFO - ContAudITWrapper#11 - Response true
2024-06-27 23:37:20,286 INFO - ContAudITWrapper#11 - Artifact apache2.workflow hash: 94d5f6758492dbe0e869e1486907a86cb16f7931019b4acb0e7f38c98cf1b06d
2024-06-27 23:37:20,365 INFO - ContAudITWrapper#11 - Validating Artifact...
2024-06-27 23:37:25,034 INFO - ContAudITWrapper#11 - Response true
2024-06-27 23:37:25,052 INFO - ContAudITWrapper#11 - Running pre-command actions...
2024-06-27 23:37:25,053 INFO - ContAudITWrapper#11 - Analyzing current environment state...
2024-06-27 23:37:25,735 INFO - ContAudITWrapper#11 - Saving current environment state...
2024-06-27 23:37:25,739 INFO - ContAudITWrapper#11 - Environment state hash: 1776e4b78f696d486603e30cb7241013e927d69ca8030fa37e187c49ffd758cd
2024-06-27 23:37:25,740 INFO - ContAudITWrapper#11 - Executing command...
2024-06-27 23:37:25,996 INFO - ContAudITWrapper#11 - Command output: 
2024-06-27 23:37:25.783395114 [executor] Initializing the workflow...
[apache2_workflow] Create a simple webpage...
[apache2_workflow] Move webpage to Apache HTTP Server user website folder...
2024-06-27 23:37:25.993215204 [executor] Finished!

2024-06-27 23:37:25,996 INFO - ContAudITWrapper#11 - Running post-command actions...
2024-06-27 23:37:25,998 INFO - ContAudITWrapper#11 - Analyzing current environment state...
2024-06-27 23:37:26,631 INFO - ContAudITWrapper#11 - Saving current environment state...
2024-06-27 23:37:26,634 INFO - ContAudITWrapper#11 - Environment state hash: 1776e4b78f696d486603e30cb7241013e927d69ca8030fa37e187c49ffd758cd
2024-06-27 23:37:26,638 INFO - ContAudITWrapper#11 - Checking environment diff...
2024-06-27 23:37:26,717 INFO - ContAudITWrapper#11 - Environment diff: 
2024-06-27 23:37:27,216 INFO - ContAudITWrapper#11 - Cleaning temporary files...
2024-06-27 23:37:27,236 INFO - ContAudITWrapper#11 - Sending to blockchain...
2024-06-27 23:37:35,132 INFO - ContAudITWrapper#11 - Response 
2024-06-27 23:37:35,144 INFO - ContAudITWrapper#11 - Finishing ContAudIT Wrapper...
