2024-06-27 23:36:40,851 INFO - ContAudITWrapper#2 - Initializing ContAudIT Wrapper...
2024-06-27 23:36:40,919 INFO - ContAudITWrapper#2 - Current directory: /home/kali/Code/ufrgs-poc/contaudit-wrapper.jar
2024-06-27 23:36:51,834 INFO - ContAudITWrapper#2 - Wrapper hash: c76a1b1bb9edc25f91da61e17225b6709df7b63d34810aab1d42c0f930950c0b
2024-06-27 23:36:51,880 INFO - ContAudITWrapper#2 - Validating Wrapper...
2024-06-27 23:37:16,127 INFO - ContAudITWrapper#2 - Response true
2024-06-27 23:37:16,472 INFO - ContAudITWrapper#2 - Application hash: e36ee2d35f8c4c41bd358782dfb3ac8852b40439d350ff27616f0c18819ce9bf
2024-06-27 23:37:16,476 INFO - ContAudITWrapper#2 - Validating Application...
2024-06-27 23:37:21,381 INFO - ContAudITWrapper#2 - Response true
2024-06-27 23:37:21,401 INFO - ContAudITWrapper#2 - Artifact apache2.workflow hash: 94d5f6758492dbe0e869e1486907a86cb16f7931019b4acb0e7f38c98cf1b06d
2024-06-27 23:37:21,411 INFO - ContAudITWrapper#2 - Validating Artifact...
2024-06-27 23:37:24,614 INFO - ContAudITWrapper#2 - Response true
2024-06-27 23:37:24,623 INFO - ContAudITWrapper#2 - Running pre-command actions...
2024-06-27 23:37:24,631 INFO - ContAudITWrapper#2 - Analyzing current environment state...
2024-06-27 23:37:25,380 INFO - ContAudITWrapper#2 - Saving current environment state...
2024-06-27 23:37:25,387 INFO - ContAudITWrapper#2 - Environment state hash: 1776e4b78f696d486603e30cb7241013e927d69ca8030fa37e187c49ffd758cd
2024-06-27 23:37:25,387 INFO - ContAudITWrapper#2 - Executing command...
2024-06-27 23:37:25,707 INFO - ContAudITWrapper#2 - Command output: 
2024-06-27 23:37:25.425387409 [executor] Initializing the workflow...
[apache2_workflow] Create a simple webpage...
[apache2_workflow] Move webpage to Apache HTTP Server user website folder...
2024-06-27 23:37:25.706775267 [executor] Finished!

2024-06-27 23:37:25,708 INFO - ContAudITWrapper#2 - Running post-command actions...
2024-06-27 23:37:25,708 INFO - ContAudITWrapper#2 - Analyzing current environment state...
2024-06-27 23:37:25,986 INFO - ContAudITWrapper#2 - Saving current environment state...
2024-06-27 23:37:25,989 INFO - ContAudITWrapper#2 - Environment state hash: 1776e4b78f696d486603e30cb7241013e927d69ca8030fa37e187c49ffd758cd
2024-06-27 23:37:25,991 INFO - ContAudITWrapper#2 - Checking environment diff...
2024-06-27 23:37:26,088 INFO - ContAudITWrapper#2 - Environment diff: 
2024-06-27 23:37:26,089 INFO - ContAudITWrapper#2 - Cleaning temporary files...
2024-06-27 23:37:26,166 INFO - ContAudITWrapper#2 - Sending to blockchain...
2024-06-27 23:37:35,129 INFO - ContAudITWrapper#2 - Response 
2024-06-27 23:37:35,131 INFO - ContAudITWrapper#2 - Finishing ContAudIT Wrapper...
