2024-06-27 23:36:40,133 INFO - ContAudITWrapper#8 - Initializing ContAudIT Wrapper...
2024-06-27 23:36:40,189 INFO - ContAudITWrapper#8 - Current directory: /home/kali/Code/ufrgs-poc/contaudit-wrapper.jar
2024-06-27 23:36:48,575 INFO - ContAudITWrapper#8 - Wrapper hash: c76a1b1bb9edc25f91da61e17225b6709df7b63d34810aab1d42c0f930950c0b
2024-06-27 23:36:48,609 INFO - ContAudITWrapper#8 - Validating Wrapper...
2024-06-27 23:37:05,397 INFO - ContAudITWrapper#8 - Response true
2024-06-27 23:37:05,428 INFO - ContAudITWrapper#8 - Application hash: e36ee2d35f8c4c41bd358782dfb3ac8852b40439d350ff27616f0c18819ce9bf
2024-06-27 23:37:05,428 INFO - ContAudITWrapper#8 - Validating Application...
2024-06-27 23:37:10,576 INFO - ContAudITWrapper#8 - Response true
2024-06-27 23:37:10,598 INFO - ContAudITWrapper#8 - Artifact apache2.workflow hash: 94d5f6758492dbe0e869e1486907a86cb16f7931019b4acb0e7f38c98cf1b06d
2024-06-27 23:37:10,626 INFO - ContAudITWrapper#8 - Validating Artifact...
2024-06-27 23:37:14,430 INFO - ContAudITWrapper#8 - Response true
2024-06-27 23:37:14,439 INFO - ContAudITWrapper#8 - Running pre-command actions...
2024-06-27 23:37:14,440 INFO - ContAudITWrapper#8 - Analyzing current environment state...
2024-06-27 23:37:15,204 INFO - ContAudITWrapper#8 - Saving current environment state...
2024-06-27 23:37:15,211 INFO - ContAudITWrapper#8 - Environment state hash: 1776e4b78f696d486603e30cb7241013e927d69ca8030fa37e187c49ffd758cd
2024-06-27 23:37:15,212 INFO - ContAudITWrapper#8 - Executing command...
2024-06-27 23:37:15,668 INFO - ContAudITWrapper#8 - Command output: 
2024-06-27 23:37:15.335682899 [executor] Initializing the workflow...
[apache2_workflow] Create a simple webpage...
[apache2_workflow] Move webpage to Apache HTTP Server user website folder...
2024-06-27 23:37:15.667551751 [executor] Finished!

2024-06-27 23:37:15,669 INFO - ContAudITWrapper#8 - Running post-command actions...
2024-06-27 23:37:15,669 INFO - ContAudITWrapper#8 - Analyzing current environment state...
2024-06-27 23:37:16,210 INFO - ContAudITWrapper#8 - Saving current environment state...
2024-06-27 23:37:16,213 INFO - ContAudITWrapper#8 - Environment state hash: 1776e4b78f696d486603e30cb7241013e927d69ca8030fa37e187c49ffd758cd
2024-06-27 23:37:16,216 INFO - ContAudITWrapper#8 - Checking environment diff...
2024-06-27 23:37:16,288 INFO - ContAudITWrapper#8 - Environment diff: 
2024-06-27 23:37:16,288 INFO - ContAudITWrapper#8 - Cleaning temporary files...
2024-06-27 23:37:16,311 INFO - ContAudITWrapper#8 - Sending to blockchain...
2024-06-27 23:37:22,551 INFO - ContAudITWrapper#8 - Response 
2024-06-27 23:37:22,568 INFO - ContAudITWrapper#8 - Finishing ContAudIT Wrapper...
