2024-06-27 23:36:39,338 INFO - ContAudITWrapper#20 - Initializing ContAudIT Wrapper...
2024-06-27 23:36:39,379 INFO - ContAudITWrapper#20 - Current directory: /home/kali/Code/ufrgs-poc/contaudit-wrapper.jar
2024-06-27 23:36:45,405 INFO - ContAudITWrapper#20 - Wrapper hash: c76a1b1bb9edc25f91da61e17225b6709df7b63d34810aab1d42c0f930950c0b
2024-06-27 23:36:45,452 INFO - ContAudITWrapper#20 - Validating Wrapper...
2024-06-27 23:37:03,822 INFO - ContAudITWrapper#20 - Response true
2024-06-27 23:37:03,956 INFO - ContAudITWrapper#20 - Application hash: e36ee2d35f8c4c41bd358782dfb3ac8852b40439d350ff27616f0c18819ce9bf
2024-06-27 23:37:03,961 INFO - ContAudITWrapper#20 - Validating Application...
2024-06-27 23:37:08,527 INFO - ContAudITWrapper#20 - Response true
2024-06-27 23:37:08,553 INFO - ContAudITWrapper#20 - Artifact apache2.workflow hash: 94d5f6758492dbe0e869e1486907a86cb16f7931019b4acb0e7f38c98cf1b06d
2024-06-27 23:37:08,577 INFO - ContAudITWrapper#20 - Validating Artifact...
2024-06-27 23:37:12,540 INFO - ContAudITWrapper#20 - Response true
2024-06-27 23:37:12,545 INFO - ContAudITWrapper#20 - Running pre-command actions...
2024-06-27 23:37:12,547 INFO - ContAudITWrapper#20 - Analyzing current environment state...
2024-06-27 23:37:13,208 INFO - ContAudITWrapper#20 - Saving current environment state...
2024-06-27 23:37:13,211 INFO - ContAudITWrapper#20 - Environment state hash: 1776e4b78f696d486603e30cb7241013e927d69ca8030fa37e187c49ffd758cd
2024-06-27 23:37:13,212 INFO - ContAudITWrapper#20 - Executing command...
2024-06-27 23:37:13,823 INFO - ContAudITWrapper#20 - Command output: 
2024-06-27 23:37:13.335778954 [executor] Initializing the workflow...
[apache2_workflow] Create a simple webpage...
[apache2_workflow] Move webpage to Apache HTTP Server user website folder...
2024-06-27 23:37:13.811051354 [executor] Finished!

2024-06-27 23:37:13,823 INFO - ContAudITWrapper#20 - Running post-command actions...
2024-06-27 23:37:13,823 INFO - ContAudITWrapper#20 - Analyzing current environment state...
2024-06-27 23:37:14,527 INFO - ContAudITWrapper#20 - Saving current environment state...
2024-06-27 23:37:14,534 INFO - ContAudITWrapper#20 - Environment state hash: 1776e4b78f696d486603e30cb7241013e927d69ca8030fa37e187c49ffd758cd
2024-06-27 23:37:14,535 INFO - ContAudITWrapper#20 - Checking environment diff...
2024-06-27 23:37:14,581 INFO - ContAudITWrapper#20 - Environment diff: 
2024-06-27 23:37:14,581 INFO - ContAudITWrapper#20 - Cleaning temporary files...
2024-06-27 23:37:14,665 INFO - ContAudITWrapper#20 - Sending to blockchain...
2024-06-27 23:37:22,543 INFO - ContAudITWrapper#20 - Response 
2024-06-27 23:37:22,544 INFO - ContAudITWrapper#20 - Finishing ContAudIT Wrapper...
