2024-10-10 03:47:35,184 INFO - ContAudITWrapper#90 - Initializing ContAudIT Wrapper...
2024-10-10 03:47:35,354 INFO - ContAudITWrapper#90 - Current directory: /home/ec2-user/Code/ufrgs-poc/contaudit-wrapper.jar
2024-10-10 03:47:51,939 INFO - ContAudITWrapper#90 - Wrapper hash: b7519188ed863d76e5199a8d880bb968bdf9124fad53b871583787e123a7a764
2024-10-10 03:47:52,081 INFO - ContAudITWrapper#90 - Validating Wrapper...
2024-10-10 03:48:53,724 INFO - ContAudITWrapper#90 - Response true
2024-10-10 03:48:54,093 INFO - ContAudITWrapper#90 - Application hash: e36ee2d35f8c4c41bd358782dfb3ac8852b40439d350ff27616f0c18819ce9bf
2024-10-10 03:48:54,094 INFO - ContAudITWrapper#90 - Validating Application...
2024-10-10 03:49:11,157 INFO - ContAudITWrapper#90 - Response true
2024-10-10 03:49:11,166 INFO - ContAudITWrapper#90 - Artifact user.workflow hash: 52877374d8c54314b7af92814eaf729121e99a87e9706a2888cd9bcd951b11c9
2024-10-10 03:49:11,185 INFO - ContAudITWrapper#90 - Validating Artifact...
2024-10-10 03:49:24,394 INFO - ContAudITWrapper#90 - Response true
2024-10-10 03:49:24,399 INFO - ContAudITWrapper#90 - Running pre-command actions...
2024-10-10 03:49:24,400 INFO - ContAudITWrapper#90 - Analyzing current environment state...
2024-10-10 03:49:24,679 INFO - ContAudITWrapper#90 - Saving current environment state...
2024-10-10 03:49:24,680 INFO - ContAudITWrapper#90 - Environment state hash: a7ffc6f8bf1ed76651c14756a061d662f580ff4de43b49fa82d80a4b80f8434a
2024-10-10 03:49:24,798 INFO - ContAudITWrapper#90 - Executing command...
2024-10-10 03:49:31,631 INFO - ContAudITWrapper#90 - Command output: 
2024-10-10 03:49:24.957887376 [executor] Initializing the workflow...
[useradd_workflow] User contaudit90 already exists. Removing...
[useradd_workflow] User contaudit90 successfully removed.
[useradd_workflow] User contaudit90 created successfully.
2024-10-10 03:49:31.630459130 [executor] Finished!

2024-10-10 03:49:31,631 INFO - ContAudITWrapper#90 - Running post-command actions...
2024-10-10 03:49:31,631 INFO - ContAudITWrapper#90 - Analyzing current environment state...
2024-10-10 03:49:31,752 INFO - ContAudITWrapper#90 - Saving current environment state...
2024-10-10 03:49:31,752 INFO - ContAudITWrapper#90 - Environment state hash: a7ffc6f8bf1ed76651c14756a061d662f580ff4de43b49fa82d80a4b80f8434a
2024-10-10 03:49:31,753 INFO - ContAudITWrapper#90 - Checking environment diff...
2024-10-10 03:49:31,912 INFO - ContAudITWrapper#90 - Environment diff: 
2024-10-10 03:49:31,912 INFO - ContAudITWrapper#90 - Cleaning temporary files...
2024-10-10 03:49:31,999 INFO - ContAudITWrapper#90 - Sending to blockchain...
2024-10-10 03:49:38,597 INFO - ContAudITWrapper#90 - Response 
2024-10-10 03:49:38,599 INFO - ContAudITWrapper#90 - Finishing ContAudIT Wrapper...
