2024-10-10 03:47:34,919 INFO - ContAudITWrapper#44 - Initializing ContAudIT Wrapper...
2024-10-10 03:47:35,115 INFO - ContAudITWrapper#44 - Current directory: /home/ec2-user/Code/ufrgs-poc/contaudit-wrapper.jar
2024-10-10 03:47:58,819 INFO - ContAudITWrapper#44 - Wrapper hash: b7519188ed863d76e5199a8d880bb968bdf9124fad53b871583787e123a7a764
2024-10-10 03:47:58,826 INFO - ContAudITWrapper#44 - Validating Wrapper...
2024-10-10 03:49:07,856 INFO - ContAudITWrapper#44 - Response true
2024-10-10 03:49:08,103 INFO - ContAudITWrapper#44 - Application hash: e36ee2d35f8c4c41bd358782dfb3ac8852b40439d350ff27616f0c18819ce9bf
2024-10-10 03:49:08,105 INFO - ContAudITWrapper#44 - Validating Application...
2024-10-10 03:49:18,918 INFO - ContAudITWrapper#44 - Response true
2024-10-10 03:49:18,925 INFO - ContAudITWrapper#44 - Artifact user.workflow hash: 52877374d8c54314b7af92814eaf729121e99a87e9706a2888cd9bcd951b11c9
2024-10-10 03:49:18,951 INFO - ContAudITWrapper#44 - Validating Artifact...
2024-10-10 03:49:32,630 INFO - ContAudITWrapper#44 - Response true
2024-10-10 03:49:32,636 INFO - ContAudITWrapper#44 - Running pre-command actions...
2024-10-10 03:49:32,637 INFO - ContAudITWrapper#44 - Analyzing current environment state...
2024-10-10 03:49:32,896 INFO - ContAudITWrapper#44 - Saving current environment state...
2024-10-10 03:49:32,897 INFO - ContAudITWrapper#44 - Environment state hash: a7ffc6f8bf1ed76651c14756a061d662f580ff4de43b49fa82d80a4b80f8434a
2024-10-10 03:49:32,897 INFO - ContAudITWrapper#44 - Executing command...
2024-10-10 03:49:44,318 INFO - ContAudITWrapper#44 - Command output: 
2024-10-10 03:49:33.070193891 [executor] Initializing the workflow...
[useradd_workflow] User contaudit44 already exists. Removing...
[useradd_workflow] User contaudit44 successfully removed.
[useradd_workflow] User contaudit44 created successfully.
2024-10-10 03:49:44.317997994 [executor] Finished!

2024-10-10 03:49:44,319 INFO - ContAudITWrapper#44 - Running post-command actions...
2024-10-10 03:49:44,319 INFO - ContAudITWrapper#44 - Analyzing current environment state...
2024-10-10 03:49:44,345 INFO - ContAudITWrapper#44 - Saving current environment state...
2024-10-10 03:49:44,346 INFO - ContAudITWrapper#44 - Environment state hash: a7ffc6f8bf1ed76651c14756a061d662f580ff4de43b49fa82d80a4b80f8434a
2024-10-10 03:49:44,347 INFO - ContAudITWrapper#44 - Checking environment diff...
2024-10-10 03:49:44,416 INFO - ContAudITWrapper#44 - Environment diff: 
2024-10-10 03:49:44,417 INFO - ContAudITWrapper#44 - Cleaning temporary files...
2024-10-10 03:49:44,434 INFO - ContAudITWrapper#44 - Sending to blockchain...
2024-10-10 03:49:48,243 INFO - ContAudITWrapper#44 - Response 
2024-10-10 03:49:48,245 INFO - ContAudITWrapper#44 - Finishing ContAudIT Wrapper...
