2024-10-10 03:47:35,219 INFO - ContAudITWrapper#82 - Initializing ContAudIT Wrapper...
2024-10-10 03:47:35,424 INFO - ContAudITWrapper#82 - Current directory: /home/ec2-user/Code/ufrgs-poc/contaudit-wrapper.jar
2024-10-10 03:47:58,553 INFO - ContAudITWrapper#82 - Wrapper hash: b7519188ed863d76e5199a8d880bb968bdf9124fad53b871583787e123a7a764
2024-10-10 03:47:58,595 INFO - ContAudITWrapper#82 - Validating Wrapper...
2024-10-10 03:49:04,717 INFO - ContAudITWrapper#82 - Response true
2024-10-10 03:49:04,904 INFO - ContAudITWrapper#82 - Application hash: e36ee2d35f8c4c41bd358782dfb3ac8852b40439d350ff27616f0c18819ce9bf
2024-10-10 03:49:04,918 INFO - ContAudITWrapper#82 - Validating Application...
2024-10-10 03:49:18,893 INFO - ContAudITWrapper#82 - Response true
2024-10-10 03:49:18,904 INFO - ContAudITWrapper#82 - Artifact user.workflow hash: 52877374d8c54314b7af92814eaf729121e99a87e9706a2888cd9bcd951b11c9
2024-10-10 03:49:18,924 INFO - ContAudITWrapper#82 - Validating Artifact...
2024-10-10 03:49:28,754 INFO - ContAudITWrapper#82 - Response true
2024-10-10 03:49:28,763 INFO - ContAudITWrapper#82 - Running pre-command actions...
2024-10-10 03:49:28,764 INFO - ContAudITWrapper#82 - Analyzing current environment state...
2024-10-10 03:49:29,041 INFO - ContAudITWrapper#82 - Saving current environment state...
2024-10-10 03:49:29,042 INFO - ContAudITWrapper#82 - Environment state hash: a7ffc6f8bf1ed76651c14756a061d662f580ff4de43b49fa82d80a4b80f8434a
2024-10-10 03:49:29,048 INFO - ContAudITWrapper#82 - Executing command...
2024-10-10 03:49:39,359 INFO - ContAudITWrapper#82 - Command output: 
2024-10-10 03:49:29.211293551 [executor] Initializing the workflow...
[useradd_workflow] User contaudit82 already exists. Removing...
[useradd_workflow] User contaudit82 successfully removed.
[useradd_workflow] User contaudit82 created successfully.
2024-10-10 03:49:39.359292481 [executor] Finished!

2024-10-10 03:49:39,360 INFO - ContAudITWrapper#82 - Running post-command actions...
2024-10-10 03:49:39,360 INFO - ContAudITWrapper#82 - Analyzing current environment state...
2024-10-10 03:49:39,364 INFO - ContAudITWrapper#82 - Saving current environment state...
2024-10-10 03:49:39,365 INFO - ContAudITWrapper#82 - Environment state hash: a7ffc6f8bf1ed76651c14756a061d662f580ff4de43b49fa82d80a4b80f8434a
2024-10-10 03:49:39,365 INFO - ContAudITWrapper#82 - Checking environment diff...
2024-10-10 03:49:39,369 INFO - ContAudITWrapper#82 - Environment diff: 
2024-10-10 03:49:39,369 INFO - ContAudITWrapper#82 - Cleaning temporary files...
2024-10-10 03:49:39,373 INFO - ContAudITWrapper#82 - Sending to blockchain...
2024-10-10 03:49:40,285 INFO - ContAudITWrapper#82 - Response 
2024-10-10 03:49:40,286 INFO - ContAudITWrapper#82 - Finishing ContAudIT Wrapper...
