2024-10-10 03:47:35,820 INFO - ContAudITWrapper#78 - Initializing ContAudIT Wrapper...
2024-10-10 03:47:36,053 INFO - ContAudITWrapper#78 - Current directory: /home/ec2-user/Code/ufrgs-poc/contaudit-wrapper.jar
2024-10-10 03:47:59,358 INFO - ContAudITWrapper#78 - Wrapper hash: b7519188ed863d76e5199a8d880bb968bdf9124fad53b871583787e123a7a764
2024-10-10 03:47:59,468 INFO - ContAudITWrapper#78 - Validating Wrapper...
2024-10-10 03:49:07,592 INFO - ContAudITWrapper#78 - Response true
2024-10-10 03:49:07,704 INFO - ContAudITWrapper#78 - Application hash: e36ee2d35f8c4c41bd358782dfb3ac8852b40439d350ff27616f0c18819ce9bf
2024-10-10 03:49:07,705 INFO - ContAudITWrapper#78 - Validating Application...
2024-10-10 03:49:21,451 INFO - ContAudITWrapper#78 - Response true
2024-10-10 03:49:21,458 INFO - ContAudITWrapper#78 - Artifact user.workflow hash: 52877374d8c54314b7af92814eaf729121e99a87e9706a2888cd9bcd951b11c9
2024-10-10 03:49:21,465 INFO - ContAudITWrapper#78 - Validating Artifact...
2024-10-10 03:49:32,628 INFO - ContAudITWrapper#78 - Response true
2024-10-10 03:49:32,649 INFO - ContAudITWrapper#78 - Running pre-command actions...
2024-10-10 03:49:32,650 INFO - ContAudITWrapper#78 - Analyzing current environment state...
2024-10-10 03:49:32,870 INFO - ContAudITWrapper#78 - Saving current environment state...
2024-10-10 03:49:32,871 INFO - ContAudITWrapper#78 - Environment state hash: a7ffc6f8bf1ed76651c14756a061d662f580ff4de43b49fa82d80a4b80f8434a
2024-10-10 03:49:32,871 INFO - ContAudITWrapper#78 - Executing command...
2024-10-10 03:49:45,250 INFO - ContAudITWrapper#78 - Command output: 
2024-10-10 03:49:32.965046232 [executor] Initializing the workflow...
[useradd_workflow] User contaudit78 already exists. Removing...
[useradd_workflow] User contaudit78 successfully removed.
[useradd_workflow] User contaudit78 created successfully.
2024-10-10 03:49:45.249480909 [executor] Finished!

2024-10-10 03:49:45,250 INFO - ContAudITWrapper#78 - Running post-command actions...
2024-10-10 03:49:45,251 INFO - ContAudITWrapper#78 - Analyzing current environment state...
2024-10-10 03:49:45,315 INFO - ContAudITWrapper#78 - Saving current environment state...
2024-10-10 03:49:45,316 INFO - ContAudITWrapper#78 - Environment state hash: a7ffc6f8bf1ed76651c14756a061d662f580ff4de43b49fa82d80a4b80f8434a
2024-10-10 03:49:45,316 INFO - ContAudITWrapper#78 - Checking environment diff...
2024-10-10 03:49:45,338 INFO - ContAudITWrapper#78 - Environment diff: 
2024-10-10 03:49:45,338 INFO - ContAudITWrapper#78 - Cleaning temporary files...
2024-10-10 03:49:45,345 INFO - ContAudITWrapper#78 - Sending to blockchain...
2024-10-10 03:49:49,690 INFO - ContAudITWrapper#78 - Response 
2024-10-10 03:49:49,691 INFO - ContAudITWrapper#78 - Finishing ContAudIT Wrapper...
