2024-10-10 03:47:34,835 INFO - ContAudITWrapper#22 - Initializing ContAudIT Wrapper...
2024-10-10 03:47:35,112 INFO - ContAudITWrapper#22 - Current directory: /home/ec2-user/Code/ufrgs-poc/contaudit-wrapper.jar
2024-10-10 03:47:55,597 INFO - ContAudITWrapper#22 - Wrapper hash: b7519188ed863d76e5199a8d880bb968bdf9124fad53b871583787e123a7a764
2024-10-10 03:47:55,613 INFO - ContAudITWrapper#22 - Validating Wrapper...
2024-10-10 03:48:54,148 INFO - ContAudITWrapper#22 - Response true
2024-10-10 03:48:54,258 INFO - ContAudITWrapper#22 - Application hash: e36ee2d35f8c4c41bd358782dfb3ac8852b40439d350ff27616f0c18819ce9bf
2024-10-10 03:48:54,287 INFO - ContAudITWrapper#22 - Validating Application...
2024-10-10 03:49:08,987 INFO - ContAudITWrapper#22 - Response true
2024-10-10 03:49:09,001 INFO - ContAudITWrapper#22 - Artifact user.workflow hash: 52877374d8c54314b7af92814eaf729121e99a87e9706a2888cd9bcd951b11c9
2024-10-10 03:49:09,007 INFO - ContAudITWrapper#22 - Validating Artifact...
2024-10-10 03:49:25,435 INFO - ContAudITWrapper#22 - Response true
2024-10-10 03:49:25,443 INFO - ContAudITWrapper#22 - Running pre-command actions...
2024-10-10 03:49:25,444 INFO - ContAudITWrapper#22 - Analyzing current environment state...
2024-10-10 03:49:25,680 INFO - ContAudITWrapper#22 - Saving current environment state...
2024-10-10 03:49:25,681 INFO - ContAudITWrapper#22 - Environment state hash: a7ffc6f8bf1ed76651c14756a061d662f580ff4de43b49fa82d80a4b80f8434a
2024-10-10 03:49:25,682 INFO - ContAudITWrapper#22 - Executing command...
2024-10-10 03:49:33,225 INFO - ContAudITWrapper#22 - Command output: 
2024-10-10 03:49:25.813313779 [executor] Initializing the workflow...
[useradd_workflow] User contaudit22 already exists. Removing...
[useradd_workflow] User contaudit22 successfully removed.
[useradd_workflow] User contaudit22 created successfully.
2024-10-10 03:49:33.224817723 [executor] Finished!

2024-10-10 03:49:33,226 INFO - ContAudITWrapper#22 - Running post-command actions...
2024-10-10 03:49:33,227 INFO - ContAudITWrapper#22 - Analyzing current environment state...
2024-10-10 03:49:33,288 INFO - ContAudITWrapper#22 - Saving current environment state...
2024-10-10 03:49:33,288 INFO - ContAudITWrapper#22 - Environment state hash: a7ffc6f8bf1ed76651c14756a061d662f580ff4de43b49fa82d80a4b80f8434a
2024-10-10 03:49:33,289 INFO - ContAudITWrapper#22 - Checking environment diff...
2024-10-10 03:49:33,358 INFO - ContAudITWrapper#22 - Environment diff: 
2024-10-10 03:49:33,358 INFO - ContAudITWrapper#22 - Cleaning temporary files...
2024-10-10 03:49:33,453 INFO - ContAudITWrapper#22 - Sending to blockchain...
2024-10-10 03:49:40,307 INFO - ContAudITWrapper#22 - Response 
2024-10-10 03:49:40,311 INFO - ContAudITWrapper#22 - Finishing ContAudIT Wrapper...
