2024-10-10 03:47:36,044 INFO - ContAudITWrapper#6 - Initializing ContAudIT Wrapper...
2024-10-10 03:47:36,233 INFO - ContAudITWrapper#6 - Current directory: /home/ec2-user/Code/ufrgs-poc/contaudit-wrapper.jar
2024-10-10 03:47:58,398 INFO - ContAudITWrapper#6 - Wrapper hash: b7519188ed863d76e5199a8d880bb968bdf9124fad53b871583787e123a7a764
2024-10-10 03:47:58,571 INFO - ContAudITWrapper#6 - Validating Wrapper...
2024-10-10 03:49:08,129 INFO - ContAudITWrapper#6 - Response true
2024-10-10 03:49:08,330 INFO - ContAudITWrapper#6 - Application hash: e36ee2d35f8c4c41bd358782dfb3ac8852b40439d350ff27616f0c18819ce9bf
2024-10-10 03:49:08,332 INFO - ContAudITWrapper#6 - Validating Application...
2024-10-10 03:49:20,376 INFO - ContAudITWrapper#6 - Response true
2024-10-10 03:49:20,391 INFO - ContAudITWrapper#6 - Artifact user.workflow hash: 52877374d8c54314b7af92814eaf729121e99a87e9706a2888cd9bcd951b11c9
2024-10-10 03:49:20,408 INFO - ContAudITWrapper#6 - Validating Artifact...
2024-10-10 03:49:35,036 INFO - ContAudITWrapper#6 - Response true
2024-10-10 03:49:35,051 INFO - ContAudITWrapper#6 - Running pre-command actions...
2024-10-10 03:49:35,052 INFO - ContAudITWrapper#6 - Analyzing current environment state...
2024-10-10 03:49:35,242 INFO - ContAudITWrapper#6 - Saving current environment state...
2024-10-10 03:49:35,242 INFO - ContAudITWrapper#6 - Environment state hash: a7ffc6f8bf1ed76651c14756a061d662f580ff4de43b49fa82d80a4b80f8434a
2024-10-10 03:49:35,243 INFO - ContAudITWrapper#6 - Executing command...
2024-10-10 03:49:47,333 INFO - ContAudITWrapper#6 - Command output: 
2024-10-10 03:49:35.292274932 [executor] Initializing the workflow...
[useradd_workflow] User contaudit6 already exists. Removing...
[useradd_workflow] User contaudit6 successfully removed.
[useradd_workflow] User contaudit6 created successfully.
2024-10-10 03:49:47.333119801 [executor] Finished!

2024-10-10 03:49:47,334 INFO - ContAudITWrapper#6 - Running post-command actions...
2024-10-10 03:49:47,335 INFO - ContAudITWrapper#6 - Analyzing current environment state...
2024-10-10 03:49:47,380 INFO - ContAudITWrapper#6 - Saving current environment state...
2024-10-10 03:49:47,381 INFO - ContAudITWrapper#6 - Environment state hash: a7ffc6f8bf1ed76651c14756a061d662f580ff4de43b49fa82d80a4b80f8434a
2024-10-10 03:49:47,381 INFO - ContAudITWrapper#6 - Checking environment diff...
2024-10-10 03:49:47,392 INFO - ContAudITWrapper#6 - Environment diff: 
2024-10-10 03:49:47,392 INFO - ContAudITWrapper#6 - Cleaning temporary files...
2024-10-10 03:49:47,409 INFO - ContAudITWrapper#6 - Sending to blockchain...
2024-10-10 03:49:51,643 INFO - ContAudITWrapper#6 - Response 
2024-10-10 03:49:51,675 INFO - ContAudITWrapper#6 - Finishing ContAudIT Wrapper...
