2024-10-10 03:47:36,381 INFO - ContAudITWrapper#53 - Initializing ContAudIT Wrapper...
2024-10-10 03:47:36,551 INFO - ContAudITWrapper#53 - Current directory: /home/ec2-user/Code/ufrgs-poc/contaudit-wrapper.jar
2024-10-10 03:48:02,524 INFO - ContAudITWrapper#53 - Wrapper hash: b7519188ed863d76e5199a8d880bb968bdf9124fad53b871583787e123a7a764
2024-10-10 03:48:02,531 INFO - ContAudITWrapper#53 - Validating Wrapper...
2024-10-10 03:49:10,755 INFO - ContAudITWrapper#53 - Response true
2024-10-10 03:49:10,932 INFO - ContAudITWrapper#53 - Application hash: e36ee2d35f8c4c41bd358782dfb3ac8852b40439d350ff27616f0c18819ce9bf
2024-10-10 03:49:10,933 INFO - ContAudITWrapper#53 - Validating Application...
2024-10-10 03:49:25,516 INFO - ContAudITWrapper#53 - Response true
2024-10-10 03:49:25,538 INFO - ContAudITWrapper#53 - Artifact user.workflow hash: 52877374d8c54314b7af92814eaf729121e99a87e9706a2888cd9bcd951b11c9
2024-10-10 03:49:25,564 INFO - ContAudITWrapper#53 - Validating Artifact...
2024-10-10 03:49:37,437 INFO - ContAudITWrapper#53 - Response true
2024-10-10 03:49:37,462 INFO - ContAudITWrapper#53 - Running pre-command actions...
2024-10-10 03:49:37,463 INFO - ContAudITWrapper#53 - Analyzing current environment state...
2024-10-10 03:49:37,559 INFO - ContAudITWrapper#53 - Saving current environment state...
2024-10-10 03:49:37,561 INFO - ContAudITWrapper#53 - Environment state hash: a7ffc6f8bf1ed76651c14756a061d662f580ff4de43b49fa82d80a4b80f8434a
2024-10-10 03:49:37,561 INFO - ContAudITWrapper#53 - Executing command...
2024-10-10 03:49:49,803 INFO - ContAudITWrapper#53 - Command output: 
2024-10-10 03:49:37.622598653 [executor] Initializing the workflow...
[useradd_workflow] User contaudit53 already exists. Removing...
[useradd_workflow] User contaudit53 successfully removed.
[useradd_workflow] User contaudit53 created successfully.
2024-10-10 03:49:49.802032832 [executor] Finished!

2024-10-10 03:49:49,803 INFO - ContAudITWrapper#53 - Running post-command actions...
2024-10-10 03:49:49,803 INFO - ContAudITWrapper#53 - Analyzing current environment state...
2024-10-10 03:49:49,851 INFO - ContAudITWrapper#53 - Saving current environment state...
2024-10-10 03:49:49,852 INFO - ContAudITWrapper#53 - Environment state hash: a7ffc6f8bf1ed76651c14756a061d662f580ff4de43b49fa82d80a4b80f8434a
2024-10-10 03:49:49,852 INFO - ContAudITWrapper#53 - Checking environment diff...
2024-10-10 03:49:49,858 INFO - ContAudITWrapper#53 - Environment diff: 
2024-10-10 03:49:49,858 INFO - ContAudITWrapper#53 - Cleaning temporary files...
2024-10-10 03:49:49,864 INFO - ContAudITWrapper#53 - Sending to blockchain...
2024-10-10 03:49:52,273 INFO - ContAudITWrapper#53 - Response 
2024-10-10 03:49:52,275 INFO - ContAudITWrapper#53 - Finishing ContAudIT Wrapper...
