2024-10-10 03:47:36,145 INFO - ContAudITWrapper#91 - Initializing ContAudIT Wrapper...
2024-10-10 03:47:36,302 INFO - ContAudITWrapper#91 - Current directory: /home/ec2-user/Code/ufrgs-poc/contaudit-wrapper.jar
2024-10-10 03:47:57,080 INFO - ContAudITWrapper#91 - Wrapper hash: b7519188ed863d76e5199a8d880bb968bdf9124fad53b871583787e123a7a764
2024-10-10 03:47:57,161 INFO - ContAudITWrapper#91 - Validating Wrapper...
2024-10-10 03:49:04,968 INFO - ContAudITWrapper#91 - Response true
2024-10-10 03:49:05,199 INFO - ContAudITWrapper#91 - Application hash: e36ee2d35f8c4c41bd358782dfb3ac8852b40439d350ff27616f0c18819ce9bf
2024-10-10 03:49:05,200 INFO - ContAudITWrapper#91 - Validating Application...
2024-10-10 03:49:19,218 INFO - ContAudITWrapper#91 - Response true
2024-10-10 03:49:19,226 INFO - ContAudITWrapper#91 - Artifact user.workflow hash: 52877374d8c54314b7af92814eaf729121e99a87e9706a2888cd9bcd951b11c9
2024-10-10 03:49:19,240 INFO - ContAudITWrapper#91 - Validating Artifact...
2024-10-10 03:49:31,477 INFO - ContAudITWrapper#91 - Response true
2024-10-10 03:49:31,495 INFO - ContAudITWrapper#91 - Running pre-command actions...
2024-10-10 03:49:31,496 INFO - ContAudITWrapper#91 - Analyzing current environment state...
2024-10-10 03:49:31,682 INFO - ContAudITWrapper#91 - Saving current environment state...
2024-10-10 03:49:31,683 INFO - ContAudITWrapper#91 - Environment state hash: a7ffc6f8bf1ed76651c14756a061d662f580ff4de43b49fa82d80a4b80f8434a
2024-10-10 03:49:31,684 INFO - ContAudITWrapper#91 - Executing command...
2024-10-10 03:49:43,138 INFO - ContAudITWrapper#91 - Command output: 
2024-10-10 03:49:31.879676529 [executor] Initializing the workflow...
[useradd_workflow] User contaudit91 already exists. Removing...
[useradd_workflow] User contaudit91 successfully removed.
[useradd_workflow] User contaudit91 created successfully.
2024-10-10 03:49:43.138350755 [executor] Finished!

2024-10-10 03:49:43,139 INFO - ContAudITWrapper#91 - Running post-command actions...
2024-10-10 03:49:43,139 INFO - ContAudITWrapper#91 - Analyzing current environment state...
2024-10-10 03:49:43,143 INFO - ContAudITWrapper#91 - Saving current environment state...
2024-10-10 03:49:43,144 INFO - ContAudITWrapper#91 - Environment state hash: a7ffc6f8bf1ed76651c14756a061d662f580ff4de43b49fa82d80a4b80f8434a
2024-10-10 03:49:43,144 INFO - ContAudITWrapper#91 - Checking environment diff...
2024-10-10 03:49:43,149 INFO - ContAudITWrapper#91 - Environment diff: 
2024-10-10 03:49:43,149 INFO - ContAudITWrapper#91 - Cleaning temporary files...
2024-10-10 03:49:43,153 INFO - ContAudITWrapper#91 - Sending to blockchain...
2024-10-10 03:49:44,354 INFO - ContAudITWrapper#91 - Response 
2024-10-10 03:49:44,361 INFO - ContAudITWrapper#91 - Finishing ContAudIT Wrapper...
