2024-10-10 03:47:35,529 INFO - ContAudITWrapper#86 - Initializing ContAudIT Wrapper...
2024-10-10 03:47:35,701 INFO - ContAudITWrapper#86 - Current directory: /home/ec2-user/Code/ufrgs-poc/contaudit-wrapper.jar
2024-10-10 03:47:57,491 INFO - ContAudITWrapper#86 - Wrapper hash: b7519188ed863d76e5199a8d880bb968bdf9124fad53b871583787e123a7a764
2024-10-10 03:47:57,608 INFO - ContAudITWrapper#86 - Validating Wrapper...
2024-10-10 03:49:05,856 INFO - ContAudITWrapper#86 - Response true
2024-10-10 03:49:06,069 INFO - ContAudITWrapper#86 - Application hash: e36ee2d35f8c4c41bd358782dfb3ac8852b40439d350ff27616f0c18819ce9bf
2024-10-10 03:49:06,070 INFO - ContAudITWrapper#86 - Validating Application...
2024-10-10 03:49:20,354 INFO - ContAudITWrapper#86 - Response true
2024-10-10 03:49:20,374 INFO - ContAudITWrapper#86 - Artifact user.workflow hash: 52877374d8c54314b7af92814eaf729121e99a87e9706a2888cd9bcd951b11c9
2024-10-10 03:49:20,421 INFO - ContAudITWrapper#86 - Validating Artifact...
2024-10-10 03:49:32,003 INFO - ContAudITWrapper#86 - Response true
2024-10-10 03:49:32,004 INFO - ContAudITWrapper#86 - Running pre-command actions...
2024-10-10 03:49:32,005 INFO - ContAudITWrapper#86 - Analyzing current environment state...
2024-10-10 03:49:32,322 INFO - ContAudITWrapper#86 - Saving current environment state...
2024-10-10 03:49:32,324 INFO - ContAudITWrapper#86 - Environment state hash: a7ffc6f8bf1ed76651c14756a061d662f580ff4de43b49fa82d80a4b80f8434a
2024-10-10 03:49:32,324 INFO - ContAudITWrapper#86 - Executing command...
2024-10-10 03:49:43,322 INFO - ContAudITWrapper#86 - Command output: 
2024-10-10 03:49:32.489631471 [executor] Initializing the workflow...
[useradd_workflow] User contaudit86 already exists. Removing...
[useradd_workflow] User contaudit86 successfully removed.
[useradd_workflow] User contaudit86 created successfully.
2024-10-10 03:49:43.322052567 [executor] Finished!

2024-10-10 03:49:43,322 INFO - ContAudITWrapper#86 - Running post-command actions...
2024-10-10 03:49:43,322 INFO - ContAudITWrapper#86 - Analyzing current environment state...
2024-10-10 03:49:43,327 INFO - ContAudITWrapper#86 - Saving current environment state...
2024-10-10 03:49:43,328 INFO - ContAudITWrapper#86 - Environment state hash: a7ffc6f8bf1ed76651c14756a061d662f580ff4de43b49fa82d80a4b80f8434a
2024-10-10 03:49:43,328 INFO - ContAudITWrapper#86 - Checking environment diff...
2024-10-10 03:49:43,331 INFO - ContAudITWrapper#86 - Environment diff: 
2024-10-10 03:49:43,332 INFO - ContAudITWrapper#86 - Cleaning temporary files...
2024-10-10 03:49:43,335 INFO - ContAudITWrapper#86 - Sending to blockchain...
2024-10-10 03:49:46,822 INFO - ContAudITWrapper#86 - Response 
2024-10-10 03:49:46,823 INFO - ContAudITWrapper#86 - Finishing ContAudIT Wrapper...
