2024-10-10 03:47:36,179 INFO - ContAudITWrapper#97 - Initializing ContAudIT Wrapper...
2024-10-10 03:47:36,406 INFO - ContAudITWrapper#97 - Current directory: /home/ec2-user/Code/ufrgs-poc/contaudit-wrapper.jar
2024-10-10 03:48:01,945 INFO - ContAudITWrapper#97 - Wrapper hash: b7519188ed863d76e5199a8d880bb968bdf9124fad53b871583787e123a7a764
2024-10-10 03:48:02,028 INFO - ContAudITWrapper#97 - Validating Wrapper...
2024-10-10 03:49:10,134 INFO - ContAudITWrapper#97 - Response true
2024-10-10 03:49:10,299 INFO - ContAudITWrapper#97 - Application hash: e36ee2d35f8c4c41bd358782dfb3ac8852b40439d350ff27616f0c18819ce9bf
2024-10-10 03:49:10,300 INFO - ContAudITWrapper#97 - Validating Application...
2024-10-10 03:49:23,186 INFO - ContAudITWrapper#97 - Response true
2024-10-10 03:49:23,193 INFO - ContAudITWrapper#97 - Artifact user.workflow hash: 52877374d8c54314b7af92814eaf729121e99a87e9706a2888cd9bcd951b11c9
2024-10-10 03:49:23,198 INFO - ContAudITWrapper#97 - Validating Artifact...
2024-10-10 03:49:33,039 INFO - ContAudITWrapper#97 - Response true
2024-10-10 03:49:33,049 INFO - ContAudITWrapper#97 - Running pre-command actions...
2024-10-10 03:49:33,050 INFO - ContAudITWrapper#97 - Analyzing current environment state...
2024-10-10 03:49:33,279 INFO - ContAudITWrapper#97 - Saving current environment state...
2024-10-10 03:49:33,280 INFO - ContAudITWrapper#97 - Environment state hash: a7ffc6f8bf1ed76651c14756a061d662f580ff4de43b49fa82d80a4b80f8434a
2024-10-10 03:49:33,281 INFO - ContAudITWrapper#97 - Executing command...
2024-10-10 03:49:39,038 INFO - ContAudITWrapper#97 - Command output: 
2024-10-10 03:49:33.424333732 [executor] Initializing the workflow...
[useradd_workflow] User contaudit97 does not exist. Creating...
[useradd_workflow] User contaudit97 created successfully.
2024-10-10 03:49:39.036028744 [executor] Finished!

2024-10-10 03:49:39,038 INFO - ContAudITWrapper#97 - Running post-command actions...
2024-10-10 03:49:39,039 INFO - ContAudITWrapper#97 - Analyzing current environment state...
2024-10-10 03:49:39,051 INFO - ContAudITWrapper#97 - Saving current environment state...
2024-10-10 03:49:39,052 INFO - ContAudITWrapper#97 - Environment state hash: a7ffc6f8bf1ed76651c14756a061d662f580ff4de43b49fa82d80a4b80f8434a
2024-10-10 03:49:39,052 INFO - ContAudITWrapper#97 - Checking environment diff...
2024-10-10 03:49:39,058 INFO - ContAudITWrapper#97 - Environment diff: 
2024-10-10 03:49:39,058 INFO - ContAudITWrapper#97 - Cleaning temporary files...
2024-10-10 03:49:39,062 INFO - ContAudITWrapper#97 - Sending to blockchain...
2024-10-10 03:49:40,292 INFO - ContAudITWrapper#97 - Response 
2024-10-10 03:49:40,298 INFO - ContAudITWrapper#97 - Finishing ContAudIT Wrapper...
