2024-10-10 03:47:34,350 INFO - ContAudITWrapper#9 - Initializing ContAudIT Wrapper...
2024-10-10 03:47:34,568 INFO - ContAudITWrapper#9 - Current directory: /home/ec2-user/Code/ufrgs-poc/contaudit-wrapper.jar
2024-10-10 03:47:59,756 INFO - ContAudITWrapper#9 - Wrapper hash: b7519188ed863d76e5199a8d880bb968bdf9124fad53b871583787e123a7a764
2024-10-10 03:47:59,763 INFO - ContAudITWrapper#9 - Validating Wrapper...
2024-10-10 03:49:08,221 INFO - ContAudITWrapper#9 - Response true
2024-10-10 03:49:08,449 INFO - ContAudITWrapper#9 - Application hash: e36ee2d35f8c4c41bd358782dfb3ac8852b40439d350ff27616f0c18819ce9bf
2024-10-10 03:49:08,456 INFO - ContAudITWrapper#9 - Validating Application...
2024-10-10 03:49:22,397 INFO - ContAudITWrapper#9 - Response true
2024-10-10 03:49:22,409 INFO - ContAudITWrapper#9 - Artifact user.workflow hash: 52877374d8c54314b7af92814eaf729121e99a87e9706a2888cd9bcd951b11c9
2024-10-10 03:49:22,421 INFO - ContAudITWrapper#9 - Validating Artifact...
2024-10-10 03:49:35,869 INFO - ContAudITWrapper#9 - Response true
2024-10-10 03:49:35,873 INFO - ContAudITWrapper#9 - Running pre-command actions...
2024-10-10 03:49:35,876 INFO - ContAudITWrapper#9 - Analyzing current environment state...
2024-10-10 03:49:35,992 INFO - ContAudITWrapper#9 - Saving current environment state...
2024-10-10 03:49:35,993 INFO - ContAudITWrapper#9 - Environment state hash: a7ffc6f8bf1ed76651c14756a061d662f580ff4de43b49fa82d80a4b80f8434a
2024-10-10 03:49:35,994 INFO - ContAudITWrapper#9 - Executing command...
2024-10-10 03:49:47,854 INFO - ContAudITWrapper#9 - Command output: 
2024-10-10 03:49:36.083635280 [executor] Initializing the workflow...
[useradd_workflow] User contaudit9 already exists. Removing...
[useradd_workflow] User contaudit9 successfully removed.
[useradd_workflow] User contaudit9 created successfully.
2024-10-10 03:49:47.852459421 [executor] Finished!

2024-10-10 03:49:47,854 INFO - ContAudITWrapper#9 - Running post-command actions...
2024-10-10 03:49:47,855 INFO - ContAudITWrapper#9 - Analyzing current environment state...
2024-10-10 03:49:47,916 INFO - ContAudITWrapper#9 - Saving current environment state...
2024-10-10 03:49:47,917 INFO - ContAudITWrapper#9 - Environment state hash: a7ffc6f8bf1ed76651c14756a061d662f580ff4de43b49fa82d80a4b80f8434a
2024-10-10 03:49:47,917 INFO - ContAudITWrapper#9 - Checking environment diff...
2024-10-10 03:49:47,985 INFO - ContAudITWrapper#9 - Environment diff: 
2024-10-10 03:49:47,986 INFO - ContAudITWrapper#9 - Cleaning temporary files...
2024-10-10 03:49:47,997 INFO - ContAudITWrapper#9 - Sending to blockchain...
2024-10-10 03:49:51,611 INFO - ContAudITWrapper#9 - Response 
2024-10-10 03:49:51,612 INFO - ContAudITWrapper#9 - Finishing ContAudIT Wrapper...
