2024-10-10 03:47:36,161 INFO - ContAudITWrapper#94 - Initializing ContAudIT Wrapper...
2024-10-10 03:47:36,366 INFO - ContAudITWrapper#94 - Current directory: /home/ec2-user/Code/ufrgs-poc/contaudit-wrapper.jar
2024-10-10 03:47:53,849 INFO - ContAudITWrapper#94 - Wrapper hash: b7519188ed863d76e5199a8d880bb968bdf9124fad53b871583787e123a7a764
2024-10-10 03:47:53,957 INFO - ContAudITWrapper#94 - Validating Wrapper...
2024-10-10 03:48:51,286 INFO - ContAudITWrapper#94 - Response true
2024-10-10 03:48:51,524 INFO - ContAudITWrapper#94 - Application hash: e36ee2d35f8c4c41bd358782dfb3ac8852b40439d350ff27616f0c18819ce9bf
2024-10-10 03:48:51,525 INFO - ContAudITWrapper#94 - Validating Application...
2024-10-10 03:49:06,749 INFO - ContAudITWrapper#94 - Response true
2024-10-10 03:49:06,771 INFO - ContAudITWrapper#94 - Artifact user.workflow hash: 52877374d8c54314b7af92814eaf729121e99a87e9706a2888cd9bcd951b11c9
2024-10-10 03:49:06,778 INFO - ContAudITWrapper#94 - Validating Artifact...
2024-10-10 03:49:20,097 INFO - ContAudITWrapper#94 - Response true
2024-10-10 03:49:20,207 INFO - ContAudITWrapper#94 - Running pre-command actions...
2024-10-10 03:49:20,208 INFO - ContAudITWrapper#94 - Analyzing current environment state...
2024-10-10 03:49:20,441 INFO - ContAudITWrapper#94 - Saving current environment state...
2024-10-10 03:49:20,443 INFO - ContAudITWrapper#94 - Environment state hash: a7ffc6f8bf1ed76651c14756a061d662f580ff4de43b49fa82d80a4b80f8434a
2024-10-10 03:49:20,444 INFO - ContAudITWrapper#94 - Executing command...
2024-10-10 03:49:26,862 INFO - ContAudITWrapper#94 - Command output: 
2024-10-10 03:49:20.652722229 [executor] Initializing the workflow...
[useradd_workflow] User contaudit94 already exists. Removing...
[useradd_workflow] User contaudit94 successfully removed.
[useradd_workflow] User contaudit94 created successfully.
2024-10-10 03:49:26.861309974 [executor] Finished!

2024-10-10 03:49:26,863 INFO - ContAudITWrapper#94 - Running post-command actions...
2024-10-10 03:49:26,863 INFO - ContAudITWrapper#94 - Analyzing current environment state...
2024-10-10 03:49:27,076 INFO - ContAudITWrapper#94 - Saving current environment state...
2024-10-10 03:49:27,077 INFO - ContAudITWrapper#94 - Environment state hash: a7ffc6f8bf1ed76651c14756a061d662f580ff4de43b49fa82d80a4b80f8434a
2024-10-10 03:49:27,077 INFO - ContAudITWrapper#94 - Checking environment diff...
2024-10-10 03:49:27,109 INFO - ContAudITWrapper#94 - Environment diff: 
2024-10-10 03:49:27,110 INFO - ContAudITWrapper#94 - Cleaning temporary files...
2024-10-10 03:49:27,357 INFO - ContAudITWrapper#94 - Sending to blockchain...
2024-10-10 03:49:38,602 INFO - ContAudITWrapper#94 - Response 
2024-10-10 03:49:38,603 INFO - ContAudITWrapper#94 - Finishing ContAudIT Wrapper...
