2024-10-10 03:47:35,920 INFO - ContAudITWrapper#10 - Initializing ContAudIT Wrapper...
2024-10-10 03:47:36,144 INFO - ContAudITWrapper#10 - Current directory: /home/ec2-user/Code/ufrgs-poc/contaudit-wrapper.jar
2024-10-10 03:48:00,466 INFO - ContAudITWrapper#10 - Wrapper hash: b7519188ed863d76e5199a8d880bb968bdf9124fad53b871583787e123a7a764
2024-10-10 03:48:00,552 INFO - ContAudITWrapper#10 - Validating Wrapper...
2024-10-10 03:49:08,353 INFO - ContAudITWrapper#10 - Response true
2024-10-10 03:49:08,672 INFO - ContAudITWrapper#10 - Application hash: e36ee2d35f8c4c41bd358782dfb3ac8852b40439d350ff27616f0c18819ce9bf
2024-10-10 03:49:08,673 INFO - ContAudITWrapper#10 - Validating Application...
2024-10-10 03:49:21,197 INFO - ContAudITWrapper#10 - Response true
2024-10-10 03:49:21,233 INFO - ContAudITWrapper#10 - Artifact user.workflow hash: 52877374d8c54314b7af92814eaf729121e99a87e9706a2888cd9bcd951b11c9
2024-10-10 03:49:21,252 INFO - ContAudITWrapper#10 - Validating Artifact...
2024-10-10 03:49:33,104 INFO - ContAudITWrapper#10 - Response true
2024-10-10 03:49:33,108 INFO - ContAudITWrapper#10 - Running pre-command actions...
2024-10-10 03:49:33,147 INFO - ContAudITWrapper#10 - Analyzing current environment state...
2024-10-10 03:49:33,270 INFO - ContAudITWrapper#10 - Saving current environment state...
2024-10-10 03:49:33,272 INFO - ContAudITWrapper#10 - Environment state hash: a7ffc6f8bf1ed76651c14756a061d662f580ff4de43b49fa82d80a4b80f8434a
2024-10-10 03:49:33,272 INFO - ContAudITWrapper#10 - Executing command...
2024-10-10 03:49:44,131 INFO - ContAudITWrapper#10 - Command output: 
2024-10-10 03:49:33.385236209 [executor] Initializing the workflow...
[useradd_workflow] User contaudit10 already exists. Removing...
[useradd_workflow] User contaudit10 successfully removed.
[useradd_workflow] User contaudit10 created successfully.
2024-10-10 03:49:44.128857625 [executor] Finished!

2024-10-10 03:49:44,132 INFO - ContAudITWrapper#10 - Running post-command actions...
2024-10-10 03:49:44,132 INFO - ContAudITWrapper#10 - Analyzing current environment state...
2024-10-10 03:49:44,151 INFO - ContAudITWrapper#10 - Saving current environment state...
2024-10-10 03:49:44,152 INFO - ContAudITWrapper#10 - Environment state hash: a7ffc6f8bf1ed76651c14756a061d662f580ff4de43b49fa82d80a4b80f8434a
2024-10-10 03:49:44,152 INFO - ContAudITWrapper#10 - Checking environment diff...
2024-10-10 03:49:44,158 INFO - ContAudITWrapper#10 - Environment diff: 
2024-10-10 03:49:44,158 INFO - ContAudITWrapper#10 - Cleaning temporary files...
2024-10-10 03:49:44,163 INFO - ContAudITWrapper#10 - Sending to blockchain...
2024-10-10 03:49:48,068 INFO - ContAudITWrapper#10 - Response 
2024-10-10 03:49:48,076 INFO - ContAudITWrapper#10 - Finishing ContAudIT Wrapper...
