2024-10-10 03:47:36,099 INFO - ContAudITWrapper#88 - Initializing ContAudIT Wrapper...
2024-10-10 03:47:36,265 INFO - ContAudITWrapper#88 - Current directory: /home/ec2-user/Code/ufrgs-poc/contaudit-wrapper.jar
2024-10-10 03:47:54,541 INFO - ContAudITWrapper#88 - Wrapper hash: b7519188ed863d76e5199a8d880bb968bdf9124fad53b871583787e123a7a764
2024-10-10 03:47:54,549 INFO - ContAudITWrapper#88 - Validating Wrapper...
2024-10-10 03:48:58,893 INFO - ContAudITWrapper#88 - Response true
2024-10-10 03:48:58,979 INFO - ContAudITWrapper#88 - Application hash: e36ee2d35f8c4c41bd358782dfb3ac8852b40439d350ff27616f0c18819ce9bf
2024-10-10 03:48:58,980 INFO - ContAudITWrapper#88 - Validating Application...
2024-10-10 03:49:15,697 INFO - ContAudITWrapper#88 - Response true
2024-10-10 03:49:15,734 INFO - ContAudITWrapper#88 - Artifact user.workflow hash: 52877374d8c54314b7af92814eaf729121e99a87e9706a2888cd9bcd951b11c9
2024-10-10 03:49:15,754 INFO - ContAudITWrapper#88 - Validating Artifact...
2024-10-10 03:49:28,616 INFO - ContAudITWrapper#88 - Response true
2024-10-10 03:49:28,622 INFO - ContAudITWrapper#88 - Running pre-command actions...
2024-10-10 03:49:28,623 INFO - ContAudITWrapper#88 - Analyzing current environment state...
2024-10-10 03:49:28,905 INFO - ContAudITWrapper#88 - Saving current environment state...
2024-10-10 03:49:28,906 INFO - ContAudITWrapper#88 - Environment state hash: a7ffc6f8bf1ed76651c14756a061d662f580ff4de43b49fa82d80a4b80f8434a
2024-10-10 03:49:28,907 INFO - ContAudITWrapper#88 - Executing command...
2024-10-10 03:49:37,812 INFO - ContAudITWrapper#88 - Command output: 
2024-10-10 03:49:29.151822053 [executor] Initializing the workflow...
[useradd_workflow] User contaudit88 already exists. Removing...
[useradd_workflow] User contaudit88 successfully removed.
[useradd_workflow] User contaudit88 created successfully.
2024-10-10 03:49:37.811657173 [executor] Finished!

2024-10-10 03:49:37,812 INFO - ContAudITWrapper#88 - Running post-command actions...
2024-10-10 03:49:37,812 INFO - ContAudITWrapper#88 - Analyzing current environment state...
2024-10-10 03:49:37,883 INFO - ContAudITWrapper#88 - Saving current environment state...
2024-10-10 03:49:37,884 INFO - ContAudITWrapper#88 - Environment state hash: a7ffc6f8bf1ed76651c14756a061d662f580ff4de43b49fa82d80a4b80f8434a
2024-10-10 03:49:37,884 INFO - ContAudITWrapper#88 - Checking environment diff...
2024-10-10 03:49:37,938 INFO - ContAudITWrapper#88 - Environment diff: 
2024-10-10 03:49:37,938 INFO - ContAudITWrapper#88 - Cleaning temporary files...
2024-10-10 03:49:37,983 INFO - ContAudITWrapper#88 - Sending to blockchain...
2024-10-10 03:49:40,340 INFO - ContAudITWrapper#88 - Response 
2024-10-10 03:49:40,342 INFO - ContAudITWrapper#88 - Finishing ContAudIT Wrapper...
