2024-10-10 03:47:36,078 INFO - ContAudITWrapper#34 - Initializing ContAudIT Wrapper...
2024-10-10 03:47:36,282 INFO - ContAudITWrapper#34 - Current directory: /home/ec2-user/Code/ufrgs-poc/contaudit-wrapper.jar
2024-10-10 03:47:59,607 INFO - ContAudITWrapper#34 - Wrapper hash: b7519188ed863d76e5199a8d880bb968bdf9124fad53b871583787e123a7a764
2024-10-10 03:47:59,615 INFO - ContAudITWrapper#34 - Validating Wrapper...
2024-10-10 03:49:08,195 INFO - ContAudITWrapper#34 - Response true
2024-10-10 03:49:08,503 INFO - ContAudITWrapper#34 - Application hash: e36ee2d35f8c4c41bd358782dfb3ac8852b40439d350ff27616f0c18819ce9bf
2024-10-10 03:49:08,504 INFO - ContAudITWrapper#34 - Validating Application...
2024-10-10 03:49:22,720 INFO - ContAudITWrapper#34 - Response true
2024-10-10 03:49:22,727 INFO - ContAudITWrapper#34 - Artifact user.workflow hash: 52877374d8c54314b7af92814eaf729121e99a87e9706a2888cd9bcd951b11c9
2024-10-10 03:49:22,762 INFO - ContAudITWrapper#34 - Validating Artifact...
2024-10-10 03:49:32,987 INFO - ContAudITWrapper#34 - Response true
2024-10-10 03:49:32,992 INFO - ContAudITWrapper#34 - Running pre-command actions...
2024-10-10 03:49:32,993 INFO - ContAudITWrapper#34 - Analyzing current environment state...
2024-10-10 03:49:33,283 INFO - ContAudITWrapper#34 - Saving current environment state...
2024-10-10 03:49:33,284 INFO - ContAudITWrapper#34 - Environment state hash: a7ffc6f8bf1ed76651c14756a061d662f580ff4de43b49fa82d80a4b80f8434a
2024-10-10 03:49:33,285 INFO - ContAudITWrapper#34 - Executing command...
2024-10-10 03:49:44,499 INFO - ContAudITWrapper#34 - Command output: 
2024-10-10 03:49:33.371367472 [executor] Initializing the workflow...
[useradd_workflow] User contaudit34 already exists. Removing...
[useradd_workflow] User contaudit34 successfully removed.
[useradd_workflow] User contaudit34 created successfully.
2024-10-10 03:49:44.498382662 [executor] Finished!

2024-10-10 03:49:44,499 INFO - ContAudITWrapper#34 - Running post-command actions...
2024-10-10 03:49:44,499 INFO - ContAudITWrapper#34 - Analyzing current environment state...
2024-10-10 03:49:44,525 INFO - ContAudITWrapper#34 - Saving current environment state...
2024-10-10 03:49:44,525 INFO - ContAudITWrapper#34 - Environment state hash: a7ffc6f8bf1ed76651c14756a061d662f580ff4de43b49fa82d80a4b80f8434a
2024-10-10 03:49:44,525 INFO - ContAudITWrapper#34 - Checking environment diff...
2024-10-10 03:49:44,554 INFO - ContAudITWrapper#34 - Environment diff: 
2024-10-10 03:49:44,555 INFO - ContAudITWrapper#34 - Cleaning temporary files...
2024-10-10 03:49:44,560 INFO - ContAudITWrapper#34 - Sending to blockchain...
2024-10-10 03:49:48,267 INFO - ContAudITWrapper#34 - Response 
2024-10-10 03:49:48,269 INFO - ContAudITWrapper#34 - Finishing ContAudIT Wrapper...
