2024-10-10 03:47:34,931 INFO - ContAudITWrapper#70 - Initializing ContAudIT Wrapper...
2024-10-10 03:47:35,098 INFO - ContAudITWrapper#70 - Current directory: /home/ec2-user/Code/ufrgs-poc/contaudit-wrapper.jar
2024-10-10 03:47:49,905 INFO - ContAudITWrapper#70 - Wrapper hash: b7519188ed863d76e5199a8d880bb968bdf9124fad53b871583787e123a7a764
2024-10-10 03:47:49,966 INFO - ContAudITWrapper#70 - Validating Wrapper...
2024-10-10 03:48:38,588 INFO - ContAudITWrapper#70 - Response true
2024-10-10 03:48:38,831 INFO - ContAudITWrapper#70 - Application hash: e36ee2d35f8c4c41bd358782dfb3ac8852b40439d350ff27616f0c18819ce9bf
2024-10-10 03:48:38,832 INFO - ContAudITWrapper#70 - Validating Application...
2024-10-10 03:48:53,481 INFO - ContAudITWrapper#70 - Response true
2024-10-10 03:48:53,484 INFO - ContAudITWrapper#70 - Artifact user.workflow hash: 52877374d8c54314b7af92814eaf729121e99a87e9706a2888cd9bcd951b11c9
2024-10-10 03:48:53,489 INFO - ContAudITWrapper#70 - Validating Artifact...
2024-10-10 03:49:08,280 INFO - ContAudITWrapper#70 - Response true
2024-10-10 03:49:08,287 INFO - ContAudITWrapper#70 - Running pre-command actions...
2024-10-10 03:49:08,288 INFO - ContAudITWrapper#70 - Analyzing current environment state...
2024-10-10 03:49:08,572 INFO - ContAudITWrapper#70 - Saving current environment state...
2024-10-10 03:49:08,573 INFO - ContAudITWrapper#70 - Environment state hash: a7ffc6f8bf1ed76651c14756a061d662f580ff4de43b49fa82d80a4b80f8434a
2024-10-10 03:49:08,588 INFO - ContAudITWrapper#70 - Executing command...
2024-10-10 03:49:14,512 INFO - ContAudITWrapper#70 - Command output: 
2024-10-10 03:49:08.828056797 [executor] Initializing the workflow...
[useradd_workflow] User contaudit70 already exists. Removing...
[useradd_workflow] User contaudit70 successfully removed.
[useradd_workflow] User contaudit70 created successfully.
2024-10-10 03:49:14.511298819 [executor] Finished!

2024-10-10 03:49:14,512 INFO - ContAudITWrapper#70 - Running post-command actions...
2024-10-10 03:49:14,512 INFO - ContAudITWrapper#70 - Analyzing current environment state...
2024-10-10 03:49:14,727 INFO - ContAudITWrapper#70 - Saving current environment state...
2024-10-10 03:49:14,727 INFO - ContAudITWrapper#70 - Environment state hash: a7ffc6f8bf1ed76651c14756a061d662f580ff4de43b49fa82d80a4b80f8434a
2024-10-10 03:49:14,727 INFO - ContAudITWrapper#70 - Checking environment diff...
2024-10-10 03:49:14,891 INFO - ContAudITWrapper#70 - Environment diff: 
2024-10-10 03:49:14,892 INFO - ContAudITWrapper#70 - Cleaning temporary files...
2024-10-10 03:49:15,015 INFO - ContAudITWrapper#70 - Sending to blockchain...
2024-10-10 03:49:30,538 INFO - ContAudITWrapper#70 - Response 
2024-10-10 03:49:30,539 INFO - ContAudITWrapper#70 - Finishing ContAudIT Wrapper...
