2024-10-10 03:47:35,209 INFO - ContAudITWrapper#37 - Initializing ContAudIT Wrapper...
2024-10-10 03:47:35,417 INFO - ContAudITWrapper#37 - Current directory: /home/ec2-user/Code/ufrgs-poc/contaudit-wrapper.jar
2024-10-10 03:47:58,132 INFO - ContAudITWrapper#37 - Wrapper hash: b7519188ed863d76e5199a8d880bb968bdf9124fad53b871583787e123a7a764
2024-10-10 03:47:58,140 INFO - ContAudITWrapper#37 - Validating Wrapper...
2024-10-10 03:49:05,710 INFO - ContAudITWrapper#37 - Response true
2024-10-10 03:49:05,761 INFO - ContAudITWrapper#37 - Application hash: e36ee2d35f8c4c41bd358782dfb3ac8852b40439d350ff27616f0c18819ce9bf
2024-10-10 03:49:05,764 INFO - ContAudITWrapper#37 - Validating Application...
2024-10-10 03:49:19,782 INFO - ContAudITWrapper#37 - Response true
2024-10-10 03:49:19,791 INFO - ContAudITWrapper#37 - Artifact user.workflow hash: 52877374d8c54314b7af92814eaf729121e99a87e9706a2888cd9bcd951b11c9
2024-10-10 03:49:19,798 INFO - ContAudITWrapper#37 - Validating Artifact...
2024-10-10 03:49:33,242 INFO - ContAudITWrapper#37 - Response true
2024-10-10 03:49:33,254 INFO - ContAudITWrapper#37 - Running pre-command actions...
2024-10-10 03:49:33,256 INFO - ContAudITWrapper#37 - Analyzing current environment state...
2024-10-10 03:49:33,462 INFO - ContAudITWrapper#37 - Saving current environment state...
2024-10-10 03:49:33,463 INFO - ContAudITWrapper#37 - Environment state hash: a7ffc6f8bf1ed76651c14756a061d662f580ff4de43b49fa82d80a4b80f8434a
2024-10-10 03:49:33,463 INFO - ContAudITWrapper#37 - Executing command...
2024-10-10 03:49:43,732 INFO - ContAudITWrapper#37 - Command output: 
2024-10-10 03:49:33.592074531 [executor] Initializing the workflow...
[useradd_workflow] User contaudit37 already exists. Removing...
[useradd_workflow] User contaudit37 successfully removed.
[useradd_workflow] User contaudit37 created successfully.
2024-10-10 03:49:43.732012201 [executor] Finished!

2024-10-10 03:49:43,733 INFO - ContAudITWrapper#37 - Running post-command actions...
2024-10-10 03:49:43,733 INFO - ContAudITWrapper#37 - Analyzing current environment state...
2024-10-10 03:49:43,740 INFO - ContAudITWrapper#37 - Saving current environment state...
2024-10-10 03:49:43,741 INFO - ContAudITWrapper#37 - Environment state hash: a7ffc6f8bf1ed76651c14756a061d662f580ff4de43b49fa82d80a4b80f8434a
2024-10-10 03:49:43,742 INFO - ContAudITWrapper#37 - Checking environment diff...
2024-10-10 03:49:43,748 INFO - ContAudITWrapper#37 - Environment diff: 
2024-10-10 03:49:43,748 INFO - ContAudITWrapper#37 - Cleaning temporary files...
2024-10-10 03:49:43,752 INFO - ContAudITWrapper#37 - Sending to blockchain...
2024-10-10 03:49:46,880 INFO - ContAudITWrapper#37 - Response 
2024-10-10 03:49:46,882 INFO - ContAudITWrapper#37 - Finishing ContAudIT Wrapper...
