2024-10-10 03:47:35,902 INFO - ContAudITWrapper#73 - Initializing ContAudIT Wrapper...
2024-10-10 03:47:36,168 INFO - ContAudITWrapper#73 - Current directory: /home/ec2-user/Code/ufrgs-poc/contaudit-wrapper.jar
2024-10-10 03:47:55,739 INFO - ContAudITWrapper#73 - Wrapper hash: b7519188ed863d76e5199a8d880bb968bdf9124fad53b871583787e123a7a764
2024-10-10 03:47:55,748 INFO - ContAudITWrapper#73 - Validating Wrapper...
2024-10-10 03:49:02,169 INFO - ContAudITWrapper#73 - Response true
2024-10-10 03:49:02,552 INFO - ContAudITWrapper#73 - Application hash: e36ee2d35f8c4c41bd358782dfb3ac8852b40439d350ff27616f0c18819ce9bf
2024-10-10 03:49:02,552 INFO - ContAudITWrapper#73 - Validating Application...
2024-10-10 03:49:18,677 INFO - ContAudITWrapper#73 - Response true
2024-10-10 03:49:18,697 INFO - ContAudITWrapper#73 - Artifact user.workflow hash: 52877374d8c54314b7af92814eaf729121e99a87e9706a2888cd9bcd951b11c9
2024-10-10 03:49:18,704 INFO - ContAudITWrapper#73 - Validating Artifact...
2024-10-10 03:49:28,826 INFO - ContAudITWrapper#73 - Response true
2024-10-10 03:49:28,831 INFO - ContAudITWrapper#73 - Running pre-command actions...
2024-10-10 03:49:28,832 INFO - ContAudITWrapper#73 - Analyzing current environment state...
2024-10-10 03:49:29,133 INFO - ContAudITWrapper#73 - Saving current environment state...
2024-10-10 03:49:29,134 INFO - ContAudITWrapper#73 - Environment state hash: a7ffc6f8bf1ed76651c14756a061d662f580ff4de43b49fa82d80a4b80f8434a
2024-10-10 03:49:29,134 INFO - ContAudITWrapper#73 - Executing command...
2024-10-10 03:49:39,477 INFO - ContAudITWrapper#73 - Command output: 
2024-10-10 03:49:29.357442109 [executor] Initializing the workflow...
[useradd_workflow] User contaudit73 already exists. Removing...
[useradd_workflow] User contaudit73 successfully removed.
[useradd_workflow] User contaudit73 created successfully.
2024-10-10 03:49:39.476806016 [executor] Finished!

2024-10-10 03:49:39,477 INFO - ContAudITWrapper#73 - Running post-command actions...
2024-10-10 03:49:39,477 INFO - ContAudITWrapper#73 - Analyzing current environment state...
2024-10-10 03:49:39,482 INFO - ContAudITWrapper#73 - Saving current environment state...
2024-10-10 03:49:39,482 INFO - ContAudITWrapper#73 - Environment state hash: a7ffc6f8bf1ed76651c14756a061d662f580ff4de43b49fa82d80a4b80f8434a
2024-10-10 03:49:39,482 INFO - ContAudITWrapper#73 - Checking environment diff...
2024-10-10 03:49:39,485 INFO - ContAudITWrapper#73 - Environment diff: 
2024-10-10 03:49:39,486 INFO - ContAudITWrapper#73 - Cleaning temporary files...
2024-10-10 03:49:39,490 INFO - ContAudITWrapper#73 - Sending to blockchain...
2024-10-10 03:49:42,530 INFO - ContAudITWrapper#73 - Response 
2024-10-10 03:49:42,532 INFO - ContAudITWrapper#73 - Finishing ContAudIT Wrapper...
