2024-10-10 03:47:34,545 INFO - ContAudITWrapper#7 - Initializing ContAudIT Wrapper...
2024-10-10 03:47:34,792 INFO - ContAudITWrapper#7 - Current directory: /home/ec2-user/Code/ufrgs-poc/contaudit-wrapper.jar
2024-10-10 03:47:58,672 INFO - ContAudITWrapper#7 - Wrapper hash: b7519188ed863d76e5199a8d880bb968bdf9124fad53b871583787e123a7a764
2024-10-10 03:47:58,679 INFO - ContAudITWrapper#7 - Validating Wrapper...
2024-10-10 03:49:07,709 INFO - ContAudITWrapper#7 - Response true
2024-10-10 03:49:07,927 INFO - ContAudITWrapper#7 - Application hash: e36ee2d35f8c4c41bd358782dfb3ac8852b40439d350ff27616f0c18819ce9bf
2024-10-10 03:49:07,971 INFO - ContAudITWrapper#7 - Validating Application...
2024-10-10 03:49:21,425 INFO - ContAudITWrapper#7 - Response true
2024-10-10 03:49:21,430 INFO - ContAudITWrapper#7 - Artifact user.workflow hash: 52877374d8c54314b7af92814eaf729121e99a87e9706a2888cd9bcd951b11c9
2024-10-10 03:49:21,449 INFO - ContAudITWrapper#7 - Validating Artifact...
2024-10-10 03:49:34,683 INFO - ContAudITWrapper#7 - Response true
2024-10-10 03:49:34,692 INFO - ContAudITWrapper#7 - Running pre-command actions...
2024-10-10 03:49:34,693 INFO - ContAudITWrapper#7 - Analyzing current environment state...
2024-10-10 03:49:34,838 INFO - ContAudITWrapper#7 - Saving current environment state...
2024-10-10 03:49:34,839 INFO - ContAudITWrapper#7 - Environment state hash: a7ffc6f8bf1ed76651c14756a061d662f580ff4de43b49fa82d80a4b80f8434a
2024-10-10 03:49:34,839 INFO - ContAudITWrapper#7 - Executing command...
2024-10-10 03:49:47,086 INFO - ContAudITWrapper#7 - Command output: 
2024-10-10 03:49:35.041242725 [executor] Initializing the workflow...
[useradd_workflow] User contaudit7 already exists. Removing...
[useradd_workflow] User contaudit7 successfully removed.
[useradd_workflow] User contaudit7 created successfully.
2024-10-10 03:49:47.085528138 [executor] Finished!

2024-10-10 03:49:47,087 INFO - ContAudITWrapper#7 - Running post-command actions...
2024-10-10 03:49:47,087 INFO - ContAudITWrapper#7 - Analyzing current environment state...
2024-10-10 03:49:47,156 INFO - ContAudITWrapper#7 - Saving current environment state...
2024-10-10 03:49:47,156 INFO - ContAudITWrapper#7 - Environment state hash: a7ffc6f8bf1ed76651c14756a061d662f580ff4de43b49fa82d80a4b80f8434a
2024-10-10 03:49:47,156 INFO - ContAudITWrapper#7 - Checking environment diff...
2024-10-10 03:49:47,186 INFO - ContAudITWrapper#7 - Environment diff: 
2024-10-10 03:49:47,186 INFO - ContAudITWrapper#7 - Cleaning temporary files...
2024-10-10 03:49:47,192 INFO - ContAudITWrapper#7 - Sending to blockchain...
2024-10-10 03:49:50,881 INFO - ContAudITWrapper#7 - Response 
2024-10-10 03:49:50,883 INFO - ContAudITWrapper#7 - Finishing ContAudIT Wrapper...
