2024-10-10 03:47:35,074 INFO - ContAudITWrapper#80 - Initializing ContAudIT Wrapper...
2024-10-10 03:47:35,315 INFO - ContAudITWrapper#80 - Current directory: /home/ec2-user/Code/ufrgs-poc/contaudit-wrapper.jar
2024-10-10 03:47:53,769 INFO - ContAudITWrapper#80 - Wrapper hash: b7519188ed863d76e5199a8d880bb968bdf9124fad53b871583787e123a7a764
2024-10-10 03:47:53,874 INFO - ContAudITWrapper#80 - Validating Wrapper...
2024-10-10 03:48:51,396 INFO - ContAudITWrapper#80 - Response true
2024-10-10 03:48:51,419 INFO - ContAudITWrapper#80 - Application hash: e36ee2d35f8c4c41bd358782dfb3ac8852b40439d350ff27616f0c18819ce9bf
2024-10-10 03:48:51,694 INFO - ContAudITWrapper#80 - Validating Application...
2024-10-10 03:49:07,551 INFO - ContAudITWrapper#80 - Response true
2024-10-10 03:49:07,583 INFO - ContAudITWrapper#80 - Artifact user.workflow hash: 52877374d8c54314b7af92814eaf729121e99a87e9706a2888cd9bcd951b11c9
2024-10-10 03:49:07,588 INFO - ContAudITWrapper#80 - Validating Artifact...
2024-10-10 03:49:22,673 INFO - ContAudITWrapper#80 - Response true
2024-10-10 03:49:22,683 INFO - ContAudITWrapper#80 - Running pre-command actions...
2024-10-10 03:49:22,684 INFO - ContAudITWrapper#80 - Analyzing current environment state...
2024-10-10 03:49:23,082 INFO - ContAudITWrapper#80 - Saving current environment state...
2024-10-10 03:49:23,083 INFO - ContAudITWrapper#80 - Environment state hash: a7ffc6f8bf1ed76651c14756a061d662f580ff4de43b49fa82d80a4b80f8434a
2024-10-10 03:49:23,083 INFO - ContAudITWrapper#80 - Executing command...
2024-10-10 03:49:28,965 INFO - ContAudITWrapper#80 - Command output: 
2024-10-10 03:49:23.170755960 [executor] Initializing the workflow...
[useradd_workflow] User contaudit80 already exists. Removing...
[useradd_workflow] User contaudit80 successfully removed.
[useradd_workflow] User contaudit80 created successfully.
2024-10-10 03:49:28.964547807 [executor] Finished!

2024-10-10 03:49:28,965 INFO - ContAudITWrapper#80 - Running post-command actions...
2024-10-10 03:49:28,965 INFO - ContAudITWrapper#80 - Analyzing current environment state...
2024-10-10 03:49:29,082 INFO - ContAudITWrapper#80 - Saving current environment state...
2024-10-10 03:49:29,083 INFO - ContAudITWrapper#80 - Environment state hash: a7ffc6f8bf1ed76651c14756a061d662f580ff4de43b49fa82d80a4b80f8434a
2024-10-10 03:49:29,083 INFO - ContAudITWrapper#80 - Checking environment diff...
2024-10-10 03:49:29,119 INFO - ContAudITWrapper#80 - Environment diff: 
2024-10-10 03:49:29,122 INFO - ContAudITWrapper#80 - Cleaning temporary files...
2024-10-10 03:49:29,219 INFO - ContAudITWrapper#80 - Sending to blockchain...
2024-10-10 03:49:38,568 INFO - ContAudITWrapper#80 - Response 
2024-10-10 03:49:38,570 INFO - ContAudITWrapper#80 - Finishing ContAudIT Wrapper...
