2024-10-10 03:47:35,543 INFO - ContAudITWrapper#92 - Initializing ContAudIT Wrapper...
2024-10-10 03:47:35,757 INFO - ContAudITWrapper#92 - Current directory: /home/ec2-user/Code/ufrgs-poc/contaudit-wrapper.jar
2024-10-10 03:47:58,626 INFO - ContAudITWrapper#92 - Wrapper hash: b7519188ed863d76e5199a8d880bb968bdf9124fad53b871583787e123a7a764
2024-10-10 03:47:58,729 INFO - ContAudITWrapper#92 - Validating Wrapper...
2024-10-10 03:49:10,715 INFO - ContAudITWrapper#92 - Response true
2024-10-10 03:49:11,015 INFO - ContAudITWrapper#92 - Application hash: e36ee2d35f8c4c41bd358782dfb3ac8852b40439d350ff27616f0c18819ce9bf
2024-10-10 03:49:11,021 INFO - ContAudITWrapper#92 - Validating Application...
2024-10-10 03:49:26,114 INFO - ContAudITWrapper#92 - Response true
2024-10-10 03:49:26,159 INFO - ContAudITWrapper#92 - Artifact user.workflow hash: 52877374d8c54314b7af92814eaf729121e99a87e9706a2888cd9bcd951b11c9
2024-10-10 03:49:26,170 INFO - ContAudITWrapper#92 - Validating Artifact...
2024-10-10 03:49:35,185 INFO - ContAudITWrapper#92 - Response true
2024-10-10 03:49:35,201 INFO - ContAudITWrapper#92 - Running pre-command actions...
2024-10-10 03:49:35,204 INFO - ContAudITWrapper#92 - Analyzing current environment state...
2024-10-10 03:49:35,309 INFO - ContAudITWrapper#92 - Saving current environment state...
2024-10-10 03:49:35,311 INFO - ContAudITWrapper#92 - Environment state hash: a7ffc6f8bf1ed76651c14756a061d662f580ff4de43b49fa82d80a4b80f8434a
2024-10-10 03:49:35,311 INFO - ContAudITWrapper#92 - Executing command...
2024-10-10 03:49:46,640 INFO - ContAudITWrapper#92 - Command output: 
2024-10-10 03:49:35.411447609 [executor] Initializing the workflow...
[useradd_workflow] User contaudit92 already exists. Removing...
[useradd_workflow] User contaudit92 successfully removed.
[useradd_workflow] User contaudit92 created successfully.
2024-10-10 03:49:46.637626300 [executor] Finished!

2024-10-10 03:49:46,641 INFO - ContAudITWrapper#92 - Running post-command actions...
2024-10-10 03:49:46,641 INFO - ContAudITWrapper#92 - Analyzing current environment state...
2024-10-10 03:49:46,662 INFO - ContAudITWrapper#92 - Saving current environment state...
2024-10-10 03:49:46,663 INFO - ContAudITWrapper#92 - Environment state hash: a7ffc6f8bf1ed76651c14756a061d662f580ff4de43b49fa82d80a4b80f8434a
2024-10-10 03:49:46,663 INFO - ContAudITWrapper#92 - Checking environment diff...
2024-10-10 03:49:46,746 INFO - ContAudITWrapper#92 - Environment diff: 
2024-10-10 03:49:46,746 INFO - ContAudITWrapper#92 - Cleaning temporary files...
2024-10-10 03:49:46,753 INFO - ContAudITWrapper#92 - Sending to blockchain...
2024-10-10 03:49:50,892 INFO - ContAudITWrapper#92 - Response 
2024-10-10 03:49:50,894 INFO - ContAudITWrapper#92 - Finishing ContAudIT Wrapper...
