2024-10-10 03:47:36,493 INFO - ContAudITWrapper#99 - Initializing ContAudIT Wrapper...
2024-10-10 03:47:36,659 INFO - ContAudITWrapper#99 - Current directory: /home/ec2-user/Code/ufrgs-poc/contaudit-wrapper.jar
2024-10-10 03:48:00,898 INFO - ContAudITWrapper#99 - Wrapper hash: b7519188ed863d76e5199a8d880bb968bdf9124fad53b871583787e123a7a764
2024-10-10 03:48:00,905 INFO - ContAudITWrapper#99 - Validating Wrapper...
2024-10-10 03:49:14,293 INFO - ContAudITWrapper#99 - Response true
2024-10-10 03:49:14,527 INFO - ContAudITWrapper#99 - Application hash: e36ee2d35f8c4c41bd358782dfb3ac8852b40439d350ff27616f0c18819ce9bf
2024-10-10 03:49:14,528 INFO - ContAudITWrapper#99 - Validating Application...
2024-10-10 03:49:24,224 INFO - ContAudITWrapper#99 - Response true
2024-10-10 03:49:24,249 INFO - ContAudITWrapper#99 - Artifact user.workflow hash: 52877374d8c54314b7af92814eaf729121e99a87e9706a2888cd9bcd951b11c9
2024-10-10 03:49:24,272 INFO - ContAudITWrapper#99 - Validating Artifact...
2024-10-10 03:49:32,516 INFO - ContAudITWrapper#99 - Response true
2024-10-10 03:49:32,528 INFO - ContAudITWrapper#99 - Running pre-command actions...
2024-10-10 03:49:32,531 INFO - ContAudITWrapper#99 - Analyzing current environment state...
2024-10-10 03:49:32,822 INFO - ContAudITWrapper#99 - Saving current environment state...
2024-10-10 03:49:32,823 INFO - ContAudITWrapper#99 - Environment state hash: a7ffc6f8bf1ed76651c14756a061d662f580ff4de43b49fa82d80a4b80f8434a
2024-10-10 03:49:32,823 INFO - ContAudITWrapper#99 - Executing command...
2024-10-10 03:49:38,749 INFO - ContAudITWrapper#99 - Command output: 
2024-10-10 03:49:33.018440842 [executor] Initializing the workflow...
[useradd_workflow] User contaudit99 does not exist. Creating...
[useradd_workflow] User contaudit99 created successfully.
2024-10-10 03:49:38.748802073 [executor] Finished!

2024-10-10 03:49:38,749 INFO - ContAudITWrapper#99 - Running post-command actions...
2024-10-10 03:49:38,749 INFO - ContAudITWrapper#99 - Analyzing current environment state...
2024-10-10 03:49:38,755 INFO - ContAudITWrapper#99 - Saving current environment state...
2024-10-10 03:49:38,756 INFO - ContAudITWrapper#99 - Environment state hash: a7ffc6f8bf1ed76651c14756a061d662f580ff4de43b49fa82d80a4b80f8434a
2024-10-10 03:49:38,756 INFO - ContAudITWrapper#99 - Checking environment diff...
2024-10-10 03:49:38,759 INFO - ContAudITWrapper#99 - Environment diff: 
2024-10-10 03:49:38,759 INFO - ContAudITWrapper#99 - Cleaning temporary files...
2024-10-10 03:49:38,763 INFO - ContAudITWrapper#99 - Sending to blockchain...
2024-10-10 03:49:40,334 INFO - ContAudITWrapper#99 - Response 
2024-10-10 03:49:40,336 INFO - ContAudITWrapper#99 - Finishing ContAudIT Wrapper...
