2024-10-10 03:47:35,632 INFO - ContAudITWrapper#98 - Initializing ContAudIT Wrapper...
2024-10-10 03:47:35,903 INFO - ContAudITWrapper#98 - Current directory: /home/ec2-user/Code/ufrgs-poc/contaudit-wrapper.jar
2024-10-10 03:48:03,579 INFO - ContAudITWrapper#98 - Wrapper hash: b7519188ed863d76e5199a8d880bb968bdf9124fad53b871583787e123a7a764
2024-10-10 03:48:03,587 INFO - ContAudITWrapper#98 - Validating Wrapper...
2024-10-10 03:49:12,781 INFO - ContAudITWrapper#98 - Response true
2024-10-10 03:49:13,000 INFO - ContAudITWrapper#98 - Application hash: e36ee2d35f8c4c41bd358782dfb3ac8852b40439d350ff27616f0c18819ce9bf
2024-10-10 03:49:13,001 INFO - ContAudITWrapper#98 - Validating Application...
2024-10-10 03:49:23,151 INFO - ContAudITWrapper#98 - Response true
2024-10-10 03:49:23,157 INFO - ContAudITWrapper#98 - Artifact user.workflow hash: 52877374d8c54314b7af92814eaf729121e99a87e9706a2888cd9bcd951b11c9
2024-10-10 03:49:23,163 INFO - ContAudITWrapper#98 - Validating Artifact...
2024-10-10 03:49:34,012 INFO - ContAudITWrapper#98 - Response true
2024-10-10 03:49:34,021 INFO - ContAudITWrapper#98 - Running pre-command actions...
2024-10-10 03:49:34,022 INFO - ContAudITWrapper#98 - Analyzing current environment state...
2024-10-10 03:49:34,275 INFO - ContAudITWrapper#98 - Saving current environment state...
2024-10-10 03:49:34,276 INFO - ContAudITWrapper#98 - Environment state hash: a7ffc6f8bf1ed76651c14756a061d662f580ff4de43b49fa82d80a4b80f8434a
2024-10-10 03:49:34,276 INFO - ContAudITWrapper#98 - Executing command...
2024-10-10 03:49:39,788 INFO - ContAudITWrapper#98 - Command output: 
2024-10-10 03:49:34.334881519 [executor] Initializing the workflow...
[useradd_workflow] User contaudit98 does not exist. Creating...
[useradd_workflow] User contaudit98 created successfully.
2024-10-10 03:49:39.788445241 [executor] Finished!

2024-10-10 03:49:39,789 INFO - ContAudITWrapper#98 - Running post-command actions...
2024-10-10 03:49:39,789 INFO - ContAudITWrapper#98 - Analyzing current environment state...
2024-10-10 03:49:39,793 INFO - ContAudITWrapper#98 - Saving current environment state...
2024-10-10 03:49:39,793 INFO - ContAudITWrapper#98 - Environment state hash: a7ffc6f8bf1ed76651c14756a061d662f580ff4de43b49fa82d80a4b80f8434a
2024-10-10 03:49:39,794 INFO - ContAudITWrapper#98 - Checking environment diff...
2024-10-10 03:49:39,797 INFO - ContAudITWrapper#98 - Environment diff: 
2024-10-10 03:49:39,797 INFO - ContAudITWrapper#98 - Cleaning temporary files...
2024-10-10 03:49:39,801 INFO - ContAudITWrapper#98 - Sending to blockchain...
2024-10-10 03:49:42,588 INFO - ContAudITWrapper#98 - Response 
2024-10-10 03:49:42,590 INFO - ContAudITWrapper#98 - Finishing ContAudIT Wrapper...
