2024-10-10 03:47:35,570 INFO - ContAudITWrapper#83 - Initializing ContAudIT Wrapper...
2024-10-10 03:47:35,753 INFO - ContAudITWrapper#83 - Current directory: /home/ec2-user/Code/ufrgs-poc/contaudit-wrapper.jar
2024-10-10 03:48:00,805 INFO - ContAudITWrapper#83 - Wrapper hash: b7519188ed863d76e5199a8d880bb968bdf9124fad53b871583787e123a7a764
2024-10-10 03:48:00,853 INFO - ContAudITWrapper#83 - Validating Wrapper...
2024-10-10 03:49:12,499 INFO - ContAudITWrapper#83 - Response true
2024-10-10 03:49:12,622 INFO - ContAudITWrapper#83 - Application hash: e36ee2d35f8c4c41bd358782dfb3ac8852b40439d350ff27616f0c18819ce9bf
2024-10-10 03:49:12,653 INFO - ContAudITWrapper#83 - Validating Application...
2024-10-10 03:49:28,248 INFO - ContAudITWrapper#83 - Response true
2024-10-10 03:49:28,259 INFO - ContAudITWrapper#83 - Artifact user.workflow hash: 52877374d8c54314b7af92814eaf729121e99a87e9706a2888cd9bcd951b11c9
2024-10-10 03:49:28,269 INFO - ContAudITWrapper#83 - Validating Artifact...
2024-10-10 03:49:38,199 INFO - ContAudITWrapper#83 - Response true
2024-10-10 03:49:38,220 INFO - ContAudITWrapper#83 - Running pre-command actions...
2024-10-10 03:49:38,221 INFO - ContAudITWrapper#83 - Analyzing current environment state...
2024-10-10 03:49:38,258 INFO - ContAudITWrapper#83 - Saving current environment state...
2024-10-10 03:49:38,259 INFO - ContAudITWrapper#83 - Environment state hash: a7ffc6f8bf1ed76651c14756a061d662f580ff4de43b49fa82d80a4b80f8434a
2024-10-10 03:49:38,259 INFO - ContAudITWrapper#83 - Executing command...
2024-10-10 03:49:50,458 INFO - ContAudITWrapper#83 - Command output: 
2024-10-10 03:49:38.289113047 [executor] Initializing the workflow...
[useradd_workflow] User contaudit83 already exists. Removing...
[useradd_workflow] User contaudit83 successfully removed.
[useradd_workflow] User contaudit83 created successfully.
2024-10-10 03:49:50.457594365 [executor] Finished!

2024-10-10 03:49:50,458 INFO - ContAudITWrapper#83 - Running post-command actions...
2024-10-10 03:49:50,458 INFO - ContAudITWrapper#83 - Analyzing current environment state...
2024-10-10 03:49:50,485 INFO - ContAudITWrapper#83 - Saving current environment state...
2024-10-10 03:49:50,486 INFO - ContAudITWrapper#83 - Environment state hash: a7ffc6f8bf1ed76651c14756a061d662f580ff4de43b49fa82d80a4b80f8434a
2024-10-10 03:49:50,486 INFO - ContAudITWrapper#83 - Checking environment diff...
2024-10-10 03:49:50,508 INFO - ContAudITWrapper#83 - Environment diff: 
2024-10-10 03:49:50,508 INFO - ContAudITWrapper#83 - Cleaning temporary files...
2024-10-10 03:49:50,632 INFO - ContAudITWrapper#83 - Sending to blockchain...
2024-10-10 03:49:52,319 INFO - ContAudITWrapper#83 - Response 
2024-10-10 03:49:52,321 INFO - ContAudITWrapper#83 - Finishing ContAudIT Wrapper...
