2024-10-10 03:47:35,392 INFO - ContAudITWrapper#62 - Initializing ContAudIT Wrapper...
2024-10-10 03:47:35,672 INFO - ContAudITWrapper#62 - Current directory: /home/ec2-user/Code/ufrgs-poc/contaudit-wrapper.jar
2024-10-10 03:48:00,052 INFO - ContAudITWrapper#62 - Wrapper hash: b7519188ed863d76e5199a8d880bb968bdf9124fad53b871583787e123a7a764
2024-10-10 03:48:00,060 INFO - ContAudITWrapper#62 - Validating Wrapper...
2024-10-10 03:49:08,594 INFO - ContAudITWrapper#62 - Response true
2024-10-10 03:49:08,827 INFO - ContAudITWrapper#62 - Application hash: e36ee2d35f8c4c41bd358782dfb3ac8852b40439d350ff27616f0c18819ce9bf
2024-10-10 03:49:08,829 INFO - ContAudITWrapper#62 - Validating Application...
2024-10-10 03:49:19,293 INFO - ContAudITWrapper#62 - Response true
2024-10-10 03:49:19,301 INFO - ContAudITWrapper#62 - Artifact user.workflow hash: 52877374d8c54314b7af92814eaf729121e99a87e9706a2888cd9bcd951b11c9
2024-10-10 03:49:19,307 INFO - ContAudITWrapper#62 - Validating Artifact...
2024-10-10 03:49:32,581 INFO - ContAudITWrapper#62 - Response true
2024-10-10 03:49:32,595 INFO - ContAudITWrapper#62 - Running pre-command actions...
2024-10-10 03:49:32,596 INFO - ContAudITWrapper#62 - Analyzing current environment state...
2024-10-10 03:49:32,795 INFO - ContAudITWrapper#62 - Saving current environment state...
2024-10-10 03:49:32,796 INFO - ContAudITWrapper#62 - Environment state hash: a7ffc6f8bf1ed76651c14756a061d662f580ff4de43b49fa82d80a4b80f8434a
2024-10-10 03:49:32,797 INFO - ContAudITWrapper#62 - Executing command...
2024-10-10 03:49:43,934 INFO - ContAudITWrapper#62 - Command output: 
2024-10-10 03:49:32.892307989 [executor] Initializing the workflow...
[useradd_workflow] User contaudit62 already exists. Removing...
[useradd_workflow] User contaudit62 successfully removed.
[useradd_workflow] User contaudit62 created successfully.
2024-10-10 03:49:43.934049582 [executor] Finished!

2024-10-10 03:49:43,934 INFO - ContAudITWrapper#62 - Running post-command actions...
2024-10-10 03:49:43,935 INFO - ContAudITWrapper#62 - Analyzing current environment state...
2024-10-10 03:49:43,942 INFO - ContAudITWrapper#62 - Saving current environment state...
2024-10-10 03:49:43,942 INFO - ContAudITWrapper#62 - Environment state hash: a7ffc6f8bf1ed76651c14756a061d662f580ff4de43b49fa82d80a4b80f8434a
2024-10-10 03:49:43,943 INFO - ContAudITWrapper#62 - Checking environment diff...
2024-10-10 03:49:43,947 INFO - ContAudITWrapper#62 - Environment diff: 
2024-10-10 03:49:43,947 INFO - ContAudITWrapper#62 - Cleaning temporary files...
2024-10-10 03:49:43,952 INFO - ContAudITWrapper#62 - Sending to blockchain...
2024-10-10 03:49:46,779 INFO - ContAudITWrapper#62 - Response 
2024-10-10 03:49:46,783 INFO - ContAudITWrapper#62 - Finishing ContAudIT Wrapper...
