2024-10-10 03:47:36,209 INFO - ContAudITWrapper#76 - Initializing ContAudIT Wrapper...
2024-10-10 03:47:36,368 INFO - ContAudITWrapper#76 - Current directory: /home/ec2-user/Code/ufrgs-poc/contaudit-wrapper.jar
2024-10-10 03:47:53,026 INFO - ContAudITWrapper#76 - Wrapper hash: b7519188ed863d76e5199a8d880bb968bdf9124fad53b871583787e123a7a764
2024-10-10 03:47:53,033 INFO - ContAudITWrapper#76 - Validating Wrapper...
2024-10-10 03:48:47,549 INFO - ContAudITWrapper#76 - Response true
2024-10-10 03:48:47,763 INFO - ContAudITWrapper#76 - Application hash: e36ee2d35f8c4c41bd358782dfb3ac8852b40439d350ff27616f0c18819ce9bf
2024-10-10 03:48:47,779 INFO - ContAudITWrapper#76 - Validating Application...
2024-10-10 03:49:04,057 INFO - ContAudITWrapper#76 - Response true
2024-10-10 03:49:04,067 INFO - ContAudITWrapper#76 - Artifact user.workflow hash: 52877374d8c54314b7af92814eaf729121e99a87e9706a2888cd9bcd951b11c9
2024-10-10 03:49:04,085 INFO - ContAudITWrapper#76 - Validating Artifact...
2024-10-10 03:49:18,568 INFO - ContAudITWrapper#76 - Response true
2024-10-10 03:49:18,574 INFO - ContAudITWrapper#76 - Running pre-command actions...
2024-10-10 03:49:18,575 INFO - ContAudITWrapper#76 - Analyzing current environment state...
2024-10-10 03:49:18,767 INFO - ContAudITWrapper#76 - Saving current environment state...
2024-10-10 03:49:18,768 INFO - ContAudITWrapper#76 - Environment state hash: a7ffc6f8bf1ed76651c14756a061d662f580ff4de43b49fa82d80a4b80f8434a
2024-10-10 03:49:18,768 INFO - ContAudITWrapper#76 - Executing command...
2024-10-10 03:49:24,072 INFO - ContAudITWrapper#76 - Command output: 
2024-10-10 03:49:18.833089116 [executor] Initializing the workflow...
[useradd_workflow] User contaudit76 already exists. Removing...
[useradd_workflow] User contaudit76 successfully removed.
[useradd_workflow] User contaudit76 created successfully.
2024-10-10 03:49:24.071290738 [executor] Finished!

2024-10-10 03:49:24,072 INFO - ContAudITWrapper#76 - Running post-command actions...
2024-10-10 03:49:24,072 INFO - ContAudITWrapper#76 - Analyzing current environment state...
2024-10-10 03:49:24,206 INFO - ContAudITWrapper#76 - Saving current environment state...
2024-10-10 03:49:24,207 INFO - ContAudITWrapper#76 - Environment state hash: a7ffc6f8bf1ed76651c14756a061d662f580ff4de43b49fa82d80a4b80f8434a
2024-10-10 03:49:24,207 INFO - ContAudITWrapper#76 - Checking environment diff...
2024-10-10 03:49:24,249 INFO - ContAudITWrapper#76 - Environment diff: 
2024-10-10 03:49:24,249 INFO - ContAudITWrapper#76 - Cleaning temporary files...
2024-10-10 03:49:24,294 INFO - ContAudITWrapper#76 - Sending to blockchain...
2024-10-10 03:49:36,303 INFO - ContAudITWrapper#76 - Response 
2024-10-10 03:49:36,305 INFO - ContAudITWrapper#76 - Finishing ContAudIT Wrapper...
