2024-10-10 03:47:35,985 INFO - ContAudITWrapper#59 - Initializing ContAudIT Wrapper...
2024-10-10 03:47:36,214 INFO - ContAudITWrapper#59 - Current directory: /home/ec2-user/Code/ufrgs-poc/contaudit-wrapper.jar
2024-10-10 03:48:01,028 INFO - ContAudITWrapper#59 - Wrapper hash: b7519188ed863d76e5199a8d880bb968bdf9124fad53b871583787e123a7a764
2024-10-10 03:48:01,148 INFO - ContAudITWrapper#59 - Validating Wrapper...
2024-10-10 03:49:12,473 INFO - ContAudITWrapper#59 - Response true
2024-10-10 03:49:12,672 INFO - ContAudITWrapper#59 - Application hash: e36ee2d35f8c4c41bd358782dfb3ac8852b40439d350ff27616f0c18819ce9bf
2024-10-10 03:49:12,673 INFO - ContAudITWrapper#59 - Validating Application...
2024-10-10 03:49:26,366 INFO - ContAudITWrapper#59 - Response true
2024-10-10 03:49:26,386 INFO - ContAudITWrapper#59 - Artifact user.workflow hash: 52877374d8c54314b7af92814eaf729121e99a87e9706a2888cd9bcd951b11c9
2024-10-10 03:49:26,422 INFO - ContAudITWrapper#59 - Validating Artifact...
2024-10-10 03:49:37,343 INFO - ContAudITWrapper#59 - Response true
2024-10-10 03:49:37,359 INFO - ContAudITWrapper#59 - Running pre-command actions...
2024-10-10 03:49:37,360 INFO - ContAudITWrapper#59 - Analyzing current environment state...
2024-10-10 03:49:37,501 INFO - ContAudITWrapper#59 - Saving current environment state...
2024-10-10 03:49:37,502 INFO - ContAudITWrapper#59 - Environment state hash: a7ffc6f8bf1ed76651c14756a061d662f580ff4de43b49fa82d80a4b80f8434a
2024-10-10 03:49:37,502 INFO - ContAudITWrapper#59 - Executing command...
2024-10-10 03:49:49,844 INFO - ContAudITWrapper#59 - Command output: 
2024-10-10 03:49:37.571395835 [executor] Initializing the workflow...
[useradd_workflow] User contaudit59 already exists. Removing...
[useradd_workflow] User contaudit59 successfully removed.
[useradd_workflow] User contaudit59 created successfully.
2024-10-10 03:49:49.842445472 [executor] Finished!

2024-10-10 03:49:49,844 INFO - ContAudITWrapper#59 - Running post-command actions...
2024-10-10 03:49:49,844 INFO - ContAudITWrapper#59 - Analyzing current environment state...
2024-10-10 03:49:49,878 INFO - ContAudITWrapper#59 - Saving current environment state...
2024-10-10 03:49:49,880 INFO - ContAudITWrapper#59 - Environment state hash: a7ffc6f8bf1ed76651c14756a061d662f580ff4de43b49fa82d80a4b80f8434a
2024-10-10 03:49:49,880 INFO - ContAudITWrapper#59 - Checking environment diff...
2024-10-10 03:49:49,907 INFO - ContAudITWrapper#59 - Environment diff: 
2024-10-10 03:49:49,909 INFO - ContAudITWrapper#59 - Cleaning temporary files...
2024-10-10 03:49:49,931 INFO - ContAudITWrapper#59 - Sending to blockchain...
2024-10-10 03:49:52,286 INFO - ContAudITWrapper#59 - Response 
2024-10-10 03:49:52,288 INFO - ContAudITWrapper#59 - Finishing ContAudIT Wrapper...
