2024-10-10 03:47:36,007 INFO - ContAudITWrapper#74 - Initializing ContAudIT Wrapper...
2024-10-10 03:47:36,178 INFO - ContAudITWrapper#74 - Current directory: /home/ec2-user/Code/ufrgs-poc/contaudit-wrapper.jar
2024-10-10 03:47:58,738 INFO - ContAudITWrapper#74 - Wrapper hash: b7519188ed863d76e5199a8d880bb968bdf9124fad53b871583787e123a7a764
2024-10-10 03:47:58,826 INFO - ContAudITWrapper#74 - Validating Wrapper...
2024-10-10 03:49:07,073 INFO - ContAudITWrapper#74 - Response true
2024-10-10 03:49:07,308 INFO - ContAudITWrapper#74 - Application hash: e36ee2d35f8c4c41bd358782dfb3ac8852b40439d350ff27616f0c18819ce9bf
2024-10-10 03:49:07,392 INFO - ContAudITWrapper#74 - Validating Application...
2024-10-10 03:49:22,608 INFO - ContAudITWrapper#74 - Response true
2024-10-10 03:49:22,614 INFO - ContAudITWrapper#74 - Artifact user.workflow hash: 52877374d8c54314b7af92814eaf729121e99a87e9706a2888cd9bcd951b11c9
2024-10-10 03:49:22,631 INFO - ContAudITWrapper#74 - Validating Artifact...
2024-10-10 03:49:33,092 INFO - ContAudITWrapper#74 - Response true
2024-10-10 03:49:33,109 INFO - ContAudITWrapper#74 - Running pre-command actions...
2024-10-10 03:49:33,111 INFO - ContAudITWrapper#74 - Analyzing current environment state...
2024-10-10 03:49:33,293 INFO - ContAudITWrapper#74 - Saving current environment state...
2024-10-10 03:49:33,294 INFO - ContAudITWrapper#74 - Environment state hash: a7ffc6f8bf1ed76651c14756a061d662f580ff4de43b49fa82d80a4b80f8434a
2024-10-10 03:49:33,295 INFO - ContAudITWrapper#74 - Executing command...
2024-10-10 03:49:44,524 INFO - ContAudITWrapper#74 - Command output: 
2024-10-10 03:49:33.356766705 [executor] Initializing the workflow...
[useradd_workflow] User contaudit74 already exists. Removing...
[useradd_workflow] User contaudit74 successfully removed.
[useradd_workflow] User contaudit74 created successfully.
2024-10-10 03:49:44.518998059 [executor] Finished!

2024-10-10 03:49:44,525 INFO - ContAudITWrapper#74 - Running post-command actions...
2024-10-10 03:49:44,525 INFO - ContAudITWrapper#74 - Analyzing current environment state...
2024-10-10 03:49:44,537 INFO - ContAudITWrapper#74 - Saving current environment state...
2024-10-10 03:49:44,538 INFO - ContAudITWrapper#74 - Environment state hash: a7ffc6f8bf1ed76651c14756a061d662f580ff4de43b49fa82d80a4b80f8434a
2024-10-10 03:49:44,539 INFO - ContAudITWrapper#74 - Checking environment diff...
2024-10-10 03:49:44,597 INFO - ContAudITWrapper#74 - Environment diff: 
2024-10-10 03:49:44,598 INFO - ContAudITWrapper#74 - Cleaning temporary files...
2024-10-10 03:49:44,605 INFO - ContAudITWrapper#74 - Sending to blockchain...
2024-10-10 03:49:48,039 INFO - ContAudITWrapper#74 - Response 
2024-10-10 03:49:48,048 INFO - ContAudITWrapper#74 - Finishing ContAudIT Wrapper...
