2024-10-10 03:47:35,864 INFO - ContAudITWrapper#41 - Initializing ContAudIT Wrapper...
2024-10-10 03:47:36,107 INFO - ContAudITWrapper#41 - Current directory: /home/ec2-user/Code/ufrgs-poc/contaudit-wrapper.jar
2024-10-10 03:47:57,761 INFO - ContAudITWrapper#41 - Wrapper hash: b7519188ed863d76e5199a8d880bb968bdf9124fad53b871583787e123a7a764
2024-10-10 03:47:57,770 INFO - ContAudITWrapper#41 - Validating Wrapper...
2024-10-10 03:49:03,016 INFO - ContAudITWrapper#41 - Response true
2024-10-10 03:49:03,228 INFO - ContAudITWrapper#41 - Application hash: e36ee2d35f8c4c41bd358782dfb3ac8852b40439d350ff27616f0c18819ce9bf
2024-10-10 03:49:03,229 INFO - ContAudITWrapper#41 - Validating Application...
2024-10-10 03:49:17,800 INFO - ContAudITWrapper#41 - Response true
2024-10-10 03:49:17,806 INFO - ContAudITWrapper#41 - Artifact user.workflow hash: 52877374d8c54314b7af92814eaf729121e99a87e9706a2888cd9bcd951b11c9
2024-10-10 03:49:17,813 INFO - ContAudITWrapper#41 - Validating Artifact...
2024-10-10 03:49:33,112 INFO - ContAudITWrapper#41 - Response true
2024-10-10 03:49:33,118 INFO - ContAudITWrapper#41 - Running pre-command actions...
2024-10-10 03:49:33,119 INFO - ContAudITWrapper#41 - Analyzing current environment state...
2024-10-10 03:49:33,314 INFO - ContAudITWrapper#41 - Saving current environment state...
2024-10-10 03:49:33,315 INFO - ContAudITWrapper#41 - Environment state hash: a7ffc6f8bf1ed76651c14756a061d662f580ff4de43b49fa82d80a4b80f8434a
2024-10-10 03:49:33,315 INFO - ContAudITWrapper#41 - Executing command...
2024-10-10 03:49:44,537 INFO - ContAudITWrapper#41 - Command output: 
2024-10-10 03:49:33.481119587 [executor] Initializing the workflow...
[useradd_workflow] User contaudit41 already exists. Removing...
[useradd_workflow] User contaudit41 successfully removed.
[useradd_workflow] User contaudit41 created successfully.
2024-10-10 03:49:44.535008112 [executor] Finished!

2024-10-10 03:49:44,537 INFO - ContAudITWrapper#41 - Running post-command actions...
2024-10-10 03:49:44,537 INFO - ContAudITWrapper#41 - Analyzing current environment state...
2024-10-10 03:49:44,582 INFO - ContAudITWrapper#41 - Saving current environment state...
2024-10-10 03:49:44,582 INFO - ContAudITWrapper#41 - Environment state hash: a7ffc6f8bf1ed76651c14756a061d662f580ff4de43b49fa82d80a4b80f8434a
2024-10-10 03:49:44,583 INFO - ContAudITWrapper#41 - Checking environment diff...
2024-10-10 03:49:44,612 INFO - ContAudITWrapper#41 - Environment diff: 
2024-10-10 03:49:44,614 INFO - ContAudITWrapper#41 - Cleaning temporary files...
2024-10-10 03:49:44,642 INFO - ContAudITWrapper#41 - Sending to blockchain...
2024-10-10 03:49:48,075 INFO - ContAudITWrapper#41 - Response 
2024-10-10 03:49:48,076 INFO - ContAudITWrapper#41 - Finishing ContAudIT Wrapper...
