2024-10-10 03:47:35,706 INFO - ContAudITWrapper#46 - Initializing ContAudIT Wrapper...
2024-10-10 03:47:35,917 INFO - ContAudITWrapper#46 - Current directory: /home/ec2-user/Code/ufrgs-poc/contaudit-wrapper.jar
2024-10-10 03:48:01,194 INFO - ContAudITWrapper#46 - Wrapper hash: b7519188ed863d76e5199a8d880bb968bdf9124fad53b871583787e123a7a764
2024-10-10 03:48:01,229 INFO - ContAudITWrapper#46 - Validating Wrapper...
2024-10-10 03:49:09,772 INFO - ContAudITWrapper#46 - Response true
2024-10-10 03:49:09,967 INFO - ContAudITWrapper#46 - Application hash: e36ee2d35f8c4c41bd358782dfb3ac8852b40439d350ff27616f0c18819ce9bf
2024-10-10 03:49:10,005 INFO - ContAudITWrapper#46 - Validating Application...
2024-10-10 03:49:21,886 INFO - ContAudITWrapper#46 - Response true
2024-10-10 03:49:22,004 INFO - ContAudITWrapper#46 - Artifact user.workflow hash: 52877374d8c54314b7af92814eaf729121e99a87e9706a2888cd9bcd951b11c9
2024-10-10 03:49:22,013 INFO - ContAudITWrapper#46 - Validating Artifact...
2024-10-10 03:49:33,239 INFO - ContAudITWrapper#46 - Response true
2024-10-10 03:49:33,241 INFO - ContAudITWrapper#46 - Running pre-command actions...
2024-10-10 03:49:33,241 INFO - ContAudITWrapper#46 - Analyzing current environment state...
2024-10-10 03:49:33,492 INFO - ContAudITWrapper#46 - Saving current environment state...
2024-10-10 03:49:33,493 INFO - ContAudITWrapper#46 - Environment state hash: a7ffc6f8bf1ed76651c14756a061d662f580ff4de43b49fa82d80a4b80f8434a
2024-10-10 03:49:33,493 INFO - ContAudITWrapper#46 - Executing command...
2024-10-10 03:49:45,402 INFO - ContAudITWrapper#46 - Command output: 
2024-10-10 03:49:33.701468571 [executor] Initializing the workflow...
[useradd_workflow] User contaudit46 already exists. Removing...
[useradd_workflow] User contaudit46 successfully removed.
[useradd_workflow] User contaudit46 created successfully.
2024-10-10 03:49:45.400340551 [executor] Finished!

2024-10-10 03:49:45,404 INFO - ContAudITWrapper#46 - Running post-command actions...
2024-10-10 03:49:45,405 INFO - ContAudITWrapper#46 - Analyzing current environment state...
2024-10-10 03:49:45,445 INFO - ContAudITWrapper#46 - Saving current environment state...
2024-10-10 03:49:45,446 INFO - ContAudITWrapper#46 - Environment state hash: a7ffc6f8bf1ed76651c14756a061d662f580ff4de43b49fa82d80a4b80f8434a
2024-10-10 03:49:45,446 INFO - ContAudITWrapper#46 - Checking environment diff...
2024-10-10 03:49:45,469 INFO - ContAudITWrapper#46 - Environment diff: 
2024-10-10 03:49:45,469 INFO - ContAudITWrapper#46 - Cleaning temporary files...
2024-10-10 03:49:45,497 INFO - ContAudITWrapper#46 - Sending to blockchain...
2024-10-10 03:49:49,495 INFO - ContAudITWrapper#46 - Response 
2024-10-10 03:49:49,497 INFO - ContAudITWrapper#46 - Finishing ContAudIT Wrapper...
