2024-10-10 03:47:36,082 INFO - ContAudITWrapper#60 - Initializing ContAudIT Wrapper...
2024-10-10 03:47:36,312 INFO - ContAudITWrapper#60 - Current directory: /home/ec2-user/Code/ufrgs-poc/contaudit-wrapper.jar
2024-10-10 03:48:01,061 INFO - ContAudITWrapper#60 - Wrapper hash: b7519188ed863d76e5199a8d880bb968bdf9124fad53b871583787e123a7a764
2024-10-10 03:48:01,068 INFO - ContAudITWrapper#60 - Validating Wrapper...
2024-10-10 03:49:12,084 INFO - ContAudITWrapper#60 - Response true
2024-10-10 03:49:12,194 INFO - ContAudITWrapper#60 - Application hash: e36ee2d35f8c4c41bd358782dfb3ac8852b40439d350ff27616f0c18819ce9bf
2024-10-10 03:49:12,195 INFO - ContAudITWrapper#60 - Validating Application...
2024-10-10 03:49:24,664 INFO - ContAudITWrapper#60 - Response true
2024-10-10 03:49:24,681 INFO - ContAudITWrapper#60 - Artifact user.workflow hash: 52877374d8c54314b7af92814eaf729121e99a87e9706a2888cd9bcd951b11c9
2024-10-10 03:49:24,689 INFO - ContAudITWrapper#60 - Validating Artifact...
2024-10-10 03:49:36,517 INFO - ContAudITWrapper#60 - Response true
2024-10-10 03:49:36,522 INFO - ContAudITWrapper#60 - Running pre-command actions...
2024-10-10 03:49:36,524 INFO - ContAudITWrapper#60 - Analyzing current environment state...
2024-10-10 03:49:36,659 INFO - ContAudITWrapper#60 - Saving current environment state...
2024-10-10 03:49:36,661 INFO - ContAudITWrapper#60 - Environment state hash: a7ffc6f8bf1ed76651c14756a061d662f580ff4de43b49fa82d80a4b80f8434a
2024-10-10 03:49:36,661 INFO - ContAudITWrapper#60 - Executing command...
2024-10-10 03:49:48,305 INFO - ContAudITWrapper#60 - Command output: 
2024-10-10 03:49:36.669443326 [executor] Initializing the workflow...
[useradd_workflow] User contaudit60 already exists. Removing...
[useradd_workflow] User contaudit60 successfully removed.
[useradd_workflow] User contaudit60 created successfully.
2024-10-10 03:49:48.303651585 [executor] Finished!

2024-10-10 03:49:48,306 INFO - ContAudITWrapper#60 - Running post-command actions...
2024-10-10 03:49:48,307 INFO - ContAudITWrapper#60 - Analyzing current environment state...
2024-10-10 03:49:48,339 INFO - ContAudITWrapper#60 - Saving current environment state...
2024-10-10 03:49:48,340 INFO - ContAudITWrapper#60 - Environment state hash: a7ffc6f8bf1ed76651c14756a061d662f580ff4de43b49fa82d80a4b80f8434a
2024-10-10 03:49:48,340 INFO - ContAudITWrapper#60 - Checking environment diff...
2024-10-10 03:49:48,376 INFO - ContAudITWrapper#60 - Environment diff: 
2024-10-10 03:49:48,376 INFO - ContAudITWrapper#60 - Cleaning temporary files...
2024-10-10 03:49:48,418 INFO - ContAudITWrapper#60 - Sending to blockchain...
2024-10-10 03:49:51,670 INFO - ContAudITWrapper#60 - Response 
2024-10-10 03:49:51,676 INFO - ContAudITWrapper#60 - Finishing ContAudIT Wrapper...
