2024-10-10 03:47:36,209 INFO - ContAudITWrapper#15 - Initializing ContAudIT Wrapper...
2024-10-10 03:47:36,372 INFO - ContAudITWrapper#15 - Current directory: /home/ec2-user/Code/ufrgs-poc/contaudit-wrapper.jar
2024-10-10 03:48:01,126 INFO - ContAudITWrapper#15 - Wrapper hash: b7519188ed863d76e5199a8d880bb968bdf9124fad53b871583787e123a7a764
2024-10-10 03:48:01,261 INFO - ContAudITWrapper#15 - Validating Wrapper...
2024-10-10 03:49:09,268 INFO - ContAudITWrapper#15 - Response true
2024-10-10 03:49:09,498 INFO - ContAudITWrapper#15 - Application hash: e36ee2d35f8c4c41bd358782dfb3ac8852b40439d350ff27616f0c18819ce9bf
2024-10-10 03:49:09,500 INFO - ContAudITWrapper#15 - Validating Application...
2024-10-10 03:49:22,812 INFO - ContAudITWrapper#15 - Response true
2024-10-10 03:49:22,858 INFO - ContAudITWrapper#15 - Artifact user.workflow hash: 52877374d8c54314b7af92814eaf729121e99a87e9706a2888cd9bcd951b11c9
2024-10-10 03:49:22,912 INFO - ContAudITWrapper#15 - Validating Artifact...
2024-10-10 03:49:32,750 INFO - ContAudITWrapper#15 - Response true
2024-10-10 03:49:32,779 INFO - ContAudITWrapper#15 - Running pre-command actions...
2024-10-10 03:49:32,781 INFO - ContAudITWrapper#15 - Analyzing current environment state...
2024-10-10 03:49:32,936 INFO - ContAudITWrapper#15 - Saving current environment state...
2024-10-10 03:49:32,937 INFO - ContAudITWrapper#15 - Environment state hash: a7ffc6f8bf1ed76651c14756a061d662f580ff4de43b49fa82d80a4b80f8434a
2024-10-10 03:49:32,937 INFO - ContAudITWrapper#15 - Executing command...
2024-10-10 03:49:43,656 INFO - ContAudITWrapper#15 - Command output: 
2024-10-10 03:49:33.046448353 [executor] Initializing the workflow...
[useradd_workflow] User contaudit15 already exists. Removing...
[useradd_workflow] User contaudit15 successfully removed.
[useradd_workflow] User contaudit15 created successfully.
2024-10-10 03:49:43.656190269 [executor] Finished!

2024-10-10 03:49:43,657 INFO - ContAudITWrapper#15 - Running post-command actions...
2024-10-10 03:49:43,657 INFO - ContAudITWrapper#15 - Analyzing current environment state...
2024-10-10 03:49:43,664 INFO - ContAudITWrapper#15 - Saving current environment state...
2024-10-10 03:49:43,665 INFO - ContAudITWrapper#15 - Environment state hash: a7ffc6f8bf1ed76651c14756a061d662f580ff4de43b49fa82d80a4b80f8434a
2024-10-10 03:49:43,665 INFO - ContAudITWrapper#15 - Checking environment diff...
2024-10-10 03:49:43,670 INFO - ContAudITWrapper#15 - Environment diff: 
2024-10-10 03:49:43,670 INFO - ContAudITWrapper#15 - Cleaning temporary files...
2024-10-10 03:49:43,673 INFO - ContAudITWrapper#15 - Sending to blockchain...
2024-10-10 03:49:46,857 INFO - ContAudITWrapper#15 - Response 
2024-10-10 03:49:46,859 INFO - ContAudITWrapper#15 - Finishing ContAudIT Wrapper...
