2024-10-10 03:47:35,308 INFO - ContAudITWrapper#29 - Initializing ContAudIT Wrapper...
2024-10-10 03:47:35,518 INFO - ContAudITWrapper#29 - Current directory: /home/ec2-user/Code/ufrgs-poc/contaudit-wrapper.jar
2024-10-10 03:48:01,607 INFO - ContAudITWrapper#29 - Wrapper hash: b7519188ed863d76e5199a8d880bb968bdf9124fad53b871583787e123a7a764
2024-10-10 03:48:01,688 INFO - ContAudITWrapper#29 - Validating Wrapper...
2024-10-10 03:49:13,346 INFO - ContAudITWrapper#29 - Response true
2024-10-10 03:49:13,462 INFO - ContAudITWrapper#29 - Application hash: e36ee2d35f8c4c41bd358782dfb3ac8852b40439d350ff27616f0c18819ce9bf
2024-10-10 03:49:13,463 INFO - ContAudITWrapper#29 - Validating Application...
2024-10-10 03:49:27,925 INFO - ContAudITWrapper#29 - Response true
2024-10-10 03:49:27,950 INFO - ContAudITWrapper#29 - Artifact user.workflow hash: 52877374d8c54314b7af92814eaf729121e99a87e9706a2888cd9bcd951b11c9
2024-10-10 03:49:27,957 INFO - ContAudITWrapper#29 - Validating Artifact...
2024-10-10 03:49:38,228 INFO - ContAudITWrapper#29 - Response true
2024-10-10 03:49:38,247 INFO - ContAudITWrapper#29 - Running pre-command actions...
2024-10-10 03:49:38,248 INFO - ContAudITWrapper#29 - Analyzing current environment state...
2024-10-10 03:49:38,277 INFO - ContAudITWrapper#29 - Saving current environment state...
2024-10-10 03:49:38,278 INFO - ContAudITWrapper#29 - Environment state hash: a7ffc6f8bf1ed76651c14756a061d662f580ff4de43b49fa82d80a4b80f8434a
2024-10-10 03:49:38,279 INFO - ContAudITWrapper#29 - Executing command...
2024-10-10 03:49:50,432 INFO - ContAudITWrapper#29 - Command output: 
2024-10-10 03:49:38.285956746 [executor] Initializing the workflow...
[useradd_workflow] User contaudit29 already exists. Removing...
[useradd_workflow] User contaudit29 successfully removed.
[useradd_workflow] User contaudit29 created successfully.
2024-10-10 03:49:50.430316404 [executor] Finished!

2024-10-10 03:49:50,432 INFO - ContAudITWrapper#29 - Running post-command actions...
2024-10-10 03:49:50,432 INFO - ContAudITWrapper#29 - Analyzing current environment state...
2024-10-10 03:49:50,484 INFO - ContAudITWrapper#29 - Saving current environment state...
2024-10-10 03:49:50,485 INFO - ContAudITWrapper#29 - Environment state hash: a7ffc6f8bf1ed76651c14756a061d662f580ff4de43b49fa82d80a4b80f8434a
2024-10-10 03:49:50,487 INFO - ContAudITWrapper#29 - Checking environment diff...
2024-10-10 03:49:50,509 INFO - ContAudITWrapper#29 - Environment diff: 
2024-10-10 03:49:50,509 INFO - ContAudITWrapper#29 - Cleaning temporary files...
2024-10-10 03:49:50,534 INFO - ContAudITWrapper#29 - Sending to blockchain...
2024-10-10 03:49:52,305 INFO - ContAudITWrapper#29 - Response 
2024-10-10 03:49:52,321 INFO - ContAudITWrapper#29 - Finishing ContAudIT Wrapper...
