2024-10-10 03:47:36,000 INFO - ContAudITWrapper#96 - Initializing ContAudIT Wrapper...
2024-10-10 03:47:36,242 INFO - ContAudITWrapper#96 - Current directory: /home/ec2-user/Code/ufrgs-poc/contaudit-wrapper.jar
2024-10-10 03:48:00,573 INFO - ContAudITWrapper#96 - Wrapper hash: b7519188ed863d76e5199a8d880bb968bdf9124fad53b871583787e123a7a764
2024-10-10 03:48:00,725 INFO - ContAudITWrapper#96 - Validating Wrapper...
2024-10-10 03:49:10,885 INFO - ContAudITWrapper#96 - Response true
2024-10-10 03:49:10,920 INFO - ContAudITWrapper#96 - Application hash: e36ee2d35f8c4c41bd358782dfb3ac8852b40439d350ff27616f0c18819ce9bf
2024-10-10 03:49:10,933 INFO - ContAudITWrapper#96 - Validating Application...
2024-10-10 03:49:25,117 INFO - ContAudITWrapper#96 - Response true
2024-10-10 03:49:25,124 INFO - ContAudITWrapper#96 - Artifact user.workflow hash: 52877374d8c54314b7af92814eaf729121e99a87e9706a2888cd9bcd951b11c9
2024-10-10 03:49:25,129 INFO - ContAudITWrapper#96 - Validating Artifact...
2024-10-10 03:49:36,007 INFO - ContAudITWrapper#96 - Response true
2024-10-10 03:49:36,114 INFO - ContAudITWrapper#96 - Running pre-command actions...
2024-10-10 03:49:36,115 INFO - ContAudITWrapper#96 - Analyzing current environment state...
2024-10-10 03:49:36,266 INFO - ContAudITWrapper#96 - Saving current environment state...
2024-10-10 03:49:36,267 INFO - ContAudITWrapper#96 - Environment state hash: a7ffc6f8bf1ed76651c14756a061d662f580ff4de43b49fa82d80a4b80f8434a
2024-10-10 03:49:36,267 INFO - ContAudITWrapper#96 - Executing command...
2024-10-10 03:49:41,747 INFO - ContAudITWrapper#96 - Command output: 
2024-10-10 03:49:36.301207848 [executor] Initializing the workflow...
[useradd_workflow] User contaudit96 does not exist. Creating...
[useradd_workflow] User contaudit96 created successfully.
2024-10-10 03:49:41.746555248 [executor] Finished!

2024-10-10 03:49:41,747 INFO - ContAudITWrapper#96 - Running post-command actions...
2024-10-10 03:49:41,747 INFO - ContAudITWrapper#96 - Analyzing current environment state...
2024-10-10 03:49:41,751 INFO - ContAudITWrapper#96 - Saving current environment state...
2024-10-10 03:49:41,752 INFO - ContAudITWrapper#96 - Environment state hash: a7ffc6f8bf1ed76651c14756a061d662f580ff4de43b49fa82d80a4b80f8434a
2024-10-10 03:49:41,752 INFO - ContAudITWrapper#96 - Checking environment diff...
2024-10-10 03:49:41,755 INFO - ContAudITWrapper#96 - Environment diff: 
2024-10-10 03:49:41,755 INFO - ContAudITWrapper#96 - Cleaning temporary files...
2024-10-10 03:49:41,758 INFO - ContAudITWrapper#96 - Sending to blockchain...
2024-10-10 03:49:44,314 INFO - ContAudITWrapper#96 - Response 
2024-10-10 03:49:44,320 INFO - ContAudITWrapper#96 - Finishing ContAudIT Wrapper...
