2024-10-10 03:47:34,926 INFO - ContAudITWrapper#40 - Initializing ContAudIT Wrapper...
2024-10-10 03:47:35,204 INFO - ContAudITWrapper#40 - Current directory: /home/ec2-user/Code/ufrgs-poc/contaudit-wrapper.jar
2024-10-10 03:47:53,800 INFO - ContAudITWrapper#40 - Wrapper hash: b7519188ed863d76e5199a8d880bb968bdf9124fad53b871583787e123a7a764
2024-10-10 03:47:53,872 INFO - ContAudITWrapper#40 - Validating Wrapper...
2024-10-10 03:48:53,267 INFO - ContAudITWrapper#40 - Response true
2024-10-10 03:48:53,585 INFO - ContAudITWrapper#40 - Application hash: e36ee2d35f8c4c41bd358782dfb3ac8852b40439d350ff27616f0c18819ce9bf
2024-10-10 03:48:53,587 INFO - ContAudITWrapper#40 - Validating Application...
2024-10-10 03:49:10,874 INFO - ContAudITWrapper#40 - Response true
2024-10-10 03:49:10,876 INFO - ContAudITWrapper#40 - Artifact user.workflow hash: 52877374d8c54314b7af92814eaf729121e99a87e9706a2888cd9bcd951b11c9
2024-10-10 03:49:10,883 INFO - ContAudITWrapper#40 - Validating Artifact...
2024-10-10 03:49:23,561 INFO - ContAudITWrapper#40 - Response true
2024-10-10 03:49:23,652 INFO - ContAudITWrapper#40 - Running pre-command actions...
2024-10-10 03:49:23,653 INFO - ContAudITWrapper#40 - Analyzing current environment state...
2024-10-10 03:49:23,830 INFO - ContAudITWrapper#40 - Saving current environment state...
2024-10-10 03:49:23,831 INFO - ContAudITWrapper#40 - Environment state hash: a7ffc6f8bf1ed76651c14756a061d662f580ff4de43b49fa82d80a4b80f8434a
2024-10-10 03:49:23,832 INFO - ContAudITWrapper#40 - Executing command...
2024-10-10 03:49:30,333 INFO - ContAudITWrapper#40 - Command output: 
2024-10-10 03:49:23.928643748 [executor] Initializing the workflow...
[useradd_workflow] User contaudit40 already exists. Removing...
[useradd_workflow] User contaudit40 successfully removed.
[useradd_workflow] User contaudit40 created successfully.
2024-10-10 03:49:30.332174925 [executor] Finished!

2024-10-10 03:49:30,333 INFO - ContAudITWrapper#40 - Running post-command actions...
2024-10-10 03:49:30,333 INFO - ContAudITWrapper#40 - Analyzing current environment state...
2024-10-10 03:49:30,431 INFO - ContAudITWrapper#40 - Saving current environment state...
2024-10-10 03:49:30,431 INFO - ContAudITWrapper#40 - Environment state hash: a7ffc6f8bf1ed76651c14756a061d662f580ff4de43b49fa82d80a4b80f8434a
2024-10-10 03:49:30,431 INFO - ContAudITWrapper#40 - Checking environment diff...
2024-10-10 03:49:30,484 INFO - ContAudITWrapper#40 - Environment diff: 
2024-10-10 03:49:30,484 INFO - ContAudITWrapper#40 - Cleaning temporary files...
2024-10-10 03:49:30,625 INFO - ContAudITWrapper#40 - Sending to blockchain...
2024-10-10 03:49:38,547 INFO - ContAudITWrapper#40 - Response 
2024-10-10 03:49:38,548 INFO - ContAudITWrapper#40 - Finishing ContAudIT Wrapper...
