2024-10-10 03:47:35,966 INFO - ContAudITWrapper#100 - Initializing ContAudIT Wrapper...
2024-10-10 03:47:36,221 INFO - ContAudITWrapper#100 - Current directory: /home/ec2-user/Code/ufrgs-poc/contaudit-wrapper.jar
2024-10-10 03:48:03,048 INFO - ContAudITWrapper#100 - Wrapper hash: b7519188ed863d76e5199a8d880bb968bdf9124fad53b871583787e123a7a764
2024-10-10 03:48:03,116 INFO - ContAudITWrapper#100 - Validating Wrapper...
2024-10-10 03:49:11,716 INFO - ContAudITWrapper#100 - Response true
2024-10-10 03:49:11,795 INFO - ContAudITWrapper#100 - Application hash: e36ee2d35f8c4c41bd358782dfb3ac8852b40439d350ff27616f0c18819ce9bf
2024-10-10 03:49:11,796 INFO - ContAudITWrapper#100 - Validating Application...
2024-10-10 03:49:25,760 INFO - ContAudITWrapper#100 - Response true
2024-10-10 03:49:25,762 INFO - ContAudITWrapper#100 - Artifact user.workflow hash: 52877374d8c54314b7af92814eaf729121e99a87e9706a2888cd9bcd951b11c9
2024-10-10 03:49:25,784 INFO - ContAudITWrapper#100 - Validating Artifact...
2024-10-10 03:49:34,470 INFO - ContAudITWrapper#100 - Response true
2024-10-10 03:49:34,527 INFO - ContAudITWrapper#100 - Running pre-command actions...
2024-10-10 03:49:34,528 INFO - ContAudITWrapper#100 - Analyzing current environment state...
2024-10-10 03:49:34,677 INFO - ContAudITWrapper#100 - Saving current environment state...
2024-10-10 03:49:34,678 INFO - ContAudITWrapper#100 - Environment state hash: a7ffc6f8bf1ed76651c14756a061d662f580ff4de43b49fa82d80a4b80f8434a
2024-10-10 03:49:34,678 INFO - ContAudITWrapper#100 - Executing command...
2024-10-10 03:49:40,019 INFO - ContAudITWrapper#100 - Command output: 
2024-10-10 03:49:34.712211515 [executor] Initializing the workflow...
[useradd_workflow] User contaudit100 does not exist. Creating...
[useradd_workflow] User contaudit100 created successfully.
2024-10-10 03:49:40.019396847 [executor] Finished!

2024-10-10 03:49:40,020 INFO - ContAudITWrapper#100 - Running post-command actions...
2024-10-10 03:49:40,020 INFO - ContAudITWrapper#100 - Analyzing current environment state...
2024-10-10 03:49:40,025 INFO - ContAudITWrapper#100 - Saving current environment state...
2024-10-10 03:49:40,025 INFO - ContAudITWrapper#100 - Environment state hash: a7ffc6f8bf1ed76651c14756a061d662f580ff4de43b49fa82d80a4b80f8434a
2024-10-10 03:49:40,025 INFO - ContAudITWrapper#100 - Checking environment diff...
2024-10-10 03:49:40,029 INFO - ContAudITWrapper#100 - Environment diff: 
2024-10-10 03:49:40,030 INFO - ContAudITWrapper#100 - Cleaning temporary files...
2024-10-10 03:49:40,033 INFO - ContAudITWrapper#100 - Sending to blockchain...
2024-10-10 03:49:42,544 INFO - ContAudITWrapper#100 - Response 
2024-10-10 03:49:42,545 INFO - ContAudITWrapper#100 - Finishing ContAudIT Wrapper...
