2024-10-10 03:47:35,675 INFO - ContAudITWrapper#66 - Initializing ContAudIT Wrapper...
2024-10-10 03:47:35,846 INFO - ContAudITWrapper#66 - Current directory: /home/ec2-user/Code/ufrgs-poc/contaudit-wrapper.jar
2024-10-10 03:47:58,425 INFO - ContAudITWrapper#66 - Wrapper hash: b7519188ed863d76e5199a8d880bb968bdf9124fad53b871583787e123a7a764
2024-10-10 03:47:58,433 INFO - ContAudITWrapper#66 - Validating Wrapper...
2024-10-10 03:49:02,864 INFO - ContAudITWrapper#66 - Response true
2024-10-10 03:49:03,197 INFO - ContAudITWrapper#66 - Application hash: e36ee2d35f8c4c41bd358782dfb3ac8852b40439d350ff27616f0c18819ce9bf
2024-10-10 03:49:03,198 INFO - ContAudITWrapper#66 - Validating Application...
2024-10-10 03:49:18,924 INFO - ContAudITWrapper#66 - Response true
2024-10-10 03:49:18,928 INFO - ContAudITWrapper#66 - Artifact user.workflow hash: 52877374d8c54314b7af92814eaf729121e99a87e9706a2888cd9bcd951b11c9
2024-10-10 03:49:18,953 INFO - ContAudITWrapper#66 - Validating Artifact...
2024-10-10 03:49:31,133 INFO - ContAudITWrapper#66 - Response true
2024-10-10 03:49:31,141 INFO - ContAudITWrapper#66 - Running pre-command actions...
2024-10-10 03:49:31,142 INFO - ContAudITWrapper#66 - Analyzing current environment state...
2024-10-10 03:49:31,482 INFO - ContAudITWrapper#66 - Saving current environment state...
2024-10-10 03:49:31,484 INFO - ContAudITWrapper#66 - Environment state hash: a7ffc6f8bf1ed76651c14756a061d662f580ff4de43b49fa82d80a4b80f8434a
2024-10-10 03:49:31,484 INFO - ContAudITWrapper#66 - Executing command...
2024-10-10 03:49:43,391 INFO - ContAudITWrapper#66 - Command output: 
2024-10-10 03:49:31.609645238 [executor] Initializing the workflow...
[useradd_workflow] User contaudit66 already exists. Removing...
[useradd_workflow] User contaudit66 successfully removed.
[useradd_workflow] User contaudit66 created successfully.
2024-10-10 03:49:43.391260672 [executor] Finished!

2024-10-10 03:49:43,392 INFO - ContAudITWrapper#66 - Running post-command actions...
2024-10-10 03:49:43,392 INFO - ContAudITWrapper#66 - Analyzing current environment state...
2024-10-10 03:49:43,399 INFO - ContAudITWrapper#66 - Saving current environment state...
2024-10-10 03:49:43,400 INFO - ContAudITWrapper#66 - Environment state hash: a7ffc6f8bf1ed76651c14756a061d662f580ff4de43b49fa82d80a4b80f8434a
2024-10-10 03:49:43,400 INFO - ContAudITWrapper#66 - Checking environment diff...
2024-10-10 03:49:43,413 INFO - ContAudITWrapper#66 - Environment diff: 
2024-10-10 03:49:43,415 INFO - ContAudITWrapper#66 - Cleaning temporary files...
2024-10-10 03:49:43,421 INFO - ContAudITWrapper#66 - Sending to blockchain...
2024-10-10 03:49:46,875 INFO - ContAudITWrapper#66 - Response 
2024-10-10 03:49:46,877 INFO - ContAudITWrapper#66 - Finishing ContAudIT Wrapper...
