2024-10-10 03:47:35,486 INFO - ContAudITWrapper#2 - Initializing ContAudIT Wrapper...
2024-10-10 03:47:35,680 INFO - ContAudITWrapper#2 - Current directory: /home/ec2-user/Code/ufrgs-poc/contaudit-wrapper.jar
2024-10-10 03:47:56,653 INFO - ContAudITWrapper#2 - Wrapper hash: b7519188ed863d76e5199a8d880bb968bdf9124fad53b871583787e123a7a764
2024-10-10 03:47:56,688 INFO - ContAudITWrapper#2 - Validating Wrapper...
2024-10-10 03:49:05,799 INFO - ContAudITWrapper#2 - Response true
2024-10-10 03:49:05,980 INFO - ContAudITWrapper#2 - Application hash: e36ee2d35f8c4c41bd358782dfb3ac8852b40439d350ff27616f0c18819ce9bf
2024-10-10 03:49:05,984 INFO - ContAudITWrapper#2 - Validating Application...
2024-10-10 03:49:19,513 INFO - ContAudITWrapper#2 - Response true
2024-10-10 03:49:19,527 INFO - ContAudITWrapper#2 - Artifact user.workflow hash: 52877374d8c54314b7af92814eaf729121e99a87e9706a2888cd9bcd951b11c9
2024-10-10 03:49:19,533 INFO - ContAudITWrapper#2 - Validating Artifact...
2024-10-10 03:49:30,413 INFO - ContAudITWrapper#2 - Response true
2024-10-10 03:49:30,415 INFO - ContAudITWrapper#2 - Running pre-command actions...
2024-10-10 03:49:30,417 INFO - ContAudITWrapper#2 - Analyzing current environment state...
2024-10-10 03:49:30,740 INFO - ContAudITWrapper#2 - Saving current environment state...
2024-10-10 03:49:30,741 INFO - ContAudITWrapper#2 - Environment state hash: a7ffc6f8bf1ed76651c14756a061d662f580ff4de43b49fa82d80a4b80f8434a
2024-10-10 03:49:30,741 INFO - ContAudITWrapper#2 - Executing command...
2024-10-10 03:49:42,419 INFO - ContAudITWrapper#2 - Command output: 
2024-10-10 03:49:30.965709282 [executor] Initializing the workflow...
[useradd_workflow] User contaudit2 already exists. Removing...
[useradd_workflow] User contaudit2 successfully removed.
[useradd_workflow] User contaudit2 created successfully.
2024-10-10 03:49:42.419206997 [executor] Finished!

2024-10-10 03:49:42,420 INFO - ContAudITWrapper#2 - Running post-command actions...
2024-10-10 03:49:42,420 INFO - ContAudITWrapper#2 - Analyzing current environment state...
2024-10-10 03:49:42,425 INFO - ContAudITWrapper#2 - Saving current environment state...
2024-10-10 03:49:42,425 INFO - ContAudITWrapper#2 - Environment state hash: a7ffc6f8bf1ed76651c14756a061d662f580ff4de43b49fa82d80a4b80f8434a
2024-10-10 03:49:42,426 INFO - ContAudITWrapper#2 - Checking environment diff...
2024-10-10 03:49:42,430 INFO - ContAudITWrapper#2 - Environment diff: 
2024-10-10 03:49:42,430 INFO - ContAudITWrapper#2 - Cleaning temporary files...
2024-10-10 03:49:42,433 INFO - ContAudITWrapper#2 - Sending to blockchain...
2024-10-10 03:49:44,348 INFO - ContAudITWrapper#2 - Response 
2024-10-10 03:49:44,350 INFO - ContAudITWrapper#2 - Finishing ContAudIT Wrapper...
