2024-10-10 03:47:35,270 INFO - ContAudITWrapper#84 - Initializing ContAudIT Wrapper...
2024-10-10 03:47:35,525 INFO - ContAudITWrapper#84 - Current directory: /home/ec2-user/Code/ufrgs-poc/contaudit-wrapper.jar
2024-10-10 03:48:01,868 INFO - ContAudITWrapper#84 - Wrapper hash: b7519188ed863d76e5199a8d880bb968bdf9124fad53b871583787e123a7a764
2024-10-10 03:48:01,874 INFO - ContAudITWrapper#84 - Validating Wrapper...
2024-10-10 03:49:15,300 INFO - ContAudITWrapper#84 - Response true
2024-10-10 03:49:15,491 INFO - ContAudITWrapper#84 - Application hash: e36ee2d35f8c4c41bd358782dfb3ac8852b40439d350ff27616f0c18819ce9bf
2024-10-10 03:49:15,492 INFO - ContAudITWrapper#84 - Validating Application...
2024-10-10 03:49:26,937 INFO - ContAudITWrapper#84 - Response true
2024-10-10 03:49:26,960 INFO - ContAudITWrapper#84 - Artifact user.workflow hash: 52877374d8c54314b7af92814eaf729121e99a87e9706a2888cd9bcd951b11c9
2024-10-10 03:49:26,971 INFO - ContAudITWrapper#84 - Validating Artifact...
2024-10-10 03:49:37,047 INFO - ContAudITWrapper#84 - Response true
2024-10-10 03:49:37,079 INFO - ContAudITWrapper#84 - Running pre-command actions...
2024-10-10 03:49:37,080 INFO - ContAudITWrapper#84 - Analyzing current environment state...
2024-10-10 03:49:37,179 INFO - ContAudITWrapper#84 - Saving current environment state...
2024-10-10 03:49:37,180 INFO - ContAudITWrapper#84 - Environment state hash: a7ffc6f8bf1ed76651c14756a061d662f580ff4de43b49fa82d80a4b80f8434a
2024-10-10 03:49:37,180 INFO - ContAudITWrapper#84 - Executing command...
2024-10-10 03:49:48,784 INFO - ContAudITWrapper#84 - Command output: 
2024-10-10 03:49:37.225673385 [executor] Initializing the workflow...
[useradd_workflow] User contaudit84 already exists. Removing...
[useradd_workflow] User contaudit84 successfully removed.
[useradd_workflow] User contaudit84 created successfully.
2024-10-10 03:49:48.783040613 [executor] Finished!

2024-10-10 03:49:48,784 INFO - ContAudITWrapper#84 - Running post-command actions...
2024-10-10 03:49:48,784 INFO - ContAudITWrapper#84 - Analyzing current environment state...
2024-10-10 03:49:48,869 INFO - ContAudITWrapper#84 - Saving current environment state...
2024-10-10 03:49:48,870 INFO - ContAudITWrapper#84 - Environment state hash: a7ffc6f8bf1ed76651c14756a061d662f580ff4de43b49fa82d80a4b80f8434a
2024-10-10 03:49:48,871 INFO - ContAudITWrapper#84 - Checking environment diff...
2024-10-10 03:49:48,885 INFO - ContAudITWrapper#84 - Environment diff: 
2024-10-10 03:49:48,886 INFO - ContAudITWrapper#84 - Cleaning temporary files...
2024-10-10 03:49:48,898 INFO - ContAudITWrapper#84 - Sending to blockchain...
2024-10-10 03:49:52,280 INFO - ContAudITWrapper#84 - Response 
2024-10-10 03:49:52,283 INFO - ContAudITWrapper#84 - Finishing ContAudIT Wrapper...
