2024-10-09 04:57:45,081 INFO - ContAudITWrapper#32 - Initializing ContAudIT Wrapper...
2024-10-09 04:57:45,165 INFO - ContAudITWrapper#32 - Current directory: /home/ec2-user/Code/ufrgs-poc/contaudit-wrapper.jar
2024-10-09 04:57:55,772 INFO - ContAudITWrapper#32 - Wrapper hash: b7519188ed863d76e5199a8d880bb968bdf9124fad53b871583787e123a7a764
2024-10-09 04:57:55,800 INFO - ContAudITWrapper#32 - Validating Wrapper...
2024-10-09 04:58:26,691 INFO - ContAudITWrapper#32 - Response true
2024-10-09 04:58:26,816 INFO - ContAudITWrapper#32 - Application hash: e36ee2d35f8c4c41bd358782dfb3ac8852b40439d350ff27616f0c18819ce9bf
2024-10-09 04:58:26,821 INFO - ContAudITWrapper#32 - Validating Application...
2024-10-09 04:58:34,455 INFO - ContAudITWrapper#32 - Response true
2024-10-09 04:58:34,468 INFO - ContAudITWrapper#32 - Artifact apache2.workflow hash: bdb4cee855e21446b6ae53ddcb76a1632ef8c4545b5db0517e01ffd552157f6e
2024-10-09 04:58:34,539 INFO - ContAudITWrapper#32 - Validating Artifact...
2024-10-09 04:58:40,679 INFO - ContAudITWrapper#32 - Response true
2024-10-09 04:58:40,689 INFO - ContAudITWrapper#32 - Running pre-command actions...
2024-10-09 04:58:40,691 INFO - ContAudITWrapper#32 - Analyzing current environment state...
2024-10-09 04:58:40,809 INFO - ContAudITWrapper#32 - Saving current environment state...
2024-10-09 04:58:40,811 INFO - ContAudITWrapper#32 - Environment state hash: a7ffc6f8bf1ed76651c14756a061d662f580ff4de43b49fa82d80a4b80f8434a
2024-10-09 04:58:40,811 INFO - ContAudITWrapper#32 - Executing command...
2024-10-09 04:58:41,797 INFO - ContAudITWrapper#32 - Command output: 
2024-10-09 04:58:40.921313167 [executor] Initializing the workflow...
[apache2_workflow] Apache HTTP Server already installed.
[apache2_workflow] UserDir module already loaded.
[apache2_workflow] Configs to UserDir already exist.
[apache2_workflow] public_html directory already exists in /home/ec2-user.
[apache2_workflow] Creating a simple webpage...
[apache2_workflow] Moving webpage to Apache HTTP Server user website folder...
[apache2_workflow] Page moved successfully!
2024-10-09 04:58:41.796896969 [executor] Finished!

2024-10-09 04:58:41,798 INFO - ContAudITWrapper#32 - Running post-command actions...
2024-10-09 04:58:41,798 INFO - ContAudITWrapper#32 - Analyzing current environment state...
2024-10-09 04:58:41,929 INFO - ContAudITWrapper#32 - Saving current environment state...
2024-10-09 04:58:41,930 INFO - ContAudITWrapper#32 - Environment state hash: a7ffc6f8bf1ed76651c14756a061d662f580ff4de43b49fa82d80a4b80f8434a
2024-10-09 04:58:41,930 INFO - ContAudITWrapper#32 - Checking environment diff...
2024-10-09 04:58:41,960 INFO - ContAudITWrapper#32 - Environment diff: 
2024-10-09 04:58:41,960 INFO - ContAudITWrapper#32 - Cleaning temporary files...
2024-10-09 04:58:41,996 INFO - ContAudITWrapper#32 - Sending to blockchain...
2024-10-09 04:58:49,504 INFO - ContAudITWrapper#32 - Response 
2024-10-09 04:58:49,506 INFO - ContAudITWrapper#32 - Finishing ContAudIT Wrapper...
