2024-10-09 04:57:47,382 INFO - ContAudITWrapper#36 - Initializing ContAudIT Wrapper...
2024-10-09 04:57:47,472 INFO - ContAudITWrapper#36 - Current directory: /home/ec2-user/Code/ufrgs-poc/contaudit-wrapper.jar
2024-10-09 04:57:57,919 INFO - ContAudITWrapper#36 - Wrapper hash: b7519188ed863d76e5199a8d880bb968bdf9124fad53b871583787e123a7a764
2024-10-09 04:57:57,969 INFO - ContAudITWrapper#36 - Validating Wrapper...
2024-10-09 04:58:33,261 INFO - ContAudITWrapper#36 - Response true
2024-10-09 04:58:33,331 INFO - ContAudITWrapper#36 - Application hash: e36ee2d35f8c4c41bd358782dfb3ac8852b40439d350ff27616f0c18819ce9bf
2024-10-09 04:58:33,336 INFO - ContAudITWrapper#36 - Validating Application...
2024-10-09 04:58:38,723 INFO - ContAudITWrapper#36 - Response true
2024-10-09 04:58:38,735 INFO - ContAudITWrapper#36 - Artifact apache2.workflow hash: bdb4cee855e21446b6ae53ddcb76a1632ef8c4545b5db0517e01ffd552157f6e
2024-10-09 04:58:38,786 INFO - ContAudITWrapper#36 - Validating Artifact...
2024-10-09 04:58:44,755 INFO - ContAudITWrapper#36 - Response true
2024-10-09 04:58:44,763 INFO - ContAudITWrapper#36 - Running pre-command actions...
2024-10-09 04:58:44,764 INFO - ContAudITWrapper#36 - Analyzing current environment state...
2024-10-09 04:58:44,857 INFO - ContAudITWrapper#36 - Saving current environment state...
2024-10-09 04:58:44,857 INFO - ContAudITWrapper#36 - Environment state hash: a7ffc6f8bf1ed76651c14756a061d662f580ff4de43b49fa82d80a4b80f8434a
2024-10-09 04:58:44,858 INFO - ContAudITWrapper#36 - Executing command...
2024-10-09 04:58:45,410 INFO - ContAudITWrapper#36 - Command output: 
2024-10-09 04:58:44.880893095 [executor] Initializing the workflow...
[apache2_workflow] Apache HTTP Server already installed.
[apache2_workflow] UserDir module already loaded.
[apache2_workflow] Configs to UserDir already exist.
[apache2_workflow] public_html directory already exists in /home/ec2-user.
[apache2_workflow] Creating a simple webpage...
[apache2_workflow] Moving webpage to Apache HTTP Server user website folder...
[apache2_workflow] Page moved successfully!
2024-10-09 04:58:45.409326398 [executor] Finished!

2024-10-09 04:58:45,411 INFO - ContAudITWrapper#36 - Running post-command actions...
2024-10-09 04:58:45,411 INFO - ContAudITWrapper#36 - Analyzing current environment state...
2024-10-09 04:58:45,483 INFO - ContAudITWrapper#36 - Saving current environment state...
2024-10-09 04:58:45,483 INFO - ContAudITWrapper#36 - Environment state hash: a7ffc6f8bf1ed76651c14756a061d662f580ff4de43b49fa82d80a4b80f8434a
2024-10-09 04:58:45,484 INFO - ContAudITWrapper#36 - Checking environment diff...
2024-10-09 04:58:45,548 INFO - ContAudITWrapper#36 - Environment diff: 
2024-10-09 04:58:45,549 INFO - ContAudITWrapper#36 - Cleaning temporary files...
2024-10-09 04:58:45,601 INFO - ContAudITWrapper#36 - Sending to blockchain...
2024-10-09 04:58:51,301 INFO - ContAudITWrapper#36 - Response 
2024-10-09 04:58:51,321 INFO - ContAudITWrapper#36 - Finishing ContAudIT Wrapper...
