2024-10-09 04:57:47,035 INFO - ContAudITWrapper#37 - Initializing ContAudIT Wrapper...
2024-10-09 04:57:47,119 INFO - ContAudITWrapper#37 - Current directory: /home/ec2-user/Code/ufrgs-poc/contaudit-wrapper.jar
2024-10-09 04:57:59,149 INFO - ContAudITWrapper#37 - Wrapper hash: b7519188ed863d76e5199a8d880bb968bdf9124fad53b871583787e123a7a764
2024-10-09 04:57:59,251 INFO - ContAudITWrapper#37 - Validating Wrapper...
2024-10-09 04:58:34,392 INFO - ContAudITWrapper#37 - Response true
2024-10-09 04:58:34,444 INFO - ContAudITWrapper#37 - Application hash: e36ee2d35f8c4c41bd358782dfb3ac8852b40439d350ff27616f0c18819ce9bf
2024-10-09 04:58:34,458 INFO - ContAudITWrapper#37 - Validating Application...
2024-10-09 04:58:39,975 INFO - ContAudITWrapper#37 - Response true
2024-10-09 04:58:39,999 INFO - ContAudITWrapper#37 - Artifact apache2.workflow hash: bdb4cee855e21446b6ae53ddcb76a1632ef8c4545b5db0517e01ffd552157f6e
2024-10-09 04:58:40,055 INFO - ContAudITWrapper#37 - Validating Artifact...
2024-10-09 04:58:45,891 INFO - ContAudITWrapper#37 - Response true
2024-10-09 04:58:45,900 INFO - ContAudITWrapper#37 - Running pre-command actions...
2024-10-09 04:58:45,901 INFO - ContAudITWrapper#37 - Analyzing current environment state...
2024-10-09 04:58:45,987 INFO - ContAudITWrapper#37 - Saving current environment state...
2024-10-09 04:58:45,988 INFO - ContAudITWrapper#37 - Environment state hash: a7ffc6f8bf1ed76651c14756a061d662f580ff4de43b49fa82d80a4b80f8434a
2024-10-09 04:58:45,988 INFO - ContAudITWrapper#37 - Executing command...
2024-10-09 04:58:47,102 INFO - ContAudITWrapper#37 - Command output: 
2024-10-09 04:58:46.157957495 [executor] Initializing the workflow...
[apache2_workflow] Apache HTTP Server already installed.
[apache2_workflow] UserDir module already loaded.
[apache2_workflow] Configs to UserDir already exist.
[apache2_workflow] public_html directory already exists in /home/ec2-user.
[apache2_workflow] Creating a simple webpage...
[apache2_workflow] Moving webpage to Apache HTTP Server user website folder...
[apache2_workflow] Page moved successfully!
2024-10-09 04:58:47.085263518 [executor] Finished!

2024-10-09 04:58:47,102 INFO - ContAudITWrapper#37 - Running post-command actions...
2024-10-09 04:58:47,102 INFO - ContAudITWrapper#37 - Analyzing current environment state...
2024-10-09 04:58:47,186 INFO - ContAudITWrapper#37 - Saving current environment state...
2024-10-09 04:58:47,186 INFO - ContAudITWrapper#37 - Environment state hash: a7ffc6f8bf1ed76651c14756a061d662f580ff4de43b49fa82d80a4b80f8434a
2024-10-09 04:58:47,186 INFO - ContAudITWrapper#37 - Checking environment diff...
2024-10-09 04:58:47,301 INFO - ContAudITWrapper#37 - Environment diff: 
2024-10-09 04:58:47,302 INFO - ContAudITWrapper#37 - Cleaning temporary files...
2024-10-09 04:58:47,322 INFO - ContAudITWrapper#37 - Sending to blockchain...
2024-10-09 04:58:51,431 INFO - ContAudITWrapper#37 - Response 
2024-10-09 04:58:51,432 INFO - ContAudITWrapper#37 - Finishing ContAudIT Wrapper...
