2024-06-27 23:41:55,925 INFO - ContAudITWrapper#24 - Initializing ContAudIT Wrapper...
2024-06-27 23:41:55,965 INFO - ContAudITWrapper#24 - Current directory: /home/kali/Code/ufrgs-poc/contaudit-wrapper.jar
2024-06-27 23:42:04,101 INFO - ContAudITWrapper#24 - Wrapper hash: c76a1b1bb9edc25f91da61e17225b6709df7b63d34810aab1d42c0f930950c0b
2024-06-27 23:42:04,145 INFO - ContAudITWrapper#24 - Validating Wrapper...
2024-06-27 23:42:27,260 INFO - ContAudITWrapper#24 - Response true
2024-06-27 23:42:27,321 INFO - ContAudITWrapper#24 - Application hash: e36ee2d35f8c4c41bd358782dfb3ac8852b40439d350ff27616f0c18819ce9bf
2024-06-27 23:42:27,322 INFO - ContAudITWrapper#24 - Validating Application...
2024-06-27 23:42:34,507 INFO - ContAudITWrapper#24 - Response true
2024-06-27 23:42:34,512 INFO - ContAudITWrapper#24 - Artifact apache2.workflow hash: 94d5f6758492dbe0e869e1486907a86cb16f7931019b4acb0e7f38c98cf1b06d
2024-06-27 23:42:34,524 INFO - ContAudITWrapper#24 - Validating Artifact...
2024-06-27 23:42:39,492 INFO - ContAudITWrapper#24 - Response true
2024-06-27 23:42:39,503 INFO - ContAudITWrapper#24 - Running pre-command actions...
2024-06-27 23:42:39,504 INFO - ContAudITWrapper#24 - Analyzing current environment state...
2024-06-27 23:42:41,435 INFO - ContAudITWrapper#24 - Saving current environment state...
2024-06-27 23:42:41,438 INFO - ContAudITWrapper#24 - Environment state hash: 1776e4b78f696d486603e30cb7241013e927d69ca8030fa37e187c49ffd758cd
2024-06-27 23:42:41,439 INFO - ContAudITWrapper#24 - Executing command...
2024-06-27 23:42:41,780 INFO - ContAudITWrapper#24 - Command output: 
2024-06-27 23:42:41.523849001 [executor] Initializing the workflow...
[apache2_workflow] Create a simple webpage...
[apache2_workflow] Move webpage to Apache HTTP Server user website folder...
2024-06-27 23:42:41.779360152 [executor] Finished!

2024-06-27 23:42:41,781 INFO - ContAudITWrapper#24 - Running post-command actions...
2024-06-27 23:42:41,781 INFO - ContAudITWrapper#24 - Analyzing current environment state...
2024-06-27 23:42:42,149 INFO - ContAudITWrapper#24 - Saving current environment state...
2024-06-27 23:42:42,151 INFO - ContAudITWrapper#24 - Environment state hash: 1776e4b78f696d486603e30cb7241013e927d69ca8030fa37e187c49ffd758cd
2024-06-27 23:42:42,152 INFO - ContAudITWrapper#24 - Checking environment diff...
2024-06-27 23:42:42,299 INFO - ContAudITWrapper#24 - Environment diff: 
2024-06-27 23:42:42,299 INFO - ContAudITWrapper#24 - Cleaning temporary files...
2024-06-27 23:42:42,340 INFO - ContAudITWrapper#24 - Sending to blockchain...
2024-06-27 23:42:48,185 INFO - ContAudITWrapper#24 - Response 
2024-06-27 23:42:48,187 INFO - ContAudITWrapper#24 - Finishing ContAudIT Wrapper...
