2024-06-27 23:41:57,220 INFO - ContAudITWrapper#18 - Initializing ContAudIT Wrapper...
2024-06-27 23:41:57,286 INFO - ContAudITWrapper#18 - Current directory: /home/kali/Code/ufrgs-poc/contaudit-wrapper.jar
2024-06-27 23:42:03,164 INFO - ContAudITWrapper#18 - Wrapper hash: c76a1b1bb9edc25f91da61e17225b6709df7b63d34810aab1d42c0f930950c0b
2024-06-27 23:42:03,181 INFO - ContAudITWrapper#18 - Validating Wrapper...
2024-06-27 23:42:19,480 INFO - ContAudITWrapper#18 - Response true
2024-06-27 23:42:19,579 INFO - ContAudITWrapper#18 - Application hash: e36ee2d35f8c4c41bd358782dfb3ac8852b40439d350ff27616f0c18819ce9bf
2024-06-27 23:42:19,580 INFO - ContAudITWrapper#18 - Validating Application...
2024-06-27 23:42:23,526 INFO - ContAudITWrapper#18 - Response true
2024-06-27 23:42:23,539 INFO - ContAudITWrapper#18 - Artifact apache2.workflow hash: 94d5f6758492dbe0e869e1486907a86cb16f7931019b4acb0e7f38c98cf1b06d
2024-06-27 23:42:23,566 INFO - ContAudITWrapper#18 - Validating Artifact...
2024-06-27 23:42:26,124 INFO - ContAudITWrapper#18 - Response true
2024-06-27 23:42:26,138 INFO - ContAudITWrapper#18 - Running pre-command actions...
2024-06-27 23:42:26,140 INFO - ContAudITWrapper#18 - Analyzing current environment state...
2024-06-27 23:42:26,596 INFO - ContAudITWrapper#18 - Saving current environment state...
2024-06-27 23:42:26,618 INFO - ContAudITWrapper#18 - Environment state hash: 1776e4b78f696d486603e30cb7241013e927d69ca8030fa37e187c49ffd758cd
2024-06-27 23:42:26,623 INFO - ContAudITWrapper#18 - Executing command...
2024-06-27 23:42:27,116 INFO - ContAudITWrapper#18 - Command output: 
2024-06-27 23:42:26.687988732 [executor] Initializing the workflow...
[apache2_workflow] Create a simple webpage...
[apache2_workflow] Move webpage to Apache HTTP Server user website folder...
2024-06-27 23:42:27.114831467 [executor] Finished!

2024-06-27 23:42:27,117 INFO - ContAudITWrapper#18 - Running post-command actions...
2024-06-27 23:42:27,117 INFO - ContAudITWrapper#18 - Analyzing current environment state...
2024-06-27 23:42:27,585 INFO - ContAudITWrapper#18 - Saving current environment state...
2024-06-27 23:42:27,594 INFO - ContAudITWrapper#18 - Environment state hash: 1776e4b78f696d486603e30cb7241013e927d69ca8030fa37e187c49ffd758cd
2024-06-27 23:42:27,604 INFO - ContAudITWrapper#18 - Checking environment diff...
2024-06-27 23:42:27,697 INFO - ContAudITWrapper#18 - Environment diff: 
2024-06-27 23:42:27,698 INFO - ContAudITWrapper#18 - Cleaning temporary files...
2024-06-27 23:42:27,756 INFO - ContAudITWrapper#18 - Sending to blockchain...
2024-06-27 23:42:36,755 INFO - ContAudITWrapper#18 - Response 
2024-06-27 23:42:36,757 INFO - ContAudITWrapper#18 - Finishing ContAudIT Wrapper...
