2024-06-27 23:41:56,398 INFO - ContAudITWrapper#19 - Initializing ContAudIT Wrapper...
2024-06-27 23:41:56,471 INFO - ContAudITWrapper#19 - Current directory: /home/kali/Code/ufrgs-poc/contaudit-wrapper.jar
2024-06-27 23:42:03,450 INFO - ContAudITWrapper#19 - Wrapper hash: c76a1b1bb9edc25f91da61e17225b6709df7b63d34810aab1d42c0f930950c0b
2024-06-27 23:42:03,521 INFO - ContAudITWrapper#19 - Validating Wrapper...
2024-06-27 23:42:21,462 INFO - ContAudITWrapper#19 - Response true
2024-06-27 23:42:21,569 INFO - ContAudITWrapper#19 - Application hash: e36ee2d35f8c4c41bd358782dfb3ac8852b40439d350ff27616f0c18819ce9bf
2024-06-27 23:42:21,578 INFO - ContAudITWrapper#19 - Validating Application...
2024-06-27 23:42:26,755 INFO - ContAudITWrapper#19 - Response true
2024-06-27 23:42:26,844 INFO - ContAudITWrapper#19 - Artifact apache2.workflow hash: 94d5f6758492dbe0e869e1486907a86cb16f7931019b4acb0e7f38c98cf1b06d
2024-06-27 23:42:26,864 INFO - ContAudITWrapper#19 - Validating Artifact...
2024-06-27 23:42:29,444 INFO - ContAudITWrapper#19 - Response true
2024-06-27 23:42:29,465 INFO - ContAudITWrapper#19 - Running pre-command actions...
2024-06-27 23:42:29,466 INFO - ContAudITWrapper#19 - Analyzing current environment state...
2024-06-27 23:42:30,643 INFO - ContAudITWrapper#19 - Saving current environment state...
2024-06-27 23:42:30,650 INFO - ContAudITWrapper#19 - Environment state hash: 1776e4b78f696d486603e30cb7241013e927d69ca8030fa37e187c49ffd758cd
2024-06-27 23:42:30,651 INFO - ContAudITWrapper#19 - Executing command...
2024-06-27 23:42:31,141 INFO - ContAudITWrapper#19 - Command output: 
2024-06-27 23:42:30.749746788 [executor] Initializing the workflow...
[apache2_workflow] Create a simple webpage...
[apache2_workflow] Move webpage to Apache HTTP Server user website folder...
2024-06-27 23:42:31.140711637 [executor] Finished!

2024-06-27 23:42:31,142 INFO - ContAudITWrapper#19 - Running post-command actions...
2024-06-27 23:42:31,142 INFO - ContAudITWrapper#19 - Analyzing current environment state...
2024-06-27 23:42:31,474 INFO - ContAudITWrapper#19 - Saving current environment state...
2024-06-27 23:42:31,477 INFO - ContAudITWrapper#19 - Environment state hash: 1776e4b78f696d486603e30cb7241013e927d69ca8030fa37e187c49ffd758cd
2024-06-27 23:42:31,478 INFO - ContAudITWrapper#19 - Checking environment diff...
2024-06-27 23:42:31,599 INFO - ContAudITWrapper#19 - Environment diff: 
2024-06-27 23:42:31,599 INFO - ContAudITWrapper#19 - Cleaning temporary files...
2024-06-27 23:42:31,672 INFO - ContAudITWrapper#19 - Sending to blockchain...
2024-06-27 23:42:38,998 INFO - ContAudITWrapper#19 - Response 
2024-06-27 23:42:39,000 INFO - ContAudITWrapper#19 - Finishing ContAudIT Wrapper...
