2024-06-27 23:41:57,484 INFO - ContAudITWrapper#7 - Initializing ContAudIT Wrapper...
2024-06-27 23:41:57,550 INFO - ContAudITWrapper#7 - Current directory: /home/kali/Code/ufrgs-poc/contaudit-wrapper.jar
2024-06-27 23:42:11,090 INFO - ContAudITWrapper#7 - Wrapper hash: c76a1b1bb9edc25f91da61e17225b6709df7b63d34810aab1d42c0f930950c0b
2024-06-27 23:42:11,236 INFO - ContAudITWrapper#7 - Validating Wrapper...
2024-06-27 23:42:34,820 INFO - ContAudITWrapper#7 - Response true
2024-06-27 23:42:34,922 INFO - ContAudITWrapper#7 - Application hash: e36ee2d35f8c4c41bd358782dfb3ac8852b40439d350ff27616f0c18819ce9bf
2024-06-27 23:42:34,923 INFO - ContAudITWrapper#7 - Validating Application...
2024-06-27 23:42:39,212 INFO - ContAudITWrapper#7 - Response true
2024-06-27 23:42:39,230 INFO - ContAudITWrapper#7 - Artifact apache2.workflow hash: 94d5f6758492dbe0e869e1486907a86cb16f7931019b4acb0e7f38c98cf1b06d
2024-06-27 23:42:39,268 INFO - ContAudITWrapper#7 - Validating Artifact...
2024-06-27 23:42:45,605 INFO - ContAudITWrapper#7 - Response true
2024-06-27 23:42:45,609 INFO - ContAudITWrapper#7 - Running pre-command actions...
2024-06-27 23:42:45,610 INFO - ContAudITWrapper#7 - Analyzing current environment state...
2024-06-27 23:42:46,030 INFO - ContAudITWrapper#7 - Saving current environment state...
2024-06-27 23:42:46,052 INFO - ContAudITWrapper#7 - Environment state hash: 1776e4b78f696d486603e30cb7241013e927d69ca8030fa37e187c49ffd758cd
2024-06-27 23:42:46,052 INFO - ContAudITWrapper#7 - Executing command...
2024-06-27 23:42:46,331 INFO - ContAudITWrapper#7 - Command output: 
2024-06-27 23:42:46.142877387 [executor] Initializing the workflow...
[apache2_workflow] Create a simple webpage...
[apache2_workflow] Move webpage to Apache HTTP Server user website folder...
2024-06-27 23:42:46.319490908 [executor] Finished!

2024-06-27 23:42:46,331 INFO - ContAudITWrapper#7 - Running post-command actions...
2024-06-27 23:42:46,332 INFO - ContAudITWrapper#7 - Analyzing current environment state...
2024-06-27 23:42:46,703 INFO - ContAudITWrapper#7 - Saving current environment state...
2024-06-27 23:42:46,706 INFO - ContAudITWrapper#7 - Environment state hash: 1776e4b78f696d486603e30cb7241013e927d69ca8030fa37e187c49ffd758cd
2024-06-27 23:42:46,714 INFO - ContAudITWrapper#7 - Checking environment diff...
2024-06-27 23:42:46,727 INFO - ContAudITWrapper#7 - Environment diff: 
2024-06-27 23:42:46,727 INFO - ContAudITWrapper#7 - Cleaning temporary files...
2024-06-27 23:42:46,760 INFO - ContAudITWrapper#7 - Sending to blockchain...
2024-06-27 23:42:51,479 INFO - ContAudITWrapper#7 - Response 
2024-06-27 23:42:51,493 INFO - ContAudITWrapper#7 - Finishing ContAudIT Wrapper...
