2024-06-27 23:41:56,196 INFO - ContAudITWrapper#23 - Initializing ContAudIT Wrapper...
2024-06-27 23:41:56,312 INFO - ContAudITWrapper#23 - Current directory: /home/kali/Code/ufrgs-poc/contaudit-wrapper.jar
2024-06-27 23:42:05,583 INFO - ContAudITWrapper#23 - Wrapper hash: c76a1b1bb9edc25f91da61e17225b6709df7b63d34810aab1d42c0f930950c0b
2024-06-27 23:42:05,596 INFO - ContAudITWrapper#23 - Validating Wrapper...
2024-06-27 23:42:27,888 INFO - ContAudITWrapper#23 - Response true
2024-06-27 23:42:27,974 INFO - ContAudITWrapper#23 - Application hash: e36ee2d35f8c4c41bd358782dfb3ac8852b40439d350ff27616f0c18819ce9bf
2024-06-27 23:42:27,986 INFO - ContAudITWrapper#23 - Validating Application...
2024-06-27 23:42:35,689 INFO - ContAudITWrapper#23 - Response true
2024-06-27 23:42:35,697 INFO - ContAudITWrapper#23 - Artifact apache2.workflow hash: 94d5f6758492dbe0e869e1486907a86cb16f7931019b4acb0e7f38c98cf1b06d
2024-06-27 23:42:35,727 INFO - ContAudITWrapper#23 - Validating Artifact...
2024-06-27 23:42:41,165 INFO - ContAudITWrapper#23 - Response true
2024-06-27 23:42:41,178 INFO - ContAudITWrapper#23 - Running pre-command actions...
2024-06-27 23:42:41,180 INFO - ContAudITWrapper#23 - Analyzing current environment state...
2024-06-27 23:42:42,394 INFO - ContAudITWrapper#23 - Saving current environment state...
2024-06-27 23:42:42,397 INFO - ContAudITWrapper#23 - Environment state hash: 1776e4b78f696d486603e30cb7241013e927d69ca8030fa37e187c49ffd758cd
2024-06-27 23:42:42,419 INFO - ContAudITWrapper#23 - Executing command...
2024-06-27 23:42:42,922 INFO - ContAudITWrapper#23 - Command output: 
2024-06-27 23:42:42.522194399 [executor] Initializing the workflow...
[apache2_workflow] Create a simple webpage...
[apache2_workflow] Move webpage to Apache HTTP Server user website folder...
2024-06-27 23:42:42.903664004 [executor] Finished!

2024-06-27 23:42:42,923 INFO - ContAudITWrapper#23 - Running post-command actions...
2024-06-27 23:42:42,923 INFO - ContAudITWrapper#23 - Analyzing current environment state...
2024-06-27 23:42:43,789 INFO - ContAudITWrapper#23 - Saving current environment state...
2024-06-27 23:42:43,791 INFO - ContAudITWrapper#23 - Environment state hash: 1776e4b78f696d486603e30cb7241013e927d69ca8030fa37e187c49ffd758cd
2024-06-27 23:42:43,792 INFO - ContAudITWrapper#23 - Checking environment diff...
2024-06-27 23:42:43,843 INFO - ContAudITWrapper#23 - Environment diff: 
2024-06-27 23:42:43,846 INFO - ContAudITWrapper#23 - Cleaning temporary files...
2024-06-27 23:42:43,912 INFO - ContAudITWrapper#23 - Sending to blockchain...
2024-06-27 23:42:51,434 INFO - ContAudITWrapper#23 - Response 
2024-06-27 23:42:51,451 INFO - ContAudITWrapper#23 - Finishing ContAudIT Wrapper...
