2024-06-27 23:41:58,032 INFO - ContAudITWrapper#11 - Initializing ContAudIT Wrapper...
2024-06-27 23:41:58,161 INFO - ContAudITWrapper#11 - Current directory: /home/kali/Code/ufrgs-poc/contaudit-wrapper.jar
2024-06-27 23:42:06,672 INFO - ContAudITWrapper#11 - Wrapper hash: c76a1b1bb9edc25f91da61e17225b6709df7b63d34810aab1d42c0f930950c0b
2024-06-27 23:42:06,692 INFO - ContAudITWrapper#11 - Validating Wrapper...
2024-06-27 23:42:28,861 INFO - ContAudITWrapper#11 - Response true
2024-06-27 23:42:28,940 INFO - ContAudITWrapper#11 - Application hash: e36ee2d35f8c4c41bd358782dfb3ac8852b40439d350ff27616f0c18819ce9bf
2024-06-27 23:42:28,948 INFO - ContAudITWrapper#11 - Validating Application...
2024-06-27 23:42:33,369 INFO - ContAudITWrapper#11 - Response true
2024-06-27 23:42:33,385 INFO - ContAudITWrapper#11 - Artifact apache2.workflow hash: 94d5f6758492dbe0e869e1486907a86cb16f7931019b4acb0e7f38c98cf1b06d
2024-06-27 23:42:33,394 INFO - ContAudITWrapper#11 - Validating Artifact...
2024-06-27 23:42:38,248 INFO - ContAudITWrapper#11 - Response true
2024-06-27 23:42:38,273 INFO - ContAudITWrapper#11 - Running pre-command actions...
2024-06-27 23:42:38,275 INFO - ContAudITWrapper#11 - Analyzing current environment state...
2024-06-27 23:42:38,948 INFO - ContAudITWrapper#11 - Saving current environment state...
2024-06-27 23:42:38,970 INFO - ContAudITWrapper#11 - Environment state hash: 1776e4b78f696d486603e30cb7241013e927d69ca8030fa37e187c49ffd758cd
2024-06-27 23:42:38,971 INFO - ContAudITWrapper#11 - Executing command...
2024-06-27 23:42:39,564 INFO - ContAudITWrapper#11 - Command output: 
2024-06-27 23:42:39.179834853 [executor] Initializing the workflow...
[apache2_workflow] Create a simple webpage...
[apache2_workflow] Move webpage to Apache HTTP Server user website folder...
2024-06-27 23:42:39.559564596 [executor] Finished!

2024-06-27 23:42:39,564 INFO - ContAudITWrapper#11 - Running post-command actions...
2024-06-27 23:42:39,565 INFO - ContAudITWrapper#11 - Analyzing current environment state...
2024-06-27 23:42:41,171 INFO - ContAudITWrapper#11 - Saving current environment state...
2024-06-27 23:42:41,174 INFO - ContAudITWrapper#11 - Environment state hash: 1776e4b78f696d486603e30cb7241013e927d69ca8030fa37e187c49ffd758cd
2024-06-27 23:42:41,175 INFO - ContAudITWrapper#11 - Checking environment diff...
2024-06-27 23:42:41,248 INFO - ContAudITWrapper#11 - Environment diff: 
2024-06-27 23:42:41,248 INFO - ContAudITWrapper#11 - Cleaning temporary files...
2024-06-27 23:42:41,291 INFO - ContAudITWrapper#11 - Sending to blockchain...
2024-06-27 23:42:51,496 INFO - ContAudITWrapper#11 - Response 
2024-06-27 23:42:51,497 INFO - ContAudITWrapper#11 - Finishing ContAudIT Wrapper...
