2024-06-27 23:41:56,292 INFO - ContAudITWrapper#4 - Initializing ContAudIT Wrapper...
2024-06-27 23:41:56,348 INFO - ContAudITWrapper#4 - Current directory: /home/kali/Code/ufrgs-poc/contaudit-wrapper.jar
2024-06-27 23:42:03,714 INFO - ContAudITWrapper#4 - Wrapper hash: c76a1b1bb9edc25f91da61e17225b6709df7b63d34810aab1d42c0f930950c0b
2024-06-27 23:42:03,766 INFO - ContAudITWrapper#4 - Validating Wrapper...
2024-06-27 23:42:22,307 INFO - ContAudITWrapper#4 - Response true
2024-06-27 23:42:22,387 INFO - ContAudITWrapper#4 - Application hash: e36ee2d35f8c4c41bd358782dfb3ac8852b40439d350ff27616f0c18819ce9bf
2024-06-27 23:42:22,388 INFO - ContAudITWrapper#4 - Validating Application...
2024-06-27 23:42:25,461 INFO - ContAudITWrapper#4 - Response true
2024-06-27 23:42:25,471 INFO - ContAudITWrapper#4 - Artifact apache2.workflow hash: 94d5f6758492dbe0e869e1486907a86cb16f7931019b4acb0e7f38c98cf1b06d
2024-06-27 23:42:25,495 INFO - ContAudITWrapper#4 - Validating Artifact...
2024-06-27 23:42:31,552 INFO - ContAudITWrapper#4 - Response true
2024-06-27 23:42:31,573 INFO - ContAudITWrapper#4 - Running pre-command actions...
2024-06-27 23:42:31,577 INFO - ContAudITWrapper#4 - Analyzing current environment state...
2024-06-27 23:42:32,989 INFO - ContAudITWrapper#4 - Saving current environment state...
2024-06-27 23:42:32,993 INFO - ContAudITWrapper#4 - Environment state hash: 1776e4b78f696d486603e30cb7241013e927d69ca8030fa37e187c49ffd758cd
2024-06-27 23:42:32,993 INFO - ContAudITWrapper#4 - Executing command...
2024-06-27 23:42:33,498 INFO - ContAudITWrapper#4 - Command output: 
2024-06-27 23:42:33.112707519 [executor] Initializing the workflow...
[apache2_workflow] Create a simple webpage...
[apache2_workflow] Move webpage to Apache HTTP Server user website folder...
2024-06-27 23:42:33.497365007 [executor] Finished!

2024-06-27 23:42:33,498 INFO - ContAudITWrapper#4 - Running post-command actions...
2024-06-27 23:42:33,498 INFO - ContAudITWrapper#4 - Analyzing current environment state...
2024-06-27 23:42:34,011 INFO - ContAudITWrapper#4 - Saving current environment state...
2024-06-27 23:42:34,014 INFO - ContAudITWrapper#4 - Environment state hash: 1776e4b78f696d486603e30cb7241013e927d69ca8030fa37e187c49ffd758cd
2024-06-27 23:42:34,015 INFO - ContAudITWrapper#4 - Checking environment diff...
2024-06-27 23:42:34,040 INFO - ContAudITWrapper#4 - Environment diff: 
2024-06-27 23:42:34,041 INFO - ContAudITWrapper#4 - Cleaning temporary files...
2024-06-27 23:42:34,125 INFO - ContAudITWrapper#4 - Sending to blockchain...
2024-06-27 23:42:47,481 INFO - ContAudITWrapper#4 - Response 
2024-06-27 23:42:47,522 INFO - ContAudITWrapper#4 - Finishing ContAudIT Wrapper...
