2024-06-27 23:41:57,574 INFO - ContAudITWrapper#2 - Initializing ContAudIT Wrapper...
2024-06-27 23:41:57,635 INFO - ContAudITWrapper#2 - Current directory: /home/kali/Code/ufrgs-poc/contaudit-wrapper.jar
2024-06-27 23:42:04,809 INFO - ContAudITWrapper#2 - Wrapper hash: c76a1b1bb9edc25f91da61e17225b6709df7b63d34810aab1d42c0f930950c0b
2024-06-27 23:42:04,822 INFO - ContAudITWrapper#2 - Validating Wrapper...
2024-06-27 23:42:24,999 INFO - ContAudITWrapper#2 - Response true
2024-06-27 23:42:25,056 INFO - ContAudITWrapper#2 - Application hash: e36ee2d35f8c4c41bd358782dfb3ac8852b40439d350ff27616f0c18819ce9bf
2024-06-27 23:42:25,091 INFO - ContAudITWrapper#2 - Validating Application...
2024-06-27 23:42:31,399 INFO - ContAudITWrapper#2 - Response true
2024-06-27 23:42:31,424 INFO - ContAudITWrapper#2 - Artifact apache2.workflow hash: 94d5f6758492dbe0e869e1486907a86cb16f7931019b4acb0e7f38c98cf1b06d
2024-06-27 23:42:31,439 INFO - ContAudITWrapper#2 - Validating Artifact...
2024-06-27 23:42:37,024 INFO - ContAudITWrapper#2 - Response true
2024-06-27 23:42:37,037 INFO - ContAudITWrapper#2 - Running pre-command actions...
2024-06-27 23:42:37,039 INFO - ContAudITWrapper#2 - Analyzing current environment state...
2024-06-27 23:42:37,655 INFO - ContAudITWrapper#2 - Saving current environment state...
2024-06-27 23:42:37,699 INFO - ContAudITWrapper#2 - Environment state hash: 1776e4b78f696d486603e30cb7241013e927d69ca8030fa37e187c49ffd758cd
2024-06-27 23:42:37,699 INFO - ContAudITWrapper#2 - Executing command...
2024-06-27 23:42:38,393 INFO - ContAudITWrapper#2 - Command output: 
2024-06-27 23:42:37.783104844 [executor] Initializing the workflow...
[apache2_workflow] Create a simple webpage...
[apache2_workflow] Move webpage to Apache HTTP Server user website folder...
2024-06-27 23:42:38.392009644 [executor] Finished!

2024-06-27 23:42:38,395 INFO - ContAudITWrapper#2 - Running post-command actions...
2024-06-27 23:42:38,396 INFO - ContAudITWrapper#2 - Analyzing current environment state...
2024-06-27 23:42:39,337 INFO - ContAudITWrapper#2 - Saving current environment state...
2024-06-27 23:42:39,346 INFO - ContAudITWrapper#2 - Environment state hash: 1776e4b78f696d486603e30cb7241013e927d69ca8030fa37e187c49ffd758cd
2024-06-27 23:42:39,347 INFO - ContAudITWrapper#2 - Checking environment diff...
2024-06-27 23:42:39,439 INFO - ContAudITWrapper#2 - Environment diff: 
2024-06-27 23:42:39,439 INFO - ContAudITWrapper#2 - Cleaning temporary files...
2024-06-27 23:42:39,483 INFO - ContAudITWrapper#2 - Sending to blockchain...
2024-06-27 23:42:48,303 INFO - ContAudITWrapper#2 - Response 
2024-06-27 23:42:48,305 INFO - ContAudITWrapper#2 - Finishing ContAudIT Wrapper...
