2024-06-27 23:41:57,456 INFO - ContAudITWrapper#20 - Initializing ContAudIT Wrapper...
2024-06-27 23:41:57,504 INFO - ContAudITWrapper#20 - Current directory: /home/kali/Code/ufrgs-poc/contaudit-wrapper.jar
2024-06-27 23:42:07,399 INFO - ContAudITWrapper#20 - Wrapper hash: c76a1b1bb9edc25f91da61e17225b6709df7b63d34810aab1d42c0f930950c0b
2024-06-27 23:42:07,422 INFO - ContAudITWrapper#20 - Validating Wrapper...
2024-06-27 23:42:34,103 INFO - ContAudITWrapper#20 - Response true
2024-06-27 23:42:34,278 INFO - ContAudITWrapper#20 - Application hash: e36ee2d35f8c4c41bd358782dfb3ac8852b40439d350ff27616f0c18819ce9bf
2024-06-27 23:42:34,279 INFO - ContAudITWrapper#20 - Validating Application...
2024-06-27 23:42:40,815 INFO - ContAudITWrapper#20 - Response true
2024-06-27 23:42:40,820 INFO - ContAudITWrapper#20 - Artifact apache2.workflow hash: 94d5f6758492dbe0e869e1486907a86cb16f7931019b4acb0e7f38c98cf1b06d
2024-06-27 23:42:40,830 INFO - ContAudITWrapper#20 - Validating Artifact...
2024-06-27 23:42:44,113 INFO - ContAudITWrapper#20 - Response true
2024-06-27 23:42:44,141 INFO - ContAudITWrapper#20 - Running pre-command actions...
2024-06-27 23:42:44,143 INFO - ContAudITWrapper#20 - Analyzing current environment state...
2024-06-27 23:42:45,048 INFO - ContAudITWrapper#20 - Saving current environment state...
2024-06-27 23:42:45,053 INFO - ContAudITWrapper#20 - Environment state hash: 1776e4b78f696d486603e30cb7241013e927d69ca8030fa37e187c49ffd758cd
2024-06-27 23:42:45,053 INFO - ContAudITWrapper#20 - Executing command...
2024-06-27 23:42:45,478 INFO - ContAudITWrapper#20 - Command output: 
2024-06-27 23:42:45.190731725 [executor] Initializing the workflow...
[apache2_workflow] Create a simple webpage...
[apache2_workflow] Move webpage to Apache HTTP Server user website folder...
2024-06-27 23:42:45.472702640 [executor] Finished!

2024-06-27 23:42:45,479 INFO - ContAudITWrapper#20 - Running post-command actions...
2024-06-27 23:42:45,479 INFO - ContAudITWrapper#20 - Analyzing current environment state...
2024-06-27 23:42:45,812 INFO - ContAudITWrapper#20 - Saving current environment state...
2024-06-27 23:42:45,816 INFO - ContAudITWrapper#20 - Environment state hash: 1776e4b78f696d486603e30cb7241013e927d69ca8030fa37e187c49ffd758cd
2024-06-27 23:42:45,817 INFO - ContAudITWrapper#20 - Checking environment diff...
2024-06-27 23:42:45,859 INFO - ContAudITWrapper#20 - Environment diff: 
2024-06-27 23:42:45,860 INFO - ContAudITWrapper#20 - Cleaning temporary files...
2024-06-27 23:42:45,900 INFO - ContAudITWrapper#20 - Sending to blockchain...
2024-06-27 23:42:51,434 INFO - ContAudITWrapper#20 - Response 
2024-06-27 23:42:51,438 INFO - ContAudITWrapper#20 - Finishing ContAudIT Wrapper...
