2024-10-11 04:36:34,081 INFO - ContAudITWrapper#20 - Initializing ContAudIT Wrapper...
2024-10-11 04:36:34,299 INFO - ContAudITWrapper#20 - Current directory: /home/ec2-user/Code/ufrgs-poc/contaudit-wrapper.jar
2024-10-11 04:36:51,183 INFO - ContAudITWrapper#20 - Wrapper hash: b7519188ed863d76e5199a8d880bb968bdf9124fad53b871583787e123a7a764
2024-10-11 04:36:51,208 INFO - ContAudITWrapper#20 - Validating Wrapper...
2024-10-11 04:37:38,520 INFO - ContAudITWrapper#20 - Response true
2024-10-11 04:37:38,696 INFO - ContAudITWrapper#20 - Application hash: e36ee2d35f8c4c41bd358782dfb3ac8852b40439d350ff27616f0c18819ce9bf
2024-10-11 04:37:38,726 INFO - ContAudITWrapper#20 - Validating Application...
2024-10-11 04:37:55,501 INFO - ContAudITWrapper#20 - Response true
2024-10-11 04:37:55,512 INFO - ContAudITWrapper#20 - Artifact apache2.workflow hash: bdb4cee855e21446b6ae53ddcb76a1632ef8c4545b5db0517e01ffd552157f6e
2024-10-11 04:37:55,580 INFO - ContAudITWrapper#20 - Validating Artifact...
2024-10-11 04:38:13,108 INFO - ContAudITWrapper#20 - Response true
2024-10-11 04:38:13,109 INFO - ContAudITWrapper#20 - Running pre-command actions...
2024-10-11 04:38:13,110 INFO - ContAudITWrapper#20 - Analyzing current environment state...
2024-10-11 04:38:13,319 INFO - ContAudITWrapper#20 - Saving current environment state...
2024-10-11 04:38:13,320 INFO - ContAudITWrapper#20 - Environment state hash: a7ffc6f8bf1ed76651c14756a061d662f580ff4de43b49fa82d80a4b80f8434a
2024-10-11 04:38:13,320 INFO - ContAudITWrapper#20 - Executing command...
2024-10-11 04:38:14,798 INFO - ContAudITWrapper#20 - Command output: 
2024-10-11 04:38:13.542502773 [executor] Initializing the workflow...
[apache2_workflow] Apache HTTP Server already installed.
[apache2_workflow] UserDir module already loaded.
[apache2_workflow] Configs to UserDir already exist.
[apache2_workflow] public_html directory already exists in /home/ec2-user.
[apache2_workflow] Creating a simple webpage...
[apache2_workflow] Moving webpage to Apache HTTP Server user website folder...
[apache2_workflow] Page moved successfully!
2024-10-11 04:38:14.796753300 [executor] Finished!

2024-10-11 04:38:14,798 INFO - ContAudITWrapper#20 - Running post-command actions...
2024-10-11 04:38:14,798 INFO - ContAudITWrapper#20 - Analyzing current environment state...
2024-10-11 04:38:14,970 INFO - ContAudITWrapper#20 - Saving current environment state...
2024-10-11 04:38:14,970 INFO - ContAudITWrapper#20 - Environment state hash: a7ffc6f8bf1ed76651c14756a061d662f580ff4de43b49fa82d80a4b80f8434a
2024-10-11 04:38:14,970 INFO - ContAudITWrapper#20 - Checking environment diff...
2024-10-11 04:38:14,994 INFO - ContAudITWrapper#20 - Environment diff: 
2024-10-11 04:38:14,994 INFO - ContAudITWrapper#20 - Cleaning temporary files...
2024-10-11 04:38:15,070 INFO - ContAudITWrapper#20 - Sending to blockchain...
2024-10-11 04:38:34,414 INFO - ContAudITWrapper#20 - Response 
2024-10-11 04:38:34,416 INFO - ContAudITWrapper#20 - Finishing ContAudIT Wrapper...
