2024-10-11 04:36:34,104 INFO - ContAudITWrapper#10 - Initializing ContAudIT Wrapper...
2024-10-11 04:36:34,365 INFO - ContAudITWrapper#10 - Current directory: /home/ec2-user/Code/ufrgs-poc/contaudit-wrapper.jar
2024-10-11 04:36:56,257 INFO - ContAudITWrapper#10 - Wrapper hash: b7519188ed863d76e5199a8d880bb968bdf9124fad53b871583787e123a7a764
2024-10-11 04:36:56,270 INFO - ContAudITWrapper#10 - Validating Wrapper...
2024-10-11 04:38:06,886 INFO - ContAudITWrapper#10 - Response true
2024-10-11 04:38:06,943 INFO - ContAudITWrapper#10 - Application hash: e36ee2d35f8c4c41bd358782dfb3ac8852b40439d350ff27616f0c18819ce9bf
2024-10-11 04:38:06,944 INFO - ContAudITWrapper#10 - Validating Application...
2024-10-11 04:38:19,952 INFO - ContAudITWrapper#10 - Response true
2024-10-11 04:38:19,963 INFO - ContAudITWrapper#10 - Artifact apache2.workflow hash: bdb4cee855e21446b6ae53ddcb76a1632ef8c4545b5db0517e01ffd552157f6e
2024-10-11 04:38:20,073 INFO - ContAudITWrapper#10 - Validating Artifact...
2024-10-11 04:38:32,406 INFO - ContAudITWrapper#10 - Response true
2024-10-11 04:38:32,411 INFO - ContAudITWrapper#10 - Running pre-command actions...
2024-10-11 04:38:32,412 INFO - ContAudITWrapper#10 - Analyzing current environment state...
2024-10-11 04:38:32,640 INFO - ContAudITWrapper#10 - Saving current environment state...
2024-10-11 04:38:32,641 INFO - ContAudITWrapper#10 - Environment state hash: a7ffc6f8bf1ed76651c14756a061d662f580ff4de43b49fa82d80a4b80f8434a
2024-10-11 04:38:32,641 INFO - ContAudITWrapper#10 - Executing command...
2024-10-11 04:38:33,863 INFO - ContAudITWrapper#10 - Command output: 
2024-10-11 04:38:32.795168412 [executor] Initializing the workflow...
[apache2_workflow] Apache HTTP Server already installed.
[apache2_workflow] UserDir module already loaded.
[apache2_workflow] Configs to UserDir already exist.
[apache2_workflow] public_html directory already exists in /home/ec2-user.
[apache2_workflow] Creating a simple webpage...
[apache2_workflow] Moving webpage to Apache HTTP Server user website folder...
[apache2_workflow] Page moved successfully!
2024-10-11 04:38:33.860994805 [executor] Finished!

2024-10-11 04:38:33,863 INFO - ContAudITWrapper#10 - Running post-command actions...
2024-10-11 04:38:33,863 INFO - ContAudITWrapper#10 - Analyzing current environment state...
2024-10-11 04:38:34,126 INFO - ContAudITWrapper#10 - Saving current environment state...
2024-10-11 04:38:34,127 INFO - ContAudITWrapper#10 - Environment state hash: a7ffc6f8bf1ed76651c14756a061d662f580ff4de43b49fa82d80a4b80f8434a
2024-10-11 04:38:34,127 INFO - ContAudITWrapper#10 - Checking environment diff...
2024-10-11 04:38:34,235 INFO - ContAudITWrapper#10 - Environment diff: 
2024-10-11 04:38:34,235 INFO - ContAudITWrapper#10 - Cleaning temporary files...
2024-10-11 04:38:34,290 INFO - ContAudITWrapper#10 - Sending to blockchain...
2024-10-11 04:38:47,144 INFO - ContAudITWrapper#10 - Response 
2024-10-11 04:38:47,145 INFO - ContAudITWrapper#10 - Finishing ContAudIT Wrapper...
