2024-10-11 04:36:34,705 INFO - ContAudITWrapper#49 - Initializing ContAudIT Wrapper...
2024-10-11 04:36:34,908 INFO - ContAudITWrapper#49 - Current directory: /home/ec2-user/Code/ufrgs-poc/contaudit-wrapper.jar
2024-10-11 04:36:57,316 INFO - ContAudITWrapper#49 - Wrapper hash: b7519188ed863d76e5199a8d880bb968bdf9124fad53b871583787e123a7a764
2024-10-11 04:36:57,397 INFO - ContAudITWrapper#49 - Validating Wrapper...
2024-10-11 04:38:05,466 INFO - ContAudITWrapper#49 - Response true
2024-10-11 04:38:05,563 INFO - ContAudITWrapper#49 - Application hash: e36ee2d35f8c4c41bd358782dfb3ac8852b40439d350ff27616f0c18819ce9bf
2024-10-11 04:38:05,750 INFO - ContAudITWrapper#49 - Validating Application...
2024-10-11 04:38:21,144 INFO - ContAudITWrapper#49 - Response true
2024-10-11 04:38:21,155 INFO - ContAudITWrapper#49 - Artifact apache2.workflow hash: bdb4cee855e21446b6ae53ddcb76a1632ef8c4545b5db0517e01ffd552157f6e
2024-10-11 04:38:21,204 INFO - ContAudITWrapper#49 - Validating Artifact...
2024-10-11 04:38:34,707 INFO - ContAudITWrapper#49 - Response true
2024-10-11 04:38:34,717 INFO - ContAudITWrapper#49 - Running pre-command actions...
2024-10-11 04:38:34,718 INFO - ContAudITWrapper#49 - Analyzing current environment state...
2024-10-11 04:38:34,878 INFO - ContAudITWrapper#49 - Saving current environment state...
2024-10-11 04:38:34,879 INFO - ContAudITWrapper#49 - Environment state hash: a7ffc6f8bf1ed76651c14756a061d662f580ff4de43b49fa82d80a4b80f8434a
2024-10-11 04:38:34,879 INFO - ContAudITWrapper#49 - Executing command...
2024-10-11 04:38:35,890 INFO - ContAudITWrapper#49 - Command output: 
2024-10-11 04:38:34.988568962 [executor] Initializing the workflow...
[apache2_workflow] Apache HTTP Server already installed.
[apache2_workflow] UserDir module already loaded.
[apache2_workflow] Configs to UserDir already exist.
[apache2_workflow] public_html directory already exists in /home/ec2-user.
[apache2_workflow] Creating a simple webpage...
[apache2_workflow] Moving webpage to Apache HTTP Server user website folder...
[apache2_workflow] Page moved successfully!
2024-10-11 04:38:35.887352364 [executor] Finished!

2024-10-11 04:38:35,891 INFO - ContAudITWrapper#49 - Running post-command actions...
2024-10-11 04:38:35,891 INFO - ContAudITWrapper#49 - Analyzing current environment state...
2024-10-11 04:38:36,030 INFO - ContAudITWrapper#49 - Saving current environment state...
2024-10-11 04:38:36,031 INFO - ContAudITWrapper#49 - Environment state hash: a7ffc6f8bf1ed76651c14756a061d662f580ff4de43b49fa82d80a4b80f8434a
2024-10-11 04:38:36,031 INFO - ContAudITWrapper#49 - Checking environment diff...
2024-10-11 04:38:36,090 INFO - ContAudITWrapper#49 - Environment diff: 
2024-10-11 04:38:36,090 INFO - ContAudITWrapper#49 - Cleaning temporary files...
2024-10-11 04:38:36,099 INFO - ContAudITWrapper#49 - Sending to blockchain...
2024-10-11 04:38:45,904 INFO - ContAudITWrapper#49 - Response 
2024-10-11 04:38:45,906 INFO - ContAudITWrapper#49 - Finishing ContAudIT Wrapper...
