2024-10-11 04:36:34,949 INFO - ContAudITWrapper#51 - Initializing ContAudIT Wrapper...
2024-10-11 04:36:35,116 INFO - ContAudITWrapper#51 - Current directory: /home/ec2-user/Code/ufrgs-poc/contaudit-wrapper.jar
2024-10-11 04:36:59,618 INFO - ContAudITWrapper#51 - Wrapper hash: b7519188ed863d76e5199a8d880bb968bdf9124fad53b871583787e123a7a764
2024-10-11 04:36:59,627 INFO - ContAudITWrapper#51 - Validating Wrapper...
2024-10-11 04:38:10,403 INFO - ContAudITWrapper#51 - Response true
2024-10-11 04:38:10,441 INFO - ContAudITWrapper#51 - Application hash: e36ee2d35f8c4c41bd358782dfb3ac8852b40439d350ff27616f0c18819ce9bf
2024-10-11 04:38:10,442 INFO - ContAudITWrapper#51 - Validating Application...
2024-10-11 04:38:21,743 INFO - ContAudITWrapper#51 - Response true
2024-10-11 04:38:21,751 INFO - ContAudITWrapper#51 - Artifact apache2.workflow hash: bdb4cee855e21446b6ae53ddcb76a1632ef8c4545b5db0517e01ffd552157f6e
2024-10-11 04:38:21,838 INFO - ContAudITWrapper#51 - Validating Artifact...
2024-10-11 04:38:37,008 INFO - ContAudITWrapper#51 - Response true
2024-10-11 04:38:37,019 INFO - ContAudITWrapper#51 - Running pre-command actions...
2024-10-11 04:38:37,020 INFO - ContAudITWrapper#51 - Analyzing current environment state...
2024-10-11 04:38:37,303 INFO - ContAudITWrapper#51 - Saving current environment state...
2024-10-11 04:38:37,304 INFO - ContAudITWrapper#51 - Environment state hash: a7ffc6f8bf1ed76651c14756a061d662f580ff4de43b49fa82d80a4b80f8434a
2024-10-11 04:38:37,304 INFO - ContAudITWrapper#51 - Executing command...
2024-10-11 04:38:38,696 INFO - ContAudITWrapper#51 - Command output: 
2024-10-11 04:38:37.516115208 [executor] Initializing the workflow...
[apache2_workflow] Apache HTTP Server already installed.
[apache2_workflow] UserDir module already loaded.
[apache2_workflow] Configs to UserDir already exist.
[apache2_workflow] public_html directory already exists in /home/ec2-user.
[apache2_workflow] Creating a simple webpage...
[apache2_workflow] Moving webpage to Apache HTTP Server user website folder...
[apache2_workflow] Page moved successfully!
2024-10-11 04:38:38.695971514 [executor] Finished!

2024-10-11 04:38:38,697 INFO - ContAudITWrapper#51 - Running post-command actions...
2024-10-11 04:38:38,697 INFO - ContAudITWrapper#51 - Analyzing current environment state...
2024-10-11 04:38:38,826 INFO - ContAudITWrapper#51 - Saving current environment state...
2024-10-11 04:38:38,826 INFO - ContAudITWrapper#51 - Environment state hash: a7ffc6f8bf1ed76651c14756a061d662f580ff4de43b49fa82d80a4b80f8434a
2024-10-11 04:38:38,827 INFO - ContAudITWrapper#51 - Checking environment diff...
2024-10-11 04:38:38,876 INFO - ContAudITWrapper#51 - Environment diff: 
2024-10-11 04:38:38,877 INFO - ContAudITWrapper#51 - Cleaning temporary files...
2024-10-11 04:38:38,912 INFO - ContAudITWrapper#51 - Sending to blockchain...
2024-10-11 04:38:49,523 INFO - ContAudITWrapper#51 - Response 
2024-10-11 04:38:49,525 INFO - ContAudITWrapper#51 - Finishing ContAudIT Wrapper...
