2024-10-11 04:36:34,466 INFO - ContAudITWrapper#55 - Initializing ContAudIT Wrapper...
2024-10-11 04:36:34,689 INFO - ContAudITWrapper#55 - Current directory: /home/ec2-user/Code/ufrgs-poc/contaudit-wrapper.jar
2024-10-11 04:36:59,810 INFO - ContAudITWrapper#55 - Wrapper hash: b7519188ed863d76e5199a8d880bb968bdf9124fad53b871583787e123a7a764
2024-10-11 04:37:00,056 INFO - ContAudITWrapper#55 - Validating Wrapper...
2024-10-11 04:38:09,586 INFO - ContAudITWrapper#55 - Response true
2024-10-11 04:38:09,706 INFO - ContAudITWrapper#55 - Application hash: e36ee2d35f8c4c41bd358782dfb3ac8852b40439d350ff27616f0c18819ce9bf
2024-10-11 04:38:09,707 INFO - ContAudITWrapper#55 - Validating Application...
2024-10-11 04:38:23,773 INFO - ContAudITWrapper#55 - Response true
2024-10-11 04:38:23,795 INFO - ContAudITWrapper#55 - Artifact apache2.workflow hash: bdb4cee855e21446b6ae53ddcb76a1632ef8c4545b5db0517e01ffd552157f6e
2024-10-11 04:38:23,825 INFO - ContAudITWrapper#55 - Validating Artifact...
2024-10-11 04:38:36,975 INFO - ContAudITWrapper#55 - Response true
2024-10-11 04:38:36,981 INFO - ContAudITWrapper#55 - Running pre-command actions...
2024-10-11 04:38:36,982 INFO - ContAudITWrapper#55 - Analyzing current environment state...
2024-10-11 04:38:37,222 INFO - ContAudITWrapper#55 - Saving current environment state...
2024-10-11 04:38:37,273 INFO - ContAudITWrapper#55 - Environment state hash: a7ffc6f8bf1ed76651c14756a061d662f580ff4de43b49fa82d80a4b80f8434a
2024-10-11 04:38:37,273 INFO - ContAudITWrapper#55 - Executing command...
2024-10-11 04:38:38,612 INFO - ContAudITWrapper#55 - Command output: 
2024-10-11 04:38:37.466342994 [executor] Initializing the workflow...
[apache2_workflow] Apache HTTP Server already installed.
[apache2_workflow] UserDir module already loaded.
[apache2_workflow] Configs to UserDir already exist.
[apache2_workflow] public_html directory already exists in /home/ec2-user.
[apache2_workflow] Creating a simple webpage...
[apache2_workflow] Moving webpage to Apache HTTP Server user website folder...
[apache2_workflow] Page moved successfully!
2024-10-11 04:38:38.610703594 [executor] Finished!

2024-10-11 04:38:38,612 INFO - ContAudITWrapper#55 - Running post-command actions...
2024-10-11 04:38:38,612 INFO - ContAudITWrapper#55 - Analyzing current environment state...
2024-10-11 04:38:38,719 INFO - ContAudITWrapper#55 - Saving current environment state...
2024-10-11 04:38:38,720 INFO - ContAudITWrapper#55 - Environment state hash: a7ffc6f8bf1ed76651c14756a061d662f580ff4de43b49fa82d80a4b80f8434a
2024-10-11 04:38:38,720 INFO - ContAudITWrapper#55 - Checking environment diff...
2024-10-11 04:38:38,829 INFO - ContAudITWrapper#55 - Environment diff: 
2024-10-11 04:38:38,829 INFO - ContAudITWrapper#55 - Cleaning temporary files...
2024-10-11 04:38:38,943 INFO - ContAudITWrapper#55 - Sending to blockchain...
2024-10-11 04:38:49,319 INFO - ContAudITWrapper#55 - Response 
2024-10-11 04:38:49,320 INFO - ContAudITWrapper#55 - Finishing ContAudIT Wrapper...
