2024-10-11 04:36:34,882 INFO - ContAudITWrapper#88 - Initializing ContAudIT Wrapper...
2024-10-11 04:36:35,106 INFO - ContAudITWrapper#88 - Current directory: /home/ec2-user/Code/ufrgs-poc/contaudit-wrapper.jar
2024-10-11 04:36:58,357 INFO - ContAudITWrapper#88 - Wrapper hash: b7519188ed863d76e5199a8d880bb968bdf9124fad53b871583787e123a7a764
2024-10-11 04:36:58,483 INFO - ContAudITWrapper#88 - Validating Wrapper...
2024-10-11 04:38:12,490 INFO - ContAudITWrapper#88 - Response true
2024-10-11 04:38:12,801 INFO - ContAudITWrapper#88 - Application hash: e36ee2d35f8c4c41bd358782dfb3ac8852b40439d350ff27616f0c18819ce9bf
2024-10-11 04:38:12,833 INFO - ContAudITWrapper#88 - Validating Application...
2024-10-11 04:38:25,285 INFO - ContAudITWrapper#88 - Response true
2024-10-11 04:38:25,305 INFO - ContAudITWrapper#88 - Artifact apache2.workflow hash: bdb4cee855e21446b6ae53ddcb76a1632ef8c4545b5db0517e01ffd552157f6e
2024-10-11 04:38:25,326 INFO - ContAudITWrapper#88 - Validating Artifact...
2024-10-11 04:38:39,756 INFO - ContAudITWrapper#88 - Response true
2024-10-11 04:38:39,768 INFO - ContAudITWrapper#88 - Running pre-command actions...
2024-10-11 04:38:39,769 INFO - ContAudITWrapper#88 - Analyzing current environment state...
2024-10-11 04:38:40,040 INFO - ContAudITWrapper#88 - Saving current environment state...
2024-10-11 04:38:40,041 INFO - ContAudITWrapper#88 - Environment state hash: a7ffc6f8bf1ed76651c14756a061d662f580ff4de43b49fa82d80a4b80f8434a
2024-10-11 04:38:40,041 INFO - ContAudITWrapper#88 - Executing command...
2024-10-11 04:38:41,241 INFO - ContAudITWrapper#88 - Command output: 
2024-10-11 04:38:40.236462207 [executor] Initializing the workflow...
[apache2_workflow] Apache HTTP Server already installed.
[apache2_workflow] UserDir module already loaded.
[apache2_workflow] Configs to UserDir already exist.
[apache2_workflow] public_html directory already exists in /home/ec2-user.
[apache2_workflow] Creating a simple webpage...
[apache2_workflow] Moving webpage to Apache HTTP Server user website folder...
[apache2_workflow] Page moved successfully!
2024-10-11 04:38:41.240483159 [executor] Finished!

2024-10-11 04:38:41,241 INFO - ContAudITWrapper#88 - Running post-command actions...
2024-10-11 04:38:41,241 INFO - ContAudITWrapper#88 - Analyzing current environment state...
2024-10-11 04:38:41,434 INFO - ContAudITWrapper#88 - Saving current environment state...
2024-10-11 04:38:41,435 INFO - ContAudITWrapper#88 - Environment state hash: a7ffc6f8bf1ed76651c14756a061d662f580ff4de43b49fa82d80a4b80f8434a
2024-10-11 04:38:41,435 INFO - ContAudITWrapper#88 - Checking environment diff...
2024-10-11 04:38:41,494 INFO - ContAudITWrapper#88 - Environment diff: 
2024-10-11 04:38:41,495 INFO - ContAudITWrapper#88 - Cleaning temporary files...
2024-10-11 04:38:41,639 INFO - ContAudITWrapper#88 - Sending to blockchain...
2024-10-11 04:38:49,626 INFO - ContAudITWrapper#88 - Response 
2024-10-11 04:38:49,628 INFO - ContAudITWrapper#88 - Finishing ContAudIT Wrapper...
