2024-10-11 04:36:34,866 INFO - ContAudITWrapper#96 - Initializing ContAudIT Wrapper...
2024-10-11 04:36:35,041 INFO - ContAudITWrapper#96 - Current directory: /home/ec2-user/Code/ufrgs-poc/contaudit-wrapper.jar
2024-10-11 04:36:57,633 INFO - ContAudITWrapper#96 - Wrapper hash: b7519188ed863d76e5199a8d880bb968bdf9124fad53b871583787e123a7a764
2024-10-11 04:36:57,641 INFO - ContAudITWrapper#96 - Validating Wrapper...
2024-10-11 04:38:05,119 INFO - ContAudITWrapper#96 - Response true
2024-10-11 04:38:05,413 INFO - ContAudITWrapper#96 - Application hash: e36ee2d35f8c4c41bd358782dfb3ac8852b40439d350ff27616f0c18819ce9bf
2024-10-11 04:38:05,530 INFO - ContAudITWrapper#96 - Validating Application...
2024-10-11 04:38:20,967 INFO - ContAudITWrapper#96 - Response true
2024-10-11 04:38:20,976 INFO - ContAudITWrapper#96 - Artifact apache2.workflow hash: bdb4cee855e21446b6ae53ddcb76a1632ef8c4545b5db0517e01ffd552157f6e
2024-10-11 04:38:20,995 INFO - ContAudITWrapper#96 - Validating Artifact...
2024-10-11 04:38:26,849 INFO - ContAudITWrapper#96 - Response true
2024-10-11 04:38:26,864 INFO - ContAudITWrapper#96 - Running pre-command actions...
2024-10-11 04:38:26,865 INFO - ContAudITWrapper#96 - Analyzing current environment state...
2024-10-11 04:38:27,190 INFO - ContAudITWrapper#96 - Saving current environment state...
2024-10-11 04:38:27,191 INFO - ContAudITWrapper#96 - Environment state hash: a7ffc6f8bf1ed76651c14756a061d662f580ff4de43b49fa82d80a4b80f8434a
2024-10-11 04:38:27,191 INFO - ContAudITWrapper#96 - Executing command...
2024-10-11 04:38:28,491 INFO - ContAudITWrapper#96 - Command output: 
2024-10-11 04:38:27.351493501 [executor] Initializing the workflow...
[apache2_workflow] Apache HTTP Server already installed.
[apache2_workflow] UserDir module already loaded.
[apache2_workflow] Configs to UserDir already exist.
[apache2_workflow] public_html directory already exists in /home/ec2-user.
[apache2_workflow] Creating a simple webpage...
[apache2_workflow] Moving webpage to Apache HTTP Server user website folder...
[apache2_workflow] Page moved successfully!
2024-10-11 04:38:28.423392530 [executor] Finished!

2024-10-11 04:38:28,491 INFO - ContAudITWrapper#96 - Running post-command actions...
2024-10-11 04:38:28,491 INFO - ContAudITWrapper#96 - Analyzing current environment state...
2024-10-11 04:38:28,623 INFO - ContAudITWrapper#96 - Saving current environment state...
2024-10-11 04:38:28,623 INFO - ContAudITWrapper#96 - Environment state hash: a7ffc6f8bf1ed76651c14756a061d662f580ff4de43b49fa82d80a4b80f8434a
2024-10-11 04:38:28,624 INFO - ContAudITWrapper#96 - Checking environment diff...
2024-10-11 04:38:28,739 INFO - ContAudITWrapper#96 - Environment diff: 
2024-10-11 04:38:28,739 INFO - ContAudITWrapper#96 - Cleaning temporary files...
2024-10-11 04:38:28,890 INFO - ContAudITWrapper#96 - Sending to blockchain...
2024-10-11 04:38:42,518 INFO - ContAudITWrapper#96 - Response 
2024-10-11 04:38:42,520 INFO - ContAudITWrapper#96 - Finishing ContAudIT Wrapper...
