2024-10-11 04:36:32,158 INFO - ContAudITWrapper#97 - Initializing ContAudIT Wrapper...
2024-10-11 04:36:32,471 INFO - ContAudITWrapper#97 - Current directory: /home/ec2-user/Code/ufrgs-poc/contaudit-wrapper.jar
2024-10-11 04:36:58,077 INFO - ContAudITWrapper#97 - Wrapper hash: b7519188ed863d76e5199a8d880bb968bdf9124fad53b871583787e123a7a764
2024-10-11 04:36:58,221 INFO - ContAudITWrapper#97 - Validating Wrapper...
2024-10-11 04:38:10,381 INFO - ContAudITWrapper#97 - Response true
2024-10-11 04:38:10,631 INFO - ContAudITWrapper#97 - Application hash: e36ee2d35f8c4c41bd358782dfb3ac8852b40439d350ff27616f0c18819ce9bf
2024-10-11 04:38:10,669 INFO - ContAudITWrapper#97 - Validating Application...
2024-10-11 04:38:24,969 INFO - ContAudITWrapper#97 - Response true
2024-10-11 04:38:24,995 INFO - ContAudITWrapper#97 - Artifact apache2.workflow hash: bdb4cee855e21446b6ae53ddcb76a1632ef8c4545b5db0517e01ffd552157f6e
2024-10-11 04:38:25,030 INFO - ContAudITWrapper#97 - Validating Artifact...
2024-10-11 04:38:38,087 INFO - ContAudITWrapper#97 - Response true
2024-10-11 04:38:38,250 INFO - ContAudITWrapper#97 - Running pre-command actions...
2024-10-11 04:38:38,251 INFO - ContAudITWrapper#97 - Analyzing current environment state...
2024-10-11 04:38:38,451 INFO - ContAudITWrapper#97 - Saving current environment state...
2024-10-11 04:38:38,453 INFO - ContAudITWrapper#97 - Environment state hash: a7ffc6f8bf1ed76651c14756a061d662f580ff4de43b49fa82d80a4b80f8434a
2024-10-11 04:38:38,454 INFO - ContAudITWrapper#97 - Executing command...
2024-10-11 04:38:39,666 INFO - ContAudITWrapper#97 - Command output: 
2024-10-11 04:38:38.514397312 [executor] Initializing the workflow...
[apache2_workflow] Apache HTTP Server already installed.
[apache2_workflow] UserDir module already loaded.
[apache2_workflow] Configs to UserDir already exist.
[apache2_workflow] public_html directory already exists in /home/ec2-user.
[apache2_workflow] Creating a simple webpage...
[apache2_workflow] Moving webpage to Apache HTTP Server user website folder...
[apache2_workflow] Page moved successfully!
2024-10-11 04:38:39.664343645 [executor] Finished!

2024-10-11 04:38:39,666 INFO - ContAudITWrapper#97 - Running post-command actions...
2024-10-11 04:38:39,666 INFO - ContAudITWrapper#97 - Analyzing current environment state...
2024-10-11 04:38:39,761 INFO - ContAudITWrapper#97 - Saving current environment state...
2024-10-11 04:38:39,762 INFO - ContAudITWrapper#97 - Environment state hash: a7ffc6f8bf1ed76651c14756a061d662f580ff4de43b49fa82d80a4b80f8434a
2024-10-11 04:38:39,762 INFO - ContAudITWrapper#97 - Checking environment diff...
2024-10-11 04:38:39,876 INFO - ContAudITWrapper#97 - Environment diff: 
2024-10-11 04:38:39,876 INFO - ContAudITWrapper#97 - Cleaning temporary files...
2024-10-11 04:38:39,901 INFO - ContAudITWrapper#97 - Sending to blockchain...
2024-10-11 04:38:49,663 INFO - ContAudITWrapper#97 - Response 
2024-10-11 04:38:49,665 INFO - ContAudITWrapper#97 - Finishing ContAudIT Wrapper...
