2024-10-11 04:36:34,562 INFO - ContAudITWrapper#82 - Initializing ContAudIT Wrapper...
2024-10-11 04:36:34,813 INFO - ContAudITWrapper#82 - Current directory: /home/ec2-user/Code/ufrgs-poc/contaudit-wrapper.jar
2024-10-11 04:36:57,900 INFO - ContAudITWrapper#82 - Wrapper hash: b7519188ed863d76e5199a8d880bb968bdf9124fad53b871583787e123a7a764
2024-10-11 04:36:57,967 INFO - ContAudITWrapper#82 - Validating Wrapper...
2024-10-11 04:38:04,890 INFO - ContAudITWrapper#82 - Response true
2024-10-11 04:38:04,957 INFO - ContAudITWrapper#82 - Application hash: e36ee2d35f8c4c41bd358782dfb3ac8852b40439d350ff27616f0c18819ce9bf
2024-10-11 04:38:05,050 INFO - ContAudITWrapper#82 - Validating Application...
2024-10-11 04:38:15,947 INFO - ContAudITWrapper#82 - Response true
2024-10-11 04:38:15,957 INFO - ContAudITWrapper#82 - Artifact apache2.workflow hash: bdb4cee855e21446b6ae53ddcb76a1632ef8c4545b5db0517e01ffd552157f6e
2024-10-11 04:38:16,090 INFO - ContAudITWrapper#82 - Validating Artifact...
2024-10-11 04:38:30,467 INFO - ContAudITWrapper#82 - Response true
2024-10-11 04:38:30,471 INFO - ContAudITWrapper#82 - Running pre-command actions...
2024-10-11 04:38:30,472 INFO - ContAudITWrapper#82 - Analyzing current environment state...
2024-10-11 04:38:30,631 INFO - ContAudITWrapper#82 - Saving current environment state...
2024-10-11 04:38:30,632 INFO - ContAudITWrapper#82 - Environment state hash: a7ffc6f8bf1ed76651c14756a061d662f580ff4de43b49fa82d80a4b80f8434a
2024-10-11 04:38:30,633 INFO - ContAudITWrapper#82 - Executing command...
2024-10-11 04:38:31,915 INFO - ContAudITWrapper#82 - Command output: 
2024-10-11 04:38:30.886829268 [executor] Initializing the workflow...
[apache2_workflow] Apache HTTP Server already installed.
[apache2_workflow] UserDir module already loaded.
[apache2_workflow] Configs to UserDir already exist.
[apache2_workflow] public_html directory already exists in /home/ec2-user.
[apache2_workflow] Creating a simple webpage...
[apache2_workflow] Moving webpage to Apache HTTP Server user website folder...
[apache2_workflow] Page moved successfully!
2024-10-11 04:38:31.913086060 [executor] Finished!

2024-10-11 04:38:31,916 INFO - ContAudITWrapper#82 - Running post-command actions...
2024-10-11 04:38:31,916 INFO - ContAudITWrapper#82 - Analyzing current environment state...
2024-10-11 04:38:32,090 INFO - ContAudITWrapper#82 - Saving current environment state...
2024-10-11 04:38:32,091 INFO - ContAudITWrapper#82 - Environment state hash: a7ffc6f8bf1ed76651c14756a061d662f580ff4de43b49fa82d80a4b80f8434a
2024-10-11 04:38:32,091 INFO - ContAudITWrapper#82 - Checking environment diff...
2024-10-11 04:38:32,196 INFO - ContAudITWrapper#82 - Environment diff: 
2024-10-11 04:38:32,196 INFO - ContAudITWrapper#82 - Cleaning temporary files...
2024-10-11 04:38:32,242 INFO - ContAudITWrapper#82 - Sending to blockchain...
2024-10-11 04:38:47,249 INFO - ContAudITWrapper#82 - Response 
2024-10-11 04:38:47,250 INFO - ContAudITWrapper#82 - Finishing ContAudIT Wrapper...
