2024-10-11 04:36:33,011 INFO - ContAudITWrapper#73 - Initializing ContAudIT Wrapper...
2024-10-11 04:36:33,307 INFO - ContAudITWrapper#73 - Current directory: /home/ec2-user/Code/ufrgs-poc/contaudit-wrapper.jar
2024-10-11 04:36:55,752 INFO - ContAudITWrapper#73 - Wrapper hash: b7519188ed863d76e5199a8d880bb968bdf9124fad53b871583787e123a7a764
2024-10-11 04:36:55,838 INFO - ContAudITWrapper#73 - Validating Wrapper...
2024-10-11 04:37:59,927 INFO - ContAudITWrapper#73 - Response true
2024-10-11 04:38:00,121 INFO - ContAudITWrapper#73 - Application hash: e36ee2d35f8c4c41bd358782dfb3ac8852b40439d350ff27616f0c18819ce9bf
2024-10-11 04:38:00,122 INFO - ContAudITWrapper#73 - Validating Application...
2024-10-11 04:38:13,544 INFO - ContAudITWrapper#73 - Response true
2024-10-11 04:38:13,570 INFO - ContAudITWrapper#73 - Artifact apache2.workflow hash: bdb4cee855e21446b6ae53ddcb76a1632ef8c4545b5db0517e01ffd552157f6e
2024-10-11 04:38:13,647 INFO - ContAudITWrapper#73 - Validating Artifact...
2024-10-11 04:38:25,177 INFO - ContAudITWrapper#73 - Response true
2024-10-11 04:38:25,186 INFO - ContAudITWrapper#73 - Running pre-command actions...
2024-10-11 04:38:25,187 INFO - ContAudITWrapper#73 - Analyzing current environment state...
2024-10-11 04:38:25,434 INFO - ContAudITWrapper#73 - Saving current environment state...
2024-10-11 04:38:25,435 INFO - ContAudITWrapper#73 - Environment state hash: a7ffc6f8bf1ed76651c14756a061d662f580ff4de43b49fa82d80a4b80f8434a
2024-10-11 04:38:25,435 INFO - ContAudITWrapper#73 - Executing command...
2024-10-11 04:38:26,635 INFO - ContAudITWrapper#73 - Command output: 
2024-10-11 04:38:25.671119457 [executor] Initializing the workflow...
[apache2_workflow] Apache HTTP Server already installed.
[apache2_workflow] UserDir module already loaded.
[apache2_workflow] Configs to UserDir already exist.
[apache2_workflow] public_html directory already exists in /home/ec2-user.
[apache2_workflow] Creating a simple webpage...
[apache2_workflow] Moving webpage to Apache HTTP Server user website folder...
[apache2_workflow] Page moved successfully!
2024-10-11 04:38:26.634525360 [executor] Finished!

2024-10-11 04:38:26,635 INFO - ContAudITWrapper#73 - Running post-command actions...
2024-10-11 04:38:26,635 INFO - ContAudITWrapper#73 - Analyzing current environment state...
2024-10-11 04:38:26,759 INFO - ContAudITWrapper#73 - Saving current environment state...
2024-10-11 04:38:26,759 INFO - ContAudITWrapper#73 - Environment state hash: a7ffc6f8bf1ed76651c14756a061d662f580ff4de43b49fa82d80a4b80f8434a
2024-10-11 04:38:26,759 INFO - ContAudITWrapper#73 - Checking environment diff...
2024-10-11 04:38:26,922 INFO - ContAudITWrapper#73 - Environment diff: 
2024-10-11 04:38:26,923 INFO - ContAudITWrapper#73 - Cleaning temporary files...
2024-10-11 04:38:26,955 INFO - ContAudITWrapper#73 - Sending to blockchain...
2024-10-11 04:38:44,507 INFO - ContAudITWrapper#73 - Response 
2024-10-11 04:38:44,509 INFO - ContAudITWrapper#73 - Finishing ContAudIT Wrapper...
