2024-10-11 04:36:31,913 INFO - ContAudITWrapper#2 - Initializing ContAudIT Wrapper...
2024-10-11 04:36:32,194 INFO - ContAudITWrapper#2 - Current directory: /home/ec2-user/Code/ufrgs-poc/contaudit-wrapper.jar
2024-10-11 04:36:57,525 INFO - ContAudITWrapper#2 - Wrapper hash: b7519188ed863d76e5199a8d880bb968bdf9124fad53b871583787e123a7a764
2024-10-11 04:36:57,645 INFO - ContAudITWrapper#2 - Validating Wrapper...
2024-10-11 04:38:07,588 INFO - ContAudITWrapper#2 - Response true
2024-10-11 04:38:07,967 INFO - ContAudITWrapper#2 - Application hash: e36ee2d35f8c4c41bd358782dfb3ac8852b40439d350ff27616f0c18819ce9bf
2024-10-11 04:38:07,968 INFO - ContAudITWrapper#2 - Validating Application...
2024-10-11 04:38:21,655 INFO - ContAudITWrapper#2 - Response true
2024-10-11 04:38:21,673 INFO - ContAudITWrapper#2 - Artifact apache2.workflow hash: bdb4cee855e21446b6ae53ddcb76a1632ef8c4545b5db0517e01ffd552157f6e
2024-10-11 04:38:21,763 INFO - ContAudITWrapper#2 - Validating Artifact...
2024-10-11 04:38:33,007 INFO - ContAudITWrapper#2 - Response true
2024-10-11 04:38:33,024 INFO - ContAudITWrapper#2 - Running pre-command actions...
2024-10-11 04:38:33,025 INFO - ContAudITWrapper#2 - Analyzing current environment state...
2024-10-11 04:38:33,303 INFO - ContAudITWrapper#2 - Saving current environment state...
2024-10-11 04:38:33,304 INFO - ContAudITWrapper#2 - Environment state hash: a7ffc6f8bf1ed76651c14756a061d662f580ff4de43b49fa82d80a4b80f8434a
2024-10-11 04:38:33,305 INFO - ContAudITWrapper#2 - Executing command...
2024-10-11 04:38:35,263 INFO - ContAudITWrapper#2 - Command output: 
2024-10-11 04:38:33.471502417 [executor] Initializing the workflow...
[apache2_workflow] Apache HTTP Server already installed.
[apache2_workflow] UserDir module already loaded.
[apache2_workflow] Configs to UserDir already exist.
[apache2_workflow] public_html directory already exists in /home/ec2-user.
[apache2_workflow] Creating a simple webpage...
[apache2_workflow] Moving webpage to Apache HTTP Server user website folder...
[apache2_workflow] Page moved successfully!
2024-10-11 04:38:35.262758502 [executor] Finished!

2024-10-11 04:38:35,264 INFO - ContAudITWrapper#2 - Running post-command actions...
2024-10-11 04:38:35,264 INFO - ContAudITWrapper#2 - Analyzing current environment state...
2024-10-11 04:38:35,424 INFO - ContAudITWrapper#2 - Saving current environment state...
2024-10-11 04:38:35,424 INFO - ContAudITWrapper#2 - Environment state hash: a7ffc6f8bf1ed76651c14756a061d662f580ff4de43b49fa82d80a4b80f8434a
2024-10-11 04:38:35,424 INFO - ContAudITWrapper#2 - Checking environment diff...
2024-10-11 04:38:35,532 INFO - ContAudITWrapper#2 - Environment diff: 
2024-10-11 04:38:35,532 INFO - ContAudITWrapper#2 - Cleaning temporary files...
2024-10-11 04:38:35,611 INFO - ContAudITWrapper#2 - Sending to blockchain...
2024-10-11 04:38:48,200 INFO - ContAudITWrapper#2 - Response 
2024-10-11 04:38:48,210 INFO - ContAudITWrapper#2 - Finishing ContAudIT Wrapper...
