2024-10-11 04:36:34,473 INFO - ContAudITWrapper#50 - Initializing ContAudIT Wrapper...
2024-10-11 04:36:34,627 INFO - ContAudITWrapper#50 - Current directory: /home/ec2-user/Code/ufrgs-poc/contaudit-wrapper.jar
2024-10-11 04:36:57,649 INFO - ContAudITWrapper#50 - Wrapper hash: b7519188ed863d76e5199a8d880bb968bdf9124fad53b871583787e123a7a764
2024-10-11 04:36:57,721 INFO - ContAudITWrapper#50 - Validating Wrapper...
2024-10-11 04:38:07,684 INFO - ContAudITWrapper#50 - Response true
2024-10-11 04:38:07,890 INFO - ContAudITWrapper#50 - Application hash: e36ee2d35f8c4c41bd358782dfb3ac8852b40439d350ff27616f0c18819ce9bf
2024-10-11 04:38:07,891 INFO - ContAudITWrapper#50 - Validating Application...
2024-10-11 04:38:22,184 INFO - ContAudITWrapper#50 - Response true
2024-10-11 04:38:22,204 INFO - ContAudITWrapper#50 - Artifact apache2.workflow hash: bdb4cee855e21446b6ae53ddcb76a1632ef8c4545b5db0517e01ffd552157f6e
2024-10-11 04:38:22,246 INFO - ContAudITWrapper#50 - Validating Artifact...
2024-10-11 04:38:33,127 INFO - ContAudITWrapper#50 - Response true
2024-10-11 04:38:33,132 INFO - ContAudITWrapper#50 - Running pre-command actions...
2024-10-11 04:38:33,133 INFO - ContAudITWrapper#50 - Analyzing current environment state...
2024-10-11 04:38:33,272 INFO - ContAudITWrapper#50 - Saving current environment state...
2024-10-11 04:38:33,273 INFO - ContAudITWrapper#50 - Environment state hash: a7ffc6f8bf1ed76651c14756a061d662f580ff4de43b49fa82d80a4b80f8434a
2024-10-11 04:38:33,273 INFO - ContAudITWrapper#50 - Executing command...
2024-10-11 04:38:34,562 INFO - ContAudITWrapper#50 - Command output: 
2024-10-11 04:38:33.372302413 [executor] Initializing the workflow...
[apache2_workflow] Apache HTTP Server already installed.
[apache2_workflow] UserDir module already loaded.
[apache2_workflow] Configs to UserDir already exist.
[apache2_workflow] public_html directory already exists in /home/ec2-user.
[apache2_workflow] Creating a simple webpage...
[apache2_workflow] Moving webpage to Apache HTTP Server user website folder...
[apache2_workflow] Page moved successfully!
2024-10-11 04:38:34.561872959 [executor] Finished!

2024-10-11 04:38:34,563 INFO - ContAudITWrapper#50 - Running post-command actions...
2024-10-11 04:38:34,563 INFO - ContAudITWrapper#50 - Analyzing current environment state...
2024-10-11 04:38:34,702 INFO - ContAudITWrapper#50 - Saving current environment state...
2024-10-11 04:38:34,703 INFO - ContAudITWrapper#50 - Environment state hash: a7ffc6f8bf1ed76651c14756a061d662f580ff4de43b49fa82d80a4b80f8434a
2024-10-11 04:38:34,703 INFO - ContAudITWrapper#50 - Checking environment diff...
2024-10-11 04:38:34,737 INFO - ContAudITWrapper#50 - Environment diff: 
2024-10-11 04:38:34,737 INFO - ContAudITWrapper#50 - Cleaning temporary files...
2024-10-11 04:38:34,790 INFO - ContAudITWrapper#50 - Sending to blockchain...
2024-10-11 04:38:48,644 INFO - ContAudITWrapper#50 - Response 
2024-10-11 04:38:48,646 INFO - ContAudITWrapper#50 - Finishing ContAudIT Wrapper...
