2024-10-11 04:36:34,966 INFO - ContAudITWrapper#66 - Initializing ContAudIT Wrapper...
2024-10-11 04:36:35,137 INFO - ContAudITWrapper#66 - Current directory: /home/ec2-user/Code/ufrgs-poc/contaudit-wrapper.jar
2024-10-11 04:36:57,421 INFO - ContAudITWrapper#66 - Wrapper hash: b7519188ed863d76e5199a8d880bb968bdf9124fad53b871583787e123a7a764
2024-10-11 04:36:57,474 INFO - ContAudITWrapper#66 - Validating Wrapper...
2024-10-11 04:38:05,138 INFO - ContAudITWrapper#66 - Response true
2024-10-11 04:38:05,543 INFO - ContAudITWrapper#66 - Application hash: e36ee2d35f8c4c41bd358782dfb3ac8852b40439d350ff27616f0c18819ce9bf
2024-10-11 04:38:05,544 INFO - ContAudITWrapper#66 - Validating Application...
2024-10-11 04:38:18,587 INFO - ContAudITWrapper#66 - Response true
2024-10-11 04:38:18,603 INFO - ContAudITWrapper#66 - Artifact apache2.workflow hash: bdb4cee855e21446b6ae53ddcb76a1632ef8c4545b5db0517e01ffd552157f6e
2024-10-11 04:38:18,626 INFO - ContAudITWrapper#66 - Validating Artifact...
2024-10-11 04:38:28,928 INFO - ContAudITWrapper#66 - Response true
2024-10-11 04:38:29,007 INFO - ContAudITWrapper#66 - Running pre-command actions...
2024-10-11 04:38:29,009 INFO - ContAudITWrapper#66 - Analyzing current environment state...
2024-10-11 04:38:29,259 INFO - ContAudITWrapper#66 - Saving current environment state...
2024-10-11 04:38:29,260 INFO - ContAudITWrapper#66 - Environment state hash: a7ffc6f8bf1ed76651c14756a061d662f580ff4de43b49fa82d80a4b80f8434a
2024-10-11 04:38:29,260 INFO - ContAudITWrapper#66 - Executing command...
2024-10-11 04:38:30,980 INFO - ContAudITWrapper#66 - Command output: 
2024-10-11 04:38:29.437134995 [executor] Initializing the workflow...
[apache2_workflow] Apache HTTP Server already installed.
[apache2_workflow] UserDir module already loaded.
[apache2_workflow] Configs to UserDir already exist.
[apache2_workflow] public_html directory already exists in /home/ec2-user.
[apache2_workflow] Creating a simple webpage...
[apache2_workflow] Moving webpage to Apache HTTP Server user website folder...
[apache2_workflow] Page moved successfully!
2024-10-11 04:38:30.977273255 [executor] Finished!

2024-10-11 04:38:30,981 INFO - ContAudITWrapper#66 - Running post-command actions...
2024-10-11 04:38:30,981 INFO - ContAudITWrapper#66 - Analyzing current environment state...
2024-10-11 04:38:31,087 INFO - ContAudITWrapper#66 - Saving current environment state...
2024-10-11 04:38:31,087 INFO - ContAudITWrapper#66 - Environment state hash: a7ffc6f8bf1ed76651c14756a061d662f580ff4de43b49fa82d80a4b80f8434a
2024-10-11 04:38:31,087 INFO - ContAudITWrapper#66 - Checking environment diff...
2024-10-11 04:38:31,128 INFO - ContAudITWrapper#66 - Environment diff: 
2024-10-11 04:38:31,128 INFO - ContAudITWrapper#66 - Cleaning temporary files...
2024-10-11 04:38:31,163 INFO - ContAudITWrapper#66 - Sending to blockchain...
2024-10-11 04:38:42,650 INFO - ContAudITWrapper#66 - Response 
2024-10-11 04:38:42,652 INFO - ContAudITWrapper#66 - Finishing ContAudIT Wrapper...
