2024-06-24 00:02:24,029 INFO - ContAudITWrapper#6 - Initializing ContAudIT Wrapper...
2024-06-24 00:02:24,064 INFO - ContAudITWrapper#6 - Current directory: /home/kali/Code/ufrgs-poc/contaudit-wrapper.jar
2024-06-24 00:02:27,624 INFO - ContAudITWrapper#6 - Wrapper hash: c76a1b1bb9edc25f91da61e17225b6709df7b63d34810aab1d42c0f930950c0b
2024-06-24 00:02:27,640 INFO - ContAudITWrapper#6 - Validating Wrapper...
2024-06-24 00:02:40,919 INFO - ContAudITWrapper#6 - Response true
2024-06-24 00:02:41,003 INFO - ContAudITWrapper#6 - Application hash: e36ee2d35f8c4c41bd358782dfb3ac8852b40439d350ff27616f0c18819ce9bf
2024-06-24 00:02:41,016 INFO - ContAudITWrapper#6 - Validating Application...
2024-06-24 00:02:43,987 INFO - ContAudITWrapper#6 - Response true
2024-06-24 00:02:43,997 INFO - ContAudITWrapper#6 - Artifact apache2.workflow hash: 94d5f6758492dbe0e869e1486907a86cb16f7931019b4acb0e7f38c98cf1b06d
2024-06-24 00:02:44,012 INFO - ContAudITWrapper#6 - Validating Artifact...
2024-06-24 00:02:45,941 INFO - ContAudITWrapper#6 - Response true
2024-06-24 00:02:45,970 INFO - ContAudITWrapper#6 - Running pre-command actions...
2024-06-24 00:02:45,987 INFO - ContAudITWrapper#6 - Analyzing current environment state...
2024-06-24 00:02:46,288 INFO - ContAudITWrapper#6 - Saving current environment state...
2024-06-24 00:02:46,300 INFO - ContAudITWrapper#6 - Environment state hash: 1776e4b78f696d486603e30cb7241013e927d69ca8030fa37e187c49ffd758cd
2024-06-24 00:02:46,309 INFO - ContAudITWrapper#6 - Executing command...
2024-06-24 00:02:46,553 INFO - ContAudITWrapper#6 - Command output: 
2024-06-24 00:02:46.374566889 [executor] Initializing the workflow...
[apache2_workflow] Create a simple webpage...
[apache2_workflow] Move webpage to Apache HTTP Server user website folder...
2024-06-24 00:02:46.552881679 [executor] Finished!

2024-06-24 00:02:46,554 INFO - ContAudITWrapper#6 - Running post-command actions...
2024-06-24 00:02:46,554 INFO - ContAudITWrapper#6 - Analyzing current environment state...
2024-06-24 00:02:46,780 INFO - ContAudITWrapper#6 - Saving current environment state...
2024-06-24 00:02:46,787 INFO - ContAudITWrapper#6 - Environment state hash: 1776e4b78f696d486603e30cb7241013e927d69ca8030fa37e187c49ffd758cd
2024-06-24 00:02:46,788 INFO - ContAudITWrapper#6 - Checking environment diff...
2024-06-24 00:02:46,811 INFO - ContAudITWrapper#6 - Environment diff: 
2024-06-24 00:02:46,812 INFO - ContAudITWrapper#6 - Cleaning temporary files...
2024-06-24 00:02:46,857 INFO - ContAudITWrapper#6 - Sending to blockchain...
2024-06-24 00:02:53,618 INFO - ContAudITWrapper#6 - Response 
2024-06-24 00:02:53,619 INFO - ContAudITWrapper#6 - Finishing ContAudIT Wrapper...
