2024-06-24 00:02:24,004 INFO - ContAudITWrapper#8 - Initializing ContAudIT Wrapper...
2024-06-24 00:02:24,029 INFO - ContAudITWrapper#8 - Current directory: /home/kali/Code/ufrgs-poc/contaudit-wrapper.jar
2024-06-24 00:02:27,584 INFO - ContAudITWrapper#8 - Wrapper hash: c76a1b1bb9edc25f91da61e17225b6709df7b63d34810aab1d42c0f930950c0b
2024-06-24 00:02:27,598 INFO - ContAudITWrapper#8 - Validating Wrapper...
2024-06-24 00:02:39,565 INFO - ContAudITWrapper#8 - Response true
2024-06-24 00:02:39,634 INFO - ContAudITWrapper#8 - Application hash: e36ee2d35f8c4c41bd358782dfb3ac8852b40439d350ff27616f0c18819ce9bf
2024-06-24 00:02:39,636 INFO - ContAudITWrapper#8 - Validating Application...
2024-06-24 00:02:42,823 INFO - ContAudITWrapper#8 - Response true
2024-06-24 00:02:42,833 INFO - ContAudITWrapper#8 - Artifact apache2.workflow hash: 94d5f6758492dbe0e869e1486907a86cb16f7931019b4acb0e7f38c98cf1b06d
2024-06-24 00:02:42,846 INFO - ContAudITWrapper#8 - Validating Artifact...
2024-06-24 00:02:44,879 INFO - ContAudITWrapper#8 - Response true
2024-06-24 00:02:44,889 INFO - ContAudITWrapper#8 - Running pre-command actions...
2024-06-24 00:02:44,890 INFO - ContAudITWrapper#8 - Analyzing current environment state...
2024-06-24 00:02:45,149 INFO - ContAudITWrapper#8 - Saving current environment state...
2024-06-24 00:02:45,168 INFO - ContAudITWrapper#8 - Environment state hash: 1776e4b78f696d486603e30cb7241013e927d69ca8030fa37e187c49ffd758cd
2024-06-24 00:02:45,169 INFO - ContAudITWrapper#8 - Executing command...
2024-06-24 00:02:45,383 INFO - ContAudITWrapper#8 - Command output: 
2024-06-24 00:02:45.237430135 [executor] Initializing the workflow...
[apache2_workflow] Create a simple webpage...
[apache2_workflow] Move webpage to Apache HTTP Server user website folder...
2024-06-24 00:02:45.382968835 [executor] Finished!

2024-06-24 00:02:45,384 INFO - ContAudITWrapper#8 - Running post-command actions...
2024-06-24 00:02:45,384 INFO - ContAudITWrapper#8 - Analyzing current environment state...
2024-06-24 00:02:45,564 INFO - ContAudITWrapper#8 - Saving current environment state...
2024-06-24 00:02:45,583 INFO - ContAudITWrapper#8 - Environment state hash: 1776e4b78f696d486603e30cb7241013e927d69ca8030fa37e187c49ffd758cd
2024-06-24 00:02:45,587 INFO - ContAudITWrapper#8 - Checking environment diff...
2024-06-24 00:02:45,618 INFO - ContAudITWrapper#8 - Environment diff: 
2024-06-24 00:02:45,619 INFO - ContAudITWrapper#8 - Cleaning temporary files...
2024-06-24 00:02:45,640 INFO - ContAudITWrapper#8 - Sending to blockchain...
2024-06-24 00:02:49,886 INFO - ContAudITWrapper#8 - Response 
2024-06-24 00:02:49,889 INFO - ContAudITWrapper#8 - Finishing ContAudIT Wrapper...
