2024-06-24 00:02:24,002 INFO - ContAudITWrapper#5 - Initializing ContAudIT Wrapper...
2024-06-24 00:02:24,033 INFO - ContAudITWrapper#5 - Current directory: /home/kali/Code/ufrgs-poc/contaudit-wrapper.jar
2024-06-24 00:02:27,676 INFO - ContAudITWrapper#5 - Wrapper hash: c76a1b1bb9edc25f91da61e17225b6709df7b63d34810aab1d42c0f930950c0b
2024-06-24 00:02:27,690 INFO - ContAudITWrapper#5 - Validating Wrapper...
2024-06-24 00:02:38,943 INFO - ContAudITWrapper#5 - Response true
2024-06-24 00:02:39,026 INFO - ContAudITWrapper#5 - Application hash: e36ee2d35f8c4c41bd358782dfb3ac8852b40439d350ff27616f0c18819ce9bf
2024-06-24 00:02:39,028 INFO - ContAudITWrapper#5 - Validating Application...
2024-06-24 00:02:43,889 INFO - ContAudITWrapper#5 - Response true
2024-06-24 00:02:43,907 INFO - ContAudITWrapper#5 - Artifact apache2.workflow hash: 94d5f6758492dbe0e869e1486907a86cb16f7931019b4acb0e7f38c98cf1b06d
2024-06-24 00:02:43,934 INFO - ContAudITWrapper#5 - Validating Artifact...
2024-06-24 00:02:46,022 INFO - ContAudITWrapper#5 - Response true
2024-06-24 00:02:46,032 INFO - ContAudITWrapper#5 - Running pre-command actions...
2024-06-24 00:02:46,035 INFO - ContAudITWrapper#5 - Analyzing current environment state...
2024-06-24 00:02:46,368 INFO - ContAudITWrapper#5 - Saving current environment state...
2024-06-24 00:02:46,416 INFO - ContAudITWrapper#5 - Environment state hash: 1776e4b78f696d486603e30cb7241013e927d69ca8030fa37e187c49ffd758cd
2024-06-24 00:02:46,421 INFO - ContAudITWrapper#5 - Executing command...
2024-06-24 00:02:46,558 INFO - ContAudITWrapper#5 - Command output: 
2024-06-24 00:02:46.457518400 [executor] Initializing the workflow...
[apache2_workflow] Create a simple webpage...
[apache2_workflow] Move webpage to Apache HTTP Server user website folder...
2024-06-24 00:02:46.556460920 [executor] Finished!

2024-06-24 00:02:46,559 INFO - ContAudITWrapper#5 - Running post-command actions...
2024-06-24 00:02:46,559 INFO - ContAudITWrapper#5 - Analyzing current environment state...
2024-06-24 00:02:46,764 INFO - ContAudITWrapper#5 - Saving current environment state...
2024-06-24 00:02:46,775 INFO - ContAudITWrapper#5 - Environment state hash: 1776e4b78f696d486603e30cb7241013e927d69ca8030fa37e187c49ffd758cd
2024-06-24 00:02:46,776 INFO - ContAudITWrapper#5 - Checking environment diff...
2024-06-24 00:02:46,789 INFO - ContAudITWrapper#5 - Environment diff: 
2024-06-24 00:02:46,794 INFO - ContAudITWrapper#5 - Cleaning temporary files...
2024-06-24 00:02:46,845 INFO - ContAudITWrapper#5 - Sending to blockchain...
2024-06-24 00:02:53,618 INFO - ContAudITWrapper#5 - Response 
2024-06-24 00:02:53,621 INFO - ContAudITWrapper#5 - Finishing ContAudIT Wrapper...
