2024-10-11 04:34:06,579 INFO - ContAudITWrapper#6 - Initializing ContAudIT Wrapper...
2024-10-11 04:34:06,717 INFO - ContAudITWrapper#6 - Current directory: /home/ec2-user/Code/ufrgs-poc/contaudit-wrapper.jar
2024-10-11 04:34:26,337 INFO - ContAudITWrapper#6 - Wrapper hash: b7519188ed863d76e5199a8d880bb968bdf9124fad53b871583787e123a7a764
2024-10-11 04:34:26,346 INFO - ContAudITWrapper#6 - Validating Wrapper...
2024-10-11 04:35:30,600 INFO - ContAudITWrapper#6 - Response true
2024-10-11 04:35:30,724 INFO - ContAudITWrapper#6 - Application hash: e36ee2d35f8c4c41bd358782dfb3ac8852b40439d350ff27616f0c18819ce9bf
2024-10-11 04:35:30,745 INFO - ContAudITWrapper#6 - Validating Application...
2024-10-11 04:35:49,692 INFO - ContAudITWrapper#6 - Response true
2024-10-11 04:35:49,701 INFO - ContAudITWrapper#6 - Artifact apache2.workflow hash: bdb4cee855e21446b6ae53ddcb76a1632ef8c4545b5db0517e01ffd552157f6e
2024-10-11 04:35:49,778 INFO - ContAudITWrapper#6 - Validating Artifact...
2024-10-11 04:36:04,499 INFO - ContAudITWrapper#6 - Response true
2024-10-11 04:36:04,545 INFO - ContAudITWrapper#6 - Running pre-command actions...
2024-10-11 04:36:04,546 INFO - ContAudITWrapper#6 - Analyzing current environment state...
2024-10-11 04:36:04,755 INFO - ContAudITWrapper#6 - Saving current environment state...
2024-10-11 04:36:04,757 INFO - ContAudITWrapper#6 - Environment state hash: a7ffc6f8bf1ed76651c14756a061d662f580ff4de43b49fa82d80a4b80f8434a
2024-10-11 04:36:04,758 INFO - ContAudITWrapper#6 - Executing command...
2024-10-11 04:36:05,938 INFO - ContAudITWrapper#6 - Command output: 
2024-10-11 04:36:04.939117340 [executor] Initializing the workflow...
[apache2_workflow] Apache HTTP Server already installed.
[apache2_workflow] UserDir module already loaded.
[apache2_workflow] Configs to UserDir already exist.
[apache2_workflow] public_html directory already exists in /home/ec2-user.
[apache2_workflow] Creating a simple webpage...
[apache2_workflow] Moving webpage to Apache HTTP Server user website folder...
[apache2_workflow] Page moved successfully!
2024-10-11 04:36:05.937331185 [executor] Finished!

2024-10-11 04:36:05,938 INFO - ContAudITWrapper#6 - Running post-command actions...
2024-10-11 04:36:05,938 INFO - ContAudITWrapper#6 - Analyzing current environment state...
2024-10-11 04:36:06,222 INFO - ContAudITWrapper#6 - Saving current environment state...
2024-10-11 04:36:06,222 INFO - ContAudITWrapper#6 - Environment state hash: a7ffc6f8bf1ed76651c14756a061d662f580ff4de43b49fa82d80a4b80f8434a
2024-10-11 04:36:06,222 INFO - ContAudITWrapper#6 - Checking environment diff...
2024-10-11 04:36:06,290 INFO - ContAudITWrapper#6 - Environment diff: 
2024-10-11 04:36:06,290 INFO - ContAudITWrapper#6 - Cleaning temporary files...
2024-10-11 04:36:06,358 INFO - ContAudITWrapper#6 - Sending to blockchain...
2024-10-11 04:36:19,465 INFO - ContAudITWrapper#6 - Response 
2024-10-11 04:36:19,467 INFO - ContAudITWrapper#6 - Finishing ContAudIT Wrapper...
