2024-10-11 04:34:08,760 INFO - ContAudITWrapper#68 - Initializing ContAudIT Wrapper...
2024-10-11 04:34:08,984 INFO - ContAudITWrapper#68 - Current directory: /home/ec2-user/Code/ufrgs-poc/contaudit-wrapper.jar
2024-10-11 04:34:38,685 INFO - ContAudITWrapper#68 - Wrapper hash: b7519188ed863d76e5199a8d880bb968bdf9124fad53b871583787e123a7a764
2024-10-11 04:34:38,787 INFO - ContAudITWrapper#68 - Validating Wrapper...
2024-10-11 04:35:48,041 INFO - ContAudITWrapper#68 - Response true
2024-10-11 04:35:48,270 INFO - ContAudITWrapper#68 - Application hash: e36ee2d35f8c4c41bd358782dfb3ac8852b40439d350ff27616f0c18819ce9bf
2024-10-11 04:35:48,283 INFO - ContAudITWrapper#68 - Validating Application...
2024-10-11 04:36:04,224 INFO - ContAudITWrapper#68 - Response true
2024-10-11 04:36:04,248 INFO - ContAudITWrapper#68 - Artifact apache2.workflow hash: bdb4cee855e21446b6ae53ddcb76a1632ef8c4545b5db0517e01ffd552157f6e
2024-10-11 04:36:04,311 INFO - ContAudITWrapper#68 - Validating Artifact...
2024-10-11 04:36:16,499 INFO - ContAudITWrapper#68 - Response true
2024-10-11 04:36:16,627 INFO - ContAudITWrapper#68 - Running pre-command actions...
2024-10-11 04:36:16,628 INFO - ContAudITWrapper#68 - Analyzing current environment state...
2024-10-11 04:36:16,891 INFO - ContAudITWrapper#68 - Saving current environment state...
2024-10-11 04:36:16,892 INFO - ContAudITWrapper#68 - Environment state hash: a7ffc6f8bf1ed76651c14756a061d662f580ff4de43b49fa82d80a4b80f8434a
2024-10-11 04:36:16,893 INFO - ContAudITWrapper#68 - Executing command...
2024-10-11 04:36:18,242 INFO - ContAudITWrapper#68 - Command output: 
2024-10-11 04:36:17.015855510 [executor] Initializing the workflow...
[apache2_workflow] Apache HTTP Server already installed.
[apache2_workflow] UserDir module already loaded.
[apache2_workflow] Configs to UserDir already exist.
[apache2_workflow] public_html directory already exists in /home/ec2-user.
[apache2_workflow] Creating a simple webpage...
[apache2_workflow] Moving webpage to Apache HTTP Server user website folder...
[apache2_workflow] Page moved successfully!
2024-10-11 04:36:18.227006784 [executor] Finished!

2024-10-11 04:36:18,242 INFO - ContAudITWrapper#68 - Running post-command actions...
2024-10-11 04:36:18,242 INFO - ContAudITWrapper#68 - Analyzing current environment state...
2024-10-11 04:36:18,351 INFO - ContAudITWrapper#68 - Saving current environment state...
2024-10-11 04:36:18,352 INFO - ContAudITWrapper#68 - Environment state hash: a7ffc6f8bf1ed76651c14756a061d662f580ff4de43b49fa82d80a4b80f8434a
2024-10-11 04:36:18,353 INFO - ContAudITWrapper#68 - Checking environment diff...
2024-10-11 04:36:18,415 INFO - ContAudITWrapper#68 - Environment diff: 
2024-10-11 04:36:18,416 INFO - ContAudITWrapper#68 - Cleaning temporary files...
2024-10-11 04:36:18,514 INFO - ContAudITWrapper#68 - Sending to blockchain...
2024-10-11 04:36:24,723 INFO - ContAudITWrapper#68 - Response 
2024-10-11 04:36:24,725 INFO - ContAudITWrapper#68 - Finishing ContAudIT Wrapper...
