2024-10-11 04:34:09,032 INFO - ContAudITWrapper#98 - Initializing ContAudIT Wrapper...
2024-10-11 04:34:09,262 INFO - ContAudITWrapper#98 - Current directory: /home/ec2-user/Code/ufrgs-poc/contaudit-wrapper.jar
2024-10-11 04:34:36,027 INFO - ContAudITWrapper#98 - Wrapper hash: b7519188ed863d76e5199a8d880bb968bdf9124fad53b871583787e123a7a764
2024-10-11 04:34:36,078 INFO - ContAudITWrapper#98 - Validating Wrapper...
2024-10-11 04:35:47,743 INFO - ContAudITWrapper#98 - Response true
2024-10-11 04:35:47,799 INFO - ContAudITWrapper#98 - Application hash: e36ee2d35f8c4c41bd358782dfb3ac8852b40439d350ff27616f0c18819ce9bf
2024-10-11 04:35:47,800 INFO - ContAudITWrapper#98 - Validating Application...
2024-10-11 04:35:55,735 INFO - ContAudITWrapper#98 - Response true
2024-10-11 04:35:55,787 INFO - ContAudITWrapper#98 - Artifact apache2.workflow hash: bdb4cee855e21446b6ae53ddcb76a1632ef8c4545b5db0517e01ffd552157f6e
2024-10-11 04:35:55,904 INFO - ContAudITWrapper#98 - Validating Artifact...
2024-10-11 04:36:04,688 INFO - ContAudITWrapper#98 - Response true
2024-10-11 04:36:04,704 INFO - ContAudITWrapper#98 - Running pre-command actions...
2024-10-11 04:36:04,705 INFO - ContAudITWrapper#98 - Analyzing current environment state...
2024-10-11 04:36:04,903 INFO - ContAudITWrapper#98 - Saving current environment state...
2024-10-11 04:36:04,904 INFO - ContAudITWrapper#98 - Environment state hash: a7ffc6f8bf1ed76651c14756a061d662f580ff4de43b49fa82d80a4b80f8434a
2024-10-11 04:36:04,904 INFO - ContAudITWrapper#98 - Executing command...
2024-10-11 04:36:06,072 INFO - ContAudITWrapper#98 - Command output: 
2024-10-11 04:36:05.025981656 [executor] Initializing the workflow...
[apache2_workflow] Apache HTTP Server already installed.
[apache2_workflow] UserDir module already loaded.
[apache2_workflow] Configs to UserDir already exist.
[apache2_workflow] public_html directory already exists in /home/ec2-user.
[apache2_workflow] Creating a simple webpage...
[apache2_workflow] Moving webpage to Apache HTTP Server user website folder...
[apache2_workflow] Page moved successfully!
2024-10-11 04:36:06.071561870 [executor] Finished!

2024-10-11 04:36:06,072 INFO - ContAudITWrapper#98 - Running post-command actions...
2024-10-11 04:36:06,073 INFO - ContAudITWrapper#98 - Analyzing current environment state...
2024-10-11 04:36:06,194 INFO - ContAudITWrapper#98 - Saving current environment state...
2024-10-11 04:36:06,194 INFO - ContAudITWrapper#98 - Environment state hash: a7ffc6f8bf1ed76651c14756a061d662f580ff4de43b49fa82d80a4b80f8434a
2024-10-11 04:36:06,195 INFO - ContAudITWrapper#98 - Checking environment diff...
2024-10-11 04:36:06,239 INFO - ContAudITWrapper#98 - Environment diff: 
2024-10-11 04:36:06,240 INFO - ContAudITWrapper#98 - Cleaning temporary files...
2024-10-11 04:36:06,265 INFO - ContAudITWrapper#98 - Sending to blockchain...
2024-10-11 04:36:19,498 INFO - ContAudITWrapper#98 - Response 
2024-10-11 04:36:19,499 INFO - ContAudITWrapper#98 - Finishing ContAudIT Wrapper...
