2024-10-11 04:34:09,163 INFO - ContAudITWrapper#87 - Initializing ContAudIT Wrapper...
2024-10-11 04:34:09,381 INFO - ContAudITWrapper#87 - Current directory: /home/ec2-user/Code/ufrgs-poc/contaudit-wrapper.jar
2024-10-11 04:34:38,325 INFO - ContAudITWrapper#87 - Wrapper hash: b7519188ed863d76e5199a8d880bb968bdf9124fad53b871583787e123a7a764
2024-10-11 04:34:38,423 INFO - ContAudITWrapper#87 - Validating Wrapper...
2024-10-11 04:35:46,086 INFO - ContAudITWrapper#87 - Response true
2024-10-11 04:35:46,176 INFO - ContAudITWrapper#87 - Application hash: e36ee2d35f8c4c41bd358782dfb3ac8852b40439d350ff27616f0c18819ce9bf
2024-10-11 04:35:46,176 INFO - ContAudITWrapper#87 - Validating Application...
2024-10-11 04:35:56,592 INFO - ContAudITWrapper#87 - Response true
2024-10-11 04:35:56,602 INFO - ContAudITWrapper#87 - Artifact apache2.workflow hash: bdb4cee855e21446b6ae53ddcb76a1632ef8c4545b5db0517e01ffd552157f6e
2024-10-11 04:35:56,626 INFO - ContAudITWrapper#87 - Validating Artifact...
2024-10-11 04:36:08,543 INFO - ContAudITWrapper#87 - Response true
2024-10-11 04:36:08,551 INFO - ContAudITWrapper#87 - Running pre-command actions...
2024-10-11 04:36:08,553 INFO - ContAudITWrapper#87 - Analyzing current environment state...
2024-10-11 04:36:08,759 INFO - ContAudITWrapper#87 - Saving current environment state...
2024-10-11 04:36:08,760 INFO - ContAudITWrapper#87 - Environment state hash: a7ffc6f8bf1ed76651c14756a061d662f580ff4de43b49fa82d80a4b80f8434a
2024-10-11 04:36:08,760 INFO - ContAudITWrapper#87 - Executing command...
2024-10-11 04:36:09,911 INFO - ContAudITWrapper#87 - Command output: 
2024-10-11 04:36:08.883453977 [executor] Initializing the workflow...
[apache2_workflow] Apache HTTP Server already installed.
[apache2_workflow] UserDir module already loaded.
[apache2_workflow] Configs to UserDir already exist.
[apache2_workflow] public_html directory already exists in /home/ec2-user.
[apache2_workflow] Creating a simple webpage...
[apache2_workflow] Moving webpage to Apache HTTP Server user website folder...
[apache2_workflow] Page moved successfully!
2024-10-11 04:36:09.910746231 [executor] Finished!

2024-10-11 04:36:09,912 INFO - ContAudITWrapper#87 - Running post-command actions...
2024-10-11 04:36:09,912 INFO - ContAudITWrapper#87 - Analyzing current environment state...
2024-10-11 04:36:10,031 INFO - ContAudITWrapper#87 - Saving current environment state...
2024-10-11 04:36:10,032 INFO - ContAudITWrapper#87 - Environment state hash: a7ffc6f8bf1ed76651c14756a061d662f580ff4de43b49fa82d80a4b80f8434a
2024-10-11 04:36:10,032 INFO - ContAudITWrapper#87 - Checking environment diff...
2024-10-11 04:36:10,184 INFO - ContAudITWrapper#87 - Environment diff: 
2024-10-11 04:36:10,186 INFO - ContAudITWrapper#87 - Cleaning temporary files...
2024-10-11 04:36:10,290 INFO - ContAudITWrapper#87 - Sending to blockchain...
2024-10-11 04:36:23,446 INFO - ContAudITWrapper#87 - Response 
2024-10-11 04:36:23,447 INFO - ContAudITWrapper#87 - Finishing ContAudIT Wrapper...
