2024-10-11 04:34:08,668 INFO - ContAudITWrapper#74 - Initializing ContAudIT Wrapper...
2024-10-11 04:34:08,835 INFO - ContAudITWrapper#74 - Current directory: /home/ec2-user/Code/ufrgs-poc/contaudit-wrapper.jar
2024-10-11 04:34:27,142 INFO - ContAudITWrapper#74 - Wrapper hash: b7519188ed863d76e5199a8d880bb968bdf9124fad53b871583787e123a7a764
2024-10-11 04:34:27,221 INFO - ContAudITWrapper#74 - Validating Wrapper...
2024-10-11 04:35:24,607 INFO - ContAudITWrapper#74 - Response true
2024-10-11 04:35:24,691 INFO - ContAudITWrapper#74 - Application hash: e36ee2d35f8c4c41bd358782dfb3ac8852b40439d350ff27616f0c18819ce9bf
2024-10-11 04:35:24,692 INFO - ContAudITWrapper#74 - Validating Application...
2024-10-11 04:35:40,915 INFO - ContAudITWrapper#74 - Response true
2024-10-11 04:35:40,919 INFO - ContAudITWrapper#74 - Artifact apache2.workflow hash: bdb4cee855e21446b6ae53ddcb76a1632ef8c4545b5db0517e01ffd552157f6e
2024-10-11 04:35:41,120 INFO - ContAudITWrapper#74 - Validating Artifact...
2024-10-11 04:35:56,267 INFO - ContAudITWrapper#74 - Response true
2024-10-11 04:35:56,271 INFO - ContAudITWrapper#74 - Running pre-command actions...
2024-10-11 04:35:56,272 INFO - ContAudITWrapper#74 - Analyzing current environment state...
2024-10-11 04:35:56,551 INFO - ContAudITWrapper#74 - Saving current environment state...
2024-10-11 04:35:56,552 INFO - ContAudITWrapper#74 - Environment state hash: a7ffc6f8bf1ed76651c14756a061d662f580ff4de43b49fa82d80a4b80f8434a
2024-10-11 04:35:56,552 INFO - ContAudITWrapper#74 - Executing command...
2024-10-11 04:35:58,486 INFO - ContAudITWrapper#74 - Command output: 
2024-10-11 04:35:56.662725541 [executor] Initializing the workflow...
[apache2_workflow] Apache HTTP Server already installed.
[apache2_workflow] UserDir module already loaded.
[apache2_workflow] Configs to UserDir already exist.
[apache2_workflow] public_html directory already exists in /home/ec2-user.
[apache2_workflow] Creating a simple webpage...
[apache2_workflow] Moving webpage to Apache HTTP Server user website folder...
[apache2_workflow] Page moved successfully!
2024-10-11 04:35:58.484950823 [executor] Finished!

2024-10-11 04:35:58,486 INFO - ContAudITWrapper#74 - Running post-command actions...
2024-10-11 04:35:58,486 INFO - ContAudITWrapper#74 - Analyzing current environment state...
2024-10-11 04:35:58,573 INFO - ContAudITWrapper#74 - Saving current environment state...
2024-10-11 04:35:58,574 INFO - ContAudITWrapper#74 - Environment state hash: a7ffc6f8bf1ed76651c14756a061d662f580ff4de43b49fa82d80a4b80f8434a
2024-10-11 04:35:58,574 INFO - ContAudITWrapper#74 - Checking environment diff...
2024-10-11 04:35:58,749 INFO - ContAudITWrapper#74 - Environment diff: 
2024-10-11 04:35:58,749 INFO - ContAudITWrapper#74 - Cleaning temporary files...
2024-10-11 04:35:58,927 INFO - ContAudITWrapper#74 - Sending to blockchain...
2024-10-11 04:36:15,264 INFO - ContAudITWrapper#74 - Response 
2024-10-11 04:36:15,266 INFO - ContAudITWrapper#74 - Finishing ContAudIT Wrapper...
