2024-10-11 04:34:09,186 INFO - ContAudITWrapper#83 - Initializing ContAudIT Wrapper...
2024-10-11 04:34:09,398 INFO - ContAudITWrapper#83 - Current directory: /home/ec2-user/Code/ufrgs-poc/contaudit-wrapper.jar
2024-10-11 04:34:29,224 INFO - ContAudITWrapper#83 - Wrapper hash: b7519188ed863d76e5199a8d880bb968bdf9124fad53b871583787e123a7a764
2024-10-11 04:34:29,233 INFO - ContAudITWrapper#83 - Validating Wrapper...
2024-10-11 04:35:36,039 INFO - ContAudITWrapper#83 - Response true
2024-10-11 04:35:36,156 INFO - ContAudITWrapper#83 - Application hash: e36ee2d35f8c4c41bd358782dfb3ac8852b40439d350ff27616f0c18819ce9bf
2024-10-11 04:35:36,184 INFO - ContAudITWrapper#83 - Validating Application...
2024-10-11 04:35:51,876 INFO - ContAudITWrapper#83 - Response true
2024-10-11 04:35:51,916 INFO - ContAudITWrapper#83 - Artifact apache2.workflow hash: bdb4cee855e21446b6ae53ddcb76a1632ef8c4545b5db0517e01ffd552157f6e
2024-10-11 04:35:52,027 INFO - ContAudITWrapper#83 - Validating Artifact...
2024-10-11 04:36:01,074 INFO - ContAudITWrapper#83 - Response true
2024-10-11 04:36:01,080 INFO - ContAudITWrapper#83 - Running pre-command actions...
2024-10-11 04:36:01,082 INFO - ContAudITWrapper#83 - Analyzing current environment state...
2024-10-11 04:36:01,269 INFO - ContAudITWrapper#83 - Saving current environment state...
2024-10-11 04:36:01,270 INFO - ContAudITWrapper#83 - Environment state hash: a7ffc6f8bf1ed76651c14756a061d662f580ff4de43b49fa82d80a4b80f8434a
2024-10-11 04:36:01,282 INFO - ContAudITWrapper#83 - Executing command...
2024-10-11 04:36:02,414 INFO - ContAudITWrapper#83 - Command output: 
2024-10-11 04:36:01.360028890 [executor] Initializing the workflow...
[apache2_workflow] Apache HTTP Server already installed.
[apache2_workflow] UserDir module already loaded.
[apache2_workflow] Configs to UserDir already exist.
[apache2_workflow] public_html directory already exists in /home/ec2-user.
[apache2_workflow] Creating a simple webpage...
[apache2_workflow] Moving webpage to Apache HTTP Server user website folder...
[apache2_workflow] Page moved successfully!
2024-10-11 04:36:02.412818398 [executor] Finished!

2024-10-11 04:36:02,414 INFO - ContAudITWrapper#83 - Running post-command actions...
2024-10-11 04:36:02,414 INFO - ContAudITWrapper#83 - Analyzing current environment state...
2024-10-11 04:36:02,587 INFO - ContAudITWrapper#83 - Saving current environment state...
2024-10-11 04:36:02,587 INFO - ContAudITWrapper#83 - Environment state hash: a7ffc6f8bf1ed76651c14756a061d662f580ff4de43b49fa82d80a4b80f8434a
2024-10-11 04:36:02,588 INFO - ContAudITWrapper#83 - Checking environment diff...
2024-10-11 04:36:02,756 INFO - ContAudITWrapper#83 - Environment diff: 
2024-10-11 04:36:02,756 INFO - ContAudITWrapper#83 - Cleaning temporary files...
2024-10-11 04:36:02,887 INFO - ContAudITWrapper#83 - Sending to blockchain...
2024-10-11 04:36:21,247 INFO - ContAudITWrapper#83 - Response 
2024-10-11 04:36:21,249 INFO - ContAudITWrapper#83 - Finishing ContAudIT Wrapper...
