2024-10-11 04:34:07,077 INFO - ContAudITWrapper#82 - Initializing ContAudIT Wrapper...
2024-10-11 04:34:07,209 INFO - ContAudITWrapper#82 - Current directory: /home/ec2-user/Code/ufrgs-poc/contaudit-wrapper.jar
2024-10-11 04:34:28,929 INFO - ContAudITWrapper#82 - Wrapper hash: b7519188ed863d76e5199a8d880bb968bdf9124fad53b871583787e123a7a764
2024-10-11 04:34:28,996 INFO - ContAudITWrapper#82 - Validating Wrapper...
2024-10-11 04:35:36,123 INFO - ContAudITWrapper#82 - Response true
2024-10-11 04:35:36,391 INFO - ContAudITWrapper#82 - Application hash: e36ee2d35f8c4c41bd358782dfb3ac8852b40439d350ff27616f0c18819ce9bf
2024-10-11 04:35:36,393 INFO - ContAudITWrapper#82 - Validating Application...
2024-10-11 04:35:52,949 INFO - ContAudITWrapper#82 - Response true
2024-10-11 04:35:52,958 INFO - ContAudITWrapper#82 - Artifact apache2.workflow hash: bdb4cee855e21446b6ae53ddcb76a1632ef8c4545b5db0517e01ffd552157f6e
2024-10-11 04:35:52,968 INFO - ContAudITWrapper#82 - Validating Artifact...
2024-10-11 04:36:02,283 INFO - ContAudITWrapper#82 - Response true
2024-10-11 04:36:02,292 INFO - ContAudITWrapper#82 - Running pre-command actions...
2024-10-11 04:36:02,293 INFO - ContAudITWrapper#82 - Analyzing current environment state...
2024-10-11 04:36:02,569 INFO - ContAudITWrapper#82 - Saving current environment state...
2024-10-11 04:36:02,570 INFO - ContAudITWrapper#82 - Environment state hash: a7ffc6f8bf1ed76651c14756a061d662f580ff4de43b49fa82d80a4b80f8434a
2024-10-11 04:36:02,600 INFO - ContAudITWrapper#82 - Executing command...
2024-10-11 04:36:03,982 INFO - ContAudITWrapper#82 - Command output: 
2024-10-11 04:36:02.727471472 [executor] Initializing the workflow...
[apache2_workflow] Apache HTTP Server already installed.
[apache2_workflow] UserDir module already loaded.
[apache2_workflow] Configs to UserDir already exist.
[apache2_workflow] public_html directory already exists in /home/ec2-user.
[apache2_workflow] Creating a simple webpage...
[apache2_workflow] Moving webpage to Apache HTTP Server user website folder...
[apache2_workflow] Page moved successfully!
2024-10-11 04:36:03.980962235 [executor] Finished!

2024-10-11 04:36:03,982 INFO - ContAudITWrapper#82 - Running post-command actions...
2024-10-11 04:36:03,982 INFO - ContAudITWrapper#82 - Analyzing current environment state...
2024-10-11 04:36:04,140 INFO - ContAudITWrapper#82 - Saving current environment state...
2024-10-11 04:36:04,141 INFO - ContAudITWrapper#82 - Environment state hash: a7ffc6f8bf1ed76651c14756a061d662f580ff4de43b49fa82d80a4b80f8434a
2024-10-11 04:36:04,141 INFO - ContAudITWrapper#82 - Checking environment diff...
2024-10-11 04:36:04,291 INFO - ContAudITWrapper#82 - Environment diff: 
2024-10-11 04:36:04,292 INFO - ContAudITWrapper#82 - Cleaning temporary files...
2024-10-11 04:36:04,560 INFO - ContAudITWrapper#82 - Sending to blockchain...
2024-10-11 04:36:19,262 INFO - ContAudITWrapper#82 - Response 
2024-10-11 04:36:19,272 INFO - ContAudITWrapper#82 - Finishing ContAudIT Wrapper...
