2024-10-11 04:34:08,610 INFO - ContAudITWrapper#95 - Initializing ContAudIT Wrapper...
2024-10-11 04:34:08,720 INFO - ContAudITWrapper#95 - Current directory: /home/ec2-user/Code/ufrgs-poc/contaudit-wrapper.jar
2024-10-11 04:34:31,630 INFO - ContAudITWrapper#95 - Wrapper hash: b7519188ed863d76e5199a8d880bb968bdf9124fad53b871583787e123a7a764
2024-10-11 04:34:31,638 INFO - ContAudITWrapper#95 - Validating Wrapper...
2024-10-11 04:35:41,586 INFO - ContAudITWrapper#95 - Response true
2024-10-11 04:35:41,925 INFO - ContAudITWrapper#95 - Application hash: e36ee2d35f8c4c41bd358782dfb3ac8852b40439d350ff27616f0c18819ce9bf
2024-10-11 04:35:41,935 INFO - ContAudITWrapper#95 - Validating Application...
2024-10-11 04:35:54,428 INFO - ContAudITWrapper#95 - Response true
2024-10-11 04:35:54,456 INFO - ContAudITWrapper#95 - Artifact apache2.workflow hash: bdb4cee855e21446b6ae53ddcb76a1632ef8c4545b5db0517e01ffd552157f6e
2024-10-11 04:35:54,501 INFO - ContAudITWrapper#95 - Validating Artifact...
2024-10-11 04:36:04,500 INFO - ContAudITWrapper#95 - Response true
2024-10-11 04:36:04,509 INFO - ContAudITWrapper#95 - Running pre-command actions...
2024-10-11 04:36:04,511 INFO - ContAudITWrapper#95 - Analyzing current environment state...
2024-10-11 04:36:04,704 INFO - ContAudITWrapper#95 - Saving current environment state...
2024-10-11 04:36:04,705 INFO - ContAudITWrapper#95 - Environment state hash: a7ffc6f8bf1ed76651c14756a061d662f580ff4de43b49fa82d80a4b80f8434a
2024-10-11 04:36:04,705 INFO - ContAudITWrapper#95 - Executing command...
2024-10-11 04:36:05,708 INFO - ContAudITWrapper#95 - Command output: 
2024-10-11 04:36:04.767979695 [executor] Initializing the workflow...
[apache2_workflow] Apache HTTP Server already installed.
[apache2_workflow] UserDir module already loaded.
[apache2_workflow] Configs to UserDir already exist.
[apache2_workflow] public_html directory already exists in /home/ec2-user.
[apache2_workflow] Creating a simple webpage...
[apache2_workflow] Moving webpage to Apache HTTP Server user website folder...
[apache2_workflow] Page moved successfully!
2024-10-11 04:36:05.705692781 [executor] Finished!

2024-10-11 04:36:05,709 INFO - ContAudITWrapper#95 - Running post-command actions...
2024-10-11 04:36:05,709 INFO - ContAudITWrapper#95 - Analyzing current environment state...
2024-10-11 04:36:05,883 INFO - ContAudITWrapper#95 - Saving current environment state...
2024-10-11 04:36:05,883 INFO - ContAudITWrapper#95 - Environment state hash: a7ffc6f8bf1ed76651c14756a061d662f580ff4de43b49fa82d80a4b80f8434a
2024-10-11 04:36:05,884 INFO - ContAudITWrapper#95 - Checking environment diff...
2024-10-11 04:36:05,994 INFO - ContAudITWrapper#95 - Environment diff: 
2024-10-11 04:36:05,994 INFO - ContAudITWrapper#95 - Cleaning temporary files...
2024-10-11 04:36:06,068 INFO - ContAudITWrapper#95 - Sending to blockchain...
2024-10-11 04:36:17,856 INFO - ContAudITWrapper#95 - Response 
2024-10-11 04:36:17,857 INFO - ContAudITWrapper#95 - Finishing ContAudIT Wrapper...
