2024-10-11 09:05:50,882 INFO - ContAudITWrapper#23 - Initializing ContAudIT Wrapper...
2024-10-11 09:05:50,892 INFO - ContAudITWrapper#23 - Current directory: /home/ec2-user/Code/ufrgs-poc/contaudit-wrapper.jar
2024-10-11 09:05:53,049 INFO - ContAudITWrapper#23 - Wrapper hash: b7519188ed863d76e5199a8d880bb968bdf9124fad53b871583787e123a7a764
2024-10-11 09:05:53,056 INFO - ContAudITWrapper#23 - Validating Wrapper...
2024-10-11 09:05:55,449 INFO - ContAudITWrapper#23 - Response true
2024-10-11 09:05:55,456 INFO - ContAudITWrapper#23 - Application hash: e36ee2d35f8c4c41bd358782dfb3ac8852b40439d350ff27616f0c18819ce9bf
2024-10-11 09:05:55,456 INFO - ContAudITWrapper#23 - Validating Application...
2024-10-11 09:05:56,046 INFO - ContAudITWrapper#23 - Response true
2024-10-11 09:05:56,048 INFO - ContAudITWrapper#23 - Artifact vim.workflow hash: c2cd8e965b29c5d0c1074b5d083f6beb66f185746aced776659b092dece12743
2024-10-11 09:05:56,052 INFO - ContAudITWrapper#23 - Validating Artifact...
2024-10-11 09:05:56,588 INFO - ContAudITWrapper#23 - Response true
2024-10-11 09:05:56,589 INFO - ContAudITWrapper#23 - Running pre-command actions...
2024-10-11 09:05:56,590 INFO - ContAudITWrapper#23 - Analyzing current environment state...
2024-10-11 09:05:56,664 INFO - ContAudITWrapper#23 - Saving current environment state...
2024-10-11 09:05:56,665 INFO - ContAudITWrapper#23 - Environment state hash: a7ffc6f8bf1ed76651c14756a061d662f580ff4de43b49fa82d80a4b80f8434a
2024-10-11 09:05:56,665 INFO - ContAudITWrapper#23 - Executing command...
2024-10-11 09:05:58,147 INFO - ContAudITWrapper#23 - Command output: 
2024-10-11 09:05:56.670389798 [executor] Initializing the workflow...
[vim_workflow] Checking operating system...
[vim_workflow] Detected Amazon Linux.
[vim_workflow] Checking if vim is installed...
[vim_workflow] Vim not found! Installing...
Last metadata expiration check: 5:09:07 ago on Fri Oct 11 03:56:50 2024.
Dependencies resolved.
================================================================================
 Package          Arch       Version                      Repository       Size
================================================================================
Installing:
 vim-enhanced     x86_64     2:9.0.2153-1.amzn2023        amazonlinux     1.9 M

Transaction Summary
================================================================================
Install  1 Package

Total download size: 1.9 M
Installed size: 4.0 M
Downloading Packages:
vim-enhanced-9.0.2153-1.amzn2023.x86_64.rpm      27 MB/s | 1.9 MB     00:00    
--------------------------------------------------------------------------------
Total                                            16 MB/s | 1.9 MB     00:00     
Running transaction check
Transaction check succeeded.
Running transaction test
Transaction test succeeded.
Running transaction
  Preparing        :                                                        1/1 
  Installing       : vim-enhanced-2:9.0.2153-1.amzn2023.x86_64              1/1 
  Running scriptlet: vim-enhanced-2:9.0.2153-1.amzn2023.x86_64              1/1 
  Verifying        : vim-enhanced-2:9.0.2153-1.amzn2023.x86_64              1/1 

Installed:
  vim-enhanced-2:9.0.2153-1.amzn2023.x86_64                                     

Complete!
2024-10-11 09:05:58.147498666 [executor] Finished!

2024-10-11 09:05:58,148 INFO - ContAudITWrapper#23 - Running post-command actions...
2024-10-11 09:05:58,148 INFO - ContAudITWrapper#23 - Analyzing current environment state...
2024-10-11 09:05:58,152 INFO - ContAudITWrapper#23 - Saving current environment state...
2024-10-11 09:05:58,152 INFO - ContAudITWrapper#23 - Environment state hash: a7ffc6f8bf1ed76651c14756a061d662f580ff4de43b49fa82d80a4b80f8434a
2024-10-11 09:05:58,153 INFO - ContAudITWrapper#23 - Checking environment diff...
2024-10-11 09:05:58,156 INFO - ContAudITWrapper#23 - Environment diff: 
2024-10-11 09:05:58,157 INFO - ContAudITWrapper#23 - Cleaning temporary files...
2024-10-11 09:05:58,159 INFO - ContAudITWrapper#23 - Sending to blockchain...
2024-10-11 09:06:00,761 INFO - ContAudITWrapper#23 - Response 
2024-10-11 09:06:00,763 INFO - ContAudITWrapper#23 - Finishing ContAudIT Wrapper...
