2024-06-27 23:31:58,825 INFO - ContAudITWrapper#19 - Initializing ContAudIT Wrapper...
2024-06-27 23:31:58,894 INFO - ContAudITWrapper#19 - Current directory: /home/kali/Code/ufrgs-poc/contaudit-wrapper.jar
2024-06-27 23:32:05,054 INFO - ContAudITWrapper#19 - Wrapper hash: c76a1b1bb9edc25f91da61e17225b6709df7b63d34810aab1d42c0f930950c0b
2024-06-27 23:32:05,085 INFO - ContAudITWrapper#19 - Validating Wrapper...
2024-06-27 23:32:25,952 INFO - ContAudITWrapper#19 - Response true
2024-06-27 23:32:26,106 INFO - ContAudITWrapper#19 - Application hash: e36ee2d35f8c4c41bd358782dfb3ac8852b40439d350ff27616f0c18819ce9bf
2024-06-27 23:32:26,107 INFO - ContAudITWrapper#19 - Validating Application...
2024-06-27 23:32:33,204 INFO - ContAudITWrapper#19 - Response true
2024-06-27 23:32:33,213 INFO - ContAudITWrapper#19 - Artifact apache2.workflow hash: 94d5f6758492dbe0e869e1486907a86cb16f7931019b4acb0e7f38c98cf1b06d
2024-06-27 23:32:33,220 INFO - ContAudITWrapper#19 - Validating Artifact...
2024-06-27 23:32:37,983 INFO - ContAudITWrapper#19 - Response true
2024-06-27 23:32:37,989 INFO - ContAudITWrapper#19 - Running pre-command actions...
2024-06-27 23:32:37,990 INFO - ContAudITWrapper#19 - Analyzing current environment state...
2024-06-27 23:32:38,586 INFO - ContAudITWrapper#19 - Saving current environment state...
2024-06-27 23:32:38,589 INFO - ContAudITWrapper#19 - Environment state hash: 1776e4b78f696d486603e30cb7241013e927d69ca8030fa37e187c49ffd758cd
2024-06-27 23:32:38,590 INFO - ContAudITWrapper#19 - Executing command...
2024-06-27 23:32:39,096 INFO - ContAudITWrapper#19 - Command output: 
2024-06-27 23:32:38.736663122 [executor] Initializing the workflow...
[apache2_workflow] Create a simple webpage...
[apache2_workflow] Move webpage to Apache HTTP Server user website folder...
2024-06-27 23:32:39.095551616 [executor] Finished!

2024-06-27 23:32:39,097 INFO - ContAudITWrapper#19 - Running post-command actions...
2024-06-27 23:32:39,097 INFO - ContAudITWrapper#19 - Analyzing current environment state...
2024-06-27 23:32:40,211 INFO - ContAudITWrapper#19 - Saving current environment state...
2024-06-27 23:32:40,220 INFO - ContAudITWrapper#19 - Environment state hash: 1776e4b78f696d486603e30cb7241013e927d69ca8030fa37e187c49ffd758cd
2024-06-27 23:32:40,221 INFO - ContAudITWrapper#19 - Checking environment diff...
2024-06-27 23:32:40,319 INFO - ContAudITWrapper#19 - Environment diff: 
2024-06-27 23:32:40,320 INFO - ContAudITWrapper#19 - Cleaning temporary files...
2024-06-27 23:32:40,383 INFO - ContAudITWrapper#19 - Sending to blockchain...
2024-06-27 23:32:46,397 INFO - ContAudITWrapper#19 - Response 
2024-06-27 23:32:46,401 INFO - ContAudITWrapper#19 - Finishing ContAudIT Wrapper...
