2024-10-11 04:43:50,914 INFO - ContAudITWrapper#56 - Initializing ContAudIT Wrapper...
2024-10-11 04:43:51,135 INFO - ContAudITWrapper#56 - Current directory: /home/ec2-user/Code/ufrgs-poc/contaudit-wrapper.jar
2024-10-11 04:44:14,507 INFO - ContAudITWrapper#56 - Wrapper hash: b7519188ed863d76e5199a8d880bb968bdf9124fad53b871583787e123a7a764
2024-10-11 04:44:14,649 INFO - ContAudITWrapper#56 - Validating Wrapper...
2024-10-11 04:45:22,970 INFO - ContAudITWrapper#56 - Response true
2024-10-11 04:45:23,086 INFO - ContAudITWrapper#56 - Application hash: e36ee2d35f8c4c41bd358782dfb3ac8852b40439d350ff27616f0c18819ce9bf
2024-10-11 04:45:23,116 INFO - ContAudITWrapper#56 - Validating Application...
2024-10-11 04:45:38,060 INFO - ContAudITWrapper#56 - Response true
2024-10-11 04:45:38,096 INFO - ContAudITWrapper#56 - Artifact apache2.workflow hash: bdb4cee855e21446b6ae53ddcb76a1632ef8c4545b5db0517e01ffd552157f6e
2024-10-11 04:45:38,118 INFO - ContAudITWrapper#56 - Validating Artifact...
2024-10-11 04:45:52,122 INFO - ContAudITWrapper#56 - Response true
2024-10-11 04:45:52,134 INFO - ContAudITWrapper#56 - Running pre-command actions...
2024-10-11 04:45:52,135 INFO - ContAudITWrapper#56 - Analyzing current environment state...
2024-10-11 04:45:52,270 INFO - ContAudITWrapper#56 - Saving current environment state...
2024-10-11 04:45:52,271 INFO - ContAudITWrapper#56 - Environment state hash: a7ffc6f8bf1ed76651c14756a061d662f580ff4de43b49fa82d80a4b80f8434a
2024-10-11 04:45:52,271 INFO - ContAudITWrapper#56 - Executing command...
2024-10-11 04:45:53,926 INFO - ContAudITWrapper#56 - Command output: 
2024-10-11 04:45:52.389643703 [executor] Initializing the workflow...
[apache2_workflow] Apache HTTP Server already installed.
[apache2_workflow] UserDir module already loaded.
[apache2_workflow] Configs to UserDir already exist.
[apache2_workflow] public_html directory already exists in /home/ec2-user.
[apache2_workflow] Creating a simple webpage...
[apache2_workflow] Moving webpage to Apache HTTP Server user website folder...
[apache2_workflow] Page moved successfully!
2024-10-11 04:45:53.925914299 [executor] Finished!

2024-10-11 04:45:53,927 INFO - ContAudITWrapper#56 - Running post-command actions...
2024-10-11 04:45:53,927 INFO - ContAudITWrapper#56 - Analyzing current environment state...
2024-10-11 04:45:54,114 INFO - ContAudITWrapper#56 - Saving current environment state...
2024-10-11 04:45:54,115 INFO - ContAudITWrapper#56 - Environment state hash: a7ffc6f8bf1ed76651c14756a061d662f580ff4de43b49fa82d80a4b80f8434a
2024-10-11 04:45:54,115 INFO - ContAudITWrapper#56 - Checking environment diff...
2024-10-11 04:45:54,159 INFO - ContAudITWrapper#56 - Environment diff: 
2024-10-11 04:45:54,160 INFO - ContAudITWrapper#56 - Cleaning temporary files...
2024-10-11 04:45:54,244 INFO - ContAudITWrapper#56 - Sending to blockchain...
2024-10-11 04:46:04,421 INFO - ContAudITWrapper#56 - Response 
2024-10-11 04:46:04,423 INFO - ContAudITWrapper#56 - Finishing ContAudIT Wrapper...
