2024-10-11 04:43:50,032 INFO - ContAudITWrapper#73 - Initializing ContAudIT Wrapper...
2024-10-11 04:43:50,167 INFO - ContAudITWrapper#73 - Current directory: /home/ec2-user/Code/ufrgs-poc/contaudit-wrapper.jar
2024-10-11 04:44:10,345 INFO - ContAudITWrapper#73 - Wrapper hash: b7519188ed863d76e5199a8d880bb968bdf9124fad53b871583787e123a7a764
2024-10-11 04:44:10,386 INFO - ContAudITWrapper#73 - Validating Wrapper...
2024-10-11 04:45:17,544 INFO - ContAudITWrapper#73 - Response true
2024-10-11 04:45:17,775 INFO - ContAudITWrapper#73 - Application hash: e36ee2d35f8c4c41bd358782dfb3ac8852b40439d350ff27616f0c18819ce9bf
2024-10-11 04:45:17,777 INFO - ContAudITWrapper#73 - Validating Application...
2024-10-11 04:45:34,367 INFO - ContAudITWrapper#73 - Response true
2024-10-11 04:45:34,375 INFO - ContAudITWrapper#73 - Artifact apache2.workflow hash: bdb4cee855e21446b6ae53ddcb76a1632ef8c4545b5db0517e01ffd552157f6e
2024-10-11 04:45:34,452 INFO - ContAudITWrapper#73 - Validating Artifact...
2024-10-11 04:45:46,950 INFO - ContAudITWrapper#73 - Response true
2024-10-11 04:45:46,957 INFO - ContAudITWrapper#73 - Running pre-command actions...
2024-10-11 04:45:46,958 INFO - ContAudITWrapper#73 - Analyzing current environment state...
2024-10-11 04:45:47,183 INFO - ContAudITWrapper#73 - Saving current environment state...
2024-10-11 04:45:47,184 INFO - ContAudITWrapper#73 - Environment state hash: a7ffc6f8bf1ed76651c14756a061d662f580ff4de43b49fa82d80a4b80f8434a
2024-10-11 04:45:47,184 INFO - ContAudITWrapper#73 - Executing command...
2024-10-11 04:45:48,757 INFO - ContAudITWrapper#73 - Command output: 
2024-10-11 04:45:47.361602355 [executor] Initializing the workflow...
[apache2_workflow] Apache HTTP Server already installed.
[apache2_workflow] UserDir module already loaded.
[apache2_workflow] Configs to UserDir already exist.
[apache2_workflow] public_html directory already exists in /home/ec2-user.
[apache2_workflow] Creating a simple webpage...
[apache2_workflow] Moving webpage to Apache HTTP Server user website folder...
[apache2_workflow] Page moved successfully!
2024-10-11 04:45:48.756302233 [executor] Finished!

2024-10-11 04:45:48,757 INFO - ContAudITWrapper#73 - Running post-command actions...
2024-10-11 04:45:48,757 INFO - ContAudITWrapper#73 - Analyzing current environment state...
2024-10-11 04:45:48,882 INFO - ContAudITWrapper#73 - Saving current environment state...
2024-10-11 04:45:48,882 INFO - ContAudITWrapper#73 - Environment state hash: a7ffc6f8bf1ed76651c14756a061d662f580ff4de43b49fa82d80a4b80f8434a
2024-10-11 04:45:48,882 INFO - ContAudITWrapper#73 - Checking environment diff...
2024-10-11 04:45:48,951 INFO - ContAudITWrapper#73 - Environment diff: 
2024-10-11 04:45:48,952 INFO - ContAudITWrapper#73 - Cleaning temporary files...
2024-10-11 04:45:48,994 INFO - ContAudITWrapper#73 - Sending to blockchain...
2024-10-11 04:45:58,944 INFO - ContAudITWrapper#73 - Response 
2024-10-11 04:45:58,945 INFO - ContAudITWrapper#73 - Finishing ContAudIT Wrapper...
