2024-10-11 04:43:50,374 INFO - ContAudITWrapper#34 - Initializing ContAudIT Wrapper...
2024-10-11 04:43:50,479 INFO - ContAudITWrapper#34 - Current directory: /home/ec2-user/Code/ufrgs-poc/contaudit-wrapper.jar
2024-10-11 04:44:13,055 INFO - ContAudITWrapper#34 - Wrapper hash: b7519188ed863d76e5199a8d880bb968bdf9124fad53b871583787e123a7a764
2024-10-11 04:44:13,106 INFO - ContAudITWrapper#34 - Validating Wrapper...
2024-10-11 04:45:24,236 INFO - ContAudITWrapper#34 - Response true
2024-10-11 04:45:24,376 INFO - ContAudITWrapper#34 - Application hash: e36ee2d35f8c4c41bd358782dfb3ac8852b40439d350ff27616f0c18819ce9bf
2024-10-11 04:45:24,424 INFO - ContAudITWrapper#34 - Validating Application...
2024-10-11 04:45:37,071 INFO - ContAudITWrapper#34 - Response true
2024-10-11 04:45:37,080 INFO - ContAudITWrapper#34 - Artifact apache2.workflow hash: bdb4cee855e21446b6ae53ddcb76a1632ef8c4545b5db0517e01ffd552157f6e
2024-10-11 04:45:37,206 INFO - ContAudITWrapper#34 - Validating Artifact...
2024-10-11 04:45:53,317 INFO - ContAudITWrapper#34 - Response true
2024-10-11 04:45:53,331 INFO - ContAudITWrapper#34 - Running pre-command actions...
2024-10-11 04:45:53,333 INFO - ContAudITWrapper#34 - Analyzing current environment state...
2024-10-11 04:45:53,543 INFO - ContAudITWrapper#34 - Saving current environment state...
2024-10-11 04:45:53,544 INFO - ContAudITWrapper#34 - Environment state hash: a7ffc6f8bf1ed76651c14756a061d662f580ff4de43b49fa82d80a4b80f8434a
2024-10-11 04:45:53,544 INFO - ContAudITWrapper#34 - Executing command...
2024-10-11 04:45:55,183 INFO - ContAudITWrapper#34 - Command output: 
2024-10-11 04:45:53.692045755 [executor] Initializing the workflow...
[apache2_workflow] Apache HTTP Server already installed.
[apache2_workflow] UserDir module already loaded.
[apache2_workflow] Configs to UserDir already exist.
[apache2_workflow] public_html directory already exists in /home/ec2-user.
[apache2_workflow] Creating a simple webpage...
[apache2_workflow] Moving webpage to Apache HTTP Server user website folder...
[apache2_workflow] Page moved successfully!
2024-10-11 04:45:55.182015255 [executor] Finished!

2024-10-11 04:45:55,183 INFO - ContAudITWrapper#34 - Running post-command actions...
2024-10-11 04:45:55,183 INFO - ContAudITWrapper#34 - Analyzing current environment state...
2024-10-11 04:45:55,304 INFO - ContAudITWrapper#34 - Saving current environment state...
2024-10-11 04:45:55,305 INFO - ContAudITWrapper#34 - Environment state hash: a7ffc6f8bf1ed76651c14756a061d662f580ff4de43b49fa82d80a4b80f8434a
2024-10-11 04:45:55,305 INFO - ContAudITWrapper#34 - Checking environment diff...
2024-10-11 04:45:55,400 INFO - ContAudITWrapper#34 - Environment diff: 
2024-10-11 04:45:55,402 INFO - ContAudITWrapper#34 - Cleaning temporary files...
2024-10-11 04:45:55,435 INFO - ContAudITWrapper#34 - Sending to blockchain...
2024-10-11 04:46:04,825 INFO - ContAudITWrapper#34 - Response 
2024-10-11 04:46:04,826 INFO - ContAudITWrapper#34 - Finishing ContAudIT Wrapper...
