2024-10-11 04:43:50,670 INFO - ContAudITWrapper#23 - Initializing ContAudIT Wrapper...
2024-10-11 04:43:50,816 INFO - ContAudITWrapper#23 - Current directory: /home/ec2-user/Code/ufrgs-poc/contaudit-wrapper.jar
2024-10-11 04:44:15,156 INFO - ContAudITWrapper#23 - Wrapper hash: b7519188ed863d76e5199a8d880bb968bdf9124fad53b871583787e123a7a764
2024-10-11 04:44:15,283 INFO - ContAudITWrapper#23 - Validating Wrapper...
2024-10-11 04:45:24,604 INFO - ContAudITWrapper#23 - Response true
2024-10-11 04:45:24,919 INFO - ContAudITWrapper#23 - Application hash: e36ee2d35f8c4c41bd358782dfb3ac8852b40439d350ff27616f0c18819ce9bf
2024-10-11 04:45:24,920 INFO - ContAudITWrapper#23 - Validating Application...
2024-10-11 04:45:39,110 INFO - ContAudITWrapper#23 - Response true
2024-10-11 04:45:39,115 INFO - ContAudITWrapper#23 - Artifact apache2.workflow hash: bdb4cee855e21446b6ae53ddcb76a1632ef8c4545b5db0517e01ffd552157f6e
2024-10-11 04:45:39,165 INFO - ContAudITWrapper#23 - Validating Artifact...
2024-10-11 04:45:53,128 INFO - ContAudITWrapper#23 - Response true
2024-10-11 04:45:53,211 INFO - ContAudITWrapper#23 - Running pre-command actions...
2024-10-11 04:45:53,212 INFO - ContAudITWrapper#23 - Analyzing current environment state...
2024-10-11 04:45:53,361 INFO - ContAudITWrapper#23 - Saving current environment state...
2024-10-11 04:45:53,363 INFO - ContAudITWrapper#23 - Environment state hash: a7ffc6f8bf1ed76651c14756a061d662f580ff4de43b49fa82d80a4b80f8434a
2024-10-11 04:45:53,364 INFO - ContAudITWrapper#23 - Executing command...
2024-10-11 04:45:55,151 INFO - ContAudITWrapper#23 - Command output: 
2024-10-11 04:45:53.473050859 [executor] Initializing the workflow...
[apache2_workflow] Apache HTTP Server already installed.
[apache2_workflow] UserDir module already loaded.
[apache2_workflow] Configs to UserDir already exist.
[apache2_workflow] public_html directory already exists in /home/ec2-user.
[apache2_workflow] Creating a simple webpage...
[apache2_workflow] Moving webpage to Apache HTTP Server user website folder...
[apache2_workflow] Page moved successfully!
2024-10-11 04:45:55.149612192 [executor] Finished!

2024-10-11 04:45:55,152 INFO - ContAudITWrapper#23 - Running post-command actions...
2024-10-11 04:45:55,152 INFO - ContAudITWrapper#23 - Analyzing current environment state...
2024-10-11 04:45:55,282 INFO - ContAudITWrapper#23 - Saving current environment state...
2024-10-11 04:45:55,283 INFO - ContAudITWrapper#23 - Environment state hash: a7ffc6f8bf1ed76651c14756a061d662f580ff4de43b49fa82d80a4b80f8434a
2024-10-11 04:45:55,283 INFO - ContAudITWrapper#23 - Checking environment diff...
2024-10-11 04:45:55,399 INFO - ContAudITWrapper#23 - Environment diff: 
2024-10-11 04:45:55,400 INFO - ContAudITWrapper#23 - Cleaning temporary files...
2024-10-11 04:45:55,491 INFO - ContAudITWrapper#23 - Sending to blockchain...
2024-10-11 04:46:05,406 INFO - ContAudITWrapper#23 - Response 
2024-10-11 04:46:05,408 INFO - ContAudITWrapper#23 - Finishing ContAudIT Wrapper...
