2024-10-11 04:43:50,568 INFO - ContAudITWrapper#5 - Initializing ContAudIT Wrapper...
2024-10-11 04:43:50,828 INFO - ContAudITWrapper#5 - Current directory: /home/ec2-user/Code/ufrgs-poc/contaudit-wrapper.jar
2024-10-11 04:44:13,567 INFO - ContAudITWrapper#5 - Wrapper hash: b7519188ed863d76e5199a8d880bb968bdf9124fad53b871583787e123a7a764
2024-10-11 04:44:13,653 INFO - ContAudITWrapper#5 - Validating Wrapper...
2024-10-11 04:45:22,645 INFO - ContAudITWrapper#5 - Response true
2024-10-11 04:45:22,915 INFO - ContAudITWrapper#5 - Application hash: e36ee2d35f8c4c41bd358782dfb3ac8852b40439d350ff27616f0c18819ce9bf
2024-10-11 04:45:22,916 INFO - ContAudITWrapper#5 - Validating Application...
2024-10-11 04:45:33,810 INFO - ContAudITWrapper#5 - Response true
2024-10-11 04:45:33,819 INFO - ContAudITWrapper#5 - Artifact apache2.workflow hash: bdb4cee855e21446b6ae53ddcb76a1632ef8c4545b5db0517e01ffd552157f6e
2024-10-11 04:45:33,829 INFO - ContAudITWrapper#5 - Validating Artifact...
2024-10-11 04:45:46,549 INFO - ContAudITWrapper#5 - Response true
2024-10-11 04:45:46,569 INFO - ContAudITWrapper#5 - Running pre-command actions...
2024-10-11 04:45:46,573 INFO - ContAudITWrapper#5 - Analyzing current environment state...
2024-10-11 04:45:46,715 INFO - ContAudITWrapper#5 - Saving current environment state...
2024-10-11 04:45:46,716 INFO - ContAudITWrapper#5 - Environment state hash: a7ffc6f8bf1ed76651c14756a061d662f580ff4de43b49fa82d80a4b80f8434a
2024-10-11 04:45:46,716 INFO - ContAudITWrapper#5 - Executing command...
2024-10-11 04:45:48,702 INFO - ContAudITWrapper#5 - Command output: 
2024-10-11 04:45:46.891270635 [executor] Initializing the workflow...
[apache2_workflow] Apache HTTP Server already installed.
[apache2_workflow] UserDir module already loaded.
[apache2_workflow] Configs to UserDir already exist.
[apache2_workflow] public_html directory already exists in /home/ec2-user.
[apache2_workflow] Creating a simple webpage...
[apache2_workflow] Moving webpage to Apache HTTP Server user website folder...
[apache2_workflow] Page moved successfully!
2024-10-11 04:45:48.666002810 [executor] Finished!

2024-10-11 04:45:48,702 INFO - ContAudITWrapper#5 - Running post-command actions...
2024-10-11 04:45:48,703 INFO - ContAudITWrapper#5 - Analyzing current environment state...
2024-10-11 04:45:48,927 INFO - ContAudITWrapper#5 - Saving current environment state...
2024-10-11 04:45:48,927 INFO - ContAudITWrapper#5 - Environment state hash: a7ffc6f8bf1ed76651c14756a061d662f580ff4de43b49fa82d80a4b80f8434a
2024-10-11 04:45:48,928 INFO - ContAudITWrapper#5 - Checking environment diff...
2024-10-11 04:45:48,971 INFO - ContAudITWrapper#5 - Environment diff: 
2024-10-11 04:45:48,971 INFO - ContAudITWrapper#5 - Cleaning temporary files...
2024-10-11 04:45:49,122 INFO - ContAudITWrapper#5 - Sending to blockchain...
2024-10-11 04:46:02,952 INFO - ContAudITWrapper#5 - Response 
2024-10-11 04:46:02,953 INFO - ContAudITWrapper#5 - Finishing ContAudIT Wrapper...
