2024-10-11 04:43:48,079 INFO - ContAudITWrapper#38 - Initializing ContAudIT Wrapper...
2024-10-11 04:43:48,179 INFO - ContAudITWrapper#38 - Current directory: /home/ec2-user/Code/ufrgs-poc/contaudit-wrapper.jar
2024-10-11 04:44:11,245 INFO - ContAudITWrapper#38 - Wrapper hash: b7519188ed863d76e5199a8d880bb968bdf9124fad53b871583787e123a7a764
2024-10-11 04:44:11,288 INFO - ContAudITWrapper#38 - Validating Wrapper...
2024-10-11 04:45:17,525 INFO - ContAudITWrapper#38 - Response true
2024-10-11 04:45:17,766 INFO - ContAudITWrapper#38 - Application hash: e36ee2d35f8c4c41bd358782dfb3ac8852b40439d350ff27616f0c18819ce9bf
2024-10-11 04:45:17,768 INFO - ContAudITWrapper#38 - Validating Application...
2024-10-11 04:45:34,362 INFO - ContAudITWrapper#38 - Response true
2024-10-11 04:45:34,373 INFO - ContAudITWrapper#38 - Artifact apache2.workflow hash: bdb4cee855e21446b6ae53ddcb76a1632ef8c4545b5db0517e01ffd552157f6e
2024-10-11 04:45:34,557 INFO - ContAudITWrapper#38 - Validating Artifact...
2024-10-11 04:45:48,211 INFO - ContAudITWrapper#38 - Response true
2024-10-11 04:45:48,227 INFO - ContAudITWrapper#38 - Running pre-command actions...
2024-10-11 04:45:48,231 INFO - ContAudITWrapper#38 - Analyzing current environment state...
2024-10-11 04:45:48,481 INFO - ContAudITWrapper#38 - Saving current environment state...
2024-10-11 04:45:48,482 INFO - ContAudITWrapper#38 - Environment state hash: a7ffc6f8bf1ed76651c14756a061d662f580ff4de43b49fa82d80a4b80f8434a
2024-10-11 04:45:48,483 INFO - ContAudITWrapper#38 - Executing command...
2024-10-11 04:45:50,001 INFO - ContAudITWrapper#38 - Command output: 
2024-10-11 04:45:48.594049857 [executor] Initializing the workflow...
[apache2_workflow] Apache HTTP Server already installed.
[apache2_workflow] UserDir module already loaded.
[apache2_workflow] Configs to UserDir already exist.
[apache2_workflow] public_html directory already exists in /home/ec2-user.
[apache2_workflow] Creating a simple webpage...
[apache2_workflow] Moving webpage to Apache HTTP Server user website folder...
[apache2_workflow] Page moved successfully!
2024-10-11 04:45:49.995272073 [executor] Finished!

2024-10-11 04:45:50,001 INFO - ContAudITWrapper#38 - Running post-command actions...
2024-10-11 04:45:50,001 INFO - ContAudITWrapper#38 - Analyzing current environment state...
2024-10-11 04:45:50,149 INFO - ContAudITWrapper#38 - Saving current environment state...
2024-10-11 04:45:50,150 INFO - ContAudITWrapper#38 - Environment state hash: a7ffc6f8bf1ed76651c14756a061d662f580ff4de43b49fa82d80a4b80f8434a
2024-10-11 04:45:50,150 INFO - ContAudITWrapper#38 - Checking environment diff...
2024-10-11 04:45:50,284 INFO - ContAudITWrapper#38 - Environment diff: 
2024-10-11 04:45:50,285 INFO - ContAudITWrapper#38 - Cleaning temporary files...
2024-10-11 04:45:50,370 INFO - ContAudITWrapper#38 - Sending to blockchain...
2024-10-11 04:46:03,578 INFO - ContAudITWrapper#38 - Response 
2024-10-11 04:46:03,580 INFO - ContAudITWrapper#38 - Finishing ContAudIT Wrapper...
