2024-10-11 04:43:48,491 INFO - ContAudITWrapper#3 - Initializing ContAudIT Wrapper...
2024-10-11 04:43:48,584 INFO - ContAudITWrapper#3 - Current directory: /home/ec2-user/Code/ufrgs-poc/contaudit-wrapper.jar
2024-10-11 04:44:10,605 INFO - ContAudITWrapper#3 - Wrapper hash: b7519188ed863d76e5199a8d880bb968bdf9124fad53b871583787e123a7a764
2024-10-11 04:44:10,668 INFO - ContAudITWrapper#3 - Validating Wrapper...
2024-10-11 04:45:14,573 INFO - ContAudITWrapper#3 - Response true
2024-10-11 04:45:14,727 INFO - ContAudITWrapper#3 - Application hash: e36ee2d35f8c4c41bd358782dfb3ac8852b40439d350ff27616f0c18819ce9bf
2024-10-11 04:45:14,769 INFO - ContAudITWrapper#3 - Validating Application...
2024-10-11 04:45:28,811 INFO - ContAudITWrapper#3 - Response true
2024-10-11 04:45:28,822 INFO - ContAudITWrapper#3 - Artifact apache2.workflow hash: bdb4cee855e21446b6ae53ddcb76a1632ef8c4545b5db0517e01ffd552157f6e
2024-10-11 04:45:28,874 INFO - ContAudITWrapper#3 - Validating Artifact...
2024-10-11 04:45:41,819 INFO - ContAudITWrapper#3 - Response true
2024-10-11 04:45:41,825 INFO - ContAudITWrapper#3 - Running pre-command actions...
2024-10-11 04:45:41,826 INFO - ContAudITWrapper#3 - Analyzing current environment state...
2024-10-11 04:45:42,046 INFO - ContAudITWrapper#3 - Saving current environment state...
2024-10-11 04:45:42,047 INFO - ContAudITWrapper#3 - Environment state hash: a7ffc6f8bf1ed76651c14756a061d662f580ff4de43b49fa82d80a4b80f8434a
2024-10-11 04:45:42,047 INFO - ContAudITWrapper#3 - Executing command...
2024-10-11 04:45:43,570 INFO - ContAudITWrapper#3 - Command output: 
2024-10-11 04:45:42.082074588 [executor] Initializing the workflow...
[apache2_workflow] Apache HTTP Server already installed.
[apache2_workflow] UserDir module already loaded.
[apache2_workflow] Configs to UserDir already exist.
[apache2_workflow] public_html directory already exists in /home/ec2-user.
[apache2_workflow] Creating a simple webpage...
[apache2_workflow] Moving webpage to Apache HTTP Server user website folder...
[apache2_workflow] Page moved successfully!
2024-10-11 04:45:43.569432256 [executor] Finished!

2024-10-11 04:45:43,570 INFO - ContAudITWrapper#3 - Running post-command actions...
2024-10-11 04:45:43,571 INFO - ContAudITWrapper#3 - Analyzing current environment state...
2024-10-11 04:45:43,676 INFO - ContAudITWrapper#3 - Saving current environment state...
2024-10-11 04:45:43,677 INFO - ContAudITWrapper#3 - Environment state hash: a7ffc6f8bf1ed76651c14756a061d662f580ff4de43b49fa82d80a4b80f8434a
2024-10-11 04:45:43,677 INFO - ContAudITWrapper#3 - Checking environment diff...
2024-10-11 04:45:43,746 INFO - ContAudITWrapper#3 - Environment diff: 
2024-10-11 04:45:43,746 INFO - ContAudITWrapper#3 - Cleaning temporary files...
2024-10-11 04:45:43,814 INFO - ContAudITWrapper#3 - Sending to blockchain...
2024-10-11 04:46:00,781 INFO - ContAudITWrapper#3 - Response 
2024-10-11 04:46:00,782 INFO - ContAudITWrapper#3 - Finishing ContAudIT Wrapper...
