2024-10-11 04:43:51,303 INFO - ContAudITWrapper#86 - Initializing ContAudIT Wrapper...
2024-10-11 04:43:51,494 INFO - ContAudITWrapper#86 - Current directory: /home/ec2-user/Code/ufrgs-poc/contaudit-wrapper.jar
2024-10-11 04:44:18,227 INFO - ContAudITWrapper#86 - Wrapper hash: b7519188ed863d76e5199a8d880bb968bdf9124fad53b871583787e123a7a764
2024-10-11 04:44:18,292 INFO - ContAudITWrapper#86 - Validating Wrapper...
2024-10-11 04:45:31,446 INFO - ContAudITWrapper#86 - Response true
2024-10-11 04:45:31,893 INFO - ContAudITWrapper#86 - Application hash: e36ee2d35f8c4c41bd358782dfb3ac8852b40439d350ff27616f0c18819ce9bf
2024-10-11 04:45:31,894 INFO - ContAudITWrapper#86 - Validating Application...
2024-10-11 04:45:40,476 INFO - ContAudITWrapper#86 - Response true
2024-10-11 04:45:40,490 INFO - ContAudITWrapper#86 - Artifact apache2.workflow hash: bdb4cee855e21446b6ae53ddcb76a1632ef8c4545b5db0517e01ffd552157f6e
2024-10-11 04:45:40,529 INFO - ContAudITWrapper#86 - Validating Artifact...
2024-10-11 04:45:53,859 INFO - ContAudITWrapper#86 - Response true
2024-10-11 04:45:53,865 INFO - ContAudITWrapper#86 - Running pre-command actions...
2024-10-11 04:45:53,870 INFO - ContAudITWrapper#86 - Analyzing current environment state...
2024-10-11 04:45:54,010 INFO - ContAudITWrapper#86 - Saving current environment state...
2024-10-11 04:45:54,011 INFO - ContAudITWrapper#86 - Environment state hash: a7ffc6f8bf1ed76651c14756a061d662f580ff4de43b49fa82d80a4b80f8434a
2024-10-11 04:45:54,011 INFO - ContAudITWrapper#86 - Executing command...
2024-10-11 04:45:55,582 INFO - ContAudITWrapper#86 - Command output: 
2024-10-11 04:45:54.236701779 [executor] Initializing the workflow...
[apache2_workflow] Apache HTTP Server already installed.
[apache2_workflow] UserDir module already loaded.
[apache2_workflow] Configs to UserDir already exist.
[apache2_workflow] public_html directory already exists in /home/ec2-user.
[apache2_workflow] Creating a simple webpage...
[apache2_workflow] Moving webpage to Apache HTTP Server user website folder...
[apache2_workflow] Page moved successfully!
2024-10-11 04:45:55.581066039 [executor] Finished!

2024-10-11 04:45:55,582 INFO - ContAudITWrapper#86 - Running post-command actions...
2024-10-11 04:45:55,582 INFO - ContAudITWrapper#86 - Analyzing current environment state...
2024-10-11 04:45:55,686 INFO - ContAudITWrapper#86 - Saving current environment state...
2024-10-11 04:45:55,687 INFO - ContAudITWrapper#86 - Environment state hash: a7ffc6f8bf1ed76651c14756a061d662f580ff4de43b49fa82d80a4b80f8434a
2024-10-11 04:45:55,687 INFO - ContAudITWrapper#86 - Checking environment diff...
2024-10-11 04:45:55,774 INFO - ContAudITWrapper#86 - Environment diff: 
2024-10-11 04:45:55,775 INFO - ContAudITWrapper#86 - Cleaning temporary files...
2024-10-11 04:45:55,830 INFO - ContAudITWrapper#86 - Sending to blockchain...
2024-10-11 04:46:06,022 INFO - ContAudITWrapper#86 - Response 
2024-10-11 04:46:06,023 INFO - ContAudITWrapper#86 - Finishing ContAudIT Wrapper...
