2024-10-11 04:43:51,099 INFO - ContAudITWrapper#55 - Initializing ContAudIT Wrapper...
2024-10-11 04:43:51,275 INFO - ContAudITWrapper#55 - Current directory: /home/ec2-user/Code/ufrgs-poc/contaudit-wrapper.jar
2024-10-11 04:44:11,076 INFO - ContAudITWrapper#55 - Wrapper hash: b7519188ed863d76e5199a8d880bb968bdf9124fad53b871583787e123a7a764
2024-10-11 04:44:11,134 INFO - ContAudITWrapper#55 - Validating Wrapper...
2024-10-11 04:45:17,689 INFO - ContAudITWrapper#55 - Response true
2024-10-11 04:45:17,894 INFO - ContAudITWrapper#55 - Application hash: e36ee2d35f8c4c41bd358782dfb3ac8852b40439d350ff27616f0c18819ce9bf
2024-10-11 04:45:17,910 INFO - ContAudITWrapper#55 - Validating Application...
2024-10-11 04:45:32,856 INFO - ContAudITWrapper#55 - Response true
2024-10-11 04:45:32,887 INFO - ContAudITWrapper#55 - Artifact apache2.workflow hash: bdb4cee855e21446b6ae53ddcb76a1632ef8c4545b5db0517e01ffd552157f6e
2024-10-11 04:45:32,915 INFO - ContAudITWrapper#55 - Validating Artifact...
2024-10-11 04:45:46,703 INFO - ContAudITWrapper#55 - Response true
2024-10-11 04:45:46,711 INFO - ContAudITWrapper#55 - Running pre-command actions...
2024-10-11 04:45:46,712 INFO - ContAudITWrapper#55 - Analyzing current environment state...
2024-10-11 04:45:46,917 INFO - ContAudITWrapper#55 - Saving current environment state...
2024-10-11 04:45:46,918 INFO - ContAudITWrapper#55 - Environment state hash: a7ffc6f8bf1ed76651c14756a061d662f580ff4de43b49fa82d80a4b80f8434a
2024-10-11 04:45:46,918 INFO - ContAudITWrapper#55 - Executing command...
2024-10-11 04:45:48,432 INFO - ContAudITWrapper#55 - Command output: 
2024-10-11 04:45:47.123065391 [executor] Initializing the workflow...
[apache2_workflow] Apache HTTP Server already installed.
[apache2_workflow] UserDir module already loaded.
[apache2_workflow] Configs to UserDir already exist.
[apache2_workflow] public_html directory already exists in /home/ec2-user.
[apache2_workflow] Creating a simple webpage...
[apache2_workflow] Moving webpage to Apache HTTP Server user website folder...
[apache2_workflow] Page moved successfully!
2024-10-11 04:45:48.431163457 [executor] Finished!

2024-10-11 04:45:48,432 INFO - ContAudITWrapper#55 - Running post-command actions...
2024-10-11 04:45:48,432 INFO - ContAudITWrapper#55 - Analyzing current environment state...
2024-10-11 04:45:48,635 INFO - ContAudITWrapper#55 - Saving current environment state...
2024-10-11 04:45:48,636 INFO - ContAudITWrapper#55 - Environment state hash: a7ffc6f8bf1ed76651c14756a061d662f580ff4de43b49fa82d80a4b80f8434a
2024-10-11 04:45:48,636 INFO - ContAudITWrapper#55 - Checking environment diff...
2024-10-11 04:45:48,831 INFO - ContAudITWrapper#55 - Environment diff: 
2024-10-11 04:45:48,831 INFO - ContAudITWrapper#55 - Cleaning temporary files...
2024-10-11 04:45:48,982 INFO - ContAudITWrapper#55 - Sending to blockchain...
2024-10-11 04:46:03,572 INFO - ContAudITWrapper#55 - Response 
2024-10-11 04:46:03,573 INFO - ContAudITWrapper#55 - Finishing ContAudIT Wrapper...
