2024-06-27 23:45:28,760 INFO - ContAudITWrapper#1 - Initializing ContAudIT Wrapper...
2024-06-27 23:45:28,854 INFO - ContAudITWrapper#1 - Current directory: /home/kali/Code/ufrgs-poc/contaudit-wrapper.jar
2024-06-27 23:45:37,117 INFO - ContAudITWrapper#1 - Wrapper hash: c76a1b1bb9edc25f91da61e17225b6709df7b63d34810aab1d42c0f930950c0b
2024-06-27 23:45:37,144 INFO - ContAudITWrapper#1 - Validating Wrapper...
2024-06-27 23:46:03,854 INFO - ContAudITWrapper#1 - Response true
2024-06-27 23:46:03,902 INFO - ContAudITWrapper#1 - Application hash: e36ee2d35f8c4c41bd358782dfb3ac8852b40439d350ff27616f0c18819ce9bf
2024-06-27 23:46:03,903 INFO - ContAudITWrapper#1 - Validating Application...
2024-06-27 23:46:07,376 INFO - ContAudITWrapper#1 - Response true
2024-06-27 23:46:07,404 INFO - ContAudITWrapper#1 - Artifact apache2.workflow hash: 94d5f6758492dbe0e869e1486907a86cb16f7931019b4acb0e7f38c98cf1b06d
2024-06-27 23:46:07,422 INFO - ContAudITWrapper#1 - Validating Artifact...
2024-06-27 23:46:12,932 INFO - ContAudITWrapper#1 - Response true
2024-06-27 23:46:12,943 INFO - ContAudITWrapper#1 - Running pre-command actions...
2024-06-27 23:46:12,945 INFO - ContAudITWrapper#1 - Analyzing current environment state...
2024-06-27 23:46:13,942 INFO - ContAudITWrapper#1 - Saving current environment state...
2024-06-27 23:46:13,947 INFO - ContAudITWrapper#1 - Environment state hash: 1776e4b78f696d486603e30cb7241013e927d69ca8030fa37e187c49ffd758cd
2024-06-27 23:46:13,947 INFO - ContAudITWrapper#1 - Executing command...
2024-06-27 23:46:14,308 INFO - ContAudITWrapper#1 - Command output: 
2024-06-27 23:46:14.066564948 [executor] Initializing the workflow...
[apache2_workflow] Create a simple webpage...
[apache2_workflow] Move webpage to Apache HTTP Server user website folder...
2024-06-27 23:46:14.307422969 [executor] Finished!

2024-06-27 23:46:14,309 INFO - ContAudITWrapper#1 - Running post-command actions...
2024-06-27 23:46:14,309 INFO - ContAudITWrapper#1 - Analyzing current environment state...
2024-06-27 23:46:14,910 INFO - ContAudITWrapper#1 - Saving current environment state...
2024-06-27 23:46:14,913 INFO - ContAudITWrapper#1 - Environment state hash: 1776e4b78f696d486603e30cb7241013e927d69ca8030fa37e187c49ffd758cd
2024-06-27 23:46:14,915 INFO - ContAudITWrapper#1 - Checking environment diff...
2024-06-27 23:46:14,983 INFO - ContAudITWrapper#1 - Environment diff: 
2024-06-27 23:46:14,983 INFO - ContAudITWrapper#1 - Cleaning temporary files...
2024-06-27 23:46:15,027 INFO - ContAudITWrapper#1 - Sending to blockchain...
2024-06-27 23:46:25,118 INFO - ContAudITWrapper#1 - Response 
2024-06-27 23:46:25,138 INFO - ContAudITWrapper#1 - Finishing ContAudIT Wrapper...
