2024-06-27 23:45:27,687 INFO - ContAudITWrapper#18 - Initializing ContAudIT Wrapper...
2024-06-27 23:45:27,785 INFO - ContAudITWrapper#18 - Current directory: /home/kali/Code/ufrgs-poc/contaudit-wrapper.jar
2024-06-27 23:45:37,974 INFO - ContAudITWrapper#18 - Wrapper hash: c76a1b1bb9edc25f91da61e17225b6709df7b63d34810aab1d42c0f930950c0b
2024-06-27 23:45:37,991 INFO - ContAudITWrapper#18 - Validating Wrapper...
2024-06-27 23:46:09,039 INFO - ContAudITWrapper#18 - Response true
2024-06-27 23:46:09,125 INFO - ContAudITWrapper#18 - Application hash: e36ee2d35f8c4c41bd358782dfb3ac8852b40439d350ff27616f0c18819ce9bf
2024-06-27 23:46:09,126 INFO - ContAudITWrapper#18 - Validating Application...
2024-06-27 23:46:14,827 INFO - ContAudITWrapper#18 - Response true
2024-06-27 23:46:14,832 INFO - ContAudITWrapper#18 - Artifact apache2.workflow hash: 94d5f6758492dbe0e869e1486907a86cb16f7931019b4acb0e7f38c98cf1b06d
2024-06-27 23:46:14,888 INFO - ContAudITWrapper#18 - Validating Artifact...
2024-06-27 23:46:20,829 INFO - ContAudITWrapper#18 - Response true
2024-06-27 23:46:20,849 INFO - ContAudITWrapper#18 - Running pre-command actions...
2024-06-27 23:46:20,853 INFO - ContAudITWrapper#18 - Analyzing current environment state...
2024-06-27 23:46:21,481 INFO - ContAudITWrapper#18 - Saving current environment state...
2024-06-27 23:46:21,492 INFO - ContAudITWrapper#18 - Environment state hash: 1776e4b78f696d486603e30cb7241013e927d69ca8030fa37e187c49ffd758cd
2024-06-27 23:46:21,492 INFO - ContAudITWrapper#18 - Executing command...
2024-06-27 23:46:21,723 INFO - ContAudITWrapper#18 - Command output: 
2024-06-27 23:46:21.525716605 [executor] Initializing the workflow...
[apache2_workflow] Create a simple webpage...
[apache2_workflow] Move webpage to Apache HTTP Server user website folder...
2024-06-27 23:46:21.722007666 [executor] Finished!

2024-06-27 23:46:21,723 INFO - ContAudITWrapper#18 - Running post-command actions...
2024-06-27 23:46:21,723 INFO - ContAudITWrapper#18 - Analyzing current environment state...
2024-06-27 23:46:22,191 INFO - ContAudITWrapper#18 - Saving current environment state...
2024-06-27 23:46:22,194 INFO - ContAudITWrapper#18 - Environment state hash: 1776e4b78f696d486603e30cb7241013e927d69ca8030fa37e187c49ffd758cd
2024-06-27 23:46:22,195 INFO - ContAudITWrapper#18 - Checking environment diff...
2024-06-27 23:46:22,256 INFO - ContAudITWrapper#18 - Environment diff: 
2024-06-27 23:46:22,257 INFO - ContAudITWrapper#18 - Cleaning temporary files...
2024-06-27 23:46:22,374 INFO - ContAudITWrapper#18 - Sending to blockchain...
2024-06-27 23:46:30,041 INFO - ContAudITWrapper#18 - Response 
2024-06-27 23:46:30,046 INFO - ContAudITWrapper#18 - Finishing ContAudIT Wrapper...
