2024-06-27 23:45:27,159 INFO - ContAudITWrapper#23 - Initializing ContAudIT Wrapper...
2024-06-27 23:45:27,199 INFO - ContAudITWrapper#23 - Current directory: /home/kali/Code/ufrgs-poc/contaudit-wrapper.jar
2024-06-27 23:45:36,092 INFO - ContAudITWrapper#23 - Wrapper hash: c76a1b1bb9edc25f91da61e17225b6709df7b63d34810aab1d42c0f930950c0b
2024-06-27 23:45:36,181 INFO - ContAudITWrapper#23 - Validating Wrapper...
2024-06-27 23:46:00,991 INFO - ContAudITWrapper#23 - Response true
2024-06-27 23:46:01,127 INFO - ContAudITWrapper#23 - Application hash: e36ee2d35f8c4c41bd358782dfb3ac8852b40439d350ff27616f0c18819ce9bf
2024-06-27 23:46:01,130 INFO - ContAudITWrapper#23 - Validating Application...
2024-06-27 23:46:07,318 INFO - ContAudITWrapper#23 - Response true
2024-06-27 23:46:07,339 INFO - ContAudITWrapper#23 - Artifact apache2.workflow hash: 94d5f6758492dbe0e869e1486907a86cb16f7931019b4acb0e7f38c98cf1b06d
2024-06-27 23:46:07,412 INFO - ContAudITWrapper#23 - Validating Artifact...
2024-06-27 23:46:14,848 INFO - ContAudITWrapper#23 - Response true
2024-06-27 23:46:14,866 INFO - ContAudITWrapper#23 - Running pre-command actions...
2024-06-27 23:46:14,868 INFO - ContAudITWrapper#23 - Analyzing current environment state...
2024-06-27 23:46:15,472 INFO - ContAudITWrapper#23 - Saving current environment state...
2024-06-27 23:46:15,478 INFO - ContAudITWrapper#23 - Environment state hash: 1776e4b78f696d486603e30cb7241013e927d69ca8030fa37e187c49ffd758cd
2024-06-27 23:46:15,484 INFO - ContAudITWrapper#23 - Executing command...
2024-06-27 23:46:15,920 INFO - ContAudITWrapper#23 - Command output: 
2024-06-27 23:46:15.544958550 [executor] Initializing the workflow...
[apache2_workflow] Create a simple webpage...
[apache2_workflow] Move webpage to Apache HTTP Server user website folder...
2024-06-27 23:46:15.915738005 [executor] Finished!

2024-06-27 23:46:15,920 INFO - ContAudITWrapper#23 - Running post-command actions...
2024-06-27 23:46:15,920 INFO - ContAudITWrapper#23 - Analyzing current environment state...
2024-06-27 23:46:16,614 INFO - ContAudITWrapper#23 - Saving current environment state...
2024-06-27 23:46:16,617 INFO - ContAudITWrapper#23 - Environment state hash: 1776e4b78f696d486603e30cb7241013e927d69ca8030fa37e187c49ffd758cd
2024-06-27 23:46:16,618 INFO - ContAudITWrapper#23 - Checking environment diff...
2024-06-27 23:46:16,715 INFO - ContAudITWrapper#23 - Environment diff: 
2024-06-27 23:46:16,719 INFO - ContAudITWrapper#23 - Cleaning temporary files...
2024-06-27 23:46:16,794 INFO - ContAudITWrapper#23 - Sending to blockchain...
2024-06-27 23:46:25,059 INFO - ContAudITWrapper#23 - Response 
2024-06-27 23:46:25,061 INFO - ContAudITWrapper#23 - Finishing ContAudIT Wrapper...
