2024-06-27 23:45:27,763 INFO - ContAudITWrapper#15 - Initializing ContAudIT Wrapper...
2024-06-27 23:45:27,832 INFO - ContAudITWrapper#15 - Current directory: /home/kali/Code/ufrgs-poc/contaudit-wrapper.jar
2024-06-27 23:45:36,329 INFO - ContAudITWrapper#15 - Wrapper hash: c76a1b1bb9edc25f91da61e17225b6709df7b63d34810aab1d42c0f930950c0b
2024-06-27 23:45:36,439 INFO - ContAudITWrapper#15 - Validating Wrapper...
2024-06-27 23:46:04,210 INFO - ContAudITWrapper#15 - Response true
2024-06-27 23:46:04,275 INFO - ContAudITWrapper#15 - Application hash: e36ee2d35f8c4c41bd358782dfb3ac8852b40439d350ff27616f0c18819ce9bf
2024-06-27 23:46:04,276 INFO - ContAudITWrapper#15 - Validating Application...
2024-06-27 23:46:11,917 INFO - ContAudITWrapper#15 - Response true
2024-06-27 23:46:11,938 INFO - ContAudITWrapper#15 - Artifact apache2.workflow hash: 94d5f6758492dbe0e869e1486907a86cb16f7931019b4acb0e7f38c98cf1b06d
2024-06-27 23:46:11,956 INFO - ContAudITWrapper#15 - Validating Artifact...
2024-06-27 23:46:19,761 INFO - ContAudITWrapper#15 - Response true
2024-06-27 23:46:19,862 INFO - ContAudITWrapper#15 - Running pre-command actions...
2024-06-27 23:46:19,863 INFO - ContAudITWrapper#15 - Analyzing current environment state...
2024-06-27 23:46:21,101 INFO - ContAudITWrapper#15 - Saving current environment state...
2024-06-27 23:46:21,106 INFO - ContAudITWrapper#15 - Environment state hash: 1776e4b78f696d486603e30cb7241013e927d69ca8030fa37e187c49ffd758cd
2024-06-27 23:46:21,107 INFO - ContAudITWrapper#15 - Executing command...
2024-06-27 23:46:21,514 INFO - ContAudITWrapper#15 - Command output: 
2024-06-27 23:46:21.150661629 [executor] Initializing the workflow...
[apache2_workflow] Create a simple webpage...
[apache2_workflow] Move webpage to Apache HTTP Server user website folder...
2024-06-27 23:46:21.503051630 [executor] Finished!

2024-06-27 23:46:21,515 INFO - ContAudITWrapper#15 - Running post-command actions...
2024-06-27 23:46:21,515 INFO - ContAudITWrapper#15 - Analyzing current environment state...
2024-06-27 23:46:21,769 INFO - ContAudITWrapper#15 - Saving current environment state...
2024-06-27 23:46:21,787 INFO - ContAudITWrapper#15 - Environment state hash: 1776e4b78f696d486603e30cb7241013e927d69ca8030fa37e187c49ffd758cd
2024-06-27 23:46:21,788 INFO - ContAudITWrapper#15 - Checking environment diff...
2024-06-27 23:46:21,807 INFO - ContAudITWrapper#15 - Environment diff: 
2024-06-27 23:46:21,807 INFO - ContAudITWrapper#15 - Cleaning temporary files...
2024-06-27 23:46:21,833 INFO - ContAudITWrapper#15 - Sending to blockchain...
2024-06-27 23:46:30,037 INFO - ContAudITWrapper#15 - Response 
2024-06-27 23:46:30,039 INFO - ContAudITWrapper#15 - Finishing ContAudIT Wrapper...
