2024-06-27 23:45:29,016 INFO - ContAudITWrapper#19 - Initializing ContAudIT Wrapper...
2024-06-27 23:45:29,125 INFO - ContAudITWrapper#19 - Current directory: /home/kali/Code/ufrgs-poc/contaudit-wrapper.jar
2024-06-27 23:45:36,705 INFO - ContAudITWrapper#19 - Wrapper hash: c76a1b1bb9edc25f91da61e17225b6709df7b63d34810aab1d42c0f930950c0b
2024-06-27 23:45:36,778 INFO - ContAudITWrapper#19 - Validating Wrapper...
2024-06-27 23:45:57,601 INFO - ContAudITWrapper#19 - Response true
2024-06-27 23:45:57,637 INFO - ContAudITWrapper#19 - Application hash: e36ee2d35f8c4c41bd358782dfb3ac8852b40439d350ff27616f0c18819ce9bf
2024-06-27 23:45:57,638 INFO - ContAudITWrapper#19 - Validating Application...
2024-06-27 23:46:01,892 INFO - ContAudITWrapper#19 - Response true
2024-06-27 23:46:01,901 INFO - ContAudITWrapper#19 - Artifact apache2.workflow hash: 94d5f6758492dbe0e869e1486907a86cb16f7931019b4acb0e7f38c98cf1b06d
2024-06-27 23:46:01,908 INFO - ContAudITWrapper#19 - Validating Artifact...
2024-06-27 23:46:08,837 INFO - ContAudITWrapper#19 - Response true
2024-06-27 23:46:08,839 INFO - ContAudITWrapper#19 - Running pre-command actions...
2024-06-27 23:46:08,840 INFO - ContAudITWrapper#19 - Analyzing current environment state...
2024-06-27 23:46:09,612 INFO - ContAudITWrapper#19 - Saving current environment state...
2024-06-27 23:46:09,624 INFO - ContAudITWrapper#19 - Environment state hash: 1776e4b78f696d486603e30cb7241013e927d69ca8030fa37e187c49ffd758cd
2024-06-27 23:46:09,627 INFO - ContAudITWrapper#19 - Executing command...
2024-06-27 23:46:10,205 INFO - ContAudITWrapper#19 - Command output: 
2024-06-27 23:46:09.788844689 [executor] Initializing the workflow...
[apache2_workflow] Create a simple webpage...
[apache2_workflow] Move webpage to Apache HTTP Server user website folder...
2024-06-27 23:46:10.203967425 [executor] Finished!

2024-06-27 23:46:10,205 INFO - ContAudITWrapper#19 - Running post-command actions...
2024-06-27 23:46:10,205 INFO - ContAudITWrapper#19 - Analyzing current environment state...
2024-06-27 23:46:11,098 INFO - ContAudITWrapper#19 - Saving current environment state...
2024-06-27 23:46:11,100 INFO - ContAudITWrapper#19 - Environment state hash: 1776e4b78f696d486603e30cb7241013e927d69ca8030fa37e187c49ffd758cd
2024-06-27 23:46:11,101 INFO - ContAudITWrapper#19 - Checking environment diff...
2024-06-27 23:46:11,222 INFO - ContAudITWrapper#19 - Environment diff: 
2024-06-27 23:46:11,223 INFO - ContAudITWrapper#19 - Cleaning temporary files...
2024-06-27 23:46:11,344 INFO - ContAudITWrapper#19 - Sending to blockchain...
2024-06-27 23:46:19,766 INFO - ContAudITWrapper#19 - Response 
2024-06-27 23:46:19,768 INFO - ContAudITWrapper#19 - Finishing ContAudIT Wrapper...
