2024-06-27 23:45:28,681 INFO - ContAudITWrapper#25 - Initializing ContAudIT Wrapper...
2024-06-27 23:45:28,785 INFO - ContAudITWrapper#25 - Current directory: /home/kali/Code/ufrgs-poc/contaudit-wrapper.jar
2024-06-27 23:45:39,276 INFO - ContAudITWrapper#25 - Wrapper hash: c76a1b1bb9edc25f91da61e17225b6709df7b63d34810aab1d42c0f930950c0b
2024-06-27 23:45:39,304 INFO - ContAudITWrapper#25 - Validating Wrapper...
2024-06-27 23:46:10,031 INFO - ContAudITWrapper#25 - Response true
2024-06-27 23:46:10,060 INFO - ContAudITWrapper#25 - Application hash: e36ee2d35f8c4c41bd358782dfb3ac8852b40439d350ff27616f0c18819ce9bf
2024-06-27 23:46:10,061 INFO - ContAudITWrapper#25 - Validating Application...
2024-06-27 23:46:16,705 INFO - ContAudITWrapper#25 - Response true
2024-06-27 23:46:16,712 INFO - ContAudITWrapper#25 - Artifact apache2.workflow hash: 94d5f6758492dbe0e869e1486907a86cb16f7931019b4acb0e7f38c98cf1b06d
2024-06-27 23:46:16,744 INFO - ContAudITWrapper#25 - Validating Artifact...
2024-06-27 23:46:20,882 INFO - ContAudITWrapper#25 - Response true
2024-06-27 23:46:20,885 INFO - ContAudITWrapper#25 - Running pre-command actions...
2024-06-27 23:46:20,895 INFO - ContAudITWrapper#25 - Analyzing current environment state...
2024-06-27 23:46:21,311 INFO - ContAudITWrapper#25 - Saving current environment state...
2024-06-27 23:46:21,331 INFO - ContAudITWrapper#25 - Environment state hash: 1776e4b78f696d486603e30cb7241013e927d69ca8030fa37e187c49ffd758cd
2024-06-27 23:46:21,339 INFO - ContAudITWrapper#25 - Executing command...
2024-06-27 23:46:21,582 INFO - ContAudITWrapper#25 - Command output: 
2024-06-27 23:46:21.404776045 [executor] Initializing the workflow...
[apache2_workflow] Create a simple webpage...
[apache2_workflow] Move webpage to Apache HTTP Server user website folder...
2024-06-27 23:46:21.580911332 [executor] Finished!

2024-06-27 23:46:21,583 INFO - ContAudITWrapper#25 - Running post-command actions...
2024-06-27 23:46:21,583 INFO - ContAudITWrapper#25 - Analyzing current environment state...
2024-06-27 23:46:21,940 INFO - ContAudITWrapper#25 - Saving current environment state...
2024-06-27 23:46:21,942 INFO - ContAudITWrapper#25 - Environment state hash: 1776e4b78f696d486603e30cb7241013e927d69ca8030fa37e187c49ffd758cd
2024-06-27 23:46:21,943 INFO - ContAudITWrapper#25 - Checking environment diff...
2024-06-27 23:46:22,151 INFO - ContAudITWrapper#25 - Environment diff: 
2024-06-27 23:46:22,152 INFO - ContAudITWrapper#25 - Cleaning temporary files...
2024-06-27 23:46:22,278 INFO - ContAudITWrapper#25 - Sending to blockchain...
2024-06-27 23:46:30,046 INFO - ContAudITWrapper#25 - Response 
2024-06-27 23:46:30,048 INFO - ContAudITWrapper#25 - Finishing ContAudIT Wrapper...
