2024-10-11 05:20:13,253 INFO - ContAudITWrapper#50 - Initializing ContAudIT Wrapper...
2024-10-11 05:20:13,494 INFO - ContAudITWrapper#50 - Current directory: /home/ec2-user/Code/ufrgs-poc/contaudit-wrapper.jar
2024-10-11 05:20:36,967 INFO - ContAudITWrapper#50 - Wrapper hash: b7519188ed863d76e5199a8d880bb968bdf9124fad53b871583787e123a7a764
2024-10-11 05:20:36,976 INFO - ContAudITWrapper#50 - Validating Wrapper...
2024-10-11 05:21:48,232 INFO - ContAudITWrapper#50 - Response true
2024-10-11 05:21:48,389 INFO - ContAudITWrapper#50 - Application hash: e36ee2d35f8c4c41bd358782dfb3ac8852b40439d350ff27616f0c18819ce9bf
2024-10-11 05:21:48,395 INFO - ContAudITWrapper#50 - Validating Application...
2024-10-11 05:21:59,134 INFO - ContAudITWrapper#50 - Response true
2024-10-11 05:21:59,141 INFO - ContAudITWrapper#50 - Artifact apache2.workflow hash: bdb4cee855e21446b6ae53ddcb76a1632ef8c4545b5db0517e01ffd552157f6e
2024-10-11 05:21:59,230 INFO - ContAudITWrapper#50 - Validating Artifact...
2024-10-11 05:22:11,913 INFO - ContAudITWrapper#50 - Response true
2024-10-11 05:22:11,915 INFO - ContAudITWrapper#50 - Running pre-command actions...
2024-10-11 05:22:11,916 INFO - ContAudITWrapper#50 - Analyzing current environment state...
2024-10-11 05:22:12,115 INFO - ContAudITWrapper#50 - Saving current environment state...
2024-10-11 05:22:12,117 INFO - ContAudITWrapper#50 - Environment state hash: a7ffc6f8bf1ed76651c14756a061d662f580ff4de43b49fa82d80a4b80f8434a
2024-10-11 05:22:12,117 INFO - ContAudITWrapper#50 - Executing command...
2024-10-11 05:22:14,210 INFO - ContAudITWrapper#50 - Command output: 
2024-10-11 05:22:12.256080106 [executor] Initializing the workflow...
[apache2_workflow] Apache HTTP Server already installed.
[apache2_workflow] UserDir module already loaded.
[apache2_workflow] Configs to UserDir already exist.
[apache2_workflow] public_html directory already exists in /home/ec2-user.
[apache2_workflow] Creating a simple webpage...
[apache2_workflow] Moving webpage to Apache HTTP Server user website folder...
[apache2_workflow] Page moved successfully!
2024-10-11 05:22:14.209103174 [executor] Finished!

2024-10-11 05:22:14,210 INFO - ContAudITWrapper#50 - Running post-command actions...
2024-10-11 05:22:14,210 INFO - ContAudITWrapper#50 - Analyzing current environment state...
2024-10-11 05:22:14,312 INFO - ContAudITWrapper#50 - Saving current environment state...
2024-10-11 05:22:14,313 INFO - ContAudITWrapper#50 - Environment state hash: a7ffc6f8bf1ed76651c14756a061d662f580ff4de43b49fa82d80a4b80f8434a
2024-10-11 05:22:14,313 INFO - ContAudITWrapper#50 - Checking environment diff...
2024-10-11 05:22:14,477 INFO - ContAudITWrapper#50 - Environment diff: 
2024-10-11 05:22:14,478 INFO - ContAudITWrapper#50 - Cleaning temporary files...
2024-10-11 05:22:14,559 INFO - ContAudITWrapper#50 - Sending to blockchain...
2024-10-11 05:22:28,227 INFO - ContAudITWrapper#50 - Response 
2024-10-11 05:22:28,229 INFO - ContAudITWrapper#50 - Finishing ContAudIT Wrapper...
