2024-10-11 05:20:10,573 INFO - ContAudITWrapper#30 - Initializing ContAudIT Wrapper...
2024-10-11 05:20:10,892 INFO - ContAudITWrapper#30 - Current directory: /home/ec2-user/Code/ufrgs-poc/contaudit-wrapper.jar
2024-10-11 05:20:34,553 INFO - ContAudITWrapper#30 - Wrapper hash: b7519188ed863d76e5199a8d880bb968bdf9124fad53b871583787e123a7a764
2024-10-11 05:20:34,560 INFO - ContAudITWrapper#30 - Validating Wrapper...
2024-10-11 05:21:38,733 INFO - ContAudITWrapper#30 - Response true
2024-10-11 05:21:39,077 INFO - ContAudITWrapper#30 - Application hash: e36ee2d35f8c4c41bd358782dfb3ac8852b40439d350ff27616f0c18819ce9bf
2024-10-11 05:21:39,082 INFO - ContAudITWrapper#30 - Validating Application...
2024-10-11 05:21:54,072 INFO - ContAudITWrapper#30 - Response true
2024-10-11 05:21:54,097 INFO - ContAudITWrapper#30 - Artifact apache2.workflow hash: bdb4cee855e21446b6ae53ddcb76a1632ef8c4545b5db0517e01ffd552157f6e
2024-10-11 05:21:54,228 INFO - ContAudITWrapper#30 - Validating Artifact...
2024-10-11 05:22:05,340 INFO - ContAudITWrapper#30 - Response true
2024-10-11 05:22:05,349 INFO - ContAudITWrapper#30 - Running pre-command actions...
2024-10-11 05:22:05,350 INFO - ContAudITWrapper#30 - Analyzing current environment state...
2024-10-11 05:22:05,584 INFO - ContAudITWrapper#30 - Saving current environment state...
2024-10-11 05:22:05,585 INFO - ContAudITWrapper#30 - Environment state hash: a7ffc6f8bf1ed76651c14756a061d662f580ff4de43b49fa82d80a4b80f8434a
2024-10-11 05:22:05,585 INFO - ContAudITWrapper#30 - Executing command...
2024-10-11 05:22:06,828 INFO - ContAudITWrapper#30 - Command output: 
2024-10-11 05:22:05.707140813 [executor] Initializing the workflow...
[apache2_workflow] Apache HTTP Server already installed.
[apache2_workflow] UserDir module already loaded.
[apache2_workflow] Configs to UserDir already exist.
[apache2_workflow] public_html directory already exists in /home/ec2-user.
[apache2_workflow] Creating a simple webpage...
[apache2_workflow] Moving webpage to Apache HTTP Server user website folder...
[apache2_workflow] Page moved successfully!
2024-10-11 05:22:06.827145181 [executor] Finished!

2024-10-11 05:22:06,828 INFO - ContAudITWrapper#30 - Running post-command actions...
2024-10-11 05:22:06,828 INFO - ContAudITWrapper#30 - Analyzing current environment state...
2024-10-11 05:22:06,976 INFO - ContAudITWrapper#30 - Saving current environment state...
2024-10-11 05:22:06,977 INFO - ContAudITWrapper#30 - Environment state hash: a7ffc6f8bf1ed76651c14756a061d662f580ff4de43b49fa82d80a4b80f8434a
2024-10-11 05:22:06,978 INFO - ContAudITWrapper#30 - Checking environment diff...
2024-10-11 05:22:07,072 INFO - ContAudITWrapper#30 - Environment diff: 
2024-10-11 05:22:07,073 INFO - ContAudITWrapper#30 - Cleaning temporary files...
2024-10-11 05:22:07,260 INFO - ContAudITWrapper#30 - Sending to blockchain...
2024-10-11 05:22:18,539 INFO - ContAudITWrapper#30 - Response 
2024-10-11 05:22:18,541 INFO - ContAudITWrapper#30 - Finishing ContAudIT Wrapper...
