2024-10-11 05:20:12,791 INFO - ContAudITWrapper#18 - Initializing ContAudIT Wrapper...
2024-10-11 05:20:13,068 INFO - ContAudITWrapper#18 - Current directory: /home/ec2-user/Code/ufrgs-poc/contaudit-wrapper.jar
2024-10-11 05:20:32,540 INFO - ContAudITWrapper#18 - Wrapper hash: b7519188ed863d76e5199a8d880bb968bdf9124fad53b871583787e123a7a764
2024-10-11 05:20:32,612 INFO - ContAudITWrapper#18 - Validating Wrapper...
2024-10-11 05:21:38,961 INFO - ContAudITWrapper#18 - Response true
2024-10-11 05:21:39,319 INFO - ContAudITWrapper#18 - Application hash: e36ee2d35f8c4c41bd358782dfb3ac8852b40439d350ff27616f0c18819ce9bf
2024-10-11 05:21:39,320 INFO - ContAudITWrapper#18 - Validating Application...
2024-10-11 05:21:53,780 INFO - ContAudITWrapper#18 - Response true
2024-10-11 05:21:53,786 INFO - ContAudITWrapper#18 - Artifact apache2.workflow hash: bdb4cee855e21446b6ae53ddcb76a1632ef8c4545b5db0517e01ffd552157f6e
2024-10-11 05:21:53,837 INFO - ContAudITWrapper#18 - Validating Artifact...
2024-10-11 05:22:06,056 INFO - ContAudITWrapper#18 - Response true
2024-10-11 05:22:06,070 INFO - ContAudITWrapper#18 - Running pre-command actions...
2024-10-11 05:22:06,071 INFO - ContAudITWrapper#18 - Analyzing current environment state...
2024-10-11 05:22:06,220 INFO - ContAudITWrapper#18 - Saving current environment state...
2024-10-11 05:22:06,221 INFO - ContAudITWrapper#18 - Environment state hash: a7ffc6f8bf1ed76651c14756a061d662f580ff4de43b49fa82d80a4b80f8434a
2024-10-11 05:22:06,222 INFO - ContAudITWrapper#18 - Executing command...
2024-10-11 05:22:08,419 INFO - ContAudITWrapper#18 - Command output: 
2024-10-11 05:22:06.391494643 [executor] Initializing the workflow...
[apache2_workflow] Apache HTTP Server already installed.
[apache2_workflow] UserDir module already loaded.
[apache2_workflow] Configs to UserDir already exist.
[apache2_workflow] public_html directory already exists in /home/ec2-user.
[apache2_workflow] Creating a simple webpage...
[apache2_workflow] Moving webpage to Apache HTTP Server user website folder...
[apache2_workflow] Page moved successfully!
2024-10-11 05:22:08.418312365 [executor] Finished!

2024-10-11 05:22:08,419 INFO - ContAudITWrapper#18 - Running post-command actions...
2024-10-11 05:22:08,419 INFO - ContAudITWrapper#18 - Analyzing current environment state...
2024-10-11 05:22:08,522 INFO - ContAudITWrapper#18 - Saving current environment state...
2024-10-11 05:22:08,522 INFO - ContAudITWrapper#18 - Environment state hash: a7ffc6f8bf1ed76651c14756a061d662f580ff4de43b49fa82d80a4b80f8434a
2024-10-11 05:22:08,522 INFO - ContAudITWrapper#18 - Checking environment diff...
2024-10-11 05:22:08,584 INFO - ContAudITWrapper#18 - Environment diff: 
2024-10-11 05:22:08,585 INFO - ContAudITWrapper#18 - Cleaning temporary files...
2024-10-11 05:22:08,636 INFO - ContAudITWrapper#18 - Sending to blockchain...
2024-10-11 05:22:21,161 INFO - ContAudITWrapper#18 - Response 
2024-10-11 05:22:21,162 INFO - ContAudITWrapper#18 - Finishing ContAudIT Wrapper...
