2024-10-11 05:20:13,721 INFO - ContAudITWrapper#66 - Initializing ContAudIT Wrapper...
2024-10-11 05:20:13,915 INFO - ContAudITWrapper#66 - Current directory: /home/ec2-user/Code/ufrgs-poc/contaudit-wrapper.jar
2024-10-11 05:20:40,458 INFO - ContAudITWrapper#66 - Wrapper hash: b7519188ed863d76e5199a8d880bb968bdf9124fad53b871583787e123a7a764
2024-10-11 05:20:40,466 INFO - ContAudITWrapper#66 - Validating Wrapper...
2024-10-11 05:21:51,721 INFO - ContAudITWrapper#66 - Response true
2024-10-11 05:21:51,736 INFO - ContAudITWrapper#66 - Application hash: e36ee2d35f8c4c41bd358782dfb3ac8852b40439d350ff27616f0c18819ce9bf
2024-10-11 05:21:51,737 INFO - ContAudITWrapper#66 - Validating Application...
2024-10-11 05:21:59,343 INFO - ContAudITWrapper#66 - Response true
2024-10-11 05:21:59,373 INFO - ContAudITWrapper#66 - Artifact apache2.workflow hash: bdb4cee855e21446b6ae53ddcb76a1632ef8c4545b5db0517e01ffd552157f6e
2024-10-11 05:21:59,446 INFO - ContAudITWrapper#66 - Validating Artifact...
2024-10-11 05:22:12,960 INFO - ContAudITWrapper#66 - Response true
2024-10-11 05:22:12,977 INFO - ContAudITWrapper#66 - Running pre-command actions...
2024-10-11 05:22:12,979 INFO - ContAudITWrapper#66 - Analyzing current environment state...
2024-10-11 05:22:13,099 INFO - ContAudITWrapper#66 - Saving current environment state...
2024-10-11 05:22:13,100 INFO - ContAudITWrapper#66 - Environment state hash: a7ffc6f8bf1ed76651c14756a061d662f580ff4de43b49fa82d80a4b80f8434a
2024-10-11 05:22:13,100 INFO - ContAudITWrapper#66 - Executing command...
2024-10-11 05:22:14,477 INFO - ContAudITWrapper#66 - Command output: 
2024-10-11 05:22:13.325913395 [executor] Initializing the workflow...
[apache2_workflow] Apache HTTP Server already installed.
[apache2_workflow] UserDir module already loaded.
[apache2_workflow] Configs to UserDir already exist.
[apache2_workflow] public_html directory already exists in /home/ec2-user.
[apache2_workflow] Creating a simple webpage...
[apache2_workflow] Moving webpage to Apache HTTP Server user website folder...
[apache2_workflow] Page moved successfully!
2024-10-11 05:22:14.476529131 [executor] Finished!

2024-10-11 05:22:14,477 INFO - ContAudITWrapper#66 - Running post-command actions...
2024-10-11 05:22:14,478 INFO - ContAudITWrapper#66 - Analyzing current environment state...
2024-10-11 05:22:14,587 INFO - ContAudITWrapper#66 - Saving current environment state...
2024-10-11 05:22:14,588 INFO - ContAudITWrapper#66 - Environment state hash: a7ffc6f8bf1ed76651c14756a061d662f580ff4de43b49fa82d80a4b80f8434a
2024-10-11 05:22:14,588 INFO - ContAudITWrapper#66 - Checking environment diff...
2024-10-11 05:22:14,636 INFO - ContAudITWrapper#66 - Environment diff: 
2024-10-11 05:22:14,636 INFO - ContAudITWrapper#66 - Cleaning temporary files...
2024-10-11 05:22:14,732 INFO - ContAudITWrapper#66 - Sending to blockchain...
2024-10-11 05:22:28,135 INFO - ContAudITWrapper#66 - Response 
2024-10-11 05:22:28,137 INFO - ContAudITWrapper#66 - Finishing ContAudIT Wrapper...
