2024-10-11 05:20:14,074 INFO - ContAudITWrapper#95 - Initializing ContAudIT Wrapper...
2024-10-11 05:20:14,222 INFO - ContAudITWrapper#95 - Current directory: /home/ec2-user/Code/ufrgs-poc/contaudit-wrapper.jar
2024-10-11 05:20:40,190 INFO - ContAudITWrapper#95 - Wrapper hash: b7519188ed863d76e5199a8d880bb968bdf9124fad53b871583787e123a7a764
2024-10-11 05:20:40,199 INFO - ContAudITWrapper#95 - Validating Wrapper...
2024-10-11 05:21:51,603 INFO - ContAudITWrapper#95 - Response true
2024-10-11 05:21:51,925 INFO - ContAudITWrapper#95 - Application hash: e36ee2d35f8c4c41bd358782dfb3ac8852b40439d350ff27616f0c18819ce9bf
2024-10-11 05:21:52,003 INFO - ContAudITWrapper#95 - Validating Application...
2024-10-11 05:22:09,590 INFO - ContAudITWrapper#95 - Response true
2024-10-11 05:22:09,608 INFO - ContAudITWrapper#95 - Artifact apache2.workflow hash: bdb4cee855e21446b6ae53ddcb76a1632ef8c4545b5db0517e01ffd552157f6e
2024-10-11 05:22:09,617 INFO - ContAudITWrapper#95 - Validating Artifact...
2024-10-11 05:22:21,476 INFO - ContAudITWrapper#95 - Response true
2024-10-11 05:22:21,491 INFO - ContAudITWrapper#95 - Running pre-command actions...
2024-10-11 05:22:21,492 INFO - ContAudITWrapper#95 - Analyzing current environment state...
2024-10-11 05:22:21,583 INFO - ContAudITWrapper#95 - Saving current environment state...
2024-10-11 05:22:21,584 INFO - ContAudITWrapper#95 - Environment state hash: a7ffc6f8bf1ed76651c14756a061d662f580ff4de43b49fa82d80a4b80f8434a
2024-10-11 05:22:21,584 INFO - ContAudITWrapper#95 - Executing command...
2024-10-11 05:22:22,547 INFO - ContAudITWrapper#95 - Command output: 
2024-10-11 05:22:21.618632298 [executor] Initializing the workflow...
[apache2_workflow] Apache HTTP Server already installed.
[apache2_workflow] UserDir module already loaded.
[apache2_workflow] Configs to UserDir already exist.
[apache2_workflow] public_html directory already exists in /home/ec2-user.
[apache2_workflow] Creating a simple webpage...
[apache2_workflow] Moving webpage to Apache HTTP Server user website folder...
[apache2_workflow] Page moved successfully!
2024-10-11 05:22:22.546998050 [executor] Finished!

2024-10-11 05:22:22,548 INFO - ContAudITWrapper#95 - Running post-command actions...
2024-10-11 05:22:22,548 INFO - ContAudITWrapper#95 - Analyzing current environment state...
2024-10-11 05:22:22,645 INFO - ContAudITWrapper#95 - Saving current environment state...
2024-10-11 05:22:22,645 INFO - ContAudITWrapper#95 - Environment state hash: a7ffc6f8bf1ed76651c14756a061d662f580ff4de43b49fa82d80a4b80f8434a
2024-10-11 05:22:22,645 INFO - ContAudITWrapper#95 - Checking environment diff...
2024-10-11 05:22:22,727 INFO - ContAudITWrapper#95 - Environment diff: 
2024-10-11 05:22:22,728 INFO - ContAudITWrapper#95 - Cleaning temporary files...
2024-10-11 05:22:22,747 INFO - ContAudITWrapper#95 - Sending to blockchain...
2024-10-11 05:22:30,611 INFO - ContAudITWrapper#95 - Response 
2024-10-11 05:22:30,613 INFO - ContAudITWrapper#95 - Finishing ContAudIT Wrapper...
