2024-10-11 05:20:13,026 INFO - ContAudITWrapper#94 - Initializing ContAudIT Wrapper...
2024-10-11 05:20:13,219 INFO - ContAudITWrapper#94 - Current directory: /home/ec2-user/Code/ufrgs-poc/contaudit-wrapper.jar
2024-10-11 05:20:33,677 INFO - ContAudITWrapper#94 - Wrapper hash: b7519188ed863d76e5199a8d880bb968bdf9124fad53b871583787e123a7a764
2024-10-11 05:20:33,686 INFO - ContAudITWrapper#94 - Validating Wrapper...
2024-10-11 05:21:37,671 INFO - ContAudITWrapper#94 - Response true
2024-10-11 05:21:37,769 INFO - ContAudITWrapper#94 - Application hash: e36ee2d35f8c4c41bd358782dfb3ac8852b40439d350ff27616f0c18819ce9bf
2024-10-11 05:21:37,770 INFO - ContAudITWrapper#94 - Validating Application...
2024-10-11 05:21:53,010 INFO - ContAudITWrapper#94 - Response true
2024-10-11 05:21:53,171 INFO - ContAudITWrapper#94 - Artifact apache2.workflow hash: bdb4cee855e21446b6ae53ddcb76a1632ef8c4545b5db0517e01ffd552157f6e
2024-10-11 05:21:53,201 INFO - ContAudITWrapper#94 - Validating Artifact...
2024-10-11 05:22:02,827 INFO - ContAudITWrapper#94 - Response true
2024-10-11 05:22:02,836 INFO - ContAudITWrapper#94 - Running pre-command actions...
2024-10-11 05:22:02,837 INFO - ContAudITWrapper#94 - Analyzing current environment state...
2024-10-11 05:22:03,149 INFO - ContAudITWrapper#94 - Saving current environment state...
2024-10-11 05:22:03,150 INFO - ContAudITWrapper#94 - Environment state hash: a7ffc6f8bf1ed76651c14756a061d662f580ff4de43b49fa82d80a4b80f8434a
2024-10-11 05:22:03,150 INFO - ContAudITWrapper#94 - Executing command...
2024-10-11 05:22:04,320 INFO - ContAudITWrapper#94 - Command output: 
2024-10-11 05:22:03.297874690 [executor] Initializing the workflow...
[apache2_workflow] Apache HTTP Server already installed.
[apache2_workflow] UserDir module already loaded.
[apache2_workflow] Configs to UserDir already exist.
[apache2_workflow] public_html directory already exists in /home/ec2-user.
[apache2_workflow] Creating a simple webpage...
[apache2_workflow] Moving webpage to Apache HTTP Server user website folder...
[apache2_workflow] Page moved successfully!
2024-10-11 05:22:04.318962427 [executor] Finished!

2024-10-11 05:22:04,321 INFO - ContAudITWrapper#94 - Running post-command actions...
2024-10-11 05:22:04,321 INFO - ContAudITWrapper#94 - Analyzing current environment state...
2024-10-11 05:22:04,467 INFO - ContAudITWrapper#94 - Saving current environment state...
2024-10-11 05:22:04,467 INFO - ContAudITWrapper#94 - Environment state hash: a7ffc6f8bf1ed76651c14756a061d662f580ff4de43b49fa82d80a4b80f8434a
2024-10-11 05:22:04,467 INFO - ContAudITWrapper#94 - Checking environment diff...
2024-10-11 05:22:04,536 INFO - ContAudITWrapper#94 - Environment diff: 
2024-10-11 05:22:04,536 INFO - ContAudITWrapper#94 - Cleaning temporary files...
2024-10-11 05:22:04,665 INFO - ContAudITWrapper#94 - Sending to blockchain...
2024-10-11 05:22:18,793 INFO - ContAudITWrapper#94 - Response 
2024-10-11 05:22:18,795 INFO - ContAudITWrapper#94 - Finishing ContAudIT Wrapper...
