2024-10-11 05:20:13,203 INFO - ContAudITWrapper#57 - Initializing ContAudIT Wrapper...
2024-10-11 05:20:13,407 INFO - ContAudITWrapper#57 - Current directory: /home/ec2-user/Code/ufrgs-poc/contaudit-wrapper.jar
2024-10-11 05:20:31,302 INFO - ContAudITWrapper#57 - Wrapper hash: b7519188ed863d76e5199a8d880bb968bdf9124fad53b871583787e123a7a764
2024-10-11 05:20:31,310 INFO - ContAudITWrapper#57 - Validating Wrapper...
2024-10-11 05:21:37,034 INFO - ContAudITWrapper#57 - Response true
2024-10-11 05:21:37,312 INFO - ContAudITWrapper#57 - Application hash: e36ee2d35f8c4c41bd358782dfb3ac8852b40439d350ff27616f0c18819ce9bf
2024-10-11 05:21:37,313 INFO - ContAudITWrapper#57 - Validating Application...
2024-10-11 05:21:51,425 INFO - ContAudITWrapper#57 - Response true
2024-10-11 05:21:51,438 INFO - ContAudITWrapper#57 - Artifact apache2.workflow hash: bdb4cee855e21446b6ae53ddcb76a1632ef8c4545b5db0517e01ffd552157f6e
2024-10-11 05:21:51,517 INFO - ContAudITWrapper#57 - Validating Artifact...
2024-10-11 05:21:57,643 INFO - ContAudITWrapper#57 - Response true
2024-10-11 05:21:57,682 INFO - ContAudITWrapper#57 - Running pre-command actions...
2024-10-11 05:21:57,683 INFO - ContAudITWrapper#57 - Analyzing current environment state...
2024-10-11 05:21:57,900 INFO - ContAudITWrapper#57 - Saving current environment state...
2024-10-11 05:21:57,901 INFO - ContAudITWrapper#57 - Environment state hash: a7ffc6f8bf1ed76651c14756a061d662f580ff4de43b49fa82d80a4b80f8434a
2024-10-11 05:21:57,902 INFO - ContAudITWrapper#57 - Executing command...
2024-10-11 05:21:59,984 INFO - ContAudITWrapper#57 - Command output: 
2024-10-11 05:21:58.104007775 [executor] Initializing the workflow...
[apache2_workflow] Apache HTTP Server already installed.
[apache2_workflow] UserDir module already loaded.
[apache2_workflow] Configs to UserDir already exist.
[apache2_workflow] public_html directory already exists in /home/ec2-user.
[apache2_workflow] Creating a simple webpage...
[apache2_workflow] Moving webpage to Apache HTTP Server user website folder...
[apache2_workflow] Page moved successfully!
2024-10-11 05:21:59.983561267 [executor] Finished!

2024-10-11 05:21:59,984 INFO - ContAudITWrapper#57 - Running post-command actions...
2024-10-11 05:21:59,984 INFO - ContAudITWrapper#57 - Analyzing current environment state...
2024-10-11 05:22:00,252 INFO - ContAudITWrapper#57 - Saving current environment state...
2024-10-11 05:22:00,253 INFO - ContAudITWrapper#57 - Environment state hash: a7ffc6f8bf1ed76651c14756a061d662f580ff4de43b49fa82d80a4b80f8434a
2024-10-11 05:22:00,253 INFO - ContAudITWrapper#57 - Checking environment diff...
2024-10-11 05:22:00,368 INFO - ContAudITWrapper#57 - Environment diff: 
2024-10-11 05:22:00,369 INFO - ContAudITWrapper#57 - Cleaning temporary files...
2024-10-11 05:22:00,420 INFO - ContAudITWrapper#57 - Sending to blockchain...
2024-10-11 05:22:12,339 INFO - ContAudITWrapper#57 - Response 
2024-10-11 05:22:12,341 INFO - ContAudITWrapper#57 - Finishing ContAudIT Wrapper...
