2024-10-11 05:20:13,305 INFO - ContAudITWrapper#46 - Initializing ContAudIT Wrapper...
2024-10-11 05:20:13,523 INFO - ContAudITWrapper#46 - Current directory: /home/ec2-user/Code/ufrgs-poc/contaudit-wrapper.jar
2024-10-11 05:20:36,703 INFO - ContAudITWrapper#46 - Wrapper hash: b7519188ed863d76e5199a8d880bb968bdf9124fad53b871583787e123a7a764
2024-10-11 05:20:36,820 INFO - ContAudITWrapper#46 - Validating Wrapper...
2024-10-11 05:21:47,067 INFO - ContAudITWrapper#46 - Response true
2024-10-11 05:21:47,313 INFO - ContAudITWrapper#46 - Application hash: e36ee2d35f8c4c41bd358782dfb3ac8852b40439d350ff27616f0c18819ce9bf
2024-10-11 05:21:47,360 INFO - ContAudITWrapper#46 - Validating Application...
2024-10-11 05:22:02,277 INFO - ContAudITWrapper#46 - Response true
2024-10-11 05:22:02,283 INFO - ContAudITWrapper#46 - Artifact apache2.workflow hash: bdb4cee855e21446b6ae53ddcb76a1632ef8c4545b5db0517e01ffd552157f6e
2024-10-11 05:22:02,317 INFO - ContAudITWrapper#46 - Validating Artifact...
2024-10-11 05:22:16,376 INFO - ContAudITWrapper#46 - Response true
2024-10-11 05:22:16,491 INFO - ContAudITWrapper#46 - Running pre-command actions...
2024-10-11 05:22:16,492 INFO - ContAudITWrapper#46 - Analyzing current environment state...
2024-10-11 05:22:16,912 INFO - ContAudITWrapper#46 - Saving current environment state...
2024-10-11 05:22:16,913 INFO - ContAudITWrapper#46 - Environment state hash: a7ffc6f8bf1ed76651c14756a061d662f580ff4de43b49fa82d80a4b80f8434a
2024-10-11 05:22:16,913 INFO - ContAudITWrapper#46 - Executing command...
2024-10-11 05:22:18,262 INFO - ContAudITWrapper#46 - Command output: 
2024-10-11 05:22:17.010291196 [executor] Initializing the workflow...
[apache2_workflow] Apache HTTP Server already installed.
[apache2_workflow] UserDir module already loaded.
[apache2_workflow] Configs to UserDir already exist.
[apache2_workflow] public_html directory already exists in /home/ec2-user.
[apache2_workflow] Creating a simple webpage...
[apache2_workflow] Moving webpage to Apache HTTP Server user website folder...
[apache2_workflow] Page moved successfully!
2024-10-11 05:22:18.239519964 [executor] Finished!

2024-10-11 05:22:18,262 INFO - ContAudITWrapper#46 - Running post-command actions...
2024-10-11 05:22:18,262 INFO - ContAudITWrapper#46 - Analyzing current environment state...
2024-10-11 05:22:18,444 INFO - ContAudITWrapper#46 - Saving current environment state...
2024-10-11 05:22:18,444 INFO - ContAudITWrapper#46 - Environment state hash: a7ffc6f8bf1ed76651c14756a061d662f580ff4de43b49fa82d80a4b80f8434a
2024-10-11 05:22:18,444 INFO - ContAudITWrapper#46 - Checking environment diff...
2024-10-11 05:22:18,486 INFO - ContAudITWrapper#46 - Environment diff: 
2024-10-11 05:22:18,487 INFO - ContAudITWrapper#46 - Cleaning temporary files...
2024-10-11 05:22:18,605 INFO - ContAudITWrapper#46 - Sending to blockchain...
2024-10-11 05:22:25,472 INFO - ContAudITWrapper#46 - Response 
2024-10-11 05:22:25,473 INFO - ContAudITWrapper#46 - Finishing ContAudIT Wrapper...
