2024-10-11 05:20:11,874 INFO - ContAudITWrapper#92 - Initializing ContAudIT Wrapper...
2024-10-11 05:20:12,028 INFO - ContAudITWrapper#92 - Current directory: /home/ec2-user/Code/ufrgs-poc/contaudit-wrapper.jar
2024-10-11 05:20:31,037 INFO - ContAudITWrapper#92 - Wrapper hash: b7519188ed863d76e5199a8d880bb968bdf9124fad53b871583787e123a7a764
2024-10-11 05:20:31,091 INFO - ContAudITWrapper#92 - Validating Wrapper...
2024-10-11 05:21:25,408 INFO - ContAudITWrapper#92 - Response true
2024-10-11 05:21:25,769 INFO - ContAudITWrapper#92 - Application hash: e36ee2d35f8c4c41bd358782dfb3ac8852b40439d350ff27616f0c18819ce9bf
2024-10-11 05:21:25,770 INFO - ContAudITWrapper#92 - Validating Application...
2024-10-11 05:21:42,800 INFO - ContAudITWrapper#92 - Response true
2024-10-11 05:21:42,803 INFO - ContAudITWrapper#92 - Artifact apache2.workflow hash: bdb4cee855e21446b6ae53ddcb76a1632ef8c4545b5db0517e01ffd552157f6e
2024-10-11 05:21:42,823 INFO - ContAudITWrapper#92 - Validating Artifact...
2024-10-11 05:21:57,920 INFO - ContAudITWrapper#92 - Response true
2024-10-11 05:21:57,921 INFO - ContAudITWrapper#92 - Running pre-command actions...
2024-10-11 05:21:57,923 INFO - ContAudITWrapper#92 - Analyzing current environment state...
2024-10-11 05:21:58,236 INFO - ContAudITWrapper#92 - Saving current environment state...
2024-10-11 05:21:58,236 INFO - ContAudITWrapper#92 - Environment state hash: a7ffc6f8bf1ed76651c14756a061d662f580ff4de43b49fa82d80a4b80f8434a
2024-10-11 05:21:58,237 INFO - ContAudITWrapper#92 - Executing command...
2024-10-11 05:21:59,906 INFO - ContAudITWrapper#92 - Command output: 
2024-10-11 05:21:58.272812683 [executor] Initializing the workflow...
[apache2_workflow] Apache HTTP Server already installed.
[apache2_workflow] UserDir module already loaded.
[apache2_workflow] Configs to UserDir already exist.
[apache2_workflow] public_html directory already exists in /home/ec2-user.
[apache2_workflow] Creating a simple webpage...
[apache2_workflow] Moving webpage to Apache HTTP Server user website folder...
[apache2_workflow] Page moved successfully!
2024-10-11 05:21:59.904611196 [executor] Finished!

2024-10-11 05:21:59,907 INFO - ContAudITWrapper#92 - Running post-command actions...
2024-10-11 05:21:59,907 INFO - ContAudITWrapper#92 - Analyzing current environment state...
2024-10-11 05:22:00,179 INFO - ContAudITWrapper#92 - Saving current environment state...
2024-10-11 05:22:00,180 INFO - ContAudITWrapper#92 - Environment state hash: a7ffc6f8bf1ed76651c14756a061d662f580ff4de43b49fa82d80a4b80f8434a
2024-10-11 05:22:00,180 INFO - ContAudITWrapper#92 - Checking environment diff...
2024-10-11 05:22:00,280 INFO - ContAudITWrapper#92 - Environment diff: 
2024-10-11 05:22:00,280 INFO - ContAudITWrapper#92 - Cleaning temporary files...
2024-10-11 05:22:00,346 INFO - ContAudITWrapper#92 - Sending to blockchain...
2024-10-11 05:22:16,572 INFO - ContAudITWrapper#92 - Response 
2024-10-11 05:22:16,573 INFO - ContAudITWrapper#92 - Finishing ContAudIT Wrapper...
