2024-10-11 05:20:13,192 INFO - ContAudITWrapper#54 - Initializing ContAudIT Wrapper...
2024-10-11 05:20:13,376 INFO - ContAudITWrapper#54 - Current directory: /home/ec2-user/Code/ufrgs-poc/contaudit-wrapper.jar
2024-10-11 05:20:35,798 INFO - ContAudITWrapper#54 - Wrapper hash: b7519188ed863d76e5199a8d880bb968bdf9124fad53b871583787e123a7a764
2024-10-11 05:20:35,934 INFO - ContAudITWrapper#54 - Validating Wrapper...
2024-10-11 05:21:44,364 INFO - ContAudITWrapper#54 - Response true
2024-10-11 05:21:44,457 INFO - ContAudITWrapper#54 - Application hash: e36ee2d35f8c4c41bd358782dfb3ac8852b40439d350ff27616f0c18819ce9bf
2024-10-11 05:21:44,458 INFO - ContAudITWrapper#54 - Validating Application...
2024-10-11 05:22:01,855 INFO - ContAudITWrapper#54 - Response true
2024-10-11 05:22:01,866 INFO - ContAudITWrapper#54 - Artifact apache2.workflow hash: bdb4cee855e21446b6ae53ddcb76a1632ef8c4545b5db0517e01ffd552157f6e
2024-10-11 05:22:01,942 INFO - ContAudITWrapper#54 - Validating Artifact...
2024-10-11 05:22:15,605 INFO - ContAudITWrapper#54 - Response true
2024-10-11 05:22:15,608 INFO - ContAudITWrapper#54 - Running pre-command actions...
2024-10-11 05:22:15,619 INFO - ContAudITWrapper#54 - Analyzing current environment state...
2024-10-11 05:22:15,793 INFO - ContAudITWrapper#54 - Saving current environment state...
2024-10-11 05:22:15,795 INFO - ContAudITWrapper#54 - Environment state hash: a7ffc6f8bf1ed76651c14756a061d662f580ff4de43b49fa82d80a4b80f8434a
2024-10-11 05:22:15,795 INFO - ContAudITWrapper#54 - Executing command...
2024-10-11 05:22:17,209 INFO - ContAudITWrapper#54 - Command output: 
2024-10-11 05:22:16.117693103 [executor] Initializing the workflow...
[apache2_workflow] Apache HTTP Server already installed.
[apache2_workflow] UserDir module already loaded.
[apache2_workflow] Configs to UserDir already exist.
[apache2_workflow] public_html directory already exists in /home/ec2-user.
[apache2_workflow] Creating a simple webpage...
[apache2_workflow] Moving webpage to Apache HTTP Server user website folder...
[apache2_workflow] Page moved successfully!
2024-10-11 05:22:17.207489269 [executor] Finished!

2024-10-11 05:22:17,210 INFO - ContAudITWrapper#54 - Running post-command actions...
2024-10-11 05:22:17,211 INFO - ContAudITWrapper#54 - Analyzing current environment state...
2024-10-11 05:22:17,405 INFO - ContAudITWrapper#54 - Saving current environment state...
2024-10-11 05:22:17,406 INFO - ContAudITWrapper#54 - Environment state hash: a7ffc6f8bf1ed76651c14756a061d662f580ff4de43b49fa82d80a4b80f8434a
2024-10-11 05:22:17,406 INFO - ContAudITWrapper#54 - Checking environment diff...
2024-10-11 05:22:17,455 INFO - ContAudITWrapper#54 - Environment diff: 
2024-10-11 05:22:17,455 INFO - ContAudITWrapper#54 - Cleaning temporary files...
2024-10-11 05:22:17,539 INFO - ContAudITWrapper#54 - Sending to blockchain...
2024-10-11 05:22:28,728 INFO - ContAudITWrapper#54 - Response 
2024-10-11 05:22:28,731 INFO - ContAudITWrapper#54 - Finishing ContAudIT Wrapper...
