2024-10-11 05:20:12,492 INFO - ContAudITWrapper#80 - Initializing ContAudIT Wrapper...
2024-10-11 05:20:12,633 INFO - ContAudITWrapper#80 - Current directory: /home/ec2-user/Code/ufrgs-poc/contaudit-wrapper.jar
2024-10-11 05:20:37,900 INFO - ContAudITWrapper#80 - Wrapper hash: b7519188ed863d76e5199a8d880bb968bdf9124fad53b871583787e123a7a764
2024-10-11 05:20:37,929 INFO - ContAudITWrapper#80 - Validating Wrapper...
2024-10-11 05:21:46,385 INFO - ContAudITWrapper#80 - Response true
2024-10-11 05:21:46,632 INFO - ContAudITWrapper#80 - Application hash: e36ee2d35f8c4c41bd358782dfb3ac8852b40439d350ff27616f0c18819ce9bf
2024-10-11 05:21:46,633 INFO - ContAudITWrapper#80 - Validating Application...
2024-10-11 05:22:00,957 INFO - ContAudITWrapper#80 - Response true
2024-10-11 05:22:00,968 INFO - ContAudITWrapper#80 - Artifact apache2.workflow hash: bdb4cee855e21446b6ae53ddcb76a1632ef8c4545b5db0517e01ffd552157f6e
2024-10-11 05:22:01,051 INFO - ContAudITWrapper#80 - Validating Artifact...
2024-10-11 05:22:09,829 INFO - ContAudITWrapper#80 - Response true
2024-10-11 05:22:09,840 INFO - ContAudITWrapper#80 - Running pre-command actions...
2024-10-11 05:22:09,841 INFO - ContAudITWrapper#80 - Analyzing current environment state...
2024-10-11 05:22:10,027 INFO - ContAudITWrapper#80 - Saving current environment state...
2024-10-11 05:22:10,028 INFO - ContAudITWrapper#80 - Environment state hash: a7ffc6f8bf1ed76651c14756a061d662f580ff4de43b49fa82d80a4b80f8434a
2024-10-11 05:22:10,030 INFO - ContAudITWrapper#80 - Executing command...
2024-10-11 05:22:11,142 INFO - ContAudITWrapper#80 - Command output: 
2024-10-11 05:22:10.331232387 [executor] Initializing the workflow...
[apache2_workflow] Apache HTTP Server already installed.
[apache2_workflow] UserDir module already loaded.
[apache2_workflow] Configs to UserDir already exist.
[apache2_workflow] public_html directory already exists in /home/ec2-user.
[apache2_workflow] Creating a simple webpage...
[apache2_workflow] Moving webpage to Apache HTTP Server user website folder...
[apache2_workflow] Page moved successfully!
2024-10-11 05:22:11.134525509 [executor] Finished!

2024-10-11 05:22:11,142 INFO - ContAudITWrapper#80 - Running post-command actions...
2024-10-11 05:22:11,143 INFO - ContAudITWrapper#80 - Analyzing current environment state...
2024-10-11 05:22:11,197 INFO - ContAudITWrapper#80 - Saving current environment state...
2024-10-11 05:22:11,198 INFO - ContAudITWrapper#80 - Environment state hash: a7ffc6f8bf1ed76651c14756a061d662f580ff4de43b49fa82d80a4b80f8434a
2024-10-11 05:22:11,199 INFO - ContAudITWrapper#80 - Checking environment diff...
2024-10-11 05:22:11,391 INFO - ContAudITWrapper#80 - Environment diff: 
2024-10-11 05:22:11,391 INFO - ContAudITWrapper#80 - Cleaning temporary files...
2024-10-11 05:22:11,426 INFO - ContAudITWrapper#80 - Sending to blockchain...
2024-10-11 05:22:23,518 INFO - ContAudITWrapper#80 - Response 
2024-10-11 05:22:23,519 INFO - ContAudITWrapper#80 - Finishing ContAudIT Wrapper...
