2024-10-11 05:20:12,973 INFO - ContAudITWrapper#75 - Initializing ContAudIT Wrapper...
2024-10-11 05:20:13,170 INFO - ContAudITWrapper#75 - Current directory: /home/ec2-user/Code/ufrgs-poc/contaudit-wrapper.jar
2024-10-11 05:20:37,722 INFO - ContAudITWrapper#75 - Wrapper hash: b7519188ed863d76e5199a8d880bb968bdf9124fad53b871583787e123a7a764
2024-10-11 05:20:37,847 INFO - ContAudITWrapper#75 - Validating Wrapper...
2024-10-11 05:21:47,328 INFO - ContAudITWrapper#75 - Response true
2024-10-11 05:21:47,583 INFO - ContAudITWrapper#75 - Application hash: e36ee2d35f8c4c41bd358782dfb3ac8852b40439d350ff27616f0c18819ce9bf
2024-10-11 05:21:47,584 INFO - ContAudITWrapper#75 - Validating Application...
2024-10-11 05:22:01,579 INFO - ContAudITWrapper#75 - Response true
2024-10-11 05:22:01,610 INFO - ContAudITWrapper#75 - Artifact apache2.workflow hash: bdb4cee855e21446b6ae53ddcb76a1632ef8c4545b5db0517e01ffd552157f6e
2024-10-11 05:22:01,619 INFO - ContAudITWrapper#75 - Validating Artifact...
2024-10-11 05:22:16,236 INFO - ContAudITWrapper#75 - Response true
2024-10-11 05:22:16,239 INFO - ContAudITWrapper#75 - Running pre-command actions...
2024-10-11 05:22:16,241 INFO - ContAudITWrapper#75 - Analyzing current environment state...
2024-10-11 05:22:16,395 INFO - ContAudITWrapper#75 - Saving current environment state...
2024-10-11 05:22:16,396 INFO - ContAudITWrapper#75 - Environment state hash: a7ffc6f8bf1ed76651c14756a061d662f580ff4de43b49fa82d80a4b80f8434a
2024-10-11 05:22:16,396 INFO - ContAudITWrapper#75 - Executing command...
2024-10-11 05:22:17,780 INFO - ContAudITWrapper#75 - Command output: 
2024-10-11 05:22:16.623937205 [executor] Initializing the workflow...
[apache2_workflow] Apache HTTP Server already installed.
[apache2_workflow] UserDir module already loaded.
[apache2_workflow] Configs to UserDir already exist.
[apache2_workflow] public_html directory already exists in /home/ec2-user.
[apache2_workflow] Creating a simple webpage...
[apache2_workflow] Moving webpage to Apache HTTP Server user website folder...
[apache2_workflow] Page moved successfully!
2024-10-11 05:22:17.778924755 [executor] Finished!

2024-10-11 05:22:17,780 INFO - ContAudITWrapper#75 - Running post-command actions...
2024-10-11 05:22:17,780 INFO - ContAudITWrapper#75 - Analyzing current environment state...
2024-10-11 05:22:18,035 INFO - ContAudITWrapper#75 - Saving current environment state...
2024-10-11 05:22:18,036 INFO - ContAudITWrapper#75 - Environment state hash: a7ffc6f8bf1ed76651c14756a061d662f580ff4de43b49fa82d80a4b80f8434a
2024-10-11 05:22:18,036 INFO - ContAudITWrapper#75 - Checking environment diff...
2024-10-11 05:22:18,127 INFO - ContAudITWrapper#75 - Environment diff: 
2024-10-11 05:22:18,128 INFO - ContAudITWrapper#75 - Cleaning temporary files...
2024-10-11 05:22:18,201 INFO - ContAudITWrapper#75 - Sending to blockchain...
2024-10-11 05:22:30,611 INFO - ContAudITWrapper#75 - Response 
2024-10-11 05:22:30,617 INFO - ContAudITWrapper#75 - Finishing ContAudIT Wrapper...
