2024-10-11 05:20:12,633 INFO - ContAudITWrapper#63 - Initializing ContAudIT Wrapper...
2024-10-11 05:20:12,834 INFO - ContAudITWrapper#63 - Current directory: /home/ec2-user/Code/ufrgs-poc/contaudit-wrapper.jar
2024-10-11 05:20:36,429 INFO - ContAudITWrapper#63 - Wrapper hash: b7519188ed863d76e5199a8d880bb968bdf9124fad53b871583787e123a7a764
2024-10-11 05:20:36,581 INFO - ContAudITWrapper#63 - Validating Wrapper...
2024-10-11 05:21:47,212 INFO - ContAudITWrapper#63 - Response true
2024-10-11 05:21:47,459 INFO - ContAudITWrapper#63 - Application hash: e36ee2d35f8c4c41bd358782dfb3ac8852b40439d350ff27616f0c18819ce9bf
2024-10-11 05:21:47,460 INFO - ContAudITWrapper#63 - Validating Application...
2024-10-11 05:22:01,968 INFO - ContAudITWrapper#63 - Response true
2024-10-11 05:22:01,977 INFO - ContAudITWrapper#63 - Artifact apache2.workflow hash: bdb4cee855e21446b6ae53ddcb76a1632ef8c4545b5db0517e01ffd552157f6e
2024-10-11 05:22:01,987 INFO - ContAudITWrapper#63 - Validating Artifact...
2024-10-11 05:22:12,025 INFO - ContAudITWrapper#63 - Response true
2024-10-11 05:22:12,033 INFO - ContAudITWrapper#63 - Running pre-command actions...
2024-10-11 05:22:12,036 INFO - ContAudITWrapper#63 - Analyzing current environment state...
2024-10-11 05:22:12,211 INFO - ContAudITWrapper#63 - Saving current environment state...
2024-10-11 05:22:12,212 INFO - ContAudITWrapper#63 - Environment state hash: a7ffc6f8bf1ed76651c14756a061d662f580ff4de43b49fa82d80a4b80f8434a
2024-10-11 05:22:12,213 INFO - ContAudITWrapper#63 - Executing command...
2024-10-11 05:22:13,868 INFO - ContAudITWrapper#63 - Command output: 
2024-10-11 05:22:12.376078880 [executor] Initializing the workflow...
[apache2_workflow] Apache HTTP Server already installed.
[apache2_workflow] UserDir module already loaded.
[apache2_workflow] Configs to UserDir already exist.
[apache2_workflow] public_html directory already exists in /home/ec2-user.
[apache2_workflow] Creating a simple webpage...
[apache2_workflow] Moving webpage to Apache HTTP Server user website folder...
[apache2_workflow] Page moved successfully!
2024-10-11 05:22:13.867849960 [executor] Finished!

2024-10-11 05:22:13,869 INFO - ContAudITWrapper#63 - Running post-command actions...
2024-10-11 05:22:13,869 INFO - ContAudITWrapper#63 - Analyzing current environment state...
2024-10-11 05:22:13,955 INFO - ContAudITWrapper#63 - Saving current environment state...
2024-10-11 05:22:13,955 INFO - ContAudITWrapper#63 - Environment state hash: a7ffc6f8bf1ed76651c14756a061d662f580ff4de43b49fa82d80a4b80f8434a
2024-10-11 05:22:13,956 INFO - ContAudITWrapper#63 - Checking environment diff...
2024-10-11 05:22:14,082 INFO - ContAudITWrapper#63 - Environment diff: 
2024-10-11 05:22:14,082 INFO - ContAudITWrapper#63 - Cleaning temporary files...
2024-10-11 05:22:14,099 INFO - ContAudITWrapper#63 - Sending to blockchain...
2024-10-11 05:22:27,601 INFO - ContAudITWrapper#63 - Response 
2024-10-11 05:22:27,603 INFO - ContAudITWrapper#63 - Finishing ContAudIT Wrapper...
