2024-10-11 05:20:13,061 INFO - ContAudITWrapper#81 - Initializing ContAudIT Wrapper...
2024-10-11 05:20:13,239 INFO - ContAudITWrapper#81 - Current directory: /home/ec2-user/Code/ufrgs-poc/contaudit-wrapper.jar
2024-10-11 05:20:38,112 INFO - ContAudITWrapper#81 - Wrapper hash: b7519188ed863d76e5199a8d880bb968bdf9124fad53b871583787e123a7a764
2024-10-11 05:20:38,196 INFO - ContAudITWrapper#81 - Validating Wrapper...
2024-10-11 05:21:51,004 INFO - ContAudITWrapper#81 - Response true
2024-10-11 05:21:51,058 INFO - ContAudITWrapper#81 - Application hash: e36ee2d35f8c4c41bd358782dfb3ac8852b40439d350ff27616f0c18819ce9bf
2024-10-11 05:21:51,061 INFO - ContAudITWrapper#81 - Validating Application...
2024-10-11 05:22:06,198 INFO - ContAudITWrapper#81 - Response true
2024-10-11 05:22:06,207 INFO - ContAudITWrapper#81 - Artifact apache2.workflow hash: bdb4cee855e21446b6ae53ddcb76a1632ef8c4545b5db0517e01ffd552157f6e
2024-10-11 05:22:06,257 INFO - ContAudITWrapper#81 - Validating Artifact...
2024-10-11 05:22:18,049 INFO - ContAudITWrapper#81 - Response true
2024-10-11 05:22:18,067 INFO - ContAudITWrapper#81 - Running pre-command actions...
2024-10-11 05:22:18,068 INFO - ContAudITWrapper#81 - Analyzing current environment state...
2024-10-11 05:22:18,251 INFO - ContAudITWrapper#81 - Saving current environment state...
2024-10-11 05:22:18,252 INFO - ContAudITWrapper#81 - Environment state hash: a7ffc6f8bf1ed76651c14756a061d662f580ff4de43b49fa82d80a4b80f8434a
2024-10-11 05:22:18,285 INFO - ContAudITWrapper#81 - Executing command...
2024-10-11 05:22:19,667 INFO - ContAudITWrapper#81 - Command output: 
2024-10-11 05:22:18.470998997 [executor] Initializing the workflow...
[apache2_workflow] Apache HTTP Server already installed.
[apache2_workflow] UserDir module already loaded.
[apache2_workflow] Configs to UserDir already exist.
[apache2_workflow] public_html directory already exists in /home/ec2-user.
[apache2_workflow] Creating a simple webpage...
[apache2_workflow] Moving webpage to Apache HTTP Server user website folder...
[apache2_workflow] Page moved successfully!
2024-10-11 05:22:19.665990618 [executor] Finished!

2024-10-11 05:22:19,667 INFO - ContAudITWrapper#81 - Running post-command actions...
2024-10-11 05:22:19,667 INFO - ContAudITWrapper#81 - Analyzing current environment state...
2024-10-11 05:22:19,821 INFO - ContAudITWrapper#81 - Saving current environment state...
2024-10-11 05:22:19,822 INFO - ContAudITWrapper#81 - Environment state hash: a7ffc6f8bf1ed76651c14756a061d662f580ff4de43b49fa82d80a4b80f8434a
2024-10-11 05:22:19,822 INFO - ContAudITWrapper#81 - Checking environment diff...
2024-10-11 05:22:19,900 INFO - ContAudITWrapper#81 - Environment diff: 
2024-10-11 05:22:19,901 INFO - ContAudITWrapper#81 - Cleaning temporary files...
2024-10-11 05:22:19,929 INFO - ContAudITWrapper#81 - Sending to blockchain...
2024-10-11 05:22:28,271 INFO - ContAudITWrapper#81 - Response 
2024-10-11 05:22:28,273 INFO - ContAudITWrapper#81 - Finishing ContAudIT Wrapper...
