2024-10-11 05:22:38,836 INFO - ContAudITWrapper#97 - Initializing ContAudIT Wrapper...
2024-10-11 05:22:38,995 INFO - ContAudITWrapper#97 - Current directory: /home/ec2-user/Code/ufrgs-poc/contaudit-wrapper.jar
2024-10-11 05:23:02,945 INFO - ContAudITWrapper#97 - Wrapper hash: b7519188ed863d76e5199a8d880bb968bdf9124fad53b871583787e123a7a764
2024-10-11 05:23:03,004 INFO - ContAudITWrapper#97 - Validating Wrapper...
2024-10-11 05:24:09,600 INFO - ContAudITWrapper#97 - Response true
2024-10-11 05:24:09,684 INFO - ContAudITWrapper#97 - Application hash: e36ee2d35f8c4c41bd358782dfb3ac8852b40439d350ff27616f0c18819ce9bf
2024-10-11 05:24:09,696 INFO - ContAudITWrapper#97 - Validating Application...
2024-10-11 05:24:21,248 INFO - ContAudITWrapper#97 - Response true
2024-10-11 05:24:21,262 INFO - ContAudITWrapper#97 - Artifact apache2.workflow hash: bdb4cee855e21446b6ae53ddcb76a1632ef8c4545b5db0517e01ffd552157f6e
2024-10-11 05:24:21,363 INFO - ContAudITWrapper#97 - Validating Artifact...
2024-10-11 05:24:33,912 INFO - ContAudITWrapper#97 - Response true
2024-10-11 05:24:33,942 INFO - ContAudITWrapper#97 - Running pre-command actions...
2024-10-11 05:24:33,943 INFO - ContAudITWrapper#97 - Analyzing current environment state...
2024-10-11 05:24:34,109 INFO - ContAudITWrapper#97 - Saving current environment state...
2024-10-11 05:24:34,110 INFO - ContAudITWrapper#97 - Environment state hash: a7ffc6f8bf1ed76651c14756a061d662f580ff4de43b49fa82d80a4b80f8434a
2024-10-11 05:24:34,110 INFO - ContAudITWrapper#97 - Executing command...
2024-10-11 05:24:35,443 INFO - ContAudITWrapper#97 - Command output: 
2024-10-11 05:24:34.398536866 [executor] Initializing the workflow...
[apache2_workflow] Apache HTTP Server already installed.
[apache2_workflow] UserDir module already loaded.
[apache2_workflow] Configs to UserDir already exist.
[apache2_workflow] public_html directory already exists in /home/ec2-user.
[apache2_workflow] Creating a simple webpage...
[apache2_workflow] Moving webpage to Apache HTTP Server user website folder...
[apache2_workflow] Page moved successfully!
2024-10-11 05:24:35.442011310 [executor] Finished!

2024-10-11 05:24:35,443 INFO - ContAudITWrapper#97 - Running post-command actions...
2024-10-11 05:24:35,443 INFO - ContAudITWrapper#97 - Analyzing current environment state...
2024-10-11 05:24:35,567 INFO - ContAudITWrapper#97 - Saving current environment state...
2024-10-11 05:24:35,568 INFO - ContAudITWrapper#97 - Environment state hash: a7ffc6f8bf1ed76651c14756a061d662f580ff4de43b49fa82d80a4b80f8434a
2024-10-11 05:24:35,568 INFO - ContAudITWrapper#97 - Checking environment diff...
2024-10-11 05:24:35,710 INFO - ContAudITWrapper#97 - Environment diff: 
2024-10-11 05:24:35,711 INFO - ContAudITWrapper#97 - Cleaning temporary files...
2024-10-11 05:24:35,751 INFO - ContAudITWrapper#97 - Sending to blockchain...
2024-10-11 05:24:48,576 INFO - ContAudITWrapper#97 - Response 
2024-10-11 05:24:48,579 INFO - ContAudITWrapper#97 - Finishing ContAudIT Wrapper...
