2024-10-11 05:22:38,643 INFO - ContAudITWrapper#77 - Initializing ContAudIT Wrapper...
2024-10-11 05:22:38,936 INFO - ContAudITWrapper#77 - Current directory: /home/ec2-user/Code/ufrgs-poc/contaudit-wrapper.jar
2024-10-11 05:23:02,579 INFO - ContAudITWrapper#77 - Wrapper hash: b7519188ed863d76e5199a8d880bb968bdf9124fad53b871583787e123a7a764
2024-10-11 05:23:02,665 INFO - ContAudITWrapper#77 - Validating Wrapper...
2024-10-11 05:24:13,743 INFO - ContAudITWrapper#77 - Response true
2024-10-11 05:24:13,900 INFO - ContAudITWrapper#77 - Application hash: e36ee2d35f8c4c41bd358782dfb3ac8852b40439d350ff27616f0c18819ce9bf
2024-10-11 05:24:13,901 INFO - ContAudITWrapper#77 - Validating Application...
2024-10-11 05:24:23,888 INFO - ContAudITWrapper#77 - Response true
2024-10-11 05:24:23,914 INFO - ContAudITWrapper#77 - Artifact apache2.workflow hash: bdb4cee855e21446b6ae53ddcb76a1632ef8c4545b5db0517e01ffd552157f6e
2024-10-11 05:24:23,943 INFO - ContAudITWrapper#77 - Validating Artifact...
2024-10-11 05:24:36,181 INFO - ContAudITWrapper#77 - Response true
2024-10-11 05:24:36,195 INFO - ContAudITWrapper#77 - Running pre-command actions...
2024-10-11 05:24:36,196 INFO - ContAudITWrapper#77 - Analyzing current environment state...
2024-10-11 05:24:36,353 INFO - ContAudITWrapper#77 - Saving current environment state...
2024-10-11 05:24:36,354 INFO - ContAudITWrapper#77 - Environment state hash: a7ffc6f8bf1ed76651c14756a061d662f580ff4de43b49fa82d80a4b80f8434a
2024-10-11 05:24:36,355 INFO - ContAudITWrapper#77 - Executing command...
2024-10-11 05:24:37,870 INFO - ContAudITWrapper#77 - Command output: 
2024-10-11 05:24:36.452049856 [executor] Initializing the workflow...
[apache2_workflow] Apache HTTP Server already installed.
[apache2_workflow] UserDir module already loaded.
[apache2_workflow] Configs to UserDir already exist.
[apache2_workflow] public_html directory already exists in /home/ec2-user.
[apache2_workflow] Creating a simple webpage...
[apache2_workflow] Moving webpage to Apache HTTP Server user website folder...
[apache2_workflow] Page moved successfully!
2024-10-11 05:24:37.867180609 [executor] Finished!

2024-10-11 05:24:37,870 INFO - ContAudITWrapper#77 - Running post-command actions...
2024-10-11 05:24:37,870 INFO - ContAudITWrapper#77 - Analyzing current environment state...
2024-10-11 05:24:38,096 INFO - ContAudITWrapper#77 - Saving current environment state...
2024-10-11 05:24:38,096 INFO - ContAudITWrapper#77 - Environment state hash: a7ffc6f8bf1ed76651c14756a061d662f580ff4de43b49fa82d80a4b80f8434a
2024-10-11 05:24:38,096 INFO - ContAudITWrapper#77 - Checking environment diff...
2024-10-11 05:24:38,202 INFO - ContAudITWrapper#77 - Environment diff: 
2024-10-11 05:24:38,202 INFO - ContAudITWrapper#77 - Cleaning temporary files...
2024-10-11 05:24:38,273 INFO - ContAudITWrapper#77 - Sending to blockchain...
2024-10-11 05:24:53,237 INFO - ContAudITWrapper#77 - Response 
2024-10-11 05:24:53,239 INFO - ContAudITWrapper#77 - Finishing ContAudIT Wrapper...
