2024-10-11 05:22:38,164 INFO - ContAudITWrapper#41 - Initializing ContAudIT Wrapper...
2024-10-11 05:22:38,334 INFO - ContAudITWrapper#41 - Current directory: /home/ec2-user/Code/ufrgs-poc/contaudit-wrapper.jar
2024-10-11 05:22:58,992 INFO - ContAudITWrapper#41 - Wrapper hash: b7519188ed863d76e5199a8d880bb968bdf9124fad53b871583787e123a7a764
2024-10-11 05:22:59,005 INFO - ContAudITWrapper#41 - Validating Wrapper...
2024-10-11 05:24:00,755 INFO - ContAudITWrapper#41 - Response true
2024-10-11 05:24:00,882 INFO - ContAudITWrapper#41 - Application hash: e36ee2d35f8c4c41bd358782dfb3ac8852b40439d350ff27616f0c18819ce9bf
2024-10-11 05:24:00,884 INFO - ContAudITWrapper#41 - Validating Application...
2024-10-11 05:24:18,087 INFO - ContAudITWrapper#41 - Response true
2024-10-11 05:24:18,099 INFO - ContAudITWrapper#41 - Artifact apache2.workflow hash: bdb4cee855e21446b6ae53ddcb76a1632ef8c4545b5db0517e01ffd552157f6e
2024-10-11 05:24:18,168 INFO - ContAudITWrapper#41 - Validating Artifact...
2024-10-11 05:24:32,897 INFO - ContAudITWrapper#41 - Response true
2024-10-11 05:24:32,904 INFO - ContAudITWrapper#41 - Running pre-command actions...
2024-10-11 05:24:32,905 INFO - ContAudITWrapper#41 - Analyzing current environment state...
2024-10-11 05:24:33,046 INFO - ContAudITWrapper#41 - Saving current environment state...
2024-10-11 05:24:33,046 INFO - ContAudITWrapper#41 - Environment state hash: a7ffc6f8bf1ed76651c14756a061d662f580ff4de43b49fa82d80a4b80f8434a
2024-10-11 05:24:33,047 INFO - ContAudITWrapper#41 - Executing command...
2024-10-11 05:24:34,611 INFO - ContAudITWrapper#41 - Command output: 
2024-10-11 05:24:33.141930160 [executor] Initializing the workflow...
[apache2_workflow] Apache HTTP Server already installed.
[apache2_workflow] UserDir module already loaded.
[apache2_workflow] Configs to UserDir already exist.
[apache2_workflow] public_html directory already exists in /home/ec2-user.
[apache2_workflow] Creating a simple webpage...
[apache2_workflow] Moving webpage to Apache HTTP Server user website folder...
[apache2_workflow] Page moved successfully!
2024-10-11 05:24:34.601345182 [executor] Finished!

2024-10-11 05:24:34,612 INFO - ContAudITWrapper#41 - Running post-command actions...
2024-10-11 05:24:34,612 INFO - ContAudITWrapper#41 - Analyzing current environment state...
2024-10-11 05:24:34,776 INFO - ContAudITWrapper#41 - Saving current environment state...
2024-10-11 05:24:34,776 INFO - ContAudITWrapper#41 - Environment state hash: a7ffc6f8bf1ed76651c14756a061d662f580ff4de43b49fa82d80a4b80f8434a
2024-10-11 05:24:34,776 INFO - ContAudITWrapper#41 - Checking environment diff...
2024-10-11 05:24:34,866 INFO - ContAudITWrapper#41 - Environment diff: 
2024-10-11 05:24:34,866 INFO - ContAudITWrapper#41 - Cleaning temporary files...
2024-10-11 05:24:34,978 INFO - ContAudITWrapper#41 - Sending to blockchain...
2024-10-11 05:24:48,814 INFO - ContAudITWrapper#41 - Response 
2024-10-11 05:24:48,815 INFO - ContAudITWrapper#41 - Finishing ContAudIT Wrapper...
