2024-10-11 05:22:39,081 INFO - ContAudITWrapper#59 - Initializing ContAudIT Wrapper...
2024-10-11 05:22:39,247 INFO - ContAudITWrapper#59 - Current directory: /home/ec2-user/Code/ufrgs-poc/contaudit-wrapper.jar
2024-10-11 05:22:59,841 INFO - ContAudITWrapper#59 - Wrapper hash: b7519188ed863d76e5199a8d880bb968bdf9124fad53b871583787e123a7a764
2024-10-11 05:22:59,905 INFO - ContAudITWrapper#59 - Validating Wrapper...
2024-10-11 05:24:04,006 INFO - ContAudITWrapper#59 - Response true
2024-10-11 05:24:04,103 INFO - ContAudITWrapper#59 - Application hash: e36ee2d35f8c4c41bd358782dfb3ac8852b40439d350ff27616f0c18819ce9bf
2024-10-11 05:24:04,104 INFO - ContAudITWrapper#59 - Validating Application...
2024-10-11 05:24:19,900 INFO - ContAudITWrapper#59 - Response true
2024-10-11 05:24:19,912 INFO - ContAudITWrapper#59 - Artifact apache2.workflow hash: bdb4cee855e21446b6ae53ddcb76a1632ef8c4545b5db0517e01ffd552157f6e
2024-10-11 05:24:19,984 INFO - ContAudITWrapper#59 - Validating Artifact...
2024-10-11 05:24:33,761 INFO - ContAudITWrapper#59 - Response true
2024-10-11 05:24:33,768 INFO - ContAudITWrapper#59 - Running pre-command actions...
2024-10-11 05:24:33,769 INFO - ContAudITWrapper#59 - Analyzing current environment state...
2024-10-11 05:24:33,981 INFO - ContAudITWrapper#59 - Saving current environment state...
2024-10-11 05:24:33,982 INFO - ContAudITWrapper#59 - Environment state hash: a7ffc6f8bf1ed76651c14756a061d662f580ff4de43b49fa82d80a4b80f8434a
2024-10-11 05:24:33,982 INFO - ContAudITWrapper#59 - Executing command...
2024-10-11 05:24:34,858 INFO - ContAudITWrapper#59 - Command output: 
2024-10-11 05:24:34.138289270 [executor] Initializing the workflow...
[apache2_workflow] Apache HTTP Server already installed.
[apache2_workflow] UserDir module already loaded.
[apache2_workflow] Configs to UserDir already exist.
[apache2_workflow] public_html directory already exists in /home/ec2-user.
[apache2_workflow] Creating a simple webpage...
[apache2_workflow] Moving webpage to Apache HTTP Server user website folder...
[apache2_workflow] Page moved successfully!
2024-10-11 05:24:34.857968725 [executor] Finished!

2024-10-11 05:24:34,859 INFO - ContAudITWrapper#59 - Running post-command actions...
2024-10-11 05:24:34,859 INFO - ContAudITWrapper#59 - Analyzing current environment state...
2024-10-11 05:24:34,971 INFO - ContAudITWrapper#59 - Saving current environment state...
2024-10-11 05:24:34,971 INFO - ContAudITWrapper#59 - Environment state hash: a7ffc6f8bf1ed76651c14756a061d662f580ff4de43b49fa82d80a4b80f8434a
2024-10-11 05:24:34,972 INFO - ContAudITWrapper#59 - Checking environment diff...
2024-10-11 05:24:35,062 INFO - ContAudITWrapper#59 - Environment diff: 
2024-10-11 05:24:35,063 INFO - ContAudITWrapper#59 - Cleaning temporary files...
2024-10-11 05:24:35,119 INFO - ContAudITWrapper#59 - Sending to blockchain...
2024-10-11 05:24:46,197 INFO - ContAudITWrapper#59 - Response 
2024-10-11 05:24:46,199 INFO - ContAudITWrapper#59 - Finishing ContAudIT Wrapper...
