2024-10-11 05:22:38,508 INFO - ContAudITWrapper#63 - Initializing ContAudIT Wrapper...
2024-10-11 05:22:38,637 INFO - ContAudITWrapper#63 - Current directory: /home/ec2-user/Code/ufrgs-poc/contaudit-wrapper.jar
2024-10-11 05:23:00,712 INFO - ContAudITWrapper#63 - Wrapper hash: b7519188ed863d76e5199a8d880bb968bdf9124fad53b871583787e123a7a764
2024-10-11 05:23:00,753 INFO - ContAudITWrapper#63 - Validating Wrapper...
2024-10-11 05:24:08,515 INFO - ContAudITWrapper#63 - Response true
2024-10-11 05:24:08,776 INFO - ContAudITWrapper#63 - Application hash: e36ee2d35f8c4c41bd358782dfb3ac8852b40439d350ff27616f0c18819ce9bf
2024-10-11 05:24:08,777 INFO - ContAudITWrapper#63 - Validating Application...
2024-10-11 05:24:26,422 INFO - ContAudITWrapper#63 - Response true
2024-10-11 05:24:26,445 INFO - ContAudITWrapper#63 - Artifact apache2.workflow hash: bdb4cee855e21446b6ae53ddcb76a1632ef8c4545b5db0517e01ffd552157f6e
2024-10-11 05:24:26,475 INFO - ContAudITWrapper#63 - Validating Artifact...
2024-10-11 05:24:36,941 INFO - ContAudITWrapper#63 - Response true
2024-10-11 05:24:36,954 INFO - ContAudITWrapper#63 - Running pre-command actions...
2024-10-11 05:24:36,955 INFO - ContAudITWrapper#63 - Analyzing current environment state...
2024-10-11 05:24:37,156 INFO - ContAudITWrapper#63 - Saving current environment state...
2024-10-11 05:24:37,157 INFO - ContAudITWrapper#63 - Environment state hash: a7ffc6f8bf1ed76651c14756a061d662f580ff4de43b49fa82d80a4b80f8434a
2024-10-11 05:24:37,158 INFO - ContAudITWrapper#63 - Executing command...
2024-10-11 05:24:38,577 INFO - ContAudITWrapper#63 - Command output: 
2024-10-11 05:24:37.301202796 [executor] Initializing the workflow...
[apache2_workflow] Apache HTTP Server already installed.
[apache2_workflow] UserDir module already loaded.
[apache2_workflow] Configs to UserDir already exist.
[apache2_workflow] public_html directory already exists in /home/ec2-user.
[apache2_workflow] Creating a simple webpage...
[apache2_workflow] Moving webpage to Apache HTTP Server user website folder...
[apache2_workflow] Page moved successfully!
2024-10-11 05:24:38.576063426 [executor] Finished!

2024-10-11 05:24:38,577 INFO - ContAudITWrapper#63 - Running post-command actions...
2024-10-11 05:24:38,577 INFO - ContAudITWrapper#63 - Analyzing current environment state...
2024-10-11 05:24:38,769 INFO - ContAudITWrapper#63 - Saving current environment state...
2024-10-11 05:24:38,769 INFO - ContAudITWrapper#63 - Environment state hash: a7ffc6f8bf1ed76651c14756a061d662f580ff4de43b49fa82d80a4b80f8434a
2024-10-11 05:24:38,770 INFO - ContAudITWrapper#63 - Checking environment diff...
2024-10-11 05:24:38,850 INFO - ContAudITWrapper#63 - Environment diff: 
2024-10-11 05:24:38,851 INFO - ContAudITWrapper#63 - Cleaning temporary files...
2024-10-11 05:24:38,908 INFO - ContAudITWrapper#63 - Sending to blockchain...
2024-10-11 05:24:53,709 INFO - ContAudITWrapper#63 - Response 
2024-10-11 05:24:53,710 INFO - ContAudITWrapper#63 - Finishing ContAudIT Wrapper...
