2024-10-11 05:22:38,322 INFO - ContAudITWrapper#21 - Initializing ContAudIT Wrapper...
2024-10-11 05:22:38,585 INFO - ContAudITWrapper#21 - Current directory: /home/ec2-user/Code/ufrgs-poc/contaudit-wrapper.jar
2024-10-11 05:23:02,177 INFO - ContAudITWrapper#21 - Wrapper hash: b7519188ed863d76e5199a8d880bb968bdf9124fad53b871583787e123a7a764
2024-10-11 05:23:02,245 INFO - ContAudITWrapper#21 - Validating Wrapper...
2024-10-11 05:24:06,509 INFO - ContAudITWrapper#21 - Response true
2024-10-11 05:24:06,792 INFO - ContAudITWrapper#21 - Application hash: e36ee2d35f8c4c41bd358782dfb3ac8852b40439d350ff27616f0c18819ce9bf
2024-10-11 05:24:06,792 INFO - ContAudITWrapper#21 - Validating Application...
2024-10-11 05:24:20,448 INFO - ContAudITWrapper#21 - Response true
2024-10-11 05:24:20,476 INFO - ContAudITWrapper#21 - Artifact apache2.workflow hash: bdb4cee855e21446b6ae53ddcb76a1632ef8c4545b5db0517e01ffd552157f6e
2024-10-11 05:24:20,500 INFO - ContAudITWrapper#21 - Validating Artifact...
2024-10-11 05:24:34,413 INFO - ContAudITWrapper#21 - Response true
2024-10-11 05:24:34,421 INFO - ContAudITWrapper#21 - Running pre-command actions...
2024-10-11 05:24:34,422 INFO - ContAudITWrapper#21 - Analyzing current environment state...
2024-10-11 05:24:34,570 INFO - ContAudITWrapper#21 - Saving current environment state...
2024-10-11 05:24:34,571 INFO - ContAudITWrapper#21 - Environment state hash: a7ffc6f8bf1ed76651c14756a061d662f580ff4de43b49fa82d80a4b80f8434a
2024-10-11 05:24:34,571 INFO - ContAudITWrapper#21 - Executing command...
2024-10-11 05:24:36,133 INFO - ContAudITWrapper#21 - Command output: 
2024-10-11 05:24:34.724340491 [executor] Initializing the workflow...
[apache2_workflow] Apache HTTP Server already installed.
[apache2_workflow] UserDir module already loaded.
[apache2_workflow] Configs to UserDir already exist.
[apache2_workflow] public_html directory already exists in /home/ec2-user.
[apache2_workflow] Creating a simple webpage...
[apache2_workflow] Moving webpage to Apache HTTP Server user website folder...
[apache2_workflow] Page moved successfully!
2024-10-11 05:24:36.132536562 [executor] Finished!

2024-10-11 05:24:36,133 INFO - ContAudITWrapper#21 - Running post-command actions...
2024-10-11 05:24:36,135 INFO - ContAudITWrapper#21 - Analyzing current environment state...
2024-10-11 05:24:36,279 INFO - ContAudITWrapper#21 - Saving current environment state...
2024-10-11 05:24:36,280 INFO - ContAudITWrapper#21 - Environment state hash: a7ffc6f8bf1ed76651c14756a061d662f580ff4de43b49fa82d80a4b80f8434a
2024-10-11 05:24:36,280 INFO - ContAudITWrapper#21 - Checking environment diff...
2024-10-11 05:24:36,357 INFO - ContAudITWrapper#21 - Environment diff: 
2024-10-11 05:24:36,357 INFO - ContAudITWrapper#21 - Cleaning temporary files...
2024-10-11 05:24:36,523 INFO - ContAudITWrapper#21 - Sending to blockchain...
2024-10-11 05:24:51,592 INFO - ContAudITWrapper#21 - Response 
2024-10-11 05:24:51,593 INFO - ContAudITWrapper#21 - Finishing ContAudIT Wrapper...
