2024-10-11 05:22:38,484 INFO - ContAudITWrapper#53 - Initializing ContAudIT Wrapper...
2024-10-11 05:22:38,746 INFO - ContAudITWrapper#53 - Current directory: /home/ec2-user/Code/ufrgs-poc/contaudit-wrapper.jar
2024-10-11 05:22:59,683 INFO - ContAudITWrapper#53 - Wrapper hash: b7519188ed863d76e5199a8d880bb968bdf9124fad53b871583787e123a7a764
2024-10-11 05:22:59,772 INFO - ContAudITWrapper#53 - Validating Wrapper...
2024-10-11 05:24:07,193 INFO - ContAudITWrapper#53 - Response true
2024-10-11 05:24:07,424 INFO - ContAudITWrapper#53 - Application hash: e36ee2d35f8c4c41bd358782dfb3ac8852b40439d350ff27616f0c18819ce9bf
2024-10-11 05:24:07,425 INFO - ContAudITWrapper#53 - Validating Application...
2024-10-11 05:24:21,870 INFO - ContAudITWrapper#53 - Response true
2024-10-11 05:24:21,883 INFO - ContAudITWrapper#53 - Artifact apache2.workflow hash: bdb4cee855e21446b6ae53ddcb76a1632ef8c4545b5db0517e01ffd552157f6e
2024-10-11 05:24:21,891 INFO - ContAudITWrapper#53 - Validating Artifact...
2024-10-11 05:24:33,623 INFO - ContAudITWrapper#53 - Response true
2024-10-11 05:24:33,631 INFO - ContAudITWrapper#53 - Running pre-command actions...
2024-10-11 05:24:33,632 INFO - ContAudITWrapper#53 - Analyzing current environment state...
2024-10-11 05:24:33,800 INFO - ContAudITWrapper#53 - Saving current environment state...
2024-10-11 05:24:33,801 INFO - ContAudITWrapper#53 - Environment state hash: a7ffc6f8bf1ed76651c14756a061d662f580ff4de43b49fa82d80a4b80f8434a
2024-10-11 05:24:33,802 INFO - ContAudITWrapper#53 - Executing command...
2024-10-11 05:24:35,527 INFO - ContAudITWrapper#53 - Command output: 
2024-10-11 05:24:33.971133057 [executor] Initializing the workflow...
[apache2_workflow] Apache HTTP Server already installed.
[apache2_workflow] UserDir module already loaded.
[apache2_workflow] Configs to UserDir already exist.
[apache2_workflow] public_html directory already exists in /home/ec2-user.
[apache2_workflow] Creating a simple webpage...
[apache2_workflow] Moving webpage to Apache HTTP Server user website folder...
[apache2_workflow] Page moved successfully!
2024-10-11 05:24:35.525803731 [executor] Finished!

2024-10-11 05:24:35,527 INFO - ContAudITWrapper#53 - Running post-command actions...
2024-10-11 05:24:35,527 INFO - ContAudITWrapper#53 - Analyzing current environment state...
2024-10-11 05:24:35,676 INFO - ContAudITWrapper#53 - Saving current environment state...
2024-10-11 05:24:35,677 INFO - ContAudITWrapper#53 - Environment state hash: a7ffc6f8bf1ed76651c14756a061d662f580ff4de43b49fa82d80a4b80f8434a
2024-10-11 05:24:35,677 INFO - ContAudITWrapper#53 - Checking environment diff...
2024-10-11 05:24:35,733 INFO - ContAudITWrapper#53 - Environment diff: 
2024-10-11 05:24:35,733 INFO - ContAudITWrapper#53 - Cleaning temporary files...
2024-10-11 05:24:35,805 INFO - ContAudITWrapper#53 - Sending to blockchain...
2024-10-11 05:24:52,817 INFO - ContAudITWrapper#53 - Response 
2024-10-11 05:24:52,818 INFO - ContAudITWrapper#53 - Finishing ContAudIT Wrapper...
