2024-10-11 05:22:38,286 INFO - ContAudITWrapper#31 - Initializing ContAudIT Wrapper...
2024-10-11 05:22:38,439 INFO - ContAudITWrapper#31 - Current directory: /home/ec2-user/Code/ufrgs-poc/contaudit-wrapper.jar
2024-10-11 05:23:02,647 INFO - ContAudITWrapper#31 - Wrapper hash: b7519188ed863d76e5199a8d880bb968bdf9124fad53b871583787e123a7a764
2024-10-11 05:23:02,655 INFO - ContAudITWrapper#31 - Validating Wrapper...
2024-10-11 05:24:09,444 INFO - ContAudITWrapper#31 - Response true
2024-10-11 05:24:09,648 INFO - ContAudITWrapper#31 - Application hash: e36ee2d35f8c4c41bd358782dfb3ac8852b40439d350ff27616f0c18819ce9bf
2024-10-11 05:24:09,649 INFO - ContAudITWrapper#31 - Validating Application...
2024-10-11 05:24:22,842 INFO - ContAudITWrapper#31 - Response true
2024-10-11 05:24:22,858 INFO - ContAudITWrapper#31 - Artifact apache2.workflow hash: bdb4cee855e21446b6ae53ddcb76a1632ef8c4545b5db0517e01ffd552157f6e
2024-10-11 05:24:22,891 INFO - ContAudITWrapper#31 - Validating Artifact...
2024-10-11 05:24:39,701 INFO - ContAudITWrapper#31 - Response true
2024-10-11 05:24:39,711 INFO - ContAudITWrapper#31 - Running pre-command actions...
2024-10-11 05:24:39,712 INFO - ContAudITWrapper#31 - Analyzing current environment state...
2024-10-11 05:24:39,929 INFO - ContAudITWrapper#31 - Saving current environment state...
2024-10-11 05:24:39,930 INFO - ContAudITWrapper#31 - Environment state hash: a7ffc6f8bf1ed76651c14756a061d662f580ff4de43b49fa82d80a4b80f8434a
2024-10-11 05:24:39,931 INFO - ContAudITWrapper#31 - Executing command...
2024-10-11 05:24:41,267 INFO - ContAudITWrapper#31 - Command output: 
2024-10-11 05:24:39.999986431 [executor] Initializing the workflow...
[apache2_workflow] Apache HTTP Server already installed.
[apache2_workflow] UserDir module already loaded.
[apache2_workflow] Configs to UserDir already exist.
[apache2_workflow] public_html directory already exists in /home/ec2-user.
[apache2_workflow] Creating a simple webpage...
[apache2_workflow] Moving webpage to Apache HTTP Server user website folder...
[apache2_workflow] Page moved successfully!
2024-10-11 05:24:41.266285339 [executor] Finished!

2024-10-11 05:24:41,267 INFO - ContAudITWrapper#31 - Running post-command actions...
2024-10-11 05:24:41,268 INFO - ContAudITWrapper#31 - Analyzing current environment state...
2024-10-11 05:24:41,405 INFO - ContAudITWrapper#31 - Saving current environment state...
2024-10-11 05:24:41,405 INFO - ContAudITWrapper#31 - Environment state hash: a7ffc6f8bf1ed76651c14756a061d662f580ff4de43b49fa82d80a4b80f8434a
2024-10-11 05:24:41,406 INFO - ContAudITWrapper#31 - Checking environment diff...
2024-10-11 05:24:41,524 INFO - ContAudITWrapper#31 - Environment diff: 
2024-10-11 05:24:41,525 INFO - ContAudITWrapper#31 - Cleaning temporary files...
2024-10-11 05:24:41,556 INFO - ContAudITWrapper#31 - Sending to blockchain...
2024-10-11 05:24:52,741 INFO - ContAudITWrapper#31 - Response 
2024-10-11 05:24:52,743 INFO - ContAudITWrapper#31 - Finishing ContAudIT Wrapper...
