2024-10-11 05:22:38,565 INFO - ContAudITWrapper#36 - Initializing ContAudIT Wrapper...
2024-10-11 05:22:38,778 INFO - ContAudITWrapper#36 - Current directory: /home/ec2-user/Code/ufrgs-poc/contaudit-wrapper.jar
2024-10-11 05:23:04,457 INFO - ContAudITWrapper#36 - Wrapper hash: b7519188ed863d76e5199a8d880bb968bdf9124fad53b871583787e123a7a764
2024-10-11 05:23:04,649 INFO - ContAudITWrapper#36 - Validating Wrapper...
2024-10-11 05:24:16,612 INFO - ContAudITWrapper#36 - Response true
2024-10-11 05:24:16,620 INFO - ContAudITWrapper#36 - Application hash: e36ee2d35f8c4c41bd358782dfb3ac8852b40439d350ff27616f0c18819ce9bf
2024-10-11 05:24:16,623 INFO - ContAudITWrapper#36 - Validating Application...
2024-10-11 05:24:31,435 INFO - ContAudITWrapper#36 - Response true
2024-10-11 05:24:31,446 INFO - ContAudITWrapper#36 - Artifact apache2.workflow hash: bdb4cee855e21446b6ae53ddcb76a1632ef8c4545b5db0517e01ffd552157f6e
2024-10-11 05:24:31,474 INFO - ContAudITWrapper#36 - Validating Artifact...
2024-10-11 05:24:45,586 INFO - ContAudITWrapper#36 - Response true
2024-10-11 05:24:45,610 INFO - ContAudITWrapper#36 - Running pre-command actions...
2024-10-11 05:24:45,611 INFO - ContAudITWrapper#36 - Analyzing current environment state...
2024-10-11 05:24:45,815 INFO - ContAudITWrapper#36 - Saving current environment state...
2024-10-11 05:24:45,816 INFO - ContAudITWrapper#36 - Environment state hash: a7ffc6f8bf1ed76651c14756a061d662f580ff4de43b49fa82d80a4b80f8434a
2024-10-11 05:24:45,816 INFO - ContAudITWrapper#36 - Executing command...
2024-10-11 05:24:47,209 INFO - ContAudITWrapper#36 - Command output: 
2024-10-11 05:24:46.051223747 [executor] Initializing the workflow...
[apache2_workflow] Apache HTTP Server already installed.
[apache2_workflow] UserDir module already loaded.
[apache2_workflow] Configs to UserDir already exist.
[apache2_workflow] public_html directory already exists in /home/ec2-user.
[apache2_workflow] Creating a simple webpage...
[apache2_workflow] Moving webpage to Apache HTTP Server user website folder...
[apache2_workflow] Page moved successfully!
2024-10-11 05:24:47.207704404 [executor] Finished!

2024-10-11 05:24:47,209 INFO - ContAudITWrapper#36 - Running post-command actions...
2024-10-11 05:24:47,209 INFO - ContAudITWrapper#36 - Analyzing current environment state...
2024-10-11 05:24:47,370 INFO - ContAudITWrapper#36 - Saving current environment state...
2024-10-11 05:24:47,371 INFO - ContAudITWrapper#36 - Environment state hash: a7ffc6f8bf1ed76651c14756a061d662f580ff4de43b49fa82d80a4b80f8434a
2024-10-11 05:24:47,371 INFO - ContAudITWrapper#36 - Checking environment diff...
2024-10-11 05:24:47,411 INFO - ContAudITWrapper#36 - Environment diff: 
2024-10-11 05:24:47,411 INFO - ContAudITWrapper#36 - Cleaning temporary files...
2024-10-11 05:24:47,436 INFO - ContAudITWrapper#36 - Sending to blockchain...
2024-10-11 05:24:54,582 INFO - ContAudITWrapper#36 - Response 
2024-10-11 05:24:54,584 INFO - ContAudITWrapper#36 - Finishing ContAudIT Wrapper...
