2024-10-11 05:22:38,729 INFO - ContAudITWrapper#22 - Initializing ContAudIT Wrapper...
2024-10-11 05:22:39,000 INFO - ContAudITWrapper#22 - Current directory: /home/ec2-user/Code/ufrgs-poc/contaudit-wrapper.jar
2024-10-11 05:23:00,209 INFO - ContAudITWrapper#22 - Wrapper hash: b7519188ed863d76e5199a8d880bb968bdf9124fad53b871583787e123a7a764
2024-10-11 05:23:00,312 INFO - ContAudITWrapper#22 - Validating Wrapper...
2024-10-11 05:24:08,590 INFO - ContAudITWrapper#22 - Response true
2024-10-11 05:24:08,964 INFO - ContAudITWrapper#22 - Application hash: e36ee2d35f8c4c41bd358782dfb3ac8852b40439d350ff27616f0c18819ce9bf
2024-10-11 05:24:08,966 INFO - ContAudITWrapper#22 - Validating Application...
2024-10-11 05:24:22,009 INFO - ContAudITWrapper#22 - Response true
2024-10-11 05:24:22,021 INFO - ContAudITWrapper#22 - Artifact apache2.workflow hash: bdb4cee855e21446b6ae53ddcb76a1632ef8c4545b5db0517e01ffd552157f6e
2024-10-11 05:24:22,117 INFO - ContAudITWrapper#22 - Validating Artifact...
2024-10-11 05:24:37,527 INFO - ContAudITWrapper#22 - Response true
2024-10-11 05:24:37,534 INFO - ContAudITWrapper#22 - Running pre-command actions...
2024-10-11 05:24:37,535 INFO - ContAudITWrapper#22 - Analyzing current environment state...
2024-10-11 05:24:37,692 INFO - ContAudITWrapper#22 - Saving current environment state...
2024-10-11 05:24:37,693 INFO - ContAudITWrapper#22 - Environment state hash: a7ffc6f8bf1ed76651c14756a061d662f580ff4de43b49fa82d80a4b80f8434a
2024-10-11 05:24:37,694 INFO - ContAudITWrapper#22 - Executing command...
2024-10-11 05:24:39,137 INFO - ContAudITWrapper#22 - Command output: 
2024-10-11 05:24:37.801103564 [executor] Initializing the workflow...
[apache2_workflow] Apache HTTP Server already installed.
[apache2_workflow] UserDir module already loaded.
[apache2_workflow] Configs to UserDir already exist.
[apache2_workflow] public_html directory already exists in /home/ec2-user.
[apache2_workflow] Creating a simple webpage...
[apache2_workflow] Moving webpage to Apache HTTP Server user website folder...
[apache2_workflow] Page moved successfully!
2024-10-11 05:24:39.136252376 [executor] Finished!

2024-10-11 05:24:39,137 INFO - ContAudITWrapper#22 - Running post-command actions...
2024-10-11 05:24:39,137 INFO - ContAudITWrapper#22 - Analyzing current environment state...
2024-10-11 05:24:39,299 INFO - ContAudITWrapper#22 - Saving current environment state...
2024-10-11 05:24:39,300 INFO - ContAudITWrapper#22 - Environment state hash: a7ffc6f8bf1ed76651c14756a061d662f580ff4de43b49fa82d80a4b80f8434a
2024-10-11 05:24:39,301 INFO - ContAudITWrapper#22 - Checking environment diff...
2024-10-11 05:24:39,427 INFO - ContAudITWrapper#22 - Environment diff: 
2024-10-11 05:24:39,427 INFO - ContAudITWrapper#22 - Cleaning temporary files...
2024-10-11 05:24:39,473 INFO - ContAudITWrapper#22 - Sending to blockchain...
2024-10-11 05:24:48,903 INFO - ContAudITWrapper#22 - Response 
2024-10-11 05:24:48,904 INFO - ContAudITWrapper#22 - Finishing ContAudIT Wrapper...
