2024-10-11 05:22:39,208 INFO - ContAudITWrapper#90 - Initializing ContAudIT Wrapper...
2024-10-11 05:22:39,336 INFO - ContAudITWrapper#90 - Current directory: /home/ec2-user/Code/ufrgs-poc/contaudit-wrapper.jar
2024-10-11 05:23:02,343 INFO - ContAudITWrapper#90 - Wrapper hash: b7519188ed863d76e5199a8d880bb968bdf9124fad53b871583787e123a7a764
2024-10-11 05:23:02,353 INFO - ContAudITWrapper#90 - Validating Wrapper...
2024-10-11 05:24:13,074 INFO - ContAudITWrapper#90 - Response true
2024-10-11 05:24:13,168 INFO - ContAudITWrapper#90 - Application hash: e36ee2d35f8c4c41bd358782dfb3ac8852b40439d350ff27616f0c18819ce9bf
2024-10-11 05:24:13,169 INFO - ContAudITWrapper#90 - Validating Application...
2024-10-11 05:24:26,415 INFO - ContAudITWrapper#90 - Response true
2024-10-11 05:24:26,421 INFO - ContAudITWrapper#90 - Artifact apache2.workflow hash: bdb4cee855e21446b6ae53ddcb76a1632ef8c4545b5db0517e01ffd552157f6e
2024-10-11 05:24:26,482 INFO - ContAudITWrapper#90 - Validating Artifact...
2024-10-11 05:24:36,488 INFO - ContAudITWrapper#90 - Response true
2024-10-11 05:24:36,505 INFO - ContAudITWrapper#90 - Running pre-command actions...
2024-10-11 05:24:36,507 INFO - ContAudITWrapper#90 - Analyzing current environment state...
2024-10-11 05:24:36,799 INFO - ContAudITWrapper#90 - Saving current environment state...
2024-10-11 05:24:36,800 INFO - ContAudITWrapper#90 - Environment state hash: a7ffc6f8bf1ed76651c14756a061d662f580ff4de43b49fa82d80a4b80f8434a
2024-10-11 05:24:36,801 INFO - ContAudITWrapper#90 - Executing command...
2024-10-11 05:24:38,212 INFO - ContAudITWrapper#90 - Command output: 
2024-10-11 05:24:36.981159926 [executor] Initializing the workflow...
[apache2_workflow] Apache HTTP Server already installed.
[apache2_workflow] UserDir module already loaded.
[apache2_workflow] Configs to UserDir already exist.
[apache2_workflow] public_html directory already exists in /home/ec2-user.
[apache2_workflow] Creating a simple webpage...
[apache2_workflow] Moving webpage to Apache HTTP Server user website folder...
[apache2_workflow] Page moved successfully!
2024-10-11 05:24:38.211186977 [executor] Finished!

2024-10-11 05:24:38,212 INFO - ContAudITWrapper#90 - Running post-command actions...
2024-10-11 05:24:38,212 INFO - ContAudITWrapper#90 - Analyzing current environment state...
2024-10-11 05:24:38,324 INFO - ContAudITWrapper#90 - Saving current environment state...
2024-10-11 05:24:38,325 INFO - ContAudITWrapper#90 - Environment state hash: a7ffc6f8bf1ed76651c14756a061d662f580ff4de43b49fa82d80a4b80f8434a
2024-10-11 05:24:38,325 INFO - ContAudITWrapper#90 - Checking environment diff...
2024-10-11 05:24:38,460 INFO - ContAudITWrapper#90 - Environment diff: 
2024-10-11 05:24:38,460 INFO - ContAudITWrapper#90 - Cleaning temporary files...
2024-10-11 05:24:38,572 INFO - ContAudITWrapper#90 - Sending to blockchain...
2024-10-11 05:24:51,258 INFO - ContAudITWrapper#90 - Response 
2024-10-11 05:24:51,259 INFO - ContAudITWrapper#90 - Finishing ContAudIT Wrapper...
