2024-10-11 05:22:38,837 INFO - ContAudITWrapper#83 - Initializing ContAudIT Wrapper...
2024-10-11 05:22:39,033 INFO - ContAudITWrapper#83 - Current directory: /home/ec2-user/Code/ufrgs-poc/contaudit-wrapper.jar
2024-10-11 05:23:02,984 INFO - ContAudITWrapper#83 - Wrapper hash: b7519188ed863d76e5199a8d880bb968bdf9124fad53b871583787e123a7a764
2024-10-11 05:23:03,135 INFO - ContAudITWrapper#83 - Validating Wrapper...
2024-10-11 05:24:14,734 INFO - ContAudITWrapper#83 - Response true
2024-10-11 05:24:14,770 INFO - ContAudITWrapper#83 - Application hash: e36ee2d35f8c4c41bd358782dfb3ac8852b40439d350ff27616f0c18819ce9bf
2024-10-11 05:24:14,830 INFO - ContAudITWrapper#83 - Validating Application...
2024-10-11 05:24:27,353 INFO - ContAudITWrapper#83 - Response true
2024-10-11 05:24:27,358 INFO - ContAudITWrapper#83 - Artifact apache2.workflow hash: bdb4cee855e21446b6ae53ddcb76a1632ef8c4545b5db0517e01ffd552157f6e
2024-10-11 05:24:27,393 INFO - ContAudITWrapper#83 - Validating Artifact...
2024-10-11 05:24:38,504 INFO - ContAudITWrapper#83 - Response true
2024-10-11 05:24:38,511 INFO - ContAudITWrapper#83 - Running pre-command actions...
2024-10-11 05:24:38,512 INFO - ContAudITWrapper#83 - Analyzing current environment state...
2024-10-11 05:24:38,700 INFO - ContAudITWrapper#83 - Saving current environment state...
2024-10-11 05:24:38,702 INFO - ContAudITWrapper#83 - Environment state hash: a7ffc6f8bf1ed76651c14756a061d662f580ff4de43b49fa82d80a4b80f8434a
2024-10-11 05:24:38,703 INFO - ContAudITWrapper#83 - Executing command...
2024-10-11 05:24:39,996 INFO - ContAudITWrapper#83 - Command output: 
2024-10-11 05:24:38.921113002 [executor] Initializing the workflow...
[apache2_workflow] Apache HTTP Server already installed.
[apache2_workflow] UserDir module already loaded.
[apache2_workflow] Configs to UserDir already exist.
[apache2_workflow] public_html directory already exists in /home/ec2-user.
[apache2_workflow] Creating a simple webpage...
[apache2_workflow] Moving webpage to Apache HTTP Server user website folder...
[apache2_workflow] Page moved successfully!
2024-10-11 05:24:39.995269066 [executor] Finished!

2024-10-11 05:24:39,996 INFO - ContAudITWrapper#83 - Running post-command actions...
2024-10-11 05:24:39,997 INFO - ContAudITWrapper#83 - Analyzing current environment state...
2024-10-11 05:24:40,097 INFO - ContAudITWrapper#83 - Saving current environment state...
2024-10-11 05:24:40,098 INFO - ContAudITWrapper#83 - Environment state hash: a7ffc6f8bf1ed76651c14756a061d662f580ff4de43b49fa82d80a4b80f8434a
2024-10-11 05:24:40,098 INFO - ContAudITWrapper#83 - Checking environment diff...
2024-10-11 05:24:40,245 INFO - ContAudITWrapper#83 - Environment diff: 
2024-10-11 05:24:40,246 INFO - ContAudITWrapper#83 - Cleaning temporary files...
2024-10-11 05:24:40,403 INFO - ContAudITWrapper#83 - Sending to blockchain...
2024-10-11 05:24:53,567 INFO - ContAudITWrapper#83 - Response 
2024-10-11 05:24:53,569 INFO - ContAudITWrapper#83 - Finishing ContAudIT Wrapper...
