2024-10-11 05:22:37,793 INFO - ContAudITWrapper#26 - Initializing ContAudIT Wrapper...
2024-10-11 05:22:38,025 INFO - ContAudITWrapper#26 - Current directory: /home/ec2-user/Code/ufrgs-poc/contaudit-wrapper.jar
2024-10-11 05:23:00,947 INFO - ContAudITWrapper#26 - Wrapper hash: b7519188ed863d76e5199a8d880bb968bdf9124fad53b871583787e123a7a764
2024-10-11 05:23:01,029 INFO - ContAudITWrapper#26 - Validating Wrapper...
2024-10-11 05:24:06,857 INFO - ContAudITWrapper#26 - Response true
2024-10-11 05:24:07,021 INFO - ContAudITWrapper#26 - Application hash: e36ee2d35f8c4c41bd358782dfb3ac8852b40439d350ff27616f0c18819ce9bf
2024-10-11 05:24:07,023 INFO - ContAudITWrapper#26 - Validating Application...
2024-10-11 05:24:22,337 INFO - ContAudITWrapper#26 - Response true
2024-10-11 05:24:22,397 INFO - ContAudITWrapper#26 - Artifact apache2.workflow hash: bdb4cee855e21446b6ae53ddcb76a1632ef8c4545b5db0517e01ffd552157f6e
2024-10-11 05:24:22,417 INFO - ContAudITWrapper#26 - Validating Artifact...
2024-10-11 05:24:33,149 INFO - ContAudITWrapper#26 - Response true
2024-10-11 05:24:33,160 INFO - ContAudITWrapper#26 - Running pre-command actions...
2024-10-11 05:24:33,161 INFO - ContAudITWrapper#26 - Analyzing current environment state...
2024-10-11 05:24:33,307 INFO - ContAudITWrapper#26 - Saving current environment state...
2024-10-11 05:24:33,308 INFO - ContAudITWrapper#26 - Environment state hash: a7ffc6f8bf1ed76651c14756a061d662f580ff4de43b49fa82d80a4b80f8434a
2024-10-11 05:24:33,311 INFO - ContAudITWrapper#26 - Executing command...
2024-10-11 05:24:34,882 INFO - ContAudITWrapper#26 - Command output: 
2024-10-11 05:24:33.513395173 [executor] Initializing the workflow...
[apache2_workflow] Apache HTTP Server already installed.
[apache2_workflow] UserDir module already loaded.
[apache2_workflow] Configs to UserDir already exist.
[apache2_workflow] public_html directory already exists in /home/ec2-user.
[apache2_workflow] Creating a simple webpage...
[apache2_workflow] Moving webpage to Apache HTTP Server user website folder...
[apache2_workflow] Page moved successfully!
2024-10-11 05:24:34.881031421 [executor] Finished!

2024-10-11 05:24:34,882 INFO - ContAudITWrapper#26 - Running post-command actions...
2024-10-11 05:24:34,882 INFO - ContAudITWrapper#26 - Analyzing current environment state...
2024-10-11 05:24:34,963 INFO - ContAudITWrapper#26 - Saving current environment state...
2024-10-11 05:24:34,964 INFO - ContAudITWrapper#26 - Environment state hash: a7ffc6f8bf1ed76651c14756a061d662f580ff4de43b49fa82d80a4b80f8434a
2024-10-11 05:24:34,964 INFO - ContAudITWrapper#26 - Checking environment diff...
2024-10-11 05:24:35,141 INFO - ContAudITWrapper#26 - Environment diff: 
2024-10-11 05:24:35,142 INFO - ContAudITWrapper#26 - Cleaning temporary files...
2024-10-11 05:24:35,202 INFO - ContAudITWrapper#26 - Sending to blockchain...
2024-10-11 05:24:49,890 INFO - ContAudITWrapper#26 - Response 
2024-10-11 05:24:49,891 INFO - ContAudITWrapper#26 - Finishing ContAudIT Wrapper...
