2024-10-11 05:22:39,151 INFO - ContAudITWrapper#88 - Initializing ContAudIT Wrapper...
2024-10-11 05:22:39,372 INFO - ContAudITWrapper#88 - Current directory: /home/ec2-user/Code/ufrgs-poc/contaudit-wrapper.jar
2024-10-11 05:23:04,389 INFO - ContAudITWrapper#88 - Wrapper hash: b7519188ed863d76e5199a8d880bb968bdf9124fad53b871583787e123a7a764
2024-10-11 05:23:04,589 INFO - ContAudITWrapper#88 - Validating Wrapper...
2024-10-11 05:24:15,729 INFO - ContAudITWrapper#88 - Response true
2024-10-11 05:24:16,174 INFO - ContAudITWrapper#88 - Application hash: e36ee2d35f8c4c41bd358782dfb3ac8852b40439d350ff27616f0c18819ce9bf
2024-10-11 05:24:16,356 INFO - ContAudITWrapper#88 - Validating Application...
2024-10-11 05:24:30,873 INFO - ContAudITWrapper#88 - Response true
2024-10-11 05:24:30,879 INFO - ContAudITWrapper#88 - Artifact apache2.workflow hash: bdb4cee855e21446b6ae53ddcb76a1632ef8c4545b5db0517e01ffd552157f6e
2024-10-11 05:24:30,889 INFO - ContAudITWrapper#88 - Validating Artifact...
2024-10-11 05:24:38,358 INFO - ContAudITWrapper#88 - Response true
2024-10-11 05:24:38,364 INFO - ContAudITWrapper#88 - Running pre-command actions...
2024-10-11 05:24:38,365 INFO - ContAudITWrapper#88 - Analyzing current environment state...
2024-10-11 05:24:38,599 INFO - ContAudITWrapper#88 - Saving current environment state...
2024-10-11 05:24:38,601 INFO - ContAudITWrapper#88 - Environment state hash: a7ffc6f8bf1ed76651c14756a061d662f580ff4de43b49fa82d80a4b80f8434a
2024-10-11 05:24:38,601 INFO - ContAudITWrapper#88 - Executing command...
2024-10-11 05:24:40,709 INFO - ContAudITWrapper#88 - Command output: 
2024-10-11 05:24:38.765989031 [executor] Initializing the workflow...
[apache2_workflow] Apache HTTP Server already installed.
[apache2_workflow] UserDir module already loaded.
[apache2_workflow] Configs to UserDir already exist.
[apache2_workflow] public_html directory already exists in /home/ec2-user.
[apache2_workflow] Creating a simple webpage...
[apache2_workflow] Moving webpage to Apache HTTP Server user website folder...
[apache2_workflow] Page moved successfully!
2024-10-11 05:24:40.701585500 [executor] Finished!

2024-10-11 05:24:40,709 INFO - ContAudITWrapper#88 - Running post-command actions...
2024-10-11 05:24:40,710 INFO - ContAudITWrapper#88 - Analyzing current environment state...
2024-10-11 05:24:40,837 INFO - ContAudITWrapper#88 - Saving current environment state...
2024-10-11 05:24:40,838 INFO - ContAudITWrapper#88 - Environment state hash: a7ffc6f8bf1ed76651c14756a061d662f580ff4de43b49fa82d80a4b80f8434a
2024-10-11 05:24:40,839 INFO - ContAudITWrapper#88 - Checking environment diff...
2024-10-11 05:24:40,912 INFO - ContAudITWrapper#88 - Environment diff: 
2024-10-11 05:24:40,912 INFO - ContAudITWrapper#88 - Cleaning temporary files...
2024-10-11 05:24:40,969 INFO - ContAudITWrapper#88 - Sending to blockchain...
2024-10-11 05:24:54,393 INFO - ContAudITWrapper#88 - Response 
2024-10-11 05:24:54,394 INFO - ContAudITWrapper#88 - Finishing ContAudIT Wrapper...
