2024-10-11 05:22:39,352 INFO - ContAudITWrapper#76 - Initializing ContAudIT Wrapper...
2024-10-11 05:22:39,491 INFO - ContAudITWrapper#76 - Current directory: /home/ec2-user/Code/ufrgs-poc/contaudit-wrapper.jar
2024-10-11 05:23:02,108 INFO - ContAudITWrapper#76 - Wrapper hash: b7519188ed863d76e5199a8d880bb968bdf9124fad53b871583787e123a7a764
2024-10-11 05:23:02,136 INFO - ContAudITWrapper#76 - Validating Wrapper...
2024-10-11 05:24:10,801 INFO - ContAudITWrapper#76 - Response true
2024-10-11 05:24:10,943 INFO - ContAudITWrapper#76 - Application hash: e36ee2d35f8c4c41bd358782dfb3ac8852b40439d350ff27616f0c18819ce9bf
2024-10-11 05:24:10,953 INFO - ContAudITWrapper#76 - Validating Application...
2024-10-11 05:24:21,467 INFO - ContAudITWrapper#76 - Response true
2024-10-11 05:24:21,478 INFO - ContAudITWrapper#76 - Artifact apache2.workflow hash: bdb4cee855e21446b6ae53ddcb76a1632ef8c4545b5db0517e01ffd552157f6e
2024-10-11 05:24:21,496 INFO - ContAudITWrapper#76 - Validating Artifact...
2024-10-11 05:24:30,305 INFO - ContAudITWrapper#76 - Response true
2024-10-11 05:24:30,320 INFO - ContAudITWrapper#76 - Running pre-command actions...
2024-10-11 05:24:30,321 INFO - ContAudITWrapper#76 - Analyzing current environment state...
2024-10-11 05:24:30,471 INFO - ContAudITWrapper#76 - Saving current environment state...
2024-10-11 05:24:30,473 INFO - ContAudITWrapper#76 - Environment state hash: a7ffc6f8bf1ed76651c14756a061d662f580ff4de43b49fa82d80a4b80f8434a
2024-10-11 05:24:30,473 INFO - ContAudITWrapper#76 - Executing command...
2024-10-11 05:24:32,332 INFO - ContAudITWrapper#76 - Command output: 
2024-10-11 05:24:30.658736250 [executor] Initializing the workflow...
[apache2_workflow] Apache HTTP Server already installed.
[apache2_workflow] UserDir module already loaded.
[apache2_workflow] Configs to UserDir already exist.
[apache2_workflow] public_html directory already exists in /home/ec2-user.
[apache2_workflow] Creating a simple webpage...
[apache2_workflow] Moving webpage to Apache HTTP Server user website folder...
[apache2_workflow] Page moved successfully!
2024-10-11 05:24:32.331867706 [executor] Finished!

2024-10-11 05:24:32,333 INFO - ContAudITWrapper#76 - Running post-command actions...
2024-10-11 05:24:32,333 INFO - ContAudITWrapper#76 - Analyzing current environment state...
2024-10-11 05:24:32,504 INFO - ContAudITWrapper#76 - Saving current environment state...
2024-10-11 05:24:32,505 INFO - ContAudITWrapper#76 - Environment state hash: a7ffc6f8bf1ed76651c14756a061d662f580ff4de43b49fa82d80a4b80f8434a
2024-10-11 05:24:32,505 INFO - ContAudITWrapper#76 - Checking environment diff...
2024-10-11 05:24:32,627 INFO - ContAudITWrapper#76 - Environment diff: 
2024-10-11 05:24:32,627 INFO - ContAudITWrapper#76 - Cleaning temporary files...
2024-10-11 05:24:32,755 INFO - ContAudITWrapper#76 - Sending to blockchain...
2024-10-11 05:24:49,001 INFO - ContAudITWrapper#76 - Response 
2024-10-11 05:24:49,002 INFO - ContAudITWrapper#76 - Finishing ContAudIT Wrapper...
