2024-10-11 05:22:37,948 INFO - ContAudITWrapper#74 - Initializing ContAudIT Wrapper...
2024-10-11 05:22:38,190 INFO - ContAudITWrapper#74 - Current directory: /home/ec2-user/Code/ufrgs-poc/contaudit-wrapper.jar
2024-10-11 05:23:02,746 INFO - ContAudITWrapper#74 - Wrapper hash: b7519188ed863d76e5199a8d880bb968bdf9124fad53b871583787e123a7a764
2024-10-11 05:23:02,865 INFO - ContAudITWrapper#74 - Validating Wrapper...
2024-10-11 05:24:13,940 INFO - ContAudITWrapper#74 - Response true
2024-10-11 05:24:14,083 INFO - ContAudITWrapper#74 - Application hash: e36ee2d35f8c4c41bd358782dfb3ac8852b40439d350ff27616f0c18819ce9bf
2024-10-11 05:24:14,084 INFO - ContAudITWrapper#74 - Validating Application...
2024-10-11 05:24:26,467 INFO - ContAudITWrapper#74 - Response true
2024-10-11 05:24:26,488 INFO - ContAudITWrapper#74 - Artifact apache2.workflow hash: bdb4cee855e21446b6ae53ddcb76a1632ef8c4545b5db0517e01ffd552157f6e
2024-10-11 05:24:26,529 INFO - ContAudITWrapper#74 - Validating Artifact...
2024-10-11 05:24:35,851 INFO - ContAudITWrapper#74 - Response true
2024-10-11 05:24:35,861 INFO - ContAudITWrapper#74 - Running pre-command actions...
2024-10-11 05:24:35,862 INFO - ContAudITWrapper#74 - Analyzing current environment state...
2024-10-11 05:24:36,104 INFO - ContAudITWrapper#74 - Saving current environment state...
2024-10-11 05:24:36,105 INFO - ContAudITWrapper#74 - Environment state hash: a7ffc6f8bf1ed76651c14756a061d662f580ff4de43b49fa82d80a4b80f8434a
2024-10-11 05:24:36,105 INFO - ContAudITWrapper#74 - Executing command...
2024-10-11 05:24:37,711 INFO - ContAudITWrapper#74 - Command output: 
2024-10-11 05:24:36.245084528 [executor] Initializing the workflow...
[apache2_workflow] Apache HTTP Server already installed.
[apache2_workflow] UserDir module already loaded.
[apache2_workflow] Configs to UserDir already exist.
[apache2_workflow] public_html directory already exists in /home/ec2-user.
[apache2_workflow] Creating a simple webpage...
[apache2_workflow] Moving webpage to Apache HTTP Server user website folder...
[apache2_workflow] Page moved successfully!
2024-10-11 05:24:37.710834660 [executor] Finished!

2024-10-11 05:24:37,712 INFO - ContAudITWrapper#74 - Running post-command actions...
2024-10-11 05:24:37,712 INFO - ContAudITWrapper#74 - Analyzing current environment state...
2024-10-11 05:24:37,827 INFO - ContAudITWrapper#74 - Saving current environment state...
2024-10-11 05:24:37,827 INFO - ContAudITWrapper#74 - Environment state hash: a7ffc6f8bf1ed76651c14756a061d662f580ff4de43b49fa82d80a4b80f8434a
2024-10-11 05:24:37,827 INFO - ContAudITWrapper#74 - Checking environment diff...
2024-10-11 05:24:37,923 INFO - ContAudITWrapper#74 - Environment diff: 
2024-10-11 05:24:37,923 INFO - ContAudITWrapper#74 - Cleaning temporary files...
2024-10-11 05:24:38,093 INFO - ContAudITWrapper#74 - Sending to blockchain...
2024-10-11 05:24:51,664 INFO - ContAudITWrapper#74 - Response 
2024-10-11 05:24:51,665 INFO - ContAudITWrapper#74 - Finishing ContAudIT Wrapper...
