2024-10-11 05:22:38,651 INFO - ContAudITWrapper#81 - Initializing ContAudIT Wrapper...
2024-10-11 05:22:38,880 INFO - ContAudITWrapper#81 - Current directory: /home/ec2-user/Code/ufrgs-poc/contaudit-wrapper.jar
2024-10-11 05:23:00,453 INFO - ContAudITWrapper#81 - Wrapper hash: b7519188ed863d76e5199a8d880bb968bdf9124fad53b871583787e123a7a764
2024-10-11 05:23:00,462 INFO - ContAudITWrapper#81 - Validating Wrapper...
2024-10-11 05:23:55,188 INFO - ContAudITWrapper#81 - Response true
2024-10-11 05:23:55,197 INFO - ContAudITWrapper#81 - Application hash: e36ee2d35f8c4c41bd358782dfb3ac8852b40439d350ff27616f0c18819ce9bf
2024-10-11 05:23:55,198 INFO - ContAudITWrapper#81 - Validating Application...
2024-10-11 05:24:12,440 INFO - ContAudITWrapper#81 - Response true
2024-10-11 05:24:12,501 INFO - ContAudITWrapper#81 - Artifact apache2.workflow hash: bdb4cee855e21446b6ae53ddcb76a1632ef8c4545b5db0517e01ffd552157f6e
2024-10-11 05:24:12,579 INFO - ContAudITWrapper#81 - Validating Artifact...
2024-10-11 05:24:25,845 INFO - ContAudITWrapper#81 - Response true
2024-10-11 05:24:25,866 INFO - ContAudITWrapper#81 - Running pre-command actions...
2024-10-11 05:24:25,867 INFO - ContAudITWrapper#81 - Analyzing current environment state...
2024-10-11 05:24:25,988 INFO - ContAudITWrapper#81 - Saving current environment state...
2024-10-11 05:24:25,989 INFO - ContAudITWrapper#81 - Environment state hash: a7ffc6f8bf1ed76651c14756a061d662f580ff4de43b49fa82d80a4b80f8434a
2024-10-11 05:24:25,989 INFO - ContAudITWrapper#81 - Executing command...
2024-10-11 05:24:27,653 INFO - ContAudITWrapper#81 - Command output: 
2024-10-11 05:24:26.129305389 [executor] Initializing the workflow...
[apache2_workflow] Apache HTTP Server already installed.
[apache2_workflow] UserDir module already loaded.
[apache2_workflow] Configs to UserDir already exist.
[apache2_workflow] public_html directory already exists in /home/ec2-user.
[apache2_workflow] Creating a simple webpage...
[apache2_workflow] Moving webpage to Apache HTTP Server user website folder...
[apache2_workflow] Page moved successfully!
2024-10-11 05:24:27.649418133 [executor] Finished!

2024-10-11 05:24:27,653 INFO - ContAudITWrapper#81 - Running post-command actions...
2024-10-11 05:24:27,653 INFO - ContAudITWrapper#81 - Analyzing current environment state...
2024-10-11 05:24:28,140 INFO - ContAudITWrapper#81 - Saving current environment state...
2024-10-11 05:24:28,141 INFO - ContAudITWrapper#81 - Environment state hash: a7ffc6f8bf1ed76651c14756a061d662f580ff4de43b49fa82d80a4b80f8434a
2024-10-11 05:24:28,142 INFO - ContAudITWrapper#81 - Checking environment diff...
2024-10-11 05:24:28,236 INFO - ContAudITWrapper#81 - Environment diff: 
2024-10-11 05:24:28,236 INFO - ContAudITWrapper#81 - Cleaning temporary files...
2024-10-11 05:24:28,276 INFO - ContAudITWrapper#81 - Sending to blockchain...
2024-10-11 05:24:46,352 INFO - ContAudITWrapper#81 - Response 
2024-10-11 05:24:46,354 INFO - ContAudITWrapper#81 - Finishing ContAudIT Wrapper...
