2024-10-09 03:54:24,050 INFO - ContAudITWrapper#71 - Initializing ContAudIT Wrapper...
2024-10-09 03:54:24,202 INFO - ContAudITWrapper#71 - Current directory: /home/ec2-user/Code/ufrgs-poc/contaudit-wrapper.jar
2024-10-09 03:54:43,415 INFO - ContAudITWrapper#71 - Wrapper hash: b7519188ed863d76e5199a8d880bb968bdf9124fad53b871583787e123a7a764
2024-10-09 03:54:43,422 INFO - ContAudITWrapper#71 - Validating Wrapper...
2024-10-09 03:55:37,348 INFO - ContAudITWrapper#71 - Response true
2024-10-09 03:55:37,665 INFO - ContAudITWrapper#71 - Application hash: e36ee2d35f8c4c41bd358782dfb3ac8852b40439d350ff27616f0c18819ce9bf
2024-10-09 03:55:37,667 INFO - ContAudITWrapper#71 - Validating Application...
2024-10-09 03:55:47,425 INFO - ContAudITWrapper#71 - Response true
2024-10-09 03:55:47,432 INFO - ContAudITWrapper#71 - Artifact apache2.workflow hash: bdb4cee855e21446b6ae53ddcb76a1632ef8c4545b5db0517e01ffd552157f6e
2024-10-09 03:55:47,487 INFO - ContAudITWrapper#71 - Validating Artifact...
2024-10-09 03:55:56,373 INFO - ContAudITWrapper#71 - Response true
2024-10-09 03:55:56,377 INFO - ContAudITWrapper#71 - Running pre-command actions...
2024-10-09 03:55:56,378 INFO - ContAudITWrapper#71 - Analyzing current environment state...
2024-10-09 03:55:56,649 INFO - ContAudITWrapper#71 - Saving current environment state...
2024-10-09 03:55:56,649 INFO - ContAudITWrapper#71 - Environment state hash: a7ffc6f8bf1ed76651c14756a061d662f580ff4de43b49fa82d80a4b80f8434a
2024-10-09 03:55:56,651 INFO - ContAudITWrapper#71 - Executing command...
2024-10-09 03:55:57,645 INFO - ContAudITWrapper#71 - Command output: 
2024-10-09 03:55:56.884949386 [executor] Initializing the workflow...
[apache2_workflow] Apache HTTP Server already installed.
[apache2_workflow] UserDir module already loaded.
[apache2_workflow] Configs to UserDir already exist.
[apache2_workflow] public_html directory already exists in /home/ec2-user.
[apache2_workflow] Creating a simple webpage...
[apache2_workflow] Moving webpage to Apache HTTP Server user website folder...
[apache2_workflow] Page moved successfully!
2024-10-09 03:55:57.644052980 [executor] Finished!

2024-10-09 03:55:57,647 INFO - ContAudITWrapper#71 - Running post-command actions...
2024-10-09 03:55:57,647 INFO - ContAudITWrapper#71 - Analyzing current environment state...
2024-10-09 03:55:57,762 INFO - ContAudITWrapper#71 - Saving current environment state...
2024-10-09 03:55:57,763 INFO - ContAudITWrapper#71 - Environment state hash: a7ffc6f8bf1ed76651c14756a061d662f580ff4de43b49fa82d80a4b80f8434a
2024-10-09 03:55:57,763 INFO - ContAudITWrapper#71 - Checking environment diff...
2024-10-09 03:55:57,846 INFO - ContAudITWrapper#71 - Environment diff: 
2024-10-09 03:55:57,846 INFO - ContAudITWrapper#71 - Cleaning temporary files...
2024-10-09 03:55:57,936 INFO - ContAudITWrapper#71 - Sending to blockchain...
2024-10-09 03:56:06,549 INFO - ContAudITWrapper#71 - Response 
2024-10-09 03:56:06,551 INFO - ContAudITWrapper#71 - Finishing ContAudIT Wrapper...
