2024-10-09 03:54:23,965 INFO - ContAudITWrapper#42 - Initializing ContAudIT Wrapper...
2024-10-09 03:54:24,114 INFO - ContAudITWrapper#42 - Current directory: /home/ec2-user/Code/ufrgs-poc/contaudit-wrapper.jar
2024-10-09 03:54:43,022 INFO - ContAudITWrapper#42 - Wrapper hash: b7519188ed863d76e5199a8d880bb968bdf9124fad53b871583787e123a7a764
2024-10-09 03:54:43,093 INFO - ContAudITWrapper#42 - Validating Wrapper...
2024-10-09 03:55:37,008 INFO - ContAudITWrapper#42 - Response true
2024-10-09 03:55:37,181 INFO - ContAudITWrapper#42 - Application hash: e36ee2d35f8c4c41bd358782dfb3ac8852b40439d350ff27616f0c18819ce9bf
2024-10-09 03:55:37,206 INFO - ContAudITWrapper#42 - Validating Application...
2024-10-09 03:55:48,715 INFO - ContAudITWrapper#42 - Response true
2024-10-09 03:55:48,736 INFO - ContAudITWrapper#42 - Artifact apache2.workflow hash: bdb4cee855e21446b6ae53ddcb76a1632ef8c4545b5db0517e01ffd552157f6e
2024-10-09 03:55:48,774 INFO - ContAudITWrapper#42 - Validating Artifact...
2024-10-09 03:55:57,038 INFO - ContAudITWrapper#42 - Response true
2024-10-09 03:55:57,085 INFO - ContAudITWrapper#42 - Running pre-command actions...
2024-10-09 03:55:57,086 INFO - ContAudITWrapper#42 - Analyzing current environment state...
2024-10-09 03:55:57,315 INFO - ContAudITWrapper#42 - Saving current environment state...
2024-10-09 03:55:57,317 INFO - ContAudITWrapper#42 - Environment state hash: a7ffc6f8bf1ed76651c14756a061d662f580ff4de43b49fa82d80a4b80f8434a
2024-10-09 03:55:57,317 INFO - ContAudITWrapper#42 - Executing command...
2024-10-09 03:55:58,003 INFO - ContAudITWrapper#42 - Command output: 
2024-10-09 03:55:57.496767717 [executor] Initializing the workflow...
[apache2_workflow] Apache HTTP Server already installed.
[apache2_workflow] UserDir module already loaded.
[apache2_workflow] Configs to UserDir already exist.
[apache2_workflow] public_html directory already exists in /home/ec2-user.
[apache2_workflow] Creating a simple webpage...
[apache2_workflow] Moving webpage to Apache HTTP Server user website folder...
[apache2_workflow] Page moved successfully!
2024-10-09 03:55:58.002023679 [executor] Finished!

2024-10-09 03:55:58,003 INFO - ContAudITWrapper#42 - Running post-command actions...
2024-10-09 03:55:58,004 INFO - ContAudITWrapper#42 - Analyzing current environment state...
2024-10-09 03:55:58,080 INFO - ContAudITWrapper#42 - Saving current environment state...
2024-10-09 03:55:58,081 INFO - ContAudITWrapper#42 - Environment state hash: a7ffc6f8bf1ed76651c14756a061d662f580ff4de43b49fa82d80a4b80f8434a
2024-10-09 03:55:58,081 INFO - ContAudITWrapper#42 - Checking environment diff...
2024-10-09 03:55:58,187 INFO - ContAudITWrapper#42 - Environment diff: 
2024-10-09 03:55:58,187 INFO - ContAudITWrapper#42 - Cleaning temporary files...
2024-10-09 03:55:58,325 INFO - ContAudITWrapper#42 - Sending to blockchain...
2024-10-09 03:56:07,357 INFO - ContAudITWrapper#42 - Response 
2024-10-09 03:56:07,359 INFO - ContAudITWrapper#42 - Finishing ContAudIT Wrapper...
