2024-10-09 03:54:23,935 INFO - ContAudITWrapper#26 - Initializing ContAudIT Wrapper...
2024-10-09 03:54:24,141 INFO - ContAudITWrapper#26 - Current directory: /home/ec2-user/Code/ufrgs-poc/contaudit-wrapper.jar
2024-10-09 03:54:40,268 INFO - ContAudITWrapper#26 - Wrapper hash: b7519188ed863d76e5199a8d880bb968bdf9124fad53b871583787e123a7a764
2024-10-09 03:54:40,350 INFO - ContAudITWrapper#26 - Validating Wrapper...
2024-10-09 03:55:30,364 INFO - ContAudITWrapper#26 - Response true
2024-10-09 03:55:30,625 INFO - ContAudITWrapper#26 - Application hash: e36ee2d35f8c4c41bd358782dfb3ac8852b40439d350ff27616f0c18819ce9bf
2024-10-09 03:55:30,626 INFO - ContAudITWrapper#26 - Validating Application...
2024-10-09 03:55:43,026 INFO - ContAudITWrapper#26 - Response true
2024-10-09 03:55:43,044 INFO - ContAudITWrapper#26 - Artifact apache2.workflow hash: bdb4cee855e21446b6ae53ddcb76a1632ef8c4545b5db0517e01ffd552157f6e
2024-10-09 03:55:43,067 INFO - ContAudITWrapper#26 - Validating Artifact...
2024-10-09 03:55:54,475 INFO - ContAudITWrapper#26 - Response true
2024-10-09 03:55:54,477 INFO - ContAudITWrapper#26 - Running pre-command actions...
2024-10-09 03:55:54,479 INFO - ContAudITWrapper#26 - Analyzing current environment state...
2024-10-09 03:55:54,618 INFO - ContAudITWrapper#26 - Saving current environment state...
2024-10-09 03:55:54,620 INFO - ContAudITWrapper#26 - Environment state hash: a7ffc6f8bf1ed76651c14756a061d662f580ff4de43b49fa82d80a4b80f8434a
2024-10-09 03:55:54,621 INFO - ContAudITWrapper#26 - Executing command...
2024-10-09 03:55:55,777 INFO - ContAudITWrapper#26 - Command output: 
2024-10-09 03:55:54.756917191 [executor] Initializing the workflow...
[apache2_workflow] Apache HTTP Server already installed.
[apache2_workflow] UserDir module already loaded.
[apache2_workflow] Configs to UserDir already exist.
[apache2_workflow] public_html directory already exists in /home/ec2-user.
[apache2_workflow] Creating a simple webpage...
[apache2_workflow] Moving webpage to Apache HTTP Server user website folder...
[apache2_workflow] Page moved successfully!
2024-10-09 03:55:55.776079927 [executor] Finished!

2024-10-09 03:55:55,777 INFO - ContAudITWrapper#26 - Running post-command actions...
2024-10-09 03:55:55,777 INFO - ContAudITWrapper#26 - Analyzing current environment state...
2024-10-09 03:55:55,850 INFO - ContAudITWrapper#26 - Saving current environment state...
2024-10-09 03:55:55,851 INFO - ContAudITWrapper#26 - Environment state hash: a7ffc6f8bf1ed76651c14756a061d662f580ff4de43b49fa82d80a4b80f8434a
2024-10-09 03:55:55,851 INFO - ContAudITWrapper#26 - Checking environment diff...
2024-10-09 03:55:55,893 INFO - ContAudITWrapper#26 - Environment diff: 
2024-10-09 03:55:55,895 INFO - ContAudITWrapper#26 - Cleaning temporary files...
2024-10-09 03:55:56,007 INFO - ContAudITWrapper#26 - Sending to blockchain...
2024-10-09 03:56:07,507 INFO - ContAudITWrapper#26 - Response 
2024-10-09 03:56:07,508 INFO - ContAudITWrapper#26 - Finishing ContAudIT Wrapper...
