2024-10-09 03:54:24,008 INFO - ContAudITWrapper#80 - Initializing ContAudIT Wrapper...
2024-10-09 03:54:24,204 INFO - ContAudITWrapper#80 - Current directory: /home/ec2-user/Code/ufrgs-poc/contaudit-wrapper.jar
2024-10-09 03:54:41,993 INFO - ContAudITWrapper#80 - Wrapper hash: b7519188ed863d76e5199a8d880bb968bdf9124fad53b871583787e123a7a764
2024-10-09 03:54:42,061 INFO - ContAudITWrapper#80 - Validating Wrapper...
2024-10-09 03:55:34,372 INFO - ContAudITWrapper#80 - Response true
2024-10-09 03:55:34,435 INFO - ContAudITWrapper#80 - Application hash: e36ee2d35f8c4c41bd358782dfb3ac8852b40439d350ff27616f0c18819ce9bf
2024-10-09 03:55:34,435 INFO - ContAudITWrapper#80 - Validating Application...
2024-10-09 03:55:47,719 INFO - ContAudITWrapper#80 - Response true
2024-10-09 03:55:47,766 INFO - ContAudITWrapper#80 - Artifact apache2.workflow hash: bdb4cee855e21446b6ae53ddcb76a1632ef8c4545b5db0517e01ffd552157f6e
2024-10-09 03:55:47,777 INFO - ContAudITWrapper#80 - Validating Artifact...
2024-10-09 03:56:00,124 INFO - ContAudITWrapper#80 - Response true
2024-10-09 03:56:00,127 INFO - ContAudITWrapper#80 - Running pre-command actions...
2024-10-09 03:56:00,128 INFO - ContAudITWrapper#80 - Analyzing current environment state...
2024-10-09 03:56:00,408 INFO - ContAudITWrapper#80 - Saving current environment state...
2024-10-09 03:56:00,409 INFO - ContAudITWrapper#80 - Environment state hash: a7ffc6f8bf1ed76651c14756a061d662f580ff4de43b49fa82d80a4b80f8434a
2024-10-09 03:56:00,410 INFO - ContAudITWrapper#80 - Executing command...
2024-10-09 03:56:01,154 INFO - ContAudITWrapper#80 - Command output: 
2024-10-09 03:56:00.515321063 [executor] Initializing the workflow...
[apache2_workflow] Apache HTTP Server already installed.
[apache2_workflow] UserDir module already loaded.
[apache2_workflow] Configs to UserDir already exist.
[apache2_workflow] public_html directory already exists in /home/ec2-user.
[apache2_workflow] Creating a simple webpage...
[apache2_workflow] Moving webpage to Apache HTTP Server user website folder...
[apache2_workflow] Page moved successfully!
2024-10-09 03:56:01.131876034 [executor] Finished!

2024-10-09 03:56:01,155 INFO - ContAudITWrapper#80 - Running post-command actions...
2024-10-09 03:56:01,155 INFO - ContAudITWrapper#80 - Analyzing current environment state...
2024-10-09 03:56:01,212 INFO - ContAudITWrapper#80 - Saving current environment state...
2024-10-09 03:56:01,213 INFO - ContAudITWrapper#80 - Environment state hash: a7ffc6f8bf1ed76651c14756a061d662f580ff4de43b49fa82d80a4b80f8434a
2024-10-09 03:56:01,213 INFO - ContAudITWrapper#80 - Checking environment diff...
2024-10-09 03:56:01,296 INFO - ContAudITWrapper#80 - Environment diff: 
2024-10-09 03:56:01,297 INFO - ContAudITWrapper#80 - Cleaning temporary files...
2024-10-09 03:56:01,392 INFO - ContAudITWrapper#80 - Sending to blockchain...
2024-10-09 03:56:08,079 INFO - ContAudITWrapper#80 - Response 
2024-10-09 03:56:08,081 INFO - ContAudITWrapper#80 - Finishing ContAudIT Wrapper...
