2024-10-09 03:54:24,199 INFO - ContAudITWrapper#3 - Initializing ContAudIT Wrapper...
2024-10-09 03:54:24,408 INFO - ContAudITWrapper#3 - Current directory: /home/ec2-user/Code/ufrgs-poc/contaudit-wrapper.jar
2024-10-09 03:54:39,569 INFO - ContAudITWrapper#3 - Wrapper hash: b7519188ed863d76e5199a8d880bb968bdf9124fad53b871583787e123a7a764
2024-10-09 03:54:39,577 INFO - ContAudITWrapper#3 - Validating Wrapper...
2024-10-09 03:55:30,640 INFO - ContAudITWrapper#3 - Response true
2024-10-09 03:55:30,899 INFO - ContAudITWrapper#3 - Application hash: e36ee2d35f8c4c41bd358782dfb3ac8852b40439d350ff27616f0c18819ce9bf
2024-10-09 03:55:30,901 INFO - ContAudITWrapper#3 - Validating Application...
2024-10-09 03:55:43,089 INFO - ContAudITWrapper#3 - Response true
2024-10-09 03:55:43,094 INFO - ContAudITWrapper#3 - Artifact apache2.workflow hash: bdb4cee855e21446b6ae53ddcb76a1632ef8c4545b5db0517e01ffd552157f6e
2024-10-09 03:55:43,197 INFO - ContAudITWrapper#3 - Validating Artifact...
2024-10-09 03:55:52,500 INFO - ContAudITWrapper#3 - Response true
2024-10-09 03:55:52,507 INFO - ContAudITWrapper#3 - Running pre-command actions...
2024-10-09 03:55:52,508 INFO - ContAudITWrapper#3 - Analyzing current environment state...
2024-10-09 03:55:52,764 INFO - ContAudITWrapper#3 - Saving current environment state...
2024-10-09 03:55:52,765 INFO - ContAudITWrapper#3 - Environment state hash: a7ffc6f8bf1ed76651c14756a061d662f580ff4de43b49fa82d80a4b80f8434a
2024-10-09 03:55:52,766 INFO - ContAudITWrapper#3 - Executing command...
2024-10-09 03:55:54,604 INFO - ContAudITWrapper#3 - Command output: 
2024-10-09 03:55:52.968088133 [executor] Initializing the workflow...
[apache2_workflow] Apache HTTP Server already installed.
[apache2_workflow] UserDir module already loaded.
[apache2_workflow] Configs to UserDir already exist.
[apache2_workflow] public_html directory already exists in /home/ec2-user.
[apache2_workflow] Creating a simple webpage...
[apache2_workflow] Moving webpage to Apache HTTP Server user website folder...
[apache2_workflow] Page moved successfully!
2024-10-09 03:55:54.603544056 [executor] Finished!

2024-10-09 03:55:54,604 INFO - ContAudITWrapper#3 - Running post-command actions...
2024-10-09 03:55:54,605 INFO - ContAudITWrapper#3 - Analyzing current environment state...
2024-10-09 03:55:54,747 INFO - ContAudITWrapper#3 - Saving current environment state...
2024-10-09 03:55:54,748 INFO - ContAudITWrapper#3 - Environment state hash: a7ffc6f8bf1ed76651c14756a061d662f580ff4de43b49fa82d80a4b80f8434a
2024-10-09 03:55:54,748 INFO - ContAudITWrapper#3 - Checking environment diff...
2024-10-09 03:55:54,786 INFO - ContAudITWrapper#3 - Environment diff: 
2024-10-09 03:55:54,786 INFO - ContAudITWrapper#3 - Cleaning temporary files...
2024-10-09 03:55:54,884 INFO - ContAudITWrapper#3 - Sending to blockchain...
2024-10-09 03:56:04,563 INFO - ContAudITWrapper#3 - Response 
2024-10-09 03:56:04,567 INFO - ContAudITWrapper#3 - Finishing ContAudIT Wrapper...
