2024-10-09 03:54:24,089 INFO - ContAudITWrapper#54 - Initializing ContAudIT Wrapper...
2024-10-09 03:54:24,139 INFO - ContAudITWrapper#54 - Current directory: /home/ec2-user/Code/ufrgs-poc/contaudit-wrapper.jar
2024-10-09 03:54:43,824 INFO - ContAudITWrapper#54 - Wrapper hash: b7519188ed863d76e5199a8d880bb968bdf9124fad53b871583787e123a7a764
2024-10-09 03:54:43,927 INFO - ContAudITWrapper#54 - Validating Wrapper...
2024-10-09 03:55:36,063 INFO - ContAudITWrapper#54 - Response true
2024-10-09 03:55:36,266 INFO - ContAudITWrapper#54 - Application hash: e36ee2d35f8c4c41bd358782dfb3ac8852b40439d350ff27616f0c18819ce9bf
2024-10-09 03:55:36,267 INFO - ContAudITWrapper#54 - Validating Application...
2024-10-09 03:55:49,216 INFO - ContAudITWrapper#54 - Response true
2024-10-09 03:55:49,228 INFO - ContAudITWrapper#54 - Artifact apache2.workflow hash: bdb4cee855e21446b6ae53ddcb76a1632ef8c4545b5db0517e01ffd552157f6e
2024-10-09 03:55:49,313 INFO - ContAudITWrapper#54 - Validating Artifact...
2024-10-09 03:55:56,841 INFO - ContAudITWrapper#54 - Response true
2024-10-09 03:55:56,853 INFO - ContAudITWrapper#54 - Running pre-command actions...
2024-10-09 03:55:56,938 INFO - ContAudITWrapper#54 - Analyzing current environment state...
2024-10-09 03:55:57,043 INFO - ContAudITWrapper#54 - Saving current environment state...
2024-10-09 03:55:57,045 INFO - ContAudITWrapper#54 - Environment state hash: a7ffc6f8bf1ed76651c14756a061d662f580ff4de43b49fa82d80a4b80f8434a
2024-10-09 03:55:57,047 INFO - ContAudITWrapper#54 - Executing command...
2024-10-09 03:55:58,363 INFO - ContAudITWrapper#54 - Command output: 
2024-10-09 03:55:57.208681730 [executor] Initializing the workflow...
[apache2_workflow] Apache HTTP Server already installed.
[apache2_workflow] UserDir module already loaded.
[apache2_workflow] Configs to UserDir already exist.
[apache2_workflow] public_html directory already exists in /home/ec2-user.
[apache2_workflow] Creating a simple webpage...
[apache2_workflow] Moving webpage to Apache HTTP Server user website folder...
[apache2_workflow] Page moved successfully!
2024-10-09 03:55:58.362504497 [executor] Finished!

2024-10-09 03:55:58,363 INFO - ContAudITWrapper#54 - Running post-command actions...
2024-10-09 03:55:58,364 INFO - ContAudITWrapper#54 - Analyzing current environment state...
2024-10-09 03:55:58,561 INFO - ContAudITWrapper#54 - Saving current environment state...
2024-10-09 03:55:58,562 INFO - ContAudITWrapper#54 - Environment state hash: a7ffc6f8bf1ed76651c14756a061d662f580ff4de43b49fa82d80a4b80f8434a
2024-10-09 03:55:58,562 INFO - ContAudITWrapper#54 - Checking environment diff...
2024-10-09 03:55:58,684 INFO - ContAudITWrapper#54 - Environment diff: 
2024-10-09 03:55:58,684 INFO - ContAudITWrapper#54 - Cleaning temporary files...
2024-10-09 03:55:58,754 INFO - ContAudITWrapper#54 - Sending to blockchain...
2024-10-09 03:56:06,933 INFO - ContAudITWrapper#54 - Response 
2024-10-09 03:56:06,934 INFO - ContAudITWrapper#54 - Finishing ContAudIT Wrapper...
