2024-10-09 03:54:24,301 INFO - ContAudITWrapper#77 - Initializing ContAudIT Wrapper...
2024-10-09 03:54:24,476 INFO - ContAudITWrapper#77 - Current directory: /home/ec2-user/Code/ufrgs-poc/contaudit-wrapper.jar
2024-10-09 03:54:36,264 INFO - ContAudITWrapper#77 - Wrapper hash: b7519188ed863d76e5199a8d880bb968bdf9124fad53b871583787e123a7a764
2024-10-09 03:54:36,304 INFO - ContAudITWrapper#77 - Validating Wrapper...
2024-10-09 03:55:21,329 INFO - ContAudITWrapper#77 - Response true
2024-10-09 03:55:21,517 INFO - ContAudITWrapper#77 - Application hash: e36ee2d35f8c4c41bd358782dfb3ac8852b40439d350ff27616f0c18819ce9bf
2024-10-09 03:55:21,520 INFO - ContAudITWrapper#77 - Validating Application...
2024-10-09 03:55:34,080 INFO - ContAudITWrapper#77 - Response true
2024-10-09 03:55:34,092 INFO - ContAudITWrapper#77 - Artifact apache2.workflow hash: bdb4cee855e21446b6ae53ddcb76a1632ef8c4545b5db0517e01ffd552157f6e
2024-10-09 03:55:34,113 INFO - ContAudITWrapper#77 - Validating Artifact...
2024-10-09 03:55:42,962 INFO - ContAudITWrapper#77 - Response true
2024-10-09 03:55:42,967 INFO - ContAudITWrapper#77 - Running pre-command actions...
2024-10-09 03:55:42,968 INFO - ContAudITWrapper#77 - Analyzing current environment state...
2024-10-09 03:55:43,149 INFO - ContAudITWrapper#77 - Saving current environment state...
2024-10-09 03:55:43,151 INFO - ContAudITWrapper#77 - Environment state hash: a7ffc6f8bf1ed76651c14756a061d662f580ff4de43b49fa82d80a4b80f8434a
2024-10-09 03:55:43,152 INFO - ContAudITWrapper#77 - Executing command...
2024-10-09 03:55:44,161 INFO - ContAudITWrapper#77 - Command output: 
2024-10-09 03:55:43.341748484 [executor] Initializing the workflow...
[apache2_workflow] Apache HTTP Server already installed.
[apache2_workflow] UserDir module already loaded.
[apache2_workflow] Configs to UserDir already exist.
[apache2_workflow] public_html directory already exists in /home/ec2-user.
[apache2_workflow] Creating a simple webpage...
[apache2_workflow] Moving webpage to Apache HTTP Server user website folder...
[apache2_workflow] Page moved successfully!
2024-10-09 03:55:44.155396165 [executor] Finished!

2024-10-09 03:55:44,161 INFO - ContAudITWrapper#77 - Running post-command actions...
2024-10-09 03:55:44,161 INFO - ContAudITWrapper#77 - Analyzing current environment state...
2024-10-09 03:55:44,250 INFO - ContAudITWrapper#77 - Saving current environment state...
2024-10-09 03:55:44,250 INFO - ContAudITWrapper#77 - Environment state hash: a7ffc6f8bf1ed76651c14756a061d662f580ff4de43b49fa82d80a4b80f8434a
2024-10-09 03:55:44,251 INFO - ContAudITWrapper#77 - Checking environment diff...
2024-10-09 03:55:44,289 INFO - ContAudITWrapper#77 - Environment diff: 
2024-10-09 03:55:44,289 INFO - ContAudITWrapper#77 - Cleaning temporary files...
2024-10-09 03:55:44,413 INFO - ContAudITWrapper#77 - Sending to blockchain...
2024-10-09 03:55:57,342 INFO - ContAudITWrapper#77 - Response 
2024-10-09 03:55:57,343 INFO - ContAudITWrapper#77 - Finishing ContAudIT Wrapper...
