2024-10-09 03:54:23,964 INFO - ContAudITWrapper#78 - Initializing ContAudIT Wrapper...
2024-10-09 03:54:24,171 INFO - ContAudITWrapper#78 - Current directory: /home/ec2-user/Code/ufrgs-poc/contaudit-wrapper.jar
2024-10-09 03:54:39,515 INFO - ContAudITWrapper#78 - Wrapper hash: b7519188ed863d76e5199a8d880bb968bdf9124fad53b871583787e123a7a764
2024-10-09 03:54:39,616 INFO - ContAudITWrapper#78 - Validating Wrapper...
2024-10-09 03:55:23,776 INFO - ContAudITWrapper#78 - Response true
2024-10-09 03:55:24,057 INFO - ContAudITWrapper#78 - Application hash: e36ee2d35f8c4c41bd358782dfb3ac8852b40439d350ff27616f0c18819ce9bf
2024-10-09 03:55:24,060 INFO - ContAudITWrapper#78 - Validating Application...
2024-10-09 03:55:36,080 INFO - ContAudITWrapper#78 - Response true
2024-10-09 03:55:36,239 INFO - ContAudITWrapper#78 - Artifact apache2.workflow hash: bdb4cee855e21446b6ae53ddcb76a1632ef8c4545b5db0517e01ffd552157f6e
2024-10-09 03:55:36,255 INFO - ContAudITWrapper#78 - Validating Artifact...
2024-10-09 03:55:48,680 INFO - ContAudITWrapper#78 - Response true
2024-10-09 03:55:48,687 INFO - ContAudITWrapper#78 - Running pre-command actions...
2024-10-09 03:55:48,688 INFO - ContAudITWrapper#78 - Analyzing current environment state...
2024-10-09 03:55:48,841 INFO - ContAudITWrapper#78 - Saving current environment state...
2024-10-09 03:55:48,842 INFO - ContAudITWrapper#78 - Environment state hash: a7ffc6f8bf1ed76651c14756a061d662f580ff4de43b49fa82d80a4b80f8434a
2024-10-09 03:55:48,843 INFO - ContAudITWrapper#78 - Executing command...
2024-10-09 03:55:50,017 INFO - ContAudITWrapper#78 - Command output: 
2024-10-09 03:55:48.976028304 [executor] Initializing the workflow...
[apache2_workflow] Apache HTTP Server already installed.
[apache2_workflow] UserDir module already loaded.
[apache2_workflow] Configs to UserDir already exist.
[apache2_workflow] public_html directory already exists in /home/ec2-user.
[apache2_workflow] Creating a simple webpage...
[apache2_workflow] Moving webpage to Apache HTTP Server user website folder...
[apache2_workflow] Page moved successfully!
2024-10-09 03:55:50.016296396 [executor] Finished!

2024-10-09 03:55:50,017 INFO - ContAudITWrapper#78 - Running post-command actions...
2024-10-09 03:55:50,017 INFO - ContAudITWrapper#78 - Analyzing current environment state...
2024-10-09 03:55:50,180 INFO - ContAudITWrapper#78 - Saving current environment state...
2024-10-09 03:55:50,181 INFO - ContAudITWrapper#78 - Environment state hash: a7ffc6f8bf1ed76651c14756a061d662f580ff4de43b49fa82d80a4b80f8434a
2024-10-09 03:55:50,181 INFO - ContAudITWrapper#78 - Checking environment diff...
2024-10-09 03:55:50,312 INFO - ContAudITWrapper#78 - Environment diff: 
2024-10-09 03:55:50,312 INFO - ContAudITWrapper#78 - Cleaning temporary files...
2024-10-09 03:55:50,448 INFO - ContAudITWrapper#78 - Sending to blockchain...
2024-10-09 03:56:02,633 INFO - ContAudITWrapper#78 - Response 
2024-10-09 03:56:02,635 INFO - ContAudITWrapper#78 - Finishing ContAudIT Wrapper...
