2024-10-09 03:54:23,843 INFO - ContAudITWrapper#55 - Initializing ContAudIT Wrapper...
2024-10-09 03:54:24,049 INFO - ContAudITWrapper#55 - Current directory: /home/ec2-user/Code/ufrgs-poc/contaudit-wrapper.jar
2024-10-09 03:54:44,942 INFO - ContAudITWrapper#55 - Wrapper hash: b7519188ed863d76e5199a8d880bb968bdf9124fad53b871583787e123a7a764
2024-10-09 03:54:45,008 INFO - ContAudITWrapper#55 - Validating Wrapper...
2024-10-09 03:55:38,096 INFO - ContAudITWrapper#55 - Response true
2024-10-09 03:55:38,116 INFO - ContAudITWrapper#55 - Application hash: e36ee2d35f8c4c41bd358782dfb3ac8852b40439d350ff27616f0c18819ce9bf
2024-10-09 03:55:38,117 INFO - ContAudITWrapper#55 - Validating Application...
2024-10-09 03:55:47,729 INFO - ContAudITWrapper#55 - Response true
2024-10-09 03:55:47,742 INFO - ContAudITWrapper#55 - Artifact apache2.workflow hash: bdb4cee855e21446b6ae53ddcb76a1632ef8c4545b5db0517e01ffd552157f6e
2024-10-09 03:55:47,826 INFO - ContAudITWrapper#55 - Validating Artifact...
2024-10-09 03:55:57,542 INFO - ContAudITWrapper#55 - Response true
2024-10-09 03:55:57,559 INFO - ContAudITWrapper#55 - Running pre-command actions...
2024-10-09 03:55:57,561 INFO - ContAudITWrapper#55 - Analyzing current environment state...
2024-10-09 03:55:57,650 INFO - ContAudITWrapper#55 - Saving current environment state...
2024-10-09 03:55:57,651 INFO - ContAudITWrapper#55 - Environment state hash: a7ffc6f8bf1ed76651c14756a061d662f580ff4de43b49fa82d80a4b80f8434a
2024-10-09 03:55:57,652 INFO - ContAudITWrapper#55 - Executing command...
2024-10-09 03:55:59,272 INFO - ContAudITWrapper#55 - Command output: 
2024-10-09 03:55:57.687223708 [executor] Initializing the workflow...
[apache2_workflow] Apache HTTP Server already installed.
[apache2_workflow] UserDir module already loaded.
[apache2_workflow] Configs to UserDir already exist.
[apache2_workflow] public_html directory already exists in /home/ec2-user.
[apache2_workflow] Creating a simple webpage...
[apache2_workflow] Moving webpage to Apache HTTP Server user website folder...
[apache2_workflow] Page moved successfully!
2024-10-09 03:55:59.272094146 [executor] Finished!

2024-10-09 03:55:59,273 INFO - ContAudITWrapper#55 - Running post-command actions...
2024-10-09 03:55:59,273 INFO - ContAudITWrapper#55 - Analyzing current environment state...
2024-10-09 03:55:59,390 INFO - ContAudITWrapper#55 - Saving current environment state...
2024-10-09 03:55:59,391 INFO - ContAudITWrapper#55 - Environment state hash: a7ffc6f8bf1ed76651c14756a061d662f580ff4de43b49fa82d80a4b80f8434a
2024-10-09 03:55:59,391 INFO - ContAudITWrapper#55 - Checking environment diff...
2024-10-09 03:55:59,505 INFO - ContAudITWrapper#55 - Environment diff: 
2024-10-09 03:55:59,505 INFO - ContAudITWrapper#55 - Cleaning temporary files...
2024-10-09 03:55:59,630 INFO - ContAudITWrapper#55 - Sending to blockchain...
2024-10-09 03:56:08,225 INFO - ContAudITWrapper#55 - Response 
2024-10-09 03:56:08,226 INFO - ContAudITWrapper#55 - Finishing ContAudIT Wrapper...
