2024-10-07 11:36:40,752 INFO - ContAudITWrapper#47 - Initializing ContAudIT Wrapper...
2024-10-07 11:36:40,911 INFO - ContAudITWrapper#47 - Current directory: /home/ec2-user/Code/ufrgs-poc/contaudit-wrapper.jar
2024-10-07 11:37:05,795 INFO - ContAudITWrapper#47 - Wrapper hash: b7519188ed863d76e5199a8d880bb968bdf9124fad53b871583787e123a7a764
2024-10-07 11:37:05,902 INFO - ContAudITWrapper#47 - Validating Wrapper...
2024-10-07 11:38:17,120 INFO - ContAudITWrapper#47 - Response true
2024-10-07 11:38:17,328 INFO - ContAudITWrapper#47 - Application hash: e36ee2d35f8c4c41bd358782dfb3ac8852b40439d350ff27616f0c18819ce9bf
2024-10-07 11:38:17,328 INFO - ContAudITWrapper#47 - Validating Application...
2024-10-07 11:38:28,676 INFO - ContAudITWrapper#47 - Response true
2024-10-07 11:38:28,702 INFO - ContAudITWrapper#47 - Artifact apache2.workflow hash: bdb4cee855e21446b6ae53ddcb76a1632ef8c4545b5db0517e01ffd552157f6e
2024-10-07 11:38:28,897 INFO - ContAudITWrapper#47 - Validating Artifact...
2024-10-07 11:38:42,133 INFO - ContAudITWrapper#47 - Response true
2024-10-07 11:38:42,148 INFO - ContAudITWrapper#47 - Running pre-command actions...
2024-10-07 11:38:42,149 INFO - ContAudITWrapper#47 - Analyzing current environment state...
2024-10-07 11:38:42,394 INFO - ContAudITWrapper#47 - Saving current environment state...
2024-10-07 11:38:42,395 INFO - ContAudITWrapper#47 - Environment state hash: a7ffc6f8bf1ed76651c14756a061d662f580ff4de43b49fa82d80a4b80f8434a
2024-10-07 11:38:42,396 INFO - ContAudITWrapper#47 - Executing command...
2024-10-07 11:38:43,598 INFO - ContAudITWrapper#47 - Command output: 
2024-10-07 11:38:42.490534078 [executor] Initializing the workflow...
[apache2_workflow] Apache HTTP Server already installed.
[apache2_workflow] UserDir module already loaded.
[apache2_workflow] Configs to UserDir already exist.
[apache2_workflow] public_html directory already exists in /home/ec2-user.
[apache2_workflow] Creating a simple webpage...
[apache2_workflow] Moving webpage to Apache HTTP Server user website folder...
[apache2_workflow] Page moved successfully!
2024-10-07 11:38:43.597612722 [executor] Finished!

2024-10-07 11:38:43,599 INFO - ContAudITWrapper#47 - Running post-command actions...
2024-10-07 11:38:43,599 INFO - ContAudITWrapper#47 - Analyzing current environment state...
2024-10-07 11:38:43,652 INFO - ContAudITWrapper#47 - Saving current environment state...
2024-10-07 11:38:43,653 INFO - ContAudITWrapper#47 - Environment state hash: a7ffc6f8bf1ed76651c14756a061d662f580ff4de43b49fa82d80a4b80f8434a
2024-10-07 11:38:43,653 INFO - ContAudITWrapper#47 - Checking environment diff...
2024-10-07 11:38:43,705 INFO - ContAudITWrapper#47 - Environment diff: 
2024-10-07 11:38:43,706 INFO - ContAudITWrapper#47 - Cleaning temporary files...
2024-10-07 11:38:43,817 INFO - ContAudITWrapper#47 - Sending to blockchain...
2024-10-07 11:38:55,697 INFO - ContAudITWrapper#47 - Response 
2024-10-07 11:38:55,699 INFO - ContAudITWrapper#47 - Finishing ContAudIT Wrapper...
