2024-10-07 11:36:39,848 INFO - ContAudITWrapper#46 - Initializing ContAudIT Wrapper...
2024-10-07 11:36:40,093 INFO - ContAudITWrapper#46 - Current directory: /home/ec2-user/Code/ufrgs-poc/contaudit-wrapper.jar
2024-10-07 11:37:05,903 INFO - ContAudITWrapper#46 - Wrapper hash: b7519188ed863d76e5199a8d880bb968bdf9124fad53b871583787e123a7a764
2024-10-07 11:37:06,020 INFO - ContAudITWrapper#46 - Validating Wrapper...
2024-10-07 11:38:17,380 INFO - ContAudITWrapper#46 - Response true
2024-10-07 11:38:17,512 INFO - ContAudITWrapper#46 - Application hash: e36ee2d35f8c4c41bd358782dfb3ac8852b40439d350ff27616f0c18819ce9bf
2024-10-07 11:38:17,513 INFO - ContAudITWrapper#46 - Validating Application...
2024-10-07 11:38:31,665 INFO - ContAudITWrapper#46 - Response true
2024-10-07 11:38:31,678 INFO - ContAudITWrapper#46 - Artifact apache2.workflow hash: bdb4cee855e21446b6ae53ddcb76a1632ef8c4545b5db0517e01ffd552157f6e
2024-10-07 11:38:31,696 INFO - ContAudITWrapper#46 - Validating Artifact...
2024-10-07 11:38:43,094 INFO - ContAudITWrapper#46 - Response true
2024-10-07 11:38:43,239 INFO - ContAudITWrapper#46 - Running pre-command actions...
2024-10-07 11:38:43,240 INFO - ContAudITWrapper#46 - Analyzing current environment state...
2024-10-07 11:38:43,437 INFO - ContAudITWrapper#46 - Saving current environment state...
2024-10-07 11:38:43,438 INFO - ContAudITWrapper#46 - Environment state hash: a7ffc6f8bf1ed76651c14756a061d662f580ff4de43b49fa82d80a4b80f8434a
2024-10-07 11:38:43,438 INFO - ContAudITWrapper#46 - Executing command...
2024-10-07 11:38:45,026 INFO - ContAudITWrapper#46 - Command output: 
2024-10-07 11:38:43.533237135 [executor] Initializing the workflow...
[apache2_workflow] Apache HTTP Server already installed.
[apache2_workflow] UserDir module already loaded.
[apache2_workflow] Configs to UserDir already exist.
[apache2_workflow] public_html directory already exists in /home/ec2-user.
[apache2_workflow] Creating a simple webpage...
[apache2_workflow] Moving webpage to Apache HTTP Server user website folder...
[apache2_workflow] Page moved successfully!
2024-10-07 11:38:45.023597179 [executor] Finished!

2024-10-07 11:38:45,027 INFO - ContAudITWrapper#46 - Running post-command actions...
2024-10-07 11:38:45,027 INFO - ContAudITWrapper#46 - Analyzing current environment state...
2024-10-07 11:38:45,118 INFO - ContAudITWrapper#46 - Saving current environment state...
2024-10-07 11:38:45,118 INFO - ContAudITWrapper#46 - Environment state hash: a7ffc6f8bf1ed76651c14756a061d662f580ff4de43b49fa82d80a4b80f8434a
2024-10-07 11:38:45,119 INFO - ContAudITWrapper#46 - Checking environment diff...
2024-10-07 11:38:45,146 INFO - ContAudITWrapper#46 - Environment diff: 
2024-10-07 11:38:45,146 INFO - ContAudITWrapper#46 - Cleaning temporary files...
2024-10-07 11:38:45,238 INFO - ContAudITWrapper#46 - Sending to blockchain...
2024-10-07 11:38:55,591 INFO - ContAudITWrapper#46 - Response 
2024-10-07 11:38:55,593 INFO - ContAudITWrapper#46 - Finishing ContAudIT Wrapper...
