2024-10-07 11:36:40,127 INFO - ContAudITWrapper#9 - Initializing ContAudIT Wrapper...
2024-10-07 11:36:40,310 INFO - ContAudITWrapper#9 - Current directory: /home/ec2-user/Code/ufrgs-poc/contaudit-wrapper.jar
2024-10-07 11:37:00,191 INFO - ContAudITWrapper#9 - Wrapper hash: b7519188ed863d76e5199a8d880bb968bdf9124fad53b871583787e123a7a764
2024-10-07 11:37:00,266 INFO - ContAudITWrapper#9 - Validating Wrapper...
2024-10-07 11:38:02,207 INFO - ContAudITWrapper#9 - Response true
2024-10-07 11:38:02,507 INFO - ContAudITWrapper#9 - Application hash: e36ee2d35f8c4c41bd358782dfb3ac8852b40439d350ff27616f0c18819ce9bf
2024-10-07 11:38:02,508 INFO - ContAudITWrapper#9 - Validating Application...
2024-10-07 11:38:18,992 INFO - ContAudITWrapper#9 - Response true
2024-10-07 11:38:19,002 INFO - ContAudITWrapper#9 - Artifact apache2.workflow hash: bdb4cee855e21446b6ae53ddcb76a1632ef8c4545b5db0517e01ffd552157f6e
2024-10-07 11:38:19,012 INFO - ContAudITWrapper#9 - Validating Artifact...
2024-10-07 11:38:31,923 INFO - ContAudITWrapper#9 - Response true
2024-10-07 11:38:31,934 INFO - ContAudITWrapper#9 - Running pre-command actions...
2024-10-07 11:38:31,936 INFO - ContAudITWrapper#9 - Analyzing current environment state...
2024-10-07 11:38:32,307 INFO - ContAudITWrapper#9 - Saving current environment state...
2024-10-07 11:38:32,308 INFO - ContAudITWrapper#9 - Environment state hash: a7ffc6f8bf1ed76651c14756a061d662f580ff4de43b49fa82d80a4b80f8434a
2024-10-07 11:38:32,308 INFO - ContAudITWrapper#9 - Executing command...
2024-10-07 11:38:34,071 INFO - ContAudITWrapper#9 - Command output: 
2024-10-07 11:38:32.471500093 [executor] Initializing the workflow...
[apache2_workflow] Apache HTTP Server already installed.
[apache2_workflow] UserDir module already loaded.
[apache2_workflow] Configs to UserDir already exist.
[apache2_workflow] public_html directory already exists in /home/ec2-user.
[apache2_workflow] Creating a simple webpage...
[apache2_workflow] Moving webpage to Apache HTTP Server user website folder...
[apache2_workflow] Page moved successfully!
2024-10-07 11:38:34.070612096 [executor] Finished!

2024-10-07 11:38:34,071 INFO - ContAudITWrapper#9 - Running post-command actions...
2024-10-07 11:38:34,072 INFO - ContAudITWrapper#9 - Analyzing current environment state...
2024-10-07 11:38:34,369 INFO - ContAudITWrapper#9 - Saving current environment state...
2024-10-07 11:38:34,369 INFO - ContAudITWrapper#9 - Environment state hash: a7ffc6f8bf1ed76651c14756a061d662f580ff4de43b49fa82d80a4b80f8434a
2024-10-07 11:38:34,370 INFO - ContAudITWrapper#9 - Checking environment diff...
2024-10-07 11:38:34,442 INFO - ContAudITWrapper#9 - Environment diff: 
2024-10-07 11:38:34,442 INFO - ContAudITWrapper#9 - Cleaning temporary files...
2024-10-07 11:38:34,532 INFO - ContAudITWrapper#9 - Sending to blockchain...
2024-10-07 11:38:48,894 INFO - ContAudITWrapper#9 - Response 
2024-10-07 11:38:48,895 INFO - ContAudITWrapper#9 - Finishing ContAudIT Wrapper...
