2024-10-07 11:36:40,046 INFO - ContAudITWrapper#77 - Initializing ContAudIT Wrapper...
2024-10-07 11:36:40,310 INFO - ContAudITWrapper#77 - Current directory: /home/ec2-user/Code/ufrgs-poc/contaudit-wrapper.jar
2024-10-07 11:37:05,783 INFO - ContAudITWrapper#77 - Wrapper hash: b7519188ed863d76e5199a8d880bb968bdf9124fad53b871583787e123a7a764
2024-10-07 11:37:05,792 INFO - ContAudITWrapper#77 - Validating Wrapper...
2024-10-07 11:38:14,825 INFO - ContAudITWrapper#77 - Response true
2024-10-07 11:38:14,994 INFO - ContAudITWrapper#77 - Application hash: e36ee2d35f8c4c41bd358782dfb3ac8852b40439d350ff27616f0c18819ce9bf
2024-10-07 11:38:14,996 INFO - ContAudITWrapper#77 - Validating Application...
2024-10-07 11:38:31,456 INFO - ContAudITWrapper#77 - Response true
2024-10-07 11:38:31,473 INFO - ContAudITWrapper#77 - Artifact apache2.workflow hash: bdb4cee855e21446b6ae53ddcb76a1632ef8c4545b5db0517e01ffd552157f6e
2024-10-07 11:38:31,483 INFO - ContAudITWrapper#77 - Validating Artifact...
2024-10-07 11:38:40,622 INFO - ContAudITWrapper#77 - Response true
2024-10-07 11:38:40,645 INFO - ContAudITWrapper#77 - Running pre-command actions...
2024-10-07 11:38:40,646 INFO - ContAudITWrapper#77 - Analyzing current environment state...
2024-10-07 11:38:40,871 INFO - ContAudITWrapper#77 - Saving current environment state...
2024-10-07 11:38:40,872 INFO - ContAudITWrapper#77 - Environment state hash: a7ffc6f8bf1ed76651c14756a061d662f580ff4de43b49fa82d80a4b80f8434a
2024-10-07 11:38:40,872 INFO - ContAudITWrapper#77 - Executing command...
2024-10-07 11:38:42,202 INFO - ContAudITWrapper#77 - Command output: 
2024-10-07 11:38:41.027127625 [executor] Initializing the workflow...
[apache2_workflow] Apache HTTP Server already installed.
[apache2_workflow] UserDir module already loaded.
[apache2_workflow] Configs to UserDir already exist.
[apache2_workflow] public_html directory already exists in /home/ec2-user.
[apache2_workflow] Creating a simple webpage...
[apache2_workflow] Moving webpage to Apache HTTP Server user website folder...
[apache2_workflow] Page moved successfully!
2024-10-07 11:38:42.201510547 [executor] Finished!

2024-10-07 11:38:42,202 INFO - ContAudITWrapper#77 - Running post-command actions...
2024-10-07 11:38:42,202 INFO - ContAudITWrapper#77 - Analyzing current environment state...
2024-10-07 11:38:42,307 INFO - ContAudITWrapper#77 - Saving current environment state...
2024-10-07 11:38:42,308 INFO - ContAudITWrapper#77 - Environment state hash: a7ffc6f8bf1ed76651c14756a061d662f580ff4de43b49fa82d80a4b80f8434a
2024-10-07 11:38:42,308 INFO - ContAudITWrapper#77 - Checking environment diff...
2024-10-07 11:38:42,345 INFO - ContAudITWrapper#77 - Environment diff: 
2024-10-07 11:38:42,345 INFO - ContAudITWrapper#77 - Cleaning temporary files...
2024-10-07 11:38:42,395 INFO - ContAudITWrapper#77 - Sending to blockchain...
2024-10-07 11:38:54,660 INFO - ContAudITWrapper#77 - Response 
2024-10-07 11:38:54,662 INFO - ContAudITWrapper#77 - Finishing ContAudIT Wrapper...
