2024-10-07 11:36:39,883 INFO - ContAudITWrapper#48 - Initializing ContAudIT Wrapper...
2024-10-07 11:36:40,154 INFO - ContAudITWrapper#48 - Current directory: /home/ec2-user/Code/ufrgs-poc/contaudit-wrapper.jar
2024-10-07 11:36:56,346 INFO - ContAudITWrapper#48 - Wrapper hash: b7519188ed863d76e5199a8d880bb968bdf9124fad53b871583787e123a7a764
2024-10-07 11:36:56,433 INFO - ContAudITWrapper#48 - Validating Wrapper...
2024-10-07 11:37:48,773 INFO - ContAudITWrapper#48 - Response true
2024-10-07 11:37:49,026 INFO - ContAudITWrapper#48 - Application hash: e36ee2d35f8c4c41bd358782dfb3ac8852b40439d350ff27616f0c18819ce9bf
2024-10-07 11:37:49,028 INFO - ContAudITWrapper#48 - Validating Application...
2024-10-07 11:38:04,714 INFO - ContAudITWrapper#48 - Response true
2024-10-07 11:38:04,730 INFO - ContAudITWrapper#48 - Artifact apache2.workflow hash: bdb4cee855e21446b6ae53ddcb76a1632ef8c4545b5db0517e01ffd552157f6e
2024-10-07 11:38:04,742 INFO - ContAudITWrapper#48 - Validating Artifact...
2024-10-07 11:38:17,202 INFO - ContAudITWrapper#48 - Response true
2024-10-07 11:38:17,205 INFO - ContAudITWrapper#48 - Running pre-command actions...
2024-10-07 11:38:17,206 INFO - ContAudITWrapper#48 - Analyzing current environment state...
2024-10-07 11:38:17,411 INFO - ContAudITWrapper#48 - Saving current environment state...
2024-10-07 11:38:17,412 INFO - ContAudITWrapper#48 - Environment state hash: a7ffc6f8bf1ed76651c14756a061d662f580ff4de43b49fa82d80a4b80f8434a
2024-10-07 11:38:17,412 INFO - ContAudITWrapper#48 - Executing command...
2024-10-07 11:38:19,045 INFO - ContAudITWrapper#48 - Command output: 
2024-10-07 11:38:17.587832234 [executor] Initializing the workflow...
[apache2_workflow] Apache HTTP Server already installed.
[apache2_workflow] UserDir module already loaded.
[apache2_workflow] Configs to UserDir already exist.
[apache2_workflow] public_html directory already exists in /home/ec2-user.
[apache2_workflow] Creating a simple webpage...
[apache2_workflow] Moving webpage to Apache HTTP Server user website folder...
[apache2_workflow] Page moved successfully!
2024-10-07 11:38:19.044876295 [executor] Finished!

2024-10-07 11:38:19,046 INFO - ContAudITWrapper#48 - Running post-command actions...
2024-10-07 11:38:19,046 INFO - ContAudITWrapper#48 - Analyzing current environment state...
2024-10-07 11:38:19,200 INFO - ContAudITWrapper#48 - Saving current environment state...
2024-10-07 11:38:19,200 INFO - ContAudITWrapper#48 - Environment state hash: a7ffc6f8bf1ed76651c14756a061d662f580ff4de43b49fa82d80a4b80f8434a
2024-10-07 11:38:19,201 INFO - ContAudITWrapper#48 - Checking environment diff...
2024-10-07 11:38:19,274 INFO - ContAudITWrapper#48 - Environment diff: 
2024-10-07 11:38:19,274 INFO - ContAudITWrapper#48 - Cleaning temporary files...
2024-10-07 11:38:19,356 INFO - ContAudITWrapper#48 - Sending to blockchain...
2024-10-07 11:38:36,138 INFO - ContAudITWrapper#48 - Response 
2024-10-07 11:38:36,140 INFO - ContAudITWrapper#48 - Finishing ContAudIT Wrapper...
