2024-10-07 11:36:40,464 INFO - ContAudITWrapper#66 - Initializing ContAudIT Wrapper...
2024-10-07 11:36:40,603 INFO - ContAudITWrapper#66 - Current directory: /home/ec2-user/Code/ufrgs-poc/contaudit-wrapper.jar
2024-10-07 11:37:06,239 INFO - ContAudITWrapper#66 - Wrapper hash: b7519188ed863d76e5199a8d880bb968bdf9124fad53b871583787e123a7a764
2024-10-07 11:37:06,353 INFO - ContAudITWrapper#66 - Validating Wrapper...
2024-10-07 11:38:12,236 INFO - ContAudITWrapper#66 - Response true
2024-10-07 11:38:12,253 INFO - ContAudITWrapper#66 - Application hash: e36ee2d35f8c4c41bd358782dfb3ac8852b40439d350ff27616f0c18819ce9bf
2024-10-07 11:38:12,255 INFO - ContAudITWrapper#66 - Validating Application...
2024-10-07 11:38:28,432 INFO - ContAudITWrapper#66 - Response true
2024-10-07 11:38:28,460 INFO - ContAudITWrapper#66 - Artifact apache2.workflow hash: bdb4cee855e21446b6ae53ddcb76a1632ef8c4545b5db0517e01ffd552157f6e
2024-10-07 11:38:28,488 INFO - ContAudITWrapper#66 - Validating Artifact...
2024-10-07 11:38:40,953 INFO - ContAudITWrapper#66 - Response true
2024-10-07 11:38:40,977 INFO - ContAudITWrapper#66 - Running pre-command actions...
2024-10-07 11:38:40,978 INFO - ContAudITWrapper#66 - Analyzing current environment state...
2024-10-07 11:38:41,190 INFO - ContAudITWrapper#66 - Saving current environment state...
2024-10-07 11:38:41,192 INFO - ContAudITWrapper#66 - Environment state hash: a7ffc6f8bf1ed76651c14756a061d662f580ff4de43b49fa82d80a4b80f8434a
2024-10-07 11:38:41,198 INFO - ContAudITWrapper#66 - Executing command...
2024-10-07 11:38:42,705 INFO - ContAudITWrapper#66 - Command output: 
2024-10-07 11:38:41.349451194 [executor] Initializing the workflow...
[apache2_workflow] Apache HTTP Server already installed.
[apache2_workflow] UserDir module already loaded.
[apache2_workflow] Configs to UserDir already exist.
[apache2_workflow] public_html directory already exists in /home/ec2-user.
[apache2_workflow] Creating a simple webpage...
[apache2_workflow] Moving webpage to Apache HTTP Server user website folder...
[apache2_workflow] Page moved successfully!
2024-10-07 11:38:42.704468506 [executor] Finished!

2024-10-07 11:38:42,706 INFO - ContAudITWrapper#66 - Running post-command actions...
2024-10-07 11:38:42,706 INFO - ContAudITWrapper#66 - Analyzing current environment state...
2024-10-07 11:38:42,764 INFO - ContAudITWrapper#66 - Saving current environment state...
2024-10-07 11:38:42,765 INFO - ContAudITWrapper#66 - Environment state hash: a7ffc6f8bf1ed76651c14756a061d662f580ff4de43b49fa82d80a4b80f8434a
2024-10-07 11:38:42,765 INFO - ContAudITWrapper#66 - Checking environment diff...
2024-10-07 11:38:42,846 INFO - ContAudITWrapper#66 - Environment diff: 
2024-10-07 11:38:42,847 INFO - ContAudITWrapper#66 - Cleaning temporary files...
2024-10-07 11:38:42,874 INFO - ContAudITWrapper#66 - Sending to blockchain...
2024-10-07 11:38:55,278 INFO - ContAudITWrapper#66 - Response 
2024-10-07 11:38:55,280 INFO - ContAudITWrapper#66 - Finishing ContAudIT Wrapper...
