2024-10-07 11:36:40,025 INFO - ContAudITWrapper#61 - Initializing ContAudIT Wrapper...
2024-10-07 11:36:40,216 INFO - ContAudITWrapper#61 - Current directory: /home/ec2-user/Code/ufrgs-poc/contaudit-wrapper.jar
2024-10-07 11:37:05,045 INFO - ContAudITWrapper#61 - Wrapper hash: b7519188ed863d76e5199a8d880bb968bdf9124fad53b871583787e123a7a764
2024-10-07 11:37:05,103 INFO - ContAudITWrapper#61 - Validating Wrapper...
2024-10-07 11:38:11,853 INFO - ContAudITWrapper#61 - Response true
2024-10-07 11:38:11,875 INFO - ContAudITWrapper#61 - Application hash: e36ee2d35f8c4c41bd358782dfb3ac8852b40439d350ff27616f0c18819ce9bf
2024-10-07 11:38:11,876 INFO - ContAudITWrapper#61 - Validating Application...
2024-10-07 11:38:24,786 INFO - ContAudITWrapper#61 - Response true
2024-10-07 11:38:24,795 INFO - ContAudITWrapper#61 - Artifact apache2.workflow hash: bdb4cee855e21446b6ae53ddcb76a1632ef8c4545b5db0517e01ffd552157f6e
2024-10-07 11:38:24,979 INFO - ContAudITWrapper#61 - Validating Artifact...
2024-10-07 11:38:38,585 INFO - ContAudITWrapper#61 - Response true
2024-10-07 11:38:38,586 INFO - ContAudITWrapper#61 - Running pre-command actions...
2024-10-07 11:38:38,596 INFO - ContAudITWrapper#61 - Analyzing current environment state...
2024-10-07 11:38:38,798 INFO - ContAudITWrapper#61 - Saving current environment state...
2024-10-07 11:38:38,799 INFO - ContAudITWrapper#61 - Environment state hash: a7ffc6f8bf1ed76651c14756a061d662f580ff4de43b49fa82d80a4b80f8434a
2024-10-07 11:38:38,800 INFO - ContAudITWrapper#61 - Executing command...
2024-10-07 11:38:39,916 INFO - ContAudITWrapper#61 - Command output: 
2024-10-07 11:38:39.097440206 [executor] Initializing the workflow...
[apache2_workflow] Apache HTTP Server already installed.
[apache2_workflow] UserDir module already loaded.
[apache2_workflow] Configs to UserDir already exist.
[apache2_workflow] public_html directory already exists in /home/ec2-user.
[apache2_workflow] Creating a simple webpage...
[apache2_workflow] Moving webpage to Apache HTTP Server user website folder...
[apache2_workflow] Page moved successfully!
2024-10-07 11:38:39.913991469 [executor] Finished!

2024-10-07 11:38:39,916 INFO - ContAudITWrapper#61 - Running post-command actions...
2024-10-07 11:38:39,917 INFO - ContAudITWrapper#61 - Analyzing current environment state...
2024-10-07 11:38:40,082 INFO - ContAudITWrapper#61 - Saving current environment state...
2024-10-07 11:38:40,083 INFO - ContAudITWrapper#61 - Environment state hash: a7ffc6f8bf1ed76651c14756a061d662f580ff4de43b49fa82d80a4b80f8434a
2024-10-07 11:38:40,083 INFO - ContAudITWrapper#61 - Checking environment diff...
2024-10-07 11:38:40,239 INFO - ContAudITWrapper#61 - Environment diff: 
2024-10-07 11:38:40,239 INFO - ContAudITWrapper#61 - Cleaning temporary files...
2024-10-07 11:38:40,260 INFO - ContAudITWrapper#61 - Sending to blockchain...
2024-10-07 11:38:53,975 INFO - ContAudITWrapper#61 - Response 
2024-10-07 11:38:53,976 INFO - ContAudITWrapper#61 - Finishing ContAudIT Wrapper...
