2024-10-07 11:36:40,334 INFO - ContAudITWrapper#94 - Initializing ContAudIT Wrapper...
2024-10-07 11:36:40,599 INFO - ContAudITWrapper#94 - Current directory: /home/ec2-user/Code/ufrgs-poc/contaudit-wrapper.jar
2024-10-07 11:37:07,593 INFO - ContAudITWrapper#94 - Wrapper hash: b7519188ed863d76e5199a8d880bb968bdf9124fad53b871583787e123a7a764
2024-10-07 11:37:07,756 INFO - ContAudITWrapper#94 - Validating Wrapper...
2024-10-07 11:38:20,126 INFO - ContAudITWrapper#94 - Response true
2024-10-07 11:38:20,432 INFO - ContAudITWrapper#94 - Application hash: e36ee2d35f8c4c41bd358782dfb3ac8852b40439d350ff27616f0c18819ce9bf
2024-10-07 11:38:20,433 INFO - ContAudITWrapper#94 - Validating Application...
2024-10-07 11:38:33,159 INFO - ContAudITWrapper#94 - Response true
2024-10-07 11:38:33,164 INFO - ContAudITWrapper#94 - Artifact apache2.workflow hash: bdb4cee855e21446b6ae53ddcb76a1632ef8c4545b5db0517e01ffd552157f6e
2024-10-07 11:38:33,316 INFO - ContAudITWrapper#94 - Validating Artifact...
2024-10-07 11:38:45,525 INFO - ContAudITWrapper#94 - Response true
2024-10-07 11:38:45,555 INFO - ContAudITWrapper#94 - Running pre-command actions...
2024-10-07 11:38:45,559 INFO - ContAudITWrapper#94 - Analyzing current environment state...
2024-10-07 11:38:45,657 INFO - ContAudITWrapper#94 - Saving current environment state...
2024-10-07 11:38:45,659 INFO - ContAudITWrapper#94 - Environment state hash: a7ffc6f8bf1ed76651c14756a061d662f580ff4de43b49fa82d80a4b80f8434a
2024-10-07 11:38:45,659 INFO - ContAudITWrapper#94 - Executing command...
2024-10-07 11:38:46,749 INFO - ContAudITWrapper#94 - Command output: 
2024-10-07 11:38:45.841416126 [executor] Initializing the workflow...
[apache2_workflow] Apache HTTP Server already installed.
[apache2_workflow] UserDir module already loaded.
[apache2_workflow] Configs to UserDir already exist.
[apache2_workflow] public_html directory already exists in /home/ec2-user.
[apache2_workflow] Creating a simple webpage...
[apache2_workflow] Moving webpage to Apache HTTP Server user website folder...
[apache2_workflow] Page moved successfully!
2024-10-07 11:38:46.748975189 [executor] Finished!

2024-10-07 11:38:46,750 INFO - ContAudITWrapper#94 - Running post-command actions...
2024-10-07 11:38:46,750 INFO - ContAudITWrapper#94 - Analyzing current environment state...
2024-10-07 11:38:46,919 INFO - ContAudITWrapper#94 - Saving current environment state...
2024-10-07 11:38:46,920 INFO - ContAudITWrapper#94 - Environment state hash: a7ffc6f8bf1ed76651c14756a061d662f580ff4de43b49fa82d80a4b80f8434a
2024-10-07 11:38:46,920 INFO - ContAudITWrapper#94 - Checking environment diff...
2024-10-07 11:38:47,018 INFO - ContAudITWrapper#94 - Environment diff: 
2024-10-07 11:38:47,018 INFO - ContAudITWrapper#94 - Cleaning temporary files...
2024-10-07 11:38:47,081 INFO - ContAudITWrapper#94 - Sending to blockchain...
2024-10-07 11:38:55,969 INFO - ContAudITWrapper#94 - Response 
2024-10-07 11:38:55,972 INFO - ContAudITWrapper#94 - Finishing ContAudIT Wrapper...
