2024-10-07 11:36:40,057 INFO - ContAudITWrapper#84 - Initializing ContAudIT Wrapper...
2024-10-07 11:36:40,284 INFO - ContAudITWrapper#84 - Current directory: /home/ec2-user/Code/ufrgs-poc/contaudit-wrapper.jar
2024-10-07 11:37:09,414 INFO - ContAudITWrapper#84 - Wrapper hash: b7519188ed863d76e5199a8d880bb968bdf9124fad53b871583787e123a7a764
2024-10-07 11:37:09,499 INFO - ContAudITWrapper#84 - Validating Wrapper...
2024-10-07 11:38:18,201 INFO - ContAudITWrapper#84 - Response true
2024-10-07 11:38:18,428 INFO - ContAudITWrapper#84 - Application hash: e36ee2d35f8c4c41bd358782dfb3ac8852b40439d350ff27616f0c18819ce9bf
2024-10-07 11:38:18,520 INFO - ContAudITWrapper#84 - Validating Application...
2024-10-07 11:38:33,890 INFO - ContAudITWrapper#84 - Response true
2024-10-07 11:38:33,910 INFO - ContAudITWrapper#84 - Artifact apache2.workflow hash: bdb4cee855e21446b6ae53ddcb76a1632ef8c4545b5db0517e01ffd552157f6e
2024-10-07 11:38:33,938 INFO - ContAudITWrapper#84 - Validating Artifact...
2024-10-07 11:38:46,082 INFO - ContAudITWrapper#84 - Response true
2024-10-07 11:38:46,084 INFO - ContAudITWrapper#84 - Running pre-command actions...
2024-10-07 11:38:46,095 INFO - ContAudITWrapper#84 - Analyzing current environment state...
2024-10-07 11:38:46,227 INFO - ContAudITWrapper#84 - Saving current environment state...
2024-10-07 11:38:46,228 INFO - ContAudITWrapper#84 - Environment state hash: a7ffc6f8bf1ed76651c14756a061d662f580ff4de43b49fa82d80a4b80f8434a
2024-10-07 11:38:46,228 INFO - ContAudITWrapper#84 - Executing command...
2024-10-07 11:38:47,120 INFO - ContAudITWrapper#84 - Command output: 
2024-10-07 11:38:46.408046523 [executor] Initializing the workflow...
[apache2_workflow] Apache HTTP Server already installed.
[apache2_workflow] UserDir module already loaded.
[apache2_workflow] Configs to UserDir already exist.
[apache2_workflow] public_html directory already exists in /home/ec2-user.
[apache2_workflow] Creating a simple webpage...
[apache2_workflow] Moving webpage to Apache HTTP Server user website folder...
[apache2_workflow] Page moved successfully!
2024-10-07 11:38:47.118276942 [executor] Finished!

2024-10-07 11:38:47,120 INFO - ContAudITWrapper#84 - Running post-command actions...
2024-10-07 11:38:47,120 INFO - ContAudITWrapper#84 - Analyzing current environment state...
2024-10-07 11:38:47,272 INFO - ContAudITWrapper#84 - Saving current environment state...
2024-10-07 11:38:47,273 INFO - ContAudITWrapper#84 - Environment state hash: a7ffc6f8bf1ed76651c14756a061d662f580ff4de43b49fa82d80a4b80f8434a
2024-10-07 11:38:47,273 INFO - ContAudITWrapper#84 - Checking environment diff...
2024-10-07 11:38:47,374 INFO - ContAudITWrapper#84 - Environment diff: 
2024-10-07 11:38:47,374 INFO - ContAudITWrapper#84 - Cleaning temporary files...
2024-10-07 11:38:47,423 INFO - ContAudITWrapper#84 - Sending to blockchain...
2024-10-07 11:38:57,429 INFO - ContAudITWrapper#84 - Response 
2024-10-07 11:38:57,431 INFO - ContAudITWrapper#84 - Finishing ContAudIT Wrapper...
