2024-10-07 11:36:39,792 INFO - ContAudITWrapper#34 - Initializing ContAudIT Wrapper...
2024-10-07 11:36:40,038 INFO - ContAudITWrapper#34 - Current directory: /home/ec2-user/Code/ufrgs-poc/contaudit-wrapper.jar
2024-10-07 11:37:05,951 INFO - ContAudITWrapper#34 - Wrapper hash: b7519188ed863d76e5199a8d880bb968bdf9124fad53b871583787e123a7a764
2024-10-07 11:37:06,077 INFO - ContAudITWrapper#34 - Validating Wrapper...
2024-10-07 11:38:13,937 INFO - ContAudITWrapper#34 - Response true
2024-10-07 11:38:14,031 INFO - ContAudITWrapper#34 - Application hash: e36ee2d35f8c4c41bd358782dfb3ac8852b40439d350ff27616f0c18819ce9bf
2024-10-07 11:38:14,057 INFO - ContAudITWrapper#34 - Validating Application...
2024-10-07 11:38:30,652 INFO - ContAudITWrapper#34 - Response true
2024-10-07 11:38:30,665 INFO - ContAudITWrapper#34 - Artifact apache2.workflow hash: bdb4cee855e21446b6ae53ddcb76a1632ef8c4545b5db0517e01ffd552157f6e
2024-10-07 11:38:30,763 INFO - ContAudITWrapper#34 - Validating Artifact...
2024-10-07 11:38:43,349 INFO - ContAudITWrapper#34 - Response true
2024-10-07 11:38:43,354 INFO - ContAudITWrapper#34 - Running pre-command actions...
2024-10-07 11:38:43,355 INFO - ContAudITWrapper#34 - Analyzing current environment state...
2024-10-07 11:38:43,511 INFO - ContAudITWrapper#34 - Saving current environment state...
2024-10-07 11:38:43,512 INFO - ContAudITWrapper#34 - Environment state hash: a7ffc6f8bf1ed76651c14756a061d662f580ff4de43b49fa82d80a4b80f8434a
2024-10-07 11:38:43,512 INFO - ContAudITWrapper#34 - Executing command...
2024-10-07 11:38:44,912 INFO - ContAudITWrapper#34 - Command output: 
2024-10-07 11:38:43.620294676 [executor] Initializing the workflow...
[apache2_workflow] Apache HTTP Server already installed.
[apache2_workflow] UserDir module already loaded.
[apache2_workflow] Configs to UserDir already exist.
[apache2_workflow] public_html directory already exists in /home/ec2-user.
[apache2_workflow] Creating a simple webpage...
[apache2_workflow] Moving webpage to Apache HTTP Server user website folder...
[apache2_workflow] Page moved successfully!
2024-10-07 11:38:44.909115084 [executor] Finished!

2024-10-07 11:38:44,913 INFO - ContAudITWrapper#34 - Running post-command actions...
2024-10-07 11:38:44,913 INFO - ContAudITWrapper#34 - Analyzing current environment state...
2024-10-07 11:38:45,057 INFO - ContAudITWrapper#34 - Saving current environment state...
2024-10-07 11:38:45,058 INFO - ContAudITWrapper#34 - Environment state hash: a7ffc6f8bf1ed76651c14756a061d662f580ff4de43b49fa82d80a4b80f8434a
2024-10-07 11:38:45,058 INFO - ContAudITWrapper#34 - Checking environment diff...
2024-10-07 11:38:45,086 INFO - ContAudITWrapper#34 - Environment diff: 
2024-10-07 11:38:45,086 INFO - ContAudITWrapper#34 - Cleaning temporary files...
2024-10-07 11:38:45,142 INFO - ContAudITWrapper#34 - Sending to blockchain...
2024-10-07 11:38:55,830 INFO - ContAudITWrapper#34 - Response 
2024-10-07 11:38:55,832 INFO - ContAudITWrapper#34 - Finishing ContAudIT Wrapper...
