2024-10-07 11:36:40,467 INFO - ContAudITWrapper#96 - Initializing ContAudIT Wrapper...
2024-10-07 11:36:40,694 INFO - ContAudITWrapper#96 - Current directory: /home/ec2-user/Code/ufrgs-poc/contaudit-wrapper.jar
2024-10-07 11:37:03,172 INFO - ContAudITWrapper#96 - Wrapper hash: b7519188ed863d76e5199a8d880bb968bdf9124fad53b871583787e123a7a764
2024-10-07 11:37:03,262 INFO - ContAudITWrapper#96 - Validating Wrapper...
2024-10-07 11:38:11,733 INFO - ContAudITWrapper#96 - Response true
2024-10-07 11:38:11,826 INFO - ContAudITWrapper#96 - Application hash: e36ee2d35f8c4c41bd358782dfb3ac8852b40439d350ff27616f0c18819ce9bf
2024-10-07 11:38:11,828 INFO - ContAudITWrapper#96 - Validating Application...
2024-10-07 11:38:23,713 INFO - ContAudITWrapper#96 - Response true
2024-10-07 11:38:23,881 INFO - ContAudITWrapper#96 - Artifact apache2.workflow hash: bdb4cee855e21446b6ae53ddcb76a1632ef8c4545b5db0517e01ffd552157f6e
2024-10-07 11:38:23,898 INFO - ContAudITWrapper#96 - Validating Artifact...
2024-10-07 11:38:35,725 INFO - ContAudITWrapper#96 - Response true
2024-10-07 11:38:35,727 INFO - ContAudITWrapper#96 - Running pre-command actions...
2024-10-07 11:38:35,731 INFO - ContAudITWrapper#96 - Analyzing current environment state...
2024-10-07 11:38:35,980 INFO - ContAudITWrapper#96 - Saving current environment state...
2024-10-07 11:38:35,981 INFO - ContAudITWrapper#96 - Environment state hash: a7ffc6f8bf1ed76651c14756a061d662f580ff4de43b49fa82d80a4b80f8434a
2024-10-07 11:38:35,981 INFO - ContAudITWrapper#96 - Executing command...
2024-10-07 11:38:37,546 INFO - ContAudITWrapper#96 - Command output: 
2024-10-07 11:38:36.173439353 [executor] Initializing the workflow...
[apache2_workflow] Apache HTTP Server already installed.
[apache2_workflow] UserDir module already loaded.
[apache2_workflow] Configs to UserDir already exist.
[apache2_workflow] public_html directory already exists in /home/ec2-user.
[apache2_workflow] Creating a simple webpage...
[apache2_workflow] Moving webpage to Apache HTTP Server user website folder...
[apache2_workflow] Page moved successfully!
2024-10-07 11:38:37.545723991 [executor] Finished!

2024-10-07 11:38:37,547 INFO - ContAudITWrapper#96 - Running post-command actions...
2024-10-07 11:38:37,547 INFO - ContAudITWrapper#96 - Analyzing current environment state...
2024-10-07 11:38:37,701 INFO - ContAudITWrapper#96 - Saving current environment state...
2024-10-07 11:38:37,701 INFO - ContAudITWrapper#96 - Environment state hash: a7ffc6f8bf1ed76651c14756a061d662f580ff4de43b49fa82d80a4b80f8434a
2024-10-07 11:38:37,701 INFO - ContAudITWrapper#96 - Checking environment diff...
2024-10-07 11:38:37,756 INFO - ContAudITWrapper#96 - Environment diff: 
2024-10-07 11:38:37,757 INFO - ContAudITWrapper#96 - Cleaning temporary files...
2024-10-07 11:38:37,886 INFO - ContAudITWrapper#96 - Sending to blockchain...
2024-10-07 11:38:52,051 INFO - ContAudITWrapper#96 - Response 
2024-10-07 11:38:52,053 INFO - ContAudITWrapper#96 - Finishing ContAudIT Wrapper...
