2024-10-07 11:36:40,180 INFO - ContAudITWrapper#76 - Initializing ContAudIT Wrapper...
2024-10-07 11:36:40,399 INFO - ContAudITWrapper#76 - Current directory: /home/ec2-user/Code/ufrgs-poc/contaudit-wrapper.jar
2024-10-07 11:37:06,012 INFO - ContAudITWrapper#76 - Wrapper hash: b7519188ed863d76e5199a8d880bb968bdf9124fad53b871583787e123a7a764
2024-10-07 11:37:06,124 INFO - ContAudITWrapper#76 - Validating Wrapper...
2024-10-07 11:38:13,675 INFO - ContAudITWrapper#76 - Response true
2024-10-07 11:38:13,876 INFO - ContAudITWrapper#76 - Application hash: e36ee2d35f8c4c41bd358782dfb3ac8852b40439d350ff27616f0c18819ce9bf
2024-10-07 11:38:13,877 INFO - ContAudITWrapper#76 - Validating Application...
2024-10-07 11:38:30,146 INFO - ContAudITWrapper#76 - Response true
2024-10-07 11:38:30,167 INFO - ContAudITWrapper#76 - Artifact apache2.workflow hash: bdb4cee855e21446b6ae53ddcb76a1632ef8c4545b5db0517e01ffd552157f6e
2024-10-07 11:38:30,256 INFO - ContAudITWrapper#76 - Validating Artifact...
2024-10-07 11:38:41,784 INFO - ContAudITWrapper#76 - Response true
2024-10-07 11:38:41,788 INFO - ContAudITWrapper#76 - Running pre-command actions...
2024-10-07 11:38:41,789 INFO - ContAudITWrapper#76 - Analyzing current environment state...
2024-10-07 11:38:42,003 INFO - ContAudITWrapper#76 - Saving current environment state...
2024-10-07 11:38:42,004 INFO - ContAudITWrapper#76 - Environment state hash: a7ffc6f8bf1ed76651c14756a061d662f580ff4de43b49fa82d80a4b80f8434a
2024-10-07 11:38:42,005 INFO - ContAudITWrapper#76 - Executing command...
2024-10-07 11:38:43,421 INFO - ContAudITWrapper#76 - Command output: 
2024-10-07 11:38:42.178185616 [executor] Initializing the workflow...
[apache2_workflow] Apache HTTP Server already installed.
[apache2_workflow] UserDir module already loaded.
[apache2_workflow] Configs to UserDir already exist.
[apache2_workflow] public_html directory already exists in /home/ec2-user.
[apache2_workflow] Creating a simple webpage...
[apache2_workflow] Moving webpage to Apache HTTP Server user website folder...
[apache2_workflow] Page moved successfully!
2024-10-07 11:38:43.420577084 [executor] Finished!

2024-10-07 11:38:43,421 INFO - ContAudITWrapper#76 - Running post-command actions...
2024-10-07 11:38:43,422 INFO - ContAudITWrapper#76 - Analyzing current environment state...
2024-10-07 11:38:43,502 INFO - ContAudITWrapper#76 - Saving current environment state...
2024-10-07 11:38:43,503 INFO - ContAudITWrapper#76 - Environment state hash: a7ffc6f8bf1ed76651c14756a061d662f580ff4de43b49fa82d80a4b80f8434a
2024-10-07 11:38:43,503 INFO - ContAudITWrapper#76 - Checking environment diff...
2024-10-07 11:38:43,553 INFO - ContAudITWrapper#76 - Environment diff: 
2024-10-07 11:38:43,553 INFO - ContAudITWrapper#76 - Cleaning temporary files...
2024-10-07 11:38:43,670 INFO - ContAudITWrapper#76 - Sending to blockchain...
2024-10-07 11:38:55,835 INFO - ContAudITWrapper#76 - Response 
2024-10-07 11:38:55,837 INFO - ContAudITWrapper#76 - Finishing ContAudIT Wrapper...
