2024-10-07 11:36:40,185 INFO - ContAudITWrapper#78 - Initializing ContAudIT Wrapper...
2024-10-07 11:36:40,441 INFO - ContAudITWrapper#78 - Current directory: /home/ec2-user/Code/ufrgs-poc/contaudit-wrapper.jar
2024-10-07 11:37:08,754 INFO - ContAudITWrapper#78 - Wrapper hash: b7519188ed863d76e5199a8d880bb968bdf9124fad53b871583787e123a7a764
2024-10-07 11:37:08,822 INFO - ContAudITWrapper#78 - Validating Wrapper...
2024-10-07 11:38:19,073 INFO - ContAudITWrapper#78 - Response true
2024-10-07 11:38:19,170 INFO - ContAudITWrapper#78 - Application hash: e36ee2d35f8c4c41bd358782dfb3ac8852b40439d350ff27616f0c18819ce9bf
2024-10-07 11:38:19,172 INFO - ContAudITWrapper#78 - Validating Application...
2024-10-07 11:38:31,285 INFO - ContAudITWrapper#78 - Response true
2024-10-07 11:38:31,309 INFO - ContAudITWrapper#78 - Artifact apache2.workflow hash: bdb4cee855e21446b6ae53ddcb76a1632ef8c4545b5db0517e01ffd552157f6e
2024-10-07 11:38:31,414 INFO - ContAudITWrapper#78 - Validating Artifact...
2024-10-07 11:38:42,905 INFO - ContAudITWrapper#78 - Response true
2024-10-07 11:38:42,917 INFO - ContAudITWrapper#78 - Running pre-command actions...
2024-10-07 11:38:42,919 INFO - ContAudITWrapper#78 - Analyzing current environment state...
2024-10-07 11:38:43,103 INFO - ContAudITWrapper#78 - Saving current environment state...
2024-10-07 11:38:43,105 INFO - ContAudITWrapper#78 - Environment state hash: a7ffc6f8bf1ed76651c14756a061d662f580ff4de43b49fa82d80a4b80f8434a
2024-10-07 11:38:43,105 INFO - ContAudITWrapper#78 - Executing command...
2024-10-07 11:38:44,786 INFO - ContAudITWrapper#78 - Command output: 
2024-10-07 11:38:43.481668898 [executor] Initializing the workflow...
[apache2_workflow] Apache HTTP Server already installed.
[apache2_workflow] UserDir module already loaded.
[apache2_workflow] Configs to UserDir already exist.
[apache2_workflow] public_html directory already exists in /home/ec2-user.
[apache2_workflow] Creating a simple webpage...
[apache2_workflow] Moving webpage to Apache HTTP Server user website folder...
[apache2_workflow] Page moved successfully!
2024-10-07 11:38:44.785779993 [executor] Finished!

2024-10-07 11:38:44,787 INFO - ContAudITWrapper#78 - Running post-command actions...
2024-10-07 11:38:44,787 INFO - ContAudITWrapper#78 - Analyzing current environment state...
2024-10-07 11:38:44,942 INFO - ContAudITWrapper#78 - Saving current environment state...
2024-10-07 11:38:44,943 INFO - ContAudITWrapper#78 - Environment state hash: a7ffc6f8bf1ed76651c14756a061d662f580ff4de43b49fa82d80a4b80f8434a
2024-10-07 11:38:44,943 INFO - ContAudITWrapper#78 - Checking environment diff...
2024-10-07 11:38:45,122 INFO - ContAudITWrapper#78 - Environment diff: 
2024-10-07 11:38:45,122 INFO - ContAudITWrapper#78 - Cleaning temporary files...
2024-10-07 11:38:45,181 INFO - ContAudITWrapper#78 - Sending to blockchain...
2024-10-07 11:38:55,916 INFO - ContAudITWrapper#78 - Response 
2024-10-07 11:38:55,918 INFO - ContAudITWrapper#78 - Finishing ContAudIT Wrapper...
