2024-10-07 11:36:39,995 INFO - ContAudITWrapper#22 - Initializing ContAudIT Wrapper...
2024-10-07 11:36:40,250 INFO - ContAudITWrapper#22 - Current directory: /home/ec2-user/Code/ufrgs-poc/contaudit-wrapper.jar
2024-10-07 11:36:55,629 INFO - ContAudITWrapper#22 - Wrapper hash: b7519188ed863d76e5199a8d880bb968bdf9124fad53b871583787e123a7a764
2024-10-07 11:36:55,644 INFO - ContAudITWrapper#22 - Validating Wrapper...
2024-10-07 11:37:54,080 INFO - ContAudITWrapper#22 - Response true
2024-10-07 11:37:54,312 INFO - ContAudITWrapper#22 - Application hash: e36ee2d35f8c4c41bd358782dfb3ac8852b40439d350ff27616f0c18819ce9bf
2024-10-07 11:37:54,353 INFO - ContAudITWrapper#22 - Validating Application...
2024-10-07 11:38:10,352 INFO - ContAudITWrapper#22 - Response true
2024-10-07 11:38:10,370 INFO - ContAudITWrapper#22 - Artifact apache2.workflow hash: bdb4cee855e21446b6ae53ddcb76a1632ef8c4545b5db0517e01ffd552157f6e
2024-10-07 11:38:10,388 INFO - ContAudITWrapper#22 - Validating Artifact...
2024-10-07 11:38:23,385 INFO - ContAudITWrapper#22 - Response true
2024-10-07 11:38:23,397 INFO - ContAudITWrapper#22 - Running pre-command actions...
2024-10-07 11:38:23,398 INFO - ContAudITWrapper#22 - Analyzing current environment state...
2024-10-07 11:38:23,570 INFO - ContAudITWrapper#22 - Saving current environment state...
2024-10-07 11:38:23,571 INFO - ContAudITWrapper#22 - Environment state hash: a7ffc6f8bf1ed76651c14756a061d662f580ff4de43b49fa82d80a4b80f8434a
2024-10-07 11:38:23,571 INFO - ContAudITWrapper#22 - Executing command...
2024-10-07 11:38:25,246 INFO - ContAudITWrapper#22 - Command output: 
2024-10-07 11:38:23.768775298 [executor] Initializing the workflow...
[apache2_workflow] Apache HTTP Server already installed.
[apache2_workflow] UserDir module already loaded.
[apache2_workflow] Configs to UserDir already exist.
[apache2_workflow] public_html directory already exists in /home/ec2-user.
[apache2_workflow] Creating a simple webpage...
[apache2_workflow] Moving webpage to Apache HTTP Server user website folder...
[apache2_workflow] Page moved successfully!
2024-10-07 11:38:25.245268371 [executor] Finished!

2024-10-07 11:38:25,246 INFO - ContAudITWrapper#22 - Running post-command actions...
2024-10-07 11:38:25,246 INFO - ContAudITWrapper#22 - Analyzing current environment state...
2024-10-07 11:38:25,410 INFO - ContAudITWrapper#22 - Saving current environment state...
2024-10-07 11:38:25,411 INFO - ContAudITWrapper#22 - Environment state hash: a7ffc6f8bf1ed76651c14756a061d662f580ff4de43b49fa82d80a4b80f8434a
2024-10-07 11:38:25,412 INFO - ContAudITWrapper#22 - Checking environment diff...
2024-10-07 11:38:25,507 INFO - ContAudITWrapper#22 - Environment diff: 
2024-10-07 11:38:25,508 INFO - ContAudITWrapper#22 - Cleaning temporary files...
2024-10-07 11:38:25,542 INFO - ContAudITWrapper#22 - Sending to blockchain...
2024-10-07 11:38:43,789 INFO - ContAudITWrapper#22 - Response 
2024-10-07 11:38:43,790 INFO - ContAudITWrapper#22 - Finishing ContAudIT Wrapper...
