2024-10-11 09:06:58,824 INFO - ContAudITWrapper#29 - Initializing ContAudIT Wrapper...
2024-10-11 09:06:58,834 INFO - ContAudITWrapper#29 - Current directory: /home/ec2-user/Code/ufrgs-poc/contaudit-wrapper.jar
2024-10-11 09:07:00,993 INFO - ContAudITWrapper#29 - Wrapper hash: b7519188ed863d76e5199a8d880bb968bdf9124fad53b871583787e123a7a764
2024-10-11 09:07:00,998 INFO - ContAudITWrapper#29 - Validating Wrapper...
2024-10-11 09:07:03,385 INFO - ContAudITWrapper#29 - Response true
2024-10-11 09:07:03,391 INFO - ContAudITWrapper#29 - Application hash: e36ee2d35f8c4c41bd358782dfb3ac8852b40439d350ff27616f0c18819ce9bf
2024-10-11 09:07:03,392 INFO - ContAudITWrapper#29 - Validating Application...
2024-10-11 09:07:03,982 INFO - ContAudITWrapper#29 - Response true
2024-10-11 09:07:03,984 INFO - ContAudITWrapper#29 - Artifact vim.workflow hash: c2cd8e965b29c5d0c1074b5d083f6beb66f185746aced776659b092dece12743
2024-10-11 09:07:03,989 INFO - ContAudITWrapper#29 - Validating Artifact...
2024-10-11 09:07:04,516 INFO - ContAudITWrapper#29 - Response true
2024-10-11 09:07:04,518 INFO - ContAudITWrapper#29 - Running pre-command actions...
2024-10-11 09:07:04,518 INFO - ContAudITWrapper#29 - Analyzing current environment state...
2024-10-11 09:07:04,524 INFO - ContAudITWrapper#29 - Saving current environment state...
2024-10-11 09:07:04,525 INFO - ContAudITWrapper#29 - Environment state hash: a7ffc6f8bf1ed76651c14756a061d662f580ff4de43b49fa82d80a4b80f8434a
2024-10-11 09:07:04,525 INFO - ContAudITWrapper#29 - Executing command...
2024-10-11 09:07:06,002 INFO - ContAudITWrapper#29 - Command output: 
2024-10-11 09:07:04.529982738 [executor] Initializing the workflow...
[vim_workflow] Checking operating system...
[vim_workflow] Detected Amazon Linux.
[vim_workflow] Checking if vim is installed...
[vim_workflow] Vim not found! Installing...
Last metadata expiration check: 5:10:14 ago on Fri Oct 11 03:56:50 2024.
Dependencies resolved.
================================================================================
 Package          Arch       Version                      Repository       Size
================================================================================
Installing:
 vim-enhanced     x86_64     2:9.0.2153-1.amzn2023        amazonlinux     1.9 M

Transaction Summary
================================================================================
Install  1 Package

Total download size: 1.9 M
Installed size: 4.0 M
Downloading Packages:
vim-enhanced-9.0.2153-1.amzn2023.x86_64.rpm      27 MB/s | 1.9 MB     00:00    
--------------------------------------------------------------------------------
Total                                            16 MB/s | 1.9 MB     00:00     
Running transaction check
Transaction check succeeded.
Running transaction test
Transaction test succeeded.
Running transaction
  Preparing        :                                                        1/1 
  Installing       : vim-enhanced-2:9.0.2153-1.amzn2023.x86_64              1/1 
  Running scriptlet: vim-enhanced-2:9.0.2153-1.amzn2023.x86_64              1/1 
  Verifying        : vim-enhanced-2:9.0.2153-1.amzn2023.x86_64              1/1 

Installed:
  vim-enhanced-2:9.0.2153-1.amzn2023.x86_64                                     

Complete!
2024-10-11 09:07:06.001817869 [executor] Finished!

2024-10-11 09:07:06,002 INFO - ContAudITWrapper#29 - Running post-command actions...
2024-10-11 09:07:06,002 INFO - ContAudITWrapper#29 - Analyzing current environment state...
2024-10-11 09:07:06,007 INFO - ContAudITWrapper#29 - Saving current environment state...
2024-10-11 09:07:06,008 INFO - ContAudITWrapper#29 - Environment state hash: a7ffc6f8bf1ed76651c14756a061d662f580ff4de43b49fa82d80a4b80f8434a
2024-10-11 09:07:06,008 INFO - ContAudITWrapper#29 - Checking environment diff...
2024-10-11 09:07:06,011 INFO - ContAudITWrapper#29 - Environment diff: 
2024-10-11 09:07:06,011 INFO - ContAudITWrapper#29 - Cleaning temporary files...
2024-10-11 09:07:06,014 INFO - ContAudITWrapper#29 - Sending to blockchain...
2024-10-11 09:07:08,625 INFO - ContAudITWrapper#29 - Response 
2024-10-11 09:07:08,627 INFO - ContAudITWrapper#29 - Finishing ContAudIT Wrapper...
