2024-10-11 05:17:47,738 INFO - ContAudITWrapper#9 - Initializing ContAudIT Wrapper...
2024-10-11 05:17:48,012 INFO - ContAudITWrapper#9 - Current directory: /home/ec2-user/Code/ufrgs-poc/contaudit-wrapper.jar
2024-10-11 05:18:07,328 INFO - ContAudITWrapper#9 - Wrapper hash: b7519188ed863d76e5199a8d880bb968bdf9124fad53b871583787e123a7a764
2024-10-11 05:18:07,337 INFO - ContAudITWrapper#9 - Validating Wrapper...
2024-10-11 05:19:12,025 INFO - ContAudITWrapper#9 - Response true
2024-10-11 05:19:12,201 INFO - ContAudITWrapper#9 - Application hash: e36ee2d35f8c4c41bd358782dfb3ac8852b40439d350ff27616f0c18819ce9bf
2024-10-11 05:19:12,241 INFO - ContAudITWrapper#9 - Validating Application...
2024-10-11 05:19:27,393 INFO - ContAudITWrapper#9 - Response true
2024-10-11 05:19:27,407 INFO - ContAudITWrapper#9 - Artifact apache2.workflow hash: bdb4cee855e21446b6ae53ddcb76a1632ef8c4545b5db0517e01ffd552157f6e
2024-10-11 05:19:27,493 INFO - ContAudITWrapper#9 - Validating Artifact...
2024-10-11 05:19:40,354 INFO - ContAudITWrapper#9 - Response true
2024-10-11 05:19:40,374 INFO - ContAudITWrapper#9 - Running pre-command actions...
2024-10-11 05:19:40,376 INFO - ContAudITWrapper#9 - Analyzing current environment state...
2024-10-11 05:19:40,619 INFO - ContAudITWrapper#9 - Saving current environment state...
2024-10-11 05:19:40,620 INFO - ContAudITWrapper#9 - Environment state hash: a7ffc6f8bf1ed76651c14756a061d662f580ff4de43b49fa82d80a4b80f8434a
2024-10-11 05:19:40,620 INFO - ContAudITWrapper#9 - Executing command...
2024-10-11 05:19:41,911 INFO - ContAudITWrapper#9 - Command output: 
2024-10-11 05:19:40.698404159 [executor] Initializing the workflow...
[apache2_workflow] Apache HTTP Server already installed.
[apache2_workflow] UserDir module already loaded.
[apache2_workflow] Configs to UserDir already exist.
[apache2_workflow] public_html directory already exists in /home/ec2-user.
[apache2_workflow] Creating a simple webpage...
[apache2_workflow] Moving webpage to Apache HTTP Server user website folder...
[apache2_workflow] Page moved successfully!
2024-10-11 05:19:41.909695173 [executor] Finished!

2024-10-11 05:19:41,912 INFO - ContAudITWrapper#9 - Running post-command actions...
2024-10-11 05:19:41,912 INFO - ContAudITWrapper#9 - Analyzing current environment state...
2024-10-11 05:19:42,024 INFO - ContAudITWrapper#9 - Saving current environment state...
2024-10-11 05:19:42,024 INFO - ContAudITWrapper#9 - Environment state hash: a7ffc6f8bf1ed76651c14756a061d662f580ff4de43b49fa82d80a4b80f8434a
2024-10-11 05:19:42,024 INFO - ContAudITWrapper#9 - Checking environment diff...
2024-10-11 05:19:42,115 INFO - ContAudITWrapper#9 - Environment diff: 
2024-10-11 05:19:42,115 INFO - ContAudITWrapper#9 - Cleaning temporary files...
2024-10-11 05:19:42,174 INFO - ContAudITWrapper#9 - Sending to blockchain...
2024-10-11 05:19:53,649 INFO - ContAudITWrapper#9 - Response 
2024-10-11 05:19:53,651 INFO - ContAudITWrapper#9 - Finishing ContAudIT Wrapper...
