2024-10-11 05:17:48,187 INFO - ContAudITWrapper#73 - Initializing ContAudIT Wrapper...
2024-10-11 05:17:48,443 INFO - ContAudITWrapper#73 - Current directory: /home/ec2-user/Code/ufrgs-poc/contaudit-wrapper.jar
2024-10-11 05:18:12,608 INFO - ContAudITWrapper#73 - Wrapper hash: b7519188ed863d76e5199a8d880bb968bdf9124fad53b871583787e123a7a764
2024-10-11 05:18:12,678 INFO - ContAudITWrapper#73 - Validating Wrapper...
2024-10-11 05:19:21,425 INFO - ContAudITWrapper#73 - Response true
2024-10-11 05:19:21,664 INFO - ContAudITWrapper#73 - Application hash: e36ee2d35f8c4c41bd358782dfb3ac8852b40439d350ff27616f0c18819ce9bf
2024-10-11 05:19:21,665 INFO - ContAudITWrapper#73 - Validating Application...
2024-10-11 05:19:35,638 INFO - ContAudITWrapper#73 - Response true
2024-10-11 05:19:35,646 INFO - ContAudITWrapper#73 - Artifact apache2.workflow hash: bdb4cee855e21446b6ae53ddcb76a1632ef8c4545b5db0517e01ffd552157f6e
2024-10-11 05:19:35,664 INFO - ContAudITWrapper#73 - Validating Artifact...
2024-10-11 05:19:49,239 INFO - ContAudITWrapper#73 - Response true
2024-10-11 05:19:49,248 INFO - ContAudITWrapper#73 - Running pre-command actions...
2024-10-11 05:19:49,249 INFO - ContAudITWrapper#73 - Analyzing current environment state...
2024-10-11 05:19:49,488 INFO - ContAudITWrapper#73 - Saving current environment state...
2024-10-11 05:19:49,489 INFO - ContAudITWrapper#73 - Environment state hash: a7ffc6f8bf1ed76651c14756a061d662f580ff4de43b49fa82d80a4b80f8434a
2024-10-11 05:19:49,489 INFO - ContAudITWrapper#73 - Executing command...
2024-10-11 05:19:50,902 INFO - ContAudITWrapper#73 - Command output: 
2024-10-11 05:19:49.701431645 [executor] Initializing the workflow...
[apache2_workflow] Apache HTTP Server already installed.
[apache2_workflow] UserDir module already loaded.
[apache2_workflow] Configs to UserDir already exist.
[apache2_workflow] public_html directory already exists in /home/ec2-user.
[apache2_workflow] Creating a simple webpage...
[apache2_workflow] Moving webpage to Apache HTTP Server user website folder...
[apache2_workflow] Page moved successfully!
2024-10-11 05:19:50.901127094 [executor] Finished!

2024-10-11 05:19:50,902 INFO - ContAudITWrapper#73 - Running post-command actions...
2024-10-11 05:19:50,902 INFO - ContAudITWrapper#73 - Analyzing current environment state...
2024-10-11 05:19:50,991 INFO - ContAudITWrapper#73 - Saving current environment state...
2024-10-11 05:19:50,991 INFO - ContAudITWrapper#73 - Environment state hash: a7ffc6f8bf1ed76651c14756a061d662f580ff4de43b49fa82d80a4b80f8434a
2024-10-11 05:19:50,991 INFO - ContAudITWrapper#73 - Checking environment diff...
2024-10-11 05:19:51,030 INFO - ContAudITWrapper#73 - Environment diff: 
2024-10-11 05:19:51,030 INFO - ContAudITWrapper#73 - Cleaning temporary files...
2024-10-11 05:19:51,123 INFO - ContAudITWrapper#73 - Sending to blockchain...
2024-10-11 05:20:02,499 INFO - ContAudITWrapper#73 - Response 
2024-10-11 05:20:02,501 INFO - ContAudITWrapper#73 - Finishing ContAudIT Wrapper...
