2024-10-11 05:17:45,859 INFO - ContAudITWrapper#91 - Initializing ContAudIT Wrapper...
2024-10-11 05:17:45,941 INFO - ContAudITWrapper#91 - Current directory: /home/ec2-user/Code/ufrgs-poc/contaudit-wrapper.jar
2024-10-11 05:18:09,826 INFO - ContAudITWrapper#91 - Wrapper hash: b7519188ed863d76e5199a8d880bb968bdf9124fad53b871583787e123a7a764
2024-10-11 05:18:09,963 INFO - ContAudITWrapper#91 - Validating Wrapper...
2024-10-11 05:19:16,674 INFO - ContAudITWrapper#91 - Response true
2024-10-11 05:19:16,768 INFO - ContAudITWrapper#91 - Application hash: e36ee2d35f8c4c41bd358782dfb3ac8852b40439d350ff27616f0c18819ce9bf
2024-10-11 05:19:16,846 INFO - ContAudITWrapper#91 - Validating Application...
2024-10-11 05:19:29,460 INFO - ContAudITWrapper#91 - Response true
2024-10-11 05:19:29,470 INFO - ContAudITWrapper#91 - Artifact apache2.workflow hash: bdb4cee855e21446b6ae53ddcb76a1632ef8c4545b5db0517e01ffd552157f6e
2024-10-11 05:19:29,573 INFO - ContAudITWrapper#91 - Validating Artifact...
2024-10-11 05:19:45,228 INFO - ContAudITWrapper#91 - Response true
2024-10-11 05:19:45,234 INFO - ContAudITWrapper#91 - Running pre-command actions...
2024-10-11 05:19:45,235 INFO - ContAudITWrapper#91 - Analyzing current environment state...
2024-10-11 05:19:45,395 INFO - ContAudITWrapper#91 - Saving current environment state...
2024-10-11 05:19:45,396 INFO - ContAudITWrapper#91 - Environment state hash: a7ffc6f8bf1ed76651c14756a061d662f580ff4de43b49fa82d80a4b80f8434a
2024-10-11 05:19:45,411 INFO - ContAudITWrapper#91 - Executing command...
2024-10-11 05:19:47,149 INFO - ContAudITWrapper#91 - Command output: 
2024-10-11 05:19:45.595953776 [executor] Initializing the workflow...
[apache2_workflow] Apache HTTP Server already installed.
[apache2_workflow] UserDir module already loaded.
[apache2_workflow] Configs to UserDir already exist.
[apache2_workflow] public_html directory already exists in /home/ec2-user.
[apache2_workflow] Creating a simple webpage...
[apache2_workflow] Moving webpage to Apache HTTP Server user website folder...
[apache2_workflow] Page moved successfully!
2024-10-11 05:19:47.148636277 [executor] Finished!

2024-10-11 05:19:47,151 INFO - ContAudITWrapper#91 - Running post-command actions...
2024-10-11 05:19:47,151 INFO - ContAudITWrapper#91 - Analyzing current environment state...
2024-10-11 05:19:47,226 INFO - ContAudITWrapper#91 - Saving current environment state...
2024-10-11 05:19:47,226 INFO - ContAudITWrapper#91 - Environment state hash: a7ffc6f8bf1ed76651c14756a061d662f580ff4de43b49fa82d80a4b80f8434a
2024-10-11 05:19:47,226 INFO - ContAudITWrapper#91 - Checking environment diff...
2024-10-11 05:19:47,303 INFO - ContAudITWrapper#91 - Environment diff: 
2024-10-11 05:19:47,303 INFO - ContAudITWrapper#91 - Cleaning temporary files...
2024-10-11 05:19:47,451 INFO - ContAudITWrapper#91 - Sending to blockchain...
2024-10-11 05:20:00,913 INFO - ContAudITWrapper#91 - Response 
2024-10-11 05:20:00,915 INFO - ContAudITWrapper#91 - Finishing ContAudIT Wrapper...
