2024-10-11 05:17:46,436 INFO - ContAudITWrapper#25 - Initializing ContAudIT Wrapper...
2024-10-11 05:17:46,647 INFO - ContAudITWrapper#25 - Current directory: /home/ec2-user/Code/ufrgs-poc/contaudit-wrapper.jar
2024-10-11 05:18:07,197 INFO - ContAudITWrapper#25 - Wrapper hash: b7519188ed863d76e5199a8d880bb968bdf9124fad53b871583787e123a7a764
2024-10-11 05:18:07,221 INFO - ContAudITWrapper#25 - Validating Wrapper...
2024-10-11 05:19:00,684 INFO - ContAudITWrapper#25 - Response true
2024-10-11 05:19:00,718 INFO - ContAudITWrapper#25 - Application hash: e36ee2d35f8c4c41bd358782dfb3ac8852b40439d350ff27616f0c18819ce9bf
2024-10-11 05:19:00,718 INFO - ContAudITWrapper#25 - Validating Application...
2024-10-11 05:19:16,527 INFO - ContAudITWrapper#25 - Response true
2024-10-11 05:19:16,533 INFO - ContAudITWrapper#25 - Artifact apache2.workflow hash: bdb4cee855e21446b6ae53ddcb76a1632ef8c4545b5db0517e01ffd552157f6e
2024-10-11 05:19:16,556 INFO - ContAudITWrapper#25 - Validating Artifact...
2024-10-11 05:19:31,791 INFO - ContAudITWrapper#25 - Response true
2024-10-11 05:19:31,794 INFO - ContAudITWrapper#25 - Running pre-command actions...
2024-10-11 05:19:31,795 INFO - ContAudITWrapper#25 - Analyzing current environment state...
2024-10-11 05:19:31,962 INFO - ContAudITWrapper#25 - Saving current environment state...
2024-10-11 05:19:31,963 INFO - ContAudITWrapper#25 - Environment state hash: a7ffc6f8bf1ed76651c14756a061d662f580ff4de43b49fa82d80a4b80f8434a
2024-10-11 05:19:31,963 INFO - ContAudITWrapper#25 - Executing command...
2024-10-11 05:19:32,804 INFO - ContAudITWrapper#25 - Command output: 
2024-10-11 05:19:32.168890264 [executor] Initializing the workflow...
[apache2_workflow] Apache HTTP Server already installed.
[apache2_workflow] UserDir module already loaded.
[apache2_workflow] Configs to UserDir already exist.
[apache2_workflow] public_html directory already exists in /home/ec2-user.
[apache2_workflow] Creating a simple webpage...
[apache2_workflow] Moving webpage to Apache HTTP Server user website folder...
[apache2_workflow] Page moved successfully!
2024-10-11 05:19:32.803463383 [executor] Finished!

2024-10-11 05:19:32,804 INFO - ContAudITWrapper#25 - Running post-command actions...
2024-10-11 05:19:32,804 INFO - ContAudITWrapper#25 - Analyzing current environment state...
2024-10-11 05:19:32,982 INFO - ContAudITWrapper#25 - Saving current environment state...
2024-10-11 05:19:32,983 INFO - ContAudITWrapper#25 - Environment state hash: a7ffc6f8bf1ed76651c14756a061d662f580ff4de43b49fa82d80a4b80f8434a
2024-10-11 05:19:32,983 INFO - ContAudITWrapper#25 - Checking environment diff...
2024-10-11 05:19:33,066 INFO - ContAudITWrapper#25 - Environment diff: 
2024-10-11 05:19:33,066 INFO - ContAudITWrapper#25 - Cleaning temporary files...
2024-10-11 05:19:33,149 INFO - ContAudITWrapper#25 - Sending to blockchain...
2024-10-11 05:19:47,357 INFO - ContAudITWrapper#25 - Response 
2024-10-11 05:19:47,359 INFO - ContAudITWrapper#25 - Finishing ContAudIT Wrapper...
