2024-10-11 05:17:48,225 INFO - ContAudITWrapper#33 - Initializing ContAudIT Wrapper...
2024-10-11 05:17:48,407 INFO - ContAudITWrapper#33 - Current directory: /home/ec2-user/Code/ufrgs-poc/contaudit-wrapper.jar
2024-10-11 05:18:12,566 INFO - ContAudITWrapper#33 - Wrapper hash: b7519188ed863d76e5199a8d880bb968bdf9124fad53b871583787e123a7a764
2024-10-11 05:18:12,664 INFO - ContAudITWrapper#33 - Validating Wrapper...
2024-10-11 05:19:25,393 INFO - ContAudITWrapper#33 - Response true
2024-10-11 05:19:25,641 INFO - ContAudITWrapper#33 - Application hash: e36ee2d35f8c4c41bd358782dfb3ac8852b40439d350ff27616f0c18819ce9bf
2024-10-11 05:19:25,642 INFO - ContAudITWrapper#33 - Validating Application...
2024-10-11 05:19:39,724 INFO - ContAudITWrapper#33 - Response true
2024-10-11 05:19:39,733 INFO - ContAudITWrapper#33 - Artifact apache2.workflow hash: bdb4cee855e21446b6ae53ddcb76a1632ef8c4545b5db0517e01ffd552157f6e
2024-10-11 05:19:39,764 INFO - ContAudITWrapper#33 - Validating Artifact...
2024-10-11 05:19:49,016 INFO - ContAudITWrapper#33 - Response true
2024-10-11 05:19:49,021 INFO - ContAudITWrapper#33 - Running pre-command actions...
2024-10-11 05:19:49,023 INFO - ContAudITWrapper#33 - Analyzing current environment state...
2024-10-11 05:19:49,294 INFO - ContAudITWrapper#33 - Saving current environment state...
2024-10-11 05:19:49,295 INFO - ContAudITWrapper#33 - Environment state hash: a7ffc6f8bf1ed76651c14756a061d662f580ff4de43b49fa82d80a4b80f8434a
2024-10-11 05:19:49,295 INFO - ContAudITWrapper#33 - Executing command...
2024-10-11 05:19:50,767 INFO - ContAudITWrapper#33 - Command output: 
2024-10-11 05:19:49.473587393 [executor] Initializing the workflow...
[apache2_workflow] Apache HTTP Server already installed.
[apache2_workflow] UserDir module already loaded.
[apache2_workflow] Configs to UserDir already exist.
[apache2_workflow] public_html directory already exists in /home/ec2-user.
[apache2_workflow] Creating a simple webpage...
[apache2_workflow] Moving webpage to Apache HTTP Server user website folder...
[apache2_workflow] Page moved successfully!
2024-10-11 05:19:50.766084881 [executor] Finished!

2024-10-11 05:19:50,767 INFO - ContAudITWrapper#33 - Running post-command actions...
2024-10-11 05:19:50,767 INFO - ContAudITWrapper#33 - Analyzing current environment state...
2024-10-11 05:19:50,897 INFO - ContAudITWrapper#33 - Saving current environment state...
2024-10-11 05:19:50,897 INFO - ContAudITWrapper#33 - Environment state hash: a7ffc6f8bf1ed76651c14756a061d662f580ff4de43b49fa82d80a4b80f8434a
2024-10-11 05:19:50,898 INFO - ContAudITWrapper#33 - Checking environment diff...
2024-10-11 05:19:50,952 INFO - ContAudITWrapper#33 - Environment diff: 
2024-10-11 05:19:50,952 INFO - ContAudITWrapper#33 - Cleaning temporary files...
2024-10-11 05:19:51,030 INFO - ContAudITWrapper#33 - Sending to blockchain...
2024-10-11 05:20:01,487 INFO - ContAudITWrapper#33 - Response 
2024-10-11 05:20:01,488 INFO - ContAudITWrapper#33 - Finishing ContAudIT Wrapper...
