2024-10-11 05:17:48,385 INFO - ContAudITWrapper#18 - Initializing ContAudIT Wrapper...
2024-10-11 05:17:48,586 INFO - ContAudITWrapper#18 - Current directory: /home/ec2-user/Code/ufrgs-poc/contaudit-wrapper.jar
2024-10-11 05:18:12,867 INFO - ContAudITWrapper#18 - Wrapper hash: b7519188ed863d76e5199a8d880bb968bdf9124fad53b871583787e123a7a764
2024-10-11 05:18:12,877 INFO - ContAudITWrapper#18 - Validating Wrapper...
2024-10-11 05:19:18,597 INFO - ContAudITWrapper#18 - Response true
2024-10-11 05:19:18,943 INFO - ContAudITWrapper#18 - Application hash: e36ee2d35f8c4c41bd358782dfb3ac8852b40439d350ff27616f0c18819ce9bf
2024-10-11 05:19:18,946 INFO - ContAudITWrapper#18 - Validating Application...
2024-10-11 05:19:33,499 INFO - ContAudITWrapper#18 - Response true
2024-10-11 05:19:33,511 INFO - ContAudITWrapper#18 - Artifact apache2.workflow hash: bdb4cee855e21446b6ae53ddcb76a1632ef8c4545b5db0517e01ffd552157f6e
2024-10-11 05:19:33,589 INFO - ContAudITWrapper#18 - Validating Artifact...
2024-10-11 05:19:46,247 INFO - ContAudITWrapper#18 - Response true
2024-10-11 05:19:46,256 INFO - ContAudITWrapper#18 - Running pre-command actions...
2024-10-11 05:19:46,268 INFO - ContAudITWrapper#18 - Analyzing current environment state...
2024-10-11 05:19:46,388 INFO - ContAudITWrapper#18 - Saving current environment state...
2024-10-11 05:19:46,389 INFO - ContAudITWrapper#18 - Environment state hash: a7ffc6f8bf1ed76651c14756a061d662f580ff4de43b49fa82d80a4b80f8434a
2024-10-11 05:19:46,390 INFO - ContAudITWrapper#18 - Executing command...
2024-10-11 05:19:47,989 INFO - ContAudITWrapper#18 - Command output: 
2024-10-11 05:19:46.555459229 [executor] Initializing the workflow...
[apache2_workflow] Apache HTTP Server already installed.
[apache2_workflow] UserDir module already loaded.
[apache2_workflow] Configs to UserDir already exist.
[apache2_workflow] public_html directory already exists in /home/ec2-user.
[apache2_workflow] Creating a simple webpage...
[apache2_workflow] Moving webpage to Apache HTTP Server user website folder...
[apache2_workflow] Page moved successfully!
2024-10-11 05:19:47.988113625 [executor] Finished!

2024-10-11 05:19:47,989 INFO - ContAudITWrapper#18 - Running post-command actions...
2024-10-11 05:19:47,989 INFO - ContAudITWrapper#18 - Analyzing current environment state...
2024-10-11 05:19:48,096 INFO - ContAudITWrapper#18 - Saving current environment state...
2024-10-11 05:19:48,096 INFO - ContAudITWrapper#18 - Environment state hash: a7ffc6f8bf1ed76651c14756a061d662f580ff4de43b49fa82d80a4b80f8434a
2024-10-11 05:19:48,096 INFO - ContAudITWrapper#18 - Checking environment diff...
2024-10-11 05:19:48,181 INFO - ContAudITWrapper#18 - Environment diff: 
2024-10-11 05:19:48,181 INFO - ContAudITWrapper#18 - Cleaning temporary files...
2024-10-11 05:19:48,336 INFO - ContAudITWrapper#18 - Sending to blockchain...
2024-10-11 05:20:01,443 INFO - ContAudITWrapper#18 - Response 
2024-10-11 05:20:01,444 INFO - ContAudITWrapper#18 - Finishing ContAudIT Wrapper...
