2024-10-11 05:17:48,203 INFO - ContAudITWrapper#77 - Initializing ContAudIT Wrapper...
2024-10-11 05:17:48,395 INFO - ContAudITWrapper#77 - Current directory: /home/ec2-user/Code/ufrgs-poc/contaudit-wrapper.jar
2024-10-11 05:18:13,846 INFO - ContAudITWrapper#77 - Wrapper hash: b7519188ed863d76e5199a8d880bb968bdf9124fad53b871583787e123a7a764
2024-10-11 05:18:14,016 INFO - ContAudITWrapper#77 - Validating Wrapper...
2024-10-11 05:19:20,828 INFO - ContAudITWrapper#77 - Response true
2024-10-11 05:19:20,910 INFO - ContAudITWrapper#77 - Application hash: e36ee2d35f8c4c41bd358782dfb3ac8852b40439d350ff27616f0c18819ce9bf
2024-10-11 05:19:20,911 INFO - ContAudITWrapper#77 - Validating Application...
2024-10-11 05:19:33,977 INFO - ContAudITWrapper#77 - Response true
2024-10-11 05:19:34,011 INFO - ContAudITWrapper#77 - Artifact apache2.workflow hash: bdb4cee855e21446b6ae53ddcb76a1632ef8c4545b5db0517e01ffd552157f6e
2024-10-11 05:19:34,079 INFO - ContAudITWrapper#77 - Validating Artifact...
2024-10-11 05:19:42,847 INFO - ContAudITWrapper#77 - Response true
2024-10-11 05:19:42,863 INFO - ContAudITWrapper#77 - Running pre-command actions...
2024-10-11 05:19:42,865 INFO - ContAudITWrapper#77 - Analyzing current environment state...
2024-10-11 05:19:43,067 INFO - ContAudITWrapper#77 - Saving current environment state...
2024-10-11 05:19:43,068 INFO - ContAudITWrapper#77 - Environment state hash: a7ffc6f8bf1ed76651c14756a061d662f580ff4de43b49fa82d80a4b80f8434a
2024-10-11 05:19:43,068 INFO - ContAudITWrapper#77 - Executing command...
2024-10-11 05:19:44,585 INFO - ContAudITWrapper#77 - Command output: 
2024-10-11 05:19:43.236382532 [executor] Initializing the workflow...
[apache2_workflow] Apache HTTP Server already installed.
[apache2_workflow] UserDir module already loaded.
[apache2_workflow] Configs to UserDir already exist.
[apache2_workflow] public_html directory already exists in /home/ec2-user.
[apache2_workflow] Creating a simple webpage...
[apache2_workflow] Moving webpage to Apache HTTP Server user website folder...
[apache2_workflow] Page moved successfully!
2024-10-11 05:19:44.585190262 [executor] Finished!

2024-10-11 05:19:44,586 INFO - ContAudITWrapper#77 - Running post-command actions...
2024-10-11 05:19:44,586 INFO - ContAudITWrapper#77 - Analyzing current environment state...
2024-10-11 05:19:44,721 INFO - ContAudITWrapper#77 - Saving current environment state...
2024-10-11 05:19:44,721 INFO - ContAudITWrapper#77 - Environment state hash: a7ffc6f8bf1ed76651c14756a061d662f580ff4de43b49fa82d80a4b80f8434a
2024-10-11 05:19:44,722 INFO - ContAudITWrapper#77 - Checking environment diff...
2024-10-11 05:19:44,791 INFO - ContAudITWrapper#77 - Environment diff: 
2024-10-11 05:19:44,792 INFO - ContAudITWrapper#77 - Cleaning temporary files...
2024-10-11 05:19:44,835 INFO - ContAudITWrapper#77 - Sending to blockchain...
2024-10-11 05:19:57,720 INFO - ContAudITWrapper#77 - Response 
2024-10-11 05:19:57,721 INFO - ContAudITWrapper#77 - Finishing ContAudIT Wrapper...
