2024-10-11 05:17:47,495 INFO - ContAudITWrapper#28 - Initializing ContAudIT Wrapper...
2024-10-11 05:17:47,671 INFO - ContAudITWrapper#28 - Current directory: /home/ec2-user/Code/ufrgs-poc/contaudit-wrapper.jar
2024-10-11 05:18:11,886 INFO - ContAudITWrapper#28 - Wrapper hash: b7519188ed863d76e5199a8d880bb968bdf9124fad53b871583787e123a7a764
2024-10-11 05:18:12,033 INFO - ContAudITWrapper#28 - Validating Wrapper...
2024-10-11 05:19:23,400 INFO - ContAudITWrapper#28 - Response true
2024-10-11 05:19:23,572 INFO - ContAudITWrapper#28 - Application hash: e36ee2d35f8c4c41bd358782dfb3ac8852b40439d350ff27616f0c18819ce9bf
2024-10-11 05:19:23,573 INFO - ContAudITWrapper#28 - Validating Application...
2024-10-11 05:19:36,915 INFO - ContAudITWrapper#28 - Response true
2024-10-11 05:19:36,924 INFO - ContAudITWrapper#28 - Artifact apache2.workflow hash: bdb4cee855e21446b6ae53ddcb76a1632ef8c4545b5db0517e01ffd552157f6e
2024-10-11 05:19:36,996 INFO - ContAudITWrapper#28 - Validating Artifact...
2024-10-11 05:19:46,486 INFO - ContAudITWrapper#28 - Response true
2024-10-11 05:19:46,493 INFO - ContAudITWrapper#28 - Running pre-command actions...
2024-10-11 05:19:46,494 INFO - ContAudITWrapper#28 - Analyzing current environment state...
2024-10-11 05:19:46,703 INFO - ContAudITWrapper#28 - Saving current environment state...
2024-10-11 05:19:46,704 INFO - ContAudITWrapper#28 - Environment state hash: a7ffc6f8bf1ed76651c14756a061d662f580ff4de43b49fa82d80a4b80f8434a
2024-10-11 05:19:46,704 INFO - ContAudITWrapper#28 - Executing command...
2024-10-11 05:19:48,736 INFO - ContAudITWrapper#28 - Command output: 
2024-10-11 05:19:46.960074944 [executor] Initializing the workflow...
[apache2_workflow] Apache HTTP Server already installed.
[apache2_workflow] UserDir module already loaded.
[apache2_workflow] Configs to UserDir already exist.
[apache2_workflow] public_html directory already exists in /home/ec2-user.
[apache2_workflow] Creating a simple webpage...
[apache2_workflow] Moving webpage to Apache HTTP Server user website folder...
[apache2_workflow] Page moved successfully!
2024-10-11 05:19:48.735787314 [executor] Finished!

2024-10-11 05:19:48,737 INFO - ContAudITWrapper#28 - Running post-command actions...
2024-10-11 05:19:48,737 INFO - ContAudITWrapper#28 - Analyzing current environment state...
2024-10-11 05:19:48,885 INFO - ContAudITWrapper#28 - Saving current environment state...
2024-10-11 05:19:48,886 INFO - ContAudITWrapper#28 - Environment state hash: a7ffc6f8bf1ed76651c14756a061d662f580ff4de43b49fa82d80a4b80f8434a
2024-10-11 05:19:48,886 INFO - ContAudITWrapper#28 - Checking environment diff...
2024-10-11 05:19:49,012 INFO - ContAudITWrapper#28 - Environment diff: 
2024-10-11 05:19:49,013 INFO - ContAudITWrapper#28 - Cleaning temporary files...
2024-10-11 05:19:49,038 INFO - ContAudITWrapper#28 - Sending to blockchain...
2024-10-11 05:20:01,460 INFO - ContAudITWrapper#28 - Response 
2024-10-11 05:20:01,462 INFO - ContAudITWrapper#28 - Finishing ContAudIT Wrapper...
