2024-10-11 05:17:48,222 INFO - ContAudITWrapper#76 - Initializing ContAudIT Wrapper...
2024-10-11 05:17:48,465 INFO - ContAudITWrapper#76 - Current directory: /home/ec2-user/Code/ufrgs-poc/contaudit-wrapper.jar
2024-10-11 05:18:11,559 INFO - ContAudITWrapper#76 - Wrapper hash: b7519188ed863d76e5199a8d880bb968bdf9124fad53b871583787e123a7a764
2024-10-11 05:18:11,568 INFO - ContAudITWrapper#76 - Validating Wrapper...
2024-10-11 05:19:21,676 INFO - ContAudITWrapper#76 - Response true
2024-10-11 05:19:22,161 INFO - ContAudITWrapper#76 - Application hash: e36ee2d35f8c4c41bd358782dfb3ac8852b40439d350ff27616f0c18819ce9bf
2024-10-11 05:19:22,182 INFO - ContAudITWrapper#76 - Validating Application...
2024-10-11 05:19:35,637 INFO - ContAudITWrapper#76 - Response true
2024-10-11 05:19:35,649 INFO - ContAudITWrapper#76 - Artifact apache2.workflow hash: bdb4cee855e21446b6ae53ddcb76a1632ef8c4545b5db0517e01ffd552157f6e
2024-10-11 05:19:35,695 INFO - ContAudITWrapper#76 - Validating Artifact...
2024-10-11 05:19:47,980 INFO - ContAudITWrapper#76 - Response true
2024-10-11 05:19:47,997 INFO - ContAudITWrapper#76 - Running pre-command actions...
2024-10-11 05:19:47,998 INFO - ContAudITWrapper#76 - Analyzing current environment state...
2024-10-11 05:19:48,175 INFO - ContAudITWrapper#76 - Saving current environment state...
2024-10-11 05:19:48,176 INFO - ContAudITWrapper#76 - Environment state hash: a7ffc6f8bf1ed76651c14756a061d662f580ff4de43b49fa82d80a4b80f8434a
2024-10-11 05:19:48,177 INFO - ContAudITWrapper#76 - Executing command...
2024-10-11 05:19:49,683 INFO - ContAudITWrapper#76 - Command output: 
2024-10-11 05:19:48.319593048 [executor] Initializing the workflow...
[apache2_workflow] Apache HTTP Server already installed.
[apache2_workflow] UserDir module already loaded.
[apache2_workflow] Configs to UserDir already exist.
[apache2_workflow] public_html directory already exists in /home/ec2-user.
[apache2_workflow] Creating a simple webpage...
[apache2_workflow] Moving webpage to Apache HTTP Server user website folder...
[apache2_workflow] Page moved successfully!
2024-10-11 05:19:49.681538879 [executor] Finished!

2024-10-11 05:19:49,683 INFO - ContAudITWrapper#76 - Running post-command actions...
2024-10-11 05:19:49,683 INFO - ContAudITWrapper#76 - Analyzing current environment state...
2024-10-11 05:19:49,853 INFO - ContAudITWrapper#76 - Saving current environment state...
2024-10-11 05:19:49,854 INFO - ContAudITWrapper#76 - Environment state hash: a7ffc6f8bf1ed76651c14756a061d662f580ff4de43b49fa82d80a4b80f8434a
2024-10-11 05:19:49,857 INFO - ContAudITWrapper#76 - Checking environment diff...
2024-10-11 05:19:49,923 INFO - ContAudITWrapper#76 - Environment diff: 
2024-10-11 05:19:49,923 INFO - ContAudITWrapper#76 - Cleaning temporary files...
2024-10-11 05:19:49,959 INFO - ContAudITWrapper#76 - Sending to blockchain...
2024-10-11 05:20:02,203 INFO - ContAudITWrapper#76 - Response 
2024-10-11 05:20:02,207 INFO - ContAudITWrapper#76 - Finishing ContAudIT Wrapper...
