2024-10-11 05:17:47,988 INFO - ContAudITWrapper#59 - Initializing ContAudIT Wrapper...
2024-10-11 05:17:48,264 INFO - ContAudITWrapper#59 - Current directory: /home/ec2-user/Code/ufrgs-poc/contaudit-wrapper.jar
2024-10-11 05:18:13,906 INFO - ContAudITWrapper#59 - Wrapper hash: b7519188ed863d76e5199a8d880bb968bdf9124fad53b871583787e123a7a764
2024-10-11 05:18:13,913 INFO - ContAudITWrapper#59 - Validating Wrapper...
2024-10-11 05:19:25,661 INFO - ContAudITWrapper#59 - Response true
2024-10-11 05:19:25,869 INFO - ContAudITWrapper#59 - Application hash: e36ee2d35f8c4c41bd358782dfb3ac8852b40439d350ff27616f0c18819ce9bf
2024-10-11 05:19:25,870 INFO - ContAudITWrapper#59 - Validating Application...
2024-10-11 05:19:34,322 INFO - ContAudITWrapper#59 - Response true
2024-10-11 05:19:34,432 INFO - ContAudITWrapper#59 - Artifact apache2.workflow hash: bdb4cee855e21446b6ae53ddcb76a1632ef8c4545b5db0517e01ffd552157f6e
2024-10-11 05:19:34,542 INFO - ContAudITWrapper#59 - Validating Artifact...
2024-10-11 05:19:44,794 INFO - ContAudITWrapper#59 - Response true
2024-10-11 05:19:44,805 INFO - ContAudITWrapper#59 - Running pre-command actions...
2024-10-11 05:19:44,806 INFO - ContAudITWrapper#59 - Analyzing current environment state...
2024-10-11 05:19:44,941 INFO - ContAudITWrapper#59 - Saving current environment state...
2024-10-11 05:19:44,942 INFO - ContAudITWrapper#59 - Environment state hash: a7ffc6f8bf1ed76651c14756a061d662f580ff4de43b49fa82d80a4b80f8434a
2024-10-11 05:19:44,942 INFO - ContAudITWrapper#59 - Executing command...
2024-10-11 05:19:46,256 INFO - ContAudITWrapper#59 - Command output: 
2024-10-11 05:19:45.129461561 [executor] Initializing the workflow...
[apache2_workflow] Apache HTTP Server already installed.
[apache2_workflow] UserDir module already loaded.
[apache2_workflow] Configs to UserDir already exist.
[apache2_workflow] public_html directory already exists in /home/ec2-user.
[apache2_workflow] Creating a simple webpage...
[apache2_workflow] Moving webpage to Apache HTTP Server user website folder...
[apache2_workflow] Page moved successfully!
2024-10-11 05:19:46.254995752 [executor] Finished!

2024-10-11 05:19:46,256 INFO - ContAudITWrapper#59 - Running post-command actions...
2024-10-11 05:19:46,256 INFO - ContAudITWrapper#59 - Analyzing current environment state...
2024-10-11 05:19:46,401 INFO - ContAudITWrapper#59 - Saving current environment state...
2024-10-11 05:19:46,402 INFO - ContAudITWrapper#59 - Environment state hash: a7ffc6f8bf1ed76651c14756a061d662f580ff4de43b49fa82d80a4b80f8434a
2024-10-11 05:19:46,402 INFO - ContAudITWrapper#59 - Checking environment diff...
2024-10-11 05:19:46,512 INFO - ContAudITWrapper#59 - Environment diff: 
2024-10-11 05:19:46,512 INFO - ContAudITWrapper#59 - Cleaning temporary files...
2024-10-11 05:19:46,603 INFO - ContAudITWrapper#59 - Sending to blockchain...
2024-10-11 05:19:59,318 INFO - ContAudITWrapper#59 - Response 
2024-10-11 05:19:59,320 INFO - ContAudITWrapper#59 - Finishing ContAudIT Wrapper...
