2024-10-11 05:17:47,007 INFO - ContAudITWrapper#80 - Initializing ContAudIT Wrapper...
2024-10-11 05:17:47,156 INFO - ContAudITWrapper#80 - Current directory: /home/ec2-user/Code/ufrgs-poc/contaudit-wrapper.jar
2024-10-11 05:18:09,552 INFO - ContAudITWrapper#80 - Wrapper hash: b7519188ed863d76e5199a8d880bb968bdf9124fad53b871583787e123a7a764
2024-10-11 05:18:09,560 INFO - ContAudITWrapper#80 - Validating Wrapper...
2024-10-11 05:19:14,228 INFO - ContAudITWrapper#80 - Response true
2024-10-11 05:19:14,488 INFO - ContAudITWrapper#80 - Application hash: e36ee2d35f8c4c41bd358782dfb3ac8852b40439d350ff27616f0c18819ce9bf
2024-10-11 05:19:14,489 INFO - ContAudITWrapper#80 - Validating Application...
2024-10-11 05:19:29,623 INFO - ContAudITWrapper#80 - Response true
2024-10-11 05:19:29,667 INFO - ContAudITWrapper#80 - Artifact apache2.workflow hash: bdb4cee855e21446b6ae53ddcb76a1632ef8c4545b5db0517e01ffd552157f6e
2024-10-11 05:19:29,881 INFO - ContAudITWrapper#80 - Validating Artifact...
2024-10-11 05:19:40,794 INFO - ContAudITWrapper#80 - Response true
2024-10-11 05:19:40,798 INFO - ContAudITWrapper#80 - Running pre-command actions...
2024-10-11 05:19:40,799 INFO - ContAudITWrapper#80 - Analyzing current environment state...
2024-10-11 05:19:41,010 INFO - ContAudITWrapper#80 - Saving current environment state...
2024-10-11 05:19:41,011 INFO - ContAudITWrapper#80 - Environment state hash: a7ffc6f8bf1ed76651c14756a061d662f580ff4de43b49fa82d80a4b80f8434a
2024-10-11 05:19:41,011 INFO - ContAudITWrapper#80 - Executing command...
2024-10-11 05:19:42,576 INFO - ContAudITWrapper#80 - Command output: 
2024-10-11 05:19:41.228895063 [executor] Initializing the workflow...
[apache2_workflow] Apache HTTP Server already installed.
[apache2_workflow] UserDir module already loaded.
[apache2_workflow] Configs to UserDir already exist.
[apache2_workflow] public_html directory already exists in /home/ec2-user.
[apache2_workflow] Creating a simple webpage...
[apache2_workflow] Moving webpage to Apache HTTP Server user website folder...
[apache2_workflow] Page moved successfully!
2024-10-11 05:19:42.574854058 [executor] Finished!

2024-10-11 05:19:42,577 INFO - ContAudITWrapper#80 - Running post-command actions...
2024-10-11 05:19:42,577 INFO - ContAudITWrapper#80 - Analyzing current environment state...
2024-10-11 05:19:42,774 INFO - ContAudITWrapper#80 - Saving current environment state...
2024-10-11 05:19:42,775 INFO - ContAudITWrapper#80 - Environment state hash: a7ffc6f8bf1ed76651c14756a061d662f580ff4de43b49fa82d80a4b80f8434a
2024-10-11 05:19:42,775 INFO - ContAudITWrapper#80 - Checking environment diff...
2024-10-11 05:19:42,841 INFO - ContAudITWrapper#80 - Environment diff: 
2024-10-11 05:19:42,842 INFO - ContAudITWrapper#80 - Cleaning temporary files...
2024-10-11 05:19:42,967 INFO - ContAudITWrapper#80 - Sending to blockchain...
2024-10-11 05:19:56,665 INFO - ContAudITWrapper#80 - Response 
2024-10-11 05:19:56,667 INFO - ContAudITWrapper#80 - Finishing ContAudIT Wrapper...
