2024-10-11 05:17:48,532 INFO - ContAudITWrapper#58 - Initializing ContAudIT Wrapper...
2024-10-11 05:17:48,693 INFO - ContAudITWrapper#58 - Current directory: /home/ec2-user/Code/ufrgs-poc/contaudit-wrapper.jar
2024-10-11 05:18:06,454 INFO - ContAudITWrapper#58 - Wrapper hash: b7519188ed863d76e5199a8d880bb968bdf9124fad53b871583787e123a7a764
2024-10-11 05:18:06,600 INFO - ContAudITWrapper#58 - Validating Wrapper...
2024-10-11 05:19:12,970 INFO - ContAudITWrapper#58 - Response true
2024-10-11 05:19:13,002 INFO - ContAudITWrapper#58 - Application hash: e36ee2d35f8c4c41bd358782dfb3ac8852b40439d350ff27616f0c18819ce9bf
2024-10-11 05:19:13,004 INFO - ContAudITWrapper#58 - Validating Application...
2024-10-11 05:19:27,223 INFO - ContAudITWrapper#58 - Response true
2024-10-11 05:19:27,236 INFO - ContAudITWrapper#58 - Artifact apache2.workflow hash: bdb4cee855e21446b6ae53ddcb76a1632ef8c4545b5db0517e01ffd552157f6e
2024-10-11 05:19:27,304 INFO - ContAudITWrapper#58 - Validating Artifact...
2024-10-11 05:19:42,163 INFO - ContAudITWrapper#58 - Response true
2024-10-11 05:19:42,180 INFO - ContAudITWrapper#58 - Running pre-command actions...
2024-10-11 05:19:42,181 INFO - ContAudITWrapper#58 - Analyzing current environment state...
2024-10-11 05:19:42,401 INFO - ContAudITWrapper#58 - Saving current environment state...
2024-10-11 05:19:42,403 INFO - ContAudITWrapper#58 - Environment state hash: a7ffc6f8bf1ed76651c14756a061d662f580ff4de43b49fa82d80a4b80f8434a
2024-10-11 05:19:42,403 INFO - ContAudITWrapper#58 - Executing command...
2024-10-11 05:19:44,442 INFO - ContAudITWrapper#58 - Command output: 
2024-10-11 05:19:42.610479151 [executor] Initializing the workflow...
[apache2_workflow] Apache HTTP Server already installed.
[apache2_workflow] UserDir module already loaded.
[apache2_workflow] Configs to UserDir already exist.
[apache2_workflow] public_html directory already exists in /home/ec2-user.
[apache2_workflow] Creating a simple webpage...
[apache2_workflow] Moving webpage to Apache HTTP Server user website folder...
[apache2_workflow] Page moved successfully!
2024-10-11 05:19:44.441114346 [executor] Finished!

2024-10-11 05:19:44,442 INFO - ContAudITWrapper#58 - Running post-command actions...
2024-10-11 05:19:44,442 INFO - ContAudITWrapper#58 - Analyzing current environment state...
2024-10-11 05:19:44,575 INFO - ContAudITWrapper#58 - Saving current environment state...
2024-10-11 05:19:44,575 INFO - ContAudITWrapper#58 - Environment state hash: a7ffc6f8bf1ed76651c14756a061d662f580ff4de43b49fa82d80a4b80f8434a
2024-10-11 05:19:44,575 INFO - ContAudITWrapper#58 - Checking environment diff...
2024-10-11 05:19:44,687 INFO - ContAudITWrapper#58 - Environment diff: 
2024-10-11 05:19:44,688 INFO - ContAudITWrapper#58 - Cleaning temporary files...
2024-10-11 05:19:44,772 INFO - ContAudITWrapper#58 - Sending to blockchain...
2024-10-11 05:19:59,220 INFO - ContAudITWrapper#58 - Response 
2024-10-11 05:19:59,222 INFO - ContAudITWrapper#58 - Finishing ContAudIT Wrapper...
