2024-10-10 03:37:15,901 INFO - ContAudITWrapper#45 - Initializing ContAudIT Wrapper...
2024-10-10 03:37:16,030 INFO - ContAudITWrapper#45 - Current directory: /home/ec2-user/Code/ufrgs-poc/contaudit-wrapper.jar
2024-10-10 03:37:35,328 INFO - ContAudITWrapper#45 - Wrapper hash: b7519188ed863d76e5199a8d880bb968bdf9124fad53b871583787e123a7a764
2024-10-10 03:37:35,388 INFO - ContAudITWrapper#45 - Validating Wrapper...
2024-10-10 03:38:27,191 INFO - ContAudITWrapper#45 - Response true
2024-10-10 03:38:27,421 INFO - ContAudITWrapper#45 - Application hash: e36ee2d35f8c4c41bd358782dfb3ac8852b40439d350ff27616f0c18819ce9bf
2024-10-10 03:38:27,422 INFO - ContAudITWrapper#45 - Validating Application...
2024-10-10 03:38:35,813 INFO - ContAudITWrapper#45 - Response true
2024-10-10 03:38:35,878 INFO - ContAudITWrapper#45 - Artifact user.workflow hash: 52877374d8c54314b7af92814eaf729121e99a87e9706a2888cd9bcd951b11c9
2024-10-10 03:38:35,893 INFO - ContAudITWrapper#45 - Validating Artifact...
2024-10-10 03:38:41,241 INFO - ContAudITWrapper#45 - Response true
2024-10-10 03:38:41,246 INFO - ContAudITWrapper#45 - Running pre-command actions...
2024-10-10 03:38:41,248 INFO - ContAudITWrapper#45 - Analyzing current environment state...
2024-10-10 03:38:41,384 INFO - ContAudITWrapper#45 - Saving current environment state...
2024-10-10 03:38:41,385 INFO - ContAudITWrapper#45 - Environment state hash: a7ffc6f8bf1ed76651c14756a061d662f580ff4de43b49fa82d80a4b80f8434a
2024-10-10 03:38:41,385 INFO - ContAudITWrapper#45 - Executing command...
2024-10-10 03:38:49,467 INFO - ContAudITWrapper#45 - Command output: 
2024-10-10 03:38:41.471212287 [executor] Initializing the workflow...
[useradd_workflow] User contaudit45 already exists. Removing...
[useradd_workflow] User contaudit45 successfully removed.
[useradd_workflow] User contaudit45 created successfully.
2024-10-10 03:38:49.466626384 [executor] Finished!

2024-10-10 03:38:49,467 INFO - ContAudITWrapper#45 - Running post-command actions...
2024-10-10 03:38:49,467 INFO - ContAudITWrapper#45 - Analyzing current environment state...
2024-10-10 03:38:49,473 INFO - ContAudITWrapper#45 - Saving current environment state...
2024-10-10 03:38:49,475 INFO - ContAudITWrapper#45 - Environment state hash: a7ffc6f8bf1ed76651c14756a061d662f580ff4de43b49fa82d80a4b80f8434a
2024-10-10 03:38:49,475 INFO - ContAudITWrapper#45 - Checking environment diff...
2024-10-10 03:38:49,479 INFO - ContAudITWrapper#45 - Environment diff: 
2024-10-10 03:38:49,479 INFO - ContAudITWrapper#45 - Cleaning temporary files...
2024-10-10 03:38:49,484 INFO - ContAudITWrapper#45 - Sending to blockchain...
2024-10-10 03:38:52,180 INFO - ContAudITWrapper#45 - Response 
2024-10-10 03:38:52,182 INFO - ContAudITWrapper#45 - Finishing ContAudIT Wrapper...
