2024-10-10 03:37:15,064 INFO - ContAudITWrapper#26 - Initializing ContAudIT Wrapper...
2024-10-10 03:37:15,191 INFO - ContAudITWrapper#26 - Current directory: /home/ec2-user/Code/ufrgs-poc/contaudit-wrapper.jar
2024-10-10 03:37:37,121 INFO - ContAudITWrapper#26 - Wrapper hash: b7519188ed863d76e5199a8d880bb968bdf9124fad53b871583787e123a7a764
2024-10-10 03:37:37,189 INFO - ContAudITWrapper#26 - Validating Wrapper...
2024-10-10 03:38:28,991 INFO - ContAudITWrapper#26 - Response true
2024-10-10 03:38:29,051 INFO - ContAudITWrapper#26 - Application hash: e36ee2d35f8c4c41bd358782dfb3ac8852b40439d350ff27616f0c18819ce9bf
2024-10-10 03:38:29,052 INFO - ContAudITWrapper#26 - Validating Application...
2024-10-10 03:38:37,091 INFO - ContAudITWrapper#26 - Response true
2024-10-10 03:38:37,133 INFO - ContAudITWrapper#26 - Artifact user.workflow hash: 52877374d8c54314b7af92814eaf729121e99a87e9706a2888cd9bcd951b11c9
2024-10-10 03:38:37,331 INFO - ContAudITWrapper#26 - Validating Artifact...
2024-10-10 03:38:44,407 INFO - ContAudITWrapper#26 - Response true
2024-10-10 03:38:44,416 INFO - ContAudITWrapper#26 - Running pre-command actions...
2024-10-10 03:38:44,417 INFO - ContAudITWrapper#26 - Analyzing current environment state...
2024-10-10 03:38:44,486 INFO - ContAudITWrapper#26 - Saving current environment state...
2024-10-10 03:38:44,487 INFO - ContAudITWrapper#26 - Environment state hash: a7ffc6f8bf1ed76651c14756a061d662f580ff4de43b49fa82d80a4b80f8434a
2024-10-10 03:38:44,487 INFO - ContAudITWrapper#26 - Executing command...
2024-10-10 03:38:53,016 INFO - ContAudITWrapper#26 - Command output: 
2024-10-10 03:38:44.544730932 [executor] Initializing the workflow...
[useradd_workflow] User contaudit26 already exists. Removing...
[useradd_workflow] User contaudit26 successfully removed.
[useradd_workflow] User contaudit26 created successfully.
2024-10-10 03:38:53.012628532 [executor] Finished!

2024-10-10 03:38:53,017 INFO - ContAudITWrapper#26 - Running post-command actions...
2024-10-10 03:38:53,017 INFO - ContAudITWrapper#26 - Analyzing current environment state...
2024-10-10 03:38:53,139 INFO - ContAudITWrapper#26 - Saving current environment state...
2024-10-10 03:38:53,140 INFO - ContAudITWrapper#26 - Environment state hash: a7ffc6f8bf1ed76651c14756a061d662f580ff4de43b49fa82d80a4b80f8434a
2024-10-10 03:38:53,140 INFO - ContAudITWrapper#26 - Checking environment diff...
2024-10-10 03:38:53,150 INFO - ContAudITWrapper#26 - Environment diff: 
2024-10-10 03:38:53,151 INFO - ContAudITWrapper#26 - Cleaning temporary files...
2024-10-10 03:38:53,178 INFO - ContAudITWrapper#26 - Sending to blockchain...
2024-10-10 03:38:55,744 INFO - ContAudITWrapper#26 - Response 
2024-10-10 03:38:55,746 INFO - ContAudITWrapper#26 - Finishing ContAudIT Wrapper...
