2024-10-10 03:37:15,377 INFO - ContAudITWrapper#72 - Initializing ContAudIT Wrapper...
2024-10-10 03:37:15,535 INFO - ContAudITWrapper#72 - Current directory: /home/ec2-user/Code/ufrgs-poc/contaudit-wrapper.jar
2024-10-10 03:37:28,789 INFO - ContAudITWrapper#72 - Wrapper hash: b7519188ed863d76e5199a8d880bb968bdf9124fad53b871583787e123a7a764
2024-10-10 03:37:28,797 INFO - ContAudITWrapper#72 - Validating Wrapper...
2024-10-10 03:38:12,072 INFO - ContAudITWrapper#72 - Response true
2024-10-10 03:38:12,228 INFO - ContAudITWrapper#72 - Application hash: e36ee2d35f8c4c41bd358782dfb3ac8852b40439d350ff27616f0c18819ce9bf
2024-10-10 03:38:12,229 INFO - ContAudITWrapper#72 - Validating Application...
2024-10-10 03:38:23,805 INFO - ContAudITWrapper#72 - Response true
2024-10-10 03:38:23,821 INFO - ContAudITWrapper#72 - Artifact user.workflow hash: 52877374d8c54314b7af92814eaf729121e99a87e9706a2888cd9bcd951b11c9
2024-10-10 03:38:23,855 INFO - ContAudITWrapper#72 - Validating Artifact...
2024-10-10 03:38:34,971 INFO - ContAudITWrapper#72 - Response true
2024-10-10 03:38:34,986 INFO - ContAudITWrapper#72 - Running pre-command actions...
2024-10-10 03:38:34,987 INFO - ContAudITWrapper#72 - Analyzing current environment state...
2024-10-10 03:38:35,110 INFO - ContAudITWrapper#72 - Saving current environment state...
2024-10-10 03:38:35,111 INFO - ContAudITWrapper#72 - Environment state hash: a7ffc6f8bf1ed76651c14756a061d662f580ff4de43b49fa82d80a4b80f8434a
2024-10-10 03:38:35,111 INFO - ContAudITWrapper#72 - Executing command...
2024-10-10 03:38:36,431 INFO - ContAudITWrapper#72 - Command output: 
2024-10-10 03:38:35.231211200 [executor] Initializing the workflow...
[useradd_workflow] User contaudit72 does not exist. Creating...
[useradd_workflow] User contaudit72 created successfully.
2024-10-10 03:38:36.430059484 [executor] Finished!

2024-10-10 03:38:36,431 INFO - ContAudITWrapper#72 - Running post-command actions...
2024-10-10 03:38:36,431 INFO - ContAudITWrapper#72 - Analyzing current environment state...
2024-10-10 03:38:36,544 INFO - ContAudITWrapper#72 - Saving current environment state...
2024-10-10 03:38:36,545 INFO - ContAudITWrapper#72 - Environment state hash: a7ffc6f8bf1ed76651c14756a061d662f580ff4de43b49fa82d80a4b80f8434a
2024-10-10 03:38:36,546 INFO - ContAudITWrapper#72 - Checking environment diff...
2024-10-10 03:38:36,610 INFO - ContAudITWrapper#72 - Environment diff: 
2024-10-10 03:38:36,610 INFO - ContAudITWrapper#72 - Cleaning temporary files...
2024-10-10 03:38:36,679 INFO - ContAudITWrapper#72 - Sending to blockchain...
2024-10-10 03:38:45,788 INFO - ContAudITWrapper#72 - Response 
2024-10-10 03:38:45,789 INFO - ContAudITWrapper#72 - Finishing ContAudIT Wrapper...
