2024-10-10 03:37:15,749 INFO - ContAudITWrapper#75 - Initializing ContAudIT Wrapper...
2024-10-10 03:37:15,911 INFO - ContAudITWrapper#75 - Current directory: /home/ec2-user/Code/ufrgs-poc/contaudit-wrapper.jar
2024-10-10 03:37:34,204 INFO - ContAudITWrapper#75 - Wrapper hash: b7519188ed863d76e5199a8d880bb968bdf9124fad53b871583787e123a7a764
2024-10-10 03:37:34,287 INFO - ContAudITWrapper#75 - Validating Wrapper...
2024-10-10 03:38:27,434 INFO - ContAudITWrapper#75 - Response true
2024-10-10 03:38:27,644 INFO - ContAudITWrapper#75 - Application hash: e36ee2d35f8c4c41bd358782dfb3ac8852b40439d350ff27616f0c18819ce9bf
2024-10-10 03:38:27,645 INFO - ContAudITWrapper#75 - Validating Application...
2024-10-10 03:38:36,746 INFO - ContAudITWrapper#75 - Response true
2024-10-10 03:38:36,752 INFO - ContAudITWrapper#75 - Artifact user.workflow hash: 52877374d8c54314b7af92814eaf729121e99a87e9706a2888cd9bcd951b11c9
2024-10-10 03:38:36,776 INFO - ContAudITWrapper#75 - Validating Artifact...
2024-10-10 03:38:43,690 INFO - ContAudITWrapper#75 - Response true
2024-10-10 03:38:43,733 INFO - ContAudITWrapper#75 - Running pre-command actions...
2024-10-10 03:38:43,734 INFO - ContAudITWrapper#75 - Analyzing current environment state...
2024-10-10 03:38:43,808 INFO - ContAudITWrapper#75 - Saving current environment state...
2024-10-10 03:38:43,809 INFO - ContAudITWrapper#75 - Environment state hash: a7ffc6f8bf1ed76651c14756a061d662f580ff4de43b49fa82d80a4b80f8434a
2024-10-10 03:38:43,809 INFO - ContAudITWrapper#75 - Executing command...
2024-10-10 03:38:47,591 INFO - ContAudITWrapper#75 - Command output: 
2024-10-10 03:38:43.851154333 [executor] Initializing the workflow...
[useradd_workflow] User contaudit75 does not exist. Creating...
[useradd_workflow] User contaudit75 created successfully.
2024-10-10 03:38:47.590700404 [executor] Finished!

2024-10-10 03:38:47,592 INFO - ContAudITWrapper#75 - Running post-command actions...
2024-10-10 03:38:47,596 INFO - ContAudITWrapper#75 - Analyzing current environment state...
2024-10-10 03:38:47,604 INFO - ContAudITWrapper#75 - Saving current environment state...
2024-10-10 03:38:47,606 INFO - ContAudITWrapper#75 - Environment state hash: a7ffc6f8bf1ed76651c14756a061d662f580ff4de43b49fa82d80a4b80f8434a
2024-10-10 03:38:47,607 INFO - ContAudITWrapper#75 - Checking environment diff...
2024-10-10 03:38:47,612 INFO - ContAudITWrapper#75 - Environment diff: 
2024-10-10 03:38:47,612 INFO - ContAudITWrapper#75 - Cleaning temporary files...
2024-10-10 03:38:47,617 INFO - ContAudITWrapper#75 - Sending to blockchain...
2024-10-10 03:38:49,811 INFO - ContAudITWrapper#75 - Response 
2024-10-10 03:38:49,830 INFO - ContAudITWrapper#75 - Finishing ContAudIT Wrapper...
