2024-10-10 03:37:15,867 INFO - ContAudITWrapper#59 - Initializing ContAudIT Wrapper...
2024-10-10 03:37:16,062 INFO - ContAudITWrapper#59 - Current directory: /home/ec2-user/Code/ufrgs-poc/contaudit-wrapper.jar
2024-10-10 03:37:31,533 INFO - ContAudITWrapper#59 - Wrapper hash: b7519188ed863d76e5199a8d880bb968bdf9124fad53b871583787e123a7a764
2024-10-10 03:37:31,541 INFO - ContAudITWrapper#59 - Validating Wrapper...
2024-10-10 03:38:21,332 INFO - ContAudITWrapper#59 - Response true
2024-10-10 03:38:21,483 INFO - ContAudITWrapper#59 - Application hash: e36ee2d35f8c4c41bd358782dfb3ac8852b40439d350ff27616f0c18819ce9bf
2024-10-10 03:38:21,485 INFO - ContAudITWrapper#59 - Validating Application...
2024-10-10 03:38:29,175 INFO - ContAudITWrapper#59 - Response true
2024-10-10 03:38:29,252 INFO - ContAudITWrapper#59 - Artifact user.workflow hash: 52877374d8c54314b7af92814eaf729121e99a87e9706a2888cd9bcd951b11c9
2024-10-10 03:38:29,261 INFO - ContAudITWrapper#59 - Validating Artifact...
2024-10-10 03:38:37,299 INFO - ContAudITWrapper#59 - Response true
2024-10-10 03:38:37,304 INFO - ContAudITWrapper#59 - Running pre-command actions...
2024-10-10 03:38:37,306 INFO - ContAudITWrapper#59 - Analyzing current environment state...
2024-10-10 03:38:37,542 INFO - ContAudITWrapper#59 - Saving current environment state...
2024-10-10 03:38:37,544 INFO - ContAudITWrapper#59 - Environment state hash: a7ffc6f8bf1ed76651c14756a061d662f580ff4de43b49fa82d80a4b80f8434a
2024-10-10 03:38:37,544 INFO - ContAudITWrapper#59 - Executing command...
2024-10-10 03:38:44,687 INFO - ContAudITWrapper#59 - Command output: 
2024-10-10 03:38:37.592523331 [executor] Initializing the workflow...
[useradd_workflow] User contaudit59 already exists. Removing...
[useradd_workflow] User contaudit59 successfully removed.
[useradd_workflow] User contaudit59 created successfully.
2024-10-10 03:38:44.686391353 [executor] Finished!

2024-10-10 03:38:44,687 INFO - ContAudITWrapper#59 - Running post-command actions...
2024-10-10 03:38:44,687 INFO - ContAudITWrapper#59 - Analyzing current environment state...
2024-10-10 03:38:44,694 INFO - ContAudITWrapper#59 - Saving current environment state...
2024-10-10 03:38:44,695 INFO - ContAudITWrapper#59 - Environment state hash: a7ffc6f8bf1ed76651c14756a061d662f580ff4de43b49fa82d80a4b80f8434a
2024-10-10 03:38:44,696 INFO - ContAudITWrapper#59 - Checking environment diff...
2024-10-10 03:38:44,703 INFO - ContAudITWrapper#59 - Environment diff: 
2024-10-10 03:38:44,703 INFO - ContAudITWrapper#59 - Cleaning temporary files...
2024-10-10 03:38:44,709 INFO - ContAudITWrapper#59 - Sending to blockchain...
2024-10-10 03:38:47,805 INFO - ContAudITWrapper#59 - Response 
2024-10-10 03:38:47,813 INFO - ContAudITWrapper#59 - Finishing ContAudIT Wrapper...
