2024-10-10 03:37:15,375 INFO - ContAudITWrapper#50 - Initializing ContAudIT Wrapper...
2024-10-10 03:37:15,494 INFO - ContAudITWrapper#50 - Current directory: /home/ec2-user/Code/ufrgs-poc/contaudit-wrapper.jar
2024-10-10 03:37:30,971 INFO - ContAudITWrapper#50 - Wrapper hash: b7519188ed863d76e5199a8d880bb968bdf9124fad53b871583787e123a7a764
2024-10-10 03:37:31,015 INFO - ContAudITWrapper#50 - Validating Wrapper...
2024-10-10 03:38:23,269 INFO - ContAudITWrapper#50 - Response true
2024-10-10 03:38:23,422 INFO - ContAudITWrapper#50 - Application hash: e36ee2d35f8c4c41bd358782dfb3ac8852b40439d350ff27616f0c18819ce9bf
2024-10-10 03:38:23,423 INFO - ContAudITWrapper#50 - Validating Application...
2024-10-10 03:38:32,526 INFO - ContAudITWrapper#50 - Response true
2024-10-10 03:38:32,556 INFO - ContAudITWrapper#50 - Artifact user.workflow hash: 52877374d8c54314b7af92814eaf729121e99a87e9706a2888cd9bcd951b11c9
2024-10-10 03:38:32,565 INFO - ContAudITWrapper#50 - Validating Artifact...
2024-10-10 03:38:40,373 INFO - ContAudITWrapper#50 - Response true
2024-10-10 03:38:40,390 INFO - ContAudITWrapper#50 - Running pre-command actions...
2024-10-10 03:38:40,391 INFO - ContAudITWrapper#50 - Analyzing current environment state...
2024-10-10 03:38:40,568 INFO - ContAudITWrapper#50 - Saving current environment state...
2024-10-10 03:38:40,569 INFO - ContAudITWrapper#50 - Environment state hash: a7ffc6f8bf1ed76651c14756a061d662f580ff4de43b49fa82d80a4b80f8434a
2024-10-10 03:38:40,570 INFO - ContAudITWrapper#50 - Executing command...
2024-10-10 03:38:49,205 INFO - ContAudITWrapper#50 - Command output: 
2024-10-10 03:38:40.689617718 [executor] Initializing the workflow...
[useradd_workflow] User contaudit50 already exists. Removing...
[useradd_workflow] User contaudit50 successfully removed.
[useradd_workflow] User contaudit50 created successfully.
2024-10-10 03:38:49.205028801 [executor] Finished!

2024-10-10 03:38:49,205 INFO - ContAudITWrapper#50 - Running post-command actions...
2024-10-10 03:38:49,206 INFO - ContAudITWrapper#50 - Analyzing current environment state...
2024-10-10 03:38:49,212 INFO - ContAudITWrapper#50 - Saving current environment state...
2024-10-10 03:38:49,213 INFO - ContAudITWrapper#50 - Environment state hash: a7ffc6f8bf1ed76651c14756a061d662f580ff4de43b49fa82d80a4b80f8434a
2024-10-10 03:38:49,213 INFO - ContAudITWrapper#50 - Checking environment diff...
2024-10-10 03:38:49,217 INFO - ContAudITWrapper#50 - Environment diff: 
2024-10-10 03:38:49,217 INFO - ContAudITWrapper#50 - Cleaning temporary files...
2024-10-10 03:38:49,222 INFO - ContAudITWrapper#50 - Sending to blockchain...
2024-10-10 03:38:52,223 INFO - ContAudITWrapper#50 - Response 
2024-10-10 03:38:52,226 INFO - ContAudITWrapper#50 - Finishing ContAudIT Wrapper...
