2024-10-10 03:37:15,609 INFO - ContAudITWrapper#47 - Initializing ContAudIT Wrapper...
2024-10-10 03:37:15,764 INFO - ContAudITWrapper#47 - Current directory: /home/ec2-user/Code/ufrgs-poc/contaudit-wrapper.jar
2024-10-10 03:37:31,225 INFO - ContAudITWrapper#47 - Wrapper hash: b7519188ed863d76e5199a8d880bb968bdf9124fad53b871583787e123a7a764
2024-10-10 03:37:31,233 INFO - ContAudITWrapper#47 - Validating Wrapper...
2024-10-10 03:38:22,109 INFO - ContAudITWrapper#47 - Response true
2024-10-10 03:38:22,315 INFO - ContAudITWrapper#47 - Application hash: e36ee2d35f8c4c41bd358782dfb3ac8852b40439d350ff27616f0c18819ce9bf
2024-10-10 03:38:22,316 INFO - ContAudITWrapper#47 - Validating Application...
2024-10-10 03:38:32,118 INFO - ContAudITWrapper#47 - Response true
2024-10-10 03:38:32,126 INFO - ContAudITWrapper#47 - Artifact user.workflow hash: 52877374d8c54314b7af92814eaf729121e99a87e9706a2888cd9bcd951b11c9
2024-10-10 03:38:32,139 INFO - ContAudITWrapper#47 - Validating Artifact...
2024-10-10 03:38:42,297 INFO - ContAudITWrapper#47 - Response true
2024-10-10 03:38:42,310 INFO - ContAudITWrapper#47 - Running pre-command actions...
2024-10-10 03:38:42,312 INFO - ContAudITWrapper#47 - Analyzing current environment state...
2024-10-10 03:38:42,434 INFO - ContAudITWrapper#47 - Saving current environment state...
2024-10-10 03:38:42,435 INFO - ContAudITWrapper#47 - Environment state hash: a7ffc6f8bf1ed76651c14756a061d662f580ff4de43b49fa82d80a4b80f8434a
2024-10-10 03:38:42,435 INFO - ContAudITWrapper#47 - Executing command...
2024-10-10 03:38:50,916 INFO - ContAudITWrapper#47 - Command output: 
2024-10-10 03:38:42.540308163 [executor] Initializing the workflow...
[useradd_workflow] User contaudit47 already exists. Removing...
[useradd_workflow] User contaudit47 successfully removed.
[useradd_workflow] User contaudit47 created successfully.
2024-10-10 03:38:50.915479686 [executor] Finished!

2024-10-10 03:38:50,916 INFO - ContAudITWrapper#47 - Running post-command actions...
2024-10-10 03:38:50,916 INFO - ContAudITWrapper#47 - Analyzing current environment state...
2024-10-10 03:38:50,956 INFO - ContAudITWrapper#47 - Saving current environment state...
2024-10-10 03:38:50,957 INFO - ContAudITWrapper#47 - Environment state hash: a7ffc6f8bf1ed76651c14756a061d662f580ff4de43b49fa82d80a4b80f8434a
2024-10-10 03:38:50,957 INFO - ContAudITWrapper#47 - Checking environment diff...
2024-10-10 03:38:50,976 INFO - ContAudITWrapper#47 - Environment diff: 
2024-10-10 03:38:50,976 INFO - ContAudITWrapper#47 - Cleaning temporary files...
2024-10-10 03:38:50,992 INFO - ContAudITWrapper#47 - Sending to blockchain...
2024-10-10 03:38:53,634 INFO - ContAudITWrapper#47 - Response 
2024-10-10 03:38:53,636 INFO - ContAudITWrapper#47 - Finishing ContAudIT Wrapper...
