2024-10-10 03:37:15,943 INFO - ContAudITWrapper#28 - Initializing ContAudIT Wrapper...
2024-10-10 03:37:16,122 INFO - ContAudITWrapper#28 - Current directory: /home/ec2-user/Code/ufrgs-poc/contaudit-wrapper.jar
2024-10-10 03:37:35,342 INFO - ContAudITWrapper#28 - Wrapper hash: b7519188ed863d76e5199a8d880bb968bdf9124fad53b871583787e123a7a764
2024-10-10 03:37:35,413 INFO - ContAudITWrapper#28 - Validating Wrapper...
2024-10-10 03:38:28,668 INFO - ContAudITWrapper#28 - Response true
2024-10-10 03:38:28,738 INFO - ContAudITWrapper#28 - Application hash: e36ee2d35f8c4c41bd358782dfb3ac8852b40439d350ff27616f0c18819ce9bf
2024-10-10 03:38:28,739 INFO - ContAudITWrapper#28 - Validating Application...
2024-10-10 03:38:37,611 INFO - ContAudITWrapper#28 - Response true
2024-10-10 03:38:37,643 INFO - ContAudITWrapper#28 - Artifact user.workflow hash: 52877374d8c54314b7af92814eaf729121e99a87e9706a2888cd9bcd951b11c9
2024-10-10 03:38:37,647 INFO - ContAudITWrapper#28 - Validating Artifact...
2024-10-10 03:38:43,039 INFO - ContAudITWrapper#28 - Response true
2024-10-10 03:38:43,073 INFO - ContAudITWrapper#28 - Running pre-command actions...
2024-10-10 03:38:43,075 INFO - ContAudITWrapper#28 - Analyzing current environment state...
2024-10-10 03:38:43,172 INFO - ContAudITWrapper#28 - Saving current environment state...
2024-10-10 03:38:43,174 INFO - ContAudITWrapper#28 - Environment state hash: a7ffc6f8bf1ed76651c14756a061d662f580ff4de43b49fa82d80a4b80f8434a
2024-10-10 03:38:43,174 INFO - ContAudITWrapper#28 - Executing command...
2024-10-10 03:38:51,454 INFO - ContAudITWrapper#28 - Command output: 
2024-10-10 03:38:43.341128088 [executor] Initializing the workflow...
[useradd_workflow] User contaudit28 already exists. Removing...
[useradd_workflow] User contaudit28 successfully removed.
[useradd_workflow] User contaudit28 created successfully.
2024-10-10 03:38:51.452734562 [executor] Finished!

2024-10-10 03:38:51,454 INFO - ContAudITWrapper#28 - Running post-command actions...
2024-10-10 03:38:51,454 INFO - ContAudITWrapper#28 - Analyzing current environment state...
2024-10-10 03:38:51,487 INFO - ContAudITWrapper#28 - Saving current environment state...
2024-10-10 03:38:51,488 INFO - ContAudITWrapper#28 - Environment state hash: a7ffc6f8bf1ed76651c14756a061d662f580ff4de43b49fa82d80a4b80f8434a
2024-10-10 03:38:51,488 INFO - ContAudITWrapper#28 - Checking environment diff...
2024-10-10 03:38:51,523 INFO - ContAudITWrapper#28 - Environment diff: 
2024-10-10 03:38:51,524 INFO - ContAudITWrapper#28 - Cleaning temporary files...
2024-10-10 03:38:51,533 INFO - ContAudITWrapper#28 - Sending to blockchain...
2024-10-10 03:38:55,121 INFO - ContAudITWrapper#28 - Response 
2024-10-10 03:38:55,124 INFO - ContAudITWrapper#28 - Finishing ContAudIT Wrapper...
