2024-10-10 03:37:14,939 INFO - ContAudITWrapper#34 - Initializing ContAudIT Wrapper...
2024-10-10 03:37:15,122 INFO - ContAudITWrapper#34 - Current directory: /home/ec2-user/Code/ufrgs-poc/contaudit-wrapper.jar
2024-10-10 03:37:33,621 INFO - ContAudITWrapper#34 - Wrapper hash: b7519188ed863d76e5199a8d880bb968bdf9124fad53b871583787e123a7a764
2024-10-10 03:37:33,798 INFO - ContAudITWrapper#34 - Validating Wrapper...
2024-10-10 03:38:23,132 INFO - ContAudITWrapper#34 - Response true
2024-10-10 03:38:23,296 INFO - ContAudITWrapper#34 - Application hash: e36ee2d35f8c4c41bd358782dfb3ac8852b40439d350ff27616f0c18819ce9bf
2024-10-10 03:38:23,296 INFO - ContAudITWrapper#34 - Validating Application...
2024-10-10 03:38:33,384 INFO - ContAudITWrapper#34 - Response true
2024-10-10 03:38:33,395 INFO - ContAudITWrapper#34 - Artifact user.workflow hash: 52877374d8c54314b7af92814eaf729121e99a87e9706a2888cd9bcd951b11c9
2024-10-10 03:38:33,483 INFO - ContAudITWrapper#34 - Validating Artifact...
2024-10-10 03:38:40,864 INFO - ContAudITWrapper#34 - Response true
2024-10-10 03:38:40,871 INFO - ContAudITWrapper#34 - Running pre-command actions...
2024-10-10 03:38:40,872 INFO - ContAudITWrapper#34 - Analyzing current environment state...
2024-10-10 03:38:40,954 INFO - ContAudITWrapper#34 - Saving current environment state...
2024-10-10 03:38:40,955 INFO - ContAudITWrapper#34 - Environment state hash: a7ffc6f8bf1ed76651c14756a061d662f580ff4de43b49fa82d80a4b80f8434a
2024-10-10 03:38:40,955 INFO - ContAudITWrapper#34 - Executing command...
2024-10-10 03:38:50,256 INFO - ContAudITWrapper#34 - Command output: 
2024-10-10 03:38:40.991758456 [executor] Initializing the workflow...
[useradd_workflow] User contaudit34 already exists. Removing...
[useradd_workflow] User contaudit34 successfully removed.
[useradd_workflow] User contaudit34 created successfully.
2024-10-10 03:38:50.255661422 [executor] Finished!

2024-10-10 03:38:50,256 INFO - ContAudITWrapper#34 - Running post-command actions...
2024-10-10 03:38:50,256 INFO - ContAudITWrapper#34 - Analyzing current environment state...
2024-10-10 03:38:50,292 INFO - ContAudITWrapper#34 - Saving current environment state...
2024-10-10 03:38:50,292 INFO - ContAudITWrapper#34 - Environment state hash: a7ffc6f8bf1ed76651c14756a061d662f580ff4de43b49fa82d80a4b80f8434a
2024-10-10 03:38:50,293 INFO - ContAudITWrapper#34 - Checking environment diff...
2024-10-10 03:38:50,306 INFO - ContAudITWrapper#34 - Environment diff: 
2024-10-10 03:38:50,307 INFO - ContAudITWrapper#34 - Cleaning temporary files...
2024-10-10 03:38:50,312 INFO - ContAudITWrapper#34 - Sending to blockchain...
2024-10-10 03:38:53,686 INFO - ContAudITWrapper#34 - Response 
2024-10-10 03:38:53,687 INFO - ContAudITWrapper#34 - Finishing ContAudIT Wrapper...
