2024-10-10 03:37:14,961 INFO - ContAudITWrapper#60 - Initializing ContAudIT Wrapper...
2024-10-10 03:37:15,110 INFO - ContAudITWrapper#60 - Current directory: /home/ec2-user/Code/ufrgs-poc/contaudit-wrapper.jar
2024-10-10 03:37:34,037 INFO - ContAudITWrapper#60 - Wrapper hash: b7519188ed863d76e5199a8d880bb968bdf9124fad53b871583787e123a7a764
2024-10-10 03:37:34,058 INFO - ContAudITWrapper#60 - Validating Wrapper...
2024-10-10 03:38:26,301 INFO - ContAudITWrapper#60 - Response true
2024-10-10 03:38:26,390 INFO - ContAudITWrapper#60 - Application hash: e36ee2d35f8c4c41bd358782dfb3ac8852b40439d350ff27616f0c18819ce9bf
2024-10-10 03:38:26,391 INFO - ContAudITWrapper#60 - Validating Application...
2024-10-10 03:38:38,123 INFO - ContAudITWrapper#60 - Response true
2024-10-10 03:38:38,134 INFO - ContAudITWrapper#60 - Artifact user.workflow hash: 52877374d8c54314b7af92814eaf729121e99a87e9706a2888cd9bcd951b11c9
2024-10-10 03:38:38,154 INFO - ContAudITWrapper#60 - Validating Artifact...
2024-10-10 03:38:44,213 INFO - ContAudITWrapper#60 - Response true
2024-10-10 03:38:44,230 INFO - ContAudITWrapper#60 - Running pre-command actions...
2024-10-10 03:38:44,240 INFO - ContAudITWrapper#60 - Analyzing current environment state...
2024-10-10 03:38:44,316 INFO - ContAudITWrapper#60 - Saving current environment state...
2024-10-10 03:38:44,317 INFO - ContAudITWrapper#60 - Environment state hash: a7ffc6f8bf1ed76651c14756a061d662f580ff4de43b49fa82d80a4b80f8434a
2024-10-10 03:38:44,317 INFO - ContAudITWrapper#60 - Executing command...
2024-10-10 03:38:52,694 INFO - ContAudITWrapper#60 - Command output: 
2024-10-10 03:38:44.375823242 [executor] Initializing the workflow...
[useradd_workflow] User contaudit60 already exists. Removing...
[useradd_workflow] User contaudit60 successfully removed.
[useradd_workflow] User contaudit60 created successfully.
2024-10-10 03:38:52.693527808 [executor] Finished!

2024-10-10 03:38:52,695 INFO - ContAudITWrapper#60 - Running post-command actions...
2024-10-10 03:38:52,695 INFO - ContAudITWrapper#60 - Analyzing current environment state...
2024-10-10 03:38:52,730 INFO - ContAudITWrapper#60 - Saving current environment state...
2024-10-10 03:38:52,731 INFO - ContAudITWrapper#60 - Environment state hash: a7ffc6f8bf1ed76651c14756a061d662f580ff4de43b49fa82d80a4b80f8434a
2024-10-10 03:38:52,731 INFO - ContAudITWrapper#60 - Checking environment diff...
2024-10-10 03:38:52,752 INFO - ContAudITWrapper#60 - Environment diff: 
2024-10-10 03:38:52,752 INFO - ContAudITWrapper#60 - Cleaning temporary files...
2024-10-10 03:38:52,761 INFO - ContAudITWrapper#60 - Sending to blockchain...
2024-10-10 03:38:55,835 INFO - ContAudITWrapper#60 - Response 
2024-10-10 03:38:55,837 INFO - ContAudITWrapper#60 - Finishing ContAudIT Wrapper...
