2024-10-10 03:37:12,830 INFO - ContAudITWrapper#49 - Initializing ContAudIT Wrapper...
2024-10-10 03:37:12,998 INFO - ContAudITWrapper#49 - Current directory: /home/ec2-user/Code/ufrgs-poc/contaudit-wrapper.jar
2024-10-10 03:37:30,447 INFO - ContAudITWrapper#49 - Wrapper hash: b7519188ed863d76e5199a8d880bb968bdf9124fad53b871583787e123a7a764
2024-10-10 03:37:30,469 INFO - ContAudITWrapper#49 - Validating Wrapper...
2024-10-10 03:38:19,426 INFO - ContAudITWrapper#49 - Response true
2024-10-10 03:38:19,666 INFO - ContAudITWrapper#49 - Application hash: e36ee2d35f8c4c41bd358782dfb3ac8852b40439d350ff27616f0c18819ce9bf
2024-10-10 03:38:19,668 INFO - ContAudITWrapper#49 - Validating Application...
2024-10-10 03:38:30,265 INFO - ContAudITWrapper#49 - Response true
2024-10-10 03:38:30,317 INFO - ContAudITWrapper#49 - Artifact user.workflow hash: 52877374d8c54314b7af92814eaf729121e99a87e9706a2888cd9bcd951b11c9
2024-10-10 03:38:30,337 INFO - ContAudITWrapper#49 - Validating Artifact...
2024-10-10 03:38:35,868 INFO - ContAudITWrapper#49 - Response true
2024-10-10 03:38:35,966 INFO - ContAudITWrapper#49 - Running pre-command actions...
2024-10-10 03:38:36,041 INFO - ContAudITWrapper#49 - Analyzing current environment state...
2024-10-10 03:38:36,119 INFO - ContAudITWrapper#49 - Saving current environment state...
2024-10-10 03:38:36,120 INFO - ContAudITWrapper#49 - Environment state hash: a7ffc6f8bf1ed76651c14756a061d662f580ff4de43b49fa82d80a4b80f8434a
2024-10-10 03:38:36,120 INFO - ContAudITWrapper#49 - Executing command...
2024-10-10 03:38:43,388 INFO - ContAudITWrapper#49 - Command output: 
2024-10-10 03:38:36.261234729 [executor] Initializing the workflow...
[useradd_workflow] User contaudit49 already exists. Removing...
[useradd_workflow] User contaudit49 successfully removed.
[useradd_workflow] User contaudit49 created successfully.
2024-10-10 03:38:43.385679762 [executor] Finished!

2024-10-10 03:38:43,388 INFO - ContAudITWrapper#49 - Running post-command actions...
2024-10-10 03:38:43,389 INFO - ContAudITWrapper#49 - Analyzing current environment state...
2024-10-10 03:38:43,438 INFO - ContAudITWrapper#49 - Saving current environment state...
2024-10-10 03:38:43,438 INFO - ContAudITWrapper#49 - Environment state hash: a7ffc6f8bf1ed76651c14756a061d662f580ff4de43b49fa82d80a4b80f8434a
2024-10-10 03:38:43,439 INFO - ContAudITWrapper#49 - Checking environment diff...
2024-10-10 03:38:43,513 INFO - ContAudITWrapper#49 - Environment diff: 
2024-10-10 03:38:43,513 INFO - ContAudITWrapper#49 - Cleaning temporary files...
2024-10-10 03:38:43,550 INFO - ContAudITWrapper#49 - Sending to blockchain...
2024-10-10 03:38:45,888 INFO - ContAudITWrapper#49 - Response 
2024-10-10 03:38:45,892 INFO - ContAudITWrapper#49 - Finishing ContAudIT Wrapper...
