2024-10-10 03:37:15,673 INFO - ContAudITWrapper#46 - Initializing ContAudIT Wrapper...
2024-10-10 03:37:15,855 INFO - ContAudITWrapper#46 - Current directory: /home/ec2-user/Code/ufrgs-poc/contaudit-wrapper.jar
2024-10-10 03:37:35,290 INFO - ContAudITWrapper#46 - Wrapper hash: b7519188ed863d76e5199a8d880bb968bdf9124fad53b871583787e123a7a764
2024-10-10 03:37:35,298 INFO - ContAudITWrapper#46 - Validating Wrapper...
2024-10-10 03:38:26,431 INFO - ContAudITWrapper#46 - Response true
2024-10-10 03:38:26,446 INFO - ContAudITWrapper#46 - Application hash: e36ee2d35f8c4c41bd358782dfb3ac8852b40439d350ff27616f0c18819ce9bf
2024-10-10 03:38:26,447 INFO - ContAudITWrapper#46 - Validating Application...
2024-10-10 03:38:35,085 INFO - ContAudITWrapper#46 - Response true
2024-10-10 03:38:35,092 INFO - ContAudITWrapper#46 - Artifact user.workflow hash: 52877374d8c54314b7af92814eaf729121e99a87e9706a2888cd9bcd951b11c9
2024-10-10 03:38:35,099 INFO - ContAudITWrapper#46 - Validating Artifact...
2024-10-10 03:38:42,177 INFO - ContAudITWrapper#46 - Response true
2024-10-10 03:38:42,184 INFO - ContAudITWrapper#46 - Running pre-command actions...
2024-10-10 03:38:42,185 INFO - ContAudITWrapper#46 - Analyzing current environment state...
2024-10-10 03:38:42,321 INFO - ContAudITWrapper#46 - Saving current environment state...
2024-10-10 03:38:42,322 INFO - ContAudITWrapper#46 - Environment state hash: a7ffc6f8bf1ed76651c14756a061d662f580ff4de43b49fa82d80a4b80f8434a
2024-10-10 03:38:42,322 INFO - ContAudITWrapper#46 - Executing command...
2024-10-10 03:38:50,748 INFO - ContAudITWrapper#46 - Command output: 
2024-10-10 03:38:42.441685966 [executor] Initializing the workflow...
[useradd_workflow] User contaudit46 already exists. Removing...
[useradd_workflow] User contaudit46 successfully removed.
[useradd_workflow] User contaudit46 created successfully.
2024-10-10 03:38:50.747144088 [executor] Finished!

2024-10-10 03:38:50,749 INFO - ContAudITWrapper#46 - Running post-command actions...
2024-10-10 03:38:50,749 INFO - ContAudITWrapper#46 - Analyzing current environment state...
2024-10-10 03:38:50,775 INFO - ContAudITWrapper#46 - Saving current environment state...
2024-10-10 03:38:50,775 INFO - ContAudITWrapper#46 - Environment state hash: a7ffc6f8bf1ed76651c14756a061d662f580ff4de43b49fa82d80a4b80f8434a
2024-10-10 03:38:50,775 INFO - ContAudITWrapper#46 - Checking environment diff...
2024-10-10 03:38:50,780 INFO - ContAudITWrapper#46 - Environment diff: 
2024-10-10 03:38:50,781 INFO - ContAudITWrapper#46 - Cleaning temporary files...
2024-10-10 03:38:50,794 INFO - ContAudITWrapper#46 - Sending to blockchain...
2024-10-10 03:38:55,115 INFO - ContAudITWrapper#46 - Response 
2024-10-10 03:38:55,117 INFO - ContAudITWrapper#46 - Finishing ContAudIT Wrapper...
