2024-10-10 03:37:14,793 INFO - ContAudITWrapper#73 - Initializing ContAudIT Wrapper...
2024-10-10 03:37:14,943 INFO - ContAudITWrapper#73 - Current directory: /home/ec2-user/Code/ufrgs-poc/contaudit-wrapper.jar
2024-10-10 03:37:32,021 INFO - ContAudITWrapper#73 - Wrapper hash: b7519188ed863d76e5199a8d880bb968bdf9124fad53b871583787e123a7a764
2024-10-10 03:37:32,046 INFO - ContAudITWrapper#73 - Validating Wrapper...
2024-10-10 03:38:21,957 INFO - ContAudITWrapper#73 - Response true
2024-10-10 03:38:22,048 INFO - ContAudITWrapper#73 - Application hash: e36ee2d35f8c4c41bd358782dfb3ac8852b40439d350ff27616f0c18819ce9bf
2024-10-10 03:38:22,049 INFO - ContAudITWrapper#73 - Validating Application...
2024-10-10 03:38:32,927 INFO - ContAudITWrapper#73 - Response true
2024-10-10 03:38:32,935 INFO - ContAudITWrapper#73 - Artifact user.workflow hash: 52877374d8c54314b7af92814eaf729121e99a87e9706a2888cd9bcd951b11c9
2024-10-10 03:38:32,966 INFO - ContAudITWrapper#73 - Validating Artifact...
2024-10-10 03:38:41,669 INFO - ContAudITWrapper#73 - Response true
2024-10-10 03:38:41,680 INFO - ContAudITWrapper#73 - Running pre-command actions...
2024-10-10 03:38:41,681 INFO - ContAudITWrapper#73 - Analyzing current environment state...
2024-10-10 03:38:41,818 INFO - ContAudITWrapper#73 - Saving current environment state...
2024-10-10 03:38:41,819 INFO - ContAudITWrapper#73 - Environment state hash: a7ffc6f8bf1ed76651c14756a061d662f580ff4de43b49fa82d80a4b80f8434a
2024-10-10 03:38:41,820 INFO - ContAudITWrapper#73 - Executing command...
2024-10-10 03:38:45,504 INFO - ContAudITWrapper#73 - Command output: 
2024-10-10 03:38:41.847512109 [executor] Initializing the workflow...
[useradd_workflow] User contaudit73 does not exist. Creating...
[useradd_workflow] User contaudit73 created successfully.
2024-10-10 03:38:45.503955429 [executor] Finished!

2024-10-10 03:38:45,505 INFO - ContAudITWrapper#73 - Running post-command actions...
2024-10-10 03:38:45,505 INFO - ContAudITWrapper#73 - Analyzing current environment state...
2024-10-10 03:38:45,513 INFO - ContAudITWrapper#73 - Saving current environment state...
2024-10-10 03:38:45,513 INFO - ContAudITWrapper#73 - Environment state hash: a7ffc6f8bf1ed76651c14756a061d662f580ff4de43b49fa82d80a4b80f8434a
2024-10-10 03:38:45,514 INFO - ContAudITWrapper#73 - Checking environment diff...
2024-10-10 03:38:45,520 INFO - ContAudITWrapper#73 - Environment diff: 
2024-10-10 03:38:45,520 INFO - ContAudITWrapper#73 - Cleaning temporary files...
2024-10-10 03:38:45,526 INFO - ContAudITWrapper#73 - Sending to blockchain...
2024-10-10 03:38:47,776 INFO - ContAudITWrapper#73 - Response 
2024-10-10 03:38:47,784 INFO - ContAudITWrapper#73 - Finishing ContAudIT Wrapper...
