2024-10-11 05:37:09,313 INFO - ContAudITWrapper#51 - Initializing ContAudIT Wrapper...
2024-10-11 05:37:09,485 INFO - ContAudITWrapper#51 - Current directory: /home/ec2-user/Code/ufrgs-poc/contaudit-wrapper.jar
2024-10-11 05:37:31,840 INFO - ContAudITWrapper#51 - Wrapper hash: b7519188ed863d76e5199a8d880bb968bdf9124fad53b871583787e123a7a764
2024-10-11 05:37:31,908 INFO - ContAudITWrapper#51 - Validating Wrapper...
2024-10-11 05:38:39,767 INFO - ContAudITWrapper#51 - Response true
2024-10-11 05:38:40,028 INFO - ContAudITWrapper#51 - Application hash: e36ee2d35f8c4c41bd358782dfb3ac8852b40439d350ff27616f0c18819ce9bf
2024-10-11 05:38:40,030 INFO - ContAudITWrapper#51 - Validating Application...
2024-10-11 05:38:53,814 INFO - ContAudITWrapper#51 - Response true
2024-10-11 05:38:53,824 INFO - ContAudITWrapper#51 - Artifact apache2.workflow hash: bdb4cee855e21446b6ae53ddcb76a1632ef8c4545b5db0517e01ffd552157f6e
2024-10-11 05:38:53,839 INFO - ContAudITWrapper#51 - Validating Artifact...
2024-10-11 05:39:06,316 INFO - ContAudITWrapper#51 - Response true
2024-10-11 05:39:06,380 INFO - ContAudITWrapper#51 - Running pre-command actions...
2024-10-11 05:39:06,381 INFO - ContAudITWrapper#51 - Analyzing current environment state...
2024-10-11 05:39:06,498 INFO - ContAudITWrapper#51 - Saving current environment state...
2024-10-11 05:39:06,499 INFO - ContAudITWrapper#51 - Environment state hash: a7ffc6f8bf1ed76651c14756a061d662f580ff4de43b49fa82d80a4b80f8434a
2024-10-11 05:39:06,500 INFO - ContAudITWrapper#51 - Executing command...
2024-10-11 05:39:08,032 INFO - ContAudITWrapper#51 - Command output: 
2024-10-11 05:39:06.641503341 [executor] Initializing the workflow...
[apache2_workflow] Apache HTTP Server already installed.
[apache2_workflow] UserDir module already loaded.
[apache2_workflow] Configs to UserDir already exist.
[apache2_workflow] public_html directory already exists in /home/ec2-user.
[apache2_workflow] Creating a simple webpage...
[apache2_workflow] Moving webpage to Apache HTTP Server user website folder...
[apache2_workflow] Page moved successfully!
2024-10-11 05:39:08.031780048 [executor] Finished!

2024-10-11 05:39:08,033 INFO - ContAudITWrapper#51 - Running post-command actions...
2024-10-11 05:39:08,033 INFO - ContAudITWrapper#51 - Analyzing current environment state...
2024-10-11 05:39:08,159 INFO - ContAudITWrapper#51 - Saving current environment state...
2024-10-11 05:39:08,160 INFO - ContAudITWrapper#51 - Environment state hash: a7ffc6f8bf1ed76651c14756a061d662f580ff4de43b49fa82d80a4b80f8434a
2024-10-11 05:39:08,160 INFO - ContAudITWrapper#51 - Checking environment diff...
2024-10-11 05:39:08,255 INFO - ContAudITWrapper#51 - Environment diff: 
2024-10-11 05:39:08,255 INFO - ContAudITWrapper#51 - Cleaning temporary files...
2024-10-11 05:39:08,335 INFO - ContAudITWrapper#51 - Sending to blockchain...
2024-10-11 05:39:21,656 INFO - ContAudITWrapper#51 - Response 
2024-10-11 05:39:21,657 INFO - ContAudITWrapper#51 - Finishing ContAudIT Wrapper...
