2024-10-11 05:37:10,992 INFO - ContAudITWrapper#7 - Initializing ContAudIT Wrapper...
2024-10-11 05:37:11,250 INFO - ContAudITWrapper#7 - Current directory: /home/ec2-user/Code/ufrgs-poc/contaudit-wrapper.jar
2024-10-11 05:37:37,472 INFO - ContAudITWrapper#7 - Wrapper hash: b7519188ed863d76e5199a8d880bb968bdf9124fad53b871583787e123a7a764
2024-10-11 05:37:37,479 INFO - ContAudITWrapper#7 - Validating Wrapper...
2024-10-11 05:38:46,837 INFO - ContAudITWrapper#7 - Response true
2024-10-11 05:38:46,952 INFO - ContAudITWrapper#7 - Application hash: e36ee2d35f8c4c41bd358782dfb3ac8852b40439d350ff27616f0c18819ce9bf
2024-10-11 05:38:46,953 INFO - ContAudITWrapper#7 - Validating Application...
2024-10-11 05:39:01,712 INFO - ContAudITWrapper#7 - Response true
2024-10-11 05:39:01,747 INFO - ContAudITWrapper#7 - Artifact apache2.workflow hash: bdb4cee855e21446b6ae53ddcb76a1632ef8c4545b5db0517e01ffd552157f6e
2024-10-11 05:39:01,783 INFO - ContAudITWrapper#7 - Validating Artifact...
2024-10-11 05:39:15,207 INFO - ContAudITWrapper#7 - Response true
2024-10-11 05:39:15,219 INFO - ContAudITWrapper#7 - Running pre-command actions...
2024-10-11 05:39:15,225 INFO - ContAudITWrapper#7 - Analyzing current environment state...
2024-10-11 05:39:15,358 INFO - ContAudITWrapper#7 - Saving current environment state...
2024-10-11 05:39:15,359 INFO - ContAudITWrapper#7 - Environment state hash: a7ffc6f8bf1ed76651c14756a061d662f580ff4de43b49fa82d80a4b80f8434a
2024-10-11 05:39:15,360 INFO - ContAudITWrapper#7 - Executing command...
2024-10-11 05:39:16,675 INFO - ContAudITWrapper#7 - Command output: 
2024-10-11 05:39:15.451268788 [executor] Initializing the workflow...
[apache2_workflow] Apache HTTP Server already installed.
[apache2_workflow] UserDir module already loaded.
[apache2_workflow] Configs to UserDir already exist.
[apache2_workflow] public_html directory already exists in /home/ec2-user.
[apache2_workflow] Creating a simple webpage...
[apache2_workflow] Moving webpage to Apache HTTP Server user website folder...
[apache2_workflow] Page moved successfully!
2024-10-11 05:39:16.674193659 [executor] Finished!

2024-10-11 05:39:16,675 INFO - ContAudITWrapper#7 - Running post-command actions...
2024-10-11 05:39:16,675 INFO - ContAudITWrapper#7 - Analyzing current environment state...
2024-10-11 05:39:16,794 INFO - ContAudITWrapper#7 - Saving current environment state...
2024-10-11 05:39:16,794 INFO - ContAudITWrapper#7 - Environment state hash: a7ffc6f8bf1ed76651c14756a061d662f580ff4de43b49fa82d80a4b80f8434a
2024-10-11 05:39:16,794 INFO - ContAudITWrapper#7 - Checking environment diff...
2024-10-11 05:39:16,820 INFO - ContAudITWrapper#7 - Environment diff: 
2024-10-11 05:39:16,820 INFO - ContAudITWrapper#7 - Cleaning temporary files...
2024-10-11 05:39:16,995 INFO - ContAudITWrapper#7 - Sending to blockchain...
2024-10-11 05:39:27,511 INFO - ContAudITWrapper#7 - Response 
2024-10-11 05:39:27,512 INFO - ContAudITWrapper#7 - Finishing ContAudIT Wrapper...
