2024-10-11 05:37:08,789 INFO - ContAudITWrapper#59 - Initializing ContAudIT Wrapper...
2024-10-11 05:37:09,033 INFO - ContAudITWrapper#59 - Current directory: /home/ec2-user/Code/ufrgs-poc/contaudit-wrapper.jar
2024-10-11 05:37:34,241 INFO - ContAudITWrapper#59 - Wrapper hash: b7519188ed863d76e5199a8d880bb968bdf9124fad53b871583787e123a7a764
2024-10-11 05:37:34,276 INFO - ContAudITWrapper#59 - Validating Wrapper...
2024-10-11 05:38:45,119 INFO - ContAudITWrapper#59 - Response true
2024-10-11 05:38:45,280 INFO - ContAudITWrapper#59 - Application hash: e36ee2d35f8c4c41bd358782dfb3ac8852b40439d350ff27616f0c18819ce9bf
2024-10-11 05:38:45,291 INFO - ContAudITWrapper#59 - Validating Application...
2024-10-11 05:38:58,482 INFO - ContAudITWrapper#59 - Response true
2024-10-11 05:38:58,497 INFO - ContAudITWrapper#59 - Artifact apache2.workflow hash: bdb4cee855e21446b6ae53ddcb76a1632ef8c4545b5db0517e01ffd552157f6e
2024-10-11 05:38:58,618 INFO - ContAudITWrapper#59 - Validating Artifact...
2024-10-11 05:39:10,056 INFO - ContAudITWrapper#59 - Response true
2024-10-11 05:39:10,058 INFO - ContAudITWrapper#59 - Running pre-command actions...
2024-10-11 05:39:10,059 INFO - ContAudITWrapper#59 - Analyzing current environment state...
2024-10-11 05:39:10,317 INFO - ContAudITWrapper#59 - Saving current environment state...
2024-10-11 05:39:10,318 INFO - ContAudITWrapper#59 - Environment state hash: a7ffc6f8bf1ed76651c14756a061d662f580ff4de43b49fa82d80a4b80f8434a
2024-10-11 05:39:10,318 INFO - ContAudITWrapper#59 - Executing command...
2024-10-11 05:39:11,431 INFO - ContAudITWrapper#59 - Command output: 
2024-10-11 05:39:10.518070662 [executor] Initializing the workflow...
[apache2_workflow] Apache HTTP Server already installed.
[apache2_workflow] UserDir module already loaded.
[apache2_workflow] Configs to UserDir already exist.
[apache2_workflow] public_html directory already exists in /home/ec2-user.
[apache2_workflow] Creating a simple webpage...
[apache2_workflow] Moving webpage to Apache HTTP Server user website folder...
[apache2_workflow] Page moved successfully!
2024-10-11 05:39:11.427888448 [executor] Finished!

2024-10-11 05:39:11,431 INFO - ContAudITWrapper#59 - Running post-command actions...
2024-10-11 05:39:11,431 INFO - ContAudITWrapper#59 - Analyzing current environment state...
2024-10-11 05:39:11,549 INFO - ContAudITWrapper#59 - Saving current environment state...
2024-10-11 05:39:11,550 INFO - ContAudITWrapper#59 - Environment state hash: a7ffc6f8bf1ed76651c14756a061d662f580ff4de43b49fa82d80a4b80f8434a
2024-10-11 05:39:11,550 INFO - ContAudITWrapper#59 - Checking environment diff...
2024-10-11 05:39:11,615 INFO - ContAudITWrapper#59 - Environment diff: 
2024-10-11 05:39:11,616 INFO - ContAudITWrapper#59 - Cleaning temporary files...
2024-10-11 05:39:11,661 INFO - ContAudITWrapper#59 - Sending to blockchain...
2024-10-11 05:39:23,962 INFO - ContAudITWrapper#59 - Response 
2024-10-11 05:39:23,963 INFO - ContAudITWrapper#59 - Finishing ContAudIT Wrapper...
