2024-10-11 05:37:10,937 INFO - ContAudITWrapper#55 - Initializing ContAudIT Wrapper...
2024-10-11 05:37:11,117 INFO - ContAudITWrapper#55 - Current directory: /home/ec2-user/Code/ufrgs-poc/contaudit-wrapper.jar
2024-10-11 05:37:29,826 INFO - ContAudITWrapper#55 - Wrapper hash: b7519188ed863d76e5199a8d880bb968bdf9124fad53b871583787e123a7a764
2024-10-11 05:37:29,835 INFO - ContAudITWrapper#55 - Validating Wrapper...
2024-10-11 05:38:35,375 INFO - ContAudITWrapper#55 - Response true
2024-10-11 05:38:35,614 INFO - ContAudITWrapper#55 - Application hash: e36ee2d35f8c4c41bd358782dfb3ac8852b40439d350ff27616f0c18819ce9bf
2024-10-11 05:38:35,667 INFO - ContAudITWrapper#55 - Validating Application...
2024-10-11 05:38:50,952 INFO - ContAudITWrapper#55 - Response true
2024-10-11 05:38:50,967 INFO - ContAudITWrapper#55 - Artifact apache2.workflow hash: bdb4cee855e21446b6ae53ddcb76a1632ef8c4545b5db0517e01ffd552157f6e
2024-10-11 05:38:50,978 INFO - ContAudITWrapper#55 - Validating Artifact...
2024-10-11 05:39:04,007 INFO - ContAudITWrapper#55 - Response true
2024-10-11 05:39:04,008 INFO - ContAudITWrapper#55 - Running pre-command actions...
2024-10-11 05:39:04,009 INFO - ContAudITWrapper#55 - Analyzing current environment state...
2024-10-11 05:39:04,301 INFO - ContAudITWrapper#55 - Saving current environment state...
2024-10-11 05:39:04,302 INFO - ContAudITWrapper#55 - Environment state hash: a7ffc6f8bf1ed76651c14756a061d662f580ff4de43b49fa82d80a4b80f8434a
2024-10-11 05:39:04,302 INFO - ContAudITWrapper#55 - Executing command...
2024-10-11 05:39:05,479 INFO - ContAudITWrapper#55 - Command output: 
2024-10-11 05:39:04.447640770 [executor] Initializing the workflow...
[apache2_workflow] Apache HTTP Server already installed.
[apache2_workflow] UserDir module already loaded.
[apache2_workflow] Configs to UserDir already exist.
[apache2_workflow] public_html directory already exists in /home/ec2-user.
[apache2_workflow] Creating a simple webpage...
[apache2_workflow] Moving webpage to Apache HTTP Server user website folder...
[apache2_workflow] Page moved successfully!
2024-10-11 05:39:05.478803119 [executor] Finished!

2024-10-11 05:39:05,481 INFO - ContAudITWrapper#55 - Running post-command actions...
2024-10-11 05:39:05,481 INFO - ContAudITWrapper#55 - Analyzing current environment state...
2024-10-11 05:39:05,579 INFO - ContAudITWrapper#55 - Saving current environment state...
2024-10-11 05:39:05,580 INFO - ContAudITWrapper#55 - Environment state hash: a7ffc6f8bf1ed76651c14756a061d662f580ff4de43b49fa82d80a4b80f8434a
2024-10-11 05:39:05,580 INFO - ContAudITWrapper#55 - Checking environment diff...
2024-10-11 05:39:05,685 INFO - ContAudITWrapper#55 - Environment diff: 
2024-10-11 05:39:05,685 INFO - ContAudITWrapper#55 - Cleaning temporary files...
2024-10-11 05:39:05,749 INFO - ContAudITWrapper#55 - Sending to blockchain...
2024-10-11 05:39:17,710 INFO - ContAudITWrapper#55 - Response 
2024-10-11 05:39:17,711 INFO - ContAudITWrapper#55 - Finishing ContAudIT Wrapper...
