2024-10-11 05:37:10,098 INFO - ContAudITWrapper#76 - Initializing ContAudIT Wrapper...
2024-10-11 05:37:10,357 INFO - ContAudITWrapper#76 - Current directory: /home/ec2-user/Code/ufrgs-poc/contaudit-wrapper.jar
2024-10-11 05:37:34,355 INFO - ContAudITWrapper#76 - Wrapper hash: b7519188ed863d76e5199a8d880bb968bdf9124fad53b871583787e123a7a764
2024-10-11 05:37:34,363 INFO - ContAudITWrapper#76 - Validating Wrapper...
2024-10-11 05:38:43,833 INFO - ContAudITWrapper#76 - Response true
2024-10-11 05:38:44,047 INFO - ContAudITWrapper#76 - Application hash: e36ee2d35f8c4c41bd358782dfb3ac8852b40439d350ff27616f0c18819ce9bf
2024-10-11 05:38:44,049 INFO - ContAudITWrapper#76 - Validating Application...
2024-10-11 05:38:58,988 INFO - ContAudITWrapper#76 - Response true
2024-10-11 05:38:58,996 INFO - ContAudITWrapper#76 - Artifact apache2.workflow hash: bdb4cee855e21446b6ae53ddcb76a1632ef8c4545b5db0517e01ffd552157f6e
2024-10-11 05:38:59,010 INFO - ContAudITWrapper#76 - Validating Artifact...
2024-10-11 05:39:10,936 INFO - ContAudITWrapper#76 - Response true
2024-10-11 05:39:10,942 INFO - ContAudITWrapper#76 - Running pre-command actions...
2024-10-11 05:39:10,943 INFO - ContAudITWrapper#76 - Analyzing current environment state...
2024-10-11 05:39:11,067 INFO - ContAudITWrapper#76 - Saving current environment state...
2024-10-11 05:39:11,068 INFO - ContAudITWrapper#76 - Environment state hash: a7ffc6f8bf1ed76651c14756a061d662f580ff4de43b49fa82d80a4b80f8434a
2024-10-11 05:39:11,069 INFO - ContAudITWrapper#76 - Executing command...
2024-10-11 05:39:12,768 INFO - ContAudITWrapper#76 - Command output: 
2024-10-11 05:39:11.277365068 [executor] Initializing the workflow...
[apache2_workflow] Apache HTTP Server already installed.
[apache2_workflow] UserDir module already loaded.
[apache2_workflow] Configs to UserDir already exist.
[apache2_workflow] public_html directory already exists in /home/ec2-user.
[apache2_workflow] Creating a simple webpage...
[apache2_workflow] Moving webpage to Apache HTTP Server user website folder...
[apache2_workflow] Page moved successfully!
2024-10-11 05:39:12.767821714 [executor] Finished!

2024-10-11 05:39:12,769 INFO - ContAudITWrapper#76 - Running post-command actions...
2024-10-11 05:39:12,769 INFO - ContAudITWrapper#76 - Analyzing current environment state...
2024-10-11 05:39:12,833 INFO - ContAudITWrapper#76 - Saving current environment state...
2024-10-11 05:39:12,835 INFO - ContAudITWrapper#76 - Environment state hash: a7ffc6f8bf1ed76651c14756a061d662f580ff4de43b49fa82d80a4b80f8434a
2024-10-11 05:39:12,836 INFO - ContAudITWrapper#76 - Checking environment diff...
2024-10-11 05:39:12,909 INFO - ContAudITWrapper#76 - Environment diff: 
2024-10-11 05:39:12,910 INFO - ContAudITWrapper#76 - Cleaning temporary files...
2024-10-11 05:39:13,010 INFO - ContAudITWrapper#76 - Sending to blockchain...
2024-10-11 05:39:25,032 INFO - ContAudITWrapper#76 - Response 
2024-10-11 05:39:25,033 INFO - ContAudITWrapper#76 - Finishing ContAudIT Wrapper...
