2024-10-11 05:37:10,074 INFO - ContAudITWrapper#10 - Initializing ContAudIT Wrapper...
2024-10-11 05:37:10,259 INFO - ContAudITWrapper#10 - Current directory: /home/ec2-user/Code/ufrgs-poc/contaudit-wrapper.jar
2024-10-11 05:37:35,302 INFO - ContAudITWrapper#10 - Wrapper hash: b7519188ed863d76e5199a8d880bb968bdf9124fad53b871583787e123a7a764
2024-10-11 05:37:35,389 INFO - ContAudITWrapper#10 - Validating Wrapper...
2024-10-11 05:38:44,230 INFO - ContAudITWrapper#10 - Response true
2024-10-11 05:38:44,357 INFO - ContAudITWrapper#10 - Application hash: e36ee2d35f8c4c41bd358782dfb3ac8852b40439d350ff27616f0c18819ce9bf
2024-10-11 05:38:44,358 INFO - ContAudITWrapper#10 - Validating Application...
2024-10-11 05:38:55,748 INFO - ContAudITWrapper#10 - Response true
2024-10-11 05:38:55,756 INFO - ContAudITWrapper#10 - Artifact apache2.workflow hash: bdb4cee855e21446b6ae53ddcb76a1632ef8c4545b5db0517e01ffd552157f6e
2024-10-11 05:38:55,765 INFO - ContAudITWrapper#10 - Validating Artifact...
2024-10-11 05:39:11,460 INFO - ContAudITWrapper#10 - Response true
2024-10-11 05:39:11,471 INFO - ContAudITWrapper#10 - Running pre-command actions...
2024-10-11 05:39:11,472 INFO - ContAudITWrapper#10 - Analyzing current environment state...
2024-10-11 05:39:11,656 INFO - ContAudITWrapper#10 - Saving current environment state...
2024-10-11 05:39:11,657 INFO - ContAudITWrapper#10 - Environment state hash: a7ffc6f8bf1ed76651c14756a061d662f580ff4de43b49fa82d80a4b80f8434a
2024-10-11 05:39:11,658 INFO - ContAudITWrapper#10 - Executing command...
2024-10-11 05:39:13,641 INFO - ContAudITWrapper#10 - Command output: 
2024-10-11 05:39:11.778379084 [executor] Initializing the workflow...
[apache2_workflow] Apache HTTP Server already installed.
[apache2_workflow] UserDir module already loaded.
[apache2_workflow] Configs to UserDir already exist.
[apache2_workflow] public_html directory already exists in /home/ec2-user.
[apache2_workflow] Creating a simple webpage...
[apache2_workflow] Moving webpage to Apache HTTP Server user website folder...
[apache2_workflow] Page moved successfully!
2024-10-11 05:39:13.640225191 [executor] Finished!

2024-10-11 05:39:13,641 INFO - ContAudITWrapper#10 - Running post-command actions...
2024-10-11 05:39:13,641 INFO - ContAudITWrapper#10 - Analyzing current environment state...
2024-10-11 05:39:13,731 INFO - ContAudITWrapper#10 - Saving current environment state...
2024-10-11 05:39:13,732 INFO - ContAudITWrapper#10 - Environment state hash: a7ffc6f8bf1ed76651c14756a061d662f580ff4de43b49fa82d80a4b80f8434a
2024-10-11 05:39:13,732 INFO - ContAudITWrapper#10 - Checking environment diff...
2024-10-11 05:39:13,825 INFO - ContAudITWrapper#10 - Environment diff: 
2024-10-11 05:39:13,826 INFO - ContAudITWrapper#10 - Cleaning temporary files...
2024-10-11 05:39:13,924 INFO - ContAudITWrapper#10 - Sending to blockchain...
2024-10-11 05:39:25,170 INFO - ContAudITWrapper#10 - Response 
2024-10-11 05:39:25,171 INFO - ContAudITWrapper#10 - Finishing ContAudIT Wrapper...
