2024-10-11 05:37:10,160 INFO - ContAudITWrapper#74 - Initializing ContAudIT Wrapper...
2024-10-11 05:37:10,339 INFO - ContAudITWrapper#74 - Current directory: /home/ec2-user/Code/ufrgs-poc/contaudit-wrapper.jar
2024-10-11 05:37:35,868 INFO - ContAudITWrapper#74 - Wrapper hash: b7519188ed863d76e5199a8d880bb968bdf9124fad53b871583787e123a7a764
2024-10-11 05:37:36,004 INFO - ContAudITWrapper#74 - Validating Wrapper...
2024-10-11 05:38:45,498 INFO - ContAudITWrapper#74 - Response true
2024-10-11 05:38:45,769 INFO - ContAudITWrapper#74 - Application hash: e36ee2d35f8c4c41bd358782dfb3ac8852b40439d350ff27616f0c18819ce9bf
2024-10-11 05:38:45,771 INFO - ContAudITWrapper#74 - Validating Application...
2024-10-11 05:38:56,797 INFO - ContAudITWrapper#74 - Response true
2024-10-11 05:38:56,821 INFO - ContAudITWrapper#74 - Artifact apache2.workflow hash: bdb4cee855e21446b6ae53ddcb76a1632ef8c4545b5db0517e01ffd552157f6e
2024-10-11 05:38:56,831 INFO - ContAudITWrapper#74 - Validating Artifact...
2024-10-11 05:39:08,220 INFO - ContAudITWrapper#74 - Response true
2024-10-11 05:39:08,279 INFO - ContAudITWrapper#74 - Running pre-command actions...
2024-10-11 05:39:08,280 INFO - ContAudITWrapper#74 - Analyzing current environment state...
2024-10-11 05:39:08,512 INFO - ContAudITWrapper#74 - Saving current environment state...
2024-10-11 05:39:08,513 INFO - ContAudITWrapper#74 - Environment state hash: a7ffc6f8bf1ed76651c14756a061d662f580ff4de43b49fa82d80a4b80f8434a
2024-10-11 05:39:08,513 INFO - ContAudITWrapper#74 - Executing command...
2024-10-11 05:39:10,176 INFO - ContAudITWrapper#74 - Command output: 
2024-10-11 05:39:08.547898546 [executor] Initializing the workflow...
[apache2_workflow] Apache HTTP Server already installed.
[apache2_workflow] UserDir module already loaded.
[apache2_workflow] Configs to UserDir already exist.
[apache2_workflow] public_html directory already exists in /home/ec2-user.
[apache2_workflow] Creating a simple webpage...
[apache2_workflow] Moving webpage to Apache HTTP Server user website folder...
[apache2_workflow] Page moved successfully!
2024-10-11 05:39:10.175486037 [executor] Finished!

2024-10-11 05:39:10,176 INFO - ContAudITWrapper#74 - Running post-command actions...
2024-10-11 05:39:10,177 INFO - ContAudITWrapper#74 - Analyzing current environment state...
2024-10-11 05:39:10,256 INFO - ContAudITWrapper#74 - Saving current environment state...
2024-10-11 05:39:10,257 INFO - ContAudITWrapper#74 - Environment state hash: a7ffc6f8bf1ed76651c14756a061d662f580ff4de43b49fa82d80a4b80f8434a
2024-10-11 05:39:10,257 INFO - ContAudITWrapper#74 - Checking environment diff...
2024-10-11 05:39:10,367 INFO - ContAudITWrapper#74 - Environment diff: 
2024-10-11 05:39:10,367 INFO - ContAudITWrapper#74 - Cleaning temporary files...
2024-10-11 05:39:10,445 INFO - ContAudITWrapper#74 - Sending to blockchain...
2024-10-11 05:39:24,784 INFO - ContAudITWrapper#74 - Response 
2024-10-11 05:39:24,785 INFO - ContAudITWrapper#74 - Finishing ContAudIT Wrapper...
