2024-10-11 05:37:10,724 INFO - ContAudITWrapper#65 - Initializing ContAudIT Wrapper...
2024-10-11 05:37:10,965 INFO - ContAudITWrapper#65 - Current directory: /home/ec2-user/Code/ufrgs-poc/contaudit-wrapper.jar
2024-10-11 05:37:33,893 INFO - ContAudITWrapper#65 - Wrapper hash: b7519188ed863d76e5199a8d880bb968bdf9124fad53b871583787e123a7a764
2024-10-11 05:37:33,967 INFO - ContAudITWrapper#65 - Validating Wrapper...
2024-10-11 05:38:38,026 INFO - ContAudITWrapper#65 - Response true
2024-10-11 05:38:38,048 INFO - ContAudITWrapper#65 - Application hash: e36ee2d35f8c4c41bd358782dfb3ac8852b40439d350ff27616f0c18819ce9bf
2024-10-11 05:38:38,049 INFO - ContAudITWrapper#65 - Validating Application...
2024-10-11 05:38:53,453 INFO - ContAudITWrapper#65 - Response true
2024-10-11 05:38:53,471 INFO - ContAudITWrapper#65 - Artifact apache2.workflow hash: bdb4cee855e21446b6ae53ddcb76a1632ef8c4545b5db0517e01ffd552157f6e
2024-10-11 05:38:53,487 INFO - ContAudITWrapper#65 - Validating Artifact...
2024-10-11 05:39:05,976 INFO - ContAudITWrapper#65 - Response true
2024-10-11 05:39:06,000 INFO - ContAudITWrapper#65 - Running pre-command actions...
2024-10-11 05:39:06,001 INFO - ContAudITWrapper#65 - Analyzing current environment state...
2024-10-11 05:39:06,219 INFO - ContAudITWrapper#65 - Saving current environment state...
2024-10-11 05:39:06,220 INFO - ContAudITWrapper#65 - Environment state hash: a7ffc6f8bf1ed76651c14756a061d662f580ff4de43b49fa82d80a4b80f8434a
2024-10-11 05:39:06,220 INFO - ContAudITWrapper#65 - Executing command...
2024-10-11 05:39:08,300 INFO - ContAudITWrapper#65 - Command output: 
2024-10-11 05:39:06.497077776 [executor] Initializing the workflow...
[apache2_workflow] Apache HTTP Server already installed.
[apache2_workflow] UserDir module already loaded.
[apache2_workflow] Configs to UserDir already exist.
[apache2_workflow] public_html directory already exists in /home/ec2-user.
[apache2_workflow] Creating a simple webpage...
[apache2_workflow] Moving webpage to Apache HTTP Server user website folder...
[apache2_workflow] Page moved successfully!
2024-10-11 05:39:08.299028419 [executor] Finished!

2024-10-11 05:39:08,300 INFO - ContAudITWrapper#65 - Running post-command actions...
2024-10-11 05:39:08,300 INFO - ContAudITWrapper#65 - Analyzing current environment state...
2024-10-11 05:39:08,461 INFO - ContAudITWrapper#65 - Saving current environment state...
2024-10-11 05:39:08,463 INFO - ContAudITWrapper#65 - Environment state hash: a7ffc6f8bf1ed76651c14756a061d662f580ff4de43b49fa82d80a4b80f8434a
2024-10-11 05:39:08,463 INFO - ContAudITWrapper#65 - Checking environment diff...
2024-10-11 05:39:08,596 INFO - ContAudITWrapper#65 - Environment diff: 
2024-10-11 05:39:08,596 INFO - ContAudITWrapper#65 - Cleaning temporary files...
2024-10-11 05:39:08,609 INFO - ContAudITWrapper#65 - Sending to blockchain...
2024-10-11 05:39:24,786 INFO - ContAudITWrapper#65 - Response 
2024-10-11 05:39:24,787 INFO - ContAudITWrapper#65 - Finishing ContAudIT Wrapper...
