2024-10-11 05:37:11,122 INFO - ContAudITWrapper#93 - Initializing ContAudIT Wrapper...
2024-10-11 05:37:11,347 INFO - ContAudITWrapper#93 - Current directory: /home/ec2-user/Code/ufrgs-poc/contaudit-wrapper.jar
2024-10-11 05:37:33,981 INFO - ContAudITWrapper#93 - Wrapper hash: b7519188ed863d76e5199a8d880bb968bdf9124fad53b871583787e123a7a764
2024-10-11 05:37:34,018 INFO - ContAudITWrapper#93 - Validating Wrapper...
2024-10-11 05:38:46,285 INFO - ContAudITWrapper#93 - Response true
2024-10-11 05:38:46,422 INFO - ContAudITWrapper#93 - Application hash: e36ee2d35f8c4c41bd358782dfb3ac8852b40439d350ff27616f0c18819ce9bf
2024-10-11 05:38:46,423 INFO - ContAudITWrapper#93 - Validating Application...
2024-10-11 05:39:00,031 INFO - ContAudITWrapper#93 - Response true
2024-10-11 05:39:00,035 INFO - ContAudITWrapper#93 - Artifact apache2.workflow hash: bdb4cee855e21446b6ae53ddcb76a1632ef8c4545b5db0517e01ffd552157f6e
2024-10-11 05:39:00,053 INFO - ContAudITWrapper#93 - Validating Artifact...
2024-10-11 05:39:11,157 INFO - ContAudITWrapper#93 - Response true
2024-10-11 05:39:11,164 INFO - ContAudITWrapper#93 - Running pre-command actions...
2024-10-11 05:39:11,165 INFO - ContAudITWrapper#93 - Analyzing current environment state...
2024-10-11 05:39:11,350 INFO - ContAudITWrapper#93 - Saving current environment state...
2024-10-11 05:39:11,351 INFO - ContAudITWrapper#93 - Environment state hash: a7ffc6f8bf1ed76651c14756a061d662f580ff4de43b49fa82d80a4b80f8434a
2024-10-11 05:39:11,351 INFO - ContAudITWrapper#93 - Executing command...
2024-10-11 05:39:13,142 INFO - ContAudITWrapper#93 - Command output: 
2024-10-11 05:39:11.471987017 [executor] Initializing the workflow...
[apache2_workflow] Apache HTTP Server already installed.
[apache2_workflow] UserDir module already loaded.
[apache2_workflow] Configs to UserDir already exist.
[apache2_workflow] public_html directory already exists in /home/ec2-user.
[apache2_workflow] Creating a simple webpage...
[apache2_workflow] Moving webpage to Apache HTTP Server user website folder...
[apache2_workflow] Page moved successfully!
2024-10-11 05:39:13.141425059 [executor] Finished!

2024-10-11 05:39:13,142 INFO - ContAudITWrapper#93 - Running post-command actions...
2024-10-11 05:39:13,142 INFO - ContAudITWrapper#93 - Analyzing current environment state...
2024-10-11 05:39:13,268 INFO - ContAudITWrapper#93 - Saving current environment state...
2024-10-11 05:39:13,269 INFO - ContAudITWrapper#93 - Environment state hash: a7ffc6f8bf1ed76651c14756a061d662f580ff4de43b49fa82d80a4b80f8434a
2024-10-11 05:39:13,269 INFO - ContAudITWrapper#93 - Checking environment diff...
2024-10-11 05:39:13,347 INFO - ContAudITWrapper#93 - Environment diff: 
2024-10-11 05:39:13,347 INFO - ContAudITWrapper#93 - Cleaning temporary files...
2024-10-11 05:39:13,362 INFO - ContAudITWrapper#93 - Sending to blockchain...
2024-10-11 05:39:23,493 INFO - ContAudITWrapper#93 - Response 
2024-10-11 05:39:23,494 INFO - ContAudITWrapper#93 - Finishing ContAudIT Wrapper...
