2024-10-11 05:37:10,251 INFO - ContAudITWrapper#27 - Initializing ContAudIT Wrapper...
2024-10-11 05:37:10,500 INFO - ContAudITWrapper#27 - Current directory: /home/ec2-user/Code/ufrgs-poc/contaudit-wrapper.jar
2024-10-11 05:37:34,620 INFO - ContAudITWrapper#27 - Wrapper hash: b7519188ed863d76e5199a8d880bb968bdf9124fad53b871583787e123a7a764
2024-10-11 05:37:34,678 INFO - ContAudITWrapper#27 - Validating Wrapper...
2024-10-11 05:38:44,513 INFO - ContAudITWrapper#27 - Response true
2024-10-11 05:38:44,557 INFO - ContAudITWrapper#27 - Application hash: e36ee2d35f8c4c41bd358782dfb3ac8852b40439d350ff27616f0c18819ce9bf
2024-10-11 05:38:44,572 INFO - ContAudITWrapper#27 - Validating Application...
2024-10-11 05:38:59,803 INFO - ContAudITWrapper#27 - Response true
2024-10-11 05:38:59,834 INFO - ContAudITWrapper#27 - Artifact apache2.workflow hash: bdb4cee855e21446b6ae53ddcb76a1632ef8c4545b5db0517e01ffd552157f6e
2024-10-11 05:38:59,879 INFO - ContAudITWrapper#27 - Validating Artifact...
2024-10-11 05:39:12,260 INFO - ContAudITWrapper#27 - Response true
2024-10-11 05:39:12,270 INFO - ContAudITWrapper#27 - Running pre-command actions...
2024-10-11 05:39:12,272 INFO - ContAudITWrapper#27 - Analyzing current environment state...
2024-10-11 05:39:12,441 INFO - ContAudITWrapper#27 - Saving current environment state...
2024-10-11 05:39:12,442 INFO - ContAudITWrapper#27 - Environment state hash: a7ffc6f8bf1ed76651c14756a061d662f580ff4de43b49fa82d80a4b80f8434a
2024-10-11 05:39:12,443 INFO - ContAudITWrapper#27 - Executing command...
2024-10-11 05:39:14,129 INFO - ContAudITWrapper#27 - Command output: 
2024-10-11 05:39:12.598191703 [executor] Initializing the workflow...
[apache2_workflow] Apache HTTP Server already installed.
[apache2_workflow] UserDir module already loaded.
[apache2_workflow] Configs to UserDir already exist.
[apache2_workflow] public_html directory already exists in /home/ec2-user.
[apache2_workflow] Creating a simple webpage...
[apache2_workflow] Moving webpage to Apache HTTP Server user website folder...
[apache2_workflow] Page moved successfully!
2024-10-11 05:39:14.127848646 [executor] Finished!

2024-10-11 05:39:14,130 INFO - ContAudITWrapper#27 - Running post-command actions...
2024-10-11 05:39:14,130 INFO - ContAudITWrapper#27 - Analyzing current environment state...
2024-10-11 05:39:14,263 INFO - ContAudITWrapper#27 - Saving current environment state...
2024-10-11 05:39:14,263 INFO - ContAudITWrapper#27 - Environment state hash: a7ffc6f8bf1ed76651c14756a061d662f580ff4de43b49fa82d80a4b80f8434a
2024-10-11 05:39:14,264 INFO - ContAudITWrapper#27 - Checking environment diff...
2024-10-11 05:39:14,358 INFO - ContAudITWrapper#27 - Environment diff: 
2024-10-11 05:39:14,358 INFO - ContAudITWrapper#27 - Cleaning temporary files...
2024-10-11 05:39:14,472 INFO - ContAudITWrapper#27 - Sending to blockchain...
2024-10-11 05:39:25,400 INFO - ContAudITWrapper#27 - Response 
2024-10-11 05:39:25,408 INFO - ContAudITWrapper#27 - Finishing ContAudIT Wrapper...
