2024-10-11 05:37:11,076 INFO - ContAudITWrapper#92 - Initializing ContAudIT Wrapper...
2024-10-11 05:37:11,249 INFO - ContAudITWrapper#92 - Current directory: /home/ec2-user/Code/ufrgs-poc/contaudit-wrapper.jar
2024-10-11 05:37:32,595 INFO - ContAudITWrapper#92 - Wrapper hash: b7519188ed863d76e5199a8d880bb968bdf9124fad53b871583787e123a7a764
2024-10-11 05:37:32,607 INFO - ContAudITWrapper#92 - Validating Wrapper...
2024-10-11 05:38:39,397 INFO - ContAudITWrapper#92 - Response true
2024-10-11 05:38:39,592 INFO - ContAudITWrapper#92 - Application hash: e36ee2d35f8c4c41bd358782dfb3ac8852b40439d350ff27616f0c18819ce9bf
2024-10-11 05:38:39,593 INFO - ContAudITWrapper#92 - Validating Application...
2024-10-11 05:38:56,585 INFO - ContAudITWrapper#92 - Response true
2024-10-11 05:38:56,600 INFO - ContAudITWrapper#92 - Artifact apache2.workflow hash: bdb4cee855e21446b6ae53ddcb76a1632ef8c4545b5db0517e01ffd552157f6e
2024-10-11 05:38:56,608 INFO - ContAudITWrapper#92 - Validating Artifact...
2024-10-11 05:39:06,562 INFO - ContAudITWrapper#92 - Response true
2024-10-11 05:39:06,564 INFO - ContAudITWrapper#92 - Running pre-command actions...
2024-10-11 05:39:06,565 INFO - ContAudITWrapper#92 - Analyzing current environment state...
2024-10-11 05:39:06,726 INFO - ContAudITWrapper#92 - Saving current environment state...
2024-10-11 05:39:06,727 INFO - ContAudITWrapper#92 - Environment state hash: a7ffc6f8bf1ed76651c14756a061d662f580ff4de43b49fa82d80a4b80f8434a
2024-10-11 05:39:06,727 INFO - ContAudITWrapper#92 - Executing command...
2024-10-11 05:39:08,711 INFO - ContAudITWrapper#92 - Command output: 
2024-10-11 05:39:06.850795613 [executor] Initializing the workflow...
[apache2_workflow] Apache HTTP Server already installed.
[apache2_workflow] UserDir module already loaded.
[apache2_workflow] Configs to UserDir already exist.
[apache2_workflow] public_html directory already exists in /home/ec2-user.
[apache2_workflow] Creating a simple webpage...
[apache2_workflow] Moving webpage to Apache HTTP Server user website folder...
[apache2_workflow] Page moved successfully!
2024-10-11 05:39:08.710335471 [executor] Finished!

2024-10-11 05:39:08,711 INFO - ContAudITWrapper#92 - Running post-command actions...
2024-10-11 05:39:08,711 INFO - ContAudITWrapper#92 - Analyzing current environment state...
2024-10-11 05:39:08,833 INFO - ContAudITWrapper#92 - Saving current environment state...
2024-10-11 05:39:08,834 INFO - ContAudITWrapper#92 - Environment state hash: a7ffc6f8bf1ed76651c14756a061d662f580ff4de43b49fa82d80a4b80f8434a
2024-10-11 05:39:08,834 INFO - ContAudITWrapper#92 - Checking environment diff...
2024-10-11 05:39:08,957 INFO - ContAudITWrapper#92 - Environment diff: 
2024-10-11 05:39:08,957 INFO - ContAudITWrapper#92 - Cleaning temporary files...
2024-10-11 05:39:09,077 INFO - ContAudITWrapper#92 - Sending to blockchain...
2024-10-11 05:39:22,709 INFO - ContAudITWrapper#92 - Response 
2024-10-11 05:39:22,711 INFO - ContAudITWrapper#92 - Finishing ContAudIT Wrapper...
