2024-10-11 05:37:10,615 INFO - ContAudITWrapper#22 - Initializing ContAudIT Wrapper...
2024-10-11 05:37:10,787 INFO - ContAudITWrapper#22 - Current directory: /home/ec2-user/Code/ufrgs-poc/contaudit-wrapper.jar
2024-10-11 05:37:29,382 INFO - ContAudITWrapper#22 - Wrapper hash: b7519188ed863d76e5199a8d880bb968bdf9124fad53b871583787e123a7a764
2024-10-11 05:37:29,440 INFO - ContAudITWrapper#22 - Validating Wrapper...
2024-10-11 05:38:27,031 INFO - ContAudITWrapper#22 - Response true
2024-10-11 05:38:27,141 INFO - ContAudITWrapper#22 - Application hash: e36ee2d35f8c4c41bd358782dfb3ac8852b40439d350ff27616f0c18819ce9bf
2024-10-11 05:38:27,142 INFO - ContAudITWrapper#22 - Validating Application...
2024-10-11 05:38:42,784 INFO - ContAudITWrapper#22 - Response true
2024-10-11 05:38:42,814 INFO - ContAudITWrapper#22 - Artifact apache2.workflow hash: bdb4cee855e21446b6ae53ddcb76a1632ef8c4545b5db0517e01ffd552157f6e
2024-10-11 05:38:42,868 INFO - ContAudITWrapper#22 - Validating Artifact...
2024-10-11 05:38:54,466 INFO - ContAudITWrapper#22 - Response true
2024-10-11 05:38:54,469 INFO - ContAudITWrapper#22 - Running pre-command actions...
2024-10-11 05:38:54,471 INFO - ContAudITWrapper#22 - Analyzing current environment state...
2024-10-11 05:38:54,569 INFO - ContAudITWrapper#22 - Saving current environment state...
2024-10-11 05:38:54,570 INFO - ContAudITWrapper#22 - Environment state hash: a7ffc6f8bf1ed76651c14756a061d662f580ff4de43b49fa82d80a4b80f8434a
2024-10-11 05:38:54,570 INFO - ContAudITWrapper#22 - Executing command...
2024-10-11 05:38:55,548 INFO - ContAudITWrapper#22 - Command output: 
2024-10-11 05:38:54.780488532 [executor] Initializing the workflow...
[apache2_workflow] Apache HTTP Server already installed.
[apache2_workflow] UserDir module already loaded.
[apache2_workflow] Configs to UserDir already exist.
[apache2_workflow] public_html directory already exists in /home/ec2-user.
[apache2_workflow] Creating a simple webpage...
[apache2_workflow] Moving webpage to Apache HTTP Server user website folder...
[apache2_workflow] Page moved successfully!
2024-10-11 05:38:55.547106554 [executor] Finished!

2024-10-11 05:38:55,548 INFO - ContAudITWrapper#22 - Running post-command actions...
2024-10-11 05:38:55,548 INFO - ContAudITWrapper#22 - Analyzing current environment state...
2024-10-11 05:38:55,612 INFO - ContAudITWrapper#22 - Saving current environment state...
2024-10-11 05:38:55,613 INFO - ContAudITWrapper#22 - Environment state hash: a7ffc6f8bf1ed76651c14756a061d662f580ff4de43b49fa82d80a4b80f8434a
2024-10-11 05:38:55,613 INFO - ContAudITWrapper#22 - Checking environment diff...
2024-10-11 05:38:55,662 INFO - ContAudITWrapper#22 - Environment diff: 
2024-10-11 05:38:55,663 INFO - ContAudITWrapper#22 - Cleaning temporary files...
2024-10-11 05:38:55,785 INFO - ContAudITWrapper#22 - Sending to blockchain...
2024-10-11 05:39:08,793 INFO - ContAudITWrapper#22 - Response 
2024-10-11 05:39:08,795 INFO - ContAudITWrapper#22 - Finishing ContAudIT Wrapper...
