2024-10-11 05:37:10,016 INFO - ContAudITWrapper#1 - Initializing ContAudIT Wrapper...
2024-10-11 05:37:10,225 INFO - ContAudITWrapper#1 - Current directory: /home/ec2-user/Code/ufrgs-poc/contaudit-wrapper.jar
2024-10-11 05:37:34,005 INFO - ContAudITWrapper#1 - Wrapper hash: b7519188ed863d76e5199a8d880bb968bdf9124fad53b871583787e123a7a764
2024-10-11 05:37:34,081 INFO - ContAudITWrapper#1 - Validating Wrapper...
2024-10-11 05:38:42,915 INFO - ContAudITWrapper#1 - Response true
2024-10-11 05:38:43,193 INFO - ContAudITWrapper#1 - Application hash: e36ee2d35f8c4c41bd358782dfb3ac8852b40439d350ff27616f0c18819ce9bf
2024-10-11 05:38:43,196 INFO - ContAudITWrapper#1 - Validating Application...
2024-10-11 05:38:58,369 INFO - ContAudITWrapper#1 - Response true
2024-10-11 05:38:58,374 INFO - ContAudITWrapper#1 - Artifact apache2.workflow hash: bdb4cee855e21446b6ae53ddcb76a1632ef8c4545b5db0517e01ffd552157f6e
2024-10-11 05:38:58,533 INFO - ContAudITWrapper#1 - Validating Artifact...
2024-10-11 05:39:11,696 INFO - ContAudITWrapper#1 - Response true
2024-10-11 05:39:11,701 INFO - ContAudITWrapper#1 - Running pre-command actions...
2024-10-11 05:39:11,702 INFO - ContAudITWrapper#1 - Analyzing current environment state...
2024-10-11 05:39:11,917 INFO - ContAudITWrapper#1 - Saving current environment state...
2024-10-11 05:39:11,919 INFO - ContAudITWrapper#1 - Environment state hash: a7ffc6f8bf1ed76651c14756a061d662f580ff4de43b49fa82d80a4b80f8434a
2024-10-11 05:39:11,919 INFO - ContAudITWrapper#1 - Executing command...
2024-10-11 05:39:13,410 INFO - ContAudITWrapper#1 - Command output: 
2024-10-11 05:39:12.251478861 [executor] Initializing the workflow...
[apache2_workflow] Apache HTTP Server already installed.
[apache2_workflow] UserDir module already loaded.
[apache2_workflow] Configs to UserDir already exist.
[apache2_workflow] public_html directory already exists in /home/ec2-user.
[apache2_workflow] Creating a simple webpage...
[apache2_workflow] Moving webpage to Apache HTTP Server user website folder...
[apache2_workflow] Page moved successfully!
2024-10-11 05:39:13.409986019 [executor] Finished!

2024-10-11 05:39:13,411 INFO - ContAudITWrapper#1 - Running post-command actions...
2024-10-11 05:39:13,411 INFO - ContAudITWrapper#1 - Analyzing current environment state...
2024-10-11 05:39:13,474 INFO - ContAudITWrapper#1 - Saving current environment state...
2024-10-11 05:39:13,475 INFO - ContAudITWrapper#1 - Environment state hash: a7ffc6f8bf1ed76651c14756a061d662f580ff4de43b49fa82d80a4b80f8434a
2024-10-11 05:39:13,475 INFO - ContAudITWrapper#1 - Checking environment diff...
2024-10-11 05:39:13,620 INFO - ContAudITWrapper#1 - Environment diff: 
2024-10-11 05:39:13,620 INFO - ContAudITWrapper#1 - Cleaning temporary files...
2024-10-11 05:39:13,672 INFO - ContAudITWrapper#1 - Sending to blockchain...
2024-10-11 05:39:26,081 INFO - ContAudITWrapper#1 - Response 
2024-10-11 05:39:26,091 INFO - ContAudITWrapper#1 - Finishing ContAudIT Wrapper...
