2024-10-11 05:37:10,945 INFO - ContAudITWrapper#29 - Initializing ContAudIT Wrapper...
2024-10-11 05:37:11,117 INFO - ContAudITWrapper#29 - Current directory: /home/ec2-user/Code/ufrgs-poc/contaudit-wrapper.jar
2024-10-11 05:37:30,148 INFO - ContAudITWrapper#29 - Wrapper hash: b7519188ed863d76e5199a8d880bb968bdf9124fad53b871583787e123a7a764
2024-10-11 05:37:30,179 INFO - ContAudITWrapper#29 - Validating Wrapper...
2024-10-11 05:38:33,734 INFO - ContAudITWrapper#29 - Response true
2024-10-11 05:38:33,876 INFO - ContAudITWrapper#29 - Application hash: e36ee2d35f8c4c41bd358782dfb3ac8852b40439d350ff27616f0c18819ce9bf
2024-10-11 05:38:33,877 INFO - ContAudITWrapper#29 - Validating Application...
2024-10-11 05:38:49,269 INFO - ContAudITWrapper#29 - Response true
2024-10-11 05:38:49,292 INFO - ContAudITWrapper#29 - Artifact apache2.workflow hash: bdb4cee855e21446b6ae53ddcb76a1632ef8c4545b5db0517e01ffd552157f6e
2024-10-11 05:38:49,302 INFO - ContAudITWrapper#29 - Validating Artifact...
2024-10-11 05:39:01,557 INFO - ContAudITWrapper#29 - Response true
2024-10-11 05:39:01,565 INFO - ContAudITWrapper#29 - Running pre-command actions...
2024-10-11 05:39:01,566 INFO - ContAudITWrapper#29 - Analyzing current environment state...
2024-10-11 05:39:01,911 INFO - ContAudITWrapper#29 - Saving current environment state...
2024-10-11 05:39:01,912 INFO - ContAudITWrapper#29 - Environment state hash: a7ffc6f8bf1ed76651c14756a061d662f580ff4de43b49fa82d80a4b80f8434a
2024-10-11 05:39:01,913 INFO - ContAudITWrapper#29 - Executing command...
2024-10-11 05:39:03,516 INFO - ContAudITWrapper#29 - Command output: 
2024-10-11 05:39:02.061237217 [executor] Initializing the workflow...
[apache2_workflow] Apache HTTP Server already installed.
[apache2_workflow] UserDir module already loaded.
[apache2_workflow] Configs to UserDir already exist.
[apache2_workflow] public_html directory already exists in /home/ec2-user.
[apache2_workflow] Creating a simple webpage...
[apache2_workflow] Moving webpage to Apache HTTP Server user website folder...
[apache2_workflow] Page moved successfully!
2024-10-11 05:39:03.514030460 [executor] Finished!

2024-10-11 05:39:03,516 INFO - ContAudITWrapper#29 - Running post-command actions...
2024-10-11 05:39:03,516 INFO - ContAudITWrapper#29 - Analyzing current environment state...
2024-10-11 05:39:03,642 INFO - ContAudITWrapper#29 - Saving current environment state...
2024-10-11 05:39:03,643 INFO - ContAudITWrapper#29 - Environment state hash: a7ffc6f8bf1ed76651c14756a061d662f580ff4de43b49fa82d80a4b80f8434a
2024-10-11 05:39:03,643 INFO - ContAudITWrapper#29 - Checking environment diff...
2024-10-11 05:39:03,773 INFO - ContAudITWrapper#29 - Environment diff: 
2024-10-11 05:39:03,773 INFO - ContAudITWrapper#29 - Cleaning temporary files...
2024-10-11 05:39:03,942 INFO - ContAudITWrapper#29 - Sending to blockchain...
2024-10-11 05:39:20,076 INFO - ContAudITWrapper#29 - Response 
2024-10-11 05:39:20,077 INFO - ContAudITWrapper#29 - Finishing ContAudIT Wrapper...
