2024-10-11 05:15:22,518 INFO - ContAudITWrapper#91 - Initializing ContAudIT Wrapper...
2024-10-11 05:15:22,791 INFO - ContAudITWrapper#91 - Current directory: /home/ec2-user/Code/ufrgs-poc/contaudit-wrapper.jar
2024-10-11 05:15:45,365 INFO - ContAudITWrapper#91 - Wrapper hash: b7519188ed863d76e5199a8d880bb968bdf9124fad53b871583787e123a7a764
2024-10-11 05:15:45,429 INFO - ContAudITWrapper#91 - Validating Wrapper...
2024-10-11 05:16:51,335 INFO - ContAudITWrapper#91 - Response true
2024-10-11 05:16:51,591 INFO - ContAudITWrapper#91 - Application hash: e36ee2d35f8c4c41bd358782dfb3ac8852b40439d350ff27616f0c18819ce9bf
2024-10-11 05:16:51,600 INFO - ContAudITWrapper#91 - Validating Application...
2024-10-11 05:17:06,062 INFO - ContAudITWrapper#91 - Response true
2024-10-11 05:17:06,077 INFO - ContAudITWrapper#91 - Artifact apache2.workflow hash: bdb4cee855e21446b6ae53ddcb76a1632ef8c4545b5db0517e01ffd552157f6e
2024-10-11 05:17:06,089 INFO - ContAudITWrapper#91 - Validating Artifact...
2024-10-11 05:17:19,323 INFO - ContAudITWrapper#91 - Response true
2024-10-11 05:17:19,328 INFO - ContAudITWrapper#91 - Running pre-command actions...
2024-10-11 05:17:19,329 INFO - ContAudITWrapper#91 - Analyzing current environment state...
2024-10-11 05:17:19,485 INFO - ContAudITWrapper#91 - Saving current environment state...
2024-10-11 05:17:19,486 INFO - ContAudITWrapper#91 - Environment state hash: a7ffc6f8bf1ed76651c14756a061d662f580ff4de43b49fa82d80a4b80f8434a
2024-10-11 05:17:19,486 INFO - ContAudITWrapper#91 - Executing command...
2024-10-11 05:17:20,737 INFO - ContAudITWrapper#91 - Command output: 
2024-10-11 05:17:19.638578110 [executor] Initializing the workflow...
[apache2_workflow] Apache HTTP Server already installed.
[apache2_workflow] UserDir module already loaded.
[apache2_workflow] Configs to UserDir already exist.
[apache2_workflow] public_html directory already exists in /home/ec2-user.
[apache2_workflow] Creating a simple webpage...
[apache2_workflow] Moving webpage to Apache HTTP Server user website folder...
[apache2_workflow] Page moved successfully!
2024-10-11 05:17:20.736892088 [executor] Finished!

2024-10-11 05:17:20,738 INFO - ContAudITWrapper#91 - Running post-command actions...
2024-10-11 05:17:20,739 INFO - ContAudITWrapper#91 - Analyzing current environment state...
2024-10-11 05:17:20,865 INFO - ContAudITWrapper#91 - Saving current environment state...
2024-10-11 05:17:20,866 INFO - ContAudITWrapper#91 - Environment state hash: a7ffc6f8bf1ed76651c14756a061d662f580ff4de43b49fa82d80a4b80f8434a
2024-10-11 05:17:20,866 INFO - ContAudITWrapper#91 - Checking environment diff...
2024-10-11 05:17:20,970 INFO - ContAudITWrapper#91 - Environment diff: 
2024-10-11 05:17:20,971 INFO - ContAudITWrapper#91 - Cleaning temporary files...
2024-10-11 05:17:21,101 INFO - ContAudITWrapper#91 - Sending to blockchain...
2024-10-11 05:17:37,712 INFO - ContAudITWrapper#91 - Response 
2024-10-11 05:17:37,714 INFO - ContAudITWrapper#91 - Finishing ContAudIT Wrapper...
