2024-10-11 05:15:21,563 INFO - ContAudITWrapper#14 - Initializing ContAudIT Wrapper...
2024-10-11 05:15:21,879 INFO - ContAudITWrapper#14 - Current directory: /home/ec2-user/Code/ufrgs-poc/contaudit-wrapper.jar
2024-10-11 05:15:45,709 INFO - ContAudITWrapper#14 - Wrapper hash: b7519188ed863d76e5199a8d880bb968bdf9124fad53b871583787e123a7a764
2024-10-11 05:15:45,715 INFO - ContAudITWrapper#14 - Validating Wrapper...
2024-10-11 05:16:54,967 INFO - ContAudITWrapper#14 - Response true
2024-10-11 05:16:55,103 INFO - ContAudITWrapper#14 - Application hash: e36ee2d35f8c4c41bd358782dfb3ac8852b40439d350ff27616f0c18819ce9bf
2024-10-11 05:16:55,104 INFO - ContAudITWrapper#14 - Validating Application...
2024-10-11 05:17:08,133 INFO - ContAudITWrapper#14 - Response true
2024-10-11 05:17:08,181 INFO - ContAudITWrapper#14 - Artifact apache2.workflow hash: bdb4cee855e21446b6ae53ddcb76a1632ef8c4545b5db0517e01ffd552157f6e
2024-10-11 05:17:08,204 INFO - ContAudITWrapper#14 - Validating Artifact...
2024-10-11 05:17:18,536 INFO - ContAudITWrapper#14 - Response true
2024-10-11 05:17:18,543 INFO - ContAudITWrapper#14 - Running pre-command actions...
2024-10-11 05:17:18,547 INFO - ContAudITWrapper#14 - Analyzing current environment state...
2024-10-11 05:17:18,739 INFO - ContAudITWrapper#14 - Saving current environment state...
2024-10-11 05:17:18,740 INFO - ContAudITWrapper#14 - Environment state hash: a7ffc6f8bf1ed76651c14756a061d662f580ff4de43b49fa82d80a4b80f8434a
2024-10-11 05:17:18,741 INFO - ContAudITWrapper#14 - Executing command...
2024-10-11 05:17:20,094 INFO - ContAudITWrapper#14 - Command output: 
2024-10-11 05:17:18.866845206 [executor] Initializing the workflow...
[apache2_workflow] Apache HTTP Server already installed.
[apache2_workflow] UserDir module already loaded.
[apache2_workflow] Configs to UserDir already exist.
[apache2_workflow] public_html directory already exists in /home/ec2-user.
[apache2_workflow] Creating a simple webpage...
[apache2_workflow] Moving webpage to Apache HTTP Server user website folder...
[apache2_workflow] Page moved successfully!
2024-10-11 05:17:20.094061512 [executor] Finished!

2024-10-11 05:17:20,095 INFO - ContAudITWrapper#14 - Running post-command actions...
2024-10-11 05:17:20,095 INFO - ContAudITWrapper#14 - Analyzing current environment state...
2024-10-11 05:17:20,214 INFO - ContAudITWrapper#14 - Saving current environment state...
2024-10-11 05:17:20,215 INFO - ContAudITWrapper#14 - Environment state hash: a7ffc6f8bf1ed76651c14756a061d662f580ff4de43b49fa82d80a4b80f8434a
2024-10-11 05:17:20,215 INFO - ContAudITWrapper#14 - Checking environment diff...
2024-10-11 05:17:20,254 INFO - ContAudITWrapper#14 - Environment diff: 
2024-10-11 05:17:20,254 INFO - ContAudITWrapper#14 - Cleaning temporary files...
2024-10-11 05:17:20,292 INFO - ContAudITWrapper#14 - Sending to blockchain...
2024-10-11 05:17:35,769 INFO - ContAudITWrapper#14 - Response 
2024-10-11 05:17:35,771 INFO - ContAudITWrapper#14 - Finishing ContAudIT Wrapper...
