2024-10-11 05:15:22,155 INFO - ContAudITWrapper#24 - Initializing ContAudIT Wrapper...
2024-10-11 05:15:22,461 INFO - ContAudITWrapper#24 - Current directory: /home/ec2-user/Code/ufrgs-poc/contaudit-wrapper.jar
2024-10-11 05:15:45,575 INFO - ContAudITWrapper#24 - Wrapper hash: b7519188ed863d76e5199a8d880bb968bdf9124fad53b871583787e123a7a764
2024-10-11 05:15:45,624 INFO - ContAudITWrapper#24 - Validating Wrapper...
2024-10-11 05:16:51,917 INFO - ContAudITWrapper#24 - Response true
2024-10-11 05:16:52,146 INFO - ContAudITWrapper#24 - Application hash: e36ee2d35f8c4c41bd358782dfb3ac8852b40439d350ff27616f0c18819ce9bf
2024-10-11 05:16:52,196 INFO - ContAudITWrapper#24 - Validating Application...
2024-10-11 05:17:06,471 INFO - ContAudITWrapper#24 - Response true
2024-10-11 05:17:06,478 INFO - ContAudITWrapper#24 - Artifact apache2.workflow hash: bdb4cee855e21446b6ae53ddcb76a1632ef8c4545b5db0517e01ffd552157f6e
2024-10-11 05:17:06,489 INFO - ContAudITWrapper#24 - Validating Artifact...
2024-10-11 05:17:17,868 INFO - ContAudITWrapper#24 - Response true
2024-10-11 05:17:17,869 INFO - ContAudITWrapper#24 - Running pre-command actions...
2024-10-11 05:17:17,873 INFO - ContAudITWrapper#24 - Analyzing current environment state...
2024-10-11 05:17:17,991 INFO - ContAudITWrapper#24 - Saving current environment state...
2024-10-11 05:17:17,992 INFO - ContAudITWrapper#24 - Environment state hash: a7ffc6f8bf1ed76651c14756a061d662f580ff4de43b49fa82d80a4b80f8434a
2024-10-11 05:17:17,992 INFO - ContAudITWrapper#24 - Executing command...
2024-10-11 05:17:19,452 INFO - ContAudITWrapper#24 - Command output: 
2024-10-11 05:17:18.075507190 [executor] Initializing the workflow...
[apache2_workflow] Apache HTTP Server already installed.
[apache2_workflow] UserDir module already loaded.
[apache2_workflow] Configs to UserDir already exist.
[apache2_workflow] public_html directory already exists in /home/ec2-user.
[apache2_workflow] Creating a simple webpage...
[apache2_workflow] Moving webpage to Apache HTTP Server user website folder...
[apache2_workflow] Page moved successfully!
2024-10-11 05:17:19.451492564 [executor] Finished!

2024-10-11 05:17:19,452 INFO - ContAudITWrapper#24 - Running post-command actions...
2024-10-11 05:17:19,452 INFO - ContAudITWrapper#24 - Analyzing current environment state...
2024-10-11 05:17:19,546 INFO - ContAudITWrapper#24 - Saving current environment state...
2024-10-11 05:17:19,546 INFO - ContAudITWrapper#24 - Environment state hash: a7ffc6f8bf1ed76651c14756a061d662f580ff4de43b49fa82d80a4b80f8434a
2024-10-11 05:17:19,546 INFO - ContAudITWrapper#24 - Checking environment diff...
2024-10-11 05:17:19,632 INFO - ContAudITWrapper#24 - Environment diff: 
2024-10-11 05:17:19,632 INFO - ContAudITWrapper#24 - Cleaning temporary files...
2024-10-11 05:17:19,745 INFO - ContAudITWrapper#24 - Sending to blockchain...
2024-10-11 05:17:36,514 INFO - ContAudITWrapper#24 - Response 
2024-10-11 05:17:36,516 INFO - ContAudITWrapper#24 - Finishing ContAudIT Wrapper...
