2024-10-11 05:15:22,711 INFO - ContAudITWrapper#51 - Initializing ContAudIT Wrapper...
2024-10-11 05:15:22,916 INFO - ContAudITWrapper#51 - Current directory: /home/ec2-user/Code/ufrgs-poc/contaudit-wrapper.jar
2024-10-11 05:15:45,652 INFO - ContAudITWrapper#51 - Wrapper hash: b7519188ed863d76e5199a8d880bb968bdf9124fad53b871583787e123a7a764
2024-10-11 05:15:45,673 INFO - ContAudITWrapper#51 - Validating Wrapper...
2024-10-11 05:16:53,907 INFO - ContAudITWrapper#51 - Response true
2024-10-11 05:16:54,209 INFO - ContAudITWrapper#51 - Application hash: e36ee2d35f8c4c41bd358782dfb3ac8852b40439d350ff27616f0c18819ce9bf
2024-10-11 05:16:54,233 INFO - ContAudITWrapper#51 - Validating Application...
2024-10-11 05:17:07,882 INFO - ContAudITWrapper#51 - Response true
2024-10-11 05:17:07,901 INFO - ContAudITWrapper#51 - Artifact apache2.workflow hash: bdb4cee855e21446b6ae53ddcb76a1632ef8c4545b5db0517e01ffd552157f6e
2024-10-11 05:17:07,980 INFO - ContAudITWrapper#51 - Validating Artifact...
2024-10-11 05:17:19,572 INFO - ContAudITWrapper#51 - Response true
2024-10-11 05:17:19,580 INFO - ContAudITWrapper#51 - Running pre-command actions...
2024-10-11 05:17:19,581 INFO - ContAudITWrapper#51 - Analyzing current environment state...
2024-10-11 05:17:19,692 INFO - ContAudITWrapper#51 - Saving current environment state...
2024-10-11 05:17:19,693 INFO - ContAudITWrapper#51 - Environment state hash: a7ffc6f8bf1ed76651c14756a061d662f580ff4de43b49fa82d80a4b80f8434a
2024-10-11 05:17:19,693 INFO - ContAudITWrapper#51 - Executing command...
2024-10-11 05:17:21,255 INFO - ContAudITWrapper#51 - Command output: 
2024-10-11 05:17:19.856613298 [executor] Initializing the workflow...
[apache2_workflow] Apache HTTP Server already installed.
[apache2_workflow] UserDir module already loaded.
[apache2_workflow] Configs to UserDir already exist.
[apache2_workflow] public_html directory already exists in /home/ec2-user.
[apache2_workflow] Creating a simple webpage...
[apache2_workflow] Moving webpage to Apache HTTP Server user website folder...
[apache2_workflow] Page moved successfully!
2024-10-11 05:17:21.253504846 [executor] Finished!

2024-10-11 05:17:21,256 INFO - ContAudITWrapper#51 - Running post-command actions...
2024-10-11 05:17:21,256 INFO - ContAudITWrapper#51 - Analyzing current environment state...
2024-10-11 05:17:21,314 INFO - ContAudITWrapper#51 - Saving current environment state...
2024-10-11 05:17:21,314 INFO - ContAudITWrapper#51 - Environment state hash: a7ffc6f8bf1ed76651c14756a061d662f580ff4de43b49fa82d80a4b80f8434a
2024-10-11 05:17:21,314 INFO - ContAudITWrapper#51 - Checking environment diff...
2024-10-11 05:17:21,395 INFO - ContAudITWrapper#51 - Environment diff: 
2024-10-11 05:17:21,397 INFO - ContAudITWrapper#51 - Cleaning temporary files...
2024-10-11 05:17:21,464 INFO - ContAudITWrapper#51 - Sending to blockchain...
2024-10-11 05:17:32,519 INFO - ContAudITWrapper#51 - Response 
2024-10-11 05:17:32,520 INFO - ContAudITWrapper#51 - Finishing ContAudIT Wrapper...
