2024-10-11 05:15:22,665 INFO - ContAudITWrapper#90 - Initializing ContAudIT Wrapper...
2024-10-11 05:15:22,932 INFO - ContAudITWrapper#90 - Current directory: /home/ec2-user/Code/ufrgs-poc/contaudit-wrapper.jar
2024-10-11 05:15:45,913 INFO - ContAudITWrapper#90 - Wrapper hash: b7519188ed863d76e5199a8d880bb968bdf9124fad53b871583787e123a7a764
2024-10-11 05:15:46,052 INFO - ContAudITWrapper#90 - Validating Wrapper...
2024-10-11 05:16:55,578 INFO - ContAudITWrapper#90 - Response true
2024-10-11 05:16:55,783 INFO - ContAudITWrapper#90 - Application hash: e36ee2d35f8c4c41bd358782dfb3ac8852b40439d350ff27616f0c18819ce9bf
2024-10-11 05:16:55,784 INFO - ContAudITWrapper#90 - Validating Application...
2024-10-11 05:17:08,363 INFO - ContAudITWrapper#90 - Response true
2024-10-11 05:17:08,381 INFO - ContAudITWrapper#90 - Artifact apache2.workflow hash: bdb4cee855e21446b6ae53ddcb76a1632ef8c4545b5db0517e01ffd552157f6e
2024-10-11 05:17:08,415 INFO - ContAudITWrapper#90 - Validating Artifact...
2024-10-11 05:17:20,427 INFO - ContAudITWrapper#90 - Response true
2024-10-11 05:17:20,437 INFO - ContAudITWrapper#90 - Running pre-command actions...
2024-10-11 05:17:20,442 INFO - ContAudITWrapper#90 - Analyzing current environment state...
2024-10-11 05:17:20,609 INFO - ContAudITWrapper#90 - Saving current environment state...
2024-10-11 05:17:20,610 INFO - ContAudITWrapper#90 - Environment state hash: a7ffc6f8bf1ed76651c14756a061d662f580ff4de43b49fa82d80a4b80f8434a
2024-10-11 05:17:20,610 INFO - ContAudITWrapper#90 - Executing command...
2024-10-11 05:17:22,043 INFO - ContAudITWrapper#90 - Command output: 
2024-10-11 05:17:20.739934611 [executor] Initializing the workflow...
[apache2_workflow] Apache HTTP Server already installed.
[apache2_workflow] UserDir module already loaded.
[apache2_workflow] Configs to UserDir already exist.
[apache2_workflow] public_html directory already exists in /home/ec2-user.
[apache2_workflow] Creating a simple webpage...
[apache2_workflow] Moving webpage to Apache HTTP Server user website folder...
[apache2_workflow] Page moved successfully!
2024-10-11 05:17:22.041978842 [executor] Finished!

2024-10-11 05:17:22,043 INFO - ContAudITWrapper#90 - Running post-command actions...
2024-10-11 05:17:22,043 INFO - ContAudITWrapper#90 - Analyzing current environment state...
2024-10-11 05:17:22,173 INFO - ContAudITWrapper#90 - Saving current environment state...
2024-10-11 05:17:22,173 INFO - ContAudITWrapper#90 - Environment state hash: a7ffc6f8bf1ed76651c14756a061d662f580ff4de43b49fa82d80a4b80f8434a
2024-10-11 05:17:22,174 INFO - ContAudITWrapper#90 - Checking environment diff...
2024-10-11 05:17:22,201 INFO - ContAudITWrapper#90 - Environment diff: 
2024-10-11 05:17:22,203 INFO - ContAudITWrapper#90 - Cleaning temporary files...
2024-10-11 05:17:22,320 INFO - ContAudITWrapper#90 - Sending to blockchain...
2024-10-11 05:17:35,388 INFO - ContAudITWrapper#90 - Response 
2024-10-11 05:17:35,391 INFO - ContAudITWrapper#90 - Finishing ContAudIT Wrapper...
