2024-10-11 05:15:23,015 INFO - ContAudITWrapper#3 - Initializing ContAudIT Wrapper...
2024-10-11 05:15:23,228 INFO - ContAudITWrapper#3 - Current directory: /home/ec2-user/Code/ufrgs-poc/contaudit-wrapper.jar
2024-10-11 05:15:45,725 INFO - ContAudITWrapper#3 - Wrapper hash: b7519188ed863d76e5199a8d880bb968bdf9124fad53b871583787e123a7a764
2024-10-11 05:15:45,734 INFO - ContAudITWrapper#3 - Validating Wrapper...
2024-10-11 05:16:53,710 INFO - ContAudITWrapper#3 - Response true
2024-10-11 05:16:53,907 INFO - ContAudITWrapper#3 - Application hash: e36ee2d35f8c4c41bd358782dfb3ac8852b40439d350ff27616f0c18819ce9bf
2024-10-11 05:16:53,928 INFO - ContAudITWrapper#3 - Validating Application...
2024-10-11 05:17:07,650 INFO - ContAudITWrapper#3 - Response true
2024-10-11 05:17:07,659 INFO - ContAudITWrapper#3 - Artifact apache2.workflow hash: bdb4cee855e21446b6ae53ddcb76a1632ef8c4545b5db0517e01ffd552157f6e
2024-10-11 05:17:07,705 INFO - ContAudITWrapper#3 - Validating Artifact...
2024-10-11 05:17:21,756 INFO - ContAudITWrapper#3 - Response true
2024-10-11 05:17:21,763 INFO - ContAudITWrapper#3 - Running pre-command actions...
2024-10-11 05:17:21,764 INFO - ContAudITWrapper#3 - Analyzing current environment state...
2024-10-11 05:17:21,953 INFO - ContAudITWrapper#3 - Saving current environment state...
2024-10-11 05:17:21,954 INFO - ContAudITWrapper#3 - Environment state hash: a7ffc6f8bf1ed76651c14756a061d662f580ff4de43b49fa82d80a4b80f8434a
2024-10-11 05:17:21,955 INFO - ContAudITWrapper#3 - Executing command...
2024-10-11 05:17:23,207 INFO - ContAudITWrapper#3 - Command output: 
2024-10-11 05:17:22.002770155 [executor] Initializing the workflow...
[apache2_workflow] Apache HTTP Server already installed.
[apache2_workflow] UserDir module already loaded.
[apache2_workflow] Configs to UserDir already exist.
[apache2_workflow] public_html directory already exists in /home/ec2-user.
[apache2_workflow] Creating a simple webpage...
[apache2_workflow] Moving webpage to Apache HTTP Server user website folder...
[apache2_workflow] Page moved successfully!
2024-10-11 05:17:23.206711583 [executor] Finished!

2024-10-11 05:17:23,207 INFO - ContAudITWrapper#3 - Running post-command actions...
2024-10-11 05:17:23,208 INFO - ContAudITWrapper#3 - Analyzing current environment state...
2024-10-11 05:17:23,297 INFO - ContAudITWrapper#3 - Saving current environment state...
2024-10-11 05:17:23,298 INFO - ContAudITWrapper#3 - Environment state hash: a7ffc6f8bf1ed76651c14756a061d662f580ff4de43b49fa82d80a4b80f8434a
2024-10-11 05:17:23,298 INFO - ContAudITWrapper#3 - Checking environment diff...
2024-10-11 05:17:23,365 INFO - ContAudITWrapper#3 - Environment diff: 
2024-10-11 05:17:23,365 INFO - ContAudITWrapper#3 - Cleaning temporary files...
2024-10-11 05:17:23,572 INFO - ContAudITWrapper#3 - Sending to blockchain...
2024-10-11 05:17:38,467 INFO - ContAudITWrapper#3 - Response 
2024-10-11 05:17:38,469 INFO - ContAudITWrapper#3 - Finishing ContAudIT Wrapper...
