2024-10-11 09:03:23,581 INFO - ContAudITWrapper#10 - Initializing ContAudIT Wrapper...
2024-10-11 09:03:23,591 INFO - ContAudITWrapper#10 - Current directory: /home/ec2-user/Code/ufrgs-poc/contaudit-wrapper.jar
2024-10-11 09:03:25,773 INFO - ContAudITWrapper#10 - Wrapper hash: b7519188ed863d76e5199a8d880bb968bdf9124fad53b871583787e123a7a764
2024-10-11 09:03:25,778 INFO - ContAudITWrapper#10 - Validating Wrapper...
2024-10-11 09:03:28,170 INFO - ContAudITWrapper#10 - Response true
2024-10-11 09:03:28,250 INFO - ContAudITWrapper#10 - Application hash: e36ee2d35f8c4c41bd358782dfb3ac8852b40439d350ff27616f0c18819ce9bf
2024-10-11 09:03:28,252 INFO - ContAudITWrapper#10 - Validating Application...
2024-10-11 09:03:28,823 INFO - ContAudITWrapper#10 - Response true
2024-10-11 09:03:28,826 INFO - ContAudITWrapper#10 - Artifact vim.workflow hash: c2cd8e965b29c5d0c1074b5d083f6beb66f185746aced776659b092dece12743
2024-10-11 09:03:28,830 INFO - ContAudITWrapper#10 - Validating Artifact...
2024-10-11 09:03:29,407 INFO - ContAudITWrapper#10 - Response true
2024-10-11 09:03:29,409 INFO - ContAudITWrapper#10 - Running pre-command actions...
2024-10-11 09:03:29,410 INFO - ContAudITWrapper#10 - Analyzing current environment state...
2024-10-11 09:03:29,417 INFO - ContAudITWrapper#10 - Saving current environment state...
2024-10-11 09:03:29,418 INFO - ContAudITWrapper#10 - Environment state hash: a7ffc6f8bf1ed76651c14756a061d662f580ff4de43b49fa82d80a4b80f8434a
2024-10-11 09:03:29,418 INFO - ContAudITWrapper#10 - Executing command...
2024-10-11 09:03:30,398 INFO - ContAudITWrapper#10 - Command output: 
2024-10-11 09:03:29.422165968 [executor] Initializing the workflow...
[vim_workflow] Checking operating system...
[vim_workflow] Detected Amazon Linux.
[vim_workflow] Checking if vim is installed...
[vim_workflow] Vim found! Removing...
Dependencies resolved.
================================================================================
 Package          Arch       Version                     Repository        Size
================================================================================
Removing:
 vim-enhanced     x86_64     2:9.0.2153-1.amzn2023       @amazonlinux     4.0 M

Transaction Summary
================================================================================
Remove  1 Package

Freed space: 4.0 M
Running transaction check
Transaction check succeeded.
Running transaction test
Transaction test succeeded.
Running transaction
  Preparing        :                                                        1/1 
  Erasing          : vim-enhanced-2:9.0.2153-1.amzn2023.x86_64              1/1 
  Verifying        : vim-enhanced-2:9.0.2153-1.amzn2023.x86_64              1/1 

Removed:
  vim-enhanced-2:9.0.2153-1.amzn2023.x86_64                                     

Complete!
2024-10-11 09:03:30.398406445 [executor] Finished!

2024-10-11 09:03:30,400 INFO - ContAudITWrapper#10 - Running post-command actions...
2024-10-11 09:03:30,400 INFO - ContAudITWrapper#10 - Analyzing current environment state...
2024-10-11 09:03:30,404 INFO - ContAudITWrapper#10 - Saving current environment state...
2024-10-11 09:03:30,404 INFO - ContAudITWrapper#10 - Environment state hash: a7ffc6f8bf1ed76651c14756a061d662f580ff4de43b49fa82d80a4b80f8434a
2024-10-11 09:03:30,404 INFO - ContAudITWrapper#10 - Checking environment diff...
2024-10-11 09:03:30,407 INFO - ContAudITWrapper#10 - Environment diff: 
2024-10-11 09:03:30,407 INFO - ContAudITWrapper#10 - Cleaning temporary files...
2024-10-11 09:03:30,410 INFO - ContAudITWrapper#10 - Sending to blockchain...
2024-10-11 09:03:33,046 INFO - ContAudITWrapper#10 - Response 
2024-10-11 09:03:33,048 INFO - ContAudITWrapper#10 - Finishing ContAudIT Wrapper...
