2024-06-27 23:25:14,283 INFO - ContAudITWrapper#16 - Initializing ContAudIT Wrapper...
2024-06-27 23:25:14,419 INFO - ContAudITWrapper#16 - Current directory: /home/kali/Code/ufrgs-poc/contaudit-wrapper.jar
2024-06-27 23:25:22,534 INFO - ContAudITWrapper#16 - Wrapper hash: c76a1b1bb9edc25f91da61e17225b6709df7b63d34810aab1d42c0f930950c0b
2024-06-27 23:25:22,578 INFO - ContAudITWrapper#16 - Validating Wrapper...
2024-06-27 23:25:46,369 INFO - ContAudITWrapper#16 - Response true
2024-06-27 23:25:46,465 INFO - ContAudITWrapper#16 - Application hash: e36ee2d35f8c4c41bd358782dfb3ac8852b40439d350ff27616f0c18819ce9bf
2024-06-27 23:25:46,466 INFO - ContAudITWrapper#16 - Validating Application...
2024-06-27 23:25:51,452 INFO - ContAudITWrapper#16 - Response true
2024-06-27 23:25:51,471 INFO - ContAudITWrapper#16 - Artifact apache2.workflow hash: 94d5f6758492dbe0e869e1486907a86cb16f7931019b4acb0e7f38c98cf1b06d
2024-06-27 23:25:51,477 INFO - ContAudITWrapper#16 - Validating Artifact...
2024-06-27 23:25:54,617 INFO - ContAudITWrapper#16 - Response true
2024-06-27 23:25:54,640 INFO - ContAudITWrapper#16 - Running pre-command actions...
2024-06-27 23:25:54,642 INFO - ContAudITWrapper#16 - Analyzing current environment state...
2024-06-27 23:25:55,082 INFO - ContAudITWrapper#16 - Saving current environment state...
2024-06-27 23:25:55,085 INFO - ContAudITWrapper#16 - Environment state hash: 1776e4b78f696d486603e30cb7241013e927d69ca8030fa37e187c49ffd758cd
2024-06-27 23:25:55,086 INFO - ContAudITWrapper#16 - Executing command...
2024-06-27 23:25:55,185 INFO - ContAudITWrapper#16 - Command output: 
2024-06-27 23:25:55.108522964 [executor] Initializing the workflow...
[apache2_workflow] Create a simple webpage...
[apache2_workflow] Move webpage to Apache HTTP Server user website folder...
2024-06-27 23:25:55.184391380 [executor] Finished!

2024-06-27 23:25:55,185 INFO - ContAudITWrapper#16 - Running post-command actions...
2024-06-27 23:25:55,185 INFO - ContAudITWrapper#16 - Analyzing current environment state...
2024-06-27 23:25:55,507 INFO - ContAudITWrapper#16 - Saving current environment state...
2024-06-27 23:25:55,516 INFO - ContAudITWrapper#16 - Environment state hash: 1776e4b78f696d486603e30cb7241013e927d69ca8030fa37e187c49ffd758cd
2024-06-27 23:25:55,516 INFO - ContAudITWrapper#16 - Checking environment diff...
2024-06-27 23:25:55,582 INFO - ContAudITWrapper#16 - Environment diff: 
2024-06-27 23:25:55,583 INFO - ContAudITWrapper#16 - Cleaning temporary files...
2024-06-27 23:25:55,644 INFO - ContAudITWrapper#16 - Sending to blockchain...
2024-06-27 23:26:01,950 INFO - ContAudITWrapper#16 - Response 
2024-06-27 23:26:01,995 INFO - ContAudITWrapper#16 - Finishing ContAudIT Wrapper...
