2024-06-27 23:25:14,160 INFO - ContAudITWrapper#10 - Initializing ContAudIT Wrapper...
2024-06-27 23:25:14,234 INFO - ContAudITWrapper#10 - Current directory: /home/kali/Code/ufrgs-poc/contaudit-wrapper.jar
2024-06-27 23:25:20,783 INFO - ContAudITWrapper#10 - Wrapper hash: c76a1b1bb9edc25f91da61e17225b6709df7b63d34810aab1d42c0f930950c0b
2024-06-27 23:25:20,797 INFO - ContAudITWrapper#10 - Validating Wrapper...
2024-06-27 23:25:41,887 INFO - ContAudITWrapper#10 - Response true
2024-06-27 23:25:41,979 INFO - ContAudITWrapper#10 - Application hash: e36ee2d35f8c4c41bd358782dfb3ac8852b40439d350ff27616f0c18819ce9bf
2024-06-27 23:25:41,980 INFO - ContAudITWrapper#10 - Validating Application...
2024-06-27 23:25:45,673 INFO - ContAudITWrapper#10 - Response true
2024-06-27 23:25:45,685 INFO - ContAudITWrapper#10 - Artifact apache2.workflow hash: 94d5f6758492dbe0e869e1486907a86cb16f7931019b4acb0e7f38c98cf1b06d
2024-06-27 23:25:45,713 INFO - ContAudITWrapper#10 - Validating Artifact...
2024-06-27 23:25:51,130 INFO - ContAudITWrapper#10 - Response true
2024-06-27 23:25:51,143 INFO - ContAudITWrapper#10 - Running pre-command actions...
2024-06-27 23:25:51,147 INFO - ContAudITWrapper#10 - Analyzing current environment state...
2024-06-27 23:25:51,657 INFO - ContAudITWrapper#10 - Saving current environment state...
2024-06-27 23:25:51,660 INFO - ContAudITWrapper#10 - Environment state hash: 1776e4b78f696d486603e30cb7241013e927d69ca8030fa37e187c49ffd758cd
2024-06-27 23:25:51,661 INFO - ContAudITWrapper#10 - Executing command...
2024-06-27 23:25:52,090 INFO - ContAudITWrapper#10 - Command output: 
2024-06-27 23:25:51.731497569 [executor] Initializing the workflow...
[apache2_workflow] Create a simple webpage...
[apache2_workflow] Move webpage to Apache HTTP Server user website folder...
2024-06-27 23:25:52.089709682 [executor] Finished!

2024-06-27 23:25:52,091 INFO - ContAudITWrapper#10 - Running post-command actions...
2024-06-27 23:25:52,091 INFO - ContAudITWrapper#10 - Analyzing current environment state...
2024-06-27 23:25:52,910 INFO - ContAudITWrapper#10 - Saving current environment state...
2024-06-27 23:25:52,913 INFO - ContAudITWrapper#10 - Environment state hash: 1776e4b78f696d486603e30cb7241013e927d69ca8030fa37e187c49ffd758cd
2024-06-27 23:25:52,914 INFO - ContAudITWrapper#10 - Checking environment diff...
2024-06-27 23:25:53,054 INFO - ContAudITWrapper#10 - Environment diff: 
2024-06-27 23:25:53,055 INFO - ContAudITWrapper#10 - Cleaning temporary files...
2024-06-27 23:25:53,128 INFO - ContAudITWrapper#10 - Sending to blockchain...
2024-06-27 23:25:59,796 INFO - ContAudITWrapper#10 - Response 
2024-06-27 23:25:59,797 INFO - ContAudITWrapper#10 - Finishing ContAudIT Wrapper...
