2024-06-27 23:25:14,370 INFO - ContAudITWrapper#15 - Initializing ContAudIT Wrapper...
2024-06-27 23:25:14,418 INFO - ContAudITWrapper#15 - Current directory: /home/kali/Code/ufrgs-poc/contaudit-wrapper.jar
2024-06-27 23:25:21,705 INFO - ContAudITWrapper#15 - Wrapper hash: c76a1b1bb9edc25f91da61e17225b6709df7b63d34810aab1d42c0f930950c0b
2024-06-27 23:25:21,760 INFO - ContAudITWrapper#15 - Validating Wrapper...
2024-06-27 23:25:39,678 INFO - ContAudITWrapper#15 - Response true
2024-06-27 23:25:39,814 INFO - ContAudITWrapper#15 - Application hash: e36ee2d35f8c4c41bd358782dfb3ac8852b40439d350ff27616f0c18819ce9bf
2024-06-27 23:25:39,816 INFO - ContAudITWrapper#15 - Validating Application...
2024-06-27 23:25:45,432 INFO - ContAudITWrapper#15 - Response true
2024-06-27 23:25:45,437 INFO - ContAudITWrapper#15 - Artifact apache2.workflow hash: 94d5f6758492dbe0e869e1486907a86cb16f7931019b4acb0e7f38c98cf1b06d
2024-06-27 23:25:45,445 INFO - ContAudITWrapper#15 - Validating Artifact...
2024-06-27 23:25:49,634 INFO - ContAudITWrapper#15 - Response true
2024-06-27 23:25:49,649 INFO - ContAudITWrapper#15 - Running pre-command actions...
2024-06-27 23:25:49,650 INFO - ContAudITWrapper#15 - Analyzing current environment state...
2024-06-27 23:25:49,966 INFO - ContAudITWrapper#15 - Saving current environment state...
2024-06-27 23:25:49,974 INFO - ContAudITWrapper#15 - Environment state hash: 1776e4b78f696d486603e30cb7241013e927d69ca8030fa37e187c49ffd758cd
2024-06-27 23:25:49,974 INFO - ContAudITWrapper#15 - Executing command...
2024-06-27 23:25:50,327 INFO - ContAudITWrapper#15 - Command output: 
2024-06-27 23:25:50.085543462 [executor] Initializing the workflow...
[apache2_workflow] Create a simple webpage...
[apache2_workflow] Move webpage to Apache HTTP Server user website folder...
2024-06-27 23:25:50.314984982 [executor] Finished!

2024-06-27 23:25:50,327 INFO - ContAudITWrapper#15 - Running post-command actions...
2024-06-27 23:25:50,328 INFO - ContAudITWrapper#15 - Analyzing current environment state...
2024-06-27 23:25:50,958 INFO - ContAudITWrapper#15 - Saving current environment state...
2024-06-27 23:25:50,961 INFO - ContAudITWrapper#15 - Environment state hash: 1776e4b78f696d486603e30cb7241013e927d69ca8030fa37e187c49ffd758cd
2024-06-27 23:25:50,962 INFO - ContAudITWrapper#15 - Checking environment diff...
2024-06-27 23:25:51,010 INFO - ContAudITWrapper#15 - Environment diff: 
2024-06-27 23:25:51,011 INFO - ContAudITWrapper#15 - Cleaning temporary files...
2024-06-27 23:25:51,047 INFO - ContAudITWrapper#15 - Sending to blockchain...
2024-06-27 23:25:58,419 INFO - ContAudITWrapper#15 - Response 
2024-06-27 23:25:58,443 INFO - ContAudITWrapper#15 - Finishing ContAudIT Wrapper...
