2024-06-27 23:25:15,633 INFO - ContAudITWrapper#4 - Initializing ContAudIT Wrapper...
2024-06-27 23:25:15,767 INFO - ContAudITWrapper#4 - Current directory: /home/kali/Code/ufrgs-poc/contaudit-wrapper.jar
2024-06-27 23:25:24,107 INFO - ContAudITWrapper#4 - Wrapper hash: c76a1b1bb9edc25f91da61e17225b6709df7b63d34810aab1d42c0f930950c0b
2024-06-27 23:25:24,123 INFO - ContAudITWrapper#4 - Validating Wrapper...
2024-06-27 23:25:47,911 INFO - ContAudITWrapper#4 - Response true
2024-06-27 23:25:48,032 INFO - ContAudITWrapper#4 - Application hash: e36ee2d35f8c4c41bd358782dfb3ac8852b40439d350ff27616f0c18819ce9bf
2024-06-27 23:25:48,042 INFO - ContAudITWrapper#4 - Validating Application...
2024-06-27 23:25:51,671 INFO - ContAudITWrapper#4 - Response true
2024-06-27 23:25:51,698 INFO - ContAudITWrapper#4 - Artifact apache2.workflow hash: 94d5f6758492dbe0e869e1486907a86cb16f7931019b4acb0e7f38c98cf1b06d
2024-06-27 23:25:51,717 INFO - ContAudITWrapper#4 - Validating Artifact...
2024-06-27 23:25:54,486 INFO - ContAudITWrapper#4 - Response true
2024-06-27 23:25:54,507 INFO - ContAudITWrapper#4 - Running pre-command actions...
2024-06-27 23:25:54,508 INFO - ContAudITWrapper#4 - Analyzing current environment state...
2024-06-27 23:25:55,109 INFO - ContAudITWrapper#4 - Saving current environment state...
2024-06-27 23:25:55,112 INFO - ContAudITWrapper#4 - Environment state hash: 1776e4b78f696d486603e30cb7241013e927d69ca8030fa37e187c49ffd758cd
2024-06-27 23:25:55,112 INFO - ContAudITWrapper#4 - Executing command...
2024-06-27 23:25:55,208 INFO - ContAudITWrapper#4 - Command output: 
2024-06-27 23:25:55.132403703 [executor] Initializing the workflow...
[apache2_workflow] Create a simple webpage...
[apache2_workflow] Move webpage to Apache HTTP Server user website folder...
2024-06-27 23:25:55.208103385 [executor] Finished!

2024-06-27 23:25:55,209 INFO - ContAudITWrapper#4 - Running post-command actions...
2024-06-27 23:25:55,209 INFO - ContAudITWrapper#4 - Analyzing current environment state...
2024-06-27 23:25:55,396 INFO - ContAudITWrapper#4 - Saving current environment state...
2024-06-27 23:25:55,402 INFO - ContAudITWrapper#4 - Environment state hash: 1776e4b78f696d486603e30cb7241013e927d69ca8030fa37e187c49ffd758cd
2024-06-27 23:25:55,408 INFO - ContAudITWrapper#4 - Checking environment diff...
2024-06-27 23:25:55,501 INFO - ContAudITWrapper#4 - Environment diff: 
2024-06-27 23:25:55,501 INFO - ContAudITWrapper#4 - Cleaning temporary files...
2024-06-27 23:25:55,573 INFO - ContAudITWrapper#4 - Sending to blockchain...
2024-06-27 23:26:01,987 INFO - ContAudITWrapper#4 - Response 
2024-06-27 23:26:01,999 INFO - ContAudITWrapper#4 - Finishing ContAudIT Wrapper...
