2024-06-27 23:25:15,731 INFO - ContAudITWrapper#13 - Initializing ContAudIT Wrapper...
2024-06-27 23:25:15,809 INFO - ContAudITWrapper#13 - Current directory: /home/kali/Code/ufrgs-poc/contaudit-wrapper.jar
2024-06-27 23:25:23,166 INFO - ContAudITWrapper#13 - Wrapper hash: c76a1b1bb9edc25f91da61e17225b6709df7b63d34810aab1d42c0f930950c0b
2024-06-27 23:25:23,196 INFO - ContAudITWrapper#13 - Validating Wrapper...
2024-06-27 23:25:46,099 INFO - ContAudITWrapper#13 - Response true
2024-06-27 23:25:46,248 INFO - ContAudITWrapper#13 - Application hash: e36ee2d35f8c4c41bd358782dfb3ac8852b40439d350ff27616f0c18819ce9bf
2024-06-27 23:25:46,249 INFO - ContAudITWrapper#13 - Validating Application...
2024-06-27 23:25:52,501 INFO - ContAudITWrapper#13 - Response true
2024-06-27 23:25:52,505 INFO - ContAudITWrapper#13 - Artifact apache2.workflow hash: 94d5f6758492dbe0e869e1486907a86cb16f7931019b4acb0e7f38c98cf1b06d
2024-06-27 23:25:52,510 INFO - ContAudITWrapper#13 - Validating Artifact...
2024-06-27 23:25:56,529 INFO - ContAudITWrapper#13 - Response true
2024-06-27 23:25:56,574 INFO - ContAudITWrapper#13 - Running pre-command actions...
2024-06-27 23:25:56,577 INFO - ContAudITWrapper#13 - Analyzing current environment state...
2024-06-27 23:25:57,003 INFO - ContAudITWrapper#13 - Saving current environment state...
2024-06-27 23:25:57,009 INFO - ContAudITWrapper#13 - Environment state hash: 1776e4b78f696d486603e30cb7241013e927d69ca8030fa37e187c49ffd758cd
2024-06-27 23:25:57,009 INFO - ContAudITWrapper#13 - Executing command...
2024-06-27 23:25:57,228 INFO - ContAudITWrapper#13 - Command output: 
2024-06-27 23:25:57.057993811 [executor] Initializing the workflow...
[apache2_workflow] Create a simple webpage...
[apache2_workflow] Move webpage to Apache HTTP Server user website folder...
2024-06-27 23:25:57.227996556 [executor] Finished!

2024-06-27 23:25:57,229 INFO - ContAudITWrapper#13 - Running post-command actions...
2024-06-27 23:25:57,229 INFO - ContAudITWrapper#13 - Analyzing current environment state...
2024-06-27 23:25:57,459 INFO - ContAudITWrapper#13 - Saving current environment state...
2024-06-27 23:25:57,462 INFO - ContAudITWrapper#13 - Environment state hash: 1776e4b78f696d486603e30cb7241013e927d69ca8030fa37e187c49ffd758cd
2024-06-27 23:25:57,472 INFO - ContAudITWrapper#13 - Checking environment diff...
2024-06-27 23:25:57,503 INFO - ContAudITWrapper#13 - Environment diff: 
2024-06-27 23:25:57,503 INFO - ContAudITWrapper#13 - Cleaning temporary files...
2024-06-27 23:25:57,536 INFO - ContAudITWrapper#13 - Sending to blockchain...
2024-06-27 23:26:01,937 INFO - ContAudITWrapper#13 - Response 
2024-06-27 23:26:01,964 INFO - ContAudITWrapper#13 - Finishing ContAudIT Wrapper...
