2024-06-27 23:25:14,047 INFO - ContAudITWrapper#8 - Initializing ContAudIT Wrapper...
2024-06-27 23:25:14,099 INFO - ContAudITWrapper#8 - Current directory: /home/kali/Code/ufrgs-poc/contaudit-wrapper.jar
2024-06-27 23:25:20,720 INFO - ContAudITWrapper#8 - Wrapper hash: c76a1b1bb9edc25f91da61e17225b6709df7b63d34810aab1d42c0f930950c0b
2024-06-27 23:25:20,746 INFO - ContAudITWrapper#8 - Validating Wrapper...
2024-06-27 23:25:40,908 INFO - ContAudITWrapper#8 - Response true
2024-06-27 23:25:41,092 INFO - ContAudITWrapper#8 - Application hash: e36ee2d35f8c4c41bd358782dfb3ac8852b40439d350ff27616f0c18819ce9bf
2024-06-27 23:25:41,100 INFO - ContAudITWrapper#8 - Validating Application...
2024-06-27 23:25:45,307 INFO - ContAudITWrapper#8 - Response true
2024-06-27 23:25:45,310 INFO - ContAudITWrapper#8 - Artifact apache2.workflow hash: 94d5f6758492dbe0e869e1486907a86cb16f7931019b4acb0e7f38c98cf1b06d
2024-06-27 23:25:45,329 INFO - ContAudITWrapper#8 - Validating Artifact...
2024-06-27 23:25:48,285 INFO - ContAudITWrapper#8 - Response true
2024-06-27 23:25:48,331 INFO - ContAudITWrapper#8 - Running pre-command actions...
2024-06-27 23:25:48,332 INFO - ContAudITWrapper#8 - Analyzing current environment state...
2024-06-27 23:25:49,223 INFO - ContAudITWrapper#8 - Saving current environment state...
2024-06-27 23:25:49,225 INFO - ContAudITWrapper#8 - Environment state hash: 1776e4b78f696d486603e30cb7241013e927d69ca8030fa37e187c49ffd758cd
2024-06-27 23:25:49,226 INFO - ContAudITWrapper#8 - Executing command...
2024-06-27 23:25:49,465 INFO - ContAudITWrapper#8 - Command output: 
2024-06-27 23:25:49.307170141 [executor] Initializing the workflow...
[apache2_workflow] Create a simple webpage...
[apache2_workflow] Move webpage to Apache HTTP Server user website folder...
2024-06-27 23:25:49.464622186 [executor] Finished!

2024-06-27 23:25:49,465 INFO - ContAudITWrapper#8 - Running post-command actions...
2024-06-27 23:25:49,466 INFO - ContAudITWrapper#8 - Analyzing current environment state...
2024-06-27 23:25:50,216 INFO - ContAudITWrapper#8 - Saving current environment state...
2024-06-27 23:25:50,219 INFO - ContAudITWrapper#8 - Environment state hash: 1776e4b78f696d486603e30cb7241013e927d69ca8030fa37e187c49ffd758cd
2024-06-27 23:25:50,219 INFO - ContAudITWrapper#8 - Checking environment diff...
2024-06-27 23:25:50,227 INFO - ContAudITWrapper#8 - Environment diff: 
2024-06-27 23:25:50,228 INFO - ContAudITWrapper#8 - Cleaning temporary files...
2024-06-27 23:25:50,284 INFO - ContAudITWrapper#8 - Sending to blockchain...
2024-06-27 23:25:58,436 INFO - ContAudITWrapper#8 - Response 
2024-06-27 23:25:58,446 INFO - ContAudITWrapper#8 - Finishing ContAudIT Wrapper...
