2024-10-09 03:26:12,640 INFO - ContAudITWrapper#15 - Initializing ContAudIT Wrapper...
2024-10-09 03:26:12,817 INFO - ContAudITWrapper#15 - Current directory: /home/ec2-user/Code/ufrgs-poc/contaudit-wrapper.jar
2024-10-09 03:26:26,347 INFO - ContAudITWrapper#15 - Wrapper hash: b7519188ed863d76e5199a8d880bb968bdf9124fad53b871583787e123a7a764
2024-10-09 03:26:26,356 INFO - ContAudITWrapper#15 - Validating Wrapper...
2024-10-09 03:27:15,470 INFO - ContAudITWrapper#15 - Response true
2024-10-09 03:27:15,655 INFO - ContAudITWrapper#15 - Application hash: e36ee2d35f8c4c41bd358782dfb3ac8852b40439d350ff27616f0c18819ce9bf
2024-10-09 03:27:15,656 INFO - ContAudITWrapper#15 - Validating Application...
2024-10-09 03:27:29,812 INFO - ContAudITWrapper#15 - Response true
2024-10-09 03:27:29,834 INFO - ContAudITWrapper#15 - Artifact apache2.workflow hash: bdb4cee855e21446b6ae53ddcb76a1632ef8c4545b5db0517e01ffd552157f6e
2024-10-09 03:27:29,850 INFO - ContAudITWrapper#15 - Validating Artifact...
2024-10-09 03:27:41,646 INFO - ContAudITWrapper#15 - Response true
2024-10-09 03:27:41,661 INFO - ContAudITWrapper#15 - Running pre-command actions...
2024-10-09 03:27:41,663 INFO - ContAudITWrapper#15 - Analyzing current environment state...
2024-10-09 03:27:41,939 INFO - ContAudITWrapper#15 - Saving current environment state...
2024-10-09 03:27:41,940 INFO - ContAudITWrapper#15 - Environment state hash: a7ffc6f8bf1ed76651c14756a061d662f580ff4de43b49fa82d80a4b80f8434a
2024-10-09 03:27:41,941 INFO - ContAudITWrapper#15 - Executing command...
2024-10-09 03:27:43,526 INFO - ContAudITWrapper#15 - Command output: 
2024-10-09 03:27:42.145364148 [executor] Initializing the workflow...
[apache2_workflow] Apache HTTP Server already installed.
[apache2_workflow] UserDir module already loaded.
[apache2_workflow] Configs to UserDir already exist.
[apache2_workflow] public_html directory already exists in /home/ec2-user.
[apache2_workflow] Creating a simple webpage...
[apache2_workflow] Moving webpage to Apache HTTP Server user website folder...
[apache2_workflow] Page moved successfully!
2024-10-09 03:27:43.525633760 [executor] Finished!

2024-10-09 03:27:43,527 INFO - ContAudITWrapper#15 - Running post-command actions...
2024-10-09 03:27:43,527 INFO - ContAudITWrapper#15 - Analyzing current environment state...
2024-10-09 03:27:43,623 INFO - ContAudITWrapper#15 - Saving current environment state...
2024-10-09 03:27:43,624 INFO - ContAudITWrapper#15 - Environment state hash: a7ffc6f8bf1ed76651c14756a061d662f580ff4de43b49fa82d80a4b80f8434a
2024-10-09 03:27:43,624 INFO - ContAudITWrapper#15 - Checking environment diff...
2024-10-09 03:27:43,771 INFO - ContAudITWrapper#15 - Environment diff: 
2024-10-09 03:27:43,772 INFO - ContAudITWrapper#15 - Cleaning temporary files...
2024-10-09 03:27:43,836 INFO - ContAudITWrapper#15 - Sending to blockchain...
2024-10-09 03:27:56,526 INFO - ContAudITWrapper#15 - Response 
2024-10-09 03:27:56,527 INFO - ContAudITWrapper#15 - Finishing ContAudIT Wrapper...
