2024-10-09 03:26:13,015 INFO - ContAudITWrapper#37 - Initializing ContAudIT Wrapper...
2024-10-09 03:26:13,216 INFO - ContAudITWrapper#37 - Current directory: /home/ec2-user/Code/ufrgs-poc/contaudit-wrapper.jar
2024-10-09 03:26:30,186 INFO - ContAudITWrapper#37 - Wrapper hash: b7519188ed863d76e5199a8d880bb968bdf9124fad53b871583787e123a7a764
2024-10-09 03:26:30,244 INFO - ContAudITWrapper#37 - Validating Wrapper...
2024-10-09 03:27:25,516 INFO - ContAudITWrapper#37 - Response true
2024-10-09 03:27:25,524 INFO - ContAudITWrapper#37 - Application hash: e36ee2d35f8c4c41bd358782dfb3ac8852b40439d350ff27616f0c18819ce9bf
2024-10-09 03:27:25,736 INFO - ContAudITWrapper#37 - Validating Application...
2024-10-09 03:27:36,397 INFO - ContAudITWrapper#37 - Response true
2024-10-09 03:27:36,412 INFO - ContAudITWrapper#37 - Artifact apache2.workflow hash: bdb4cee855e21446b6ae53ddcb76a1632ef8c4545b5db0517e01ffd552157f6e
2024-10-09 03:27:36,450 INFO - ContAudITWrapper#37 - Validating Artifact...
2024-10-09 03:27:47,166 INFO - ContAudITWrapper#37 - Response true
2024-10-09 03:27:47,177 INFO - ContAudITWrapper#37 - Running pre-command actions...
2024-10-09 03:27:47,178 INFO - ContAudITWrapper#37 - Analyzing current environment state...
2024-10-09 03:27:47,334 INFO - ContAudITWrapper#37 - Saving current environment state...
2024-10-09 03:27:47,335 INFO - ContAudITWrapper#37 - Environment state hash: a7ffc6f8bf1ed76651c14756a061d662f580ff4de43b49fa82d80a4b80f8434a
2024-10-09 03:27:47,336 INFO - ContAudITWrapper#37 - Executing command...
2024-10-09 03:27:48,632 INFO - ContAudITWrapper#37 - Command output: 
2024-10-09 03:27:47.408769555 [executor] Initializing the workflow...
[apache2_workflow] Apache HTTP Server already installed.
[apache2_workflow] UserDir module already loaded.
[apache2_workflow] Configs to UserDir already exist.
[apache2_workflow] public_html directory already exists in /home/ec2-user.
[apache2_workflow] Creating a simple webpage...
[apache2_workflow] Moving webpage to Apache HTTP Server user website folder...
[apache2_workflow] Page moved successfully!
2024-10-09 03:27:48.631838231 [executor] Finished!

2024-10-09 03:27:48,633 INFO - ContAudITWrapper#37 - Running post-command actions...
2024-10-09 03:27:48,633 INFO - ContAudITWrapper#37 - Analyzing current environment state...
2024-10-09 03:27:48,741 INFO - ContAudITWrapper#37 - Saving current environment state...
2024-10-09 03:27:48,743 INFO - ContAudITWrapper#37 - Environment state hash: a7ffc6f8bf1ed76651c14756a061d662f580ff4de43b49fa82d80a4b80f8434a
2024-10-09 03:27:48,743 INFO - ContAudITWrapper#37 - Checking environment diff...
2024-10-09 03:27:48,956 INFO - ContAudITWrapper#37 - Environment diff: 
2024-10-09 03:27:48,957 INFO - ContAudITWrapper#37 - Cleaning temporary files...
2024-10-09 03:27:49,011 INFO - ContAudITWrapper#37 - Sending to blockchain...
2024-10-09 03:28:02,951 INFO - ContAudITWrapper#37 - Response 
2024-10-09 03:28:02,953 INFO - ContAudITWrapper#37 - Finishing ContAudIT Wrapper...
