2024-10-09 03:26:12,585 INFO - ContAudITWrapper#4 - Initializing ContAudIT Wrapper...
2024-10-09 03:26:12,797 INFO - ContAudITWrapper#4 - Current directory: /home/ec2-user/Code/ufrgs-poc/contaudit-wrapper.jar
2024-10-09 03:26:30,861 INFO - ContAudITWrapper#4 - Wrapper hash: b7519188ed863d76e5199a8d880bb968bdf9124fad53b871583787e123a7a764
2024-10-09 03:26:30,940 INFO - ContAudITWrapper#4 - Validating Wrapper...
2024-10-09 03:27:28,447 INFO - ContAudITWrapper#4 - Response true
2024-10-09 03:27:28,716 INFO - ContAudITWrapper#4 - Application hash: e36ee2d35f8c4c41bd358782dfb3ac8852b40439d350ff27616f0c18819ce9bf
2024-10-09 03:27:28,717 INFO - ContAudITWrapper#4 - Validating Application...
2024-10-09 03:27:40,493 INFO - ContAudITWrapper#4 - Response true
2024-10-09 03:27:40,504 INFO - ContAudITWrapper#4 - Artifact apache2.workflow hash: bdb4cee855e21446b6ae53ddcb76a1632ef8c4545b5db0517e01ffd552157f6e
2024-10-09 03:27:40,614 INFO - ContAudITWrapper#4 - Validating Artifact...
2024-10-09 03:27:50,571 INFO - ContAudITWrapper#4 - Response true
2024-10-09 03:27:50,579 INFO - ContAudITWrapper#4 - Running pre-command actions...
2024-10-09 03:27:50,580 INFO - ContAudITWrapper#4 - Analyzing current environment state...
2024-10-09 03:27:50,774 INFO - ContAudITWrapper#4 - Saving current environment state...
2024-10-09 03:27:50,775 INFO - ContAudITWrapper#4 - Environment state hash: a7ffc6f8bf1ed76651c14756a061d662f580ff4de43b49fa82d80a4b80f8434a
2024-10-09 03:27:50,776 INFO - ContAudITWrapper#4 - Executing command...
2024-10-09 03:27:52,204 INFO - ContAudITWrapper#4 - Command output: 
2024-10-09 03:27:51.047281370 [executor] Initializing the workflow...
[apache2_workflow] Apache HTTP Server already installed.
[apache2_workflow] UserDir module already loaded.
[apache2_workflow] Configs to UserDir already exist.
[apache2_workflow] public_html directory already exists in /home/ec2-user.
[apache2_workflow] Creating a simple webpage...
[apache2_workflow] Moving webpage to Apache HTTP Server user website folder...
[apache2_workflow] Page moved successfully!
2024-10-09 03:27:52.203605360 [executor] Finished!

2024-10-09 03:27:52,205 INFO - ContAudITWrapper#4 - Running post-command actions...
2024-10-09 03:27:52,205 INFO - ContAudITWrapper#4 - Analyzing current environment state...
2024-10-09 03:27:52,356 INFO - ContAudITWrapper#4 - Saving current environment state...
2024-10-09 03:27:52,356 INFO - ContAudITWrapper#4 - Environment state hash: a7ffc6f8bf1ed76651c14756a061d662f580ff4de43b49fa82d80a4b80f8434a
2024-10-09 03:27:52,357 INFO - ContAudITWrapper#4 - Checking environment diff...
2024-10-09 03:27:52,447 INFO - ContAudITWrapper#4 - Environment diff: 
2024-10-09 03:27:52,447 INFO - ContAudITWrapper#4 - Cleaning temporary files...
2024-10-09 03:27:52,550 INFO - ContAudITWrapper#4 - Sending to blockchain...
2024-10-09 03:28:05,181 INFO - ContAudITWrapper#4 - Response 
2024-10-09 03:28:05,190 INFO - ContAudITWrapper#4 - Finishing ContAudIT Wrapper...
