2024-10-09 03:26:12,936 INFO - ContAudITWrapper#23 - Initializing ContAudIT Wrapper...
2024-10-09 03:26:13,095 INFO - ContAudITWrapper#23 - Current directory: /home/ec2-user/Code/ufrgs-poc/contaudit-wrapper.jar
2024-10-09 03:26:30,673 INFO - ContAudITWrapper#23 - Wrapper hash: b7519188ed863d76e5199a8d880bb968bdf9124fad53b871583787e123a7a764
2024-10-09 03:26:30,728 INFO - ContAudITWrapper#23 - Validating Wrapper...
2024-10-09 03:27:27,320 INFO - ContAudITWrapper#23 - Response true
2024-10-09 03:27:27,482 INFO - ContAudITWrapper#23 - Application hash: e36ee2d35f8c4c41bd358782dfb3ac8852b40439d350ff27616f0c18819ce9bf
2024-10-09 03:27:27,569 INFO - ContAudITWrapper#23 - Validating Application...
2024-10-09 03:27:40,377 INFO - ContAudITWrapper#23 - Response true
2024-10-09 03:27:40,397 INFO - ContAudITWrapper#23 - Artifact apache2.workflow hash: bdb4cee855e21446b6ae53ddcb76a1632ef8c4545b5db0517e01ffd552157f6e
2024-10-09 03:27:40,449 INFO - ContAudITWrapper#23 - Validating Artifact...
2024-10-09 03:27:50,051 INFO - ContAudITWrapper#23 - Response true
2024-10-09 03:27:50,056 INFO - ContAudITWrapper#23 - Running pre-command actions...
2024-10-09 03:27:50,057 INFO - ContAudITWrapper#23 - Analyzing current environment state...
2024-10-09 03:27:50,255 INFO - ContAudITWrapper#23 - Saving current environment state...
2024-10-09 03:27:50,256 INFO - ContAudITWrapper#23 - Environment state hash: a7ffc6f8bf1ed76651c14756a061d662f580ff4de43b49fa82d80a4b80f8434a
2024-10-09 03:27:50,257 INFO - ContAudITWrapper#23 - Executing command...
2024-10-09 03:27:51,549 INFO - ContAudITWrapper#23 - Command output: 
2024-10-09 03:27:50.376929562 [executor] Initializing the workflow...
[apache2_workflow] Apache HTTP Server already installed.
[apache2_workflow] UserDir module already loaded.
[apache2_workflow] Configs to UserDir already exist.
[apache2_workflow] public_html directory already exists in /home/ec2-user.
[apache2_workflow] Creating a simple webpage...
[apache2_workflow] Moving webpage to Apache HTTP Server user website folder...
[apache2_workflow] Page moved successfully!
2024-10-09 03:27:51.544253908 [executor] Finished!

2024-10-09 03:27:51,549 INFO - ContAudITWrapper#23 - Running post-command actions...
2024-10-09 03:27:51,549 INFO - ContAudITWrapper#23 - Analyzing current environment state...
2024-10-09 03:27:51,625 INFO - ContAudITWrapper#23 - Saving current environment state...
2024-10-09 03:27:51,626 INFO - ContAudITWrapper#23 - Environment state hash: a7ffc6f8bf1ed76651c14756a061d662f580ff4de43b49fa82d80a4b80f8434a
2024-10-09 03:27:51,626 INFO - ContAudITWrapper#23 - Checking environment diff...
2024-10-09 03:27:51,731 INFO - ContAudITWrapper#23 - Environment diff: 
2024-10-09 03:27:51,731 INFO - ContAudITWrapper#23 - Cleaning temporary files...
2024-10-09 03:27:51,770 INFO - ContAudITWrapper#23 - Sending to blockchain...
2024-10-09 03:28:03,888 INFO - ContAudITWrapper#23 - Response 
2024-10-09 03:28:03,889 INFO - ContAudITWrapper#23 - Finishing ContAudIT Wrapper...
