2024-10-09 03:26:12,531 INFO - ContAudITWrapper#6 - Initializing ContAudIT Wrapper...
2024-10-09 03:26:12,773 INFO - ContAudITWrapper#6 - Current directory: /home/ec2-user/Code/ufrgs-poc/contaudit-wrapper.jar
2024-10-09 03:26:32,149 INFO - ContAudITWrapper#6 - Wrapper hash: b7519188ed863d76e5199a8d880bb968bdf9124fad53b871583787e123a7a764
2024-10-09 03:26:32,187 INFO - ContAudITWrapper#6 - Validating Wrapper...
2024-10-09 03:27:29,095 INFO - ContAudITWrapper#6 - Response true
2024-10-09 03:27:29,274 INFO - ContAudITWrapper#6 - Application hash: e36ee2d35f8c4c41bd358782dfb3ac8852b40439d350ff27616f0c18819ce9bf
2024-10-09 03:27:29,275 INFO - ContAudITWrapper#6 - Validating Application...
2024-10-09 03:27:39,784 INFO - ContAudITWrapper#6 - Response true
2024-10-09 03:27:39,792 INFO - ContAudITWrapper#6 - Artifact apache2.workflow hash: bdb4cee855e21446b6ae53ddcb76a1632ef8c4545b5db0517e01ffd552157f6e
2024-10-09 03:27:39,976 INFO - ContAudITWrapper#6 - Validating Artifact...
2024-10-09 03:27:53,464 INFO - ContAudITWrapper#6 - Response true
2024-10-09 03:27:53,473 INFO - ContAudITWrapper#6 - Running pre-command actions...
2024-10-09 03:27:53,474 INFO - ContAudITWrapper#6 - Analyzing current environment state...
2024-10-09 03:27:53,747 INFO - ContAudITWrapper#6 - Saving current environment state...
2024-10-09 03:27:53,748 INFO - ContAudITWrapper#6 - Environment state hash: a7ffc6f8bf1ed76651c14756a061d662f580ff4de43b49fa82d80a4b80f8434a
2024-10-09 03:27:53,748 INFO - ContAudITWrapper#6 - Executing command...
2024-10-09 03:27:55,387 INFO - ContAudITWrapper#6 - Command output: 
2024-10-09 03:27:53.844763840 [executor] Initializing the workflow...
[apache2_workflow] Apache HTTP Server already installed.
[apache2_workflow] UserDir module already loaded.
[apache2_workflow] Configs to UserDir already exist.
[apache2_workflow] public_html directory already exists in /home/ec2-user.
[apache2_workflow] Creating a simple webpage...
[apache2_workflow] Moving webpage to Apache HTTP Server user website folder...
[apache2_workflow] Page moved successfully!
2024-10-09 03:27:55.386342389 [executor] Finished!

2024-10-09 03:27:55,387 INFO - ContAudITWrapper#6 - Running post-command actions...
2024-10-09 03:27:55,387 INFO - ContAudITWrapper#6 - Analyzing current environment state...
2024-10-09 03:27:55,490 INFO - ContAudITWrapper#6 - Saving current environment state...
2024-10-09 03:27:55,491 INFO - ContAudITWrapper#6 - Environment state hash: a7ffc6f8bf1ed76651c14756a061d662f580ff4de43b49fa82d80a4b80f8434a
2024-10-09 03:27:55,491 INFO - ContAudITWrapper#6 - Checking environment diff...
2024-10-09 03:27:55,605 INFO - ContAudITWrapper#6 - Environment diff: 
2024-10-09 03:27:55,606 INFO - ContAudITWrapper#6 - Cleaning temporary files...
2024-10-09 03:27:55,736 INFO - ContAudITWrapper#6 - Sending to blockchain...
2024-10-09 03:28:05,483 INFO - ContAudITWrapper#6 - Response 
2024-10-09 03:28:05,484 INFO - ContAudITWrapper#6 - Finishing ContAudIT Wrapper...
