2024-10-09 03:26:13,218 INFO - ContAudITWrapper#72 - Initializing ContAudIT Wrapper...
2024-10-09 03:26:13,387 INFO - ContAudITWrapper#72 - Current directory: /home/ec2-user/Code/ufrgs-poc/contaudit-wrapper.jar
2024-10-09 03:26:30,963 INFO - ContAudITWrapper#72 - Wrapper hash: b7519188ed863d76e5199a8d880bb968bdf9124fad53b871583787e123a7a764
2024-10-09 03:26:31,068 INFO - ContAudITWrapper#72 - Validating Wrapper...
2024-10-09 03:27:27,348 INFO - ContAudITWrapper#72 - Response true
2024-10-09 03:27:27,488 INFO - ContAudITWrapper#72 - Application hash: e36ee2d35f8c4c41bd358782dfb3ac8852b40439d350ff27616f0c18819ce9bf
2024-10-09 03:27:27,489 INFO - ContAudITWrapper#72 - Validating Application...
2024-10-09 03:27:39,740 INFO - ContAudITWrapper#72 - Response true
2024-10-09 03:27:39,795 INFO - ContAudITWrapper#72 - Artifact apache2.workflow hash: bdb4cee855e21446b6ae53ddcb76a1632ef8c4545b5db0517e01ffd552157f6e
2024-10-09 03:27:39,834 INFO - ContAudITWrapper#72 - Validating Artifact...
2024-10-09 03:27:51,601 INFO - ContAudITWrapper#72 - Response true
2024-10-09 03:27:51,607 INFO - ContAudITWrapper#72 - Running pre-command actions...
2024-10-09 03:27:51,608 INFO - ContAudITWrapper#72 - Analyzing current environment state...
2024-10-09 03:27:51,799 INFO - ContAudITWrapper#72 - Saving current environment state...
2024-10-09 03:27:51,800 INFO - ContAudITWrapper#72 - Environment state hash: a7ffc6f8bf1ed76651c14756a061d662f580ff4de43b49fa82d80a4b80f8434a
2024-10-09 03:27:51,800 INFO - ContAudITWrapper#72 - Executing command...
2024-10-09 03:27:53,666 INFO - ContAudITWrapper#72 - Command output: 
2024-10-09 03:27:51.973676103 [executor] Initializing the workflow...
[apache2_workflow] Apache HTTP Server already installed.
[apache2_workflow] UserDir module already loaded.
[apache2_workflow] Configs to UserDir already exist.
[apache2_workflow] public_html directory already exists in /home/ec2-user.
[apache2_workflow] Creating a simple webpage...
[apache2_workflow] Moving webpage to Apache HTTP Server user website folder...
[apache2_workflow] Page moved successfully!
2024-10-09 03:27:53.665301168 [executor] Finished!

2024-10-09 03:27:53,666 INFO - ContAudITWrapper#72 - Running post-command actions...
2024-10-09 03:27:53,666 INFO - ContAudITWrapper#72 - Analyzing current environment state...
2024-10-09 03:27:53,811 INFO - ContAudITWrapper#72 - Saving current environment state...
2024-10-09 03:27:53,812 INFO - ContAudITWrapper#72 - Environment state hash: a7ffc6f8bf1ed76651c14756a061d662f580ff4de43b49fa82d80a4b80f8434a
2024-10-09 03:27:53,812 INFO - ContAudITWrapper#72 - Checking environment diff...
2024-10-09 03:27:53,932 INFO - ContAudITWrapper#72 - Environment diff: 
2024-10-09 03:27:53,935 INFO - ContAudITWrapper#72 - Cleaning temporary files...
2024-10-09 03:27:53,985 INFO - ContAudITWrapper#72 - Sending to blockchain...
2024-10-09 03:28:03,049 INFO - ContAudITWrapper#72 - Response 
2024-10-09 03:28:03,050 INFO - ContAudITWrapper#72 - Finishing ContAudIT Wrapper...
