2024-10-09 03:26:13,243 INFO - ContAudITWrapper#44 - Initializing ContAudIT Wrapper...
2024-10-09 03:26:13,394 INFO - ContAudITWrapper#44 - Current directory: /home/ec2-user/Code/ufrgs-poc/contaudit-wrapper.jar
2024-10-09 03:26:31,553 INFO - ContAudITWrapper#44 - Wrapper hash: b7519188ed863d76e5199a8d880bb968bdf9124fad53b871583787e123a7a764
2024-10-09 03:26:31,681 INFO - ContAudITWrapper#44 - Validating Wrapper...
2024-10-09 03:27:23,288 INFO - ContAudITWrapper#44 - Response true
2024-10-09 03:27:23,462 INFO - ContAudITWrapper#44 - Application hash: e36ee2d35f8c4c41bd358782dfb3ac8852b40439d350ff27616f0c18819ce9bf
2024-10-09 03:27:23,463 INFO - ContAudITWrapper#44 - Validating Application...
2024-10-09 03:27:36,764 INFO - ContAudITWrapper#44 - Response true
2024-10-09 03:27:36,776 INFO - ContAudITWrapper#44 - Artifact apache2.workflow hash: bdb4cee855e21446b6ae53ddcb76a1632ef8c4545b5db0517e01ffd552157f6e
2024-10-09 03:27:36,800 INFO - ContAudITWrapper#44 - Validating Artifact...
2024-10-09 03:27:45,105 INFO - ContAudITWrapper#44 - Response true
2024-10-09 03:27:45,115 INFO - ContAudITWrapper#44 - Running pre-command actions...
2024-10-09 03:27:45,117 INFO - ContAudITWrapper#44 - Analyzing current environment state...
2024-10-09 03:27:45,336 INFO - ContAudITWrapper#44 - Saving current environment state...
2024-10-09 03:27:45,337 INFO - ContAudITWrapper#44 - Environment state hash: a7ffc6f8bf1ed76651c14756a061d662f580ff4de43b49fa82d80a4b80f8434a
2024-10-09 03:27:45,338 INFO - ContAudITWrapper#44 - Executing command...
2024-10-09 03:27:46,753 INFO - ContAudITWrapper#44 - Command output: 
2024-10-09 03:27:45.429353191 [executor] Initializing the workflow...
[apache2_workflow] Apache HTTP Server already installed.
[apache2_workflow] UserDir module already loaded.
[apache2_workflow] Configs to UserDir already exist.
[apache2_workflow] public_html directory already exists in /home/ec2-user.
[apache2_workflow] Creating a simple webpage...
[apache2_workflow] Moving webpage to Apache HTTP Server user website folder...
[apache2_workflow] Page moved successfully!
2024-10-09 03:27:46.752889578 [executor] Finished!

2024-10-09 03:27:46,754 INFO - ContAudITWrapper#44 - Running post-command actions...
2024-10-09 03:27:46,755 INFO - ContAudITWrapper#44 - Analyzing current environment state...
2024-10-09 03:27:46,835 INFO - ContAudITWrapper#44 - Saving current environment state...
2024-10-09 03:27:46,836 INFO - ContAudITWrapper#44 - Environment state hash: a7ffc6f8bf1ed76651c14756a061d662f580ff4de43b49fa82d80a4b80f8434a
2024-10-09 03:27:46,836 INFO - ContAudITWrapper#44 - Checking environment diff...
2024-10-09 03:27:46,902 INFO - ContAudITWrapper#44 - Environment diff: 
2024-10-09 03:27:46,902 INFO - ContAudITWrapper#44 - Cleaning temporary files...
2024-10-09 03:27:46,927 INFO - ContAudITWrapper#44 - Sending to blockchain...
2024-10-09 03:28:01,768 INFO - ContAudITWrapper#44 - Response 
2024-10-09 03:28:01,816 INFO - ContAudITWrapper#44 - Finishing ContAudIT Wrapper...
