2024-10-09 03:26:12,916 INFO - ContAudITWrapper#69 - Initializing ContAudIT Wrapper...
2024-10-09 03:26:13,157 INFO - ContAudITWrapper#69 - Current directory: /home/ec2-user/Code/ufrgs-poc/contaudit-wrapper.jar
2024-10-09 03:26:28,585 INFO - ContAudITWrapper#69 - Wrapper hash: b7519188ed863d76e5199a8d880bb968bdf9124fad53b871583787e123a7a764
2024-10-09 03:26:28,619 INFO - ContAudITWrapper#69 - Validating Wrapper...
2024-10-09 03:27:24,893 INFO - ContAudITWrapper#69 - Response true
2024-10-09 03:27:25,109 INFO - ContAudITWrapper#69 - Application hash: e36ee2d35f8c4c41bd358782dfb3ac8852b40439d350ff27616f0c18819ce9bf
2024-10-09 03:27:25,110 INFO - ContAudITWrapper#69 - Validating Application...
2024-10-09 03:27:38,163 INFO - ContAudITWrapper#69 - Response true
2024-10-09 03:27:38,175 INFO - ContAudITWrapper#69 - Artifact apache2.workflow hash: bdb4cee855e21446b6ae53ddcb76a1632ef8c4545b5db0517e01ffd552157f6e
2024-10-09 03:27:38,236 INFO - ContAudITWrapper#69 - Validating Artifact...
2024-10-09 03:27:49,865 INFO - ContAudITWrapper#69 - Response true
2024-10-09 03:27:49,885 INFO - ContAudITWrapper#69 - Running pre-command actions...
2024-10-09 03:27:49,887 INFO - ContAudITWrapper#69 - Analyzing current environment state...
2024-10-09 03:27:50,123 INFO - ContAudITWrapper#69 - Saving current environment state...
2024-10-09 03:27:50,127 INFO - ContAudITWrapper#69 - Environment state hash: a7ffc6f8bf1ed76651c14756a061d662f580ff4de43b49fa82d80a4b80f8434a
2024-10-09 03:27:50,128 INFO - ContAudITWrapper#69 - Executing command...
2024-10-09 03:27:51,236 INFO - ContAudITWrapper#69 - Command output: 
2024-10-09 03:27:50.253099138 [executor] Initializing the workflow...
[apache2_workflow] Apache HTTP Server already installed.
[apache2_workflow] UserDir module already loaded.
[apache2_workflow] Configs to UserDir already exist.
[apache2_workflow] public_html directory already exists in /home/ec2-user.
[apache2_workflow] Creating a simple webpage...
[apache2_workflow] Moving webpage to Apache HTTP Server user website folder...
[apache2_workflow] Page moved successfully!
2024-10-09 03:27:51.235127069 [executor] Finished!

2024-10-09 03:27:51,237 INFO - ContAudITWrapper#69 - Running post-command actions...
2024-10-09 03:27:51,237 INFO - ContAudITWrapper#69 - Analyzing current environment state...
2024-10-09 03:27:51,389 INFO - ContAudITWrapper#69 - Saving current environment state...
2024-10-09 03:27:51,389 INFO - ContAudITWrapper#69 - Environment state hash: a7ffc6f8bf1ed76651c14756a061d662f580ff4de43b49fa82d80a4b80f8434a
2024-10-09 03:27:51,389 INFO - ContAudITWrapper#69 - Checking environment diff...
2024-10-09 03:27:51,473 INFO - ContAudITWrapper#69 - Environment diff: 
2024-10-09 03:27:51,473 INFO - ContAudITWrapper#69 - Cleaning temporary files...
2024-10-09 03:27:51,522 INFO - ContAudITWrapper#69 - Sending to blockchain...
2024-10-09 03:28:02,583 INFO - ContAudITWrapper#69 - Response 
2024-10-09 03:28:02,585 INFO - ContAudITWrapper#69 - Finishing ContAudIT Wrapper...
