2024-10-09 03:26:13,137 INFO - ContAudITWrapper#54 - Initializing ContAudIT Wrapper...
2024-10-09 03:26:13,288 INFO - ContAudITWrapper#54 - Current directory: /home/ec2-user/Code/ufrgs-poc/contaudit-wrapper.jar
2024-10-09 03:26:31,952 INFO - ContAudITWrapper#54 - Wrapper hash: b7519188ed863d76e5199a8d880bb968bdf9124fad53b871583787e123a7a764
2024-10-09 03:26:32,046 INFO - ContAudITWrapper#54 - Validating Wrapper...
2024-10-09 03:27:30,267 INFO - ContAudITWrapper#54 - Response true
2024-10-09 03:27:30,449 INFO - ContAudITWrapper#54 - Application hash: e36ee2d35f8c4c41bd358782dfb3ac8852b40439d350ff27616f0c18819ce9bf
2024-10-09 03:27:30,450 INFO - ContAudITWrapper#54 - Validating Application...
2024-10-09 03:27:38,724 INFO - ContAudITWrapper#54 - Response true
2024-10-09 03:27:38,729 INFO - ContAudITWrapper#54 - Artifact apache2.workflow hash: bdb4cee855e21446b6ae53ddcb76a1632ef8c4545b5db0517e01ffd552157f6e
2024-10-09 03:27:38,820 INFO - ContAudITWrapper#54 - Validating Artifact...
2024-10-09 03:27:47,880 INFO - ContAudITWrapper#54 - Response true
2024-10-09 03:27:47,894 INFO - ContAudITWrapper#54 - Running pre-command actions...
2024-10-09 03:27:47,895 INFO - ContAudITWrapper#54 - Analyzing current environment state...
2024-10-09 03:27:48,075 INFO - ContAudITWrapper#54 - Saving current environment state...
2024-10-09 03:27:48,076 INFO - ContAudITWrapper#54 - Environment state hash: a7ffc6f8bf1ed76651c14756a061d662f580ff4de43b49fa82d80a4b80f8434a
2024-10-09 03:27:48,077 INFO - ContAudITWrapper#54 - Executing command...
2024-10-09 03:27:49,638 INFO - ContAudITWrapper#54 - Command output: 
2024-10-09 03:27:48.269044560 [executor] Initializing the workflow...
[apache2_workflow] Apache HTTP Server already installed.
[apache2_workflow] UserDir module already loaded.
[apache2_workflow] Configs to UserDir already exist.
[apache2_workflow] public_html directory already exists in /home/ec2-user.
[apache2_workflow] Creating a simple webpage...
[apache2_workflow] Moving webpage to Apache HTTP Server user website folder...
[apache2_workflow] Page moved successfully!
2024-10-09 03:27:49.637929088 [executor] Finished!

2024-10-09 03:27:49,639 INFO - ContAudITWrapper#54 - Running post-command actions...
2024-10-09 03:27:49,639 INFO - ContAudITWrapper#54 - Analyzing current environment state...
2024-10-09 03:27:49,831 INFO - ContAudITWrapper#54 - Saving current environment state...
2024-10-09 03:27:49,832 INFO - ContAudITWrapper#54 - Environment state hash: a7ffc6f8bf1ed76651c14756a061d662f580ff4de43b49fa82d80a4b80f8434a
2024-10-09 03:27:49,832 INFO - ContAudITWrapper#54 - Checking environment diff...
2024-10-09 03:27:49,875 INFO - ContAudITWrapper#54 - Environment diff: 
2024-10-09 03:27:49,875 INFO - ContAudITWrapper#54 - Cleaning temporary files...
2024-10-09 03:27:49,901 INFO - ContAudITWrapper#54 - Sending to blockchain...
2024-10-09 03:27:59,602 INFO - ContAudITWrapper#54 - Response 
2024-10-09 03:27:59,603 INFO - ContAudITWrapper#54 - Finishing ContAudIT Wrapper...
