2024-10-09 03:26:13,236 INFO - ContAudITWrapper#64 - Initializing ContAudIT Wrapper...
2024-10-09 03:26:13,355 INFO - ContAudITWrapper#64 - Current directory: /home/ec2-user/Code/ufrgs-poc/contaudit-wrapper.jar
2024-10-09 03:26:31,968 INFO - ContAudITWrapper#64 - Wrapper hash: b7519188ed863d76e5199a8d880bb968bdf9124fad53b871583787e123a7a764
2024-10-09 03:26:32,043 INFO - ContAudITWrapper#64 - Validating Wrapper...
2024-10-09 03:27:20,603 INFO - ContAudITWrapper#64 - Response true
2024-10-09 03:27:20,694 INFO - ContAudITWrapper#64 - Application hash: e36ee2d35f8c4c41bd358782dfb3ac8852b40439d350ff27616f0c18819ce9bf
2024-10-09 03:27:20,695 INFO - ContAudITWrapper#64 - Validating Application...
2024-10-09 03:27:31,857 INFO - ContAudITWrapper#64 - Response true
2024-10-09 03:27:31,869 INFO - ContAudITWrapper#64 - Artifact apache2.workflow hash: bdb4cee855e21446b6ae53ddcb76a1632ef8c4545b5db0517e01ffd552157f6e
2024-10-09 03:27:31,945 INFO - ContAudITWrapper#64 - Validating Artifact...
2024-10-09 03:27:45,742 INFO - ContAudITWrapper#64 - Response true
2024-10-09 03:27:45,746 INFO - ContAudITWrapper#64 - Running pre-command actions...
2024-10-09 03:27:45,748 INFO - ContAudITWrapper#64 - Analyzing current environment state...
2024-10-09 03:27:45,865 INFO - ContAudITWrapper#64 - Saving current environment state...
2024-10-09 03:27:45,866 INFO - ContAudITWrapper#64 - Environment state hash: a7ffc6f8bf1ed76651c14756a061d662f580ff4de43b49fa82d80a4b80f8434a
2024-10-09 03:27:45,867 INFO - ContAudITWrapper#64 - Executing command...
2024-10-09 03:27:47,245 INFO - ContAudITWrapper#64 - Command output: 
2024-10-09 03:27:46.065069299 [executor] Initializing the workflow...
[apache2_workflow] Apache HTTP Server already installed.
[apache2_workflow] UserDir module already loaded.
[apache2_workflow] Configs to UserDir already exist.
[apache2_workflow] public_html directory already exists in /home/ec2-user.
[apache2_workflow] Creating a simple webpage...
[apache2_workflow] Moving webpage to Apache HTTP Server user website folder...
[apache2_workflow] Page moved successfully!
2024-10-09 03:27:47.244420563 [executor] Finished!

2024-10-09 03:27:47,245 INFO - ContAudITWrapper#64 - Running post-command actions...
2024-10-09 03:27:47,246 INFO - ContAudITWrapper#64 - Analyzing current environment state...
2024-10-09 03:27:47,387 INFO - ContAudITWrapper#64 - Saving current environment state...
2024-10-09 03:27:47,387 INFO - ContAudITWrapper#64 - Environment state hash: a7ffc6f8bf1ed76651c14756a061d662f580ff4de43b49fa82d80a4b80f8434a
2024-10-09 03:27:47,387 INFO - ContAudITWrapper#64 - Checking environment diff...
2024-10-09 03:27:47,463 INFO - ContAudITWrapper#64 - Environment diff: 
2024-10-09 03:27:47,463 INFO - ContAudITWrapper#64 - Cleaning temporary files...
2024-10-09 03:27:47,500 INFO - ContAudITWrapper#64 - Sending to blockchain...
2024-10-09 03:28:01,552 INFO - ContAudITWrapper#64 - Response 
2024-10-09 03:28:01,583 INFO - ContAudITWrapper#64 - Finishing ContAudIT Wrapper...
