2024-10-09 03:26:13,148 INFO - ContAudITWrapper#84 - Initializing ContAudIT Wrapper...
2024-10-09 03:26:13,311 INFO - ContAudITWrapper#84 - Current directory: /home/ec2-user/Code/ufrgs-poc/contaudit-wrapper.jar
2024-10-09 03:26:34,369 INFO - ContAudITWrapper#84 - Wrapper hash: b7519188ed863d76e5199a8d880bb968bdf9124fad53b871583787e123a7a764
2024-10-09 03:26:34,422 INFO - ContAudITWrapper#84 - Validating Wrapper...
2024-10-09 03:27:33,176 INFO - ContAudITWrapper#84 - Response true
2024-10-09 03:27:33,251 INFO - ContAudITWrapper#84 - Application hash: e36ee2d35f8c4c41bd358782dfb3ac8852b40439d350ff27616f0c18819ce9bf
2024-10-09 03:27:33,252 INFO - ContAudITWrapper#84 - Validating Application...
2024-10-09 03:27:45,857 INFO - ContAudITWrapper#84 - Response true
2024-10-09 03:27:45,868 INFO - ContAudITWrapper#84 - Artifact apache2.workflow hash: bdb4cee855e21446b6ae53ddcb76a1632ef8c4545b5db0517e01ffd552157f6e
2024-10-09 03:27:45,895 INFO - ContAudITWrapper#84 - Validating Artifact...
2024-10-09 03:27:56,399 INFO - ContAudITWrapper#84 - Response true
2024-10-09 03:27:56,404 INFO - ContAudITWrapper#84 - Running pre-command actions...
2024-10-09 03:27:56,407 INFO - ContAudITWrapper#84 - Analyzing current environment state...
2024-10-09 03:27:56,587 INFO - ContAudITWrapper#84 - Saving current environment state...
2024-10-09 03:27:56,588 INFO - ContAudITWrapper#84 - Environment state hash: a7ffc6f8bf1ed76651c14756a061d662f580ff4de43b49fa82d80a4b80f8434a
2024-10-09 03:27:56,588 INFO - ContAudITWrapper#84 - Executing command...
2024-10-09 03:27:57,419 INFO - ContAudITWrapper#84 - Command output: 
2024-10-09 03:27:56.627636785 [executor] Initializing the workflow...
[apache2_workflow] Apache HTTP Server already installed.
[apache2_workflow] UserDir module already loaded.
[apache2_workflow] Configs to UserDir already exist.
[apache2_workflow] public_html directory already exists in /home/ec2-user.
[apache2_workflow] Creating a simple webpage...
[apache2_workflow] Moving webpage to Apache HTTP Server user website folder...
[apache2_workflow] Page moved successfully!
2024-10-09 03:27:57.417752528 [executor] Finished!

2024-10-09 03:27:57,419 INFO - ContAudITWrapper#84 - Running post-command actions...
2024-10-09 03:27:57,419 INFO - ContAudITWrapper#84 - Analyzing current environment state...
2024-10-09 03:27:57,542 INFO - ContAudITWrapper#84 - Saving current environment state...
2024-10-09 03:27:57,543 INFO - ContAudITWrapper#84 - Environment state hash: a7ffc6f8bf1ed76651c14756a061d662f580ff4de43b49fa82d80a4b80f8434a
2024-10-09 03:27:57,543 INFO - ContAudITWrapper#84 - Checking environment diff...
2024-10-09 03:27:57,691 INFO - ContAudITWrapper#84 - Environment diff: 
2024-10-09 03:27:57,710 INFO - ContAudITWrapper#84 - Cleaning temporary files...
2024-10-09 03:27:57,732 INFO - ContAudITWrapper#84 - Sending to blockchain...
2024-10-09 03:28:05,557 INFO - ContAudITWrapper#84 - Response 
2024-10-09 03:28:05,558 INFO - ContAudITWrapper#84 - Finishing ContAudIT Wrapper...
