2024-10-09 03:26:12,163 INFO - ContAudITWrapper#48 - Initializing ContAudIT Wrapper...
2024-10-09 03:26:12,386 INFO - ContAudITWrapper#48 - Current directory: /home/ec2-user/Code/ufrgs-poc/contaudit-wrapper.jar
2024-10-09 03:26:30,783 INFO - ContAudITWrapper#48 - Wrapper hash: b7519188ed863d76e5199a8d880bb968bdf9124fad53b871583787e123a7a764
2024-10-09 03:26:30,825 INFO - ContAudITWrapper#48 - Validating Wrapper...
2024-10-09 03:27:28,446 INFO - ContAudITWrapper#48 - Response true
2024-10-09 03:27:28,689 INFO - ContAudITWrapper#48 - Application hash: e36ee2d35f8c4c41bd358782dfb3ac8852b40439d350ff27616f0c18819ce9bf
2024-10-09 03:27:28,691 INFO - ContAudITWrapper#48 - Validating Application...
2024-10-09 03:27:39,248 INFO - ContAudITWrapper#48 - Response true
2024-10-09 03:27:39,257 INFO - ContAudITWrapper#48 - Artifact apache2.workflow hash: bdb4cee855e21446b6ae53ddcb76a1632ef8c4545b5db0517e01ffd552157f6e
2024-10-09 03:27:39,294 INFO - ContAudITWrapper#48 - Validating Artifact...
2024-10-09 03:27:50,327 INFO - ContAudITWrapper#48 - Response true
2024-10-09 03:27:50,334 INFO - ContAudITWrapper#48 - Running pre-command actions...
2024-10-09 03:27:50,335 INFO - ContAudITWrapper#48 - Analyzing current environment state...
2024-10-09 03:27:50,527 INFO - ContAudITWrapper#48 - Saving current environment state...
2024-10-09 03:27:50,528 INFO - ContAudITWrapper#48 - Environment state hash: a7ffc6f8bf1ed76651c14756a061d662f580ff4de43b49fa82d80a4b80f8434a
2024-10-09 03:27:50,528 INFO - ContAudITWrapper#48 - Executing command...
2024-10-09 03:27:51,968 INFO - ContAudITWrapper#48 - Command output: 
2024-10-09 03:27:50.744192471 [executor] Initializing the workflow...
[apache2_workflow] Apache HTTP Server already installed.
[apache2_workflow] UserDir module already loaded.
[apache2_workflow] Configs to UserDir already exist.
[apache2_workflow] public_html directory already exists in /home/ec2-user.
[apache2_workflow] Creating a simple webpage...
[apache2_workflow] Moving webpage to Apache HTTP Server user website folder...
[apache2_workflow] Page moved successfully!
2024-10-09 03:27:51.967756923 [executor] Finished!

2024-10-09 03:27:51,969 INFO - ContAudITWrapper#48 - Running post-command actions...
2024-10-09 03:27:51,969 INFO - ContAudITWrapper#48 - Analyzing current environment state...
2024-10-09 03:27:52,147 INFO - ContAudITWrapper#48 - Saving current environment state...
2024-10-09 03:27:52,147 INFO - ContAudITWrapper#48 - Environment state hash: a7ffc6f8bf1ed76651c14756a061d662f580ff4de43b49fa82d80a4b80f8434a
2024-10-09 03:27:52,148 INFO - ContAudITWrapper#48 - Checking environment diff...
2024-10-09 03:27:52,228 INFO - ContAudITWrapper#48 - Environment diff: 
2024-10-09 03:27:52,229 INFO - ContAudITWrapper#48 - Cleaning temporary files...
2024-10-09 03:27:52,269 INFO - ContAudITWrapper#48 - Sending to blockchain...
2024-10-09 03:28:04,442 INFO - ContAudITWrapper#48 - Response 
2024-10-09 03:28:04,444 INFO - ContAudITWrapper#48 - Finishing ContAudIT Wrapper...
