2024-10-09 03:26:13,104 INFO - ContAudITWrapper#59 - Initializing ContAudIT Wrapper...
2024-10-09 03:26:13,256 INFO - ContAudITWrapper#59 - Current directory: /home/ec2-user/Code/ufrgs-poc/contaudit-wrapper.jar
2024-10-09 03:26:32,364 INFO - ContAudITWrapper#59 - Wrapper hash: b7519188ed863d76e5199a8d880bb968bdf9124fad53b871583787e123a7a764
2024-10-09 03:26:32,396 INFO - ContAudITWrapper#59 - Validating Wrapper...
2024-10-09 03:27:27,488 INFO - ContAudITWrapper#59 - Response true
2024-10-09 03:27:27,655 INFO - ContAudITWrapper#59 - Application hash: e36ee2d35f8c4c41bd358782dfb3ac8852b40439d350ff27616f0c18819ce9bf
2024-10-09 03:27:27,656 INFO - ContAudITWrapper#59 - Validating Application...
2024-10-09 03:27:39,509 INFO - ContAudITWrapper#59 - Response true
2024-10-09 03:27:39,529 INFO - ContAudITWrapper#59 - Artifact apache2.workflow hash: bdb4cee855e21446b6ae53ddcb76a1632ef8c4545b5db0517e01ffd552157f6e
2024-10-09 03:27:39,540 INFO - ContAudITWrapper#59 - Validating Artifact...
2024-10-09 03:27:51,359 INFO - ContAudITWrapper#59 - Response true
2024-10-09 03:27:51,364 INFO - ContAudITWrapper#59 - Running pre-command actions...
2024-10-09 03:27:51,365 INFO - ContAudITWrapper#59 - Analyzing current environment state...
2024-10-09 03:27:51,516 INFO - ContAudITWrapper#59 - Saving current environment state...
2024-10-09 03:27:51,517 INFO - ContAudITWrapper#59 - Environment state hash: a7ffc6f8bf1ed76651c14756a061d662f580ff4de43b49fa82d80a4b80f8434a
2024-10-09 03:27:51,517 INFO - ContAudITWrapper#59 - Executing command...
2024-10-09 03:27:53,176 INFO - ContAudITWrapper#59 - Command output: 
2024-10-09 03:27:51.797707372 [executor] Initializing the workflow...
[apache2_workflow] Apache HTTP Server already installed.
[apache2_workflow] UserDir module already loaded.
[apache2_workflow] Configs to UserDir already exist.
[apache2_workflow] public_html directory already exists in /home/ec2-user.
[apache2_workflow] Creating a simple webpage...
[apache2_workflow] Moving webpage to Apache HTTP Server user website folder...
[apache2_workflow] Page moved successfully!
2024-10-09 03:27:53.175120791 [executor] Finished!

2024-10-09 03:27:53,176 INFO - ContAudITWrapper#59 - Running post-command actions...
2024-10-09 03:27:53,176 INFO - ContAudITWrapper#59 - Analyzing current environment state...
2024-10-09 03:27:53,324 INFO - ContAudITWrapper#59 - Saving current environment state...
2024-10-09 03:27:53,325 INFO - ContAudITWrapper#59 - Environment state hash: a7ffc6f8bf1ed76651c14756a061d662f580ff4de43b49fa82d80a4b80f8434a
2024-10-09 03:27:53,325 INFO - ContAudITWrapper#59 - Checking environment diff...
2024-10-09 03:27:53,431 INFO - ContAudITWrapper#59 - Environment diff: 
2024-10-09 03:27:53,432 INFO - ContAudITWrapper#59 - Cleaning temporary files...
2024-10-09 03:27:53,551 INFO - ContAudITWrapper#59 - Sending to blockchain...
2024-10-09 03:28:04,754 INFO - ContAudITWrapper#59 - Response 
2024-10-09 03:28:04,763 INFO - ContAudITWrapper#59 - Finishing ContAudIT Wrapper...
