2024-10-09 03:26:12,890 INFO - ContAudITWrapper#82 - Initializing ContAudIT Wrapper...
2024-10-09 03:26:13,106 INFO - ContAudITWrapper#82 - Current directory: /home/ec2-user/Code/ufrgs-poc/contaudit-wrapper.jar
2024-10-09 03:26:31,466 INFO - ContAudITWrapper#82 - Wrapper hash: b7519188ed863d76e5199a8d880bb968bdf9124fad53b871583787e123a7a764
2024-10-09 03:26:31,474 INFO - ContAudITWrapper#82 - Validating Wrapper...
2024-10-09 03:27:30,213 INFO - ContAudITWrapper#82 - Response true
2024-10-09 03:27:30,308 INFO - ContAudITWrapper#82 - Application hash: e36ee2d35f8c4c41bd358782dfb3ac8852b40439d350ff27616f0c18819ce9bf
2024-10-09 03:27:30,310 INFO - ContAudITWrapper#82 - Validating Application...
2024-10-09 03:27:41,187 INFO - ContAudITWrapper#82 - Response true
2024-10-09 03:27:41,304 INFO - ContAudITWrapper#82 - Artifact apache2.workflow hash: bdb4cee855e21446b6ae53ddcb76a1632ef8c4545b5db0517e01ffd552157f6e
2024-10-09 03:27:41,323 INFO - ContAudITWrapper#82 - Validating Artifact...
2024-10-09 03:27:52,553 INFO - ContAudITWrapper#82 - Response true
2024-10-09 03:27:52,560 INFO - ContAudITWrapper#82 - Running pre-command actions...
2024-10-09 03:27:52,561 INFO - ContAudITWrapper#82 - Analyzing current environment state...
2024-10-09 03:27:52,664 INFO - ContAudITWrapper#82 - Saving current environment state...
2024-10-09 03:27:52,665 INFO - ContAudITWrapper#82 - Environment state hash: a7ffc6f8bf1ed76651c14756a061d662f580ff4de43b49fa82d80a4b80f8434a
2024-10-09 03:27:52,665 INFO - ContAudITWrapper#82 - Executing command...
2024-10-09 03:27:54,407 INFO - ContAudITWrapper#82 - Command output: 
2024-10-09 03:27:52.831789540 [executor] Initializing the workflow...
[apache2_workflow] Apache HTTP Server already installed.
[apache2_workflow] UserDir module already loaded.
[apache2_workflow] Configs to UserDir already exist.
[apache2_workflow] public_html directory already exists in /home/ec2-user.
[apache2_workflow] Creating a simple webpage...
[apache2_workflow] Moving webpage to Apache HTTP Server user website folder...
[apache2_workflow] Page moved successfully!
2024-10-09 03:27:54.406983717 [executor] Finished!

2024-10-09 03:27:54,408 INFO - ContAudITWrapper#82 - Running post-command actions...
2024-10-09 03:27:54,408 INFO - ContAudITWrapper#82 - Analyzing current environment state...
2024-10-09 03:27:54,523 INFO - ContAudITWrapper#82 - Saving current environment state...
2024-10-09 03:27:54,523 INFO - ContAudITWrapper#82 - Environment state hash: a7ffc6f8bf1ed76651c14756a061d662f580ff4de43b49fa82d80a4b80f8434a
2024-10-09 03:27:54,523 INFO - ContAudITWrapper#82 - Checking environment diff...
2024-10-09 03:27:54,686 INFO - ContAudITWrapper#82 - Environment diff: 
2024-10-09 03:27:54,686 INFO - ContAudITWrapper#82 - Cleaning temporary files...
2024-10-09 03:27:54,811 INFO - ContAudITWrapper#82 - Sending to blockchain...
2024-10-09 03:28:05,651 INFO - ContAudITWrapper#82 - Response 
2024-10-09 03:28:05,652 INFO - ContAudITWrapper#82 - Finishing ContAudIT Wrapper...
