2024-10-09 03:26:13,148 INFO - ContAudITWrapper#5 - Initializing ContAudIT Wrapper...
2024-10-09 03:26:13,300 INFO - ContAudITWrapper#5 - Current directory: /home/ec2-user/Code/ufrgs-poc/contaudit-wrapper.jar
2024-10-09 03:26:32,164 INFO - ContAudITWrapper#5 - Wrapper hash: b7519188ed863d76e5199a8d880bb968bdf9124fad53b871583787e123a7a764
2024-10-09 03:26:32,178 INFO - ContAudITWrapper#5 - Validating Wrapper...
2024-10-09 03:27:28,623 INFO - ContAudITWrapper#5 - Response true
2024-10-09 03:27:28,803 INFO - ContAudITWrapper#5 - Application hash: e36ee2d35f8c4c41bd358782dfb3ac8852b40439d350ff27616f0c18819ce9bf
2024-10-09 03:27:28,904 INFO - ContAudITWrapper#5 - Validating Application...
2024-10-09 03:27:40,243 INFO - ContAudITWrapper#5 - Response true
2024-10-09 03:27:40,254 INFO - ContAudITWrapper#5 - Artifact apache2.workflow hash: bdb4cee855e21446b6ae53ddcb76a1632ef8c4545b5db0517e01ffd552157f6e
2024-10-09 03:27:40,325 INFO - ContAudITWrapper#5 - Validating Artifact...
2024-10-09 03:27:49,768 INFO - ContAudITWrapper#5 - Response true
2024-10-09 03:27:49,775 INFO - ContAudITWrapper#5 - Running pre-command actions...
2024-10-09 03:27:49,776 INFO - ContAudITWrapper#5 - Analyzing current environment state...
2024-10-09 03:27:50,034 INFO - ContAudITWrapper#5 - Saving current environment state...
2024-10-09 03:27:50,035 INFO - ContAudITWrapper#5 - Environment state hash: a7ffc6f8bf1ed76651c14756a061d662f580ff4de43b49fa82d80a4b80f8434a
2024-10-09 03:27:50,035 INFO - ContAudITWrapper#5 - Executing command...
2024-10-09 03:27:51,962 INFO - ContAudITWrapper#5 - Command output: 
2024-10-09 03:27:50.279970286 [executor] Initializing the workflow...
[apache2_workflow] Apache HTTP Server already installed.
[apache2_workflow] UserDir module already loaded.
[apache2_workflow] Configs to UserDir already exist.
[apache2_workflow] public_html directory already exists in /home/ec2-user.
[apache2_workflow] Creating a simple webpage...
[apache2_workflow] Moving webpage to Apache HTTP Server user website folder...
[apache2_workflow] Page moved successfully!
2024-10-09 03:27:51.961085474 [executor] Finished!

2024-10-09 03:27:51,962 INFO - ContAudITWrapper#5 - Running post-command actions...
2024-10-09 03:27:51,962 INFO - ContAudITWrapper#5 - Analyzing current environment state...
2024-10-09 03:27:52,107 INFO - ContAudITWrapper#5 - Saving current environment state...
2024-10-09 03:27:52,107 INFO - ContAudITWrapper#5 - Environment state hash: a7ffc6f8bf1ed76651c14756a061d662f580ff4de43b49fa82d80a4b80f8434a
2024-10-09 03:27:52,108 INFO - ContAudITWrapper#5 - Checking environment diff...
2024-10-09 03:27:52,231 INFO - ContAudITWrapper#5 - Environment diff: 
2024-10-09 03:27:52,231 INFO - ContAudITWrapper#5 - Cleaning temporary files...
2024-10-09 03:27:52,483 INFO - ContAudITWrapper#5 - Sending to blockchain...
2024-10-09 03:28:03,312 INFO - ContAudITWrapper#5 - Response 
2024-10-09 03:28:03,313 INFO - ContAudITWrapper#5 - Finishing ContAudIT Wrapper...
