2024-10-09 03:26:12,964 INFO - ContAudITWrapper#53 - Initializing ContAudIT Wrapper...
2024-10-09 03:26:13,112 INFO - ContAudITWrapper#53 - Current directory: /home/ec2-user/Code/ufrgs-poc/contaudit-wrapper.jar
2024-10-09 03:26:30,716 INFO - ContAudITWrapper#53 - Wrapper hash: b7519188ed863d76e5199a8d880bb968bdf9124fad53b871583787e123a7a764
2024-10-09 03:26:30,779 INFO - ContAudITWrapper#53 - Validating Wrapper...
2024-10-09 03:27:28,739 INFO - ContAudITWrapper#53 - Response true
2024-10-09 03:27:28,967 INFO - ContAudITWrapper#53 - Application hash: e36ee2d35f8c4c41bd358782dfb3ac8852b40439d350ff27616f0c18819ce9bf
2024-10-09 03:27:28,968 INFO - ContAudITWrapper#53 - Validating Application...
2024-10-09 03:27:38,795 INFO - ContAudITWrapper#53 - Response true
2024-10-09 03:27:38,805 INFO - ContAudITWrapper#53 - Artifact apache2.workflow hash: bdb4cee855e21446b6ae53ddcb76a1632ef8c4545b5db0517e01ffd552157f6e
2024-10-09 03:27:38,861 INFO - ContAudITWrapper#53 - Validating Artifact...
2024-10-09 03:27:52,615 INFO - ContAudITWrapper#53 - Response true
2024-10-09 03:27:52,627 INFO - ContAudITWrapper#53 - Running pre-command actions...
2024-10-09 03:27:52,628 INFO - ContAudITWrapper#53 - Analyzing current environment state...
2024-10-09 03:27:52,786 INFO - ContAudITWrapper#53 - Saving current environment state...
2024-10-09 03:27:52,787 INFO - ContAudITWrapper#53 - Environment state hash: a7ffc6f8bf1ed76651c14756a061d662f580ff4de43b49fa82d80a4b80f8434a
2024-10-09 03:27:52,787 INFO - ContAudITWrapper#53 - Executing command...
2024-10-09 03:27:54,198 INFO - ContAudITWrapper#53 - Command output: 
2024-10-09 03:27:52.833451736 [executor] Initializing the workflow...
[apache2_workflow] Apache HTTP Server already installed.
[apache2_workflow] UserDir module already loaded.
[apache2_workflow] Configs to UserDir already exist.
[apache2_workflow] public_html directory already exists in /home/ec2-user.
[apache2_workflow] Creating a simple webpage...
[apache2_workflow] Moving webpage to Apache HTTP Server user website folder...
[apache2_workflow] Page moved successfully!
2024-10-09 03:27:54.195300790 [executor] Finished!

2024-10-09 03:27:54,199 INFO - ContAudITWrapper#53 - Running post-command actions...
2024-10-09 03:27:54,199 INFO - ContAudITWrapper#53 - Analyzing current environment state...
2024-10-09 03:27:54,308 INFO - ContAudITWrapper#53 - Saving current environment state...
2024-10-09 03:27:54,309 INFO - ContAudITWrapper#53 - Environment state hash: a7ffc6f8bf1ed76651c14756a061d662f580ff4de43b49fa82d80a4b80f8434a
2024-10-09 03:27:54,309 INFO - ContAudITWrapper#53 - Checking environment diff...
2024-10-09 03:27:54,409 INFO - ContAudITWrapper#53 - Environment diff: 
2024-10-09 03:27:54,410 INFO - ContAudITWrapper#53 - Cleaning temporary files...
2024-10-09 03:27:54,488 INFO - ContAudITWrapper#53 - Sending to blockchain...
2024-10-09 03:28:04,741 INFO - ContAudITWrapper#53 - Response 
2024-10-09 03:28:04,742 INFO - ContAudITWrapper#53 - Finishing ContAudIT Wrapper...
