2024-10-09 03:26:13,194 INFO - ContAudITWrapper#77 - Initializing ContAudIT Wrapper...
2024-10-09 03:26:13,347 INFO - ContAudITWrapper#77 - Current directory: /home/ec2-user/Code/ufrgs-poc/contaudit-wrapper.jar
2024-10-09 03:26:27,800 INFO - ContAudITWrapper#77 - Wrapper hash: b7519188ed863d76e5199a8d880bb968bdf9124fad53b871583787e123a7a764
2024-10-09 03:26:27,809 INFO - ContAudITWrapper#77 - Validating Wrapper...
2024-10-09 03:27:14,039 INFO - ContAudITWrapper#77 - Response true
2024-10-09 03:27:14,128 INFO - ContAudITWrapper#77 - Application hash: e36ee2d35f8c4c41bd358782dfb3ac8852b40439d350ff27616f0c18819ce9bf
2024-10-09 03:27:14,129 INFO - ContAudITWrapper#77 - Validating Application...
2024-10-09 03:27:29,709 INFO - ContAudITWrapper#77 - Response true
2024-10-09 03:27:29,725 INFO - ContAudITWrapper#77 - Artifact apache2.workflow hash: bdb4cee855e21446b6ae53ddcb76a1632ef8c4545b5db0517e01ffd552157f6e
2024-10-09 03:27:29,799 INFO - ContAudITWrapper#77 - Validating Artifact...
2024-10-09 03:27:41,651 INFO - ContAudITWrapper#77 - Response true
2024-10-09 03:27:41,664 INFO - ContAudITWrapper#77 - Running pre-command actions...
2024-10-09 03:27:41,665 INFO - ContAudITWrapper#77 - Analyzing current environment state...
2024-10-09 03:27:41,863 INFO - ContAudITWrapper#77 - Saving current environment state...
2024-10-09 03:27:41,877 INFO - ContAudITWrapper#77 - Environment state hash: a7ffc6f8bf1ed76651c14756a061d662f580ff4de43b49fa82d80a4b80f8434a
2024-10-09 03:27:41,877 INFO - ContAudITWrapper#77 - Executing command...
2024-10-09 03:27:42,912 INFO - ContAudITWrapper#77 - Command output: 
2024-10-09 03:27:41.965061869 [executor] Initializing the workflow...
[apache2_workflow] Apache HTTP Server already installed.
[apache2_workflow] UserDir module already loaded.
[apache2_workflow] Configs to UserDir already exist.
[apache2_workflow] public_html directory already exists in /home/ec2-user.
[apache2_workflow] Creating a simple webpage...
[apache2_workflow] Moving webpage to Apache HTTP Server user website folder...
[apache2_workflow] Page moved successfully!
2024-10-09 03:27:42.911531115 [executor] Finished!

2024-10-09 03:27:42,912 INFO - ContAudITWrapper#77 - Running post-command actions...
2024-10-09 03:27:42,913 INFO - ContAudITWrapper#77 - Analyzing current environment state...
2024-10-09 03:27:43,058 INFO - ContAudITWrapper#77 - Saving current environment state...
2024-10-09 03:27:43,058 INFO - ContAudITWrapper#77 - Environment state hash: a7ffc6f8bf1ed76651c14756a061d662f580ff4de43b49fa82d80a4b80f8434a
2024-10-09 03:27:43,059 INFO - ContAudITWrapper#77 - Checking environment diff...
2024-10-09 03:27:43,161 INFO - ContAudITWrapper#77 - Environment diff: 
2024-10-09 03:27:43,162 INFO - ContAudITWrapper#77 - Cleaning temporary files...
2024-10-09 03:27:43,300 INFO - ContAudITWrapper#77 - Sending to blockchain...
2024-10-09 03:27:56,537 INFO - ContAudITWrapper#77 - Response 
2024-10-09 03:27:56,538 INFO - ContAudITWrapper#77 - Finishing ContAudIT Wrapper...
