2024-06-23 23:11:27,866 INFO - ContAudITWrapper#3 - Initializing ContAudIT Wrapper...
2024-06-23 23:11:27,883 INFO - ContAudITWrapper#3 - Current directory: /home/kali/Code/ufrgs-poc/contaudit-wrapper.jar
2024-06-23 23:11:31,190 INFO - ContAudITWrapper#3 - Wrapper hash: c76a1b1bb9edc25f91da61e17225b6709df7b63d34810aab1d42c0f930950c0b
2024-06-23 23:11:31,208 INFO - ContAudITWrapper#3 - Validating Wrapper...
2024-06-23 23:11:38,483 INFO - ContAudITWrapper#3 - Response true
2024-06-23 23:11:38,525 INFO - ContAudITWrapper#3 - Application hash: e36ee2d35f8c4c41bd358782dfb3ac8852b40439d350ff27616f0c18819ce9bf
2024-06-23 23:11:38,527 INFO - ContAudITWrapper#3 - Validating Application...
2024-06-23 23:11:39,588 INFO - ContAudITWrapper#3 - Response true
2024-06-23 23:11:39,594 INFO - ContAudITWrapper#3 - Artifact apache2.workflow hash: 94d5f6758492dbe0e869e1486907a86cb16f7931019b4acb0e7f38c98cf1b06d
2024-06-23 23:11:39,601 INFO - ContAudITWrapper#3 - Validating Artifact...
2024-06-23 23:11:40,578 INFO - ContAudITWrapper#3 - Response true
2024-06-23 23:11:40,584 INFO - ContAudITWrapper#3 - Running pre-command actions...
2024-06-23 23:11:40,586 INFO - ContAudITWrapper#3 - Analyzing current environment state...
2024-06-23 23:11:40,745 INFO - ContAudITWrapper#3 - Saving current environment state...
2024-06-23 23:11:40,748 INFO - ContAudITWrapper#3 - Environment state hash: 1776e4b78f696d486603e30cb7241013e927d69ca8030fa37e187c49ffd758cd
2024-06-23 23:11:40,749 INFO - ContAudITWrapper#3 - Executing command...
2024-06-23 23:11:40,838 INFO - ContAudITWrapper#3 - Command output: 
2024-06-23 23:11:40.767589384 [executor] Initializing the workflow...
[apache2_workflow] Create a simple webpage...
[apache2_workflow] Move webpage to Apache HTTP Server user website folder...
2024-06-23 23:11:40.837877199 [executor] Finished!

2024-06-23 23:11:40,839 INFO - ContAudITWrapper#3 - Running post-command actions...
2024-06-23 23:11:40,839 INFO - ContAudITWrapper#3 - Analyzing current environment state...
2024-06-23 23:11:40,959 INFO - ContAudITWrapper#3 - Saving current environment state...
2024-06-23 23:11:40,970 INFO - ContAudITWrapper#3 - Environment state hash: 1776e4b78f696d486603e30cb7241013e927d69ca8030fa37e187c49ffd758cd
2024-06-23 23:11:40,971 INFO - ContAudITWrapper#3 - Checking environment diff...
2024-06-23 23:11:40,984 INFO - ContAudITWrapper#3 - Environment diff: 
2024-06-23 23:11:40,985 INFO - ContAudITWrapper#3 - Cleaning temporary files...
2024-06-23 23:11:40,990 INFO - ContAudITWrapper#3 - Sending to blockchain...
2024-06-23 23:11:44,124 INFO - ContAudITWrapper#3 - Response 
2024-06-23 23:11:44,140 INFO - ContAudITWrapper#3 - Finishing ContAudIT Wrapper...
