2024-10-11 05:05:41,616 INFO - ContAudITWrapper#95 - Initializing ContAudIT Wrapper...
2024-10-11 05:05:41,847 INFO - ContAudITWrapper#95 - Current directory: /home/ec2-user/Code/ufrgs-poc/contaudit-wrapper.jar
2024-10-11 05:06:03,800 INFO - ContAudITWrapper#95 - Wrapper hash: b7519188ed863d76e5199a8d880bb968bdf9124fad53b871583787e123a7a764
2024-10-11 05:06:03,839 INFO - ContAudITWrapper#95 - Validating Wrapper...
2024-10-11 05:07:15,093 INFO - ContAudITWrapper#95 - Response true
2024-10-11 05:07:15,286 INFO - ContAudITWrapper#95 - Application hash: e36ee2d35f8c4c41bd358782dfb3ac8852b40439d350ff27616f0c18819ce9bf
2024-10-11 05:07:15,287 INFO - ContAudITWrapper#95 - Validating Application...
2024-10-11 05:07:28,360 INFO - ContAudITWrapper#95 - Response true
2024-10-11 05:07:28,378 INFO - ContAudITWrapper#95 - Artifact apache2.workflow hash: bdb4cee855e21446b6ae53ddcb76a1632ef8c4545b5db0517e01ffd552157f6e
2024-10-11 05:07:28,391 INFO - ContAudITWrapper#95 - Validating Artifact...
2024-10-11 05:07:40,772 INFO - ContAudITWrapper#95 - Response true
2024-10-11 05:07:40,785 INFO - ContAudITWrapper#95 - Running pre-command actions...
2024-10-11 05:07:40,786 INFO - ContAudITWrapper#95 - Analyzing current environment state...
2024-10-11 05:07:40,936 INFO - ContAudITWrapper#95 - Saving current environment state...
2024-10-11 05:07:40,998 INFO - ContAudITWrapper#95 - Environment state hash: a7ffc6f8bf1ed76651c14756a061d662f580ff4de43b49fa82d80a4b80f8434a
2024-10-11 05:07:40,998 INFO - ContAudITWrapper#95 - Executing command...
2024-10-11 05:07:41,944 INFO - ContAudITWrapper#95 - Command output: 
2024-10-11 05:07:41.141871947 [executor] Initializing the workflow...
[apache2_workflow] Apache HTTP Server already installed.
[apache2_workflow] UserDir module already loaded.
[apache2_workflow] Configs to UserDir already exist.
[apache2_workflow] public_html directory already exists in /home/ec2-user.
[apache2_workflow] Creating a simple webpage...
[apache2_workflow] Moving webpage to Apache HTTP Server user website folder...
[apache2_workflow] Page moved successfully!
2024-10-11 05:07:41.943783661 [executor] Finished!

2024-10-11 05:07:41,945 INFO - ContAudITWrapper#95 - Running post-command actions...
2024-10-11 05:07:41,945 INFO - ContAudITWrapper#95 - Analyzing current environment state...
2024-10-11 05:07:42,056 INFO - ContAudITWrapper#95 - Saving current environment state...
2024-10-11 05:07:42,057 INFO - ContAudITWrapper#95 - Environment state hash: a7ffc6f8bf1ed76651c14756a061d662f580ff4de43b49fa82d80a4b80f8434a
2024-10-11 05:07:42,061 INFO - ContAudITWrapper#95 - Checking environment diff...
2024-10-11 05:07:42,107 INFO - ContAudITWrapper#95 - Environment diff: 
2024-10-11 05:07:42,107 INFO - ContAudITWrapper#95 - Cleaning temporary files...
2024-10-11 05:07:42,209 INFO - ContAudITWrapper#95 - Sending to blockchain...
2024-10-11 05:07:55,892 INFO - ContAudITWrapper#95 - Response 
2024-10-11 05:07:55,894 INFO - ContAudITWrapper#95 - Finishing ContAudIT Wrapper...
