2024-10-11 05:05:41,559 INFO - ContAudITWrapper#90 - Initializing ContAudIT Wrapper...
2024-10-11 05:05:41,807 INFO - ContAudITWrapper#90 - Current directory: /home/ec2-user/Code/ufrgs-poc/contaudit-wrapper.jar
2024-10-11 05:06:03,960 INFO - ContAudITWrapper#90 - Wrapper hash: b7519188ed863d76e5199a8d880bb968bdf9124fad53b871583787e123a7a764
2024-10-11 05:06:04,035 INFO - ContAudITWrapper#90 - Validating Wrapper...
2024-10-11 05:07:11,240 INFO - ContAudITWrapper#90 - Response true
2024-10-11 05:07:11,266 INFO - ContAudITWrapper#90 - Application hash: e36ee2d35f8c4c41bd358782dfb3ac8852b40439d350ff27616f0c18819ce9bf
2024-10-11 05:07:11,266 INFO - ContAudITWrapper#90 - Validating Application...
2024-10-11 05:07:26,434 INFO - ContAudITWrapper#90 - Response true
2024-10-11 05:07:26,455 INFO - ContAudITWrapper#90 - Artifact apache2.workflow hash: bdb4cee855e21446b6ae53ddcb76a1632ef8c4545b5db0517e01ffd552157f6e
2024-10-11 05:07:26,472 INFO - ContAudITWrapper#90 - Validating Artifact...
2024-10-11 05:07:37,077 INFO - ContAudITWrapper#90 - Response true
2024-10-11 05:07:37,264 INFO - ContAudITWrapper#90 - Running pre-command actions...
2024-10-11 05:07:37,265 INFO - ContAudITWrapper#90 - Analyzing current environment state...
2024-10-11 05:07:37,444 INFO - ContAudITWrapper#90 - Saving current environment state...
2024-10-11 05:07:37,444 INFO - ContAudITWrapper#90 - Environment state hash: a7ffc6f8bf1ed76651c14756a061d662f580ff4de43b49fa82d80a4b80f8434a
2024-10-11 05:07:37,445 INFO - ContAudITWrapper#90 - Executing command...
2024-10-11 05:07:38,854 INFO - ContAudITWrapper#90 - Command output: 
2024-10-11 05:07:37.570446371 [executor] Initializing the workflow...
[apache2_workflow] Apache HTTP Server already installed.
[apache2_workflow] UserDir module already loaded.
[apache2_workflow] Configs to UserDir already exist.
[apache2_workflow] public_html directory already exists in /home/ec2-user.
[apache2_workflow] Creating a simple webpage...
[apache2_workflow] Moving webpage to Apache HTTP Server user website folder...
[apache2_workflow] Page moved successfully!
2024-10-11 05:07:38.836768211 [executor] Finished!

2024-10-11 05:07:38,855 INFO - ContAudITWrapper#90 - Running post-command actions...
2024-10-11 05:07:38,855 INFO - ContAudITWrapper#90 - Analyzing current environment state...
2024-10-11 05:07:38,938 INFO - ContAudITWrapper#90 - Saving current environment state...
2024-10-11 05:07:38,939 INFO - ContAudITWrapper#90 - Environment state hash: a7ffc6f8bf1ed76651c14756a061d662f580ff4de43b49fa82d80a4b80f8434a
2024-10-11 05:07:38,939 INFO - ContAudITWrapper#90 - Checking environment diff...
2024-10-11 05:07:39,020 INFO - ContAudITWrapper#90 - Environment diff: 
2024-10-11 05:07:39,020 INFO - ContAudITWrapper#90 - Cleaning temporary files...
2024-10-11 05:07:39,071 INFO - ContAudITWrapper#90 - Sending to blockchain...
2024-10-11 05:07:54,214 INFO - ContAudITWrapper#90 - Response 
2024-10-11 05:07:54,216 INFO - ContAudITWrapper#90 - Finishing ContAudIT Wrapper...
