2024-10-11 05:05:41,878 INFO - ContAudITWrapper#38 - Initializing ContAudIT Wrapper...
2024-10-11 05:05:42,147 INFO - ContAudITWrapper#38 - Current directory: /home/ec2-user/Code/ufrgs-poc/contaudit-wrapper.jar
2024-10-11 05:06:07,134 INFO - ContAudITWrapper#38 - Wrapper hash: b7519188ed863d76e5199a8d880bb968bdf9124fad53b871583787e123a7a764
2024-10-11 05:06:07,281 INFO - ContAudITWrapper#38 - Validating Wrapper...
2024-10-11 05:07:17,176 INFO - ContAudITWrapper#38 - Response true
2024-10-11 05:07:17,364 INFO - ContAudITWrapper#38 - Application hash: e36ee2d35f8c4c41bd358782dfb3ac8852b40439d350ff27616f0c18819ce9bf
2024-10-11 05:07:17,365 INFO - ContAudITWrapper#38 - Validating Application...
2024-10-11 05:07:32,145 INFO - ContAudITWrapper#38 - Response true
2024-10-11 05:07:32,181 INFO - ContAudITWrapper#38 - Artifact apache2.workflow hash: bdb4cee855e21446b6ae53ddcb76a1632ef8c4545b5db0517e01ffd552157f6e
2024-10-11 05:07:32,217 INFO - ContAudITWrapper#38 - Validating Artifact...
2024-10-11 05:07:48,068 INFO - ContAudITWrapper#38 - Response true
2024-10-11 05:07:48,080 INFO - ContAudITWrapper#38 - Running pre-command actions...
2024-10-11 05:07:48,081 INFO - ContAudITWrapper#38 - Analyzing current environment state...
2024-10-11 05:07:48,234 INFO - ContAudITWrapper#38 - Saving current environment state...
2024-10-11 05:07:48,235 INFO - ContAudITWrapper#38 - Environment state hash: a7ffc6f8bf1ed76651c14756a061d662f580ff4de43b49fa82d80a4b80f8434a
2024-10-11 05:07:48,235 INFO - ContAudITWrapper#38 - Executing command...
2024-10-11 05:07:50,112 INFO - ContAudITWrapper#38 - Command output: 
2024-10-11 05:07:48.488525384 [executor] Initializing the workflow...
[apache2_workflow] Apache HTTP Server already installed.
[apache2_workflow] UserDir module already loaded.
[apache2_workflow] Configs to UserDir already exist.
[apache2_workflow] public_html directory already exists in /home/ec2-user.
[apache2_workflow] Creating a simple webpage...
[apache2_workflow] Moving webpage to Apache HTTP Server user website folder...
[apache2_workflow] Page moved successfully!
2024-10-11 05:07:50.111451631 [executor] Finished!

2024-10-11 05:07:50,112 INFO - ContAudITWrapper#38 - Running post-command actions...
2024-10-11 05:07:50,112 INFO - ContAudITWrapper#38 - Analyzing current environment state...
2024-10-11 05:07:50,178 INFO - ContAudITWrapper#38 - Saving current environment state...
2024-10-11 05:07:50,178 INFO - ContAudITWrapper#38 - Environment state hash: a7ffc6f8bf1ed76651c14756a061d662f580ff4de43b49fa82d80a4b80f8434a
2024-10-11 05:07:50,179 INFO - ContAudITWrapper#38 - Checking environment diff...
2024-10-11 05:07:50,277 INFO - ContAudITWrapper#38 - Environment diff: 
2024-10-11 05:07:50,277 INFO - ContAudITWrapper#38 - Cleaning temporary files...
2024-10-11 05:07:50,387 INFO - ContAudITWrapper#38 - Sending to blockchain...
2024-10-11 05:07:58,968 INFO - ContAudITWrapper#38 - Response 
2024-10-11 05:07:58,969 INFO - ContAudITWrapper#38 - Finishing ContAudIT Wrapper...
