2024-10-11 05:05:41,566 INFO - ContAudITWrapper#81 - Initializing ContAudIT Wrapper...
2024-10-11 05:05:41,784 INFO - ContAudITWrapper#81 - Current directory: /home/ec2-user/Code/ufrgs-poc/contaudit-wrapper.jar
2024-10-11 05:06:05,093 INFO - ContAudITWrapper#81 - Wrapper hash: b7519188ed863d76e5199a8d880bb968bdf9124fad53b871583787e123a7a764
2024-10-11 05:06:05,213 INFO - ContAudITWrapper#81 - Validating Wrapper...
2024-10-11 05:07:16,095 INFO - ContAudITWrapper#81 - Response true
2024-10-11 05:07:16,255 INFO - ContAudITWrapper#81 - Application hash: e36ee2d35f8c4c41bd358782dfb3ac8852b40439d350ff27616f0c18819ce9bf
2024-10-11 05:07:16,271 INFO - ContAudITWrapper#81 - Validating Application...
2024-10-11 05:07:32,687 INFO - ContAudITWrapper#81 - Response true
2024-10-11 05:07:32,708 INFO - ContAudITWrapper#81 - Artifact apache2.workflow hash: bdb4cee855e21446b6ae53ddcb76a1632ef8c4545b5db0517e01ffd552157f6e
2024-10-11 05:07:32,759 INFO - ContAudITWrapper#81 - Validating Artifact...
2024-10-11 05:07:44,407 INFO - ContAudITWrapper#81 - Response true
2024-10-11 05:07:44,408 INFO - ContAudITWrapper#81 - Running pre-command actions...
2024-10-11 05:07:44,413 INFO - ContAudITWrapper#81 - Analyzing current environment state...
2024-10-11 05:07:44,573 INFO - ContAudITWrapper#81 - Saving current environment state...
2024-10-11 05:07:44,574 INFO - ContAudITWrapper#81 - Environment state hash: a7ffc6f8bf1ed76651c14756a061d662f580ff4de43b49fa82d80a4b80f8434a
2024-10-11 05:07:44,575 INFO - ContAudITWrapper#81 - Executing command...
2024-10-11 05:07:46,222 INFO - ContAudITWrapper#81 - Command output: 
2024-10-11 05:07:44.783918903 [executor] Initializing the workflow...
[apache2_workflow] Apache HTTP Server already installed.
[apache2_workflow] UserDir module already loaded.
[apache2_workflow] Configs to UserDir already exist.
[apache2_workflow] public_html directory already exists in /home/ec2-user.
[apache2_workflow] Creating a simple webpage...
[apache2_workflow] Moving webpage to Apache HTTP Server user website folder...
[apache2_workflow] Page moved successfully!
2024-10-11 05:07:46.220651053 [executor] Finished!

2024-10-11 05:07:46,222 INFO - ContAudITWrapper#81 - Running post-command actions...
2024-10-11 05:07:46,223 INFO - ContAudITWrapper#81 - Analyzing current environment state...
2024-10-11 05:07:46,368 INFO - ContAudITWrapper#81 - Saving current environment state...
2024-10-11 05:07:46,368 INFO - ContAudITWrapper#81 - Environment state hash: a7ffc6f8bf1ed76651c14756a061d662f580ff4de43b49fa82d80a4b80f8434a
2024-10-11 05:07:46,368 INFO - ContAudITWrapper#81 - Checking environment diff...
2024-10-11 05:07:46,405 INFO - ContAudITWrapper#81 - Environment diff: 
2024-10-11 05:07:46,405 INFO - ContAudITWrapper#81 - Cleaning temporary files...
2024-10-11 05:07:46,504 INFO - ContAudITWrapper#81 - Sending to blockchain...
2024-10-11 05:07:57,268 INFO - ContAudITWrapper#81 - Response 
2024-10-11 05:07:57,269 INFO - ContAudITWrapper#81 - Finishing ContAudIT Wrapper...
