2024-10-11 05:05:41,004 INFO - ContAudITWrapper#42 - Initializing ContAudIT Wrapper...
2024-10-11 05:05:41,148 INFO - ContAudITWrapper#42 - Current directory: /home/ec2-user/Code/ufrgs-poc/contaudit-wrapper.jar
2024-10-11 05:06:02,697 INFO - ContAudITWrapper#42 - Wrapper hash: b7519188ed863d76e5199a8d880bb968bdf9124fad53b871583787e123a7a764
2024-10-11 05:06:02,772 INFO - ContAudITWrapper#42 - Validating Wrapper...
2024-10-11 05:07:12,433 INFO - ContAudITWrapper#42 - Response true
2024-10-11 05:07:12,615 INFO - ContAudITWrapper#42 - Application hash: e36ee2d35f8c4c41bd358782dfb3ac8852b40439d350ff27616f0c18819ce9bf
2024-10-11 05:07:12,616 INFO - ContAudITWrapper#42 - Validating Application...
2024-10-11 05:07:27,372 INFO - ContAudITWrapper#42 - Response true
2024-10-11 05:07:27,388 INFO - ContAudITWrapper#42 - Artifact apache2.workflow hash: bdb4cee855e21446b6ae53ddcb76a1632ef8c4545b5db0517e01ffd552157f6e
2024-10-11 05:07:27,429 INFO - ContAudITWrapper#42 - Validating Artifact...
2024-10-11 05:07:39,701 INFO - ContAudITWrapper#42 - Response true
2024-10-11 05:07:39,726 INFO - ContAudITWrapper#42 - Running pre-command actions...
2024-10-11 05:07:39,727 INFO - ContAudITWrapper#42 - Analyzing current environment state...
2024-10-11 05:07:39,951 INFO - ContAudITWrapper#42 - Saving current environment state...
2024-10-11 05:07:39,952 INFO - ContAudITWrapper#42 - Environment state hash: a7ffc6f8bf1ed76651c14756a061d662f580ff4de43b49fa82d80a4b80f8434a
2024-10-11 05:07:39,952 INFO - ContAudITWrapper#42 - Executing command...
2024-10-11 05:07:41,694 INFO - ContAudITWrapper#42 - Command output: 
2024-10-11 05:07:40.101686783 [executor] Initializing the workflow...
[apache2_workflow] Apache HTTP Server already installed.
[apache2_workflow] UserDir module already loaded.
[apache2_workflow] Configs to UserDir already exist.
[apache2_workflow] public_html directory already exists in /home/ec2-user.
[apache2_workflow] Creating a simple webpage...
[apache2_workflow] Moving webpage to Apache HTTP Server user website folder...
[apache2_workflow] Page moved successfully!
2024-10-11 05:07:41.692919146 [executor] Finished!

2024-10-11 05:07:41,694 INFO - ContAudITWrapper#42 - Running post-command actions...
2024-10-11 05:07:41,694 INFO - ContAudITWrapper#42 - Analyzing current environment state...
2024-10-11 05:07:41,878 INFO - ContAudITWrapper#42 - Saving current environment state...
2024-10-11 05:07:41,879 INFO - ContAudITWrapper#42 - Environment state hash: a7ffc6f8bf1ed76651c14756a061d662f580ff4de43b49fa82d80a4b80f8434a
2024-10-11 05:07:41,879 INFO - ContAudITWrapper#42 - Checking environment diff...
2024-10-11 05:07:41,937 INFO - ContAudITWrapper#42 - Environment diff: 
2024-10-11 05:07:41,938 INFO - ContAudITWrapper#42 - Cleaning temporary files...
2024-10-11 05:07:41,987 INFO - ContAudITWrapper#42 - Sending to blockchain...
2024-10-11 05:07:56,007 INFO - ContAudITWrapper#42 - Response 
2024-10-11 05:07:56,009 INFO - ContAudITWrapper#42 - Finishing ContAudIT Wrapper...
