2024-10-11 05:05:41,689 INFO - ContAudITWrapper#67 - Initializing ContAudIT Wrapper...
2024-10-11 05:05:41,958 INFO - ContAudITWrapper#67 - Current directory: /home/ec2-user/Code/ufrgs-poc/contaudit-wrapper.jar
2024-10-11 05:06:02,919 INFO - ContAudITWrapper#67 - Wrapper hash: b7519188ed863d76e5199a8d880bb968bdf9124fad53b871583787e123a7a764
2024-10-11 05:06:02,986 INFO - ContAudITWrapper#67 - Validating Wrapper...
2024-10-11 05:07:09,125 INFO - ContAudITWrapper#67 - Response true
2024-10-11 05:07:09,357 INFO - ContAudITWrapper#67 - Application hash: e36ee2d35f8c4c41bd358782dfb3ac8852b40439d350ff27616f0c18819ce9bf
2024-10-11 05:07:09,370 INFO - ContAudITWrapper#67 - Validating Application...
2024-10-11 05:07:23,713 INFO - ContAudITWrapper#67 - Response true
2024-10-11 05:07:23,723 INFO - ContAudITWrapper#67 - Artifact apache2.workflow hash: bdb4cee855e21446b6ae53ddcb76a1632ef8c4545b5db0517e01ffd552157f6e
2024-10-11 05:07:23,765 INFO - ContAudITWrapper#67 - Validating Artifact...
2024-10-11 05:07:37,008 INFO - ContAudITWrapper#67 - Response true
2024-10-11 05:07:37,023 INFO - ContAudITWrapper#67 - Running pre-command actions...
2024-10-11 05:07:37,025 INFO - ContAudITWrapper#67 - Analyzing current environment state...
2024-10-11 05:07:37,242 INFO - ContAudITWrapper#67 - Saving current environment state...
2024-10-11 05:07:37,243 INFO - ContAudITWrapper#67 - Environment state hash: a7ffc6f8bf1ed76651c14756a061d662f580ff4de43b49fa82d80a4b80f8434a
2024-10-11 05:07:37,244 INFO - ContAudITWrapper#67 - Executing command...
2024-10-11 05:07:39,003 INFO - ContAudITWrapper#67 - Command output: 
2024-10-11 05:07:37.408437002 [executor] Initializing the workflow...
[apache2_workflow] Apache HTTP Server already installed.
[apache2_workflow] UserDir module already loaded.
[apache2_workflow] Configs to UserDir already exist.
[apache2_workflow] public_html directory already exists in /home/ec2-user.
[apache2_workflow] Creating a simple webpage...
[apache2_workflow] Moving webpage to Apache HTTP Server user website folder...
[apache2_workflow] Page moved successfully!
2024-10-11 05:07:39.001097108 [executor] Finished!

2024-10-11 05:07:39,003 INFO - ContAudITWrapper#67 - Running post-command actions...
2024-10-11 05:07:39,003 INFO - ContAudITWrapper#67 - Analyzing current environment state...
2024-10-11 05:07:39,163 INFO - ContAudITWrapper#67 - Saving current environment state...
2024-10-11 05:07:39,164 INFO - ContAudITWrapper#67 - Environment state hash: a7ffc6f8bf1ed76651c14756a061d662f580ff4de43b49fa82d80a4b80f8434a
2024-10-11 05:07:39,164 INFO - ContAudITWrapper#67 - Checking environment diff...
2024-10-11 05:07:39,272 INFO - ContAudITWrapper#67 - Environment diff: 
2024-10-11 05:07:39,272 INFO - ContAudITWrapper#67 - Cleaning temporary files...
2024-10-11 05:07:39,356 INFO - ContAudITWrapper#67 - Sending to blockchain...
2024-10-11 05:07:55,555 INFO - ContAudITWrapper#67 - Response 
2024-10-11 05:07:55,556 INFO - ContAudITWrapper#67 - Finishing ContAudIT Wrapper...
