2024-10-11 05:05:41,985 INFO - ContAudITWrapper#47 - Initializing ContAudIT Wrapper...
2024-10-11 05:05:42,189 INFO - ContAudITWrapper#47 - Current directory: /home/ec2-user/Code/ufrgs-poc/contaudit-wrapper.jar
2024-10-11 05:06:02,376 INFO - ContAudITWrapper#47 - Wrapper hash: b7519188ed863d76e5199a8d880bb968bdf9124fad53b871583787e123a7a764
2024-10-11 05:06:02,431 INFO - ContAudITWrapper#47 - Validating Wrapper...
2024-10-11 05:07:05,667 INFO - ContAudITWrapper#47 - Response true
2024-10-11 05:07:05,708 INFO - ContAudITWrapper#47 - Application hash: e36ee2d35f8c4c41bd358782dfb3ac8852b40439d350ff27616f0c18819ce9bf
2024-10-11 05:07:05,772 INFO - ContAudITWrapper#47 - Validating Application...
2024-10-11 05:07:21,524 INFO - ContAudITWrapper#47 - Response true
2024-10-11 05:07:21,531 INFO - ContAudITWrapper#47 - Artifact apache2.workflow hash: bdb4cee855e21446b6ae53ddcb76a1632ef8c4545b5db0517e01ffd552157f6e
2024-10-11 05:07:21,651 INFO - ContAudITWrapper#47 - Validating Artifact...
2024-10-11 05:07:31,439 INFO - ContAudITWrapper#47 - Response true
2024-10-11 05:07:31,448 INFO - ContAudITWrapper#47 - Running pre-command actions...
2024-10-11 05:07:31,449 INFO - ContAudITWrapper#47 - Analyzing current environment state...
2024-10-11 05:07:31,711 INFO - ContAudITWrapper#47 - Saving current environment state...
2024-10-11 05:07:31,712 INFO - ContAudITWrapper#47 - Environment state hash: a7ffc6f8bf1ed76651c14756a061d662f580ff4de43b49fa82d80a4b80f8434a
2024-10-11 05:07:31,712 INFO - ContAudITWrapper#47 - Executing command...
2024-10-11 05:07:33,519 INFO - ContAudITWrapper#47 - Command output: 
2024-10-11 05:07:31.905737816 [executor] Initializing the workflow...
[apache2_workflow] Apache HTTP Server already installed.
[apache2_workflow] UserDir module already loaded.
[apache2_workflow] Configs to UserDir already exist.
[apache2_workflow] public_html directory already exists in /home/ec2-user.
[apache2_workflow] Creating a simple webpage...
[apache2_workflow] Moving webpage to Apache HTTP Server user website folder...
[apache2_workflow] Page moved successfully!
2024-10-11 05:07:33.517457143 [executor] Finished!

2024-10-11 05:07:33,519 INFO - ContAudITWrapper#47 - Running post-command actions...
2024-10-11 05:07:33,519 INFO - ContAudITWrapper#47 - Analyzing current environment state...
2024-10-11 05:07:33,733 INFO - ContAudITWrapper#47 - Saving current environment state...
2024-10-11 05:07:33,735 INFO - ContAudITWrapper#47 - Environment state hash: a7ffc6f8bf1ed76651c14756a061d662f580ff4de43b49fa82d80a4b80f8434a
2024-10-11 05:07:33,735 INFO - ContAudITWrapper#47 - Checking environment diff...
2024-10-11 05:07:33,769 INFO - ContAudITWrapper#47 - Environment diff: 
2024-10-11 05:07:33,771 INFO - ContAudITWrapper#47 - Cleaning temporary files...
2024-10-11 05:07:33,896 INFO - ContAudITWrapper#47 - Sending to blockchain...
2024-10-11 05:07:45,970 INFO - ContAudITWrapper#47 - Response 
2024-10-11 05:07:45,972 INFO - ContAudITWrapper#47 - Finishing ContAudIT Wrapper...
