2024-10-11 05:05:40,908 INFO - ContAudITWrapper#40 - Initializing ContAudIT Wrapper...
2024-10-11 05:05:41,122 INFO - ContAudITWrapper#40 - Current directory: /home/ec2-user/Code/ufrgs-poc/contaudit-wrapper.jar
2024-10-11 05:06:03,390 INFO - ContAudITWrapper#40 - Wrapper hash: b7519188ed863d76e5199a8d880bb968bdf9124fad53b871583787e123a7a764
2024-10-11 05:06:03,448 INFO - ContAudITWrapper#40 - Validating Wrapper...
2024-10-11 05:07:10,884 INFO - ContAudITWrapper#40 - Response true
2024-10-11 05:07:10,959 INFO - ContAudITWrapper#40 - Application hash: e36ee2d35f8c4c41bd358782dfb3ac8852b40439d350ff27616f0c18819ce9bf
2024-10-11 05:07:10,960 INFO - ContAudITWrapper#40 - Validating Application...
2024-10-11 05:07:26,275 INFO - ContAudITWrapper#40 - Response true
2024-10-11 05:07:26,285 INFO - ContAudITWrapper#40 - Artifact apache2.workflow hash: bdb4cee855e21446b6ae53ddcb76a1632ef8c4545b5db0517e01ffd552157f6e
2024-10-11 05:07:26,343 INFO - ContAudITWrapper#40 - Validating Artifact...
2024-10-11 05:07:38,734 INFO - ContAudITWrapper#40 - Response true
2024-10-11 05:07:38,743 INFO - ContAudITWrapper#40 - Running pre-command actions...
2024-10-11 05:07:38,747 INFO - ContAudITWrapper#40 - Analyzing current environment state...
2024-10-11 05:07:38,869 INFO - ContAudITWrapper#40 - Saving current environment state...
2024-10-11 05:07:38,871 INFO - ContAudITWrapper#40 - Environment state hash: a7ffc6f8bf1ed76651c14756a061d662f580ff4de43b49fa82d80a4b80f8434a
2024-10-11 05:07:38,871 INFO - ContAudITWrapper#40 - Executing command...
2024-10-11 05:07:40,708 INFO - ContAudITWrapper#40 - Command output: 
2024-10-11 05:07:39.120206956 [executor] Initializing the workflow...
[apache2_workflow] Apache HTTP Server already installed.
[apache2_workflow] UserDir module already loaded.
[apache2_workflow] Configs to UserDir already exist.
[apache2_workflow] public_html directory already exists in /home/ec2-user.
[apache2_workflow] Creating a simple webpage...
[apache2_workflow] Moving webpage to Apache HTTP Server user website folder...
[apache2_workflow] Page moved successfully!
2024-10-11 05:07:40.707078736 [executor] Finished!

2024-10-11 05:07:40,708 INFO - ContAudITWrapper#40 - Running post-command actions...
2024-10-11 05:07:40,708 INFO - ContAudITWrapper#40 - Analyzing current environment state...
2024-10-11 05:07:40,867 INFO - ContAudITWrapper#40 - Saving current environment state...
2024-10-11 05:07:40,868 INFO - ContAudITWrapper#40 - Environment state hash: a7ffc6f8bf1ed76651c14756a061d662f580ff4de43b49fa82d80a4b80f8434a
2024-10-11 05:07:40,868 INFO - ContAudITWrapper#40 - Checking environment diff...
2024-10-11 05:07:40,963 INFO - ContAudITWrapper#40 - Environment diff: 
2024-10-11 05:07:40,964 INFO - ContAudITWrapper#40 - Cleaning temporary files...
2024-10-11 05:07:41,036 INFO - ContAudITWrapper#40 - Sending to blockchain...
2024-10-11 05:07:52,545 INFO - ContAudITWrapper#40 - Response 
2024-10-11 05:07:52,547 INFO - ContAudITWrapper#40 - Finishing ContAudIT Wrapper...
