2024-10-11 05:05:42,418 INFO - ContAudITWrapper#87 - Initializing ContAudIT Wrapper...
2024-10-11 05:05:42,545 INFO - ContAudITWrapper#87 - Current directory: /home/ec2-user/Code/ufrgs-poc/contaudit-wrapper.jar
2024-10-11 05:06:03,744 INFO - ContAudITWrapper#87 - Wrapper hash: b7519188ed863d76e5199a8d880bb968bdf9124fad53b871583787e123a7a764
2024-10-11 05:06:03,838 INFO - ContAudITWrapper#87 - Validating Wrapper...
2024-10-11 05:07:12,288 INFO - ContAudITWrapper#87 - Response true
2024-10-11 05:07:12,571 INFO - ContAudITWrapper#87 - Application hash: e36ee2d35f8c4c41bd358782dfb3ac8852b40439d350ff27616f0c18819ce9bf
2024-10-11 05:07:12,578 INFO - ContAudITWrapper#87 - Validating Application...
2024-10-11 05:07:27,309 INFO - ContAudITWrapper#87 - Response true
2024-10-11 05:07:27,320 INFO - ContAudITWrapper#87 - Artifact apache2.workflow hash: bdb4cee855e21446b6ae53ddcb76a1632ef8c4545b5db0517e01ffd552157f6e
2024-10-11 05:07:27,419 INFO - ContAudITWrapper#87 - Validating Artifact...
2024-10-11 05:07:40,712 INFO - ContAudITWrapper#87 - Response true
2024-10-11 05:07:40,714 INFO - ContAudITWrapper#87 - Running pre-command actions...
2024-10-11 05:07:40,715 INFO - ContAudITWrapper#87 - Analyzing current environment state...
2024-10-11 05:07:40,912 INFO - ContAudITWrapper#87 - Saving current environment state...
2024-10-11 05:07:40,913 INFO - ContAudITWrapper#87 - Environment state hash: a7ffc6f8bf1ed76651c14756a061d662f580ff4de43b49fa82d80a4b80f8434a
2024-10-11 05:07:40,913 INFO - ContAudITWrapper#87 - Executing command...
2024-10-11 05:07:42,932 INFO - ContAudITWrapper#87 - Command output: 
2024-10-11 05:07:41.052037191 [executor] Initializing the workflow...
[apache2_workflow] Apache HTTP Server already installed.
[apache2_workflow] UserDir module already loaded.
[apache2_workflow] Configs to UserDir already exist.
[apache2_workflow] public_html directory already exists in /home/ec2-user.
[apache2_workflow] Creating a simple webpage...
[apache2_workflow] Moving webpage to Apache HTTP Server user website folder...
[apache2_workflow] Page moved successfully!
2024-10-11 05:07:42.931375208 [executor] Finished!

2024-10-11 05:07:42,932 INFO - ContAudITWrapper#87 - Running post-command actions...
2024-10-11 05:07:42,932 INFO - ContAudITWrapper#87 - Analyzing current environment state...
2024-10-11 05:07:43,174 INFO - ContAudITWrapper#87 - Saving current environment state...
2024-10-11 05:07:43,174 INFO - ContAudITWrapper#87 - Environment state hash: a7ffc6f8bf1ed76651c14756a061d662f580ff4de43b49fa82d80a4b80f8434a
2024-10-11 05:07:43,175 INFO - ContAudITWrapper#87 - Checking environment diff...
2024-10-11 05:07:43,323 INFO - ContAudITWrapper#87 - Environment diff: 
2024-10-11 05:07:43,324 INFO - ContAudITWrapper#87 - Cleaning temporary files...
2024-10-11 05:07:43,364 INFO - ContAudITWrapper#87 - Sending to blockchain...
2024-10-11 05:07:54,870 INFO - ContAudITWrapper#87 - Response 
2024-10-11 05:07:54,873 INFO - ContAudITWrapper#87 - Finishing ContAudIT Wrapper...
