2024-10-11 05:05:41,271 INFO - ContAudITWrapper#79 - Initializing ContAudIT Wrapper...
2024-10-11 05:05:41,530 INFO - ContAudITWrapper#79 - Current directory: /home/ec2-user/Code/ufrgs-poc/contaudit-wrapper.jar
2024-10-11 05:06:01,901 INFO - ContAudITWrapper#79 - Wrapper hash: b7519188ed863d76e5199a8d880bb968bdf9124fad53b871583787e123a7a764
2024-10-11 05:06:01,911 INFO - ContAudITWrapper#79 - Validating Wrapper...
2024-10-11 05:06:57,165 INFO - ContAudITWrapper#79 - Response true
2024-10-11 05:06:57,366 INFO - ContAudITWrapper#79 - Application hash: e36ee2d35f8c4c41bd358782dfb3ac8852b40439d350ff27616f0c18819ce9bf
2024-10-11 05:06:57,367 INFO - ContAudITWrapper#79 - Validating Application...
2024-10-11 05:07:13,717 INFO - ContAudITWrapper#79 - Response true
2024-10-11 05:07:13,732 INFO - ContAudITWrapper#79 - Artifact apache2.workflow hash: bdb4cee855e21446b6ae53ddcb76a1632ef8c4545b5db0517e01ffd552157f6e
2024-10-11 05:07:13,832 INFO - ContAudITWrapper#79 - Validating Artifact...
2024-10-11 05:07:27,660 INFO - ContAudITWrapper#79 - Response true
2024-10-11 05:07:27,666 INFO - ContAudITWrapper#79 - Running pre-command actions...
2024-10-11 05:07:27,667 INFO - ContAudITWrapper#79 - Analyzing current environment state...
2024-10-11 05:07:27,784 INFO - ContAudITWrapper#79 - Saving current environment state...
2024-10-11 05:07:27,785 INFO - ContAudITWrapper#79 - Environment state hash: a7ffc6f8bf1ed76651c14756a061d662f580ff4de43b49fa82d80a4b80f8434a
2024-10-11 05:07:27,785 INFO - ContAudITWrapper#79 - Executing command...
2024-10-11 05:07:29,404 INFO - ContAudITWrapper#79 - Command output: 
2024-10-11 05:07:27.924524063 [executor] Initializing the workflow...
[apache2_workflow] Apache HTTP Server already installed.
[apache2_workflow] UserDir module already loaded.
[apache2_workflow] Configs to UserDir already exist.
[apache2_workflow] public_html directory already exists in /home/ec2-user.
[apache2_workflow] Creating a simple webpage...
[apache2_workflow] Moving webpage to Apache HTTP Server user website folder...
[apache2_workflow] Page moved successfully!
2024-10-11 05:07:29.403893739 [executor] Finished!

2024-10-11 05:07:29,405 INFO - ContAudITWrapper#79 - Running post-command actions...
2024-10-11 05:07:29,405 INFO - ContAudITWrapper#79 - Analyzing current environment state...
2024-10-11 05:07:29,563 INFO - ContAudITWrapper#79 - Saving current environment state...
2024-10-11 05:07:29,563 INFO - ContAudITWrapper#79 - Environment state hash: a7ffc6f8bf1ed76651c14756a061d662f580ff4de43b49fa82d80a4b80f8434a
2024-10-11 05:07:29,564 INFO - ContAudITWrapper#79 - Checking environment diff...
2024-10-11 05:07:29,655 INFO - ContAudITWrapper#79 - Environment diff: 
2024-10-11 05:07:29,655 INFO - ContAudITWrapper#79 - Cleaning temporary files...
2024-10-11 05:07:29,756 INFO - ContAudITWrapper#79 - Sending to blockchain...
2024-10-11 05:07:45,959 INFO - ContAudITWrapper#79 - Response 
2024-10-11 05:07:45,960 INFO - ContAudITWrapper#79 - Finishing ContAudIT Wrapper...
