2024-10-11 05:05:42,269 INFO - ContAudITWrapper#53 - Initializing ContAudIT Wrapper...
2024-10-11 05:05:42,427 INFO - ContAudITWrapper#53 - Current directory: /home/ec2-user/Code/ufrgs-poc/contaudit-wrapper.jar
2024-10-11 05:06:03,865 INFO - ContAudITWrapper#53 - Wrapper hash: b7519188ed863d76e5199a8d880bb968bdf9124fad53b871583787e123a7a764
2024-10-11 05:06:03,897 INFO - ContAudITWrapper#53 - Validating Wrapper...
2024-10-11 05:07:06,855 INFO - ContAudITWrapper#53 - Response true
2024-10-11 05:07:07,150 INFO - ContAudITWrapper#53 - Application hash: e36ee2d35f8c4c41bd358782dfb3ac8852b40439d350ff27616f0c18819ce9bf
2024-10-11 05:07:07,151 INFO - ContAudITWrapper#53 - Validating Application...
2024-10-11 05:07:23,021 INFO - ContAudITWrapper#53 - Response true
2024-10-11 05:07:23,027 INFO - ContAudITWrapper#53 - Artifact apache2.workflow hash: bdb4cee855e21446b6ae53ddcb76a1632ef8c4545b5db0517e01ffd552157f6e
2024-10-11 05:07:23,076 INFO - ContAudITWrapper#53 - Validating Artifact...
2024-10-11 05:07:36,081 INFO - ContAudITWrapper#53 - Response true
2024-10-11 05:07:36,089 INFO - ContAudITWrapper#53 - Running pre-command actions...
2024-10-11 05:07:36,092 INFO - ContAudITWrapper#53 - Analyzing current environment state...
2024-10-11 05:07:36,357 INFO - ContAudITWrapper#53 - Saving current environment state...
2024-10-11 05:07:36,358 INFO - ContAudITWrapper#53 - Environment state hash: a7ffc6f8bf1ed76651c14756a061d662f580ff4de43b49fa82d80a4b80f8434a
2024-10-11 05:07:36,358 INFO - ContAudITWrapper#53 - Executing command...
2024-10-11 05:07:37,631 INFO - ContAudITWrapper#53 - Command output: 
2024-10-11 05:07:36.511297786 [executor] Initializing the workflow...
[apache2_workflow] Apache HTTP Server already installed.
[apache2_workflow] UserDir module already loaded.
[apache2_workflow] Configs to UserDir already exist.
[apache2_workflow] public_html directory already exists in /home/ec2-user.
[apache2_workflow] Creating a simple webpage...
[apache2_workflow] Moving webpage to Apache HTTP Server user website folder...
[apache2_workflow] Page moved successfully!
2024-10-11 05:07:37.630169043 [executor] Finished!

2024-10-11 05:07:37,631 INFO - ContAudITWrapper#53 - Running post-command actions...
2024-10-11 05:07:37,631 INFO - ContAudITWrapper#53 - Analyzing current environment state...
2024-10-11 05:07:37,774 INFO - ContAudITWrapper#53 - Saving current environment state...
2024-10-11 05:07:37,774 INFO - ContAudITWrapper#53 - Environment state hash: a7ffc6f8bf1ed76651c14756a061d662f580ff4de43b49fa82d80a4b80f8434a
2024-10-11 05:07:37,774 INFO - ContAudITWrapper#53 - Checking environment diff...
2024-10-11 05:07:37,887 INFO - ContAudITWrapper#53 - Environment diff: 
2024-10-11 05:07:37,888 INFO - ContAudITWrapper#53 - Cleaning temporary files...
2024-10-11 05:07:37,952 INFO - ContAudITWrapper#53 - Sending to blockchain...
2024-10-11 05:07:50,584 INFO - ContAudITWrapper#53 - Response 
2024-10-11 05:07:50,585 INFO - ContAudITWrapper#53 - Finishing ContAudIT Wrapper...
