2024-10-11 05:05:41,957 INFO - ContAudITWrapper#24 - Initializing ContAudIT Wrapper...
2024-10-11 05:05:42,296 INFO - ContAudITWrapper#24 - Current directory: /home/ec2-user/Code/ufrgs-poc/contaudit-wrapper.jar
2024-10-11 05:06:05,291 INFO - ContAudITWrapper#24 - Wrapper hash: b7519188ed863d76e5199a8d880bb968bdf9124fad53b871583787e123a7a764
2024-10-11 05:06:05,303 INFO - ContAudITWrapper#24 - Validating Wrapper...
2024-10-11 05:07:15,287 INFO - ContAudITWrapper#24 - Response true
2024-10-11 05:07:15,562 INFO - ContAudITWrapper#24 - Application hash: e36ee2d35f8c4c41bd358782dfb3ac8852b40439d350ff27616f0c18819ce9bf
2024-10-11 05:07:15,619 INFO - ContAudITWrapper#24 - Validating Application...
2024-10-11 05:07:28,407 INFO - ContAudITWrapper#24 - Response true
2024-10-11 05:07:28,448 INFO - ContAudITWrapper#24 - Artifact apache2.workflow hash: bdb4cee855e21446b6ae53ddcb76a1632ef8c4545b5db0517e01ffd552157f6e
2024-10-11 05:07:28,469 INFO - ContAudITWrapper#24 - Validating Artifact...
2024-10-11 05:07:37,941 INFO - ContAudITWrapper#24 - Response true
2024-10-11 05:07:37,946 INFO - ContAudITWrapper#24 - Running pre-command actions...
2024-10-11 05:07:37,948 INFO - ContAudITWrapper#24 - Analyzing current environment state...
2024-10-11 05:07:38,244 INFO - ContAudITWrapper#24 - Saving current environment state...
2024-10-11 05:07:38,245 INFO - ContAudITWrapper#24 - Environment state hash: a7ffc6f8bf1ed76651c14756a061d662f580ff4de43b49fa82d80a4b80f8434a
2024-10-11 05:07:38,245 INFO - ContAudITWrapper#24 - Executing command...
2024-10-11 05:07:39,240 INFO - ContAudITWrapper#24 - Command output: 
2024-10-11 05:07:38.356360296 [executor] Initializing the workflow...
[apache2_workflow] Apache HTTP Server already installed.
[apache2_workflow] UserDir module already loaded.
[apache2_workflow] Configs to UserDir already exist.
[apache2_workflow] public_html directory already exists in /home/ec2-user.
[apache2_workflow] Creating a simple webpage...
[apache2_workflow] Moving webpage to Apache HTTP Server user website folder...
[apache2_workflow] Page moved successfully!
2024-10-11 05:07:39.238366395 [executor] Finished!

2024-10-11 05:07:39,241 INFO - ContAudITWrapper#24 - Running post-command actions...
2024-10-11 05:07:39,241 INFO - ContAudITWrapper#24 - Analyzing current environment state...
2024-10-11 05:07:39,375 INFO - ContAudITWrapper#24 - Saving current environment state...
2024-10-11 05:07:39,376 INFO - ContAudITWrapper#24 - Environment state hash: a7ffc6f8bf1ed76651c14756a061d662f580ff4de43b49fa82d80a4b80f8434a
2024-10-11 05:07:39,376 INFO - ContAudITWrapper#24 - Checking environment diff...
2024-10-11 05:07:39,420 INFO - ContAudITWrapper#24 - Environment diff: 
2024-10-11 05:07:39,420 INFO - ContAudITWrapper#24 - Cleaning temporary files...
2024-10-11 05:07:39,532 INFO - ContAudITWrapper#24 - Sending to blockchain...
2024-10-11 05:07:48,825 INFO - ContAudITWrapper#24 - Response 
2024-10-11 05:07:48,826 INFO - ContAudITWrapper#24 - Finishing ContAudIT Wrapper...
