2024-10-11 05:05:41,872 INFO - ContAudITWrapper#84 - Initializing ContAudIT Wrapper...
2024-10-11 05:05:42,111 INFO - ContAudITWrapper#84 - Current directory: /home/ec2-user/Code/ufrgs-poc/contaudit-wrapper.jar
2024-10-11 05:06:07,087 INFO - ContAudITWrapper#84 - Wrapper hash: b7519188ed863d76e5199a8d880bb968bdf9124fad53b871583787e123a7a764
2024-10-11 05:06:07,345 INFO - ContAudITWrapper#84 - Validating Wrapper...
2024-10-11 05:07:18,378 INFO - ContAudITWrapper#84 - Response true
2024-10-11 05:07:18,559 INFO - ContAudITWrapper#84 - Application hash: e36ee2d35f8c4c41bd358782dfb3ac8852b40439d350ff27616f0c18819ce9bf
2024-10-11 05:07:18,560 INFO - ContAudITWrapper#84 - Validating Application...
2024-10-11 05:07:30,584 INFO - ContAudITWrapper#84 - Response true
2024-10-11 05:07:30,593 INFO - ContAudITWrapper#84 - Artifact apache2.workflow hash: bdb4cee855e21446b6ae53ddcb76a1632ef8c4545b5db0517e01ffd552157f6e
2024-10-11 05:07:30,679 INFO - ContAudITWrapper#84 - Validating Artifact...
2024-10-11 05:07:45,322 INFO - ContAudITWrapper#84 - Response true
2024-10-11 05:07:45,327 INFO - ContAudITWrapper#84 - Running pre-command actions...
2024-10-11 05:07:45,328 INFO - ContAudITWrapper#84 - Analyzing current environment state...
2024-10-11 05:07:45,500 INFO - ContAudITWrapper#84 - Saving current environment state...
2024-10-11 05:07:45,501 INFO - ContAudITWrapper#84 - Environment state hash: a7ffc6f8bf1ed76651c14756a061d662f580ff4de43b49fa82d80a4b80f8434a
2024-10-11 05:07:45,501 INFO - ContAudITWrapper#84 - Executing command...
2024-10-11 05:07:47,047 INFO - ContAudITWrapper#84 - Command output: 
2024-10-11 05:07:45.677159861 [executor] Initializing the workflow...
[apache2_workflow] Apache HTTP Server already installed.
[apache2_workflow] UserDir module already loaded.
[apache2_workflow] Configs to UserDir already exist.
[apache2_workflow] public_html directory already exists in /home/ec2-user.
[apache2_workflow] Creating a simple webpage...
[apache2_workflow] Moving webpage to Apache HTTP Server user website folder...
[apache2_workflow] Page moved successfully!
2024-10-11 05:07:47.045884732 [executor] Finished!

2024-10-11 05:07:47,047 INFO - ContAudITWrapper#84 - Running post-command actions...
2024-10-11 05:07:47,048 INFO - ContAudITWrapper#84 - Analyzing current environment state...
2024-10-11 05:07:47,219 INFO - ContAudITWrapper#84 - Saving current environment state...
2024-10-11 05:07:47,220 INFO - ContAudITWrapper#84 - Environment state hash: a7ffc6f8bf1ed76651c14756a061d662f580ff4de43b49fa82d80a4b80f8434a
2024-10-11 05:07:47,220 INFO - ContAudITWrapper#84 - Checking environment diff...
2024-10-11 05:07:47,329 INFO - ContAudITWrapper#84 - Environment diff: 
2024-10-11 05:07:47,329 INFO - ContAudITWrapper#84 - Cleaning temporary files...
2024-10-11 05:07:47,519 INFO - ContAudITWrapper#84 - Sending to blockchain...
2024-10-11 05:07:57,198 INFO - ContAudITWrapper#84 - Response 
2024-10-11 05:07:57,199 INFO - ContAudITWrapper#84 - Finishing ContAudIT Wrapper...
