2024-10-10 03:26:15,339 INFO - ContAudITWrapper#30 - Initializing ContAudIT Wrapper...
2024-10-10 03:26:15,371 INFO - ContAudITWrapper#30 - Current directory: /home/ec2-user/Code/ufrgs-poc/contaudit-wrapper.jar
2024-10-10 03:26:21,387 INFO - ContAudITWrapper#30 - Wrapper hash: b7519188ed863d76e5199a8d880bb968bdf9124fad53b871583787e123a7a764
2024-10-10 03:26:21,411 INFO - ContAudITWrapper#30 - Validating Wrapper...
2024-10-10 03:26:43,864 INFO - ContAudITWrapper#30 - Response true
2024-10-10 03:26:43,931 INFO - ContAudITWrapper#30 - Application hash: e36ee2d35f8c4c41bd358782dfb3ac8852b40439d350ff27616f0c18819ce9bf
2024-10-10 03:26:43,931 INFO - ContAudITWrapper#30 - Validating Application...
2024-10-10 03:26:47,447 INFO - ContAudITWrapper#30 - Response true
2024-10-10 03:26:47,463 INFO - ContAudITWrapper#30 - Artifact user.workflow hash: 52877374d8c54314b7af92814eaf729121e99a87e9706a2888cd9bcd951b11c9
2024-10-10 03:26:47,469 INFO - ContAudITWrapper#30 - Validating Artifact...
2024-10-10 03:26:49,937 INFO - ContAudITWrapper#30 - Response true
2024-10-10 03:26:49,949 INFO - ContAudITWrapper#30 - Running pre-command actions...
2024-10-10 03:26:49,950 INFO - ContAudITWrapper#30 - Analyzing current environment state...
2024-10-10 03:26:49,961 INFO - ContAudITWrapper#30 - Saving current environment state...
2024-10-10 03:26:49,963 INFO - ContAudITWrapper#30 - Environment state hash: a7ffc6f8bf1ed76651c14756a061d662f580ff4de43b49fa82d80a4b80f8434a
2024-10-10 03:26:49,963 INFO - ContAudITWrapper#30 - Executing command...
2024-10-10 03:26:51,228 INFO - ContAudITWrapper#30 - Command output: 
2024-10-10 03:26:49.973409945 [executor] Initializing the workflow...
[useradd_workflow] User contaudit30 does not exist. Creating...
[useradd_workflow] User contaudit30 created successfully.
2024-10-10 03:26:51.227147988 [executor] Finished!

2024-10-10 03:26:51,228 INFO - ContAudITWrapper#30 - Running post-command actions...
2024-10-10 03:26:51,229 INFO - ContAudITWrapper#30 - Analyzing current environment state...
2024-10-10 03:26:51,255 INFO - ContAudITWrapper#30 - Saving current environment state...
2024-10-10 03:26:51,256 INFO - ContAudITWrapper#30 - Environment state hash: a7ffc6f8bf1ed76651c14756a061d662f580ff4de43b49fa82d80a4b80f8434a
2024-10-10 03:26:51,265 INFO - ContAudITWrapper#30 - Checking environment diff...
2024-10-10 03:26:51,270 INFO - ContAudITWrapper#30 - Environment diff: 
2024-10-10 03:26:51,271 INFO - ContAudITWrapper#30 - Cleaning temporary files...
2024-10-10 03:26:51,276 INFO - ContAudITWrapper#30 - Sending to blockchain...
2024-10-10 03:26:53,882 INFO - ContAudITWrapper#30 - Response 
2024-10-10 03:26:53,883 INFO - ContAudITWrapper#30 - Finishing ContAudIT Wrapper...
