2024-10-09 05:04:19,921 INFO - ContAudITWrapper#1 - Initializing ContAudIT Wrapper...
2024-10-09 05:04:20,005 INFO - ContAudITWrapper#1 - Current directory: /home/ec2-user/Code/ufrgs-poc/contaudit-wrapper.jar
2024-10-09 05:04:27,364 INFO - ContAudITWrapper#1 - Wrapper hash: b7519188ed863d76e5199a8d880bb968bdf9124fad53b871583787e123a7a764
2024-10-09 05:04:27,373 INFO - ContAudITWrapper#1 - Validating Wrapper...
2024-10-09 05:04:51,999 INFO - ContAudITWrapper#1 - Response true
2024-10-09 05:04:52,072 INFO - ContAudITWrapper#1 - Application hash: e36ee2d35f8c4c41bd358782dfb3ac8852b40439d350ff27616f0c18819ce9bf
2024-10-09 05:04:52,074 INFO - ContAudITWrapper#1 - Validating Application...
2024-10-09 05:04:58,049 INFO - ContAudITWrapper#1 - Response true
2024-10-09 05:04:58,052 INFO - ContAudITWrapper#1 - Artifact apache2.workflow hash: bdb4cee855e21446b6ae53ddcb76a1632ef8c4545b5db0517e01ffd552157f6e
2024-10-09 05:04:58,085 INFO - ContAudITWrapper#1 - Validating Artifact...
2024-10-09 05:05:03,467 INFO - ContAudITWrapper#1 - Response true
2024-10-09 05:05:03,472 INFO - ContAudITWrapper#1 - Running pre-command actions...
2024-10-09 05:05:03,474 INFO - ContAudITWrapper#1 - Analyzing current environment state...
2024-10-09 05:05:03,600 INFO - ContAudITWrapper#1 - Saving current environment state...
2024-10-09 05:05:03,601 INFO - ContAudITWrapper#1 - Environment state hash: a7ffc6f8bf1ed76651c14756a061d662f580ff4de43b49fa82d80a4b80f8434a
2024-10-09 05:05:03,601 INFO - ContAudITWrapper#1 - Executing command...
2024-10-09 05:05:04,206 INFO - ContAudITWrapper#1 - Command output: 
2024-10-09 05:05:03.665231940 [executor] Initializing the workflow...
[apache2_workflow] Apache HTTP Server already installed.
[apache2_workflow] UserDir module already loaded.
[apache2_workflow] Configs to UserDir already exist.
[apache2_workflow] public_html directory already exists in /home/ec2-user.
[apache2_workflow] Creating a simple webpage...
[apache2_workflow] Moving webpage to Apache HTTP Server user website folder...
[apache2_workflow] Page moved successfully!
2024-10-09 05:05:04.204705704 [executor] Finished!

2024-10-09 05:05:04,206 INFO - ContAudITWrapper#1 - Running post-command actions...
2024-10-09 05:05:04,206 INFO - ContAudITWrapper#1 - Analyzing current environment state...
2024-10-09 05:05:04,247 INFO - ContAudITWrapper#1 - Saving current environment state...
2024-10-09 05:05:04,248 INFO - ContAudITWrapper#1 - Environment state hash: a7ffc6f8bf1ed76651c14756a061d662f580ff4de43b49fa82d80a4b80f8434a
2024-10-09 05:05:04,248 INFO - ContAudITWrapper#1 - Checking environment diff...
2024-10-09 05:05:04,315 INFO - ContAudITWrapper#1 - Environment diff: 
2024-10-09 05:05:04,316 INFO - ContAudITWrapper#1 - Cleaning temporary files...
2024-10-09 05:05:04,365 INFO - ContAudITWrapper#1 - Sending to blockchain...
2024-10-09 05:05:09,258 INFO - ContAudITWrapper#1 - Response 
2024-10-09 05:05:09,259 INFO - ContAudITWrapper#1 - Finishing ContAudIT Wrapper...
