2024-10-09 05:04:20,267 INFO - ContAudITWrapper#22 - Initializing ContAudIT Wrapper...
2024-10-09 05:04:20,364 INFO - ContAudITWrapper#22 - Current directory: /home/ec2-user/Code/ufrgs-poc/contaudit-wrapper.jar
2024-10-09 05:04:29,190 INFO - ContAudITWrapper#22 - Wrapper hash: b7519188ed863d76e5199a8d880bb968bdf9124fad53b871583787e123a7a764
2024-10-09 05:04:29,203 INFO - ContAudITWrapper#22 - Validating Wrapper...
2024-10-09 05:04:54,876 INFO - ContAudITWrapper#22 - Response true
2024-10-09 05:04:54,998 INFO - ContAudITWrapper#22 - Application hash: e36ee2d35f8c4c41bd358782dfb3ac8852b40439d350ff27616f0c18819ce9bf
2024-10-09 05:04:55,002 INFO - ContAudITWrapper#22 - Validating Application...
2024-10-09 05:04:59,241 INFO - ContAudITWrapper#22 - Response true
2024-10-09 05:04:59,249 INFO - ContAudITWrapper#22 - Artifact apache2.workflow hash: bdb4cee855e21446b6ae53ddcb76a1632ef8c4545b5db0517e01ffd552157f6e
2024-10-09 05:04:59,268 INFO - ContAudITWrapper#22 - Validating Artifact...
2024-10-09 05:05:03,304 INFO - ContAudITWrapper#22 - Response true
2024-10-09 05:05:03,308 INFO - ContAudITWrapper#22 - Running pre-command actions...
2024-10-09 05:05:03,311 INFO - ContAudITWrapper#22 - Analyzing current environment state...
2024-10-09 05:05:03,366 INFO - ContAudITWrapper#22 - Saving current environment state...
2024-10-09 05:05:03,367 INFO - ContAudITWrapper#22 - Environment state hash: a7ffc6f8bf1ed76651c14756a061d662f580ff4de43b49fa82d80a4b80f8434a
2024-10-09 05:05:03,367 INFO - ContAudITWrapper#22 - Executing command...
2024-10-09 05:05:03,928 INFO - ContAudITWrapper#22 - Command output: 
2024-10-09 05:05:03.410624323 [executor] Initializing the workflow...
[apache2_workflow] Apache HTTP Server already installed.
[apache2_workflow] UserDir module already loaded.
[apache2_workflow] Configs to UserDir already exist.
[apache2_workflow] public_html directory already exists in /home/ec2-user.
[apache2_workflow] Creating a simple webpage...
[apache2_workflow] Moving webpage to Apache HTTP Server user website folder...
[apache2_workflow] Page moved successfully!
2024-10-09 05:05:03.928181037 [executor] Finished!

2024-10-09 05:05:03,929 INFO - ContAudITWrapper#22 - Running post-command actions...
2024-10-09 05:05:03,929 INFO - ContAudITWrapper#22 - Analyzing current environment state...
2024-10-09 05:05:03,979 INFO - ContAudITWrapper#22 - Saving current environment state...
2024-10-09 05:05:03,979 INFO - ContAudITWrapper#22 - Environment state hash: a7ffc6f8bf1ed76651c14756a061d662f580ff4de43b49fa82d80a4b80f8434a
2024-10-09 05:05:03,980 INFO - ContAudITWrapper#22 - Checking environment diff...
2024-10-09 05:05:04,025 INFO - ContAudITWrapper#22 - Environment diff: 
2024-10-09 05:05:04,025 INFO - ContAudITWrapper#22 - Cleaning temporary files...
2024-10-09 05:05:04,057 INFO - ContAudITWrapper#22 - Sending to blockchain...
2024-10-09 05:05:09,172 INFO - ContAudITWrapper#22 - Response 
2024-10-09 05:05:09,174 INFO - ContAudITWrapper#22 - Finishing ContAudIT Wrapper...
