2024-10-11 05:42:00,432 INFO - ContAudITWrapper#73 - Initializing ContAudIT Wrapper...
2024-10-11 05:42:00,645 INFO - ContAudITWrapper#73 - Current directory: /home/ec2-user/Code/ufrgs-poc/contaudit-wrapper.jar
2024-10-11 05:42:21,845 INFO - ContAudITWrapper#73 - Wrapper hash: b7519188ed863d76e5199a8d880bb968bdf9124fad53b871583787e123a7a764
2024-10-11 05:42:21,855 INFO - ContAudITWrapper#73 - Validating Wrapper...
2024-10-11 05:43:30,846 INFO - ContAudITWrapper#73 - Response true
2024-10-11 05:43:30,875 INFO - ContAudITWrapper#73 - Application hash: e36ee2d35f8c4c41bd358782dfb3ac8852b40439d350ff27616f0c18819ce9bf
2024-10-11 05:43:30,876 INFO - ContAudITWrapper#73 - Validating Application...
2024-10-11 05:43:43,110 INFO - ContAudITWrapper#73 - Response true
2024-10-11 05:43:43,125 INFO - ContAudITWrapper#73 - Artifact apache2.workflow hash: bdb4cee855e21446b6ae53ddcb76a1632ef8c4545b5db0517e01ffd552157f6e
2024-10-11 05:43:43,137 INFO - ContAudITWrapper#73 - Validating Artifact...
2024-10-11 05:43:53,238 INFO - ContAudITWrapper#73 - Response true
2024-10-11 05:43:53,244 INFO - ContAudITWrapper#73 - Running pre-command actions...
2024-10-11 05:43:53,245 INFO - ContAudITWrapper#73 - Analyzing current environment state...
2024-10-11 05:43:53,513 INFO - ContAudITWrapper#73 - Saving current environment state...
2024-10-11 05:43:53,514 INFO - ContAudITWrapper#73 - Environment state hash: a7ffc6f8bf1ed76651c14756a061d662f580ff4de43b49fa82d80a4b80f8434a
2024-10-11 05:43:53,514 INFO - ContAudITWrapper#73 - Executing command...
2024-10-11 05:43:55,280 INFO - ContAudITWrapper#73 - Command output: 
2024-10-11 05:43:53.673809828 [executor] Initializing the workflow...
[apache2_workflow] Apache HTTP Server already installed.
[apache2_workflow] UserDir module already loaded.
[apache2_workflow] Configs to UserDir already exist.
[apache2_workflow] public_html directory already exists in /home/ec2-user.
[apache2_workflow] Creating a simple webpage...
[apache2_workflow] Moving webpage to Apache HTTP Server user website folder...
[apache2_workflow] Page moved successfully!
2024-10-11 05:43:55.278087545 [executor] Finished!

2024-10-11 05:43:55,280 INFO - ContAudITWrapper#73 - Running post-command actions...
2024-10-11 05:43:55,281 INFO - ContAudITWrapper#73 - Analyzing current environment state...
2024-10-11 05:43:55,510 INFO - ContAudITWrapper#73 - Saving current environment state...
2024-10-11 05:43:55,511 INFO - ContAudITWrapper#73 - Environment state hash: a7ffc6f8bf1ed76651c14756a061d662f580ff4de43b49fa82d80a4b80f8434a
2024-10-11 05:43:55,511 INFO - ContAudITWrapper#73 - Checking environment diff...
2024-10-11 05:43:55,580 INFO - ContAudITWrapper#73 - Environment diff: 
2024-10-11 05:43:55,580 INFO - ContAudITWrapper#73 - Cleaning temporary files...
2024-10-11 05:43:55,681 INFO - ContAudITWrapper#73 - Sending to blockchain...
2024-10-11 05:44:10,539 INFO - ContAudITWrapper#73 - Response 
2024-10-11 05:44:10,540 INFO - ContAudITWrapper#73 - Finishing ContAudIT Wrapper...
