2024-10-11 05:41:59,900 INFO - ContAudITWrapper#35 - Initializing ContAudIT Wrapper...
2024-10-11 05:42:00,122 INFO - ContAudITWrapper#35 - Current directory: /home/ec2-user/Code/ufrgs-poc/contaudit-wrapper.jar
2024-10-11 05:42:18,952 INFO - ContAudITWrapper#35 - Wrapper hash: b7519188ed863d76e5199a8d880bb968bdf9124fad53b871583787e123a7a764
2024-10-11 05:42:19,060 INFO - ContAudITWrapper#35 - Validating Wrapper...
2024-10-11 05:43:19,475 INFO - ContAudITWrapper#35 - Response true
2024-10-11 05:43:19,685 INFO - ContAudITWrapper#35 - Application hash: e36ee2d35f8c4c41bd358782dfb3ac8852b40439d350ff27616f0c18819ce9bf
2024-10-11 05:43:19,686 INFO - ContAudITWrapper#35 - Validating Application...
2024-10-11 05:43:35,377 INFO - ContAudITWrapper#35 - Response true
2024-10-11 05:43:35,394 INFO - ContAudITWrapper#35 - Artifact apache2.workflow hash: bdb4cee855e21446b6ae53ddcb76a1632ef8c4545b5db0517e01ffd552157f6e
2024-10-11 05:43:35,542 INFO - ContAudITWrapper#35 - Validating Artifact...
2024-10-11 05:43:48,306 INFO - ContAudITWrapper#35 - Response true
2024-10-11 05:43:48,308 INFO - ContAudITWrapper#35 - Running pre-command actions...
2024-10-11 05:43:48,313 INFO - ContAudITWrapper#35 - Analyzing current environment state...
2024-10-11 05:43:48,533 INFO - ContAudITWrapper#35 - Saving current environment state...
2024-10-11 05:43:48,534 INFO - ContAudITWrapper#35 - Environment state hash: a7ffc6f8bf1ed76651c14756a061d662f580ff4de43b49fa82d80a4b80f8434a
2024-10-11 05:43:48,535 INFO - ContAudITWrapper#35 - Executing command...
2024-10-11 05:43:49,589 INFO - ContAudITWrapper#35 - Command output: 
2024-10-11 05:43:48.799715365 [executor] Initializing the workflow...
[apache2_workflow] Apache HTTP Server already installed.
[apache2_workflow] UserDir module already loaded.
[apache2_workflow] Configs to UserDir already exist.
[apache2_workflow] public_html directory already exists in /home/ec2-user.
[apache2_workflow] Creating a simple webpage...
[apache2_workflow] Moving webpage to Apache HTTP Server user website folder...
[apache2_workflow] Page moved successfully!
2024-10-11 05:43:49.588392115 [executor] Finished!

2024-10-11 05:43:49,589 INFO - ContAudITWrapper#35 - Running post-command actions...
2024-10-11 05:43:49,589 INFO - ContAudITWrapper#35 - Analyzing current environment state...
2024-10-11 05:43:49,701 INFO - ContAudITWrapper#35 - Saving current environment state...
2024-10-11 05:43:49,701 INFO - ContAudITWrapper#35 - Environment state hash: a7ffc6f8bf1ed76651c14756a061d662f580ff4de43b49fa82d80a4b80f8434a
2024-10-11 05:43:49,701 INFO - ContAudITWrapper#35 - Checking environment diff...
2024-10-11 05:43:49,891 INFO - ContAudITWrapper#35 - Environment diff: 
2024-10-11 05:43:49,892 INFO - ContAudITWrapper#35 - Cleaning temporary files...
2024-10-11 05:43:49,967 INFO - ContAudITWrapper#35 - Sending to blockchain...
2024-10-11 05:44:04,854 INFO - ContAudITWrapper#35 - Response 
2024-10-11 05:44:04,857 INFO - ContAudITWrapper#35 - Finishing ContAudIT Wrapper...
