2024-10-11 05:42:00,006 INFO - ContAudITWrapper#6 - Initializing ContAudIT Wrapper...
2024-10-11 05:42:00,203 INFO - ContAudITWrapper#6 - Current directory: /home/ec2-user/Code/ufrgs-poc/contaudit-wrapper.jar
2024-10-11 05:42:21,076 INFO - ContAudITWrapper#6 - Wrapper hash: b7519188ed863d76e5199a8d880bb968bdf9124fad53b871583787e123a7a764
2024-10-11 05:42:21,174 INFO - ContAudITWrapper#6 - Validating Wrapper...
2024-10-11 05:43:26,846 INFO - ContAudITWrapper#6 - Response true
2024-10-11 05:43:27,039 INFO - ContAudITWrapper#6 - Application hash: e36ee2d35f8c4c41bd358782dfb3ac8852b40439d350ff27616f0c18819ce9bf
2024-10-11 05:43:27,042 INFO - ContAudITWrapper#6 - Validating Application...
2024-10-11 05:43:40,962 INFO - ContAudITWrapper#6 - Response true
2024-10-11 05:43:40,971 INFO - ContAudITWrapper#6 - Artifact apache2.workflow hash: bdb4cee855e21446b6ae53ddcb76a1632ef8c4545b5db0517e01ffd552157f6e
2024-10-11 05:43:41,038 INFO - ContAudITWrapper#6 - Validating Artifact...
2024-10-11 05:43:50,351 INFO - ContAudITWrapper#6 - Response true
2024-10-11 05:43:50,354 INFO - ContAudITWrapper#6 - Running pre-command actions...
2024-10-11 05:43:50,355 INFO - ContAudITWrapper#6 - Analyzing current environment state...
2024-10-11 05:43:50,603 INFO - ContAudITWrapper#6 - Saving current environment state...
2024-10-11 05:43:50,604 INFO - ContAudITWrapper#6 - Environment state hash: a7ffc6f8bf1ed76651c14756a061d662f580ff4de43b49fa82d80a4b80f8434a
2024-10-11 05:43:50,605 INFO - ContAudITWrapper#6 - Executing command...
2024-10-11 05:43:52,397 INFO - ContAudITWrapper#6 - Command output: 
2024-10-11 05:43:50.852333785 [executor] Initializing the workflow...
[apache2_workflow] Apache HTTP Server already installed.
[apache2_workflow] UserDir module already loaded.
[apache2_workflow] Configs to UserDir already exist.
[apache2_workflow] public_html directory already exists in /home/ec2-user.
[apache2_workflow] Creating a simple webpage...
[apache2_workflow] Moving webpage to Apache HTTP Server user website folder...
[apache2_workflow] Page moved successfully!
2024-10-11 05:43:52.396418719 [executor] Finished!

2024-10-11 05:43:52,397 INFO - ContAudITWrapper#6 - Running post-command actions...
2024-10-11 05:43:52,398 INFO - ContAudITWrapper#6 - Analyzing current environment state...
2024-10-11 05:43:52,530 INFO - ContAudITWrapper#6 - Saving current environment state...
2024-10-11 05:43:52,531 INFO - ContAudITWrapper#6 - Environment state hash: a7ffc6f8bf1ed76651c14756a061d662f580ff4de43b49fa82d80a4b80f8434a
2024-10-11 05:43:52,531 INFO - ContAudITWrapper#6 - Checking environment diff...
2024-10-11 05:43:52,605 INFO - ContAudITWrapper#6 - Environment diff: 
2024-10-11 05:43:52,605 INFO - ContAudITWrapper#6 - Cleaning temporary files...
2024-10-11 05:43:52,783 INFO - ContAudITWrapper#6 - Sending to blockchain...
2024-10-11 05:44:07,355 INFO - ContAudITWrapper#6 - Response 
2024-10-11 05:44:07,357 INFO - ContAudITWrapper#6 - Finishing ContAudIT Wrapper...
