2024-10-11 05:42:00,187 INFO - ContAudITWrapper#54 - Initializing ContAudIT Wrapper...
2024-10-11 05:42:00,443 INFO - ContAudITWrapper#54 - Current directory: /home/ec2-user/Code/ufrgs-poc/contaudit-wrapper.jar
2024-10-11 05:42:24,592 INFO - ContAudITWrapper#54 - Wrapper hash: b7519188ed863d76e5199a8d880bb968bdf9124fad53b871583787e123a7a764
2024-10-11 05:42:24,672 INFO - ContAudITWrapper#54 - Validating Wrapper...
2024-10-11 05:43:33,930 INFO - ContAudITWrapper#54 - Response true
2024-10-11 05:43:34,092 INFO - ContAudITWrapper#54 - Application hash: e36ee2d35f8c4c41bd358782dfb3ac8852b40439d350ff27616f0c18819ce9bf
2024-10-11 05:43:34,093 INFO - ContAudITWrapper#54 - Validating Application...
2024-10-11 05:43:43,567 INFO - ContAudITWrapper#54 - Response true
2024-10-11 05:43:43,599 INFO - ContAudITWrapper#54 - Artifact apache2.workflow hash: bdb4cee855e21446b6ae53ddcb76a1632ef8c4545b5db0517e01ffd552157f6e
2024-10-11 05:43:43,747 INFO - ContAudITWrapper#54 - Validating Artifact...
2024-10-11 05:43:56,543 INFO - ContAudITWrapper#54 - Response true
2024-10-11 05:43:56,600 INFO - ContAudITWrapper#54 - Running pre-command actions...
2024-10-11 05:43:56,601 INFO - ContAudITWrapper#54 - Analyzing current environment state...
2024-10-11 05:43:56,909 INFO - ContAudITWrapper#54 - Saving current environment state...
2024-10-11 05:43:56,909 INFO - ContAudITWrapper#54 - Environment state hash: a7ffc6f8bf1ed76651c14756a061d662f580ff4de43b49fa82d80a4b80f8434a
2024-10-11 05:43:56,910 INFO - ContAudITWrapper#54 - Executing command...
2024-10-11 05:43:58,172 INFO - ContAudITWrapper#54 - Command output: 
2024-10-11 05:43:57.112317123 [executor] Initializing the workflow...
[apache2_workflow] Apache HTTP Server already installed.
[apache2_workflow] UserDir module already loaded.
[apache2_workflow] Configs to UserDir already exist.
[apache2_workflow] public_html directory already exists in /home/ec2-user.
[apache2_workflow] Creating a simple webpage...
[apache2_workflow] Moving webpage to Apache HTTP Server user website folder...
[apache2_workflow] Page moved successfully!
2024-10-11 05:43:58.168288356 [executor] Finished!

2024-10-11 05:43:58,172 INFO - ContAudITWrapper#54 - Running post-command actions...
2024-10-11 05:43:58,172 INFO - ContAudITWrapper#54 - Analyzing current environment state...
2024-10-11 05:43:58,221 INFO - ContAudITWrapper#54 - Saving current environment state...
2024-10-11 05:43:58,221 INFO - ContAudITWrapper#54 - Environment state hash: a7ffc6f8bf1ed76651c14756a061d662f580ff4de43b49fa82d80a4b80f8434a
2024-10-11 05:43:58,222 INFO - ContAudITWrapper#54 - Checking environment diff...
2024-10-11 05:43:58,306 INFO - ContAudITWrapper#54 - Environment diff: 
2024-10-11 05:43:58,307 INFO - ContAudITWrapper#54 - Cleaning temporary files...
2024-10-11 05:43:58,395 INFO - ContAudITWrapper#54 - Sending to blockchain...
2024-10-11 05:44:13,352 INFO - ContAudITWrapper#54 - Response 
2024-10-11 05:44:13,354 INFO - ContAudITWrapper#54 - Finishing ContAudIT Wrapper...
