2024-10-11 05:42:00,752 INFO - ContAudITWrapper#55 - Initializing ContAudIT Wrapper...
2024-10-11 05:42:00,965 INFO - ContAudITWrapper#55 - Current directory: /home/ec2-user/Code/ufrgs-poc/contaudit-wrapper.jar
2024-10-11 05:42:24,390 INFO - ContAudITWrapper#55 - Wrapper hash: b7519188ed863d76e5199a8d880bb968bdf9124fad53b871583787e123a7a764
2024-10-11 05:42:24,430 INFO - ContAudITWrapper#55 - Validating Wrapper...
2024-10-11 05:43:36,420 INFO - ContAudITWrapper#55 - Response true
2024-10-11 05:43:36,655 INFO - ContAudITWrapper#55 - Application hash: e36ee2d35f8c4c41bd358782dfb3ac8852b40439d350ff27616f0c18819ce9bf
2024-10-11 05:43:36,711 INFO - ContAudITWrapper#55 - Validating Application...
2024-10-11 05:43:47,662 INFO - ContAudITWrapper#55 - Response true
2024-10-11 05:43:47,673 INFO - ContAudITWrapper#55 - Artifact apache2.workflow hash: bdb4cee855e21446b6ae53ddcb76a1632ef8c4545b5db0517e01ffd552157f6e
2024-10-11 05:43:47,694 INFO - ContAudITWrapper#55 - Validating Artifact...
2024-10-11 05:43:57,872 INFO - ContAudITWrapper#55 - Response true
2024-10-11 05:43:57,879 INFO - ContAudITWrapper#55 - Running pre-command actions...
2024-10-11 05:43:57,881 INFO - ContAudITWrapper#55 - Analyzing current environment state...
2024-10-11 05:43:58,081 INFO - ContAudITWrapper#55 - Saving current environment state...
2024-10-11 05:43:58,083 INFO - ContAudITWrapper#55 - Environment state hash: a7ffc6f8bf1ed76651c14756a061d662f580ff4de43b49fa82d80a4b80f8434a
2024-10-11 05:43:58,083 INFO - ContAudITWrapper#55 - Executing command...
2024-10-11 05:43:59,871 INFO - ContAudITWrapper#55 - Command output: 
2024-10-11 05:43:58.209034358 [executor] Initializing the workflow...
[apache2_workflow] Apache HTTP Server already installed.
[apache2_workflow] UserDir module already loaded.
[apache2_workflow] Configs to UserDir already exist.
[apache2_workflow] public_html directory already exists in /home/ec2-user.
[apache2_workflow] Creating a simple webpage...
[apache2_workflow] Moving webpage to Apache HTTP Server user website folder...
[apache2_workflow] Page moved successfully!
2024-10-11 05:43:59.869239916 [executor] Finished!

2024-10-11 05:43:59,871 INFO - ContAudITWrapper#55 - Running post-command actions...
2024-10-11 05:43:59,871 INFO - ContAudITWrapper#55 - Analyzing current environment state...
2024-10-11 05:44:00,051 INFO - ContAudITWrapper#55 - Saving current environment state...
2024-10-11 05:44:00,052 INFO - ContAudITWrapper#55 - Environment state hash: a7ffc6f8bf1ed76651c14756a061d662f580ff4de43b49fa82d80a4b80f8434a
2024-10-11 05:44:00,052 INFO - ContAudITWrapper#55 - Checking environment diff...
2024-10-11 05:44:00,117 INFO - ContAudITWrapper#55 - Environment diff: 
2024-10-11 05:44:00,117 INFO - ContAudITWrapper#55 - Cleaning temporary files...
2024-10-11 05:44:00,157 INFO - ContAudITWrapper#55 - Sending to blockchain...
2024-10-11 05:44:14,404 INFO - ContAudITWrapper#55 - Response 
2024-10-11 05:44:14,405 INFO - ContAudITWrapper#55 - Finishing ContAudIT Wrapper...
