2024-10-11 05:42:00,294 INFO - ContAudITWrapper#80 - Initializing ContAudIT Wrapper...
2024-10-11 05:42:00,509 INFO - ContAudITWrapper#80 - Current directory: /home/ec2-user/Code/ufrgs-poc/contaudit-wrapper.jar
2024-10-11 05:42:23,935 INFO - ContAudITWrapper#80 - Wrapper hash: b7519188ed863d76e5199a8d880bb968bdf9124fad53b871583787e123a7a764
2024-10-11 05:42:24,220 INFO - ContAudITWrapper#80 - Validating Wrapper...
2024-10-11 05:43:31,918 INFO - ContAudITWrapper#80 - Response true
2024-10-11 05:43:32,012 INFO - ContAudITWrapper#80 - Application hash: e36ee2d35f8c4c41bd358782dfb3ac8852b40439d350ff27616f0c18819ce9bf
2024-10-11 05:43:32,015 INFO - ContAudITWrapper#80 - Validating Application...
2024-10-11 05:43:46,098 INFO - ContAudITWrapper#80 - Response true
2024-10-11 05:43:46,111 INFO - ContAudITWrapper#80 - Artifact apache2.workflow hash: bdb4cee855e21446b6ae53ddcb76a1632ef8c4545b5db0517e01ffd552157f6e
2024-10-11 05:43:46,149 INFO - ContAudITWrapper#80 - Validating Artifact...
2024-10-11 05:43:54,737 INFO - ContAudITWrapper#80 - Response true
2024-10-11 05:43:54,747 INFO - ContAudITWrapper#80 - Running pre-command actions...
2024-10-11 05:43:54,748 INFO - ContAudITWrapper#80 - Analyzing current environment state...
2024-10-11 05:43:55,051 INFO - ContAudITWrapper#80 - Saving current environment state...
2024-10-11 05:43:55,052 INFO - ContAudITWrapper#80 - Environment state hash: a7ffc6f8bf1ed76651c14756a061d662f580ff4de43b49fa82d80a4b80f8434a
2024-10-11 05:43:55,052 INFO - ContAudITWrapper#80 - Executing command...
2024-10-11 05:43:56,565 INFO - ContAudITWrapper#80 - Command output: 
2024-10-11 05:43:55.296854665 [executor] Initializing the workflow...
[apache2_workflow] Apache HTTP Server already installed.
[apache2_workflow] UserDir module already loaded.
[apache2_workflow] Configs to UserDir already exist.
[apache2_workflow] public_html directory already exists in /home/ec2-user.
[apache2_workflow] Creating a simple webpage...
[apache2_workflow] Moving webpage to Apache HTTP Server user website folder...
[apache2_workflow] Page moved successfully!
2024-10-11 05:43:56.564641177 [executor] Finished!

2024-10-11 05:43:56,565 INFO - ContAudITWrapper#80 - Running post-command actions...
2024-10-11 05:43:56,566 INFO - ContAudITWrapper#80 - Analyzing current environment state...
2024-10-11 05:43:56,720 INFO - ContAudITWrapper#80 - Saving current environment state...
2024-10-11 05:43:56,760 INFO - ContAudITWrapper#80 - Environment state hash: a7ffc6f8bf1ed76651c14756a061d662f580ff4de43b49fa82d80a4b80f8434a
2024-10-11 05:43:56,761 INFO - ContAudITWrapper#80 - Checking environment diff...
2024-10-11 05:43:56,961 INFO - ContAudITWrapper#80 - Environment diff: 
2024-10-11 05:43:56,961 INFO - ContAudITWrapper#80 - Cleaning temporary files...
2024-10-11 05:43:57,016 INFO - ContAudITWrapper#80 - Sending to blockchain...
2024-10-11 05:44:09,641 INFO - ContAudITWrapper#80 - Response 
2024-10-11 05:44:09,643 INFO - ContAudITWrapper#80 - Finishing ContAudIT Wrapper...
