2024-10-11 05:42:00,531 INFO - ContAudITWrapper#40 - Initializing ContAudIT Wrapper...
2024-10-11 05:42:00,838 INFO - ContAudITWrapper#40 - Current directory: /home/ec2-user/Code/ufrgs-poc/contaudit-wrapper.jar
2024-10-11 05:42:20,808 INFO - ContAudITWrapper#40 - Wrapper hash: b7519188ed863d76e5199a8d880bb968bdf9124fad53b871583787e123a7a764
2024-10-11 05:42:20,853 INFO - ContAudITWrapper#40 - Validating Wrapper...
2024-10-11 05:43:20,257 INFO - ContAudITWrapper#40 - Response true
2024-10-11 05:43:20,757 INFO - ContAudITWrapper#40 - Application hash: e36ee2d35f8c4c41bd358782dfb3ac8852b40439d350ff27616f0c18819ce9bf
2024-10-11 05:43:20,758 INFO - ContAudITWrapper#40 - Validating Application...
2024-10-11 05:43:38,216 INFO - ContAudITWrapper#40 - Response true
2024-10-11 05:43:38,233 INFO - ContAudITWrapper#40 - Artifact apache2.workflow hash: bdb4cee855e21446b6ae53ddcb76a1632ef8c4545b5db0517e01ffd552157f6e
2024-10-11 05:43:38,255 INFO - ContAudITWrapper#40 - Validating Artifact...
2024-10-11 05:43:53,626 INFO - ContAudITWrapper#40 - Response true
2024-10-11 05:43:53,634 INFO - ContAudITWrapper#40 - Running pre-command actions...
2024-10-11 05:43:53,635 INFO - ContAudITWrapper#40 - Analyzing current environment state...
2024-10-11 05:43:53,814 INFO - ContAudITWrapper#40 - Saving current environment state...
2024-10-11 05:43:53,815 INFO - ContAudITWrapper#40 - Environment state hash: a7ffc6f8bf1ed76651c14756a061d662f580ff4de43b49fa82d80a4b80f8434a
2024-10-11 05:43:53,816 INFO - ContAudITWrapper#40 - Executing command...
2024-10-11 05:43:55,561 INFO - ContAudITWrapper#40 - Command output: 
2024-10-11 05:43:53.961083484 [executor] Initializing the workflow...
[apache2_workflow] Apache HTTP Server already installed.
[apache2_workflow] UserDir module already loaded.
[apache2_workflow] Configs to UserDir already exist.
[apache2_workflow] public_html directory already exists in /home/ec2-user.
[apache2_workflow] Creating a simple webpage...
[apache2_workflow] Moving webpage to Apache HTTP Server user website folder...
[apache2_workflow] Page moved successfully!
2024-10-11 05:43:55.559980156 [executor] Finished!

2024-10-11 05:43:55,561 INFO - ContAudITWrapper#40 - Running post-command actions...
2024-10-11 05:43:55,561 INFO - ContAudITWrapper#40 - Analyzing current environment state...
2024-10-11 05:43:55,693 INFO - ContAudITWrapper#40 - Saving current environment state...
2024-10-11 05:43:55,695 INFO - ContAudITWrapper#40 - Environment state hash: a7ffc6f8bf1ed76651c14756a061d662f580ff4de43b49fa82d80a4b80f8434a
2024-10-11 05:43:55,695 INFO - ContAudITWrapper#40 - Checking environment diff...
2024-10-11 05:43:55,757 INFO - ContAudITWrapper#40 - Environment diff: 
2024-10-11 05:43:55,757 INFO - ContAudITWrapper#40 - Cleaning temporary files...
2024-10-11 05:43:55,931 INFO - ContAudITWrapper#40 - Sending to blockchain...
2024-10-11 05:44:10,644 INFO - ContAudITWrapper#40 - Response 
2024-10-11 05:44:10,647 INFO - ContAudITWrapper#40 - Finishing ContAudIT Wrapper...
