2024-10-11 05:42:00,931 INFO - ContAudITWrapper#45 - Initializing ContAudIT Wrapper...
2024-10-11 05:42:01,198 INFO - ContAudITWrapper#45 - Current directory: /home/ec2-user/Code/ufrgs-poc/contaudit-wrapper.jar
2024-10-11 05:42:12,713 INFO - ContAudITWrapper#45 - Wrapper hash: b7519188ed863d76e5199a8d880bb968bdf9124fad53b871583787e123a7a764
2024-10-11 05:42:12,761 INFO - ContAudITWrapper#45 - Validating Wrapper...
2024-10-11 05:43:02,170 INFO - ContAudITWrapper#45 - Response true
2024-10-11 05:43:02,748 INFO - ContAudITWrapper#45 - Application hash: e36ee2d35f8c4c41bd358782dfb3ac8852b40439d350ff27616f0c18819ce9bf
2024-10-11 05:43:02,749 INFO - ContAudITWrapper#45 - Validating Application...
2024-10-11 05:43:20,649 INFO - ContAudITWrapper#45 - Response true
2024-10-11 05:43:20,661 INFO - ContAudITWrapper#45 - Artifact apache2.workflow hash: bdb4cee855e21446b6ae53ddcb76a1632ef8c4545b5db0517e01ffd552157f6e
2024-10-11 05:43:20,687 INFO - ContAudITWrapper#45 - Validating Artifact...
2024-10-11 05:43:37,019 INFO - ContAudITWrapper#45 - Response true
2024-10-11 05:43:37,027 INFO - ContAudITWrapper#45 - Running pre-command actions...
2024-10-11 05:43:37,028 INFO - ContAudITWrapper#45 - Analyzing current environment state...
2024-10-11 05:43:37,348 INFO - ContAudITWrapper#45 - Saving current environment state...
2024-10-11 05:43:37,349 INFO - ContAudITWrapper#45 - Environment state hash: a7ffc6f8bf1ed76651c14756a061d662f580ff4de43b49fa82d80a4b80f8434a
2024-10-11 05:43:37,349 INFO - ContAudITWrapper#45 - Executing command...
2024-10-11 05:43:38,829 INFO - ContAudITWrapper#45 - Command output: 
2024-10-11 05:43:37.500884988 [executor] Initializing the workflow...
[apache2_workflow] Apache HTTP Server already installed.
[apache2_workflow] UserDir module already loaded.
[apache2_workflow] Configs to UserDir already exist.
[apache2_workflow] public_html directory already exists in /home/ec2-user.
[apache2_workflow] Creating a simple webpage...
[apache2_workflow] Moving webpage to Apache HTTP Server user website folder...
[apache2_workflow] Page moved successfully!
2024-10-11 05:43:38.828135377 [executor] Finished!

2024-10-11 05:43:38,829 INFO - ContAudITWrapper#45 - Running post-command actions...
2024-10-11 05:43:38,829 INFO - ContAudITWrapper#45 - Analyzing current environment state...
2024-10-11 05:43:39,019 INFO - ContAudITWrapper#45 - Saving current environment state...
2024-10-11 05:43:39,019 INFO - ContAudITWrapper#45 - Environment state hash: a7ffc6f8bf1ed76651c14756a061d662f580ff4de43b49fa82d80a4b80f8434a
2024-10-11 05:43:39,020 INFO - ContAudITWrapper#45 - Checking environment diff...
2024-10-11 05:43:39,128 INFO - ContAudITWrapper#45 - Environment diff: 
2024-10-11 05:43:39,129 INFO - ContAudITWrapper#45 - Cleaning temporary files...
2024-10-11 05:43:39,261 INFO - ContAudITWrapper#45 - Sending to blockchain...
2024-10-11 05:43:53,422 INFO - ContAudITWrapper#45 - Response 
2024-10-11 05:43:53,423 INFO - ContAudITWrapper#45 - Finishing ContAudIT Wrapper...
