2024-06-24 00:33:02,326 INFO - ContAudITWrapper#5 - Initializing ContAudIT Wrapper...
2024-06-24 00:33:02,367 INFO - ContAudITWrapper#5 - Current directory: /home/kali/Code/ufrgs-poc/contaudit-wrapper.jar
2024-06-24 00:33:05,912 INFO - ContAudITWrapper#5 - Wrapper hash: c76a1b1bb9edc25f91da61e17225b6709df7b63d34810aab1d42c0f930950c0b
2024-06-24 00:33:05,931 INFO - ContAudITWrapper#5 - Validating Wrapper...
2024-06-24 00:33:15,159 INFO - ContAudITWrapper#5 - Response true
2024-06-24 00:33:15,227 INFO - ContAudITWrapper#5 - Application hash: e36ee2d35f8c4c41bd358782dfb3ac8852b40439d350ff27616f0c18819ce9bf
2024-06-24 00:33:15,234 INFO - ContAudITWrapper#5 - Validating Application...
2024-06-24 00:33:17,244 INFO - ContAudITWrapper#5 - Response true
2024-06-24 00:33:17,262 INFO - ContAudITWrapper#5 - Artifact apache2.workflow hash: 94d5f6758492dbe0e869e1486907a86cb16f7931019b4acb0e7f38c98cf1b06d
2024-06-24 00:33:17,270 INFO - ContAudITWrapper#5 - Validating Artifact...
2024-06-24 00:33:19,170 INFO - ContAudITWrapper#5 - Response true
2024-06-24 00:33:19,190 INFO - ContAudITWrapper#5 - Running pre-command actions...
2024-06-24 00:33:19,193 INFO - ContAudITWrapper#5 - Analyzing current environment state...
2024-06-24 00:33:19,464 INFO - ContAudITWrapper#5 - Saving current environment state...
2024-06-24 00:33:19,484 INFO - ContAudITWrapper#5 - Environment state hash: 1776e4b78f696d486603e30cb7241013e927d69ca8030fa37e187c49ffd758cd
2024-06-24 00:33:19,484 INFO - ContAudITWrapper#5 - Executing command...
2024-06-24 00:33:19,658 INFO - ContAudITWrapper#5 - Command output: 
2024-06-24 00:33:19.519753194 [executor] Initializing the workflow...
[apache2_workflow] Create a simple webpage...
[apache2_workflow] Move webpage to Apache HTTP Server user website folder...
2024-06-24 00:33:19.657423342 [executor] Finished!

2024-06-24 00:33:19,659 INFO - ContAudITWrapper#5 - Running post-command actions...
2024-06-24 00:33:19,659 INFO - ContAudITWrapper#5 - Analyzing current environment state...
2024-06-24 00:33:20,069 INFO - ContAudITWrapper#5 - Saving current environment state...
2024-06-24 00:33:20,077 INFO - ContAudITWrapper#5 - Environment state hash: 1776e4b78f696d486603e30cb7241013e927d69ca8030fa37e187c49ffd758cd
2024-06-24 00:33:20,080 INFO - ContAudITWrapper#5 - Checking environment diff...
2024-06-24 00:33:20,103 INFO - ContAudITWrapper#5 - Environment diff: 
2024-06-24 00:33:20,104 INFO - ContAudITWrapper#5 - Cleaning temporary files...
2024-06-24 00:33:20,171 INFO - ContAudITWrapper#5 - Sending to blockchain...
2024-06-24 00:33:23,995 INFO - ContAudITWrapper#5 - Response 
2024-06-24 00:33:23,997 INFO - ContAudITWrapper#5 - Finishing ContAudIT Wrapper...
2024-06-24 00:34:59,497 INFO - ContAudITWrapper#5 - Initializing ContAudIT Wrapper...
2024-06-24 00:34:59,552 INFO - ContAudITWrapper#5 - Current directory: /home/kali/Code/ufrgs-poc/contaudit-wrapper.jar
2024-06-24 00:35:04,338 INFO - ContAudITWrapper#5 - Wrapper hash: c76a1b1bb9edc25f91da61e17225b6709df7b63d34810aab1d42c0f930950c0b
2024-06-24 00:35:04,355 INFO - ContAudITWrapper#5 - Validating Wrapper...
2024-06-24 00:35:18,782 INFO - ContAudITWrapper#5 - Response true
2024-06-24 00:35:18,852 INFO - ContAudITWrapper#5 - Application hash: e36ee2d35f8c4c41bd358782dfb3ac8852b40439d350ff27616f0c18819ce9bf
2024-06-24 00:35:18,853 INFO - ContAudITWrapper#5 - Validating Application...
2024-06-24 00:35:21,629 INFO - ContAudITWrapper#5 - Response true
2024-06-24 00:35:21,653 INFO - ContAudITWrapper#5 - Artifact apache2.workflow hash: 94d5f6758492dbe0e869e1486907a86cb16f7931019b4acb0e7f38c98cf1b06d
2024-06-24 00:35:21,667 INFO - ContAudITWrapper#5 - Validating Artifact...
2024-06-24 00:35:24,842 INFO - ContAudITWrapper#5 - Response true
2024-06-24 00:35:24,863 INFO - ContAudITWrapper#5 - Running pre-command actions...
2024-06-24 00:35:24,865 INFO - ContAudITWrapper#5 - Analyzing current environment state...
2024-06-24 00:35:25,156 INFO - ContAudITWrapper#5 - Saving current environment state...
2024-06-24 00:35:25,220 INFO - ContAudITWrapper#5 - Environment state hash: 1776e4b78f696d486603e30cb7241013e927d69ca8030fa37e187c49ffd758cd
2024-06-24 00:35:25,221 INFO - ContAudITWrapper#5 - Executing command...
2024-06-24 00:35:25,424 INFO - ContAudITWrapper#5 - Command output: 
2024-06-24 00:35:25.285296208 [executor] Initializing the workflow...
[apache2_workflow] Create a simple webpage...
[apache2_workflow] Move webpage to Apache HTTP Server user website folder...
2024-06-24 00:35:25.422931047 [executor] Finished!

2024-06-24 00:35:25,424 INFO - ContAudITWrapper#5 - Running post-command actions...
2024-06-24 00:35:25,424 INFO - ContAudITWrapper#5 - Analyzing current environment state...
2024-06-24 00:35:25,663 INFO - ContAudITWrapper#5 - Saving current environment state...
2024-06-24 00:35:25,668 INFO - ContAudITWrapper#5 - Environment state hash: 1776e4b78f696d486603e30cb7241013e927d69ca8030fa37e187c49ffd758cd
2024-06-24 00:35:25,668 INFO - ContAudITWrapper#5 - Checking environment diff...
2024-06-24 00:35:25,704 INFO - ContAudITWrapper#5 - Environment diff: 
2024-06-24 00:35:25,705 INFO - ContAudITWrapper#5 - Cleaning temporary files...
2024-06-24 00:35:25,768 INFO - ContAudITWrapper#5 - Sending to blockchain...
2024-06-24 00:35:31,849 INFO - ContAudITWrapper#5 - Response 
2024-06-24 00:35:31,851 INFO - ContAudITWrapper#5 - Finishing ContAudIT Wrapper...
