2024-06-24 00:33:02,309 INFO - ContAudITWrapper#4 - Initializing ContAudIT Wrapper...
2024-06-24 00:33:02,356 INFO - ContAudITWrapper#4 - Current directory: /home/kali/Code/ufrgs-poc/contaudit-wrapper.jar
2024-06-24 00:33:06,141 INFO - ContAudITWrapper#4 - Wrapper hash: c76a1b1bb9edc25f91da61e17225b6709df7b63d34810aab1d42c0f930950c0b
2024-06-24 00:33:06,157 INFO - ContAudITWrapper#4 - Validating Wrapper...
2024-06-24 00:33:15,299 INFO - ContAudITWrapper#4 - Response true
2024-06-24 00:33:15,385 INFO - ContAudITWrapper#4 - Application hash: e36ee2d35f8c4c41bd358782dfb3ac8852b40439d350ff27616f0c18819ce9bf
2024-06-24 00:33:15,389 INFO - ContAudITWrapper#4 - Validating Application...
2024-06-24 00:33:17,149 INFO - ContAudITWrapper#4 - Response true
2024-06-24 00:33:17,154 INFO - ContAudITWrapper#4 - Artifact apache2.workflow hash: 94d5f6758492dbe0e869e1486907a86cb16f7931019b4acb0e7f38c98cf1b06d
2024-06-24 00:33:17,160 INFO - ContAudITWrapper#4 - Validating Artifact...
2024-06-24 00:33:18,898 INFO - ContAudITWrapper#4 - Response true
2024-06-24 00:33:18,902 INFO - ContAudITWrapper#4 - Running pre-command actions...
2024-06-24 00:33:18,903 INFO - ContAudITWrapper#4 - Analyzing current environment state...
2024-06-24 00:33:19,083 INFO - ContAudITWrapper#4 - Saving current environment state...
2024-06-24 00:33:19,086 INFO - ContAudITWrapper#4 - Environment state hash: 1776e4b78f696d486603e30cb7241013e927d69ca8030fa37e187c49ffd758cd
2024-06-24 00:33:19,086 INFO - ContAudITWrapper#4 - Executing command...
2024-06-24 00:33:19,187 INFO - ContAudITWrapper#4 - Command output: 
2024-06-24 00:33:19.112622789 [executor] Initializing the workflow...
[apache2_workflow] Create a simple webpage...
[apache2_workflow] Move webpage to Apache HTTP Server user website folder...
2024-06-24 00:33:19.186368743 [executor] Finished!

2024-06-24 00:33:19,187 INFO - ContAudITWrapper#4 - Running post-command actions...
2024-06-24 00:33:19,187 INFO - ContAudITWrapper#4 - Analyzing current environment state...
2024-06-24 00:33:19,485 INFO - ContAudITWrapper#4 - Saving current environment state...
2024-06-24 00:33:19,492 INFO - ContAudITWrapper#4 - Environment state hash: 1776e4b78f696d486603e30cb7241013e927d69ca8030fa37e187c49ffd758cd
2024-06-24 00:33:19,493 INFO - ContAudITWrapper#4 - Checking environment diff...
2024-06-24 00:33:19,542 INFO - ContAudITWrapper#4 - Environment diff: 
2024-06-24 00:33:19,543 INFO - ContAudITWrapper#4 - Cleaning temporary files...
2024-06-24 00:33:19,582 INFO - ContAudITWrapper#4 - Sending to blockchain...
2024-06-24 00:33:24,006 INFO - ContAudITWrapper#4 - Response 
2024-06-24 00:33:24,010 INFO - ContAudITWrapper#4 - Finishing ContAudIT Wrapper...
2024-06-24 00:34:59,514 INFO - ContAudITWrapper#4 - Initializing ContAudIT Wrapper...
2024-06-24 00:34:59,560 INFO - ContAudITWrapper#4 - Current directory: /home/kali/Code/ufrgs-poc/contaudit-wrapper.jar
2024-06-24 00:35:03,663 INFO - ContAudITWrapper#4 - Wrapper hash: c76a1b1bb9edc25f91da61e17225b6709df7b63d34810aab1d42c0f930950c0b
2024-06-24 00:35:03,678 INFO - ContAudITWrapper#4 - Validating Wrapper...
2024-06-24 00:35:19,988 INFO - ContAudITWrapper#4 - Response true
2024-06-24 00:35:20,097 INFO - ContAudITWrapper#4 - Application hash: e36ee2d35f8c4c41bd358782dfb3ac8852b40439d350ff27616f0c18819ce9bf
2024-06-24 00:35:20,102 INFO - ContAudITWrapper#4 - Validating Application...
2024-06-24 00:35:23,168 INFO - ContAudITWrapper#4 - Response true
2024-06-24 00:35:23,186 INFO - ContAudITWrapper#4 - Artifact apache2.workflow hash: 94d5f6758492dbe0e869e1486907a86cb16f7931019b4acb0e7f38c98cf1b06d
2024-06-24 00:35:23,224 INFO - ContAudITWrapper#4 - Validating Artifact...
2024-06-24 00:35:25,941 INFO - ContAudITWrapper#4 - Response true
2024-06-24 00:35:25,996 INFO - ContAudITWrapper#4 - Running pre-command actions...
2024-06-24 00:35:25,998 INFO - ContAudITWrapper#4 - Analyzing current environment state...
2024-06-24 00:35:26,416 INFO - ContAudITWrapper#4 - Saving current environment state...
2024-06-24 00:35:26,502 INFO - ContAudITWrapper#4 - Environment state hash: 1776e4b78f696d486603e30cb7241013e927d69ca8030fa37e187c49ffd758cd
2024-06-24 00:35:26,519 INFO - ContAudITWrapper#4 - Executing command...
2024-06-24 00:35:26,862 INFO - ContAudITWrapper#4 - Command output: 
2024-06-24 00:35:26.567406988 [executor] Initializing the workflow...
[apache2_workflow] Create a simple webpage...
[apache2_workflow] Move webpage to Apache HTTP Server user website folder...
2024-06-24 00:35:26.860171264 [executor] Finished!

2024-06-24 00:35:26,863 INFO - ContAudITWrapper#4 - Running post-command actions...
2024-06-24 00:35:26,863 INFO - ContAudITWrapper#4 - Analyzing current environment state...
2024-06-24 00:35:27,327 INFO - ContAudITWrapper#4 - Saving current environment state...
2024-06-24 00:35:27,341 INFO - ContAudITWrapper#4 - Environment state hash: 1776e4b78f696d486603e30cb7241013e927d69ca8030fa37e187c49ffd758cd
2024-06-24 00:35:27,346 INFO - ContAudITWrapper#4 - Checking environment diff...
2024-06-24 00:35:27,407 INFO - ContAudITWrapper#4 - Environment diff: 
2024-06-24 00:35:27,408 INFO - ContAudITWrapper#4 - Cleaning temporary files...
2024-06-24 00:35:27,453 INFO - ContAudITWrapper#4 - Sending to blockchain...
2024-06-24 00:35:31,852 INFO - ContAudITWrapper#4 - Response 
2024-06-24 00:35:31,885 INFO - ContAudITWrapper#4 - Finishing ContAudIT Wrapper...
