2024-06-24 00:33:02,290 INFO - ContAudITWrapper#7 - Initializing ContAudIT Wrapper...
2024-06-24 00:33:02,353 INFO - ContAudITWrapper#7 - Current directory: /home/kali/Code/ufrgs-poc/contaudit-wrapper.jar
2024-06-24 00:33:05,887 INFO - ContAudITWrapper#7 - Wrapper hash: c76a1b1bb9edc25f91da61e17225b6709df7b63d34810aab1d42c0f930950c0b
2024-06-24 00:33:05,901 INFO - ContAudITWrapper#7 - Validating Wrapper...
2024-06-24 00:33:15,523 INFO - ContAudITWrapper#7 - Response true
2024-06-24 00:33:15,616 INFO - ContAudITWrapper#7 - Application hash: e36ee2d35f8c4c41bd358782dfb3ac8852b40439d350ff27616f0c18819ce9bf
2024-06-24 00:33:15,618 INFO - ContAudITWrapper#7 - Validating Application...
2024-06-24 00:33:17,437 INFO - ContAudITWrapper#7 - Response true
2024-06-24 00:33:17,444 INFO - ContAudITWrapper#7 - Artifact apache2.workflow hash: 94d5f6758492dbe0e869e1486907a86cb16f7931019b4acb0e7f38c98cf1b06d
2024-06-24 00:33:17,453 INFO - ContAudITWrapper#7 - Validating Artifact...
2024-06-24 00:33:19,423 INFO - ContAudITWrapper#7 - Response true
2024-06-24 00:33:19,426 INFO - ContAudITWrapper#7 - Running pre-command actions...
2024-06-24 00:33:19,427 INFO - ContAudITWrapper#7 - Analyzing current environment state...
2024-06-24 00:33:19,841 INFO - ContAudITWrapper#7 - Saving current environment state...
2024-06-24 00:33:19,852 INFO - ContAudITWrapper#7 - Environment state hash: 1776e4b78f696d486603e30cb7241013e927d69ca8030fa37e187c49ffd758cd
2024-06-24 00:33:19,852 INFO - ContAudITWrapper#7 - Executing command...
2024-06-24 00:33:20,063 INFO - ContAudITWrapper#7 - Command output: 
2024-06-24 00:33:19.916925953 [executor] Initializing the workflow...
[apache2_workflow] Create a simple webpage...
[apache2_workflow] Move webpage to Apache HTTP Server user website folder...
2024-06-24 00:33:20.061840211 [executor] Finished!

2024-06-24 00:33:20,065 INFO - ContAudITWrapper#7 - Running post-command actions...
2024-06-24 00:33:20,066 INFO - ContAudITWrapper#7 - Analyzing current environment state...
2024-06-24 00:33:20,268 INFO - ContAudITWrapper#7 - Saving current environment state...
2024-06-24 00:33:20,271 INFO - ContAudITWrapper#7 - Environment state hash: 1776e4b78f696d486603e30cb7241013e927d69ca8030fa37e187c49ffd758cd
2024-06-24 00:33:20,271 INFO - ContAudITWrapper#7 - Checking environment diff...
2024-06-24 00:33:20,295 INFO - ContAudITWrapper#7 - Environment diff: 
2024-06-24 00:33:20,296 INFO - ContAudITWrapper#7 - Cleaning temporary files...
2024-06-24 00:33:20,316 INFO - ContAudITWrapper#7 - Sending to blockchain...
2024-06-24 00:33:24,045 INFO - ContAudITWrapper#7 - Response 
2024-06-24 00:33:24,047 INFO - ContAudITWrapper#7 - Finishing ContAudIT Wrapper...
2024-06-24 00:34:59,531 INFO - ContAudITWrapper#7 - Initializing ContAudIT Wrapper...
2024-06-24 00:34:59,564 INFO - ContAudITWrapper#7 - Current directory: /home/kali/Code/ufrgs-poc/contaudit-wrapper.jar
2024-06-24 00:35:04,618 INFO - ContAudITWrapper#7 - Wrapper hash: c76a1b1bb9edc25f91da61e17225b6709df7b63d34810aab1d42c0f930950c0b
2024-06-24 00:35:04,642 INFO - ContAudITWrapper#7 - Validating Wrapper...
2024-06-24 00:35:19,539 INFO - ContAudITWrapper#7 - Response true
2024-06-24 00:35:19,634 INFO - ContAudITWrapper#7 - Application hash: e36ee2d35f8c4c41bd358782dfb3ac8852b40439d350ff27616f0c18819ce9bf
2024-06-24 00:35:19,635 INFO - ContAudITWrapper#7 - Validating Application...
2024-06-24 00:35:22,553 INFO - ContAudITWrapper#7 - Response true
2024-06-24 00:35:22,579 INFO - ContAudITWrapper#7 - Artifact apache2.workflow hash: 94d5f6758492dbe0e869e1486907a86cb16f7931019b4acb0e7f38c98cf1b06d
2024-06-24 00:35:22,588 INFO - ContAudITWrapper#7 - Validating Artifact...
2024-06-24 00:35:25,332 INFO - ContAudITWrapper#7 - Response true
2024-06-24 00:35:25,335 INFO - ContAudITWrapper#7 - Running pre-command actions...
2024-06-24 00:35:25,337 INFO - ContAudITWrapper#7 - Analyzing current environment state...
2024-06-24 00:35:25,596 INFO - ContAudITWrapper#7 - Saving current environment state...
2024-06-24 00:35:25,602 INFO - ContAudITWrapper#7 - Environment state hash: 1776e4b78f696d486603e30cb7241013e927d69ca8030fa37e187c49ffd758cd
2024-06-24 00:35:25,603 INFO - ContAudITWrapper#7 - Executing command...
2024-06-24 00:35:25,879 INFO - ContAudITWrapper#7 - Command output: 
2024-06-24 00:35:25.674073010 [executor] Initializing the workflow...
[apache2_workflow] Create a simple webpage...
[apache2_workflow] Move webpage to Apache HTTP Server user website folder...
2024-06-24 00:35:25.878352924 [executor] Finished!

2024-06-24 00:35:25,879 INFO - ContAudITWrapper#7 - Running post-command actions...
2024-06-24 00:35:25,879 INFO - ContAudITWrapper#7 - Analyzing current environment state...
2024-06-24 00:35:26,172 INFO - ContAudITWrapper#7 - Saving current environment state...
2024-06-24 00:35:26,174 INFO - ContAudITWrapper#7 - Environment state hash: 1776e4b78f696d486603e30cb7241013e927d69ca8030fa37e187c49ffd758cd
2024-06-24 00:35:26,175 INFO - ContAudITWrapper#7 - Checking environment diff...
2024-06-24 00:35:26,215 INFO - ContAudITWrapper#7 - Environment diff: 
2024-06-24 00:35:26,216 INFO - ContAudITWrapper#7 - Cleaning temporary files...
2024-06-24 00:35:26,272 INFO - ContAudITWrapper#7 - Sending to blockchain...
2024-06-24 00:35:31,868 INFO - ContAudITWrapper#7 - Response 
2024-06-24 00:35:31,879 INFO - ContAudITWrapper#7 - Finishing ContAudIT Wrapper...
