2024-10-11 09:05:28,188 INFO - ContAudITWrapper#21 - Initializing ContAudIT Wrapper...
2024-10-11 09:05:28,199 INFO - ContAudITWrapper#21 - Current directory: /home/ec2-user/Code/ufrgs-poc/contaudit-wrapper.jar
2024-10-11 09:05:30,364 INFO - ContAudITWrapper#21 - Wrapper hash: b7519188ed863d76e5199a8d880bb968bdf9124fad53b871583787e123a7a764
2024-10-11 09:05:30,370 INFO - ContAudITWrapper#21 - Validating Wrapper...
2024-10-11 09:05:32,819 INFO - ContAudITWrapper#21 - Response true
2024-10-11 09:05:32,890 INFO - ContAudITWrapper#21 - Application hash: e36ee2d35f8c4c41bd358782dfb3ac8852b40439d350ff27616f0c18819ce9bf
2024-10-11 09:05:32,891 INFO - ContAudITWrapper#21 - Validating Application...
2024-10-11 09:05:33,455 INFO - ContAudITWrapper#21 - Response true
2024-10-11 09:05:33,457 INFO - ContAudITWrapper#21 - Artifact vim.workflow hash: c2cd8e965b29c5d0c1074b5d083f6beb66f185746aced776659b092dece12743
2024-10-11 09:05:33,462 INFO - ContAudITWrapper#21 - Validating Artifact...
2024-10-11 09:05:34,005 INFO - ContAudITWrapper#21 - Response true
2024-10-11 09:05:34,006 INFO - ContAudITWrapper#21 - Running pre-command actions...
2024-10-11 09:05:34,007 INFO - ContAudITWrapper#21 - Analyzing current environment state...
2024-10-11 09:05:34,014 INFO - ContAudITWrapper#21 - Saving current environment state...
2024-10-11 09:05:34,015 INFO - ContAudITWrapper#21 - Environment state hash: a7ffc6f8bf1ed76651c14756a061d662f580ff4de43b49fa82d80a4b80f8434a
2024-10-11 09:05:34,015 INFO - ContAudITWrapper#21 - Executing command...
2024-10-11 09:05:35,486 INFO - ContAudITWrapper#21 - Command output: 
2024-10-11 09:05:34.019188425 [executor] Initializing the workflow...
[vim_workflow] Checking operating system...
[vim_workflow] Detected Amazon Linux.
[vim_workflow] Checking if vim is installed...
[vim_workflow] Vim not found! Installing...
Last metadata expiration check: 5:08:44 ago on Fri Oct 11 03:56:50 2024.
Dependencies resolved.
================================================================================
 Package          Arch       Version                      Repository       Size
================================================================================
Installing:
 vim-enhanced     x86_64     2:9.0.2153-1.amzn2023        amazonlinux     1.9 M

Transaction Summary
================================================================================
Install  1 Package

Total download size: 1.9 M
Installed size: 4.0 M
Downloading Packages:
vim-enhanced-9.0.2153-1.amzn2023.x86_64.rpm      26 MB/s | 1.9 MB     00:00    
--------------------------------------------------------------------------------
Total                                            15 MB/s | 1.9 MB     00:00     
Running transaction check
Transaction check succeeded.
Running transaction test
Transaction test succeeded.
Running transaction
  Preparing        :                                                        1/1 
  Installing       : vim-enhanced-2:9.0.2153-1.amzn2023.x86_64              1/1 
  Running scriptlet: vim-enhanced-2:9.0.2153-1.amzn2023.x86_64              1/1 
  Verifying        : vim-enhanced-2:9.0.2153-1.amzn2023.x86_64              1/1 

Installed:
  vim-enhanced-2:9.0.2153-1.amzn2023.x86_64                                     

Complete!
2024-10-11 09:05:35.486431335 [executor] Finished!

2024-10-11 09:05:35,488 INFO - ContAudITWrapper#21 - Running post-command actions...
2024-10-11 09:05:35,488 INFO - ContAudITWrapper#21 - Analyzing current environment state...
2024-10-11 09:05:35,492 INFO - ContAudITWrapper#21 - Saving current environment state...
2024-10-11 09:05:35,492 INFO - ContAudITWrapper#21 - Environment state hash: a7ffc6f8bf1ed76651c14756a061d662f580ff4de43b49fa82d80a4b80f8434a
2024-10-11 09:05:35,493 INFO - ContAudITWrapper#21 - Checking environment diff...
2024-10-11 09:05:35,495 INFO - ContAudITWrapper#21 - Environment diff: 
2024-10-11 09:05:35,496 INFO - ContAudITWrapper#21 - Cleaning temporary files...
2024-10-11 09:05:35,498 INFO - ContAudITWrapper#21 - Sending to blockchain...
2024-10-11 09:05:38,106 INFO - ContAudITWrapper#21 - Response 
2024-10-11 09:05:38,107 INFO - ContAudITWrapper#21 - Finishing ContAudIT Wrapper...
