2024-10-11 05:39:35,884 INFO - ContAudITWrapper#20 - Initializing ContAudIT Wrapper...
2024-10-11 05:39:36,043 INFO - ContAudITWrapper#20 - Current directory: /home/ec2-user/Code/ufrgs-poc/contaudit-wrapper.jar
2024-10-11 05:40:02,028 INFO - ContAudITWrapper#20 - Wrapper hash: b7519188ed863d76e5199a8d880bb968bdf9124fad53b871583787e123a7a764
2024-10-11 05:40:02,265 INFO - ContAudITWrapper#20 - Validating Wrapper...
2024-10-11 05:41:17,098 INFO - ContAudITWrapper#20 - Response true
2024-10-11 05:41:17,514 INFO - ContAudITWrapper#20 - Application hash: e36ee2d35f8c4c41bd358782dfb3ac8852b40439d350ff27616f0c18819ce9bf
2024-10-11 05:41:17,535 INFO - ContAudITWrapper#20 - Validating Application...
2024-10-11 05:41:28,091 INFO - ContAudITWrapper#20 - Response true
2024-10-11 05:41:28,101 INFO - ContAudITWrapper#20 - Artifact apache2.workflow hash: bdb4cee855e21446b6ae53ddcb76a1632ef8c4545b5db0517e01ffd552157f6e
2024-10-11 05:41:28,241 INFO - ContAudITWrapper#20 - Validating Artifact...
2024-10-11 05:41:39,995 INFO - ContAudITWrapper#20 - Response true
2024-10-11 05:41:40,017 INFO - ContAudITWrapper#20 - Running pre-command actions...
2024-10-11 05:41:40,018 INFO - ContAudITWrapper#20 - Analyzing current environment state...
2024-10-11 05:41:40,247 INFO - ContAudITWrapper#20 - Saving current environment state...
2024-10-11 05:41:40,248 INFO - ContAudITWrapper#20 - Environment state hash: a7ffc6f8bf1ed76651c14756a061d662f580ff4de43b49fa82d80a4b80f8434a
2024-10-11 05:41:40,249 INFO - ContAudITWrapper#20 - Executing command...
2024-10-11 05:41:41,533 INFO - ContAudITWrapper#20 - Command output: 
2024-10-11 05:41:40.457268404 [executor] Initializing the workflow...
[apache2_workflow] Apache HTTP Server already installed.
[apache2_workflow] UserDir module already loaded.
[apache2_workflow] Configs to UserDir already exist.
[apache2_workflow] public_html directory already exists in /home/ec2-user.
[apache2_workflow] Creating a simple webpage...
[apache2_workflow] Moving webpage to Apache HTTP Server user website folder...
[apache2_workflow] Page moved successfully!
2024-10-11 05:41:41.523779120 [executor] Finished!

2024-10-11 05:41:41,534 INFO - ContAudITWrapper#20 - Running post-command actions...
2024-10-11 05:41:41,535 INFO - ContAudITWrapper#20 - Analyzing current environment state...
2024-10-11 05:41:41,632 INFO - ContAudITWrapper#20 - Saving current environment state...
2024-10-11 05:41:41,633 INFO - ContAudITWrapper#20 - Environment state hash: a7ffc6f8bf1ed76651c14756a061d662f580ff4de43b49fa82d80a4b80f8434a
2024-10-11 05:41:41,633 INFO - ContAudITWrapper#20 - Checking environment diff...
2024-10-11 05:41:41,677 INFO - ContAudITWrapper#20 - Environment diff: 
2024-10-11 05:41:41,678 INFO - ContAudITWrapper#20 - Cleaning temporary files...
2024-10-11 05:41:41,757 INFO - ContAudITWrapper#20 - Sending to blockchain...
2024-10-11 05:41:50,495 INFO - ContAudITWrapper#20 - Response 
2024-10-11 05:41:50,496 INFO - ContAudITWrapper#20 - Finishing ContAudIT Wrapper...
