2024-10-11 05:39:35,333 INFO - ContAudITWrapper#78 - Initializing ContAudIT Wrapper...
2024-10-11 05:39:35,538 INFO - ContAudITWrapper#78 - Current directory: /home/ec2-user/Code/ufrgs-poc/contaudit-wrapper.jar
2024-10-11 05:40:02,956 INFO - ContAudITWrapper#78 - Wrapper hash: b7519188ed863d76e5199a8d880bb968bdf9124fad53b871583787e123a7a764
2024-10-11 05:40:03,007 INFO - ContAudITWrapper#78 - Validating Wrapper...
2024-10-11 05:41:08,346 INFO - ContAudITWrapper#78 - Response true
2024-10-11 05:41:08,477 INFO - ContAudITWrapper#78 - Application hash: e36ee2d35f8c4c41bd358782dfb3ac8852b40439d350ff27616f0c18819ce9bf
2024-10-11 05:41:08,536 INFO - ContAudITWrapper#78 - Validating Application...
2024-10-11 05:41:25,674 INFO - ContAudITWrapper#78 - Response true
2024-10-11 05:41:25,686 INFO - ContAudITWrapper#78 - Artifact apache2.workflow hash: bdb4cee855e21446b6ae53ddcb76a1632ef8c4545b5db0517e01ffd552157f6e
2024-10-11 05:41:25,800 INFO - ContAudITWrapper#78 - Validating Artifact...
2024-10-11 05:41:38,764 INFO - ContAudITWrapper#78 - Response true
2024-10-11 05:41:38,772 INFO - ContAudITWrapper#78 - Running pre-command actions...
2024-10-11 05:41:38,773 INFO - ContAudITWrapper#78 - Analyzing current environment state...
2024-10-11 05:41:39,015 INFO - ContAudITWrapper#78 - Saving current environment state...
2024-10-11 05:41:39,016 INFO - ContAudITWrapper#78 - Environment state hash: a7ffc6f8bf1ed76651c14756a061d662f580ff4de43b49fa82d80a4b80f8434a
2024-10-11 05:41:39,016 INFO - ContAudITWrapper#78 - Executing command...
2024-10-11 05:41:40,158 INFO - ContAudITWrapper#78 - Command output: 
2024-10-11 05:41:39.155636205 [executor] Initializing the workflow...
[apache2_workflow] Apache HTTP Server already installed.
[apache2_workflow] UserDir module already loaded.
[apache2_workflow] Configs to UserDir already exist.
[apache2_workflow] public_html directory already exists in /home/ec2-user.
[apache2_workflow] Creating a simple webpage...
[apache2_workflow] Moving webpage to Apache HTTP Server user website folder...
[apache2_workflow] Page moved successfully!
2024-10-11 05:41:40.157906483 [executor] Finished!

2024-10-11 05:41:40,159 INFO - ContAudITWrapper#78 - Running post-command actions...
2024-10-11 05:41:40,159 INFO - ContAudITWrapper#78 - Analyzing current environment state...
2024-10-11 05:41:40,253 INFO - ContAudITWrapper#78 - Saving current environment state...
2024-10-11 05:41:40,254 INFO - ContAudITWrapper#78 - Environment state hash: a7ffc6f8bf1ed76651c14756a061d662f580ff4de43b49fa82d80a4b80f8434a
2024-10-11 05:41:40,254 INFO - ContAudITWrapper#78 - Checking environment diff...
2024-10-11 05:41:40,456 INFO - ContAudITWrapper#78 - Environment diff: 
2024-10-11 05:41:40,456 INFO - ContAudITWrapper#78 - Cleaning temporary files...
2024-10-11 05:41:40,462 INFO - ContAudITWrapper#78 - Sending to blockchain...
2024-10-11 05:41:50,017 INFO - ContAudITWrapper#78 - Response 
2024-10-11 05:41:50,020 INFO - ContAudITWrapper#78 - Finishing ContAudIT Wrapper...
