2024-10-11 05:39:33,455 INFO - ContAudITWrapper#61 - Initializing ContAudIT Wrapper...
2024-10-11 05:39:33,539 INFO - ContAudITWrapper#61 - Current directory: /home/ec2-user/Code/ufrgs-poc/contaudit-wrapper.jar
2024-10-11 05:39:57,895 INFO - ContAudITWrapper#61 - Wrapper hash: b7519188ed863d76e5199a8d880bb968bdf9124fad53b871583787e123a7a764
2024-10-11 05:39:57,904 INFO - ContAudITWrapper#61 - Validating Wrapper...
2024-10-11 05:41:06,825 INFO - ContAudITWrapper#61 - Response true
2024-10-11 05:41:06,848 INFO - ContAudITWrapper#61 - Application hash: e36ee2d35f8c4c41bd358782dfb3ac8852b40439d350ff27616f0c18819ce9bf
2024-10-11 05:41:06,970 INFO - ContAudITWrapper#61 - Validating Application...
2024-10-11 05:41:19,606 INFO - ContAudITWrapper#61 - Response true
2024-10-11 05:41:19,621 INFO - ContAudITWrapper#61 - Artifact apache2.workflow hash: bdb4cee855e21446b6ae53ddcb76a1632ef8c4545b5db0517e01ffd552157f6e
2024-10-11 05:41:19,703 INFO - ContAudITWrapper#61 - Validating Artifact...
2024-10-11 05:41:31,044 INFO - ContAudITWrapper#61 - Response true
2024-10-11 05:41:31,050 INFO - ContAudITWrapper#61 - Running pre-command actions...
2024-10-11 05:41:31,051 INFO - ContAudITWrapper#61 - Analyzing current environment state...
2024-10-11 05:41:31,432 INFO - ContAudITWrapper#61 - Saving current environment state...
2024-10-11 05:41:31,433 INFO - ContAudITWrapper#61 - Environment state hash: a7ffc6f8bf1ed76651c14756a061d662f580ff4de43b49fa82d80a4b80f8434a
2024-10-11 05:41:31,433 INFO - ContAudITWrapper#61 - Executing command...
2024-10-11 05:41:32,865 INFO - ContAudITWrapper#61 - Command output: 
2024-10-11 05:41:31.584170719 [executor] Initializing the workflow...
[apache2_workflow] Apache HTTP Server already installed.
[apache2_workflow] UserDir module already loaded.
[apache2_workflow] Configs to UserDir already exist.
[apache2_workflow] public_html directory already exists in /home/ec2-user.
[apache2_workflow] Creating a simple webpage...
[apache2_workflow] Moving webpage to Apache HTTP Server user website folder...
[apache2_workflow] Page moved successfully!
2024-10-11 05:41:32.862320592 [executor] Finished!

2024-10-11 05:41:32,866 INFO - ContAudITWrapper#61 - Running post-command actions...
2024-10-11 05:41:32,866 INFO - ContAudITWrapper#61 - Analyzing current environment state...
2024-10-11 05:41:32,926 INFO - ContAudITWrapper#61 - Saving current environment state...
2024-10-11 05:41:32,926 INFO - ContAudITWrapper#61 - Environment state hash: a7ffc6f8bf1ed76651c14756a061d662f580ff4de43b49fa82d80a4b80f8434a
2024-10-11 05:41:32,927 INFO - ContAudITWrapper#61 - Checking environment diff...
2024-10-11 05:41:33,040 INFO - ContAudITWrapper#61 - Environment diff: 
2024-10-11 05:41:33,041 INFO - ContAudITWrapper#61 - Cleaning temporary files...
2024-10-11 05:41:33,082 INFO - ContAudITWrapper#61 - Sending to blockchain...
2024-10-11 05:41:46,541 INFO - ContAudITWrapper#61 - Response 
2024-10-11 05:41:46,561 INFO - ContAudITWrapper#61 - Finishing ContAudIT Wrapper...
