2024-10-11 05:39:35,093 INFO - ContAudITWrapper#67 - Initializing ContAudIT Wrapper...
2024-10-11 05:39:35,321 INFO - ContAudITWrapper#67 - Current directory: /home/ec2-user/Code/ufrgs-poc/contaudit-wrapper.jar
2024-10-11 05:39:58,611 INFO - ContAudITWrapper#67 - Wrapper hash: b7519188ed863d76e5199a8d880bb968bdf9124fad53b871583787e123a7a764
2024-10-11 05:39:58,646 INFO - ContAudITWrapper#67 - Validating Wrapper...
2024-10-11 05:41:07,787 INFO - ContAudITWrapper#67 - Response true
2024-10-11 05:41:07,996 INFO - ContAudITWrapper#67 - Application hash: e36ee2d35f8c4c41bd358782dfb3ac8852b40439d350ff27616f0c18819ce9bf
2024-10-11 05:41:07,997 INFO - ContAudITWrapper#67 - Validating Application...
2024-10-11 05:41:22,732 INFO - ContAudITWrapper#67 - Response true
2024-10-11 05:41:22,738 INFO - ContAudITWrapper#67 - Artifact apache2.workflow hash: bdb4cee855e21446b6ae53ddcb76a1632ef8c4545b5db0517e01ffd552157f6e
2024-10-11 05:41:22,772 INFO - ContAudITWrapper#67 - Validating Artifact...
2024-10-11 05:41:31,248 INFO - ContAudITWrapper#67 - Response true
2024-10-11 05:41:31,255 INFO - ContAudITWrapper#67 - Running pre-command actions...
2024-10-11 05:41:31,256 INFO - ContAudITWrapper#67 - Analyzing current environment state...
2024-10-11 05:41:31,521 INFO - ContAudITWrapper#67 - Saving current environment state...
2024-10-11 05:41:31,522 INFO - ContAudITWrapper#67 - Environment state hash: a7ffc6f8bf1ed76651c14756a061d662f580ff4de43b49fa82d80a4b80f8434a
2024-10-11 05:41:31,523 INFO - ContAudITWrapper#67 - Executing command...
2024-10-11 05:41:33,348 INFO - ContAudITWrapper#67 - Command output: 
2024-10-11 05:41:31.738754593 [executor] Initializing the workflow...
[apache2_workflow] Apache HTTP Server already installed.
[apache2_workflow] UserDir module already loaded.
[apache2_workflow] Configs to UserDir already exist.
[apache2_workflow] public_html directory already exists in /home/ec2-user.
[apache2_workflow] Creating a simple webpage...
[apache2_workflow] Moving webpage to Apache HTTP Server user website folder...
[apache2_workflow] Page moved successfully!
2024-10-11 05:41:33.347446731 [executor] Finished!

2024-10-11 05:41:33,348 INFO - ContAudITWrapper#67 - Running post-command actions...
2024-10-11 05:41:33,348 INFO - ContAudITWrapper#67 - Analyzing current environment state...
2024-10-11 05:41:33,490 INFO - ContAudITWrapper#67 - Saving current environment state...
2024-10-11 05:41:33,490 INFO - ContAudITWrapper#67 - Environment state hash: a7ffc6f8bf1ed76651c14756a061d662f580ff4de43b49fa82d80a4b80f8434a
2024-10-11 05:41:33,490 INFO - ContAudITWrapper#67 - Checking environment diff...
2024-10-11 05:41:33,536 INFO - ContAudITWrapper#67 - Environment diff: 
2024-10-11 05:41:33,537 INFO - ContAudITWrapper#67 - Cleaning temporary files...
2024-10-11 05:41:33,577 INFO - ContAudITWrapper#67 - Sending to blockchain...
2024-10-11 05:41:46,732 INFO - ContAudITWrapper#67 - Response 
2024-10-11 05:41:46,740 INFO - ContAudITWrapper#67 - Finishing ContAudIT Wrapper...
