2024-10-11 05:39:35,755 INFO - ContAudITWrapper#75 - Initializing ContAudIT Wrapper...
2024-10-11 05:39:35,957 INFO - ContAudITWrapper#75 - Current directory: /home/ec2-user/Code/ufrgs-poc/contaudit-wrapper.jar
2024-10-11 05:39:57,646 INFO - ContAudITWrapper#75 - Wrapper hash: b7519188ed863d76e5199a8d880bb968bdf9124fad53b871583787e123a7a764
2024-10-11 05:39:57,655 INFO - ContAudITWrapper#75 - Validating Wrapper...
2024-10-11 05:41:03,154 INFO - ContAudITWrapper#75 - Response true
2024-10-11 05:41:03,442 INFO - ContAudITWrapper#75 - Application hash: e36ee2d35f8c4c41bd358782dfb3ac8852b40439d350ff27616f0c18819ce9bf
2024-10-11 05:41:03,443 INFO - ContAudITWrapper#75 - Validating Application...
2024-10-11 05:41:12,381 INFO - ContAudITWrapper#75 - Response true
2024-10-11 05:41:12,415 INFO - ContAudITWrapper#75 - Artifact apache2.workflow hash: bdb4cee855e21446b6ae53ddcb76a1632ef8c4545b5db0517e01ffd552157f6e
2024-10-11 05:41:12,496 INFO - ContAudITWrapper#75 - Validating Artifact...
2024-10-11 05:41:24,905 INFO - ContAudITWrapper#75 - Response true
2024-10-11 05:41:24,913 INFO - ContAudITWrapper#75 - Running pre-command actions...
2024-10-11 05:41:24,915 INFO - ContAudITWrapper#75 - Analyzing current environment state...
2024-10-11 05:41:25,175 INFO - ContAudITWrapper#75 - Saving current environment state...
2024-10-11 05:41:25,176 INFO - ContAudITWrapper#75 - Environment state hash: a7ffc6f8bf1ed76651c14756a061d662f580ff4de43b49fa82d80a4b80f8434a
2024-10-11 05:41:25,176 INFO - ContAudITWrapper#75 - Executing command...
2024-10-11 05:41:26,787 INFO - ContAudITWrapper#75 - Command output: 
2024-10-11 05:41:25.325723544 [executor] Initializing the workflow...
[apache2_workflow] Apache HTTP Server already installed.
[apache2_workflow] UserDir module already loaded.
[apache2_workflow] Configs to UserDir already exist.
[apache2_workflow] public_html directory already exists in /home/ec2-user.
[apache2_workflow] Creating a simple webpage...
[apache2_workflow] Moving webpage to Apache HTTP Server user website folder...
[apache2_workflow] Page moved successfully!
2024-10-11 05:41:26.778281432 [executor] Finished!

2024-10-11 05:41:26,787 INFO - ContAudITWrapper#75 - Running post-command actions...
2024-10-11 05:41:26,787 INFO - ContAudITWrapper#75 - Analyzing current environment state...
2024-10-11 05:41:26,890 INFO - ContAudITWrapper#75 - Saving current environment state...
2024-10-11 05:41:26,891 INFO - ContAudITWrapper#75 - Environment state hash: a7ffc6f8bf1ed76651c14756a061d662f580ff4de43b49fa82d80a4b80f8434a
2024-10-11 05:41:26,891 INFO - ContAudITWrapper#75 - Checking environment diff...
2024-10-11 05:41:27,023 INFO - ContAudITWrapper#75 - Environment diff: 
2024-10-11 05:41:27,024 INFO - ContAudITWrapper#75 - Cleaning temporary files...
2024-10-11 05:41:27,120 INFO - ContAudITWrapper#75 - Sending to blockchain...
2024-10-11 05:41:37,677 INFO - ContAudITWrapper#75 - Response 
2024-10-11 05:41:37,679 INFO - ContAudITWrapper#75 - Finishing ContAudIT Wrapper...
