2024-10-11 05:39:34,983 INFO - ContAudITWrapper#64 - Initializing ContAudIT Wrapper...
2024-10-11 05:39:35,274 INFO - ContAudITWrapper#64 - Current directory: /home/ec2-user/Code/ufrgs-poc/contaudit-wrapper.jar
2024-10-11 05:39:54,648 INFO - ContAudITWrapper#64 - Wrapper hash: b7519188ed863d76e5199a8d880bb968bdf9124fad53b871583787e123a7a764
2024-10-11 05:39:54,700 INFO - ContAudITWrapper#64 - Validating Wrapper...
2024-10-11 05:40:56,617 INFO - ContAudITWrapper#64 - Response true
2024-10-11 05:40:56,720 INFO - ContAudITWrapper#64 - Application hash: e36ee2d35f8c4c41bd358782dfb3ac8852b40439d350ff27616f0c18819ce9bf
2024-10-11 05:40:56,721 INFO - ContAudITWrapper#64 - Validating Application...
2024-10-11 05:41:08,446 INFO - ContAudITWrapper#64 - Response true
2024-10-11 05:41:08,459 INFO - ContAudITWrapper#64 - Artifact apache2.workflow hash: bdb4cee855e21446b6ae53ddcb76a1632ef8c4545b5db0517e01ffd552157f6e
2024-10-11 05:41:08,602 INFO - ContAudITWrapper#64 - Validating Artifact...
2024-10-11 05:41:22,840 INFO - ContAudITWrapper#64 - Response true
2024-10-11 05:41:22,854 INFO - ContAudITWrapper#64 - Running pre-command actions...
2024-10-11 05:41:22,856 INFO - ContAudITWrapper#64 - Analyzing current environment state...
2024-10-11 05:41:23,149 INFO - ContAudITWrapper#64 - Saving current environment state...
2024-10-11 05:41:23,151 INFO - ContAudITWrapper#64 - Environment state hash: a7ffc6f8bf1ed76651c14756a061d662f580ff4de43b49fa82d80a4b80f8434a
2024-10-11 05:41:23,166 INFO - ContAudITWrapper#64 - Executing command...
2024-10-11 05:41:24,468 INFO - ContAudITWrapper#64 - Command output: 
2024-10-11 05:41:23.353508784 [executor] Initializing the workflow...
[apache2_workflow] Apache HTTP Server already installed.
[apache2_workflow] UserDir module already loaded.
[apache2_workflow] Configs to UserDir already exist.
[apache2_workflow] public_html directory already exists in /home/ec2-user.
[apache2_workflow] Creating a simple webpage...
[apache2_workflow] Moving webpage to Apache HTTP Server user website folder...
[apache2_workflow] Page moved successfully!
2024-10-11 05:41:24.467106472 [executor] Finished!

2024-10-11 05:41:24,468 INFO - ContAudITWrapper#64 - Running post-command actions...
2024-10-11 05:41:24,468 INFO - ContAudITWrapper#64 - Analyzing current environment state...
2024-10-11 05:41:24,718 INFO - ContAudITWrapper#64 - Saving current environment state...
2024-10-11 05:41:24,718 INFO - ContAudITWrapper#64 - Environment state hash: a7ffc6f8bf1ed76651c14756a061d662f580ff4de43b49fa82d80a4b80f8434a
2024-10-11 05:41:24,719 INFO - ContAudITWrapper#64 - Checking environment diff...
2024-10-11 05:41:24,774 INFO - ContAudITWrapper#64 - Environment diff: 
2024-10-11 05:41:24,775 INFO - ContAudITWrapper#64 - Cleaning temporary files...
2024-10-11 05:41:24,868 INFO - ContAudITWrapper#64 - Sending to blockchain...
2024-10-11 05:41:40,869 INFO - ContAudITWrapper#64 - Response 
2024-10-11 05:41:40,871 INFO - ContAudITWrapper#64 - Finishing ContAudIT Wrapper...
