2024-10-11 05:39:35,732 INFO - ContAudITWrapper#11 - Initializing ContAudIT Wrapper...
2024-10-11 05:39:35,968 INFO - ContAudITWrapper#11 - Current directory: /home/ec2-user/Code/ufrgs-poc/contaudit-wrapper.jar
2024-10-11 05:39:59,290 INFO - ContAudITWrapper#11 - Wrapper hash: b7519188ed863d76e5199a8d880bb968bdf9124fad53b871583787e123a7a764
2024-10-11 05:39:59,335 INFO - ContAudITWrapper#11 - Validating Wrapper...
2024-10-11 05:41:08,331 INFO - ContAudITWrapper#11 - Response true
2024-10-11 05:41:08,764 INFO - ContAudITWrapper#11 - Application hash: e36ee2d35f8c4c41bd358782dfb3ac8852b40439d350ff27616f0c18819ce9bf
2024-10-11 05:41:08,776 INFO - ContAudITWrapper#11 - Validating Application...
2024-10-11 05:41:22,666 INFO - ContAudITWrapper#11 - Response true
2024-10-11 05:41:22,735 INFO - ContAudITWrapper#11 - Artifact apache2.workflow hash: bdb4cee855e21446b6ae53ddcb76a1632ef8c4545b5db0517e01ffd552157f6e
2024-10-11 05:41:22,756 INFO - ContAudITWrapper#11 - Validating Artifact...
2024-10-11 05:41:34,981 INFO - ContAudITWrapper#11 - Response true
2024-10-11 05:41:34,997 INFO - ContAudITWrapper#11 - Running pre-command actions...
2024-10-11 05:41:34,998 INFO - ContAudITWrapper#11 - Analyzing current environment state...
2024-10-11 05:41:35,241 INFO - ContAudITWrapper#11 - Saving current environment state...
2024-10-11 05:41:35,242 INFO - ContAudITWrapper#11 - Environment state hash: a7ffc6f8bf1ed76651c14756a061d662f580ff4de43b49fa82d80a4b80f8434a
2024-10-11 05:41:35,242 INFO - ContAudITWrapper#11 - Executing command...
2024-10-11 05:41:37,084 INFO - ContAudITWrapper#11 - Command output: 
2024-10-11 05:41:35.381192729 [executor] Initializing the workflow...
[apache2_workflow] Apache HTTP Server already installed.
[apache2_workflow] UserDir module already loaded.
[apache2_workflow] Configs to UserDir already exist.
[apache2_workflow] public_html directory already exists in /home/ec2-user.
[apache2_workflow] Creating a simple webpage...
[apache2_workflow] Moving webpage to Apache HTTP Server user website folder...
[apache2_workflow] Page moved successfully!
2024-10-11 05:41:37.083017842 [executor] Finished!

2024-10-11 05:41:37,084 INFO - ContAudITWrapper#11 - Running post-command actions...
2024-10-11 05:41:37,084 INFO - ContAudITWrapper#11 - Analyzing current environment state...
2024-10-11 05:41:37,194 INFO - ContAudITWrapper#11 - Saving current environment state...
2024-10-11 05:41:37,195 INFO - ContAudITWrapper#11 - Environment state hash: a7ffc6f8bf1ed76651c14756a061d662f580ff4de43b49fa82d80a4b80f8434a
2024-10-11 05:41:37,195 INFO - ContAudITWrapper#11 - Checking environment diff...
2024-10-11 05:41:37,280 INFO - ContAudITWrapper#11 - Environment diff: 
2024-10-11 05:41:37,280 INFO - ContAudITWrapper#11 - Cleaning temporary files...
2024-10-11 05:41:37,580 INFO - ContAudITWrapper#11 - Sending to blockchain...
2024-10-11 05:41:49,696 INFO - ContAudITWrapper#11 - Response 
2024-10-11 05:41:49,697 INFO - ContAudITWrapper#11 - Finishing ContAudIT Wrapper...
