2024-10-11 05:39:35,514 INFO - ContAudITWrapper#97 - Initializing ContAudIT Wrapper...
2024-10-11 05:39:35,600 INFO - ContAudITWrapper#97 - Current directory: /home/ec2-user/Code/ufrgs-poc/contaudit-wrapper.jar
2024-10-11 05:39:51,781 INFO - ContAudITWrapper#97 - Wrapper hash: b7519188ed863d76e5199a8d880bb968bdf9124fad53b871583787e123a7a764
2024-10-11 05:39:51,790 INFO - ContAudITWrapper#97 - Validating Wrapper...
2024-10-11 05:40:44,950 INFO - ContAudITWrapper#97 - Response true
2024-10-11 05:40:45,077 INFO - ContAudITWrapper#97 - Application hash: e36ee2d35f8c4c41bd358782dfb3ac8852b40439d350ff27616f0c18819ce9bf
2024-10-11 05:40:45,078 INFO - ContAudITWrapper#97 - Validating Application...
2024-10-11 05:41:00,513 INFO - ContAudITWrapper#97 - Response true
2024-10-11 05:41:00,521 INFO - ContAudITWrapper#97 - Artifact apache2.workflow hash: bdb4cee855e21446b6ae53ddcb76a1632ef8c4545b5db0517e01ffd552157f6e
2024-10-11 05:41:00,631 INFO - ContAudITWrapper#97 - Validating Artifact...
2024-10-11 05:41:08,229 INFO - ContAudITWrapper#97 - Response true
2024-10-11 05:41:08,272 INFO - ContAudITWrapper#97 - Running pre-command actions...
2024-10-11 05:41:08,273 INFO - ContAudITWrapper#97 - Analyzing current environment state...
2024-10-11 05:41:08,440 INFO - ContAudITWrapper#97 - Saving current environment state...
2024-10-11 05:41:08,441 INFO - ContAudITWrapper#97 - Environment state hash: a7ffc6f8bf1ed76651c14756a061d662f580ff4de43b49fa82d80a4b80f8434a
2024-10-11 05:41:08,442 INFO - ContAudITWrapper#97 - Executing command...
2024-10-11 05:41:10,362 INFO - ContAudITWrapper#97 - Command output: 
2024-10-11 05:41:08.644890525 [executor] Initializing the workflow...
[apache2_workflow] Apache HTTP Server already installed.
[apache2_workflow] UserDir module already loaded.
[apache2_workflow] Configs to UserDir already exist.
[apache2_workflow] public_html directory already exists in /home/ec2-user.
[apache2_workflow] Creating a simple webpage...
[apache2_workflow] Moving webpage to Apache HTTP Server user website folder...
[apache2_workflow] Page moved successfully!
2024-10-11 05:41:10.361187217 [executor] Finished!

2024-10-11 05:41:10,362 INFO - ContAudITWrapper#97 - Running post-command actions...
2024-10-11 05:41:10,362 INFO - ContAudITWrapper#97 - Analyzing current environment state...
2024-10-11 05:41:10,655 INFO - ContAudITWrapper#97 - Saving current environment state...
2024-10-11 05:41:10,655 INFO - ContAudITWrapper#97 - Environment state hash: a7ffc6f8bf1ed76651c14756a061d662f580ff4de43b49fa82d80a4b80f8434a
2024-10-11 05:41:10,656 INFO - ContAudITWrapper#97 - Checking environment diff...
2024-10-11 05:41:10,709 INFO - ContAudITWrapper#97 - Environment diff: 
2024-10-11 05:41:10,709 INFO - ContAudITWrapper#97 - Cleaning temporary files...
2024-10-11 05:41:10,797 INFO - ContAudITWrapper#97 - Sending to blockchain...
2024-10-11 05:41:28,372 INFO - ContAudITWrapper#97 - Response 
2024-10-11 05:41:28,374 INFO - ContAudITWrapper#97 - Finishing ContAudIT Wrapper...
