2024-10-11 05:39:35,492 INFO - ContAudITWrapper#24 - Initializing ContAudIT Wrapper...
2024-10-11 05:39:35,718 INFO - ContAudITWrapper#24 - Current directory: /home/ec2-user/Code/ufrgs-poc/contaudit-wrapper.jar
2024-10-11 05:40:01,330 INFO - ContAudITWrapper#24 - Wrapper hash: b7519188ed863d76e5199a8d880bb968bdf9124fad53b871583787e123a7a764
2024-10-11 05:40:01,410 INFO - ContAudITWrapper#24 - Validating Wrapper...
2024-10-11 05:41:12,964 INFO - ContAudITWrapper#24 - Response true
2024-10-11 05:41:13,232 INFO - ContAudITWrapper#24 - Application hash: e36ee2d35f8c4c41bd358782dfb3ac8852b40439d350ff27616f0c18819ce9bf
2024-10-11 05:41:13,367 INFO - ContAudITWrapper#24 - Validating Application...
2024-10-11 05:41:29,048 INFO - ContAudITWrapper#24 - Response true
2024-10-11 05:41:29,068 INFO - ContAudITWrapper#24 - Artifact apache2.workflow hash: bdb4cee855e21446b6ae53ddcb76a1632ef8c4545b5db0517e01ffd552157f6e
2024-10-11 05:41:29,075 INFO - ContAudITWrapper#24 - Validating Artifact...
2024-10-11 05:41:40,960 INFO - ContAudITWrapper#24 - Response true
2024-10-11 05:41:40,991 INFO - ContAudITWrapper#24 - Running pre-command actions...
2024-10-11 05:41:40,998 INFO - ContAudITWrapper#24 - Analyzing current environment state...
2024-10-11 05:41:41,248 INFO - ContAudITWrapper#24 - Saving current environment state...
2024-10-11 05:41:41,249 INFO - ContAudITWrapper#24 - Environment state hash: a7ffc6f8bf1ed76651c14756a061d662f580ff4de43b49fa82d80a4b80f8434a
2024-10-11 05:41:41,249 INFO - ContAudITWrapper#24 - Executing command...
2024-10-11 05:41:42,591 INFO - ContAudITWrapper#24 - Command output: 
2024-10-11 05:41:41.361479411 [executor] Initializing the workflow...
[apache2_workflow] Apache HTTP Server already installed.
[apache2_workflow] UserDir module already loaded.
[apache2_workflow] Configs to UserDir already exist.
[apache2_workflow] public_html directory already exists in /home/ec2-user.
[apache2_workflow] Creating a simple webpage...
[apache2_workflow] Moving webpage to Apache HTTP Server user website folder...
[apache2_workflow] Page moved successfully!
2024-10-11 05:41:42.589116192 [executor] Finished!

2024-10-11 05:41:42,591 INFO - ContAudITWrapper#24 - Running post-command actions...
2024-10-11 05:41:42,591 INFO - ContAudITWrapper#24 - Analyzing current environment state...
2024-10-11 05:41:42,694 INFO - ContAudITWrapper#24 - Saving current environment state...
2024-10-11 05:41:42,695 INFO - ContAudITWrapper#24 - Environment state hash: a7ffc6f8bf1ed76651c14756a061d662f580ff4de43b49fa82d80a4b80f8434a
2024-10-11 05:41:42,695 INFO - ContAudITWrapper#24 - Checking environment diff...
2024-10-11 05:41:42,794 INFO - ContAudITWrapper#24 - Environment diff: 
2024-10-11 05:41:42,795 INFO - ContAudITWrapper#24 - Cleaning temporary files...
2024-10-11 05:41:42,868 INFO - ContAudITWrapper#24 - Sending to blockchain...
2024-10-11 05:41:52,428 INFO - ContAudITWrapper#24 - Response 
2024-10-11 05:41:52,432 INFO - ContAudITWrapper#24 - Finishing ContAudIT Wrapper...
