2024-10-10 03:35:32,366 INFO - ContAudITWrapper#9 - Initializing ContAudIT Wrapper...
2024-10-10 03:35:32,517 INFO - ContAudITWrapper#9 - Current directory: /home/ec2-user/Code/ufrgs-poc/contaudit-wrapper.jar
2024-10-10 03:35:47,258 INFO - ContAudITWrapper#9 - Wrapper hash: b7519188ed863d76e5199a8d880bb968bdf9124fad53b871583787e123a7a764
2024-10-10 03:35:47,307 INFO - ContAudITWrapper#9 - Validating Wrapper...
2024-10-10 03:36:35,493 INFO - ContAudITWrapper#9 - Response true
2024-10-10 03:36:35,579 INFO - ContAudITWrapper#9 - Application hash: e36ee2d35f8c4c41bd358782dfb3ac8852b40439d350ff27616f0c18819ce9bf
2024-10-10 03:36:35,660 INFO - ContAudITWrapper#9 - Validating Application...
2024-10-10 03:36:43,399 INFO - ContAudITWrapper#9 - Response true
2024-10-10 03:36:43,409 INFO - ContAudITWrapper#9 - Artifact user.workflow hash: 52877374d8c54314b7af92814eaf729121e99a87e9706a2888cd9bcd951b11c9
2024-10-10 03:36:43,437 INFO - ContAudITWrapper#9 - Validating Artifact...
2024-10-10 03:36:51,135 INFO - ContAudITWrapper#9 - Response true
2024-10-10 03:36:51,141 INFO - ContAudITWrapper#9 - Running pre-command actions...
2024-10-10 03:36:51,142 INFO - ContAudITWrapper#9 - Analyzing current environment state...
2024-10-10 03:36:51,339 INFO - ContAudITWrapper#9 - Saving current environment state...
2024-10-10 03:36:51,340 INFO - ContAudITWrapper#9 - Environment state hash: a7ffc6f8bf1ed76651c14756a061d662f580ff4de43b49fa82d80a4b80f8434a
2024-10-10 03:36:51,340 INFO - ContAudITWrapper#9 - Executing command...
2024-10-10 03:36:59,723 INFO - ContAudITWrapper#9 - Command output: 
2024-10-10 03:36:51.514286081 [executor] Initializing the workflow...
[useradd_workflow] User contaudit9 already exists. Removing...
[useradd_workflow] User contaudit9 successfully removed.
[useradd_workflow] User contaudit9 created successfully.
2024-10-10 03:36:59.722541773 [executor] Finished!

2024-10-10 03:36:59,723 INFO - ContAudITWrapper#9 - Running post-command actions...
2024-10-10 03:36:59,724 INFO - ContAudITWrapper#9 - Analyzing current environment state...
2024-10-10 03:36:59,732 INFO - ContAudITWrapper#9 - Saving current environment state...
2024-10-10 03:36:59,732 INFO - ContAudITWrapper#9 - Environment state hash: a7ffc6f8bf1ed76651c14756a061d662f580ff4de43b49fa82d80a4b80f8434a
2024-10-10 03:36:59,732 INFO - ContAudITWrapper#9 - Checking environment diff...
2024-10-10 03:36:59,737 INFO - ContAudITWrapper#9 - Environment diff: 
2024-10-10 03:36:59,737 INFO - ContAudITWrapper#9 - Cleaning temporary files...
2024-10-10 03:36:59,750 INFO - ContAudITWrapper#9 - Sending to blockchain...
2024-10-10 03:37:03,076 INFO - ContAudITWrapper#9 - Response 
2024-10-10 03:37:03,077 INFO - ContAudITWrapper#9 - Finishing ContAudIT Wrapper...
