2024-10-10 03:35:31,847 INFO - ContAudITWrapper#57 - Initializing ContAudIT Wrapper...
2024-10-10 03:35:32,031 INFO - ContAudITWrapper#57 - Current directory: /home/ec2-user/Code/ufrgs-poc/contaudit-wrapper.jar
2024-10-10 03:35:50,557 INFO - ContAudITWrapper#57 - Wrapper hash: b7519188ed863d76e5199a8d880bb968bdf9124fad53b871583787e123a7a764
2024-10-10 03:35:50,642 INFO - ContAudITWrapper#57 - Validating Wrapper...
2024-10-10 03:36:39,737 INFO - ContAudITWrapper#57 - Response true
2024-10-10 03:36:39,950 INFO - ContAudITWrapper#57 - Application hash: e36ee2d35f8c4c41bd358782dfb3ac8852b40439d350ff27616f0c18819ce9bf
2024-10-10 03:36:39,951 INFO - ContAudITWrapper#57 - Validating Application...
2024-10-10 03:36:47,212 INFO - ContAudITWrapper#57 - Response true
2024-10-10 03:36:47,241 INFO - ContAudITWrapper#57 - Artifact user.workflow hash: 52877374d8c54314b7af92814eaf729121e99a87e9706a2888cd9bcd951b11c9
2024-10-10 03:36:47,345 INFO - ContAudITWrapper#57 - Validating Artifact...
2024-10-10 03:36:53,251 INFO - ContAudITWrapper#57 - Response true
2024-10-10 03:36:53,253 INFO - ContAudITWrapper#57 - Running pre-command actions...
2024-10-10 03:36:53,254 INFO - ContAudITWrapper#57 - Analyzing current environment state...
2024-10-10 03:36:53,412 INFO - ContAudITWrapper#57 - Saving current environment state...
2024-10-10 03:36:53,413 INFO - ContAudITWrapper#57 - Environment state hash: a7ffc6f8bf1ed76651c14756a061d662f580ff4de43b49fa82d80a4b80f8434a
2024-10-10 03:36:53,413 INFO - ContAudITWrapper#57 - Executing command...
2024-10-10 03:37:01,764 INFO - ContAudITWrapper#57 - Command output: 
2024-10-10 03:36:53.556489468 [executor] Initializing the workflow...
[useradd_workflow] User contaudit57 already exists. Removing...
[useradd_workflow] User contaudit57 successfully removed.
[useradd_workflow] User contaudit57 created successfully.
2024-10-10 03:37:01.763641003 [executor] Finished!

2024-10-10 03:37:01,765 INFO - ContAudITWrapper#57 - Running post-command actions...
2024-10-10 03:37:01,765 INFO - ContAudITWrapper#57 - Analyzing current environment state...
2024-10-10 03:37:01,834 INFO - ContAudITWrapper#57 - Saving current environment state...
2024-10-10 03:37:01,834 INFO - ContAudITWrapper#57 - Environment state hash: a7ffc6f8bf1ed76651c14756a061d662f580ff4de43b49fa82d80a4b80f8434a
2024-10-10 03:37:01,835 INFO - ContAudITWrapper#57 - Checking environment diff...
2024-10-10 03:37:01,857 INFO - ContAudITWrapper#57 - Environment diff: 
2024-10-10 03:37:01,857 INFO - ContAudITWrapper#57 - Cleaning temporary files...
2024-10-10 03:37:01,869 INFO - ContAudITWrapper#57 - Sending to blockchain...
2024-10-10 03:37:05,838 INFO - ContAudITWrapper#57 - Response 
2024-10-10 03:37:05,842 INFO - ContAudITWrapper#57 - Finishing ContAudIT Wrapper...
