2024-10-10 03:35:32,564 INFO - ContAudITWrapper#56 - Initializing ContAudIT Wrapper...
2024-10-10 03:35:32,682 INFO - ContAudITWrapper#56 - Current directory: /home/ec2-user/Code/ufrgs-poc/contaudit-wrapper.jar
2024-10-10 03:35:45,632 INFO - ContAudITWrapper#56 - Wrapper hash: b7519188ed863d76e5199a8d880bb968bdf9124fad53b871583787e123a7a764
2024-10-10 03:35:45,669 INFO - ContAudITWrapper#56 - Validating Wrapper...
2024-10-10 03:36:30,037 INFO - ContAudITWrapper#56 - Response true
2024-10-10 03:36:30,230 INFO - ContAudITWrapper#56 - Application hash: e36ee2d35f8c4c41bd358782dfb3ac8852b40439d350ff27616f0c18819ce9bf
2024-10-10 03:36:30,231 INFO - ContAudITWrapper#56 - Validating Application...
2024-10-10 03:36:42,046 INFO - ContAudITWrapper#56 - Response true
2024-10-10 03:36:42,049 INFO - ContAudITWrapper#56 - Artifact user.workflow hash: 52877374d8c54314b7af92814eaf729121e99a87e9706a2888cd9bcd951b11c9
2024-10-10 03:36:42,055 INFO - ContAudITWrapper#56 - Validating Artifact...
2024-10-10 03:36:51,791 INFO - ContAudITWrapper#56 - Response true
2024-10-10 03:36:51,793 INFO - ContAudITWrapper#56 - Running pre-command actions...
2024-10-10 03:36:51,794 INFO - ContAudITWrapper#56 - Analyzing current environment state...
2024-10-10 03:36:51,934 INFO - ContAudITWrapper#56 - Saving current environment state...
2024-10-10 03:36:51,959 INFO - ContAudITWrapper#56 - Environment state hash: a7ffc6f8bf1ed76651c14756a061d662f580ff4de43b49fa82d80a4b80f8434a
2024-10-10 03:36:51,959 INFO - ContAudITWrapper#56 - Executing command...
2024-10-10 03:36:59,989 INFO - ContAudITWrapper#56 - Command output: 
2024-10-10 03:36:52.034634602 [executor] Initializing the workflow...
[useradd_workflow] User contaudit56 already exists. Removing...
[useradd_workflow] User contaudit56 successfully removed.
[useradd_workflow] User contaudit56 created successfully.
2024-10-10 03:36:59.988948247 [executor] Finished!

2024-10-10 03:36:59,989 INFO - ContAudITWrapper#56 - Running post-command actions...
2024-10-10 03:36:59,990 INFO - ContAudITWrapper#56 - Analyzing current environment state...
2024-10-10 03:37:00,003 INFO - ContAudITWrapper#56 - Saving current environment state...
2024-10-10 03:37:00,004 INFO - ContAudITWrapper#56 - Environment state hash: a7ffc6f8bf1ed76651c14756a061d662f580ff4de43b49fa82d80a4b80f8434a
2024-10-10 03:37:00,004 INFO - ContAudITWrapper#56 - Checking environment diff...
2024-10-10 03:37:00,017 INFO - ContAudITWrapper#56 - Environment diff: 
2024-10-10 03:37:00,017 INFO - ContAudITWrapper#56 - Cleaning temporary files...
2024-10-10 03:37:00,026 INFO - ContAudITWrapper#56 - Sending to blockchain...
2024-10-10 03:37:03,148 INFO - ContAudITWrapper#56 - Response 
2024-10-10 03:37:03,149 INFO - ContAudITWrapper#56 - Finishing ContAudIT Wrapper...
