2024-10-10 03:35:32,757 INFO - ContAudITWrapper#30 - Initializing ContAudIT Wrapper...
2024-10-10 03:35:32,860 INFO - ContAudITWrapper#30 - Current directory: /home/ec2-user/Code/ufrgs-poc/contaudit-wrapper.jar
2024-10-10 03:35:47,097 INFO - ContAudITWrapper#30 - Wrapper hash: b7519188ed863d76e5199a8d880bb968bdf9124fad53b871583787e123a7a764
2024-10-10 03:35:47,134 INFO - ContAudITWrapper#30 - Validating Wrapper...
2024-10-10 03:36:34,307 INFO - ContAudITWrapper#30 - Response true
2024-10-10 03:36:34,586 INFO - ContAudITWrapper#30 - Application hash: e36ee2d35f8c4c41bd358782dfb3ac8852b40439d350ff27616f0c18819ce9bf
2024-10-10 03:36:34,647 INFO - ContAudITWrapper#30 - Validating Application...
2024-10-10 03:36:43,348 INFO - ContAudITWrapper#30 - Response true
2024-10-10 03:36:43,360 INFO - ContAudITWrapper#30 - Artifact user.workflow hash: 52877374d8c54314b7af92814eaf729121e99a87e9706a2888cd9bcd951b11c9
2024-10-10 03:36:43,366 INFO - ContAudITWrapper#30 - Validating Artifact...
2024-10-10 03:36:50,893 INFO - ContAudITWrapper#30 - Response true
2024-10-10 03:36:50,905 INFO - ContAudITWrapper#30 - Running pre-command actions...
2024-10-10 03:36:50,907 INFO - ContAudITWrapper#30 - Analyzing current environment state...
2024-10-10 03:36:51,072 INFO - ContAudITWrapper#30 - Saving current environment state...
2024-10-10 03:36:51,073 INFO - ContAudITWrapper#30 - Environment state hash: a7ffc6f8bf1ed76651c14756a061d662f580ff4de43b49fa82d80a4b80f8434a
2024-10-10 03:36:51,074 INFO - ContAudITWrapper#30 - Executing command...
2024-10-10 03:36:59,268 INFO - ContAudITWrapper#30 - Command output: 
2024-10-10 03:36:51.165482088 [executor] Initializing the workflow...
[useradd_workflow] User contaudit30 already exists. Removing...
[useradd_workflow] User contaudit30 successfully removed.
[useradd_workflow] User contaudit30 created successfully.
2024-10-10 03:36:59.268029932 [executor] Finished!

2024-10-10 03:36:59,268 INFO - ContAudITWrapper#30 - Running post-command actions...
2024-10-10 03:36:59,269 INFO - ContAudITWrapper#30 - Analyzing current environment state...
2024-10-10 03:36:59,276 INFO - ContAudITWrapper#30 - Saving current environment state...
2024-10-10 03:36:59,276 INFO - ContAudITWrapper#30 - Environment state hash: a7ffc6f8bf1ed76651c14756a061d662f580ff4de43b49fa82d80a4b80f8434a
2024-10-10 03:36:59,277 INFO - ContAudITWrapper#30 - Checking environment diff...
2024-10-10 03:36:59,283 INFO - ContAudITWrapper#30 - Environment diff: 
2024-10-10 03:36:59,284 INFO - ContAudITWrapper#30 - Cleaning temporary files...
2024-10-10 03:36:59,289 INFO - ContAudITWrapper#30 - Sending to blockchain...
2024-10-10 03:37:03,232 INFO - ContAudITWrapper#30 - Response 
2024-10-10 03:37:03,234 INFO - ContAudITWrapper#30 - Finishing ContAudIT Wrapper...
