2024-10-10 03:35:32,760 INFO - ContAudITWrapper#51 - Initializing ContAudIT Wrapper...
2024-10-10 03:35:32,928 INFO - ContAudITWrapper#51 - Current directory: /home/ec2-user/Code/ufrgs-poc/contaudit-wrapper.jar
2024-10-10 03:35:50,870 INFO - ContAudITWrapper#51 - Wrapper hash: b7519188ed863d76e5199a8d880bb968bdf9124fad53b871583787e123a7a764
2024-10-10 03:35:50,947 INFO - ContAudITWrapper#51 - Validating Wrapper...
2024-10-10 03:36:39,945 INFO - ContAudITWrapper#51 - Response true
2024-10-10 03:36:40,137 INFO - ContAudITWrapper#51 - Application hash: e36ee2d35f8c4c41bd358782dfb3ac8852b40439d350ff27616f0c18819ce9bf
2024-10-10 03:36:40,138 INFO - ContAudITWrapper#51 - Validating Application...
2024-10-10 03:36:49,045 INFO - ContAudITWrapper#51 - Response true
2024-10-10 03:36:49,281 INFO - ContAudITWrapper#51 - Artifact user.workflow hash: 52877374d8c54314b7af92814eaf729121e99a87e9706a2888cd9bcd951b11c9
2024-10-10 03:36:49,286 INFO - ContAudITWrapper#51 - Validating Artifact...
2024-10-10 03:36:54,602 INFO - ContAudITWrapper#51 - Response true
2024-10-10 03:36:54,606 INFO - ContAudITWrapper#51 - Running pre-command actions...
2024-10-10 03:36:54,608 INFO - ContAudITWrapper#51 - Analyzing current environment state...
2024-10-10 03:36:54,740 INFO - ContAudITWrapper#51 - Saving current environment state...
2024-10-10 03:36:54,741 INFO - ContAudITWrapper#51 - Environment state hash: a7ffc6f8bf1ed76651c14756a061d662f580ff4de43b49fa82d80a4b80f8434a
2024-10-10 03:36:54,742 INFO - ContAudITWrapper#51 - Executing command...
2024-10-10 03:37:04,053 INFO - ContAudITWrapper#51 - Command output: 
2024-10-10 03:36:54.800917120 [executor] Initializing the workflow...
[useradd_workflow] User contaudit51 already exists. Removing...
[useradd_workflow] User contaudit51 successfully removed.
[useradd_workflow] User contaudit51 created successfully.
2024-10-10 03:37:04.052479787 [executor] Finished!

2024-10-10 03:37:04,053 INFO - ContAudITWrapper#51 - Running post-command actions...
2024-10-10 03:37:04,053 INFO - ContAudITWrapper#51 - Analyzing current environment state...
2024-10-10 03:37:04,071 INFO - ContAudITWrapper#51 - Saving current environment state...
2024-10-10 03:37:04,072 INFO - ContAudITWrapper#51 - Environment state hash: a7ffc6f8bf1ed76651c14756a061d662f580ff4de43b49fa82d80a4b80f8434a
2024-10-10 03:37:04,072 INFO - ContAudITWrapper#51 - Checking environment diff...
2024-10-10 03:37:04,111 INFO - ContAudITWrapper#51 - Environment diff: 
2024-10-10 03:37:04,112 INFO - ContAudITWrapper#51 - Cleaning temporary files...
2024-10-10 03:37:04,173 INFO - ContAudITWrapper#51 - Sending to blockchain...
2024-10-10 03:37:08,345 INFO - ContAudITWrapper#51 - Response 
2024-10-10 03:37:08,350 INFO - ContAudITWrapper#51 - Finishing ContAudIT Wrapper...
