2024-10-10 03:35:31,995 INFO - ContAudITWrapper#11 - Initializing ContAudIT Wrapper...
2024-10-10 03:35:32,124 INFO - ContAudITWrapper#11 - Current directory: /home/ec2-user/Code/ufrgs-poc/contaudit-wrapper.jar
2024-10-10 03:35:47,809 INFO - ContAudITWrapper#11 - Wrapper hash: b7519188ed863d76e5199a8d880bb968bdf9124fad53b871583787e123a7a764
2024-10-10 03:35:47,912 INFO - ContAudITWrapper#11 - Validating Wrapper...
2024-10-10 03:36:34,913 INFO - ContAudITWrapper#11 - Response true
2024-10-10 03:36:34,958 INFO - ContAudITWrapper#11 - Application hash: e36ee2d35f8c4c41bd358782dfb3ac8852b40439d350ff27616f0c18819ce9bf
2024-10-10 03:36:34,959 INFO - ContAudITWrapper#11 - Validating Application...
2024-10-10 03:36:40,504 INFO - ContAudITWrapper#11 - Response true
2024-10-10 03:36:40,515 INFO - ContAudITWrapper#11 - Artifact user.workflow hash: 52877374d8c54314b7af92814eaf729121e99a87e9706a2888cd9bcd951b11c9
2024-10-10 03:36:40,631 INFO - ContAudITWrapper#11 - Validating Artifact...
2024-10-10 03:36:49,338 INFO - ContAudITWrapper#11 - Response true
2024-10-10 03:36:49,369 INFO - ContAudITWrapper#11 - Running pre-command actions...
2024-10-10 03:36:49,370 INFO - ContAudITWrapper#11 - Analyzing current environment state...
2024-10-10 03:36:49,628 INFO - ContAudITWrapper#11 - Saving current environment state...
2024-10-10 03:36:49,629 INFO - ContAudITWrapper#11 - Environment state hash: a7ffc6f8bf1ed76651c14756a061d662f580ff4de43b49fa82d80a4b80f8434a
2024-10-10 03:36:49,629 INFO - ContAudITWrapper#11 - Executing command...
2024-10-10 03:36:57,648 INFO - ContAudITWrapper#11 - Command output: 
2024-10-10 03:36:49.742225757 [executor] Initializing the workflow...
[useradd_workflow] User contaudit11 already exists. Removing...
[useradd_workflow] User contaudit11 successfully removed.
[useradd_workflow] User contaudit11 created successfully.
2024-10-10 03:36:57.647789940 [executor] Finished!

2024-10-10 03:36:57,648 INFO - ContAudITWrapper#11 - Running post-command actions...
2024-10-10 03:36:57,648 INFO - ContAudITWrapper#11 - Analyzing current environment state...
2024-10-10 03:36:57,653 INFO - ContAudITWrapper#11 - Saving current environment state...
2024-10-10 03:36:57,654 INFO - ContAudITWrapper#11 - Environment state hash: a7ffc6f8bf1ed76651c14756a061d662f580ff4de43b49fa82d80a4b80f8434a
2024-10-10 03:36:57,655 INFO - ContAudITWrapper#11 - Checking environment diff...
2024-10-10 03:36:57,659 INFO - ContAudITWrapper#11 - Environment diff: 
2024-10-10 03:36:57,659 INFO - ContAudITWrapper#11 - Cleaning temporary files...
2024-10-10 03:36:57,663 INFO - ContAudITWrapper#11 - Sending to blockchain...
2024-10-10 03:37:01,091 INFO - ContAudITWrapper#11 - Response 
2024-10-10 03:37:01,092 INFO - ContAudITWrapper#11 - Finishing ContAudIT Wrapper...
