2024-10-10 03:35:32,484 INFO - ContAudITWrapper#25 - Initializing ContAudIT Wrapper...
2024-10-10 03:35:32,684 INFO - ContAudITWrapper#25 - Current directory: /home/ec2-user/Code/ufrgs-poc/contaudit-wrapper.jar
2024-10-10 03:35:46,428 INFO - ContAudITWrapper#25 - Wrapper hash: b7519188ed863d76e5199a8d880bb968bdf9124fad53b871583787e123a7a764
2024-10-10 03:35:46,511 INFO - ContAudITWrapper#25 - Validating Wrapper...
2024-10-10 03:36:28,564 INFO - ContAudITWrapper#25 - Response true
2024-10-10 03:36:28,676 INFO - ContAudITWrapper#25 - Application hash: e36ee2d35f8c4c41bd358782dfb3ac8852b40439d350ff27616f0c18819ce9bf
2024-10-10 03:36:28,677 INFO - ContAudITWrapper#25 - Validating Application...
2024-10-10 03:36:39,721 INFO - ContAudITWrapper#25 - Response true
2024-10-10 03:36:39,734 INFO - ContAudITWrapper#25 - Artifact user.workflow hash: 52877374d8c54314b7af92814eaf729121e99a87e9706a2888cd9bcd951b11c9
2024-10-10 03:36:39,756 INFO - ContAudITWrapper#25 - Validating Artifact...
2024-10-10 03:36:48,369 INFO - ContAudITWrapper#25 - Response true
2024-10-10 03:36:48,382 INFO - ContAudITWrapper#25 - Running pre-command actions...
2024-10-10 03:36:48,383 INFO - ContAudITWrapper#25 - Analyzing current environment state...
2024-10-10 03:36:48,530 INFO - ContAudITWrapper#25 - Saving current environment state...
2024-10-10 03:36:48,531 INFO - ContAudITWrapper#25 - Environment state hash: a7ffc6f8bf1ed76651c14756a061d662f580ff4de43b49fa82d80a4b80f8434a
2024-10-10 03:36:48,532 INFO - ContAudITWrapper#25 - Executing command...
2024-10-10 03:36:54,521 INFO - ContAudITWrapper#25 - Command output: 
2024-10-10 03:36:48.721132292 [executor] Initializing the workflow...
[useradd_workflow] User contaudit25 already exists. Removing...
[useradd_workflow] User contaudit25 successfully removed.
[useradd_workflow] User contaudit25 created successfully.
2024-10-10 03:36:54.520767502 [executor] Finished!

2024-10-10 03:36:54,522 INFO - ContAudITWrapper#25 - Running post-command actions...
2024-10-10 03:36:54,523 INFO - ContAudITWrapper#25 - Analyzing current environment state...
2024-10-10 03:36:54,565 INFO - ContAudITWrapper#25 - Saving current environment state...
2024-10-10 03:36:54,565 INFO - ContAudITWrapper#25 - Environment state hash: a7ffc6f8bf1ed76651c14756a061d662f580ff4de43b49fa82d80a4b80f8434a
2024-10-10 03:36:54,565 INFO - ContAudITWrapper#25 - Checking environment diff...
2024-10-10 03:36:54,586 INFO - ContAudITWrapper#25 - Environment diff: 
2024-10-10 03:36:54,586 INFO - ContAudITWrapper#25 - Cleaning temporary files...
2024-10-10 03:36:54,602 INFO - ContAudITWrapper#25 - Sending to blockchain...
2024-10-10 03:36:56,407 INFO - ContAudITWrapper#25 - Response 
2024-10-10 03:36:56,409 INFO - ContAudITWrapper#25 - Finishing ContAudIT Wrapper...
