2024-10-10 03:35:31,408 INFO - ContAudITWrapper#1 - Initializing ContAudIT Wrapper...
2024-10-10 03:35:31,588 INFO - ContAudITWrapper#1 - Current directory: /home/ec2-user/Code/ufrgs-poc/contaudit-wrapper.jar
2024-10-10 03:35:47,961 INFO - ContAudITWrapper#1 - Wrapper hash: b7519188ed863d76e5199a8d880bb968bdf9124fad53b871583787e123a7a764
2024-10-10 03:35:48,006 INFO - ContAudITWrapper#1 - Validating Wrapper...
2024-10-10 03:36:37,204 INFO - ContAudITWrapper#1 - Response true
2024-10-10 03:36:37,272 INFO - ContAudITWrapper#1 - Application hash: e36ee2d35f8c4c41bd358782dfb3ac8852b40439d350ff27616f0c18819ce9bf
2024-10-10 03:36:37,291 INFO - ContAudITWrapper#1 - Validating Application...
2024-10-10 03:36:47,045 INFO - ContAudITWrapper#1 - Response true
2024-10-10 03:36:47,066 INFO - ContAudITWrapper#1 - Artifact user.workflow hash: 52877374d8c54314b7af92814eaf729121e99a87e9706a2888cd9bcd951b11c9
2024-10-10 03:36:47,080 INFO - ContAudITWrapper#1 - Validating Artifact...
2024-10-10 03:36:53,636 INFO - ContAudITWrapper#1 - Response true
2024-10-10 03:36:53,646 INFO - ContAudITWrapper#1 - Running pre-command actions...
2024-10-10 03:36:53,648 INFO - ContAudITWrapper#1 - Analyzing current environment state...
2024-10-10 03:36:53,783 INFO - ContAudITWrapper#1 - Saving current environment state...
2024-10-10 03:36:53,784 INFO - ContAudITWrapper#1 - Environment state hash: a7ffc6f8bf1ed76651c14756a061d662f580ff4de43b49fa82d80a4b80f8434a
2024-10-10 03:36:53,784 INFO - ContAudITWrapper#1 - Executing command...
2024-10-10 03:37:02,702 INFO - ContAudITWrapper#1 - Command output: 
2024-10-10 03:36:53.833613196 [executor] Initializing the workflow...
[useradd_workflow] User contaudit1 already exists. Removing...
[useradd_workflow] User contaudit1 successfully removed.
[useradd_workflow] User contaudit1 created successfully.
2024-10-10 03:37:02.702097223 [executor] Finished!

2024-10-10 03:37:02,703 INFO - ContAudITWrapper#1 - Running post-command actions...
2024-10-10 03:37:02,703 INFO - ContAudITWrapper#1 - Analyzing current environment state...
2024-10-10 03:37:02,751 INFO - ContAudITWrapper#1 - Saving current environment state...
2024-10-10 03:37:02,751 INFO - ContAudITWrapper#1 - Environment state hash: a7ffc6f8bf1ed76651c14756a061d662f580ff4de43b49fa82d80a4b80f8434a
2024-10-10 03:37:02,752 INFO - ContAudITWrapper#1 - Checking environment diff...
2024-10-10 03:37:02,770 INFO - ContAudITWrapper#1 - Environment diff: 
2024-10-10 03:37:02,770 INFO - ContAudITWrapper#1 - Cleaning temporary files...
2024-10-10 03:37:02,807 INFO - ContAudITWrapper#1 - Sending to blockchain...
2024-10-10 03:37:05,843 INFO - ContAudITWrapper#1 - Response 
2024-10-10 03:37:05,845 INFO - ContAudITWrapper#1 - Finishing ContAudIT Wrapper...
