2024-10-10 03:35:32,421 INFO - ContAudITWrapper#19 - Initializing ContAudIT Wrapper...
2024-10-10 03:35:32,612 INFO - ContAudITWrapper#19 - Current directory: /home/ec2-user/Code/ufrgs-poc/contaudit-wrapper.jar
2024-10-10 03:35:48,361 INFO - ContAudITWrapper#19 - Wrapper hash: b7519188ed863d76e5199a8d880bb968bdf9124fad53b871583787e123a7a764
2024-10-10 03:35:48,396 INFO - ContAudITWrapper#19 - Validating Wrapper...
2024-10-10 03:36:37,833 INFO - ContAudITWrapper#19 - Response true
2024-10-10 03:36:37,936 INFO - ContAudITWrapper#19 - Application hash: e36ee2d35f8c4c41bd358782dfb3ac8852b40439d350ff27616f0c18819ce9bf
2024-10-10 03:36:37,937 INFO - ContAudITWrapper#19 - Validating Application...
2024-10-10 03:36:47,513 INFO - ContAudITWrapper#19 - Response true
2024-10-10 03:36:47,552 INFO - ContAudITWrapper#19 - Artifact user.workflow hash: 52877374d8c54314b7af92814eaf729121e99a87e9706a2888cd9bcd951b11c9
2024-10-10 03:36:47,557 INFO - ContAudITWrapper#19 - Validating Artifact...
2024-10-10 03:36:54,547 INFO - ContAudITWrapper#19 - Response true
2024-10-10 03:36:54,553 INFO - ContAudITWrapper#19 - Running pre-command actions...
2024-10-10 03:36:54,554 INFO - ContAudITWrapper#19 - Analyzing current environment state...
2024-10-10 03:36:54,590 INFO - ContAudITWrapper#19 - Saving current environment state...
2024-10-10 03:36:54,591 INFO - ContAudITWrapper#19 - Environment state hash: a7ffc6f8bf1ed76651c14756a061d662f580ff4de43b49fa82d80a4b80f8434a
2024-10-10 03:36:54,591 INFO - ContAudITWrapper#19 - Executing command...
2024-10-10 03:37:03,433 INFO - ContAudITWrapper#19 - Command output: 
2024-10-10 03:36:54.621082747 [executor] Initializing the workflow...
[useradd_workflow] User contaudit19 already exists. Removing...
[useradd_workflow] User contaudit19 successfully removed.
[useradd_workflow] User contaudit19 created successfully.
2024-10-10 03:37:03.431637274 [executor] Finished!

2024-10-10 03:37:03,434 INFO - ContAudITWrapper#19 - Running post-command actions...
2024-10-10 03:37:03,434 INFO - ContAudITWrapper#19 - Analyzing current environment state...
2024-10-10 03:37:03,605 INFO - ContAudITWrapper#19 - Saving current environment state...
2024-10-10 03:37:03,606 INFO - ContAudITWrapper#19 - Environment state hash: a7ffc6f8bf1ed76651c14756a061d662f580ff4de43b49fa82d80a4b80f8434a
2024-10-10 03:37:03,607 INFO - ContAudITWrapper#19 - Checking environment diff...
2024-10-10 03:37:03,650 INFO - ContAudITWrapper#19 - Environment diff: 
2024-10-10 03:37:03,650 INFO - ContAudITWrapper#19 - Cleaning temporary files...
2024-10-10 03:37:03,717 INFO - ContAudITWrapper#19 - Sending to blockchain...
2024-10-10 03:37:06,243 INFO - ContAudITWrapper#19 - Response 
2024-10-10 03:37:06,244 INFO - ContAudITWrapper#19 - Finishing ContAudIT Wrapper...
