2024-10-10 03:35:32,133 INFO - ContAudITWrapper#3 - Initializing ContAudIT Wrapper...
2024-10-10 03:35:32,223 INFO - ContAudITWrapper#3 - Current directory: /home/ec2-user/Code/ufrgs-poc/contaudit-wrapper.jar
2024-10-10 03:35:48,427 INFO - ContAudITWrapper#3 - Wrapper hash: b7519188ed863d76e5199a8d880bb968bdf9124fad53b871583787e123a7a764
2024-10-10 03:35:48,515 INFO - ContAudITWrapper#3 - Validating Wrapper...
2024-10-10 03:36:35,313 INFO - ContAudITWrapper#3 - Response true
2024-10-10 03:36:35,399 INFO - ContAudITWrapper#3 - Application hash: e36ee2d35f8c4c41bd358782dfb3ac8852b40439d350ff27616f0c18819ce9bf
2024-10-10 03:36:35,405 INFO - ContAudITWrapper#3 - Validating Application...
2024-10-10 03:36:42,561 INFO - ContAudITWrapper#3 - Response true
2024-10-10 03:36:42,636 INFO - ContAudITWrapper#3 - Artifact user.workflow hash: 52877374d8c54314b7af92814eaf729121e99a87e9706a2888cd9bcd951b11c9
2024-10-10 03:36:42,739 INFO - ContAudITWrapper#3 - Validating Artifact...
2024-10-10 03:36:49,613 INFO - ContAudITWrapper#3 - Response true
2024-10-10 03:36:49,624 INFO - ContAudITWrapper#3 - Running pre-command actions...
2024-10-10 03:36:49,625 INFO - ContAudITWrapper#3 - Analyzing current environment state...
2024-10-10 03:36:49,727 INFO - ContAudITWrapper#3 - Saving current environment state...
2024-10-10 03:36:49,728 INFO - ContAudITWrapper#3 - Environment state hash: a7ffc6f8bf1ed76651c14756a061d662f580ff4de43b49fa82d80a4b80f8434a
2024-10-10 03:36:49,728 INFO - ContAudITWrapper#3 - Executing command...
2024-10-10 03:36:57,440 INFO - ContAudITWrapper#3 - Command output: 
2024-10-10 03:36:49.834514563 [executor] Initializing the workflow...
[useradd_workflow] User contaudit3 already exists. Removing...
[useradd_workflow] User contaudit3 successfully removed.
[useradd_workflow] User contaudit3 created successfully.
2024-10-10 03:36:57.437731844 [executor] Finished!

2024-10-10 03:36:57,440 INFO - ContAudITWrapper#3 - Running post-command actions...
2024-10-10 03:36:57,440 INFO - ContAudITWrapper#3 - Analyzing current environment state...
2024-10-10 03:36:57,446 INFO - ContAudITWrapper#3 - Saving current environment state...
2024-10-10 03:36:57,446 INFO - ContAudITWrapper#3 - Environment state hash: a7ffc6f8bf1ed76651c14756a061d662f580ff4de43b49fa82d80a4b80f8434a
2024-10-10 03:36:57,447 INFO - ContAudITWrapper#3 - Checking environment diff...
2024-10-10 03:36:57,452 INFO - ContAudITWrapper#3 - Environment diff: 
2024-10-10 03:36:57,453 INFO - ContAudITWrapper#3 - Cleaning temporary files...
2024-10-10 03:36:57,457 INFO - ContAudITWrapper#3 - Sending to blockchain...
2024-10-10 03:36:58,680 INFO - ContAudITWrapper#3 - Response 
2024-10-10 03:36:58,682 INFO - ContAudITWrapper#3 - Finishing ContAudIT Wrapper...
