2024-10-10 03:35:31,432 INFO - ContAudITWrapper#2 - Initializing ContAudIT Wrapper...
2024-10-10 03:35:31,637 INFO - ContAudITWrapper#2 - Current directory: /home/ec2-user/Code/ufrgs-poc/contaudit-wrapper.jar
2024-10-10 03:35:48,019 INFO - ContAudITWrapper#2 - Wrapper hash: b7519188ed863d76e5199a8d880bb968bdf9124fad53b871583787e123a7a764
2024-10-10 03:35:48,115 INFO - ContAudITWrapper#2 - Validating Wrapper...
2024-10-10 03:36:35,019 INFO - ContAudITWrapper#2 - Response true
2024-10-10 03:36:35,128 INFO - ContAudITWrapper#2 - Application hash: e36ee2d35f8c4c41bd358782dfb3ac8852b40439d350ff27616f0c18819ce9bf
2024-10-10 03:36:35,134 INFO - ContAudITWrapper#2 - Validating Application...
2024-10-10 03:36:45,483 INFO - ContAudITWrapper#2 - Response true
2024-10-10 03:36:45,489 INFO - ContAudITWrapper#2 - Artifact user.workflow hash: 52877374d8c54314b7af92814eaf729121e99a87e9706a2888cd9bcd951b11c9
2024-10-10 03:36:45,505 INFO - ContAudITWrapper#2 - Validating Artifact...
2024-10-10 03:36:52,818 INFO - ContAudITWrapper#2 - Response true
2024-10-10 03:36:52,843 INFO - ContAudITWrapper#2 - Running pre-command actions...
2024-10-10 03:36:52,844 INFO - ContAudITWrapper#2 - Analyzing current environment state...
2024-10-10 03:36:53,056 INFO - ContAudITWrapper#2 - Saving current environment state...
2024-10-10 03:36:53,057 INFO - ContAudITWrapper#2 - Environment state hash: a7ffc6f8bf1ed76651c14756a061d662f580ff4de43b49fa82d80a4b80f8434a
2024-10-10 03:36:53,057 INFO - ContAudITWrapper#2 - Executing command...
2024-10-10 03:37:00,720 INFO - ContAudITWrapper#2 - Command output: 
2024-10-10 03:36:53.208236264 [executor] Initializing the workflow...
[useradd_workflow] User contaudit2 already exists. Removing...
[useradd_workflow] User contaudit2 successfully removed.
[useradd_workflow] User contaudit2 created successfully.
2024-10-10 03:37:00.719520554 [executor] Finished!

2024-10-10 03:37:00,720 INFO - ContAudITWrapper#2 - Running post-command actions...
2024-10-10 03:37:00,720 INFO - ContAudITWrapper#2 - Analyzing current environment state...
2024-10-10 03:37:00,737 INFO - ContAudITWrapper#2 - Saving current environment state...
2024-10-10 03:37:00,737 INFO - ContAudITWrapper#2 - Environment state hash: a7ffc6f8bf1ed76651c14756a061d662f580ff4de43b49fa82d80a4b80f8434a
2024-10-10 03:37:00,737 INFO - ContAudITWrapper#2 - Checking environment diff...
2024-10-10 03:37:00,744 INFO - ContAudITWrapper#2 - Environment diff: 
2024-10-10 03:37:00,745 INFO - ContAudITWrapper#2 - Cleaning temporary files...
2024-10-10 03:37:00,757 INFO - ContAudITWrapper#2 - Sending to blockchain...
2024-10-10 03:37:04,688 INFO - ContAudITWrapper#2 - Response 
2024-10-10 03:37:04,691 INFO - ContAudITWrapper#2 - Finishing ContAudIT Wrapper...
