2024-10-10 03:35:32,111 INFO - ContAudITWrapper#10 - Initializing ContAudIT Wrapper...
2024-10-10 03:35:32,293 INFO - ContAudITWrapper#10 - Current directory: /home/ec2-user/Code/ufrgs-poc/contaudit-wrapper.jar
2024-10-10 03:35:46,113 INFO - ContAudITWrapper#10 - Wrapper hash: b7519188ed863d76e5199a8d880bb968bdf9124fad53b871583787e123a7a764
2024-10-10 03:35:46,121 INFO - ContAudITWrapper#10 - Validating Wrapper...
2024-10-10 03:36:28,864 INFO - ContAudITWrapper#10 - Response true
2024-10-10 03:36:28,956 INFO - ContAudITWrapper#10 - Application hash: e36ee2d35f8c4c41bd358782dfb3ac8852b40439d350ff27616f0c18819ce9bf
2024-10-10 03:36:28,957 INFO - ContAudITWrapper#10 - Validating Application...
2024-10-10 03:36:41,234 INFO - ContAudITWrapper#10 - Response true
2024-10-10 03:36:41,248 INFO - ContAudITWrapper#10 - Artifact user.workflow hash: 52877374d8c54314b7af92814eaf729121e99a87e9706a2888cd9bcd951b11c9
2024-10-10 03:36:41,256 INFO - ContAudITWrapper#10 - Validating Artifact...
2024-10-10 03:36:50,330 INFO - ContAudITWrapper#10 - Response true
2024-10-10 03:36:50,339 INFO - ContAudITWrapper#10 - Running pre-command actions...
2024-10-10 03:36:50,340 INFO - ContAudITWrapper#10 - Analyzing current environment state...
2024-10-10 03:36:50,514 INFO - ContAudITWrapper#10 - Saving current environment state...
2024-10-10 03:36:50,516 INFO - ContAudITWrapper#10 - Environment state hash: a7ffc6f8bf1ed76651c14756a061d662f580ff4de43b49fa82d80a4b80f8434a
2024-10-10 03:36:50,516 INFO - ContAudITWrapper#10 - Executing command...
2024-10-10 03:36:59,029 INFO - ContAudITWrapper#10 - Command output: 
2024-10-10 03:36:50.660436797 [executor] Initializing the workflow...
[useradd_workflow] User contaudit10 already exists. Removing...
[useradd_workflow] User contaudit10 successfully removed.
[useradd_workflow] User contaudit10 created successfully.
2024-10-10 03:36:59.028868305 [executor] Finished!

2024-10-10 03:36:59,029 INFO - ContAudITWrapper#10 - Running post-command actions...
2024-10-10 03:36:59,029 INFO - ContAudITWrapper#10 - Analyzing current environment state...
2024-10-10 03:36:59,036 INFO - ContAudITWrapper#10 - Saving current environment state...
2024-10-10 03:36:59,036 INFO - ContAudITWrapper#10 - Environment state hash: a7ffc6f8bf1ed76651c14756a061d662f580ff4de43b49fa82d80a4b80f8434a
2024-10-10 03:36:59,036 INFO - ContAudITWrapper#10 - Checking environment diff...
2024-10-10 03:36:59,040 INFO - ContAudITWrapper#10 - Environment diff: 
2024-10-10 03:36:59,040 INFO - ContAudITWrapper#10 - Cleaning temporary files...
2024-10-10 03:36:59,044 INFO - ContAudITWrapper#10 - Sending to blockchain...
2024-10-10 03:37:01,072 INFO - ContAudITWrapper#10 - Response 
2024-10-10 03:37:01,080 INFO - ContAudITWrapper#10 - Finishing ContAudIT Wrapper...
