2024-10-10 03:35:31,984 INFO - ContAudITWrapper#48 - Initializing ContAudIT Wrapper...
2024-10-10 03:35:32,139 INFO - ContAudITWrapper#48 - Current directory: /home/ec2-user/Code/ufrgs-poc/contaudit-wrapper.jar
2024-10-10 03:35:46,291 INFO - ContAudITWrapper#48 - Wrapper hash: b7519188ed863d76e5199a8d880bb968bdf9124fad53b871583787e123a7a764
2024-10-10 03:35:46,299 INFO - ContAudITWrapper#48 - Validating Wrapper...
2024-10-10 03:36:27,467 INFO - ContAudITWrapper#48 - Response true
2024-10-10 03:36:27,590 INFO - ContAudITWrapper#48 - Application hash: e36ee2d35f8c4c41bd358782dfb3ac8852b40439d350ff27616f0c18819ce9bf
2024-10-10 03:36:27,591 INFO - ContAudITWrapper#48 - Validating Application...
2024-10-10 03:36:39,228 INFO - ContAudITWrapper#48 - Response true
2024-10-10 03:36:39,245 INFO - ContAudITWrapper#48 - Artifact user.workflow hash: 52877374d8c54314b7af92814eaf729121e99a87e9706a2888cd9bcd951b11c9
2024-10-10 03:36:39,270 INFO - ContAudITWrapper#48 - Validating Artifact...
2024-10-10 03:36:49,227 INFO - ContAudITWrapper#48 - Response true
2024-10-10 03:36:49,235 INFO - ContAudITWrapper#48 - Running pre-command actions...
2024-10-10 03:36:49,236 INFO - ContAudITWrapper#48 - Analyzing current environment state...
2024-10-10 03:36:49,467 INFO - ContAudITWrapper#48 - Saving current environment state...
2024-10-10 03:36:49,468 INFO - ContAudITWrapper#48 - Environment state hash: a7ffc6f8bf1ed76651c14756a061d662f580ff4de43b49fa82d80a4b80f8434a
2024-10-10 03:36:49,468 INFO - ContAudITWrapper#48 - Executing command...
2024-10-10 03:36:56,472 INFO - ContAudITWrapper#48 - Command output: 
2024-10-10 03:36:49.522114149 [executor] Initializing the workflow...
[useradd_workflow] User contaudit48 already exists. Removing...
[useradd_workflow] User contaudit48 successfully removed.
[useradd_workflow] User contaudit48 created successfully.
2024-10-10 03:36:56.471361504 [executor] Finished!

2024-10-10 03:36:56,472 INFO - ContAudITWrapper#48 - Running post-command actions...
2024-10-10 03:36:56,472 INFO - ContAudITWrapper#48 - Analyzing current environment state...
2024-10-10 03:36:56,482 INFO - ContAudITWrapper#48 - Saving current environment state...
2024-10-10 03:36:56,483 INFO - ContAudITWrapper#48 - Environment state hash: a7ffc6f8bf1ed76651c14756a061d662f580ff4de43b49fa82d80a4b80f8434a
2024-10-10 03:36:56,483 INFO - ContAudITWrapper#48 - Checking environment diff...
2024-10-10 03:36:56,488 INFO - ContAudITWrapper#48 - Environment diff: 
2024-10-10 03:36:56,488 INFO - ContAudITWrapper#48 - Cleaning temporary files...
2024-10-10 03:36:56,494 INFO - ContAudITWrapper#48 - Sending to blockchain...
2024-10-10 03:36:58,695 INFO - ContAudITWrapper#48 - Response 
2024-10-10 03:36:58,710 INFO - ContAudITWrapper#48 - Finishing ContAudIT Wrapper...
