2024-10-10 03:35:32,517 INFO - ContAudITWrapper#18 - Initializing ContAudIT Wrapper...
2024-10-10 03:35:32,660 INFO - ContAudITWrapper#18 - Current directory: /home/ec2-user/Code/ufrgs-poc/contaudit-wrapper.jar
2024-10-10 03:35:48,743 INFO - ContAudITWrapper#18 - Wrapper hash: b7519188ed863d76e5199a8d880bb968bdf9124fad53b871583787e123a7a764
2024-10-10 03:35:48,813 INFO - ContAudITWrapper#18 - Validating Wrapper...
2024-10-10 03:36:38,487 INFO - ContAudITWrapper#18 - Response true
2024-10-10 03:36:38,560 INFO - ContAudITWrapper#18 - Application hash: e36ee2d35f8c4c41bd358782dfb3ac8852b40439d350ff27616f0c18819ce9bf
2024-10-10 03:36:38,561 INFO - ContAudITWrapper#18 - Validating Application...
2024-10-10 03:36:48,854 INFO - ContAudITWrapper#18 - Response true
2024-10-10 03:36:48,869 INFO - ContAudITWrapper#18 - Artifact user.workflow hash: 52877374d8c54314b7af92814eaf729121e99a87e9706a2888cd9bcd951b11c9
2024-10-10 03:36:48,878 INFO - ContAudITWrapper#18 - Validating Artifact...
2024-10-10 03:36:54,625 INFO - ContAudITWrapper#18 - Response true
2024-10-10 03:36:54,638 INFO - ContAudITWrapper#18 - Running pre-command actions...
2024-10-10 03:36:54,639 INFO - ContAudITWrapper#18 - Analyzing current environment state...
2024-10-10 03:36:54,682 INFO - ContAudITWrapper#18 - Saving current environment state...
2024-10-10 03:36:54,685 INFO - ContAudITWrapper#18 - Environment state hash: a7ffc6f8bf1ed76651c14756a061d662f580ff4de43b49fa82d80a4b80f8434a
2024-10-10 03:36:54,685 INFO - ContAudITWrapper#18 - Executing command...
2024-10-10 03:37:03,773 INFO - ContAudITWrapper#18 - Command output: 
2024-10-10 03:36:54.711220672 [executor] Initializing the workflow...
[useradd_workflow] User contaudit18 already exists. Removing...
[useradd_workflow] User contaudit18 successfully removed.
[useradd_workflow] User contaudit18 created successfully.
2024-10-10 03:37:03.769534116 [executor] Finished!

2024-10-10 03:37:03,773 INFO - ContAudITWrapper#18 - Running post-command actions...
2024-10-10 03:37:03,773 INFO - ContAudITWrapper#18 - Analyzing current environment state...
2024-10-10 03:37:03,877 INFO - ContAudITWrapper#18 - Saving current environment state...
2024-10-10 03:37:03,877 INFO - ContAudITWrapper#18 - Environment state hash: a7ffc6f8bf1ed76651c14756a061d662f580ff4de43b49fa82d80a4b80f8434a
2024-10-10 03:37:03,878 INFO - ContAudITWrapper#18 - Checking environment diff...
2024-10-10 03:37:03,937 INFO - ContAudITWrapper#18 - Environment diff: 
2024-10-10 03:37:03,938 INFO - ContAudITWrapper#18 - Cleaning temporary files...
2024-10-10 03:37:03,965 INFO - ContAudITWrapper#18 - Sending to blockchain...
2024-10-10 03:37:06,279 INFO - ContAudITWrapper#18 - Response 
2024-10-10 03:37:06,280 INFO - ContAudITWrapper#18 - Finishing ContAudIT Wrapper...
