2024-10-10 03:35:32,237 INFO - ContAudITWrapper#16 - Initializing ContAudIT Wrapper...
2024-10-10 03:35:32,398 INFO - ContAudITWrapper#16 - Current directory: /home/ec2-user/Code/ufrgs-poc/contaudit-wrapper.jar
2024-10-10 03:35:48,231 INFO - ContAudITWrapper#16 - Wrapper hash: b7519188ed863d76e5199a8d880bb968bdf9124fad53b871583787e123a7a764
2024-10-10 03:35:48,272 INFO - ContAudITWrapper#16 - Validating Wrapper...
2024-10-10 03:36:37,318 INFO - ContAudITWrapper#16 - Response true
2024-10-10 03:36:37,533 INFO - ContAudITWrapper#16 - Application hash: e36ee2d35f8c4c41bd358782dfb3ac8852b40439d350ff27616f0c18819ce9bf
2024-10-10 03:36:37,560 INFO - ContAudITWrapper#16 - Validating Application...
2024-10-10 03:36:46,924 INFO - ContAudITWrapper#16 - Response true
2024-10-10 03:36:46,933 INFO - ContAudITWrapper#16 - Artifact user.workflow hash: 52877374d8c54314b7af92814eaf729121e99a87e9706a2888cd9bcd951b11c9
2024-10-10 03:36:47,005 INFO - ContAudITWrapper#16 - Validating Artifact...
2024-10-10 03:36:53,477 INFO - ContAudITWrapper#16 - Response true
2024-10-10 03:36:53,482 INFO - ContAudITWrapper#16 - Running pre-command actions...
2024-10-10 03:36:53,483 INFO - ContAudITWrapper#16 - Analyzing current environment state...
2024-10-10 03:36:53,610 INFO - ContAudITWrapper#16 - Saving current environment state...
2024-10-10 03:36:53,612 INFO - ContAudITWrapper#16 - Environment state hash: a7ffc6f8bf1ed76651c14756a061d662f580ff4de43b49fa82d80a4b80f8434a
2024-10-10 03:36:53,612 INFO - ContAudITWrapper#16 - Executing command...
2024-10-10 03:37:02,582 INFO - ContAudITWrapper#16 - Command output: 
2024-10-10 03:36:53.657273995 [executor] Initializing the workflow...
[useradd_workflow] User contaudit16 already exists. Removing...
[useradd_workflow] User contaudit16 successfully removed.
[useradd_workflow] User contaudit16 created successfully.
2024-10-10 03:37:02.581170692 [executor] Finished!

2024-10-10 03:37:02,582 INFO - ContAudITWrapper#16 - Running post-command actions...
2024-10-10 03:37:02,582 INFO - ContAudITWrapper#16 - Analyzing current environment state...
2024-10-10 03:37:02,604 INFO - ContAudITWrapper#16 - Saving current environment state...
2024-10-10 03:37:02,604 INFO - ContAudITWrapper#16 - Environment state hash: a7ffc6f8bf1ed76651c14756a061d662f580ff4de43b49fa82d80a4b80f8434a
2024-10-10 03:37:02,605 INFO - ContAudITWrapper#16 - Checking environment diff...
2024-10-10 03:37:02,636 INFO - ContAudITWrapper#16 - Environment diff: 
2024-10-10 03:37:02,637 INFO - ContAudITWrapper#16 - Cleaning temporary files...
2024-10-10 03:37:02,661 INFO - ContAudITWrapper#16 - Sending to blockchain...
2024-10-10 03:37:05,805 INFO - ContAudITWrapper#16 - Response 
2024-10-10 03:37:05,825 INFO - ContAudITWrapper#16 - Finishing ContAudIT Wrapper...
