2024-10-10 03:35:31,642 INFO - ContAudITWrapper#20 - Initializing ContAudIT Wrapper...
2024-10-10 03:35:31,766 INFO - ContAudITWrapper#20 - Current directory: /home/ec2-user/Code/ufrgs-poc/contaudit-wrapper.jar
2024-10-10 03:35:47,334 INFO - ContAudITWrapper#20 - Wrapper hash: b7519188ed863d76e5199a8d880bb968bdf9124fad53b871583787e123a7a764
2024-10-10 03:35:47,342 INFO - ContAudITWrapper#20 - Validating Wrapper...
2024-10-10 03:36:32,758 INFO - ContAudITWrapper#20 - Response true
2024-10-10 03:36:33,085 INFO - ContAudITWrapper#20 - Application hash: e36ee2d35f8c4c41bd358782dfb3ac8852b40439d350ff27616f0c18819ce9bf
2024-10-10 03:36:33,086 INFO - ContAudITWrapper#20 - Validating Application...
2024-10-10 03:36:42,429 INFO - ContAudITWrapper#20 - Response true
2024-10-10 03:36:42,449 INFO - ContAudITWrapper#20 - Artifact user.workflow hash: 52877374d8c54314b7af92814eaf729121e99a87e9706a2888cd9bcd951b11c9
2024-10-10 03:36:42,455 INFO - ContAudITWrapper#20 - Validating Artifact...
2024-10-10 03:36:47,196 INFO - ContAudITWrapper#20 - Response true
2024-10-10 03:36:47,213 INFO - ContAudITWrapper#20 - Running pre-command actions...
2024-10-10 03:36:47,214 INFO - ContAudITWrapper#20 - Analyzing current environment state...
2024-10-10 03:36:47,411 INFO - ContAudITWrapper#20 - Saving current environment state...
2024-10-10 03:36:47,412 INFO - ContAudITWrapper#20 - Environment state hash: a7ffc6f8bf1ed76651c14756a061d662f580ff4de43b49fa82d80a4b80f8434a
2024-10-10 03:36:47,412 INFO - ContAudITWrapper#20 - Executing command...
2024-10-10 03:36:54,149 INFO - ContAudITWrapper#20 - Command output: 
2024-10-10 03:36:47.545512491 [executor] Initializing the workflow...
[useradd_workflow] User contaudit20 already exists. Removing...
[useradd_workflow] User contaudit20 successfully removed.
[useradd_workflow] User contaudit20 created successfully.
2024-10-10 03:36:54.140906705 [executor] Finished!

2024-10-10 03:36:54,150 INFO - ContAudITWrapper#20 - Running post-command actions...
2024-10-10 03:36:54,151 INFO - ContAudITWrapper#20 - Analyzing current environment state...
2024-10-10 03:36:54,205 INFO - ContAudITWrapper#20 - Saving current environment state...
2024-10-10 03:36:54,205 INFO - ContAudITWrapper#20 - Environment state hash: a7ffc6f8bf1ed76651c14756a061d662f580ff4de43b49fa82d80a4b80f8434a
2024-10-10 03:36:54,205 INFO - ContAudITWrapper#20 - Checking environment diff...
2024-10-10 03:36:54,233 INFO - ContAudITWrapper#20 - Environment diff: 
2024-10-10 03:36:54,233 INFO - ContAudITWrapper#20 - Cleaning temporary files...
2024-10-10 03:36:54,256 INFO - ContAudITWrapper#20 - Sending to blockchain...
2024-10-10 03:36:56,384 INFO - ContAudITWrapper#20 - Response 
2024-10-10 03:36:56,392 INFO - ContAudITWrapper#20 - Finishing ContAudIT Wrapper...
