2024-10-10 03:35:32,564 INFO - ContAudITWrapper#41 - Initializing ContAudIT Wrapper...
2024-10-10 03:35:32,729 INFO - ContAudITWrapper#41 - Current directory: /home/ec2-user/Code/ufrgs-poc/contaudit-wrapper.jar
2024-10-10 03:35:50,408 INFO - ContAudITWrapper#41 - Wrapper hash: b7519188ed863d76e5199a8d880bb968bdf9124fad53b871583787e123a7a764
2024-10-10 03:35:50,416 INFO - ContAudITWrapper#41 - Validating Wrapper...
2024-10-10 03:36:39,254 INFO - ContAudITWrapper#41 - Response true
2024-10-10 03:36:39,489 INFO - ContAudITWrapper#41 - Application hash: e36ee2d35f8c4c41bd358782dfb3ac8852b40439d350ff27616f0c18819ce9bf
2024-10-10 03:36:39,491 INFO - ContAudITWrapper#41 - Validating Application...
2024-10-10 03:36:47,354 INFO - ContAudITWrapper#41 - Response true
2024-10-10 03:36:47,358 INFO - ContAudITWrapper#41 - Artifact user.workflow hash: 52877374d8c54314b7af92814eaf729121e99a87e9706a2888cd9bcd951b11c9
2024-10-10 03:36:47,445 INFO - ContAudITWrapper#41 - Validating Artifact...
2024-10-10 03:36:54,745 INFO - ContAudITWrapper#41 - Response true
2024-10-10 03:36:54,753 INFO - ContAudITWrapper#41 - Running pre-command actions...
2024-10-10 03:36:54,754 INFO - ContAudITWrapper#41 - Analyzing current environment state...
2024-10-10 03:36:54,795 INFO - ContAudITWrapper#41 - Saving current environment state...
2024-10-10 03:36:54,797 INFO - ContAudITWrapper#41 - Environment state hash: a7ffc6f8bf1ed76651c14756a061d662f580ff4de43b49fa82d80a4b80f8434a
2024-10-10 03:36:54,797 INFO - ContAudITWrapper#41 - Executing command...
2024-10-10 03:37:04,130 INFO - ContAudITWrapper#41 - Command output: 
2024-10-10 03:36:54.807989803 [executor] Initializing the workflow...
[useradd_workflow] User contaudit41 already exists. Removing...
[useradd_workflow] User contaudit41 successfully removed.
[useradd_workflow] User contaudit41 created successfully.
2024-10-10 03:37:04.129698339 [executor] Finished!

2024-10-10 03:37:04,131 INFO - ContAudITWrapper#41 - Running post-command actions...
2024-10-10 03:37:04,131 INFO - ContAudITWrapper#41 - Analyzing current environment state...
2024-10-10 03:37:04,193 INFO - ContAudITWrapper#41 - Saving current environment state...
2024-10-10 03:37:04,194 INFO - ContAudITWrapper#41 - Environment state hash: a7ffc6f8bf1ed76651c14756a061d662f580ff4de43b49fa82d80a4b80f8434a
2024-10-10 03:37:04,194 INFO - ContAudITWrapper#41 - Checking environment diff...
2024-10-10 03:37:04,207 INFO - ContAudITWrapper#41 - Environment diff: 
2024-10-10 03:37:04,208 INFO - ContAudITWrapper#41 - Cleaning temporary files...
2024-10-10 03:37:04,257 INFO - ContAudITWrapper#41 - Sending to blockchain...
2024-10-10 03:37:06,230 INFO - ContAudITWrapper#41 - Response 
2024-10-10 03:37:06,233 INFO - ContAudITWrapper#41 - Finishing ContAudIT Wrapper...
