2024-10-10 03:35:32,236 INFO - ContAudITWrapper#37 - Initializing ContAudIT Wrapper...
2024-10-10 03:35:32,331 INFO - ContAudITWrapper#37 - Current directory: /home/ec2-user/Code/ufrgs-poc/contaudit-wrapper.jar
2024-10-10 03:35:49,804 INFO - ContAudITWrapper#37 - Wrapper hash: b7519188ed863d76e5199a8d880bb968bdf9124fad53b871583787e123a7a764
2024-10-10 03:35:49,841 INFO - ContAudITWrapper#37 - Validating Wrapper...
2024-10-10 03:36:37,966 INFO - ContAudITWrapper#37 - Response true
2024-10-10 03:36:38,066 INFO - ContAudITWrapper#37 - Application hash: e36ee2d35f8c4c41bd358782dfb3ac8852b40439d350ff27616f0c18819ce9bf
2024-10-10 03:36:38,066 INFO - ContAudITWrapper#37 - Validating Application...
2024-10-10 03:36:49,263 INFO - ContAudITWrapper#37 - Response true
2024-10-10 03:36:49,272 INFO - ContAudITWrapper#37 - Artifact user.workflow hash: 52877374d8c54314b7af92814eaf729121e99a87e9706a2888cd9bcd951b11c9
2024-10-10 03:36:49,277 INFO - ContAudITWrapper#37 - Validating Artifact...
2024-10-10 03:36:54,626 INFO - ContAudITWrapper#37 - Response true
2024-10-10 03:36:54,650 INFO - ContAudITWrapper#37 - Running pre-command actions...
2024-10-10 03:36:54,651 INFO - ContAudITWrapper#37 - Analyzing current environment state...
2024-10-10 03:36:54,696 INFO - ContAudITWrapper#37 - Saving current environment state...
2024-10-10 03:36:54,697 INFO - ContAudITWrapper#37 - Environment state hash: a7ffc6f8bf1ed76651c14756a061d662f580ff4de43b49fa82d80a4b80f8434a
2024-10-10 03:36:54,698 INFO - ContAudITWrapper#37 - Executing command...
2024-10-10 03:37:03,837 INFO - ContAudITWrapper#37 - Command output: 
2024-10-10 03:36:54.719169497 [executor] Initializing the workflow...
[useradd_workflow] User contaudit37 already exists. Removing...
[useradd_workflow] User contaudit37 successfully removed.
[useradd_workflow] User contaudit37 created successfully.
2024-10-10 03:37:03.836215390 [executor] Finished!

2024-10-10 03:37:03,837 INFO - ContAudITWrapper#37 - Running post-command actions...
2024-10-10 03:37:03,837 INFO - ContAudITWrapper#37 - Analyzing current environment state...
2024-10-10 03:37:03,917 INFO - ContAudITWrapper#37 - Saving current environment state...
2024-10-10 03:37:03,918 INFO - ContAudITWrapper#37 - Environment state hash: a7ffc6f8bf1ed76651c14756a061d662f580ff4de43b49fa82d80a4b80f8434a
2024-10-10 03:37:03,919 INFO - ContAudITWrapper#37 - Checking environment diff...
2024-10-10 03:37:03,951 INFO - ContAudITWrapper#37 - Environment diff: 
2024-10-10 03:37:03,952 INFO - ContAudITWrapper#37 - Cleaning temporary files...
2024-10-10 03:37:03,994 INFO - ContAudITWrapper#37 - Sending to blockchain...
2024-10-10 03:37:08,345 INFO - ContAudITWrapper#37 - Response 
2024-10-10 03:37:08,348 INFO - ContAudITWrapper#37 - Finishing ContAudIT Wrapper...
