2024-10-10 03:35:32,738 INFO - ContAudITWrapper#34 - Initializing ContAudIT Wrapper...
2024-10-10 03:35:32,855 INFO - ContAudITWrapper#34 - Current directory: /home/ec2-user/Code/ufrgs-poc/contaudit-wrapper.jar
2024-10-10 03:35:46,667 INFO - ContAudITWrapper#34 - Wrapper hash: b7519188ed863d76e5199a8d880bb968bdf9124fad53b871583787e123a7a764
2024-10-10 03:35:46,717 INFO - ContAudITWrapper#34 - Validating Wrapper...
2024-10-10 03:36:32,941 INFO - ContAudITWrapper#34 - Response true
2024-10-10 03:36:33,048 INFO - ContAudITWrapper#34 - Application hash: e36ee2d35f8c4c41bd358782dfb3ac8852b40439d350ff27616f0c18819ce9bf
2024-10-10 03:36:33,048 INFO - ContAudITWrapper#34 - Validating Application...
2024-10-10 03:36:41,468 INFO - ContAudITWrapper#34 - Response true
2024-10-10 03:36:41,481 INFO - ContAudITWrapper#34 - Artifact user.workflow hash: 52877374d8c54314b7af92814eaf729121e99a87e9706a2888cd9bcd951b11c9
2024-10-10 03:36:41,500 INFO - ContAudITWrapper#34 - Validating Artifact...
2024-10-10 03:36:49,633 INFO - ContAudITWrapper#34 - Response true
2024-10-10 03:36:49,641 INFO - ContAudITWrapper#34 - Running pre-command actions...
2024-10-10 03:36:49,642 INFO - ContAudITWrapper#34 - Analyzing current environment state...
2024-10-10 03:36:49,849 INFO - ContAudITWrapper#34 - Saving current environment state...
2024-10-10 03:36:49,850 INFO - ContAudITWrapper#34 - Environment state hash: a7ffc6f8bf1ed76651c14756a061d662f580ff4de43b49fa82d80a4b80f8434a
2024-10-10 03:36:49,851 INFO - ContAudITWrapper#34 - Executing command...
2024-10-10 03:36:58,298 INFO - ContAudITWrapper#34 - Command output: 
2024-10-10 03:36:49.901482670 [executor] Initializing the workflow...
[useradd_workflow] User contaudit34 already exists. Removing...
[useradd_workflow] User contaudit34 successfully removed.
[useradd_workflow] User contaudit34 created successfully.
2024-10-10 03:36:58.298014753 [executor] Finished!

2024-10-10 03:36:58,299 INFO - ContAudITWrapper#34 - Running post-command actions...
2024-10-10 03:36:58,299 INFO - ContAudITWrapper#34 - Analyzing current environment state...
2024-10-10 03:36:58,309 INFO - ContAudITWrapper#34 - Saving current environment state...
2024-10-10 03:36:58,310 INFO - ContAudITWrapper#34 - Environment state hash: a7ffc6f8bf1ed76651c14756a061d662f580ff4de43b49fa82d80a4b80f8434a
2024-10-10 03:36:58,310 INFO - ContAudITWrapper#34 - Checking environment diff...
2024-10-10 03:36:58,316 INFO - ContAudITWrapper#34 - Environment diff: 
2024-10-10 03:36:58,316 INFO - ContAudITWrapper#34 - Cleaning temporary files...
2024-10-10 03:36:58,321 INFO - ContAudITWrapper#34 - Sending to blockchain...
2024-10-10 03:37:01,193 INFO - ContAudITWrapper#34 - Response 
2024-10-10 03:37:01,200 INFO - ContAudITWrapper#34 - Finishing ContAudIT Wrapper...
