2024-10-10 03:41:02,672 INFO - ContAudITWrapper#72 - Initializing ContAudIT Wrapper...
2024-10-10 03:41:02,851 INFO - ContAudITWrapper#72 - Current directory: /home/ec2-user/Code/ufrgs-poc/contaudit-wrapper.jar
2024-10-10 03:41:24,843 INFO - ContAudITWrapper#72 - Wrapper hash: b7519188ed863d76e5199a8d880bb968bdf9124fad53b871583787e123a7a764
2024-10-10 03:41:24,937 INFO - ContAudITWrapper#72 - Validating Wrapper...
2024-10-10 03:42:22,521 INFO - ContAudITWrapper#72 - Response true
2024-10-10 03:42:22,632 INFO - ContAudITWrapper#72 - Application hash: e36ee2d35f8c4c41bd358782dfb3ac8852b40439d350ff27616f0c18819ce9bf
2024-10-10 03:42:22,632 INFO - ContAudITWrapper#72 - Validating Application...
2024-10-10 03:42:35,003 INFO - ContAudITWrapper#72 - Response true
2024-10-10 03:42:35,015 INFO - ContAudITWrapper#72 - Artifact user.workflow hash: 52877374d8c54314b7af92814eaf729121e99a87e9706a2888cd9bcd951b11c9
2024-10-10 03:42:35,057 INFO - ContAudITWrapper#72 - Validating Artifact...
2024-10-10 03:42:43,071 INFO - ContAudITWrapper#72 - Response true
2024-10-10 03:42:43,077 INFO - ContAudITWrapper#72 - Running pre-command actions...
2024-10-10 03:42:43,078 INFO - ContAudITWrapper#72 - Analyzing current environment state...
2024-10-10 03:42:43,260 INFO - ContAudITWrapper#72 - Saving current environment state...
2024-10-10 03:42:43,261 INFO - ContAudITWrapper#72 - Environment state hash: a7ffc6f8bf1ed76651c14756a061d662f580ff4de43b49fa82d80a4b80f8434a
2024-10-10 03:42:43,262 INFO - ContAudITWrapper#72 - Executing command...
2024-10-10 03:42:52,477 INFO - ContAudITWrapper#72 - Command output: 
2024-10-10 03:42:43.366811806 [executor] Initializing the workflow...
[useradd_workflow] User contaudit72 already exists. Removing...
[useradd_workflow] User contaudit72 successfully removed.
[useradd_workflow] User contaudit72 created successfully.
2024-10-10 03:42:52.476034204 [executor] Finished!

2024-10-10 03:42:52,477 INFO - ContAudITWrapper#72 - Running post-command actions...
2024-10-10 03:42:52,477 INFO - ContAudITWrapper#72 - Analyzing current environment state...
2024-10-10 03:42:52,538 INFO - ContAudITWrapper#72 - Saving current environment state...
2024-10-10 03:42:52,538 INFO - ContAudITWrapper#72 - Environment state hash: a7ffc6f8bf1ed76651c14756a061d662f580ff4de43b49fa82d80a4b80f8434a
2024-10-10 03:42:52,538 INFO - ContAudITWrapper#72 - Checking environment diff...
2024-10-10 03:42:52,585 INFO - ContAudITWrapper#72 - Environment diff: 
2024-10-10 03:42:52,586 INFO - ContAudITWrapper#72 - Cleaning temporary files...
2024-10-10 03:42:52,598 INFO - ContAudITWrapper#72 - Sending to blockchain...
2024-10-10 03:42:56,220 INFO - ContAudITWrapper#72 - Response 
2024-10-10 03:42:56,222 INFO - ContAudITWrapper#72 - Finishing ContAudIT Wrapper...
