2024-10-10 03:41:03,155 INFO - ContAudITWrapper#82 - Initializing ContAudIT Wrapper...
2024-10-10 03:41:03,297 INFO - ContAudITWrapper#82 - Current directory: /home/ec2-user/Code/ufrgs-poc/contaudit-wrapper.jar
2024-10-10 03:41:23,009 INFO - ContAudITWrapper#82 - Wrapper hash: b7519188ed863d76e5199a8d880bb968bdf9124fad53b871583787e123a7a764
2024-10-10 03:41:23,105 INFO - ContAudITWrapper#82 - Validating Wrapper...
2024-10-10 03:42:19,347 INFO - ContAudITWrapper#82 - Response true
2024-10-10 03:42:19,487 INFO - ContAudITWrapper#82 - Application hash: e36ee2d35f8c4c41bd358782dfb3ac8852b40439d350ff27616f0c18819ce9bf
2024-10-10 03:42:19,489 INFO - ContAudITWrapper#82 - Validating Application...
2024-10-10 03:42:29,306 INFO - ContAudITWrapper#82 - Response true
2024-10-10 03:42:29,315 INFO - ContAudITWrapper#82 - Artifact user.workflow hash: 52877374d8c54314b7af92814eaf729121e99a87e9706a2888cd9bcd951b11c9
2024-10-10 03:42:29,322 INFO - ContAudITWrapper#82 - Validating Artifact...
2024-10-10 03:42:39,594 INFO - ContAudITWrapper#82 - Response true
2024-10-10 03:42:39,601 INFO - ContAudITWrapper#82 - Running pre-command actions...
2024-10-10 03:42:39,602 INFO - ContAudITWrapper#82 - Analyzing current environment state...
2024-10-10 03:42:39,871 INFO - ContAudITWrapper#82 - Saving current environment state...
2024-10-10 03:42:39,872 INFO - ContAudITWrapper#82 - Environment state hash: a7ffc6f8bf1ed76651c14756a061d662f580ff4de43b49fa82d80a4b80f8434a
2024-10-10 03:42:39,872 INFO - ContAudITWrapper#82 - Executing command...
2024-10-10 03:42:43,601 INFO - ContAudITWrapper#82 - Command output: 
2024-10-10 03:42:40.100126394 [executor] Initializing the workflow...
[useradd_workflow] User contaudit82 does not exist. Creating...
[useradd_workflow] User contaudit82 created successfully.
2024-10-10 03:42:43.600619556 [executor] Finished!

2024-10-10 03:42:43,602 INFO - ContAudITWrapper#82 - Running post-command actions...
2024-10-10 03:42:43,603 INFO - ContAudITWrapper#82 - Analyzing current environment state...
2024-10-10 03:42:43,643 INFO - ContAudITWrapper#82 - Saving current environment state...
2024-10-10 03:42:43,644 INFO - ContAudITWrapper#82 - Environment state hash: a7ffc6f8bf1ed76651c14756a061d662f580ff4de43b49fa82d80a4b80f8434a
2024-10-10 03:42:43,645 INFO - ContAudITWrapper#82 - Checking environment diff...
2024-10-10 03:42:43,714 INFO - ContAudITWrapper#82 - Environment diff: 
2024-10-10 03:42:43,714 INFO - ContAudITWrapper#82 - Cleaning temporary files...
2024-10-10 03:42:43,753 INFO - ContAudITWrapper#82 - Sending to blockchain...
2024-10-10 03:42:47,024 INFO - ContAudITWrapper#82 - Response 
2024-10-10 03:42:47,025 INFO - ContAudITWrapper#82 - Finishing ContAudIT Wrapper...
