2024-10-10 03:41:02,797 INFO - ContAudITWrapper#5 - Initializing ContAudIT Wrapper...
2024-10-10 03:41:02,995 INFO - ContAudITWrapper#5 - Current directory: /home/ec2-user/Code/ufrgs-poc/contaudit-wrapper.jar
2024-10-10 03:41:25,035 INFO - ContAudITWrapper#5 - Wrapper hash: b7519188ed863d76e5199a8d880bb968bdf9124fad53b871583787e123a7a764
2024-10-10 03:41:25,076 INFO - ContAudITWrapper#5 - Validating Wrapper...
2024-10-10 03:42:18,221 INFO - ContAudITWrapper#5 - Response true
2024-10-10 03:42:18,405 INFO - ContAudITWrapper#5 - Application hash: e36ee2d35f8c4c41bd358782dfb3ac8852b40439d350ff27616f0c18819ce9bf
2024-10-10 03:42:18,406 INFO - ContAudITWrapper#5 - Validating Application...
2024-10-10 03:42:29,538 INFO - ContAudITWrapper#5 - Response true
2024-10-10 03:42:29,570 INFO - ContAudITWrapper#5 - Artifact user.workflow hash: 52877374d8c54314b7af92814eaf729121e99a87e9706a2888cd9bcd951b11c9
2024-10-10 03:42:29,582 INFO - ContAudITWrapper#5 - Validating Artifact...
2024-10-10 03:42:38,789 INFO - ContAudITWrapper#5 - Response true
2024-10-10 03:42:38,805 INFO - ContAudITWrapper#5 - Running pre-command actions...
2024-10-10 03:42:38,889 INFO - ContAudITWrapper#5 - Analyzing current environment state...
2024-10-10 03:42:39,106 INFO - ContAudITWrapper#5 - Saving current environment state...
2024-10-10 03:42:39,107 INFO - ContAudITWrapper#5 - Environment state hash: a7ffc6f8bf1ed76651c14756a061d662f580ff4de43b49fa82d80a4b80f8434a
2024-10-10 03:42:39,108 INFO - ContAudITWrapper#5 - Executing command...
2024-10-10 03:42:48,053 INFO - ContAudITWrapper#5 - Command output: 
2024-10-10 03:42:39.218323533 [executor] Initializing the workflow...
[useradd_workflow] User contaudit5 already exists. Removing...
[useradd_workflow] User contaudit5 successfully removed.
[useradd_workflow] User contaudit5 created successfully.
2024-10-10 03:42:48.052713239 [executor] Finished!

2024-10-10 03:42:48,053 INFO - ContAudITWrapper#5 - Running post-command actions...
2024-10-10 03:42:48,053 INFO - ContAudITWrapper#5 - Analyzing current environment state...
2024-10-10 03:42:48,058 INFO - ContAudITWrapper#5 - Saving current environment state...
2024-10-10 03:42:48,058 INFO - ContAudITWrapper#5 - Environment state hash: a7ffc6f8bf1ed76651c14756a061d662f580ff4de43b49fa82d80a4b80f8434a
2024-10-10 03:42:48,058 INFO - ContAudITWrapper#5 - Checking environment diff...
2024-10-10 03:42:48,061 INFO - ContAudITWrapper#5 - Environment diff: 
2024-10-10 03:42:48,062 INFO - ContAudITWrapper#5 - Cleaning temporary files...
2024-10-10 03:42:48,065 INFO - ContAudITWrapper#5 - Sending to blockchain...
2024-10-10 03:42:49,237 INFO - ContAudITWrapper#5 - Response 
2024-10-10 03:42:49,238 INFO - ContAudITWrapper#5 - Finishing ContAudIT Wrapper...
