2024-10-10 03:41:01,929 INFO - ContAudITWrapper#77 - Initializing ContAudIT Wrapper...
2024-10-10 03:41:02,146 INFO - ContAudITWrapper#77 - Current directory: /home/ec2-user/Code/ufrgs-poc/contaudit-wrapper.jar
2024-10-10 03:41:19,669 INFO - ContAudITWrapper#77 - Wrapper hash: b7519188ed863d76e5199a8d880bb968bdf9124fad53b871583787e123a7a764
2024-10-10 03:41:19,683 INFO - ContAudITWrapper#77 - Validating Wrapper...
2024-10-10 03:42:12,011 INFO - ContAudITWrapper#77 - Response true
2024-10-10 03:42:12,176 INFO - ContAudITWrapper#77 - Application hash: e36ee2d35f8c4c41bd358782dfb3ac8852b40439d350ff27616f0c18819ce9bf
2024-10-10 03:42:12,196 INFO - ContAudITWrapper#77 - Validating Application...
2024-10-10 03:42:25,296 INFO - ContAudITWrapper#77 - Response true
2024-10-10 03:42:25,307 INFO - ContAudITWrapper#77 - Artifact user.workflow hash: 52877374d8c54314b7af92814eaf729121e99a87e9706a2888cd9bcd951b11c9
2024-10-10 03:42:25,323 INFO - ContAudITWrapper#77 - Validating Artifact...
2024-10-10 03:42:33,782 INFO - ContAudITWrapper#77 - Response true
2024-10-10 03:42:33,786 INFO - ContAudITWrapper#77 - Running pre-command actions...
2024-10-10 03:42:33,806 INFO - ContAudITWrapper#77 - Analyzing current environment state...
2024-10-10 03:42:33,923 INFO - ContAudITWrapper#77 - Saving current environment state...
2024-10-10 03:42:33,924 INFO - ContAudITWrapper#77 - Environment state hash: a7ffc6f8bf1ed76651c14756a061d662f580ff4de43b49fa82d80a4b80f8434a
2024-10-10 03:42:33,924 INFO - ContAudITWrapper#77 - Executing command...
2024-10-10 03:42:38,462 INFO - ContAudITWrapper#77 - Command output: 
2024-10-10 03:42:34.046095948 [executor] Initializing the workflow...
[useradd_workflow] User contaudit77 already exists. Removing...
[useradd_workflow] User contaudit77 successfully removed.
[useradd_workflow] User contaudit77 created successfully.
2024-10-10 03:42:38.461721723 [executor] Finished!

2024-10-10 03:42:38,463 INFO - ContAudITWrapper#77 - Running post-command actions...
2024-10-10 03:42:38,463 INFO - ContAudITWrapper#77 - Analyzing current environment state...
2024-10-10 03:42:38,571 INFO - ContAudITWrapper#77 - Saving current environment state...
2024-10-10 03:42:38,572 INFO - ContAudITWrapper#77 - Environment state hash: a7ffc6f8bf1ed76651c14756a061d662f580ff4de43b49fa82d80a4b80f8434a
2024-10-10 03:42:38,572 INFO - ContAudITWrapper#77 - Checking environment diff...
2024-10-10 03:42:38,644 INFO - ContAudITWrapper#77 - Environment diff: 
2024-10-10 03:42:38,644 INFO - ContAudITWrapper#77 - Cleaning temporary files...
2024-10-10 03:42:38,693 INFO - ContAudITWrapper#77 - Sending to blockchain...
2024-10-10 03:42:45,681 INFO - ContAudITWrapper#77 - Response 
2024-10-10 03:42:45,683 INFO - ContAudITWrapper#77 - Finishing ContAudIT Wrapper...
