2024-10-10 03:41:02,176 INFO - ContAudITWrapper#49 - Initializing ContAudIT Wrapper...
2024-10-10 03:41:02,261 INFO - ContAudITWrapper#49 - Current directory: /home/ec2-user/Code/ufrgs-poc/contaudit-wrapper.jar
2024-10-10 03:41:15,019 INFO - ContAudITWrapper#49 - Wrapper hash: b7519188ed863d76e5199a8d880bb968bdf9124fad53b871583787e123a7a764
2024-10-10 03:41:15,027 INFO - ContAudITWrapper#49 - Validating Wrapper...
2024-10-10 03:42:00,630 INFO - ContAudITWrapper#49 - Response true
2024-10-10 03:42:00,778 INFO - ContAudITWrapper#49 - Application hash: e36ee2d35f8c4c41bd358782dfb3ac8852b40439d350ff27616f0c18819ce9bf
2024-10-10 03:42:00,779 INFO - ContAudITWrapper#49 - Validating Application...
2024-10-10 03:42:15,033 INFO - ContAudITWrapper#49 - Response true
2024-10-10 03:42:15,042 INFO - ContAudITWrapper#49 - Artifact user.workflow hash: 52877374d8c54314b7af92814eaf729121e99a87e9706a2888cd9bcd951b11c9
2024-10-10 03:42:15,047 INFO - ContAudITWrapper#49 - Validating Artifact...
2024-10-10 03:42:26,877 INFO - ContAudITWrapper#49 - Response true
2024-10-10 03:42:26,893 INFO - ContAudITWrapper#49 - Running pre-command actions...
2024-10-10 03:42:26,894 INFO - ContAudITWrapper#49 - Analyzing current environment state...
2024-10-10 03:42:27,106 INFO - ContAudITWrapper#49 - Saving current environment state...
2024-10-10 03:42:27,107 INFO - ContAudITWrapper#49 - Environment state hash: a7ffc6f8bf1ed76651c14756a061d662f580ff4de43b49fa82d80a4b80f8434a
2024-10-10 03:42:27,107 INFO - ContAudITWrapper#49 - Executing command...
2024-10-10 03:42:32,232 INFO - ContAudITWrapper#49 - Command output: 
2024-10-10 03:42:27.220854135 [executor] Initializing the workflow...
[useradd_workflow] User contaudit49 already exists. Removing...
[useradd_workflow] User contaudit49 successfully removed.
[useradd_workflow] User contaudit49 created successfully.
2024-10-10 03:42:32.211186009 [executor] Finished!

2024-10-10 03:42:32,232 INFO - ContAudITWrapper#49 - Running post-command actions...
2024-10-10 03:42:32,232 INFO - ContAudITWrapper#49 - Analyzing current environment state...
2024-10-10 03:42:32,378 INFO - ContAudITWrapper#49 - Saving current environment state...
2024-10-10 03:42:32,378 INFO - ContAudITWrapper#49 - Environment state hash: a7ffc6f8bf1ed76651c14756a061d662f580ff4de43b49fa82d80a4b80f8434a
2024-10-10 03:42:32,378 INFO - ContAudITWrapper#49 - Checking environment diff...
2024-10-10 03:42:32,563 INFO - ContAudITWrapper#49 - Environment diff: 
2024-10-10 03:42:32,563 INFO - ContAudITWrapper#49 - Cleaning temporary files...
2024-10-10 03:42:32,710 INFO - ContAudITWrapper#49 - Sending to blockchain...
2024-10-10 03:42:45,569 INFO - ContAudITWrapper#49 - Response 
2024-10-10 03:42:45,572 INFO - ContAudITWrapper#49 - Finishing ContAudIT Wrapper...
