2024-10-10 03:41:02,774 INFO - ContAudITWrapper#51 - Initializing ContAudIT Wrapper...
2024-10-10 03:41:02,943 INFO - ContAudITWrapper#51 - Current directory: /home/ec2-user/Code/ufrgs-poc/contaudit-wrapper.jar
2024-10-10 03:41:22,512 INFO - ContAudITWrapper#51 - Wrapper hash: b7519188ed863d76e5199a8d880bb968bdf9124fad53b871583787e123a7a764
2024-10-10 03:41:22,519 INFO - ContAudITWrapper#51 - Validating Wrapper...
2024-10-10 03:42:18,244 INFO - ContAudITWrapper#51 - Response true
2024-10-10 03:42:18,304 INFO - ContAudITWrapper#51 - Application hash: e36ee2d35f8c4c41bd358782dfb3ac8852b40439d350ff27616f0c18819ce9bf
2024-10-10 03:42:18,305 INFO - ContAudITWrapper#51 - Validating Application...
2024-10-10 03:42:30,138 INFO - ContAudITWrapper#51 - Response true
2024-10-10 03:42:30,163 INFO - ContAudITWrapper#51 - Artifact user.workflow hash: 52877374d8c54314b7af92814eaf729121e99a87e9706a2888cd9bcd951b11c9
2024-10-10 03:42:30,212 INFO - ContAudITWrapper#51 - Validating Artifact...
2024-10-10 03:42:42,148 INFO - ContAudITWrapper#51 - Response true
2024-10-10 03:42:42,163 INFO - ContAudITWrapper#51 - Running pre-command actions...
2024-10-10 03:42:42,166 INFO - ContAudITWrapper#51 - Analyzing current environment state...
2024-10-10 03:42:42,273 INFO - ContAudITWrapper#51 - Saving current environment state...
2024-10-10 03:42:42,274 INFO - ContAudITWrapper#51 - Environment state hash: a7ffc6f8bf1ed76651c14756a061d662f580ff4de43b49fa82d80a4b80f8434a
2024-10-10 03:42:42,274 INFO - ContAudITWrapper#51 - Executing command...
2024-10-10 03:42:51,901 INFO - ContAudITWrapper#51 - Command output: 
2024-10-10 03:42:42.397030481 [executor] Initializing the workflow...
[useradd_workflow] User contaudit51 already exists. Removing...
[useradd_workflow] User contaudit51 successfully removed.
[useradd_workflow] User contaudit51 created successfully.
2024-10-10 03:42:51.872196472 [executor] Finished!

2024-10-10 03:42:51,901 INFO - ContAudITWrapper#51 - Running post-command actions...
2024-10-10 03:42:51,902 INFO - ContAudITWrapper#51 - Analyzing current environment state...
2024-10-10 03:42:51,922 INFO - ContAudITWrapper#51 - Saving current environment state...
2024-10-10 03:42:51,923 INFO - ContAudITWrapper#51 - Environment state hash: a7ffc6f8bf1ed76651c14756a061d662f580ff4de43b49fa82d80a4b80f8434a
2024-10-10 03:42:51,923 INFO - ContAudITWrapper#51 - Checking environment diff...
2024-10-10 03:42:51,979 INFO - ContAudITWrapper#51 - Environment diff: 
2024-10-10 03:42:51,980 INFO - ContAudITWrapper#51 - Cleaning temporary files...
2024-10-10 03:42:51,995 INFO - ContAudITWrapper#51 - Sending to blockchain...
2024-10-10 03:42:56,189 INFO - ContAudITWrapper#51 - Response 
2024-10-10 03:42:56,192 INFO - ContAudITWrapper#51 - Finishing ContAudIT Wrapper...
