2024-10-10 03:41:02,561 INFO - ContAudITWrapper#40 - Initializing ContAudIT Wrapper...
2024-10-10 03:41:02,748 INFO - ContAudITWrapper#40 - Current directory: /home/ec2-user/Code/ufrgs-poc/contaudit-wrapper.jar
2024-10-10 03:41:21,614 INFO - ContAudITWrapper#40 - Wrapper hash: b7519188ed863d76e5199a8d880bb968bdf9124fad53b871583787e123a7a764
2024-10-10 03:41:21,646 INFO - ContAudITWrapper#40 - Validating Wrapper...
2024-10-10 03:42:16,007 INFO - ContAudITWrapper#40 - Response true
2024-10-10 03:42:16,099 INFO - ContAudITWrapper#40 - Application hash: e36ee2d35f8c4c41bd358782dfb3ac8852b40439d350ff27616f0c18819ce9bf
2024-10-10 03:42:16,100 INFO - ContAudITWrapper#40 - Validating Application...
2024-10-10 03:42:29,676 INFO - ContAudITWrapper#40 - Response true
2024-10-10 03:42:29,686 INFO - ContAudITWrapper#40 - Artifact user.workflow hash: 52877374d8c54314b7af92814eaf729121e99a87e9706a2888cd9bcd951b11c9
2024-10-10 03:42:29,692 INFO - ContAudITWrapper#40 - Validating Artifact...
2024-10-10 03:42:37,160 INFO - ContAudITWrapper#40 - Response true
2024-10-10 03:42:37,167 INFO - ContAudITWrapper#40 - Running pre-command actions...
2024-10-10 03:42:37,168 INFO - ContAudITWrapper#40 - Analyzing current environment state...
2024-10-10 03:42:37,486 INFO - ContAudITWrapper#40 - Saving current environment state...
2024-10-10 03:42:37,487 INFO - ContAudITWrapper#40 - Environment state hash: a7ffc6f8bf1ed76651c14756a061d662f580ff4de43b49fa82d80a4b80f8434a
2024-10-10 03:42:37,488 INFO - ContAudITWrapper#40 - Executing command...
2024-10-10 03:42:44,633 INFO - ContAudITWrapper#40 - Command output: 
2024-10-10 03:42:37.571760560 [executor] Initializing the workflow...
[useradd_workflow] User contaudit40 already exists. Removing...
[useradd_workflow] User contaudit40 successfully removed.
[useradd_workflow] User contaudit40 created successfully.
2024-10-10 03:42:44.632572378 [executor] Finished!

2024-10-10 03:42:44,633 INFO - ContAudITWrapper#40 - Running post-command actions...
2024-10-10 03:42:44,634 INFO - ContAudITWrapper#40 - Analyzing current environment state...
2024-10-10 03:42:44,685 INFO - ContAudITWrapper#40 - Saving current environment state...
2024-10-10 03:42:44,686 INFO - ContAudITWrapper#40 - Environment state hash: a7ffc6f8bf1ed76651c14756a061d662f580ff4de43b49fa82d80a4b80f8434a
2024-10-10 03:42:44,686 INFO - ContAudITWrapper#40 - Checking environment diff...
2024-10-10 03:42:44,701 INFO - ContAudITWrapper#40 - Environment diff: 
2024-10-10 03:42:44,702 INFO - ContAudITWrapper#40 - Cleaning temporary files...
2024-10-10 03:42:44,735 INFO - ContAudITWrapper#40 - Sending to blockchain...
2024-10-10 03:42:47,004 INFO - ContAudITWrapper#40 - Response 
2024-10-10 03:42:47,009 INFO - ContAudITWrapper#40 - Finishing ContAudIT Wrapper...
