2024-10-10 03:41:03,206 INFO - ContAudITWrapper#81 - Initializing ContAudIT Wrapper...
2024-10-10 03:41:03,333 INFO - ContAudITWrapper#81 - Current directory: /home/ec2-user/Code/ufrgs-poc/contaudit-wrapper.jar
2024-10-10 03:41:23,999 INFO - ContAudITWrapper#81 - Wrapper hash: b7519188ed863d76e5199a8d880bb968bdf9124fad53b871583787e123a7a764
2024-10-10 03:41:24,060 INFO - ContAudITWrapper#81 - Validating Wrapper...
2024-10-10 03:42:17,843 INFO - ContAudITWrapper#81 - Response true
2024-10-10 03:42:18,041 INFO - ContAudITWrapper#81 - Application hash: e36ee2d35f8c4c41bd358782dfb3ac8852b40439d350ff27616f0c18819ce9bf
2024-10-10 03:42:18,048 INFO - ContAudITWrapper#81 - Validating Application...
2024-10-10 03:42:30,011 INFO - ContAudITWrapper#81 - Response true
2024-10-10 03:42:30,023 INFO - ContAudITWrapper#81 - Artifact user.workflow hash: 52877374d8c54314b7af92814eaf729121e99a87e9706a2888cd9bcd951b11c9
2024-10-10 03:42:30,033 INFO - ContAudITWrapper#81 - Validating Artifact...
2024-10-10 03:42:36,772 INFO - ContAudITWrapper#81 - Response true
2024-10-10 03:42:36,780 INFO - ContAudITWrapper#81 - Running pre-command actions...
2024-10-10 03:42:36,781 INFO - ContAudITWrapper#81 - Analyzing current environment state...
2024-10-10 03:42:36,936 INFO - ContAudITWrapper#81 - Saving current environment state...
2024-10-10 03:42:36,937 INFO - ContAudITWrapper#81 - Environment state hash: a7ffc6f8bf1ed76651c14756a061d662f580ff4de43b49fa82d80a4b80f8434a
2024-10-10 03:42:36,937 INFO - ContAudITWrapper#81 - Executing command...
2024-10-10 03:42:39,123 INFO - ContAudITWrapper#81 - Command output: 
2024-10-10 03:42:37.045580362 [executor] Initializing the workflow...
[useradd_workflow] User contaudit81 does not exist. Creating...
[useradd_workflow] User contaudit81 created successfully.
2024-10-10 03:42:39.122379751 [executor] Finished!

2024-10-10 03:42:39,124 INFO - ContAudITWrapper#81 - Running post-command actions...
2024-10-10 03:42:39,124 INFO - ContAudITWrapper#81 - Analyzing current environment state...
2024-10-10 03:42:39,281 INFO - ContAudITWrapper#81 - Saving current environment state...
2024-10-10 03:42:39,282 INFO - ContAudITWrapper#81 - Environment state hash: a7ffc6f8bf1ed76651c14756a061d662f580ff4de43b49fa82d80a4b80f8434a
2024-10-10 03:42:39,282 INFO - ContAudITWrapper#81 - Checking environment diff...
2024-10-10 03:42:39,387 INFO - ContAudITWrapper#81 - Environment diff: 
2024-10-10 03:42:39,387 INFO - ContAudITWrapper#81 - Cleaning temporary files...
2024-10-10 03:42:39,472 INFO - ContAudITWrapper#81 - Sending to blockchain...
2024-10-10 03:42:46,980 INFO - ContAudITWrapper#81 - Response 
2024-10-10 03:42:46,984 INFO - ContAudITWrapper#81 - Finishing ContAudIT Wrapper...
