2024-10-10 03:41:03,664 INFO - ContAudITWrapper#21 - Initializing ContAudIT Wrapper...
2024-10-10 03:41:03,792 INFO - ContAudITWrapper#21 - Current directory: /home/ec2-user/Code/ufrgs-poc/contaudit-wrapper.jar
2024-10-10 03:41:22,364 INFO - ContAudITWrapper#21 - Wrapper hash: b7519188ed863d76e5199a8d880bb968bdf9124fad53b871583787e123a7a764
2024-10-10 03:41:22,487 INFO - ContAudITWrapper#21 - Validating Wrapper...
2024-10-10 03:42:20,042 INFO - ContAudITWrapper#21 - Response true
2024-10-10 03:42:20,115 INFO - ContAudITWrapper#21 - Application hash: e36ee2d35f8c4c41bd358782dfb3ac8852b40439d350ff27616f0c18819ce9bf
2024-10-10 03:42:20,116 INFO - ContAudITWrapper#21 - Validating Application...
2024-10-10 03:42:30,824 INFO - ContAudITWrapper#21 - Response true
2024-10-10 03:42:30,826 INFO - ContAudITWrapper#21 - Artifact user.workflow hash: 52877374d8c54314b7af92814eaf729121e99a87e9706a2888cd9bcd951b11c9
2024-10-10 03:42:30,831 INFO - ContAudITWrapper#21 - Validating Artifact...
2024-10-10 03:42:40,424 INFO - ContAudITWrapper#21 - Response true
2024-10-10 03:42:40,431 INFO - ContAudITWrapper#21 - Running pre-command actions...
2024-10-10 03:42:40,436 INFO - ContAudITWrapper#21 - Analyzing current environment state...
2024-10-10 03:42:40,573 INFO - ContAudITWrapper#21 - Saving current environment state...
2024-10-10 03:42:40,574 INFO - ContAudITWrapper#21 - Environment state hash: a7ffc6f8bf1ed76651c14756a061d662f580ff4de43b49fa82d80a4b80f8434a
2024-10-10 03:42:40,574 INFO - ContAudITWrapper#21 - Executing command...
2024-10-10 03:42:50,085 INFO - ContAudITWrapper#21 - Command output: 
2024-10-10 03:42:40.772492090 [executor] Initializing the workflow...
[useradd_workflow] User contaudit21 already exists. Removing...
[useradd_workflow] User contaudit21 successfully removed.
[useradd_workflow] User contaudit21 created successfully.
2024-10-10 03:42:50.084594310 [executor] Finished!

2024-10-10 03:42:50,086 INFO - ContAudITWrapper#21 - Running post-command actions...
2024-10-10 03:42:50,086 INFO - ContAudITWrapper#21 - Analyzing current environment state...
2024-10-10 03:42:50,107 INFO - ContAudITWrapper#21 - Saving current environment state...
2024-10-10 03:42:50,108 INFO - ContAudITWrapper#21 - Environment state hash: a7ffc6f8bf1ed76651c14756a061d662f580ff4de43b49fa82d80a4b80f8434a
2024-10-10 03:42:50,111 INFO - ContAudITWrapper#21 - Checking environment diff...
2024-10-10 03:42:50,125 INFO - ContAudITWrapper#21 - Environment diff: 
2024-10-10 03:42:50,125 INFO - ContAudITWrapper#21 - Cleaning temporary files...
2024-10-10 03:42:50,130 INFO - ContAudITWrapper#21 - Sending to blockchain...
2024-10-10 03:42:53,137 INFO - ContAudITWrapper#21 - Response 
2024-10-10 03:42:53,140 INFO - ContAudITWrapper#21 - Finishing ContAudIT Wrapper...
