2024-10-10 03:41:01,759 INFO - ContAudITWrapper#15 - Initializing ContAudIT Wrapper...
2024-10-10 03:41:02,007 INFO - ContAudITWrapper#15 - Current directory: /home/ec2-user/Code/ufrgs-poc/contaudit-wrapper.jar
2024-10-10 03:41:19,340 INFO - ContAudITWrapper#15 - Wrapper hash: b7519188ed863d76e5199a8d880bb968bdf9124fad53b871583787e123a7a764
2024-10-10 03:41:19,353 INFO - ContAudITWrapper#15 - Validating Wrapper...
2024-10-10 03:42:08,675 INFO - ContAudITWrapper#15 - Response true
2024-10-10 03:42:08,764 INFO - ContAudITWrapper#15 - Application hash: e36ee2d35f8c4c41bd358782dfb3ac8852b40439d350ff27616f0c18819ce9bf
2024-10-10 03:42:08,823 INFO - ContAudITWrapper#15 - Validating Application...
2024-10-10 03:42:22,597 INFO - ContAudITWrapper#15 - Response true
2024-10-10 03:42:22,609 INFO - ContAudITWrapper#15 - Artifact user.workflow hash: 52877374d8c54314b7af92814eaf729121e99a87e9706a2888cd9bcd951b11c9
2024-10-10 03:42:22,704 INFO - ContAudITWrapper#15 - Validating Artifact...
2024-10-10 03:42:31,205 INFO - ContAudITWrapper#15 - Response true
2024-10-10 03:42:31,214 INFO - ContAudITWrapper#15 - Running pre-command actions...
2024-10-10 03:42:31,216 INFO - ContAudITWrapper#15 - Analyzing current environment state...
2024-10-10 03:42:31,562 INFO - ContAudITWrapper#15 - Saving current environment state...
2024-10-10 03:42:31,563 INFO - ContAudITWrapper#15 - Environment state hash: a7ffc6f8bf1ed76651c14756a061d662f580ff4de43b49fa82d80a4b80f8434a
2024-10-10 03:42:31,564 INFO - ContAudITWrapper#15 - Executing command...
2024-10-10 03:42:34,672 INFO - ContAudITWrapper#15 - Command output: 
2024-10-10 03:42:31.697652904 [executor] Initializing the workflow...
[useradd_workflow] User contaudit15 already exists. Removing...
[useradd_workflow] User contaudit15 successfully removed.
[useradd_workflow] User contaudit15 created successfully.
2024-10-10 03:42:34.671248246 [executor] Finished!

2024-10-10 03:42:34,672 INFO - ContAudITWrapper#15 - Running post-command actions...
2024-10-10 03:42:34,672 INFO - ContAudITWrapper#15 - Analyzing current environment state...
2024-10-10 03:42:34,840 INFO - ContAudITWrapper#15 - Saving current environment state...
2024-10-10 03:42:34,841 INFO - ContAudITWrapper#15 - Environment state hash: a7ffc6f8bf1ed76651c14756a061d662f580ff4de43b49fa82d80a4b80f8434a
2024-10-10 03:42:34,841 INFO - ContAudITWrapper#15 - Checking environment diff...
2024-10-10 03:42:34,922 INFO - ContAudITWrapper#15 - Environment diff: 
2024-10-10 03:42:34,923 INFO - ContAudITWrapper#15 - Cleaning temporary files...
2024-10-10 03:42:34,977 INFO - ContAudITWrapper#15 - Sending to blockchain...
2024-10-10 03:42:45,643 INFO - ContAudITWrapper#15 - Response 
2024-10-10 03:42:45,645 INFO - ContAudITWrapper#15 - Finishing ContAudIT Wrapper...
