2024-10-10 03:41:01,897 INFO - ContAudITWrapper#3 - Initializing ContAudIT Wrapper...
2024-10-10 03:41:02,135 INFO - ContAudITWrapper#3 - Current directory: /home/ec2-user/Code/ufrgs-poc/contaudit-wrapper.jar
2024-10-10 03:41:19,852 INFO - ContAudITWrapper#3 - Wrapper hash: b7519188ed863d76e5199a8d880bb968bdf9124fad53b871583787e123a7a764
2024-10-10 03:41:19,930 INFO - ContAudITWrapper#3 - Validating Wrapper...
2024-10-10 03:42:11,608 INFO - ContAudITWrapper#3 - Response true
2024-10-10 03:42:11,721 INFO - ContAudITWrapper#3 - Application hash: e36ee2d35f8c4c41bd358782dfb3ac8852b40439d350ff27616f0c18819ce9bf
2024-10-10 03:42:11,731 INFO - ContAudITWrapper#3 - Validating Application...
2024-10-10 03:42:24,920 INFO - ContAudITWrapper#3 - Response true
2024-10-10 03:42:24,923 INFO - ContAudITWrapper#3 - Artifact user.workflow hash: 52877374d8c54314b7af92814eaf729121e99a87e9706a2888cd9bcd951b11c9
2024-10-10 03:42:24,958 INFO - ContAudITWrapper#3 - Validating Artifact...
2024-10-10 03:42:36,892 INFO - ContAudITWrapper#3 - Response true
2024-10-10 03:42:36,904 INFO - ContAudITWrapper#3 - Running pre-command actions...
2024-10-10 03:42:36,905 INFO - ContAudITWrapper#3 - Analyzing current environment state...
2024-10-10 03:42:36,996 INFO - ContAudITWrapper#3 - Saving current environment state...
2024-10-10 03:42:36,997 INFO - ContAudITWrapper#3 - Environment state hash: a7ffc6f8bf1ed76651c14756a061d662f580ff4de43b49fa82d80a4b80f8434a
2024-10-10 03:42:36,997 INFO - ContAudITWrapper#3 - Executing command...
2024-10-10 03:42:43,431 INFO - ContAudITWrapper#3 - Command output: 
2024-10-10 03:42:37.077108740 [executor] Initializing the workflow...
[useradd_workflow] User contaudit3 already exists. Removing...
[useradd_workflow] User contaudit3 successfully removed.
[useradd_workflow] User contaudit3 created successfully.
2024-10-10 03:42:43.430017102 [executor] Finished!

2024-10-10 03:42:43,431 INFO - ContAudITWrapper#3 - Running post-command actions...
2024-10-10 03:42:43,431 INFO - ContAudITWrapper#3 - Analyzing current environment state...
2024-10-10 03:42:43,493 INFO - ContAudITWrapper#3 - Saving current environment state...
2024-10-10 03:42:43,494 INFO - ContAudITWrapper#3 - Environment state hash: a7ffc6f8bf1ed76651c14756a061d662f580ff4de43b49fa82d80a4b80f8434a
2024-10-10 03:42:43,495 INFO - ContAudITWrapper#3 - Checking environment diff...
2024-10-10 03:42:43,594 INFO - ContAudITWrapper#3 - Environment diff: 
2024-10-10 03:42:43,594 INFO - ContAudITWrapper#3 - Cleaning temporary files...
2024-10-10 03:42:43,671 INFO - ContAudITWrapper#3 - Sending to blockchain...
2024-10-10 03:42:47,048 INFO - ContAudITWrapper#3 - Response 
2024-10-10 03:42:47,052 INFO - ContAudITWrapper#3 - Finishing ContAudIT Wrapper...
