2024-10-10 03:41:02,687 INFO - ContAudITWrapper#69 - Initializing ContAudIT Wrapper...
2024-10-10 03:41:02,871 INFO - ContAudITWrapper#69 - Current directory: /home/ec2-user/Code/ufrgs-poc/contaudit-wrapper.jar
2024-10-10 03:41:23,924 INFO - ContAudITWrapper#69 - Wrapper hash: b7519188ed863d76e5199a8d880bb968bdf9124fad53b871583787e123a7a764
2024-10-10 03:41:23,933 INFO - ContAudITWrapper#69 - Validating Wrapper...
2024-10-10 03:42:22,637 INFO - ContAudITWrapper#69 - Response true
2024-10-10 03:42:22,794 INFO - ContAudITWrapper#69 - Application hash: e36ee2d35f8c4c41bd358782dfb3ac8852b40439d350ff27616f0c18819ce9bf
2024-10-10 03:42:22,801 INFO - ContAudITWrapper#69 - Validating Application...
2024-10-10 03:42:35,283 INFO - ContAudITWrapper#69 - Response true
2024-10-10 03:42:35,312 INFO - ContAudITWrapper#69 - Artifact user.workflow hash: 52877374d8c54314b7af92814eaf729121e99a87e9706a2888cd9bcd951b11c9
2024-10-10 03:42:35,319 INFO - ContAudITWrapper#69 - Validating Artifact...
2024-10-10 03:42:45,132 INFO - ContAudITWrapper#69 - Response true
2024-10-10 03:42:45,135 INFO - ContAudITWrapper#69 - Running pre-command actions...
2024-10-10 03:42:45,141 INFO - ContAudITWrapper#69 - Analyzing current environment state...
2024-10-10 03:42:45,176 INFO - ContAudITWrapper#69 - Saving current environment state...
2024-10-10 03:42:45,177 INFO - ContAudITWrapper#69 - Environment state hash: a7ffc6f8bf1ed76651c14756a061d662f580ff4de43b49fa82d80a4b80f8434a
2024-10-10 03:42:45,177 INFO - ContAudITWrapper#69 - Executing command...
2024-10-10 03:42:55,037 INFO - ContAudITWrapper#69 - Command output: 
2024-10-10 03:42:45.203955115 [executor] Initializing the workflow...
[useradd_workflow] User contaudit69 already exists. Removing...
[useradd_workflow] User contaudit69 successfully removed.
[useradd_workflow] User contaudit69 created successfully.
2024-10-10 03:42:55.036383808 [executor] Finished!

2024-10-10 03:42:55,037 INFO - ContAudITWrapper#69 - Running post-command actions...
2024-10-10 03:42:55,037 INFO - ContAudITWrapper#69 - Analyzing current environment state...
2024-10-10 03:42:55,113 INFO - ContAudITWrapper#69 - Saving current environment state...
2024-10-10 03:42:55,113 INFO - ContAudITWrapper#69 - Environment state hash: a7ffc6f8bf1ed76651c14756a061d662f580ff4de43b49fa82d80a4b80f8434a
2024-10-10 03:42:55,113 INFO - ContAudITWrapper#69 - Checking environment diff...
2024-10-10 03:42:55,151 INFO - ContAudITWrapper#69 - Environment diff: 
2024-10-10 03:42:55,152 INFO - ContAudITWrapper#69 - Cleaning temporary files...
2024-10-10 03:42:55,221 INFO - ContAudITWrapper#69 - Sending to blockchain...
2024-10-10 03:42:58,618 INFO - ContAudITWrapper#69 - Response 
2024-10-10 03:42:58,619 INFO - ContAudITWrapper#69 - Finishing ContAudIT Wrapper...
