2024-10-10 03:41:02,995 INFO - ContAudITWrapper#84 - Initializing ContAudIT Wrapper...
2024-10-10 03:41:03,193 INFO - ContAudITWrapper#84 - Current directory: /home/ec2-user/Code/ufrgs-poc/contaudit-wrapper.jar
2024-10-10 03:41:21,839 INFO - ContAudITWrapper#84 - Wrapper hash: b7519188ed863d76e5199a8d880bb968bdf9124fad53b871583787e123a7a764
2024-10-10 03:41:21,919 INFO - ContAudITWrapper#84 - Validating Wrapper...
2024-10-10 03:42:21,194 INFO - ContAudITWrapper#84 - Response true
2024-10-10 03:42:21,383 INFO - ContAudITWrapper#84 - Application hash: e36ee2d35f8c4c41bd358782dfb3ac8852b40439d350ff27616f0c18819ce9bf
2024-10-10 03:42:21,384 INFO - ContAudITWrapper#84 - Validating Application...
2024-10-10 03:42:29,363 INFO - ContAudITWrapper#84 - Response true
2024-10-10 03:42:29,374 INFO - ContAudITWrapper#84 - Artifact user.workflow hash: 52877374d8c54314b7af92814eaf729121e99a87e9706a2888cd9bcd951b11c9
2024-10-10 03:42:29,379 INFO - ContAudITWrapper#84 - Validating Artifact...
2024-10-10 03:42:40,747 INFO - ContAudITWrapper#84 - Response true
2024-10-10 03:42:40,763 INFO - ContAudITWrapper#84 - Running pre-command actions...
2024-10-10 03:42:40,764 INFO - ContAudITWrapper#84 - Analyzing current environment state...
2024-10-10 03:42:40,935 INFO - ContAudITWrapper#84 - Saving current environment state...
2024-10-10 03:42:40,936 INFO - ContAudITWrapper#84 - Environment state hash: a7ffc6f8bf1ed76651c14756a061d662f580ff4de43b49fa82d80a4b80f8434a
2024-10-10 03:42:40,936 INFO - ContAudITWrapper#84 - Executing command...
2024-10-10 03:42:45,819 INFO - ContAudITWrapper#84 - Command output: 
2024-10-10 03:42:41.281146499 [executor] Initializing the workflow...
[useradd_workflow] User contaudit84 does not exist. Creating...
[useradd_workflow] User contaudit84 created successfully.
2024-10-10 03:42:45.819047607 [executor] Finished!

2024-10-10 03:42:45,819 INFO - ContAudITWrapper#84 - Running post-command actions...
2024-10-10 03:42:45,819 INFO - ContAudITWrapper#84 - Analyzing current environment state...
2024-10-10 03:42:45,825 INFO - ContAudITWrapper#84 - Saving current environment state...
2024-10-10 03:42:45,826 INFO - ContAudITWrapper#84 - Environment state hash: a7ffc6f8bf1ed76651c14756a061d662f580ff4de43b49fa82d80a4b80f8434a
2024-10-10 03:42:45,826 INFO - ContAudITWrapper#84 - Checking environment diff...
2024-10-10 03:42:45,832 INFO - ContAudITWrapper#84 - Environment diff: 
2024-10-10 03:42:45,833 INFO - ContAudITWrapper#84 - Cleaning temporary files...
2024-10-10 03:42:45,837 INFO - ContAudITWrapper#84 - Sending to blockchain...
2024-10-10 03:42:47,036 INFO - ContAudITWrapper#84 - Response 
2024-10-10 03:42:47,038 INFO - ContAudITWrapper#84 - Finishing ContAudIT Wrapper...
