2024-10-10 03:41:03,483 INFO - ContAudITWrapper#48 - Initializing ContAudIT Wrapper...
2024-10-10 03:41:03,604 INFO - ContAudITWrapper#48 - Current directory: /home/ec2-user/Code/ufrgs-poc/contaudit-wrapper.jar
2024-10-10 03:41:24,373 INFO - ContAudITWrapper#48 - Wrapper hash: b7519188ed863d76e5199a8d880bb968bdf9124fad53b871583787e123a7a764
2024-10-10 03:41:24,436 INFO - ContAudITWrapper#48 - Validating Wrapper...
2024-10-10 03:42:20,993 INFO - ContAudITWrapper#48 - Response true
2024-10-10 03:42:21,028 INFO - ContAudITWrapper#48 - Application hash: e36ee2d35f8c4c41bd358782dfb3ac8852b40439d350ff27616f0c18819ce9bf
2024-10-10 03:42:21,029 INFO - ContAudITWrapper#48 - Validating Application...
2024-10-10 03:42:32,746 INFO - ContAudITWrapper#48 - Response true
2024-10-10 03:42:32,749 INFO - ContAudITWrapper#48 - Artifact user.workflow hash: 52877374d8c54314b7af92814eaf729121e99a87e9706a2888cd9bcd951b11c9
2024-10-10 03:42:32,760 INFO - ContAudITWrapper#48 - Validating Artifact...
2024-10-10 03:42:41,366 INFO - ContAudITWrapper#48 - Response true
2024-10-10 03:42:41,377 INFO - ContAudITWrapper#48 - Running pre-command actions...
2024-10-10 03:42:41,379 INFO - ContAudITWrapper#48 - Analyzing current environment state...
2024-10-10 03:42:41,593 INFO - ContAudITWrapper#48 - Saving current environment state...
2024-10-10 03:42:41,594 INFO - ContAudITWrapper#48 - Environment state hash: a7ffc6f8bf1ed76651c14756a061d662f580ff4de43b49fa82d80a4b80f8434a
2024-10-10 03:42:41,594 INFO - ContAudITWrapper#48 - Executing command...
2024-10-10 03:42:51,452 INFO - ContAudITWrapper#48 - Command output: 
2024-10-10 03:42:41.746652447 [executor] Initializing the workflow...
[useradd_workflow] User contaudit48 already exists. Removing...
[useradd_workflow] User contaudit48 successfully removed.
[useradd_workflow] User contaudit48 created successfully.
2024-10-10 03:42:51.450707598 [executor] Finished!

2024-10-10 03:42:51,452 INFO - ContAudITWrapper#48 - Running post-command actions...
2024-10-10 03:42:51,452 INFO - ContAudITWrapper#48 - Analyzing current environment state...
2024-10-10 03:42:51,478 INFO - ContAudITWrapper#48 - Saving current environment state...
2024-10-10 03:42:51,478 INFO - ContAudITWrapper#48 - Environment state hash: a7ffc6f8bf1ed76651c14756a061d662f580ff4de43b49fa82d80a4b80f8434a
2024-10-10 03:42:51,478 INFO - ContAudITWrapper#48 - Checking environment diff...
2024-10-10 03:42:51,482 INFO - ContAudITWrapper#48 - Environment diff: 
2024-10-10 03:42:51,482 INFO - ContAudITWrapper#48 - Cleaning temporary files...
2024-10-10 03:42:51,491 INFO - ContAudITWrapper#48 - Sending to blockchain...
2024-10-10 03:42:54,895 INFO - ContAudITWrapper#48 - Response 
2024-10-10 03:42:54,897 INFO - ContAudITWrapper#48 - Finishing ContAudIT Wrapper...
