2024-10-10 03:41:02,999 INFO - ContAudITWrapper#2 - Initializing ContAudIT Wrapper...
2024-10-10 03:41:03,262 INFO - ContAudITWrapper#2 - Current directory: /home/ec2-user/Code/ufrgs-poc/contaudit-wrapper.jar
2024-10-10 03:41:21,716 INFO - ContAudITWrapper#2 - Wrapper hash: b7519188ed863d76e5199a8d880bb968bdf9124fad53b871583787e123a7a764
2024-10-10 03:41:21,753 INFO - ContAudITWrapper#2 - Validating Wrapper...
2024-10-10 03:42:18,094 INFO - ContAudITWrapper#2 - Response true
2024-10-10 03:42:18,237 INFO - ContAudITWrapper#2 - Application hash: e36ee2d35f8c4c41bd358782dfb3ac8852b40439d350ff27616f0c18819ce9bf
2024-10-10 03:42:18,239 INFO - ContAudITWrapper#2 - Validating Application...
2024-10-10 03:42:27,806 INFO - ContAudITWrapper#2 - Response true
2024-10-10 03:42:27,827 INFO - ContAudITWrapper#2 - Artifact user.workflow hash: 52877374d8c54314b7af92814eaf729121e99a87e9706a2888cd9bcd951b11c9
2024-10-10 03:42:27,849 INFO - ContAudITWrapper#2 - Validating Artifact...
2024-10-10 03:42:39,699 INFO - ContAudITWrapper#2 - Response true
2024-10-10 03:42:39,719 INFO - ContAudITWrapper#2 - Running pre-command actions...
2024-10-10 03:42:39,720 INFO - ContAudITWrapper#2 - Analyzing current environment state...
2024-10-10 03:42:39,900 INFO - ContAudITWrapper#2 - Saving current environment state...
2024-10-10 03:42:39,902 INFO - ContAudITWrapper#2 - Environment state hash: a7ffc6f8bf1ed76651c14756a061d662f580ff4de43b49fa82d80a4b80f8434a
2024-10-10 03:42:39,903 INFO - ContAudITWrapper#2 - Executing command...
2024-10-10 03:42:49,541 INFO - ContAudITWrapper#2 - Command output: 
2024-10-10 03:42:40.001468126 [executor] Initializing the workflow...
[useradd_workflow] User contaudit2 already exists. Removing...
[useradd_workflow] User contaudit2 successfully removed.
[useradd_workflow] User contaudit2 created successfully.
2024-10-10 03:42:49.540086924 [executor] Finished!

2024-10-10 03:42:49,541 INFO - ContAudITWrapper#2 - Running post-command actions...
2024-10-10 03:42:49,541 INFO - ContAudITWrapper#2 - Analyzing current environment state...
2024-10-10 03:42:49,549 INFO - ContAudITWrapper#2 - Saving current environment state...
2024-10-10 03:42:49,549 INFO - ContAudITWrapper#2 - Environment state hash: a7ffc6f8bf1ed76651c14756a061d662f580ff4de43b49fa82d80a4b80f8434a
2024-10-10 03:42:49,550 INFO - ContAudITWrapper#2 - Checking environment diff...
2024-10-10 03:42:49,553 INFO - ContAudITWrapper#2 - Environment diff: 
2024-10-10 03:42:49,554 INFO - ContAudITWrapper#2 - Cleaning temporary files...
2024-10-10 03:42:49,561 INFO - ContAudITWrapper#2 - Sending to blockchain...
2024-10-10 03:42:51,461 INFO - ContAudITWrapper#2 - Response 
2024-10-10 03:42:51,463 INFO - ContAudITWrapper#2 - Finishing ContAudIT Wrapper...
