2024-10-10 03:41:02,447 INFO - ContAudITWrapper#55 - Initializing ContAudIT Wrapper...
2024-10-10 03:41:02,581 INFO - ContAudITWrapper#55 - Current directory: /home/ec2-user/Code/ufrgs-poc/contaudit-wrapper.jar
2024-10-10 03:41:21,621 INFO - ContAudITWrapper#55 - Wrapper hash: b7519188ed863d76e5199a8d880bb968bdf9124fad53b871583787e123a7a764
2024-10-10 03:41:21,629 INFO - ContAudITWrapper#55 - Validating Wrapper...
2024-10-10 03:42:16,698 INFO - ContAudITWrapper#55 - Response true
2024-10-10 03:42:16,811 INFO - ContAudITWrapper#55 - Application hash: e36ee2d35f8c4c41bd358782dfb3ac8852b40439d350ff27616f0c18819ce9bf
2024-10-10 03:42:16,812 INFO - ContAudITWrapper#55 - Validating Application...
2024-10-10 03:42:31,487 INFO - ContAudITWrapper#55 - Response true
2024-10-10 03:42:31,493 INFO - ContAudITWrapper#55 - Artifact user.workflow hash: 52877374d8c54314b7af92814eaf729121e99a87e9706a2888cd9bcd951b11c9
2024-10-10 03:42:31,499 INFO - ContAudITWrapper#55 - Validating Artifact...
2024-10-10 03:42:41,348 INFO - ContAudITWrapper#55 - Response true
2024-10-10 03:42:41,369 INFO - ContAudITWrapper#55 - Running pre-command actions...
2024-10-10 03:42:41,371 INFO - ContAudITWrapper#55 - Analyzing current environment state...
2024-10-10 03:42:41,664 INFO - ContAudITWrapper#55 - Saving current environment state...
2024-10-10 03:42:41,665 INFO - ContAudITWrapper#55 - Environment state hash: a7ffc6f8bf1ed76651c14756a061d662f580ff4de43b49fa82d80a4b80f8434a
2024-10-10 03:42:41,665 INFO - ContAudITWrapper#55 - Executing command...
2024-10-10 03:42:50,628 INFO - ContAudITWrapper#55 - Command output: 
2024-10-10 03:42:42.015502968 [executor] Initializing the workflow...
[useradd_workflow] User contaudit55 already exists. Removing...
[useradd_workflow] User contaudit55 successfully removed.
[useradd_workflow] User contaudit55 created successfully.
2024-10-10 03:42:50.627812791 [executor] Finished!

2024-10-10 03:42:50,628 INFO - ContAudITWrapper#55 - Running post-command actions...
2024-10-10 03:42:50,628 INFO - ContAudITWrapper#55 - Analyzing current environment state...
2024-10-10 03:42:50,643 INFO - ContAudITWrapper#55 - Saving current environment state...
2024-10-10 03:42:50,643 INFO - ContAudITWrapper#55 - Environment state hash: a7ffc6f8bf1ed76651c14756a061d662f580ff4de43b49fa82d80a4b80f8434a
2024-10-10 03:42:50,643 INFO - ContAudITWrapper#55 - Checking environment diff...
2024-10-10 03:42:50,654 INFO - ContAudITWrapper#55 - Environment diff: 
2024-10-10 03:42:50,654 INFO - ContAudITWrapper#55 - Cleaning temporary files...
2024-10-10 03:42:50,661 INFO - ContAudITWrapper#55 - Sending to blockchain...
2024-10-10 03:42:54,677 INFO - ContAudITWrapper#55 - Response 
2024-10-10 03:42:54,678 INFO - ContAudITWrapper#55 - Finishing ContAudIT Wrapper...
