2024-10-10 03:41:02,702 INFO - ContAudITWrapper#46 - Initializing ContAudIT Wrapper...
2024-10-10 03:41:02,912 INFO - ContAudITWrapper#46 - Current directory: /home/ec2-user/Code/ufrgs-poc/contaudit-wrapper.jar
2024-10-10 03:41:20,977 INFO - ContAudITWrapper#46 - Wrapper hash: b7519188ed863d76e5199a8d880bb968bdf9124fad53b871583787e123a7a764
2024-10-10 03:41:21,032 INFO - ContAudITWrapper#46 - Validating Wrapper...
2024-10-10 03:42:16,127 INFO - ContAudITWrapper#46 - Response true
2024-10-10 03:42:16,472 INFO - ContAudITWrapper#46 - Application hash: e36ee2d35f8c4c41bd358782dfb3ac8852b40439d350ff27616f0c18819ce9bf
2024-10-10 03:42:16,473 INFO - ContAudITWrapper#46 - Validating Application...
2024-10-10 03:42:27,905 INFO - ContAudITWrapper#46 - Response true
2024-10-10 03:42:28,012 INFO - ContAudITWrapper#46 - Artifact user.workflow hash: 52877374d8c54314b7af92814eaf729121e99a87e9706a2888cd9bcd951b11c9
2024-10-10 03:42:28,018 INFO - ContAudITWrapper#46 - Validating Artifact...
2024-10-10 03:42:37,252 INFO - ContAudITWrapper#46 - Response true
2024-10-10 03:42:37,318 INFO - ContAudITWrapper#46 - Running pre-command actions...
2024-10-10 03:42:37,319 INFO - ContAudITWrapper#46 - Analyzing current environment state...
2024-10-10 03:42:37,507 INFO - ContAudITWrapper#46 - Saving current environment state...
2024-10-10 03:42:37,508 INFO - ContAudITWrapper#46 - Environment state hash: a7ffc6f8bf1ed76651c14756a061d662f580ff4de43b49fa82d80a4b80f8434a
2024-10-10 03:42:37,509 INFO - ContAudITWrapper#46 - Executing command...
2024-10-10 03:42:46,573 INFO - ContAudITWrapper#46 - Command output: 
2024-10-10 03:42:37.590674229 [executor] Initializing the workflow...
[useradd_workflow] User contaudit46 already exists. Removing...
[useradd_workflow] User contaudit46 successfully removed.
[useradd_workflow] User contaudit46 created successfully.
2024-10-10 03:42:46.573123290 [executor] Finished!

2024-10-10 03:42:46,573 INFO - ContAudITWrapper#46 - Running post-command actions...
2024-10-10 03:42:46,574 INFO - ContAudITWrapper#46 - Analyzing current environment state...
2024-10-10 03:42:46,580 INFO - ContAudITWrapper#46 - Saving current environment state...
2024-10-10 03:42:46,580 INFO - ContAudITWrapper#46 - Environment state hash: a7ffc6f8bf1ed76651c14756a061d662f580ff4de43b49fa82d80a4b80f8434a
2024-10-10 03:42:46,580 INFO - ContAudITWrapper#46 - Checking environment diff...
2024-10-10 03:42:46,584 INFO - ContAudITWrapper#46 - Environment diff: 
2024-10-10 03:42:46,584 INFO - ContAudITWrapper#46 - Cleaning temporary files...
2024-10-10 03:42:46,587 INFO - ContAudITWrapper#46 - Sending to blockchain...
2024-10-10 03:42:49,280 INFO - ContAudITWrapper#46 - Response 
2024-10-10 03:42:49,281 INFO - ContAudITWrapper#46 - Finishing ContAudIT Wrapper...
