2024-10-10 03:41:02,136 INFO - ContAudITWrapper#25 - Initializing ContAudIT Wrapper...
2024-10-10 03:41:02,326 INFO - ContAudITWrapper#25 - Current directory: /home/ec2-user/Code/ufrgs-poc/contaudit-wrapper.jar
2024-10-10 03:41:16,570 INFO - ContAudITWrapper#25 - Wrapper hash: b7519188ed863d76e5199a8d880bb968bdf9124fad53b871583787e123a7a764
2024-10-10 03:41:16,578 INFO - ContAudITWrapper#25 - Validating Wrapper...
2024-10-10 03:42:02,057 INFO - ContAudITWrapper#25 - Response true
2024-10-10 03:42:02,231 INFO - ContAudITWrapper#25 - Application hash: e36ee2d35f8c4c41bd358782dfb3ac8852b40439d350ff27616f0c18819ce9bf
2024-10-10 03:42:02,234 INFO - ContAudITWrapper#25 - Validating Application...
2024-10-10 03:42:14,645 INFO - ContAudITWrapper#25 - Response true
2024-10-10 03:42:14,661 INFO - ContAudITWrapper#25 - Artifact user.workflow hash: 52877374d8c54314b7af92814eaf729121e99a87e9706a2888cd9bcd951b11c9
2024-10-10 03:42:14,681 INFO - ContAudITWrapper#25 - Validating Artifact...
2024-10-10 03:42:25,697 INFO - ContAudITWrapper#25 - Response true
2024-10-10 03:42:25,709 INFO - ContAudITWrapper#25 - Running pre-command actions...
2024-10-10 03:42:25,711 INFO - ContAudITWrapper#25 - Analyzing current environment state...
2024-10-10 03:42:25,786 INFO - ContAudITWrapper#25 - Saving current environment state...
2024-10-10 03:42:25,787 INFO - ContAudITWrapper#25 - Environment state hash: a7ffc6f8bf1ed76651c14756a061d662f580ff4de43b49fa82d80a4b80f8434a
2024-10-10 03:42:25,787 INFO - ContAudITWrapper#25 - Executing command...
2024-10-10 03:42:29,656 INFO - ContAudITWrapper#25 - Command output: 
2024-10-10 03:42:25.878049188 [executor] Initializing the workflow...
[useradd_workflow] User contaudit25 already exists. Removing...
[useradd_workflow] User contaudit25 successfully removed.
[useradd_workflow] User contaudit25 created successfully.
2024-10-10 03:42:29.655023530 [executor] Finished!

2024-10-10 03:42:29,656 INFO - ContAudITWrapper#25 - Running post-command actions...
2024-10-10 03:42:29,656 INFO - ContAudITWrapper#25 - Analyzing current environment state...
2024-10-10 03:42:29,739 INFO - ContAudITWrapper#25 - Saving current environment state...
2024-10-10 03:42:29,740 INFO - ContAudITWrapper#25 - Environment state hash: a7ffc6f8bf1ed76651c14756a061d662f580ff4de43b49fa82d80a4b80f8434a
2024-10-10 03:42:29,740 INFO - ContAudITWrapper#25 - Checking environment diff...
2024-10-10 03:42:29,785 INFO - ContAudITWrapper#25 - Environment diff: 
2024-10-10 03:42:29,785 INFO - ContAudITWrapper#25 - Cleaning temporary files...
2024-10-10 03:42:29,859 INFO - ContAudITWrapper#25 - Sending to blockchain...
2024-10-10 03:42:42,214 INFO - ContAudITWrapper#25 - Response 
2024-10-10 03:42:42,216 INFO - ContAudITWrapper#25 - Finishing ContAudIT Wrapper...
