2024-10-10 03:41:02,733 INFO - ContAudITWrapper#83 - Initializing ContAudIT Wrapper...
2024-10-10 03:41:02,991 INFO - ContAudITWrapper#83 - Current directory: /home/ec2-user/Code/ufrgs-poc/contaudit-wrapper.jar
2024-10-10 03:41:25,599 INFO - ContAudITWrapper#83 - Wrapper hash: b7519188ed863d76e5199a8d880bb968bdf9124fad53b871583787e123a7a764
2024-10-10 03:41:25,652 INFO - ContAudITWrapper#83 - Validating Wrapper...
2024-10-10 03:42:24,231 INFO - ContAudITWrapper#83 - Response true
2024-10-10 03:42:24,423 INFO - ContAudITWrapper#83 - Application hash: e36ee2d35f8c4c41bd358782dfb3ac8852b40439d350ff27616f0c18819ce9bf
2024-10-10 03:42:24,424 INFO - ContAudITWrapper#83 - Validating Application...
2024-10-10 03:42:35,484 INFO - ContAudITWrapper#83 - Response true
2024-10-10 03:42:35,507 INFO - ContAudITWrapper#83 - Artifact user.workflow hash: 52877374d8c54314b7af92814eaf729121e99a87e9706a2888cd9bcd951b11c9
2024-10-10 03:42:35,533 INFO - ContAudITWrapper#83 - Validating Artifact...
2024-10-10 03:42:43,949 INFO - ContAudITWrapper#83 - Response true
2024-10-10 03:42:43,961 INFO - ContAudITWrapper#83 - Running pre-command actions...
2024-10-10 03:42:43,963 INFO - ContAudITWrapper#83 - Analyzing current environment state...
2024-10-10 03:42:44,084 INFO - ContAudITWrapper#83 - Saving current environment state...
2024-10-10 03:42:44,085 INFO - ContAudITWrapper#83 - Environment state hash: a7ffc6f8bf1ed76651c14756a061d662f580ff4de43b49fa82d80a4b80f8434a
2024-10-10 03:42:44,085 INFO - ContAudITWrapper#83 - Executing command...
2024-10-10 03:42:48,388 INFO - ContAudITWrapper#83 - Command output: 
2024-10-10 03:42:44.152856221 [executor] Initializing the workflow...
[useradd_workflow] User contaudit83 does not exist. Creating...
[useradd_workflow] User contaudit83 created successfully.
2024-10-10 03:42:48.387662137 [executor] Finished!

2024-10-10 03:42:48,388 INFO - ContAudITWrapper#83 - Running post-command actions...
2024-10-10 03:42:48,388 INFO - ContAudITWrapper#83 - Analyzing current environment state...
2024-10-10 03:42:48,393 INFO - ContAudITWrapper#83 - Saving current environment state...
2024-10-10 03:42:48,394 INFO - ContAudITWrapper#83 - Environment state hash: a7ffc6f8bf1ed76651c14756a061d662f580ff4de43b49fa82d80a4b80f8434a
2024-10-10 03:42:48,394 INFO - ContAudITWrapper#83 - Checking environment diff...
2024-10-10 03:42:48,397 INFO - ContAudITWrapper#83 - Environment diff: 
2024-10-10 03:42:48,397 INFO - ContAudITWrapper#83 - Cleaning temporary files...
2024-10-10 03:42:48,400 INFO - ContAudITWrapper#83 - Sending to blockchain...
2024-10-10 03:42:51,441 INFO - ContAudITWrapper#83 - Response 
2024-10-10 03:42:51,443 INFO - ContAudITWrapper#83 - Finishing ContAudIT Wrapper...
