2024-10-10 03:41:01,621 INFO - ContAudITWrapper#4 - Initializing ContAudIT Wrapper...
2024-10-10 03:41:01,795 INFO - ContAudITWrapper#4 - Current directory: /home/ec2-user/Code/ufrgs-poc/contaudit-wrapper.jar
2024-10-10 03:41:23,964 INFO - ContAudITWrapper#4 - Wrapper hash: b7519188ed863d76e5199a8d880bb968bdf9124fad53b871583787e123a7a764
2024-10-10 03:41:23,971 INFO - ContAudITWrapper#4 - Validating Wrapper...
2024-10-10 03:42:23,506 INFO - ContAudITWrapper#4 - Response true
2024-10-10 03:42:23,588 INFO - ContAudITWrapper#4 - Application hash: e36ee2d35f8c4c41bd358782dfb3ac8852b40439d350ff27616f0c18819ce9bf
2024-10-10 03:42:23,590 INFO - ContAudITWrapper#4 - Validating Application...
2024-10-10 03:42:34,588 INFO - ContAudITWrapper#4 - Response true
2024-10-10 03:42:34,614 INFO - ContAudITWrapper#4 - Artifact user.workflow hash: 52877374d8c54314b7af92814eaf729121e99a87e9706a2888cd9bcd951b11c9
2024-10-10 03:42:34,661 INFO - ContAudITWrapper#4 - Validating Artifact...
2024-10-10 03:42:42,924 INFO - ContAudITWrapper#4 - Response true
2024-10-10 03:42:42,933 INFO - ContAudITWrapper#4 - Running pre-command actions...
2024-10-10 03:42:42,935 INFO - ContAudITWrapper#4 - Analyzing current environment state...
2024-10-10 03:42:43,079 INFO - ContAudITWrapper#4 - Saving current environment state...
2024-10-10 03:42:43,080 INFO - ContAudITWrapper#4 - Environment state hash: a7ffc6f8bf1ed76651c14756a061d662f580ff4de43b49fa82d80a4b80f8434a
2024-10-10 03:42:43,080 INFO - ContAudITWrapper#4 - Executing command...
2024-10-10 03:42:51,556 INFO - ContAudITWrapper#4 - Command output: 
2024-10-10 03:42:43.192212100 [executor] Initializing the workflow...
[useradd_workflow] User contaudit4 already exists. Removing...
[useradd_workflow] User contaudit4 successfully removed.
[useradd_workflow] User contaudit4 created successfully.
2024-10-10 03:42:51.555368691 [executor] Finished!

2024-10-10 03:42:51,556 INFO - ContAudITWrapper#4 - Running post-command actions...
2024-10-10 03:42:51,556 INFO - ContAudITWrapper#4 - Analyzing current environment state...
2024-10-10 03:42:51,634 INFO - ContAudITWrapper#4 - Saving current environment state...
2024-10-10 03:42:51,634 INFO - ContAudITWrapper#4 - Environment state hash: a7ffc6f8bf1ed76651c14756a061d662f580ff4de43b49fa82d80a4b80f8434a
2024-10-10 03:42:51,635 INFO - ContAudITWrapper#4 - Checking environment diff...
2024-10-10 03:42:51,653 INFO - ContAudITWrapper#4 - Environment diff: 
2024-10-10 03:42:51,653 INFO - ContAudITWrapper#4 - Cleaning temporary files...
2024-10-10 03:42:51,672 INFO - ContAudITWrapper#4 - Sending to blockchain...
2024-10-10 03:42:56,195 INFO - ContAudITWrapper#4 - Response 
2024-10-10 03:42:56,196 INFO - ContAudITWrapper#4 - Finishing ContAudIT Wrapper...
