2024-10-10 03:41:02,752 INFO - ContAudITWrapper#29 - Initializing ContAudIT Wrapper...
2024-10-10 03:41:02,955 INFO - ContAudITWrapper#29 - Current directory: /home/ec2-user/Code/ufrgs-poc/contaudit-wrapper.jar
2024-10-10 03:41:22,550 INFO - ContAudITWrapper#29 - Wrapper hash: b7519188ed863d76e5199a8d880bb968bdf9124fad53b871583787e123a7a764
2024-10-10 03:41:22,558 INFO - ContAudITWrapper#29 - Validating Wrapper...
2024-10-10 03:42:21,941 INFO - ContAudITWrapper#29 - Response true
2024-10-10 03:42:22,065 INFO - ContAudITWrapper#29 - Application hash: e36ee2d35f8c4c41bd358782dfb3ac8852b40439d350ff27616f0c18819ce9bf
2024-10-10 03:42:22,137 INFO - ContAudITWrapper#29 - Validating Application...
2024-10-10 03:42:32,800 INFO - ContAudITWrapper#29 - Response true
2024-10-10 03:42:32,810 INFO - ContAudITWrapper#29 - Artifact user.workflow hash: 52877374d8c54314b7af92814eaf729121e99a87e9706a2888cd9bcd951b11c9
2024-10-10 03:42:32,820 INFO - ContAudITWrapper#29 - Validating Artifact...
2024-10-10 03:42:40,947 INFO - ContAudITWrapper#29 - Response true
2024-10-10 03:42:40,953 INFO - ContAudITWrapper#29 - Running pre-command actions...
2024-10-10 03:42:40,954 INFO - ContAudITWrapper#29 - Analyzing current environment state...
2024-10-10 03:42:41,078 INFO - ContAudITWrapper#29 - Saving current environment state...
2024-10-10 03:42:41,079 INFO - ContAudITWrapper#29 - Environment state hash: a7ffc6f8bf1ed76651c14756a061d662f580ff4de43b49fa82d80a4b80f8434a
2024-10-10 03:42:41,079 INFO - ContAudITWrapper#29 - Executing command...
2024-10-10 03:42:50,005 INFO - ContAudITWrapper#29 - Command output: 
2024-10-10 03:42:41.246321510 [executor] Initializing the workflow...
[useradd_workflow] User contaudit29 already exists. Removing...
[useradd_workflow] User contaudit29 successfully removed.
[useradd_workflow] User contaudit29 created successfully.
2024-10-10 03:42:50.005232373 [executor] Finished!

2024-10-10 03:42:50,006 INFO - ContAudITWrapper#29 - Running post-command actions...
2024-10-10 03:42:50,006 INFO - ContAudITWrapper#29 - Analyzing current environment state...
2024-10-10 03:42:50,015 INFO - ContAudITWrapper#29 - Saving current environment state...
2024-10-10 03:42:50,016 INFO - ContAudITWrapper#29 - Environment state hash: a7ffc6f8bf1ed76651c14756a061d662f580ff4de43b49fa82d80a4b80f8434a
2024-10-10 03:42:50,016 INFO - ContAudITWrapper#29 - Checking environment diff...
2024-10-10 03:42:50,020 INFO - ContAudITWrapper#29 - Environment diff: 
2024-10-10 03:42:50,021 INFO - ContAudITWrapper#29 - Cleaning temporary files...
2024-10-10 03:42:50,026 INFO - ContAudITWrapper#29 - Sending to blockchain...
2024-10-10 03:42:53,372 INFO - ContAudITWrapper#29 - Response 
2024-10-10 03:42:53,373 INFO - ContAudITWrapper#29 - Finishing ContAudIT Wrapper...
