2024-10-10 03:41:00,911 INFO - ContAudITWrapper#59 - Initializing ContAudIT Wrapper...
2024-10-10 03:41:01,139 INFO - ContAudITWrapper#59 - Current directory: /home/ec2-user/Code/ufrgs-poc/contaudit-wrapper.jar
2024-10-10 03:41:22,993 INFO - ContAudITWrapper#59 - Wrapper hash: b7519188ed863d76e5199a8d880bb968bdf9124fad53b871583787e123a7a764
2024-10-10 03:41:23,044 INFO - ContAudITWrapper#59 - Validating Wrapper...
2024-10-10 03:42:19,902 INFO - ContAudITWrapper#59 - Response true
2024-10-10 03:42:20,014 INFO - ContAudITWrapper#59 - Application hash: e36ee2d35f8c4c41bd358782dfb3ac8852b40439d350ff27616f0c18819ce9bf
2024-10-10 03:42:20,015 INFO - ContAudITWrapper#59 - Validating Application...
2024-10-10 03:42:29,669 INFO - ContAudITWrapper#59 - Response true
2024-10-10 03:42:29,688 INFO - ContAudITWrapper#59 - Artifact user.workflow hash: 52877374d8c54314b7af92814eaf729121e99a87e9706a2888cd9bcd951b11c9
2024-10-10 03:42:29,701 INFO - ContAudITWrapper#59 - Validating Artifact...
2024-10-10 03:42:37,957 INFO - ContAudITWrapper#59 - Response true
2024-10-10 03:42:37,958 INFO - ContAudITWrapper#59 - Running pre-command actions...
2024-10-10 03:42:37,959 INFO - ContAudITWrapper#59 - Analyzing current environment state...
2024-10-10 03:42:38,243 INFO - ContAudITWrapper#59 - Saving current environment state...
2024-10-10 03:42:38,244 INFO - ContAudITWrapper#59 - Environment state hash: a7ffc6f8bf1ed76651c14756a061d662f580ff4de43b49fa82d80a4b80f8434a
2024-10-10 03:42:38,244 INFO - ContAudITWrapper#59 - Executing command...
2024-10-10 03:42:47,045 INFO - ContAudITWrapper#59 - Command output: 
2024-10-10 03:42:38.333635671 [executor] Initializing the workflow...
[useradd_workflow] User contaudit59 already exists. Removing...
[useradd_workflow] User contaudit59 successfully removed.
[useradd_workflow] User contaudit59 created successfully.
2024-10-10 03:42:47.044499026 [executor] Finished!

2024-10-10 03:42:47,045 INFO - ContAudITWrapper#59 - Running post-command actions...
2024-10-10 03:42:47,045 INFO - ContAudITWrapper#59 - Analyzing current environment state...
2024-10-10 03:42:47,053 INFO - ContAudITWrapper#59 - Saving current environment state...
2024-10-10 03:42:47,054 INFO - ContAudITWrapper#59 - Environment state hash: a7ffc6f8bf1ed76651c14756a061d662f580ff4de43b49fa82d80a4b80f8434a
2024-10-10 03:42:47,054 INFO - ContAudITWrapper#59 - Checking environment diff...
2024-10-10 03:42:47,066 INFO - ContAudITWrapper#59 - Environment diff: 
2024-10-10 03:42:47,067 INFO - ContAudITWrapper#59 - Cleaning temporary files...
2024-10-10 03:42:47,073 INFO - ContAudITWrapper#59 - Sending to blockchain...
2024-10-10 03:42:49,246 INFO - ContAudITWrapper#59 - Response 
2024-10-10 03:42:49,248 INFO - ContAudITWrapper#59 - Finishing ContAudIT Wrapper...
