2024-10-10 03:41:01,948 INFO - ContAudITWrapper#23 - Initializing ContAudIT Wrapper...
2024-10-10 03:41:02,132 INFO - ContAudITWrapper#23 - Current directory: /home/ec2-user/Code/ufrgs-poc/contaudit-wrapper.jar
2024-10-10 03:41:24,077 INFO - ContAudITWrapper#23 - Wrapper hash: b7519188ed863d76e5199a8d880bb968bdf9124fad53b871583787e123a7a764
2024-10-10 03:41:24,184 INFO - ContAudITWrapper#23 - Validating Wrapper...
2024-10-10 03:42:24,562 INFO - ContAudITWrapper#23 - Response true
2024-10-10 03:42:24,605 INFO - ContAudITWrapper#23 - Application hash: e36ee2d35f8c4c41bd358782dfb3ac8852b40439d350ff27616f0c18819ce9bf
2024-10-10 03:42:24,606 INFO - ContAudITWrapper#23 - Validating Application...
2024-10-10 03:42:33,828 INFO - ContAudITWrapper#23 - Response true
2024-10-10 03:42:33,836 INFO - ContAudITWrapper#23 - Artifact user.workflow hash: 52877374d8c54314b7af92814eaf729121e99a87e9706a2888cd9bcd951b11c9
2024-10-10 03:42:33,841 INFO - ContAudITWrapper#23 - Validating Artifact...
2024-10-10 03:42:44,280 INFO - ContAudITWrapper#23 - Response true
2024-10-10 03:42:44,316 INFO - ContAudITWrapper#23 - Running pre-command actions...
2024-10-10 03:42:44,317 INFO - ContAudITWrapper#23 - Analyzing current environment state...
2024-10-10 03:42:44,410 INFO - ContAudITWrapper#23 - Saving current environment state...
2024-10-10 03:42:44,411 INFO - ContAudITWrapper#23 - Environment state hash: a7ffc6f8bf1ed76651c14756a061d662f580ff4de43b49fa82d80a4b80f8434a
2024-10-10 03:42:44,411 INFO - ContAudITWrapper#23 - Executing command...
2024-10-10 03:42:54,408 INFO - ContAudITWrapper#23 - Command output: 
2024-10-10 03:42:44.476981711 [executor] Initializing the workflow...
[useradd_workflow] User contaudit23 already exists. Removing...
[useradd_workflow] User contaudit23 successfully removed.
[useradd_workflow] User contaudit23 created successfully.
2024-10-10 03:42:54.407660862 [executor] Finished!

2024-10-10 03:42:54,408 INFO - ContAudITWrapper#23 - Running post-command actions...
2024-10-10 03:42:54,409 INFO - ContAudITWrapper#23 - Analyzing current environment state...
2024-10-10 03:42:54,493 INFO - ContAudITWrapper#23 - Saving current environment state...
2024-10-10 03:42:54,494 INFO - ContAudITWrapper#23 - Environment state hash: a7ffc6f8bf1ed76651c14756a061d662f580ff4de43b49fa82d80a4b80f8434a
2024-10-10 03:42:54,494 INFO - ContAudITWrapper#23 - Checking environment diff...
2024-10-10 03:42:54,514 INFO - ContAudITWrapper#23 - Environment diff: 
2024-10-10 03:42:54,514 INFO - ContAudITWrapper#23 - Cleaning temporary files...
2024-10-10 03:42:54,555 INFO - ContAudITWrapper#23 - Sending to blockchain...
2024-10-10 03:42:58,631 INFO - ContAudITWrapper#23 - Response 
2024-10-10 03:42:58,632 INFO - ContAudITWrapper#23 - Finishing ContAudIT Wrapper...
