2024-10-10 03:41:03,065 INFO - ContAudITWrapper#41 - Initializing ContAudIT Wrapper...
2024-10-10 03:41:03,254 INFO - ContAudITWrapper#41 - Current directory: /home/ec2-user/Code/ufrgs-poc/contaudit-wrapper.jar
2024-10-10 03:41:21,099 INFO - ContAudITWrapper#41 - Wrapper hash: b7519188ed863d76e5199a8d880bb968bdf9124fad53b871583787e123a7a764
2024-10-10 03:41:21,107 INFO - ContAudITWrapper#41 - Validating Wrapper...
2024-10-10 03:42:15,980 INFO - ContAudITWrapper#41 - Response true
2024-10-10 03:42:16,181 INFO - ContAudITWrapper#41 - Application hash: e36ee2d35f8c4c41bd358782dfb3ac8852b40439d350ff27616f0c18819ce9bf
2024-10-10 03:42:16,201 INFO - ContAudITWrapper#41 - Validating Application...
2024-10-10 03:42:29,219 INFO - ContAudITWrapper#41 - Response true
2024-10-10 03:42:29,229 INFO - ContAudITWrapper#41 - Artifact user.workflow hash: 52877374d8c54314b7af92814eaf729121e99a87e9706a2888cd9bcd951b11c9
2024-10-10 03:42:29,311 INFO - ContAudITWrapper#41 - Validating Artifact...
2024-10-10 03:42:35,019 INFO - ContAudITWrapper#41 - Response true
2024-10-10 03:42:35,041 INFO - ContAudITWrapper#41 - Running pre-command actions...
2024-10-10 03:42:35,042 INFO - ContAudITWrapper#41 - Analyzing current environment state...
2024-10-10 03:42:35,243 INFO - ContAudITWrapper#41 - Saving current environment state...
2024-10-10 03:42:35,244 INFO - ContAudITWrapper#41 - Environment state hash: a7ffc6f8bf1ed76651c14756a061d662f580ff4de43b49fa82d80a4b80f8434a
2024-10-10 03:42:35,245 INFO - ContAudITWrapper#41 - Executing command...
2024-10-10 03:42:42,409 INFO - ContAudITWrapper#41 - Command output: 
2024-10-10 03:42:35.418421988 [executor] Initializing the workflow...
[useradd_workflow] User contaudit41 already exists. Removing...
[useradd_workflow] User contaudit41 successfully removed.
[useradd_workflow] User contaudit41 created successfully.
2024-10-10 03:42:42.408683303 [executor] Finished!

2024-10-10 03:42:42,410 INFO - ContAudITWrapper#41 - Running post-command actions...
2024-10-10 03:42:42,410 INFO - ContAudITWrapper#41 - Analyzing current environment state...
2024-10-10 03:42:42,568 INFO - ContAudITWrapper#41 - Saving current environment state...
2024-10-10 03:42:42,568 INFO - ContAudITWrapper#41 - Environment state hash: a7ffc6f8bf1ed76651c14756a061d662f580ff4de43b49fa82d80a4b80f8434a
2024-10-10 03:42:42,568 INFO - ContAudITWrapper#41 - Checking environment diff...
2024-10-10 03:42:42,624 INFO - ContAudITWrapper#41 - Environment diff: 
2024-10-10 03:42:42,625 INFO - ContAudITWrapper#41 - Cleaning temporary files...
2024-10-10 03:42:42,705 INFO - ContAudITWrapper#41 - Sending to blockchain...
2024-10-10 03:42:47,066 INFO - ContAudITWrapper#41 - Response 
2024-10-10 03:42:47,073 INFO - ContAudITWrapper#41 - Finishing ContAudIT Wrapper...
