2024-10-10 03:41:02,572 INFO - ContAudITWrapper#66 - Initializing ContAudIT Wrapper...
2024-10-10 03:41:02,764 INFO - ContAudITWrapper#66 - Current directory: /home/ec2-user/Code/ufrgs-poc/contaudit-wrapper.jar
2024-10-10 03:41:22,261 INFO - ContAudITWrapper#66 - Wrapper hash: b7519188ed863d76e5199a8d880bb968bdf9124fad53b871583787e123a7a764
2024-10-10 03:41:22,271 INFO - ContAudITWrapper#66 - Validating Wrapper...
2024-10-10 03:42:18,456 INFO - ContAudITWrapper#66 - Response true
2024-10-10 03:42:18,686 INFO - ContAudITWrapper#66 - Application hash: e36ee2d35f8c4c41bd358782dfb3ac8852b40439d350ff27616f0c18819ce9bf
2024-10-10 03:42:18,687 INFO - ContAudITWrapper#66 - Validating Application...
2024-10-10 03:42:29,209 INFO - ContAudITWrapper#66 - Response true
2024-10-10 03:42:29,214 INFO - ContAudITWrapper#66 - Artifact user.workflow hash: 52877374d8c54314b7af92814eaf729121e99a87e9706a2888cd9bcd951b11c9
2024-10-10 03:42:29,232 INFO - ContAudITWrapper#66 - Validating Artifact...
2024-10-10 03:42:41,221 INFO - ContAudITWrapper#66 - Response true
2024-10-10 03:42:41,229 INFO - ContAudITWrapper#66 - Running pre-command actions...
2024-10-10 03:42:41,234 INFO - ContAudITWrapper#66 - Analyzing current environment state...
2024-10-10 03:42:41,381 INFO - ContAudITWrapper#66 - Saving current environment state...
2024-10-10 03:42:41,389 INFO - ContAudITWrapper#66 - Environment state hash: a7ffc6f8bf1ed76651c14756a061d662f580ff4de43b49fa82d80a4b80f8434a
2024-10-10 03:42:41,389 INFO - ContAudITWrapper#66 - Executing command...
2024-10-10 03:42:50,333 INFO - ContAudITWrapper#66 - Command output: 
2024-10-10 03:42:41.438716432 [executor] Initializing the workflow...
[useradd_workflow] User contaudit66 already exists. Removing...
[useradd_workflow] User contaudit66 successfully removed.
[useradd_workflow] User contaudit66 created successfully.
2024-10-10 03:42:50.333164603 [executor] Finished!

2024-10-10 03:42:50,334 INFO - ContAudITWrapper#66 - Running post-command actions...
2024-10-10 03:42:50,334 INFO - ContAudITWrapper#66 - Analyzing current environment state...
2024-10-10 03:42:50,349 INFO - ContAudITWrapper#66 - Saving current environment state...
2024-10-10 03:42:50,350 INFO - ContAudITWrapper#66 - Environment state hash: a7ffc6f8bf1ed76651c14756a061d662f580ff4de43b49fa82d80a4b80f8434a
2024-10-10 03:42:50,350 INFO - ContAudITWrapper#66 - Checking environment diff...
2024-10-10 03:42:50,357 INFO - ContAudITWrapper#66 - Environment diff: 
2024-10-10 03:42:50,357 INFO - ContAudITWrapper#66 - Cleaning temporary files...
2024-10-10 03:42:50,364 INFO - ContAudITWrapper#66 - Sending to blockchain...
2024-10-10 03:42:54,759 INFO - ContAudITWrapper#66 - Response 
2024-10-10 03:42:54,761 INFO - ContAudITWrapper#66 - Finishing ContAudIT Wrapper...
