2024-10-11 09:02:16,162 INFO - ContAudITWrapper#4 - Initializing ContAudIT Wrapper...
2024-10-11 09:02:16,172 INFO - ContAudITWrapper#4 - Current directory: /home/ec2-user/Code/ufrgs-poc/contaudit-wrapper.jar
2024-10-11 09:02:18,341 INFO - ContAudITWrapper#4 - Wrapper hash: b7519188ed863d76e5199a8d880bb968bdf9124fad53b871583787e123a7a764
2024-10-11 09:02:18,347 INFO - ContAudITWrapper#4 - Validating Wrapper...
2024-10-11 09:02:20,713 INFO - ContAudITWrapper#4 - Response true
2024-10-11 09:02:20,720 INFO - ContAudITWrapper#4 - Application hash: e36ee2d35f8c4c41bd358782dfb3ac8852b40439d350ff27616f0c18819ce9bf
2024-10-11 09:02:20,721 INFO - ContAudITWrapper#4 - Validating Application...
2024-10-11 09:02:21,308 INFO - ContAudITWrapper#4 - Response true
2024-10-11 09:02:21,310 INFO - ContAudITWrapper#4 - Artifact vim.workflow hash: c2cd8e965b29c5d0c1074b5d083f6beb66f185746aced776659b092dece12743
2024-10-11 09:02:21,314 INFO - ContAudITWrapper#4 - Validating Artifact...
2024-10-11 09:02:21,914 INFO - ContAudITWrapper#4 - Response true
2024-10-11 09:02:21,916 INFO - ContAudITWrapper#4 - Running pre-command actions...
2024-10-11 09:02:21,917 INFO - ContAudITWrapper#4 - Analyzing current environment state...
2024-10-11 09:02:21,923 INFO - ContAudITWrapper#4 - Saving current environment state...
2024-10-11 09:02:21,923 INFO - ContAudITWrapper#4 - Environment state hash: a7ffc6f8bf1ed76651c14756a061d662f580ff4de43b49fa82d80a4b80f8434a
2024-10-11 09:02:21,923 INFO - ContAudITWrapper#4 - Executing command...
2024-10-11 09:02:22,872 INFO - ContAudITWrapper#4 - Command output: 
2024-10-11 09:02:21.928645380 [executor] Initializing the workflow...
[vim_workflow] Checking operating system...
[vim_workflow] Detected Amazon Linux.
[vim_workflow] Checking if vim is installed...
[vim_workflow] Vim found! Removing...
Dependencies resolved.
================================================================================
 Package          Arch       Version                     Repository        Size
================================================================================
Removing:
 vim-enhanced     x86_64     2:9.0.2153-1.amzn2023       @amazonlinux     4.0 M

Transaction Summary
================================================================================
Remove  1 Package

Freed space: 4.0 M
Running transaction check
Transaction check succeeded.
Running transaction test
Transaction test succeeded.
Running transaction
  Preparing        :                                                        1/1 
  Erasing          : vim-enhanced-2:9.0.2153-1.amzn2023.x86_64              1/1 
  Verifying        : vim-enhanced-2:9.0.2153-1.amzn2023.x86_64              1/1 

Removed:
  vim-enhanced-2:9.0.2153-1.amzn2023.x86_64                                     

Complete!
2024-10-11 09:02:22.871909956 [executor] Finished!

2024-10-11 09:02:22,872 INFO - ContAudITWrapper#4 - Running post-command actions...
2024-10-11 09:02:22,872 INFO - ContAudITWrapper#4 - Analyzing current environment state...
2024-10-11 09:02:22,877 INFO - ContAudITWrapper#4 - Saving current environment state...
2024-10-11 09:02:22,878 INFO - ContAudITWrapper#4 - Environment state hash: a7ffc6f8bf1ed76651c14756a061d662f580ff4de43b49fa82d80a4b80f8434a
2024-10-11 09:02:22,878 INFO - ContAudITWrapper#4 - Checking environment diff...
2024-10-11 09:02:22,881 INFO - ContAudITWrapper#4 - Environment diff: 
2024-10-11 09:02:22,881 INFO - ContAudITWrapper#4 - Cleaning temporary files...
2024-10-11 09:02:22,884 INFO - ContAudITWrapper#4 - Sending to blockchain...
2024-10-11 09:02:25,492 INFO - ContAudITWrapper#4 - Response 
2024-10-11 09:02:25,493 INFO - ContAudITWrapper#4 - Finishing ContAudIT Wrapper...
