2024-10-11 05:29:54,291 INFO - ContAudITWrapper#49 - Initializing ContAudIT Wrapper...
2024-10-11 05:29:54,512 INFO - ContAudITWrapper#49 - Current directory: /home/ec2-user/Code/ufrgs-poc/contaudit-wrapper.jar
2024-10-11 05:30:17,451 INFO - ContAudITWrapper#49 - Wrapper hash: b7519188ed863d76e5199a8d880bb968bdf9124fad53b871583787e123a7a764
2024-10-11 05:30:17,572 INFO - ContAudITWrapper#49 - Validating Wrapper...
2024-10-11 05:31:24,998 INFO - ContAudITWrapper#49 - Response true
2024-10-11 05:31:25,156 INFO - ContAudITWrapper#49 - Application hash: e36ee2d35f8c4c41bd358782dfb3ac8852b40439d350ff27616f0c18819ce9bf
2024-10-11 05:31:25,157 INFO - ContAudITWrapper#49 - Validating Application...
2024-10-11 05:31:38,777 INFO - ContAudITWrapper#49 - Response true
2024-10-11 05:31:38,795 INFO - ContAudITWrapper#49 - Artifact apache2.workflow hash: bdb4cee855e21446b6ae53ddcb76a1632ef8c4545b5db0517e01ffd552157f6e
2024-10-11 05:31:38,886 INFO - ContAudITWrapper#49 - Validating Artifact...
2024-10-11 05:31:52,384 INFO - ContAudITWrapper#49 - Response true
2024-10-11 05:31:52,398 INFO - ContAudITWrapper#49 - Running pre-command actions...
2024-10-11 05:31:52,400 INFO - ContAudITWrapper#49 - Analyzing current environment state...
2024-10-11 05:31:52,583 INFO - ContAudITWrapper#49 - Saving current environment state...
2024-10-11 05:31:52,584 INFO - ContAudITWrapper#49 - Environment state hash: a7ffc6f8bf1ed76651c14756a061d662f580ff4de43b49fa82d80a4b80f8434a
2024-10-11 05:31:52,585 INFO - ContAudITWrapper#49 - Executing command...
2024-10-11 05:31:54,171 INFO - ContAudITWrapper#49 - Command output: 
2024-10-11 05:31:52.736112342 [executor] Initializing the workflow...
[apache2_workflow] Apache HTTP Server already installed.
[apache2_workflow] UserDir module already loaded.
[apache2_workflow] Configs to UserDir already exist.
[apache2_workflow] public_html directory already exists in /home/ec2-user.
[apache2_workflow] Creating a simple webpage...
[apache2_workflow] Moving webpage to Apache HTTP Server user website folder...
[apache2_workflow] Page moved successfully!
2024-10-11 05:31:54.169776585 [executor] Finished!

2024-10-11 05:31:54,172 INFO - ContAudITWrapper#49 - Running post-command actions...
2024-10-11 05:31:54,172 INFO - ContAudITWrapper#49 - Analyzing current environment state...
2024-10-11 05:31:54,388 INFO - ContAudITWrapper#49 - Saving current environment state...
2024-10-11 05:31:54,389 INFO - ContAudITWrapper#49 - Environment state hash: a7ffc6f8bf1ed76651c14756a061d662f580ff4de43b49fa82d80a4b80f8434a
2024-10-11 05:31:54,389 INFO - ContAudITWrapper#49 - Checking environment diff...
2024-10-11 05:31:54,451 INFO - ContAudITWrapper#49 - Environment diff: 
2024-10-11 05:31:54,452 INFO - ContAudITWrapper#49 - Cleaning temporary files...
2024-10-11 05:31:54,569 INFO - ContAudITWrapper#49 - Sending to blockchain...
2024-10-11 05:32:09,359 INFO - ContAudITWrapper#49 - Response 
2024-10-11 05:32:09,360 INFO - ContAudITWrapper#49 - Finishing ContAudIT Wrapper...
