2024-10-11 05:29:52,136 INFO - ContAudITWrapper#44 - Initializing ContAudIT Wrapper...
2024-10-11 05:29:52,402 INFO - ContAudITWrapper#44 - Current directory: /home/ec2-user/Code/ufrgs-poc/contaudit-wrapper.jar
2024-10-11 05:30:16,835 INFO - ContAudITWrapper#44 - Wrapper hash: b7519188ed863d76e5199a8d880bb968bdf9124fad53b871583787e123a7a764
2024-10-11 05:30:16,960 INFO - ContAudITWrapper#44 - Validating Wrapper...
2024-10-11 05:31:21,848 INFO - ContAudITWrapper#44 - Response true
2024-10-11 05:31:21,891 INFO - ContAudITWrapper#44 - Application hash: e36ee2d35f8c4c41bd358782dfb3ac8852b40439d350ff27616f0c18819ce9bf
2024-10-11 05:31:21,892 INFO - ContAudITWrapper#44 - Validating Application...
2024-10-11 05:31:36,822 INFO - ContAudITWrapper#44 - Response true
2024-10-11 05:31:36,832 INFO - ContAudITWrapper#44 - Artifact apache2.workflow hash: bdb4cee855e21446b6ae53ddcb76a1632ef8c4545b5db0517e01ffd552157f6e
2024-10-11 05:31:36,886 INFO - ContAudITWrapper#44 - Validating Artifact...
2024-10-11 05:31:50,467 INFO - ContAudITWrapper#44 - Response true
2024-10-11 05:31:50,527 INFO - ContAudITWrapper#44 - Running pre-command actions...
2024-10-11 05:31:50,528 INFO - ContAudITWrapper#44 - Analyzing current environment state...
2024-10-11 05:31:50,788 INFO - ContAudITWrapper#44 - Saving current environment state...
2024-10-11 05:31:50,789 INFO - ContAudITWrapper#44 - Environment state hash: a7ffc6f8bf1ed76651c14756a061d662f580ff4de43b49fa82d80a4b80f8434a
2024-10-11 05:31:50,789 INFO - ContAudITWrapper#44 - Executing command...
2024-10-11 05:31:52,565 INFO - ContAudITWrapper#44 - Command output: 
2024-10-11 05:31:51.001124613 [executor] Initializing the workflow...
[apache2_workflow] Apache HTTP Server already installed.
[apache2_workflow] UserDir module already loaded.
[apache2_workflow] Configs to UserDir already exist.
[apache2_workflow] public_html directory already exists in /home/ec2-user.
[apache2_workflow] Creating a simple webpage...
[apache2_workflow] Moving webpage to Apache HTTP Server user website folder...
[apache2_workflow] Page moved successfully!
2024-10-11 05:31:52.564599256 [executor] Finished!

2024-10-11 05:31:52,565 INFO - ContAudITWrapper#44 - Running post-command actions...
2024-10-11 05:31:52,566 INFO - ContAudITWrapper#44 - Analyzing current environment state...
2024-10-11 05:31:52,770 INFO - ContAudITWrapper#44 - Saving current environment state...
2024-10-11 05:31:52,770 INFO - ContAudITWrapper#44 - Environment state hash: a7ffc6f8bf1ed76651c14756a061d662f580ff4de43b49fa82d80a4b80f8434a
2024-10-11 05:31:52,770 INFO - ContAudITWrapper#44 - Checking environment diff...
2024-10-11 05:31:52,820 INFO - ContAudITWrapper#44 - Environment diff: 
2024-10-11 05:31:52,820 INFO - ContAudITWrapper#44 - Cleaning temporary files...
2024-10-11 05:31:52,915 INFO - ContAudITWrapper#44 - Sending to blockchain...
2024-10-11 05:32:07,910 INFO - ContAudITWrapper#44 - Response 
2024-10-11 05:32:07,916 INFO - ContAudITWrapper#44 - Finishing ContAudIT Wrapper...
