2024-10-11 05:29:54,751 INFO - ContAudITWrapper#87 - Initializing ContAudIT Wrapper...
2024-10-11 05:29:54,989 INFO - ContAudITWrapper#87 - Current directory: /home/ec2-user/Code/ufrgs-poc/contaudit-wrapper.jar
2024-10-11 05:30:17,672 INFO - ContAudITWrapper#87 - Wrapper hash: b7519188ed863d76e5199a8d880bb968bdf9124fad53b871583787e123a7a764
2024-10-11 05:30:17,709 INFO - ContAudITWrapper#87 - Validating Wrapper...
2024-10-11 05:31:22,032 INFO - ContAudITWrapper#87 - Response true
2024-10-11 05:31:22,074 INFO - ContAudITWrapper#87 - Application hash: e36ee2d35f8c4c41bd358782dfb3ac8852b40439d350ff27616f0c18819ce9bf
2024-10-11 05:31:22,076 INFO - ContAudITWrapper#87 - Validating Application...
2024-10-11 05:31:36,778 INFO - ContAudITWrapper#87 - Response true
2024-10-11 05:31:36,786 INFO - ContAudITWrapper#87 - Artifact apache2.workflow hash: bdb4cee855e21446b6ae53ddcb76a1632ef8c4545b5db0517e01ffd552157f6e
2024-10-11 05:31:36,801 INFO - ContAudITWrapper#87 - Validating Artifact...
2024-10-11 05:31:49,494 INFO - ContAudITWrapper#87 - Response true
2024-10-11 05:31:49,498 INFO - ContAudITWrapper#87 - Running pre-command actions...
2024-10-11 05:31:49,499 INFO - ContAudITWrapper#87 - Analyzing current environment state...
2024-10-11 05:31:49,767 INFO - ContAudITWrapper#87 - Saving current environment state...
2024-10-11 05:31:49,768 INFO - ContAudITWrapper#87 - Environment state hash: a7ffc6f8bf1ed76651c14756a061d662f580ff4de43b49fa82d80a4b80f8434a
2024-10-11 05:31:49,769 INFO - ContAudITWrapper#87 - Executing command...
2024-10-11 05:31:50,893 INFO - ContAudITWrapper#87 - Command output: 
2024-10-11 05:31:49.976940097 [executor] Initializing the workflow...
[apache2_workflow] Apache HTTP Server already installed.
[apache2_workflow] UserDir module already loaded.
[apache2_workflow] Configs to UserDir already exist.
[apache2_workflow] public_html directory already exists in /home/ec2-user.
[apache2_workflow] Creating a simple webpage...
[apache2_workflow] Moving webpage to Apache HTTP Server user website folder...
[apache2_workflow] Page moved successfully!
2024-10-11 05:31:50.892178304 [executor] Finished!

2024-10-11 05:31:50,893 INFO - ContAudITWrapper#87 - Running post-command actions...
2024-10-11 05:31:50,893 INFO - ContAudITWrapper#87 - Analyzing current environment state...
2024-10-11 05:31:51,038 INFO - ContAudITWrapper#87 - Saving current environment state...
2024-10-11 05:31:51,039 INFO - ContAudITWrapper#87 - Environment state hash: a7ffc6f8bf1ed76651c14756a061d662f580ff4de43b49fa82d80a4b80f8434a
2024-10-11 05:31:51,039 INFO - ContAudITWrapper#87 - Checking environment diff...
2024-10-11 05:31:51,169 INFO - ContAudITWrapper#87 - Environment diff: 
2024-10-11 05:31:51,171 INFO - ContAudITWrapper#87 - Cleaning temporary files...
2024-10-11 05:31:51,296 INFO - ContAudITWrapper#87 - Sending to blockchain...
2024-10-11 05:32:07,683 INFO - ContAudITWrapper#87 - Response 
2024-10-11 05:32:07,685 INFO - ContAudITWrapper#87 - Finishing ContAudIT Wrapper...
