2024-10-11 05:29:52,128 INFO - ContAudITWrapper#6 - Initializing ContAudIT Wrapper...
2024-10-11 05:29:52,347 INFO - ContAudITWrapper#6 - Current directory: /home/ec2-user/Code/ufrgs-poc/contaudit-wrapper.jar
2024-10-11 05:30:15,206 INFO - ContAudITWrapper#6 - Wrapper hash: b7519188ed863d76e5199a8d880bb968bdf9124fad53b871583787e123a7a764
2024-10-11 05:30:15,271 INFO - ContAudITWrapper#6 - Validating Wrapper...
2024-10-11 05:31:22,072 INFO - ContAudITWrapper#6 - Response true
2024-10-11 05:31:22,285 INFO - ContAudITWrapper#6 - Application hash: e36ee2d35f8c4c41bd358782dfb3ac8852b40439d350ff27616f0c18819ce9bf
2024-10-11 05:31:22,290 INFO - ContAudITWrapper#6 - Validating Application...
2024-10-11 05:31:36,049 INFO - ContAudITWrapper#6 - Response true
2024-10-11 05:31:36,065 INFO - ContAudITWrapper#6 - Artifact apache2.workflow hash: bdb4cee855e21446b6ae53ddcb76a1632ef8c4545b5db0517e01ffd552157f6e
2024-10-11 05:31:36,079 INFO - ContAudITWrapper#6 - Validating Artifact...
2024-10-11 05:31:49,892 INFO - ContAudITWrapper#6 - Response true
2024-10-11 05:31:49,899 INFO - ContAudITWrapper#6 - Running pre-command actions...
2024-10-11 05:31:49,900 INFO - ContAudITWrapper#6 - Analyzing current environment state...
2024-10-11 05:31:50,324 INFO - ContAudITWrapper#6 - Saving current environment state...
2024-10-11 05:31:50,325 INFO - ContAudITWrapper#6 - Environment state hash: a7ffc6f8bf1ed76651c14756a061d662f580ff4de43b49fa82d80a4b80f8434a
2024-10-11 05:31:50,325 INFO - ContAudITWrapper#6 - Executing command...
2024-10-11 05:31:52,133 INFO - ContAudITWrapper#6 - Command output: 
2024-10-11 05:31:50.454011866 [executor] Initializing the workflow...
[apache2_workflow] Apache HTTP Server already installed.
[apache2_workflow] UserDir module already loaded.
[apache2_workflow] Configs to UserDir already exist.
[apache2_workflow] public_html directory already exists in /home/ec2-user.
[apache2_workflow] Creating a simple webpage...
[apache2_workflow] Moving webpage to Apache HTTP Server user website folder...
[apache2_workflow] Page moved successfully!
2024-10-11 05:31:52.132399950 [executor] Finished!

2024-10-11 05:31:52,133 INFO - ContAudITWrapper#6 - Running post-command actions...
2024-10-11 05:31:52,134 INFO - ContAudITWrapper#6 - Analyzing current environment state...
2024-10-11 05:31:52,246 INFO - ContAudITWrapper#6 - Saving current environment state...
2024-10-11 05:31:52,246 INFO - ContAudITWrapper#6 - Environment state hash: a7ffc6f8bf1ed76651c14756a061d662f580ff4de43b49fa82d80a4b80f8434a
2024-10-11 05:31:52,247 INFO - ContAudITWrapper#6 - Checking environment diff...
2024-10-11 05:31:52,323 INFO - ContAudITWrapper#6 - Environment diff: 
2024-10-11 05:31:52,323 INFO - ContAudITWrapper#6 - Cleaning temporary files...
2024-10-11 05:31:52,499 INFO - ContAudITWrapper#6 - Sending to blockchain...
2024-10-11 05:32:05,491 INFO - ContAudITWrapper#6 - Response 
2024-10-11 05:32:05,493 INFO - ContAudITWrapper#6 - Finishing ContAudIT Wrapper...
