2024-10-11 05:29:53,373 INFO - ContAudITWrapper#72 - Initializing ContAudIT Wrapper...
2024-10-11 05:29:53,562 INFO - ContAudITWrapper#72 - Current directory: /home/ec2-user/Code/ufrgs-poc/contaudit-wrapper.jar
2024-10-11 05:30:15,922 INFO - ContAudITWrapper#72 - Wrapper hash: b7519188ed863d76e5199a8d880bb968bdf9124fad53b871583787e123a7a764
2024-10-11 05:30:16,002 INFO - ContAudITWrapper#72 - Validating Wrapper...
2024-10-11 05:31:24,538 INFO - ContAudITWrapper#72 - Response true
2024-10-11 05:31:24,783 INFO - ContAudITWrapper#72 - Application hash: e36ee2d35f8c4c41bd358782dfb3ac8852b40439d350ff27616f0c18819ce9bf
2024-10-11 05:31:24,791 INFO - ContAudITWrapper#72 - Validating Application...
2024-10-11 05:31:39,306 INFO - ContAudITWrapper#72 - Response true
2024-10-11 05:31:39,321 INFO - ContAudITWrapper#72 - Artifact apache2.workflow hash: bdb4cee855e21446b6ae53ddcb76a1632ef8c4545b5db0517e01ffd552157f6e
2024-10-11 05:31:39,412 INFO - ContAudITWrapper#72 - Validating Artifact...
2024-10-11 05:31:51,706 INFO - ContAudITWrapper#72 - Response true
2024-10-11 05:31:51,711 INFO - ContAudITWrapper#72 - Running pre-command actions...
2024-10-11 05:31:51,712 INFO - ContAudITWrapper#72 - Analyzing current environment state...
2024-10-11 05:31:51,875 INFO - ContAudITWrapper#72 - Saving current environment state...
2024-10-11 05:31:51,876 INFO - ContAudITWrapper#72 - Environment state hash: a7ffc6f8bf1ed76651c14756a061d662f580ff4de43b49fa82d80a4b80f8434a
2024-10-11 05:31:51,876 INFO - ContAudITWrapper#72 - Executing command...
2024-10-11 05:31:53,455 INFO - ContAudITWrapper#72 - Command output: 
2024-10-11 05:31:52.025697559 [executor] Initializing the workflow...
[apache2_workflow] Apache HTTP Server already installed.
[apache2_workflow] UserDir module already loaded.
[apache2_workflow] Configs to UserDir already exist.
[apache2_workflow] public_html directory already exists in /home/ec2-user.
[apache2_workflow] Creating a simple webpage...
[apache2_workflow] Moving webpage to Apache HTTP Server user website folder...
[apache2_workflow] Page moved successfully!
2024-10-11 05:31:53.454084623 [executor] Finished!

2024-10-11 05:31:53,455 INFO - ContAudITWrapper#72 - Running post-command actions...
2024-10-11 05:31:53,456 INFO - ContAudITWrapper#72 - Analyzing current environment state...
2024-10-11 05:31:53,521 INFO - ContAudITWrapper#72 - Saving current environment state...
2024-10-11 05:31:53,522 INFO - ContAudITWrapper#72 - Environment state hash: a7ffc6f8bf1ed76651c14756a061d662f580ff4de43b49fa82d80a4b80f8434a
2024-10-11 05:31:53,523 INFO - ContAudITWrapper#72 - Checking environment diff...
2024-10-11 05:31:53,612 INFO - ContAudITWrapper#72 - Environment diff: 
2024-10-11 05:31:53,613 INFO - ContAudITWrapper#72 - Cleaning temporary files...
2024-10-11 05:31:53,697 INFO - ContAudITWrapper#72 - Sending to blockchain...
2024-10-11 05:32:08,016 INFO - ContAudITWrapper#72 - Response 
2024-10-11 05:32:08,019 INFO - ContAudITWrapper#72 - Finishing ContAudIT Wrapper...
