2024-10-11 05:29:53,939 INFO - ContAudITWrapper#43 - Initializing ContAudIT Wrapper...
2024-10-11 05:29:54,162 INFO - ContAudITWrapper#43 - Current directory: /home/ec2-user/Code/ufrgs-poc/contaudit-wrapper.jar
2024-10-11 05:30:15,957 INFO - ContAudITWrapper#43 - Wrapper hash: b7519188ed863d76e5199a8d880bb968bdf9124fad53b871583787e123a7a764
2024-10-11 05:30:16,025 INFO - ContAudITWrapper#43 - Validating Wrapper...
2024-10-11 05:31:22,104 INFO - ContAudITWrapper#43 - Response true
2024-10-11 05:31:22,392 INFO - ContAudITWrapper#43 - Application hash: e36ee2d35f8c4c41bd358782dfb3ac8852b40439d350ff27616f0c18819ce9bf
2024-10-11 05:31:22,392 INFO - ContAudITWrapper#43 - Validating Application...
2024-10-11 05:31:36,813 INFO - ContAudITWrapper#43 - Response true
2024-10-11 05:31:36,821 INFO - ContAudITWrapper#43 - Artifact apache2.workflow hash: bdb4cee855e21446b6ae53ddcb76a1632ef8c4545b5db0517e01ffd552157f6e
2024-10-11 05:31:36,905 INFO - ContAudITWrapper#43 - Validating Artifact...
2024-10-11 05:31:47,897 INFO - ContAudITWrapper#43 - Response true
2024-10-11 05:31:47,992 INFO - ContAudITWrapper#43 - Running pre-command actions...
2024-10-11 05:31:47,993 INFO - ContAudITWrapper#43 - Analyzing current environment state...
2024-10-11 05:31:48,210 INFO - ContAudITWrapper#43 - Saving current environment state...
2024-10-11 05:31:48,211 INFO - ContAudITWrapper#43 - Environment state hash: a7ffc6f8bf1ed76651c14756a061d662f580ff4de43b49fa82d80a4b80f8434a
2024-10-11 05:31:48,212 INFO - ContAudITWrapper#43 - Executing command...
2024-10-11 05:31:49,963 INFO - ContAudITWrapper#43 - Command output: 
2024-10-11 05:31:48.366866760 [executor] Initializing the workflow...
[apache2_workflow] Apache HTTP Server already installed.
[apache2_workflow] UserDir module already loaded.
[apache2_workflow] Configs to UserDir already exist.
[apache2_workflow] public_html directory already exists in /home/ec2-user.
[apache2_workflow] Creating a simple webpage...
[apache2_workflow] Moving webpage to Apache HTTP Server user website folder...
[apache2_workflow] Page moved successfully!
2024-10-11 05:31:49.962377898 [executor] Finished!

2024-10-11 05:31:49,963 INFO - ContAudITWrapper#43 - Running post-command actions...
2024-10-11 05:31:49,963 INFO - ContAudITWrapper#43 - Analyzing current environment state...
2024-10-11 05:31:50,154 INFO - ContAudITWrapper#43 - Saving current environment state...
2024-10-11 05:31:50,155 INFO - ContAudITWrapper#43 - Environment state hash: a7ffc6f8bf1ed76651c14756a061d662f580ff4de43b49fa82d80a4b80f8434a
2024-10-11 05:31:50,155 INFO - ContAudITWrapper#43 - Checking environment diff...
2024-10-11 05:31:50,268 INFO - ContAudITWrapper#43 - Environment diff: 
2024-10-11 05:31:50,269 INFO - ContAudITWrapper#43 - Cleaning temporary files...
2024-10-11 05:31:50,353 INFO - ContAudITWrapper#43 - Sending to blockchain...
2024-10-11 05:32:04,201 INFO - ContAudITWrapper#43 - Response 
2024-10-11 05:32:04,207 INFO - ContAudITWrapper#43 - Finishing ContAudIT Wrapper...
