2024-10-11 05:29:53,452 INFO - ContAudITWrapper#48 - Initializing ContAudIT Wrapper...
2024-10-11 05:29:53,698 INFO - ContAudITWrapper#48 - Current directory: /home/ec2-user/Code/ufrgs-poc/contaudit-wrapper.jar
2024-10-11 05:30:16,500 INFO - ContAudITWrapper#48 - Wrapper hash: b7519188ed863d76e5199a8d880bb968bdf9124fad53b871583787e123a7a764
2024-10-11 05:30:16,509 INFO - ContAudITWrapper#48 - Validating Wrapper...
2024-10-11 05:31:23,728 INFO - ContAudITWrapper#48 - Response true
2024-10-11 05:31:23,959 INFO - ContAudITWrapper#48 - Application hash: e36ee2d35f8c4c41bd358782dfb3ac8852b40439d350ff27616f0c18819ce9bf
2024-10-11 05:31:23,964 INFO - ContAudITWrapper#48 - Validating Application...
2024-10-11 05:31:37,281 INFO - ContAudITWrapper#48 - Response true
2024-10-11 05:31:37,305 INFO - ContAudITWrapper#48 - Artifact apache2.workflow hash: bdb4cee855e21446b6ae53ddcb76a1632ef8c4545b5db0517e01ffd552157f6e
2024-10-11 05:31:37,341 INFO - ContAudITWrapper#48 - Validating Artifact...
2024-10-11 05:31:50,244 INFO - ContAudITWrapper#48 - Response true
2024-10-11 05:31:50,253 INFO - ContAudITWrapper#48 - Running pre-command actions...
2024-10-11 05:31:50,254 INFO - ContAudITWrapper#48 - Analyzing current environment state...
2024-10-11 05:31:50,470 INFO - ContAudITWrapper#48 - Saving current environment state...
2024-10-11 05:31:50,471 INFO - ContAudITWrapper#48 - Environment state hash: a7ffc6f8bf1ed76651c14756a061d662f580ff4de43b49fa82d80a4b80f8434a
2024-10-11 05:31:50,471 INFO - ContAudITWrapper#48 - Executing command...
2024-10-11 05:31:51,769 INFO - ContAudITWrapper#48 - Command output: 
2024-10-11 05:31:50.573401691 [executor] Initializing the workflow...
[apache2_workflow] Apache HTTP Server already installed.
[apache2_workflow] UserDir module already loaded.
[apache2_workflow] Configs to UserDir already exist.
[apache2_workflow] public_html directory already exists in /home/ec2-user.
[apache2_workflow] Creating a simple webpage...
[apache2_workflow] Moving webpage to Apache HTTP Server user website folder...
[apache2_workflow] Page moved successfully!
2024-10-11 05:31:51.768609443 [executor] Finished!

2024-10-11 05:31:51,769 INFO - ContAudITWrapper#48 - Running post-command actions...
2024-10-11 05:31:51,770 INFO - ContAudITWrapper#48 - Analyzing current environment state...
2024-10-11 05:31:51,848 INFO - ContAudITWrapper#48 - Saving current environment state...
2024-10-11 05:31:51,848 INFO - ContAudITWrapper#48 - Environment state hash: a7ffc6f8bf1ed76651c14756a061d662f580ff4de43b49fa82d80a4b80f8434a
2024-10-11 05:31:51,849 INFO - ContAudITWrapper#48 - Checking environment diff...
2024-10-11 05:31:51,935 INFO - ContAudITWrapper#48 - Environment diff: 
2024-10-11 05:31:51,936 INFO - ContAudITWrapper#48 - Cleaning temporary files...
2024-10-11 05:31:52,003 INFO - ContAudITWrapper#48 - Sending to blockchain...
2024-10-11 05:32:04,232 INFO - ContAudITWrapper#48 - Response 
2024-10-11 05:32:04,234 INFO - ContAudITWrapper#48 - Finishing ContAudIT Wrapper...
