2024-10-11 05:29:54,589 INFO - ContAudITWrapper#69 - Initializing ContAudIT Wrapper...
2024-10-11 05:29:54,792 INFO - ContAudITWrapper#69 - Current directory: /home/ec2-user/Code/ufrgs-poc/contaudit-wrapper.jar
2024-10-11 05:30:15,278 INFO - ContAudITWrapper#69 - Wrapper hash: b7519188ed863d76e5199a8d880bb968bdf9124fad53b871583787e123a7a764
2024-10-11 05:30:15,337 INFO - ContAudITWrapper#69 - Validating Wrapper...
2024-10-11 05:31:24,613 INFO - ContAudITWrapper#69 - Response true
2024-10-11 05:31:24,797 INFO - ContAudITWrapper#69 - Application hash: e36ee2d35f8c4c41bd358782dfb3ac8852b40439d350ff27616f0c18819ce9bf
2024-10-11 05:31:24,842 INFO - ContAudITWrapper#69 - Validating Application...
2024-10-11 05:31:38,112 INFO - ContAudITWrapper#69 - Response true
2024-10-11 05:31:38,130 INFO - ContAudITWrapper#69 - Artifact apache2.workflow hash: bdb4cee855e21446b6ae53ddcb76a1632ef8c4545b5db0517e01ffd552157f6e
2024-10-11 05:31:38,154 INFO - ContAudITWrapper#69 - Validating Artifact...
2024-10-11 05:31:47,625 INFO - ContAudITWrapper#69 - Response true
2024-10-11 05:31:47,667 INFO - ContAudITWrapper#69 - Running pre-command actions...
2024-10-11 05:31:47,668 INFO - ContAudITWrapper#69 - Analyzing current environment state...
2024-10-11 05:31:47,779 INFO - ContAudITWrapper#69 - Saving current environment state...
2024-10-11 05:31:47,780 INFO - ContAudITWrapper#69 - Environment state hash: a7ffc6f8bf1ed76651c14756a061d662f580ff4de43b49fa82d80a4b80f8434a
2024-10-11 05:31:47,780 INFO - ContAudITWrapper#69 - Executing command...
2024-10-11 05:31:48,694 INFO - ContAudITWrapper#69 - Command output: 
2024-10-11 05:31:47.848185823 [executor] Initializing the workflow...
[apache2_workflow] Apache HTTP Server already installed.
[apache2_workflow] UserDir module already loaded.
[apache2_workflow] Configs to UserDir already exist.
[apache2_workflow] public_html directory already exists in /home/ec2-user.
[apache2_workflow] Creating a simple webpage...
[apache2_workflow] Moving webpage to Apache HTTP Server user website folder...
[apache2_workflow] Page moved successfully!
2024-10-11 05:31:48.693417914 [executor] Finished!

2024-10-11 05:31:48,694 INFO - ContAudITWrapper#69 - Running post-command actions...
2024-10-11 05:31:48,694 INFO - ContAudITWrapper#69 - Analyzing current environment state...
2024-10-11 05:31:48,848 INFO - ContAudITWrapper#69 - Saving current environment state...
2024-10-11 05:31:48,849 INFO - ContAudITWrapper#69 - Environment state hash: a7ffc6f8bf1ed76651c14756a061d662f580ff4de43b49fa82d80a4b80f8434a
2024-10-11 05:31:48,849 INFO - ContAudITWrapper#69 - Checking environment diff...
2024-10-11 05:31:48,905 INFO - ContAudITWrapper#69 - Environment diff: 
2024-10-11 05:31:48,906 INFO - ContAudITWrapper#69 - Cleaning temporary files...
2024-10-11 05:31:49,068 INFO - ContAudITWrapper#69 - Sending to blockchain...
2024-10-11 05:32:04,311 INFO - ContAudITWrapper#69 - Response 
2024-10-11 05:32:04,313 INFO - ContAudITWrapper#69 - Finishing ContAudIT Wrapper...
