2024-10-11 05:29:53,325 INFO - ContAudITWrapper#61 - Initializing ContAudIT Wrapper...
2024-10-11 05:29:53,627 INFO - ContAudITWrapper#61 - Current directory: /home/ec2-user/Code/ufrgs-poc/contaudit-wrapper.jar
2024-10-11 05:30:17,266 INFO - ContAudITWrapper#61 - Wrapper hash: b7519188ed863d76e5199a8d880bb968bdf9124fad53b871583787e123a7a764
2024-10-11 05:30:17,363 INFO - ContAudITWrapper#61 - Validating Wrapper...
2024-10-11 05:31:27,114 INFO - ContAudITWrapper#61 - Response true
2024-10-11 05:31:27,437 INFO - ContAudITWrapper#61 - Application hash: e36ee2d35f8c4c41bd358782dfb3ac8852b40439d350ff27616f0c18819ce9bf
2024-10-11 05:31:27,479 INFO - ContAudITWrapper#61 - Validating Application...
2024-10-11 05:31:40,887 INFO - ContAudITWrapper#61 - Response true
2024-10-11 05:31:40,911 INFO - ContAudITWrapper#61 - Artifact apache2.workflow hash: bdb4cee855e21446b6ae53ddcb76a1632ef8c4545b5db0517e01ffd552157f6e
2024-10-11 05:31:40,931 INFO - ContAudITWrapper#61 - Validating Artifact...
2024-10-11 05:31:53,257 INFO - ContAudITWrapper#61 - Response true
2024-10-11 05:31:53,379 INFO - ContAudITWrapper#61 - Running pre-command actions...
2024-10-11 05:31:53,380 INFO - ContAudITWrapper#61 - Analyzing current environment state...
2024-10-11 05:31:53,536 INFO - ContAudITWrapper#61 - Saving current environment state...
2024-10-11 05:31:53,537 INFO - ContAudITWrapper#61 - Environment state hash: a7ffc6f8bf1ed76651c14756a061d662f580ff4de43b49fa82d80a4b80f8434a
2024-10-11 05:31:53,537 INFO - ContAudITWrapper#61 - Executing command...
2024-10-11 05:31:55,170 INFO - ContAudITWrapper#61 - Command output: 
2024-10-11 05:31:53.719916925 [executor] Initializing the workflow...
[apache2_workflow] Apache HTTP Server already installed.
[apache2_workflow] UserDir module already loaded.
[apache2_workflow] Configs to UserDir already exist.
[apache2_workflow] public_html directory already exists in /home/ec2-user.
[apache2_workflow] Creating a simple webpage...
[apache2_workflow] Moving webpage to Apache HTTP Server user website folder...
[apache2_workflow] Page moved successfully!
2024-10-11 05:31:55.166695972 [executor] Finished!

2024-10-11 05:31:55,171 INFO - ContAudITWrapper#61 - Running post-command actions...
2024-10-11 05:31:55,171 INFO - ContAudITWrapper#61 - Analyzing current environment state...
2024-10-11 05:31:55,315 INFO - ContAudITWrapper#61 - Saving current environment state...
2024-10-11 05:31:55,315 INFO - ContAudITWrapper#61 - Environment state hash: a7ffc6f8bf1ed76651c14756a061d662f580ff4de43b49fa82d80a4b80f8434a
2024-10-11 05:31:55,316 INFO - ContAudITWrapper#61 - Checking environment diff...
2024-10-11 05:31:55,395 INFO - ContAudITWrapper#61 - Environment diff: 
2024-10-11 05:31:55,396 INFO - ContAudITWrapper#61 - Cleaning temporary files...
2024-10-11 05:31:55,511 INFO - ContAudITWrapper#61 - Sending to blockchain...
2024-10-11 05:32:09,427 INFO - ContAudITWrapper#61 - Response 
2024-10-11 05:32:09,428 INFO - ContAudITWrapper#61 - Finishing ContAudIT Wrapper...
