2024-10-11 05:29:53,482 INFO - ContAudITWrapper#98 - Initializing ContAudIT Wrapper...
2024-10-11 05:29:53,723 INFO - ContAudITWrapper#98 - Current directory: /home/ec2-user/Code/ufrgs-poc/contaudit-wrapper.jar
2024-10-11 05:30:13,799 INFO - ContAudITWrapper#98 - Wrapper hash: b7519188ed863d76e5199a8d880bb968bdf9124fad53b871583787e123a7a764
2024-10-11 05:30:13,875 INFO - ContAudITWrapper#98 - Validating Wrapper...
2024-10-11 05:31:11,109 INFO - ContAudITWrapper#98 - Response true
2024-10-11 05:31:11,375 INFO - ContAudITWrapper#98 - Application hash: e36ee2d35f8c4c41bd358782dfb3ac8852b40439d350ff27616f0c18819ce9bf
2024-10-11 05:31:11,387 INFO - ContAudITWrapper#98 - Validating Application...
2024-10-11 05:31:27,889 INFO - ContAudITWrapper#98 - Response true
2024-10-11 05:31:27,921 INFO - ContAudITWrapper#98 - Artifact apache2.workflow hash: bdb4cee855e21446b6ae53ddcb76a1632ef8c4545b5db0517e01ffd552157f6e
2024-10-11 05:31:28,067 INFO - ContAudITWrapper#98 - Validating Artifact...
2024-10-11 05:31:41,719 INFO - ContAudITWrapper#98 - Response true
2024-10-11 05:31:41,731 INFO - ContAudITWrapper#98 - Running pre-command actions...
2024-10-11 05:31:41,732 INFO - ContAudITWrapper#98 - Analyzing current environment state...
2024-10-11 05:31:41,930 INFO - ContAudITWrapper#98 - Saving current environment state...
2024-10-11 05:31:41,931 INFO - ContAudITWrapper#98 - Environment state hash: a7ffc6f8bf1ed76651c14756a061d662f580ff4de43b49fa82d80a4b80f8434a
2024-10-11 05:31:41,932 INFO - ContAudITWrapper#98 - Executing command...
2024-10-11 05:31:43,162 INFO - ContAudITWrapper#98 - Command output: 
2024-10-11 05:31:42.229455804 [executor] Initializing the workflow...
[apache2_workflow] Apache HTTP Server already installed.
[apache2_workflow] UserDir module already loaded.
[apache2_workflow] Configs to UserDir already exist.
[apache2_workflow] public_html directory already exists in /home/ec2-user.
[apache2_workflow] Creating a simple webpage...
[apache2_workflow] Moving webpage to Apache HTTP Server user website folder...
[apache2_workflow] Page moved successfully!
2024-10-11 05:31:43.161154175 [executor] Finished!

2024-10-11 05:31:43,162 INFO - ContAudITWrapper#98 - Running post-command actions...
2024-10-11 05:31:43,162 INFO - ContAudITWrapper#98 - Analyzing current environment state...
2024-10-11 05:31:43,352 INFO - ContAudITWrapper#98 - Saving current environment state...
2024-10-11 05:31:43,352 INFO - ContAudITWrapper#98 - Environment state hash: a7ffc6f8bf1ed76651c14756a061d662f580ff4de43b49fa82d80a4b80f8434a
2024-10-11 05:31:43,352 INFO - ContAudITWrapper#98 - Checking environment diff...
2024-10-11 05:31:43,500 INFO - ContAudITWrapper#98 - Environment diff: 
2024-10-11 05:31:43,500 INFO - ContAudITWrapper#98 - Cleaning temporary files...
2024-10-11 05:31:43,596 INFO - ContAudITWrapper#98 - Sending to blockchain...
2024-10-11 05:31:59,972 INFO - ContAudITWrapper#98 - Response 
2024-10-11 05:31:59,974 INFO - ContAudITWrapper#98 - Finishing ContAudIT Wrapper...
