2024-10-11 05:29:54,492 INFO - ContAudITWrapper#70 - Initializing ContAudIT Wrapper...
2024-10-11 05:29:54,676 INFO - ContAudITWrapper#70 - Current directory: /home/ec2-user/Code/ufrgs-poc/contaudit-wrapper.jar
2024-10-11 05:30:17,301 INFO - ContAudITWrapper#70 - Wrapper hash: b7519188ed863d76e5199a8d880bb968bdf9124fad53b871583787e123a7a764
2024-10-11 05:30:17,313 INFO - ContAudITWrapper#70 - Validating Wrapper...
2024-10-11 05:31:23,884 INFO - ContAudITWrapper#70 - Response true
2024-10-11 05:31:23,995 INFO - ContAudITWrapper#70 - Application hash: e36ee2d35f8c4c41bd358782dfb3ac8852b40439d350ff27616f0c18819ce9bf
2024-10-11 05:31:23,996 INFO - ContAudITWrapper#70 - Validating Application...
2024-10-11 05:31:37,924 INFO - ContAudITWrapper#70 - Response true
2024-10-11 05:31:37,928 INFO - ContAudITWrapper#70 - Artifact apache2.workflow hash: bdb4cee855e21446b6ae53ddcb76a1632ef8c4545b5db0517e01ffd552157f6e
2024-10-11 05:31:38,128 INFO - ContAudITWrapper#70 - Validating Artifact...
2024-10-11 05:31:50,259 INFO - ContAudITWrapper#70 - Response true
2024-10-11 05:31:50,279 INFO - ContAudITWrapper#70 - Running pre-command actions...
2024-10-11 05:31:50,280 INFO - ContAudITWrapper#70 - Analyzing current environment state...
2024-10-11 05:31:50,453 INFO - ContAudITWrapper#70 - Saving current environment state...
2024-10-11 05:31:50,454 INFO - ContAudITWrapper#70 - Environment state hash: a7ffc6f8bf1ed76651c14756a061d662f580ff4de43b49fa82d80a4b80f8434a
2024-10-11 05:31:50,455 INFO - ContAudITWrapper#70 - Executing command...
2024-10-11 05:31:52,302 INFO - ContAudITWrapper#70 - Command output: 
2024-10-11 05:31:50.611160547 [executor] Initializing the workflow...
[apache2_workflow] Apache HTTP Server already installed.
[apache2_workflow] UserDir module already loaded.
[apache2_workflow] Configs to UserDir already exist.
[apache2_workflow] public_html directory already exists in /home/ec2-user.
[apache2_workflow] Creating a simple webpage...
[apache2_workflow] Moving webpage to Apache HTTP Server user website folder...
[apache2_workflow] Page moved successfully!
2024-10-11 05:31:52.301384364 [executor] Finished!

2024-10-11 05:31:52,302 INFO - ContAudITWrapper#70 - Running post-command actions...
2024-10-11 05:31:52,303 INFO - ContAudITWrapper#70 - Analyzing current environment state...
2024-10-11 05:31:52,466 INFO - ContAudITWrapper#70 - Saving current environment state...
2024-10-11 05:31:52,467 INFO - ContAudITWrapper#70 - Environment state hash: a7ffc6f8bf1ed76651c14756a061d662f580ff4de43b49fa82d80a4b80f8434a
2024-10-11 05:31:52,467 INFO - ContAudITWrapper#70 - Checking environment diff...
2024-10-11 05:31:52,566 INFO - ContAudITWrapper#70 - Environment diff: 
2024-10-11 05:31:52,566 INFO - ContAudITWrapper#70 - Cleaning temporary files...
2024-10-11 05:31:52,636 INFO - ContAudITWrapper#70 - Sending to blockchain...
2024-10-11 05:32:08,952 INFO - ContAudITWrapper#70 - Response 
2024-10-11 05:32:08,955 INFO - ContAudITWrapper#70 - Finishing ContAudIT Wrapper...
