2024-10-11 05:29:54,414 INFO - ContAudITWrapper#46 - Initializing ContAudIT Wrapper...
2024-10-11 05:29:54,583 INFO - ContAudITWrapper#46 - Current directory: /home/ec2-user/Code/ufrgs-poc/contaudit-wrapper.jar
2024-10-11 05:30:16,199 INFO - ContAudITWrapper#46 - Wrapper hash: b7519188ed863d76e5199a8d880bb968bdf9124fad53b871583787e123a7a764
2024-10-11 05:30:16,297 INFO - ContAudITWrapper#46 - Validating Wrapper...
2024-10-11 05:31:24,535 INFO - ContAudITWrapper#46 - Response true
2024-10-11 05:31:24,699 INFO - ContAudITWrapper#46 - Application hash: e36ee2d35f8c4c41bd358782dfb3ac8852b40439d350ff27616f0c18819ce9bf
2024-10-11 05:31:24,738 INFO - ContAudITWrapper#46 - Validating Application...
2024-10-11 05:31:38,934 INFO - ContAudITWrapper#46 - Response true
2024-10-11 05:31:38,947 INFO - ContAudITWrapper#46 - Artifact apache2.workflow hash: bdb4cee855e21446b6ae53ddcb76a1632ef8c4545b5db0517e01ffd552157f6e
2024-10-11 05:31:38,962 INFO - ContAudITWrapper#46 - Validating Artifact...
2024-10-11 05:31:50,670 INFO - ContAudITWrapper#46 - Response true
2024-10-11 05:31:50,683 INFO - ContAudITWrapper#46 - Running pre-command actions...
2024-10-11 05:31:50,684 INFO - ContAudITWrapper#46 - Analyzing current environment state...
2024-10-11 05:31:50,922 INFO - ContAudITWrapper#46 - Saving current environment state...
2024-10-11 05:31:50,923 INFO - ContAudITWrapper#46 - Environment state hash: a7ffc6f8bf1ed76651c14756a061d662f580ff4de43b49fa82d80a4b80f8434a
2024-10-11 05:31:50,924 INFO - ContAudITWrapper#46 - Executing command...
2024-10-11 05:31:52,617 INFO - ContAudITWrapper#46 - Command output: 
2024-10-11 05:31:51.066342702 [executor] Initializing the workflow...
[apache2_workflow] Apache HTTP Server already installed.
[apache2_workflow] UserDir module already loaded.
[apache2_workflow] Configs to UserDir already exist.
[apache2_workflow] public_html directory already exists in /home/ec2-user.
[apache2_workflow] Creating a simple webpage...
[apache2_workflow] Moving webpage to Apache HTTP Server user website folder...
[apache2_workflow] Page moved successfully!
2024-10-11 05:31:52.616789502 [executor] Finished!

2024-10-11 05:31:52,618 INFO - ContAudITWrapper#46 - Running post-command actions...
2024-10-11 05:31:52,618 INFO - ContAudITWrapper#46 - Analyzing current environment state...
2024-10-11 05:31:52,739 INFO - ContAudITWrapper#46 - Saving current environment state...
2024-10-11 05:31:52,740 INFO - ContAudITWrapper#46 - Environment state hash: a7ffc6f8bf1ed76651c14756a061d662f580ff4de43b49fa82d80a4b80f8434a
2024-10-11 05:31:52,740 INFO - ContAudITWrapper#46 - Checking environment diff...
2024-10-11 05:31:52,873 INFO - ContAudITWrapper#46 - Environment diff: 
2024-10-11 05:31:52,875 INFO - ContAudITWrapper#46 - Cleaning temporary files...
2024-10-11 05:31:52,945 INFO - ContAudITWrapper#46 - Sending to blockchain...
2024-10-11 05:32:06,059 INFO - ContAudITWrapper#46 - Response 
2024-10-11 05:32:06,060 INFO - ContAudITWrapper#46 - Finishing ContAudIT Wrapper...
