2024-10-09 01:14:42,238 INFO - ContAudITWrapper#19 - Initializing ContAudIT Wrapper...
2024-10-09 01:14:42,470 INFO - ContAudITWrapper#19 - Current directory: /home/ec2-user/Code/ufrgs-poc/contaudit-wrapper.jar
2024-10-09 01:15:01,791 INFO - ContAudITWrapper#19 - Wrapper hash: b7519188ed863d76e5199a8d880bb968bdf9124fad53b871583787e123a7a764
2024-10-09 01:15:01,799 INFO - ContAudITWrapper#19 - Validating Wrapper...
2024-10-09 01:16:03,146 INFO - ContAudITWrapper#19 - Response true
2024-10-09 01:16:03,284 INFO - ContAudITWrapper#19 - Application hash: e36ee2d35f8c4c41bd358782dfb3ac8852b40439d350ff27616f0c18819ce9bf
2024-10-09 01:16:03,285 INFO - ContAudITWrapper#19 - Validating Application...
2024-10-09 01:16:17,000 INFO - ContAudITWrapper#19 - Response true
2024-10-09 01:16:17,014 INFO - ContAudITWrapper#19 - Artifact apache2.workflow hash: bdb4cee855e21446b6ae53ddcb76a1632ef8c4545b5db0517e01ffd552157f6e
2024-10-09 01:16:17,030 INFO - ContAudITWrapper#19 - Validating Artifact...
2024-10-09 01:16:28,714 INFO - ContAudITWrapper#19 - Response true
2024-10-09 01:16:28,734 INFO - ContAudITWrapper#19 - Running pre-command actions...
2024-10-09 01:16:28,735 INFO - ContAudITWrapper#19 - Analyzing current environment state...
2024-10-09 01:16:28,937 INFO - ContAudITWrapper#19 - Saving current environment state...
2024-10-09 01:16:28,938 INFO - ContAudITWrapper#19 - Environment state hash: a7ffc6f8bf1ed76651c14756a061d662f580ff4de43b49fa82d80a4b80f8434a
2024-10-09 01:16:28,938 INFO - ContAudITWrapper#19 - Executing command...
2024-10-09 01:16:30,364 INFO - ContAudITWrapper#19 - Command output: 
2024-10-09 01:16:29.135370339 [executor] Initializing the workflow...
[apache2_workflow] Apache HTTP Server already installed.
[apache2_workflow] UserDir module already loaded.
[apache2_workflow] Configs to UserDir already exist.
[apache2_workflow] public_html directory already exists in /home/ec2-user.
[apache2_workflow] Creating a simple webpage...
[apache2_workflow] Moving webpage to Apache HTTP Server user website folder...
[apache2_workflow] Page moved successfully!
2024-10-09 01:16:30.361976086 [executor] Finished!

2024-10-09 01:16:30,364 INFO - ContAudITWrapper#19 - Running post-command actions...
2024-10-09 01:16:30,364 INFO - ContAudITWrapper#19 - Analyzing current environment state...
2024-10-09 01:16:30,537 INFO - ContAudITWrapper#19 - Saving current environment state...
2024-10-09 01:16:30,537 INFO - ContAudITWrapper#19 - Environment state hash: a7ffc6f8bf1ed76651c14756a061d662f580ff4de43b49fa82d80a4b80f8434a
2024-10-09 01:16:30,538 INFO - ContAudITWrapper#19 - Checking environment diff...
2024-10-09 01:16:30,611 INFO - ContAudITWrapper#19 - Environment diff: 
2024-10-09 01:16:30,611 INFO - ContAudITWrapper#19 - Cleaning temporary files...
2024-10-09 01:16:30,697 INFO - ContAudITWrapper#19 - Sending to blockchain...
2024-10-09 01:16:40,716 INFO - ContAudITWrapper#19 - Response 
2024-10-09 01:16:40,718 INFO - ContAudITWrapper#19 - Finishing ContAudIT Wrapper...
