2024-10-09 01:14:42,197 INFO - ContAudITWrapper#8 - Initializing ContAudIT Wrapper...
2024-10-09 01:14:42,416 INFO - ContAudITWrapper#8 - Current directory: /home/ec2-user/Code/ufrgs-poc/contaudit-wrapper.jar
2024-10-09 01:15:02,221 INFO - ContAudITWrapper#8 - Wrapper hash: b7519188ed863d76e5199a8d880bb968bdf9124fad53b871583787e123a7a764
2024-10-09 01:15:02,351 INFO - ContAudITWrapper#8 - Validating Wrapper...
2024-10-09 01:16:04,699 INFO - ContAudITWrapper#8 - Response true
2024-10-09 01:16:05,051 INFO - ContAudITWrapper#8 - Application hash: e36ee2d35f8c4c41bd358782dfb3ac8852b40439d350ff27616f0c18819ce9bf
2024-10-09 01:16:05,052 INFO - ContAudITWrapper#8 - Validating Application...
2024-10-09 01:16:14,039 INFO - ContAudITWrapper#8 - Response true
2024-10-09 01:16:14,051 INFO - ContAudITWrapper#8 - Artifact apache2.workflow hash: bdb4cee855e21446b6ae53ddcb76a1632ef8c4545b5db0517e01ffd552157f6e
2024-10-09 01:16:14,076 INFO - ContAudITWrapper#8 - Validating Artifact...
2024-10-09 01:16:23,833 INFO - ContAudITWrapper#8 - Response true
2024-10-09 01:16:23,840 INFO - ContAudITWrapper#8 - Running pre-command actions...
2024-10-09 01:16:23,841 INFO - ContAudITWrapper#8 - Analyzing current environment state...
2024-10-09 01:16:24,024 INFO - ContAudITWrapper#8 - Saving current environment state...
2024-10-09 01:16:24,025 INFO - ContAudITWrapper#8 - Environment state hash: a7ffc6f8bf1ed76651c14756a061d662f580ff4de43b49fa82d80a4b80f8434a
2024-10-09 01:16:24,025 INFO - ContAudITWrapper#8 - Executing command...
2024-10-09 01:16:25,536 INFO - ContAudITWrapper#8 - Command output: 
2024-10-09 01:16:24.139573927 [executor] Initializing the workflow...
[apache2_workflow] Apache HTTP Server already installed.
[apache2_workflow] UserDir module already loaded.
[apache2_workflow] Configs to UserDir already exist.
[apache2_workflow] public_html directory already exists in /home/ec2-user.
[apache2_workflow] Creating a simple webpage...
[apache2_workflow] Moving webpage to Apache HTTP Server user website folder...
[apache2_workflow] Page moved successfully!
2024-10-09 01:16:25.535279900 [executor] Finished!

2024-10-09 01:16:25,536 INFO - ContAudITWrapper#8 - Running post-command actions...
2024-10-09 01:16:25,536 INFO - ContAudITWrapper#8 - Analyzing current environment state...
2024-10-09 01:16:25,665 INFO - ContAudITWrapper#8 - Saving current environment state...
2024-10-09 01:16:25,665 INFO - ContAudITWrapper#8 - Environment state hash: a7ffc6f8bf1ed76651c14756a061d662f580ff4de43b49fa82d80a4b80f8434a
2024-10-09 01:16:25,665 INFO - ContAudITWrapper#8 - Checking environment diff...
2024-10-09 01:16:25,718 INFO - ContAudITWrapper#8 - Environment diff: 
2024-10-09 01:16:25,718 INFO - ContAudITWrapper#8 - Cleaning temporary files...
2024-10-09 01:16:25,778 INFO - ContAudITWrapper#8 - Sending to blockchain...
2024-10-09 01:16:37,669 INFO - ContAudITWrapper#8 - Response 
2024-10-09 01:16:37,670 INFO - ContAudITWrapper#8 - Finishing ContAudIT Wrapper...
