2024-10-09 01:14:42,578 INFO - ContAudITWrapper#24 - Initializing ContAudIT Wrapper...
2024-10-09 01:14:42,656 INFO - ContAudITWrapper#24 - Current directory: /home/ec2-user/Code/ufrgs-poc/contaudit-wrapper.jar
2024-10-09 01:15:01,586 INFO - ContAudITWrapper#24 - Wrapper hash: b7519188ed863d76e5199a8d880bb968bdf9124fad53b871583787e123a7a764
2024-10-09 01:15:01,603 INFO - ContAudITWrapper#24 - Validating Wrapper...
2024-10-09 01:16:01,976 INFO - ContAudITWrapper#24 - Response true
2024-10-09 01:16:02,202 INFO - ContAudITWrapper#24 - Application hash: e36ee2d35f8c4c41bd358782dfb3ac8852b40439d350ff27616f0c18819ce9bf
2024-10-09 01:16:02,203 INFO - ContAudITWrapper#24 - Validating Application...
2024-10-09 01:16:11,550 INFO - ContAudITWrapper#24 - Response true
2024-10-09 01:16:11,731 INFO - ContAudITWrapper#24 - Artifact apache2.workflow hash: bdb4cee855e21446b6ae53ddcb76a1632ef8c4545b5db0517e01ffd552157f6e
2024-10-09 01:16:11,747 INFO - ContAudITWrapper#24 - Validating Artifact...
2024-10-09 01:16:23,476 INFO - ContAudITWrapper#24 - Response true
2024-10-09 01:16:23,489 INFO - ContAudITWrapper#24 - Running pre-command actions...
2024-10-09 01:16:23,490 INFO - ContAudITWrapper#24 - Analyzing current environment state...
2024-10-09 01:16:23,802 INFO - ContAudITWrapper#24 - Saving current environment state...
2024-10-09 01:16:23,803 INFO - ContAudITWrapper#24 - Environment state hash: a7ffc6f8bf1ed76651c14756a061d662f580ff4de43b49fa82d80a4b80f8434a
2024-10-09 01:16:23,804 INFO - ContAudITWrapper#24 - Executing command...
2024-10-09 01:16:25,548 INFO - ContAudITWrapper#24 - Command output: 
2024-10-09 01:16:24.025130517 [executor] Initializing the workflow...
[apache2_workflow] Apache HTTP Server already installed.
[apache2_workflow] UserDir module already loaded.
[apache2_workflow] Configs to UserDir already exist.
[apache2_workflow] public_html directory already exists in /home/ec2-user.
[apache2_workflow] Creating a simple webpage...
[apache2_workflow] Moving webpage to Apache HTTP Server user website folder...
[apache2_workflow] Page moved successfully!
2024-10-09 01:16:25.547218973 [executor] Finished!

2024-10-09 01:16:25,548 INFO - ContAudITWrapper#24 - Running post-command actions...
2024-10-09 01:16:25,548 INFO - ContAudITWrapper#24 - Analyzing current environment state...
2024-10-09 01:16:25,735 INFO - ContAudITWrapper#24 - Saving current environment state...
2024-10-09 01:16:25,736 INFO - ContAudITWrapper#24 - Environment state hash: a7ffc6f8bf1ed76651c14756a061d662f580ff4de43b49fa82d80a4b80f8434a
2024-10-09 01:16:25,736 INFO - ContAudITWrapper#24 - Checking environment diff...
2024-10-09 01:16:25,784 INFO - ContAudITWrapper#24 - Environment diff: 
2024-10-09 01:16:25,784 INFO - ContAudITWrapper#24 - Cleaning temporary files...
2024-10-09 01:16:25,966 INFO - ContAudITWrapper#24 - Sending to blockchain...
2024-10-09 01:16:39,079 INFO - ContAudITWrapper#24 - Response 
2024-10-09 01:16:39,080 INFO - ContAudITWrapper#24 - Finishing ContAudIT Wrapper...
