2024-10-09 01:14:41,296 INFO - ContAudITWrapper#14 - Initializing ContAudIT Wrapper...
2024-10-09 01:14:41,481 INFO - ContAudITWrapper#14 - Current directory: /home/ec2-user/Code/ufrgs-poc/contaudit-wrapper.jar
2024-10-09 01:14:59,757 INFO - ContAudITWrapper#14 - Wrapper hash: b7519188ed863d76e5199a8d880bb968bdf9124fad53b871583787e123a7a764
2024-10-09 01:14:59,807 INFO - ContAudITWrapper#14 - Validating Wrapper...
2024-10-09 01:15:56,287 INFO - ContAudITWrapper#14 - Response true
2024-10-09 01:15:56,489 INFO - ContAudITWrapper#14 - Application hash: e36ee2d35f8c4c41bd358782dfb3ac8852b40439d350ff27616f0c18819ce9bf
2024-10-09 01:15:56,490 INFO - ContAudITWrapper#14 - Validating Application...
2024-10-09 01:16:10,618 INFO - ContAudITWrapper#14 - Response true
2024-10-09 01:16:10,626 INFO - ContAudITWrapper#14 - Artifact apache2.workflow hash: bdb4cee855e21446b6ae53ddcb76a1632ef8c4545b5db0517e01ffd552157f6e
2024-10-09 01:16:10,654 INFO - ContAudITWrapper#14 - Validating Artifact...
2024-10-09 01:16:18,968 INFO - ContAudITWrapper#14 - Response true
2024-10-09 01:16:18,976 INFO - ContAudITWrapper#14 - Running pre-command actions...
2024-10-09 01:16:18,978 INFO - ContAudITWrapper#14 - Analyzing current environment state...
2024-10-09 01:16:19,157 INFO - ContAudITWrapper#14 - Saving current environment state...
2024-10-09 01:16:19,158 INFO - ContAudITWrapper#14 - Environment state hash: a7ffc6f8bf1ed76651c14756a061d662f580ff4de43b49fa82d80a4b80f8434a
2024-10-09 01:16:19,159 INFO - ContAudITWrapper#14 - Executing command...
2024-10-09 01:16:20,320 INFO - ContAudITWrapper#14 - Command output: 
2024-10-09 01:16:19.320595533 [executor] Initializing the workflow...
[apache2_workflow] Apache HTTP Server already installed.
[apache2_workflow] UserDir module already loaded.
[apache2_workflow] Configs to UserDir already exist.
[apache2_workflow] public_html directory already exists in /home/ec2-user.
[apache2_workflow] Creating a simple webpage...
[apache2_workflow] Moving webpage to Apache HTTP Server user website folder...
[apache2_workflow] Page moved successfully!
2024-10-09 01:16:20.318559602 [executor] Finished!

2024-10-09 01:16:20,320 INFO - ContAudITWrapper#14 - Running post-command actions...
2024-10-09 01:16:20,321 INFO - ContAudITWrapper#14 - Analyzing current environment state...
2024-10-09 01:16:20,551 INFO - ContAudITWrapper#14 - Saving current environment state...
2024-10-09 01:16:20,552 INFO - ContAudITWrapper#14 - Environment state hash: a7ffc6f8bf1ed76651c14756a061d662f580ff4de43b49fa82d80a4b80f8434a
2024-10-09 01:16:20,552 INFO - ContAudITWrapper#14 - Checking environment diff...
2024-10-09 01:16:20,605 INFO - ContAudITWrapper#14 - Environment diff: 
2024-10-09 01:16:20,606 INFO - ContAudITWrapper#14 - Cleaning temporary files...
2024-10-09 01:16:20,717 INFO - ContAudITWrapper#14 - Sending to blockchain...
2024-10-09 01:16:29,923 INFO - ContAudITWrapper#14 - Response 
2024-10-09 01:16:29,925 INFO - ContAudITWrapper#14 - Finishing ContAudIT Wrapper...
