2024-10-09 01:14:41,906 INFO - ContAudITWrapper#45 - Initializing ContAudIT Wrapper...
2024-10-09 01:14:42,098 INFO - ContAudITWrapper#45 - Current directory: /home/ec2-user/Code/ufrgs-poc/contaudit-wrapper.jar
2024-10-09 01:15:03,058 INFO - ContAudITWrapper#45 - Wrapper hash: b7519188ed863d76e5199a8d880bb968bdf9124fad53b871583787e123a7a764
2024-10-09 01:15:03,144 INFO - ContAudITWrapper#45 - Validating Wrapper...
2024-10-09 01:16:02,911 INFO - ContAudITWrapper#45 - Response true
2024-10-09 01:16:03,163 INFO - ContAudITWrapper#45 - Application hash: e36ee2d35f8c4c41bd358782dfb3ac8852b40439d350ff27616f0c18819ce9bf
2024-10-09 01:16:03,190 INFO - ContAudITWrapper#45 - Validating Application...
2024-10-09 01:16:14,240 INFO - ContAudITWrapper#45 - Response true
2024-10-09 01:16:14,264 INFO - ContAudITWrapper#45 - Artifact apache2.workflow hash: bdb4cee855e21446b6ae53ddcb76a1632ef8c4545b5db0517e01ffd552157f6e
2024-10-09 01:16:14,374 INFO - ContAudITWrapper#45 - Validating Artifact...
2024-10-09 01:16:24,429 INFO - ContAudITWrapper#45 - Response true
2024-10-09 01:16:24,439 INFO - ContAudITWrapper#45 - Running pre-command actions...
2024-10-09 01:16:24,440 INFO - ContAudITWrapper#45 - Analyzing current environment state...
2024-10-09 01:16:24,579 INFO - ContAudITWrapper#45 - Saving current environment state...
2024-10-09 01:16:24,580 INFO - ContAudITWrapper#45 - Environment state hash: a7ffc6f8bf1ed76651c14756a061d662f580ff4de43b49fa82d80a4b80f8434a
2024-10-09 01:16:24,581 INFO - ContAudITWrapper#45 - Executing command...
2024-10-09 01:16:26,004 INFO - ContAudITWrapper#45 - Command output: 
2024-10-09 01:16:24.692390297 [executor] Initializing the workflow...
[apache2_workflow] Apache HTTP Server already installed.
[apache2_workflow] UserDir module already loaded.
[apache2_workflow] Configs to UserDir already exist.
[apache2_workflow] public_html directory already exists in /home/ec2-user.
[apache2_workflow] Creating a simple webpage...
[apache2_workflow] Moving webpage to Apache HTTP Server user website folder...
[apache2_workflow] Page moved successfully!
2024-10-09 01:16:25.998261864 [executor] Finished!

2024-10-09 01:16:26,004 INFO - ContAudITWrapper#45 - Running post-command actions...
2024-10-09 01:16:26,005 INFO - ContAudITWrapper#45 - Analyzing current environment state...
2024-10-09 01:16:26,152 INFO - ContAudITWrapper#45 - Saving current environment state...
2024-10-09 01:16:26,153 INFO - ContAudITWrapper#45 - Environment state hash: a7ffc6f8bf1ed76651c14756a061d662f580ff4de43b49fa82d80a4b80f8434a
2024-10-09 01:16:26,153 INFO - ContAudITWrapper#45 - Checking environment diff...
2024-10-09 01:16:26,315 INFO - ContAudITWrapper#45 - Environment diff: 
2024-10-09 01:16:26,316 INFO - ContAudITWrapper#45 - Cleaning temporary files...
2024-10-09 01:16:26,357 INFO - ContAudITWrapper#45 - Sending to blockchain...
2024-10-09 01:16:37,023 INFO - ContAudITWrapper#45 - Response 
2024-10-09 01:16:37,025 INFO - ContAudITWrapper#45 - Finishing ContAudIT Wrapper...
