2024-10-09 01:14:42,453 INFO - ContAudITWrapper#77 - Initializing ContAudIT Wrapper...
2024-10-09 01:14:42,582 INFO - ContAudITWrapper#77 - Current directory: /home/ec2-user/Code/ufrgs-poc/contaudit-wrapper.jar
2024-10-09 01:15:03,332 INFO - ContAudITWrapper#77 - Wrapper hash: b7519188ed863d76e5199a8d880bb968bdf9124fad53b871583787e123a7a764
2024-10-09 01:15:03,484 INFO - ContAudITWrapper#77 - Validating Wrapper...
2024-10-09 01:16:06,752 INFO - ContAudITWrapper#77 - Response true
2024-10-09 01:16:07,355 INFO - ContAudITWrapper#77 - Application hash: e36ee2d35f8c4c41bd358782dfb3ac8852b40439d350ff27616f0c18819ce9bf
2024-10-09 01:16:07,356 INFO - ContAudITWrapper#77 - Validating Application...
2024-10-09 01:16:17,826 INFO - ContAudITWrapper#77 - Response true
2024-10-09 01:16:17,832 INFO - ContAudITWrapper#77 - Artifact apache2.workflow hash: bdb4cee855e21446b6ae53ddcb76a1632ef8c4545b5db0517e01ffd552157f6e
2024-10-09 01:16:17,842 INFO - ContAudITWrapper#77 - Validating Artifact...
2024-10-09 01:16:29,966 INFO - ContAudITWrapper#77 - Response true
2024-10-09 01:16:29,975 INFO - ContAudITWrapper#77 - Running pre-command actions...
2024-10-09 01:16:29,976 INFO - ContAudITWrapper#77 - Analyzing current environment state...
2024-10-09 01:16:30,285 INFO - ContAudITWrapper#77 - Saving current environment state...
2024-10-09 01:16:30,286 INFO - ContAudITWrapper#77 - Environment state hash: a7ffc6f8bf1ed76651c14756a061d662f580ff4de43b49fa82d80a4b80f8434a
2024-10-09 01:16:30,286 INFO - ContAudITWrapper#77 - Executing command...
2024-10-09 01:16:31,329 INFO - ContAudITWrapper#77 - Command output: 
2024-10-09 01:16:30.328400085 [executor] Initializing the workflow...
[apache2_workflow] Apache HTTP Server already installed.
[apache2_workflow] UserDir module already loaded.
[apache2_workflow] Configs to UserDir already exist.
[apache2_workflow] public_html directory already exists in /home/ec2-user.
[apache2_workflow] Creating a simple webpage...
[apache2_workflow] Moving webpage to Apache HTTP Server user website folder...
[apache2_workflow] Page moved successfully!
2024-10-09 01:16:31.326482931 [executor] Finished!

2024-10-09 01:16:31,329 INFO - ContAudITWrapper#77 - Running post-command actions...
2024-10-09 01:16:31,330 INFO - ContAudITWrapper#77 - Analyzing current environment state...
2024-10-09 01:16:31,427 INFO - ContAudITWrapper#77 - Saving current environment state...
2024-10-09 01:16:31,428 INFO - ContAudITWrapper#77 - Environment state hash: a7ffc6f8bf1ed76651c14756a061d662f580ff4de43b49fa82d80a4b80f8434a
2024-10-09 01:16:31,430 INFO - ContAudITWrapper#77 - Checking environment diff...
2024-10-09 01:16:31,486 INFO - ContAudITWrapper#77 - Environment diff: 
2024-10-09 01:16:31,486 INFO - ContAudITWrapper#77 - Cleaning temporary files...
2024-10-09 01:16:31,540 INFO - ContAudITWrapper#77 - Sending to blockchain...
2024-10-09 01:16:40,989 INFO - ContAudITWrapper#77 - Response 
2024-10-09 01:16:40,991 INFO - ContAudITWrapper#77 - Finishing ContAudIT Wrapper...
