2024-10-09 01:14:42,498 INFO - ContAudITWrapper#85 - Initializing ContAudIT Wrapper...
2024-10-09 01:14:42,658 INFO - ContAudITWrapper#85 - Current directory: /home/ec2-user/Code/ufrgs-poc/contaudit-wrapper.jar
2024-10-09 01:15:01,198 INFO - ContAudITWrapper#85 - Wrapper hash: b7519188ed863d76e5199a8d880bb968bdf9124fad53b871583787e123a7a764
2024-10-09 01:15:01,242 INFO - ContAudITWrapper#85 - Validating Wrapper...
2024-10-09 01:16:00,702 INFO - ContAudITWrapper#85 - Response true
2024-10-09 01:16:01,245 INFO - ContAudITWrapper#85 - Application hash: e36ee2d35f8c4c41bd358782dfb3ac8852b40439d350ff27616f0c18819ce9bf
2024-10-09 01:16:01,247 INFO - ContAudITWrapper#85 - Validating Application...
2024-10-09 01:16:16,639 INFO - ContAudITWrapper#85 - Response true
2024-10-09 01:16:16,652 INFO - ContAudITWrapper#85 - Artifact apache2.workflow hash: bdb4cee855e21446b6ae53ddcb76a1632ef8c4545b5db0517e01ffd552157f6e
2024-10-09 01:16:16,758 INFO - ContAudITWrapper#85 - Validating Artifact...
2024-10-09 01:16:28,973 INFO - ContAudITWrapper#85 - Response true
2024-10-09 01:16:28,983 INFO - ContAudITWrapper#85 - Running pre-command actions...
2024-10-09 01:16:28,987 INFO - ContAudITWrapper#85 - Analyzing current environment state...
2024-10-09 01:16:29,172 INFO - ContAudITWrapper#85 - Saving current environment state...
2024-10-09 01:16:29,173 INFO - ContAudITWrapper#85 - Environment state hash: a7ffc6f8bf1ed76651c14756a061d662f580ff4de43b49fa82d80a4b80f8434a
2024-10-09 01:16:29,174 INFO - ContAudITWrapper#85 - Executing command...
2024-10-09 01:16:30,592 INFO - ContAudITWrapper#85 - Command output: 
2024-10-09 01:16:29.437335005 [executor] Initializing the workflow...
[apache2_workflow] Apache HTTP Server already installed.
[apache2_workflow] UserDir module already loaded.
[apache2_workflow] Configs to UserDir already exist.
[apache2_workflow] public_html directory already exists in /home/ec2-user.
[apache2_workflow] Creating a simple webpage...
[apache2_workflow] Moving webpage to Apache HTTP Server user website folder...
[apache2_workflow] Page moved successfully!
2024-10-09 01:16:30.587170917 [executor] Finished!

2024-10-09 01:16:30,592 INFO - ContAudITWrapper#85 - Running post-command actions...
2024-10-09 01:16:30,592 INFO - ContAudITWrapper#85 - Analyzing current environment state...
2024-10-09 01:16:30,649 INFO - ContAudITWrapper#85 - Saving current environment state...
2024-10-09 01:16:30,650 INFO - ContAudITWrapper#85 - Environment state hash: a7ffc6f8bf1ed76651c14756a061d662f580ff4de43b49fa82d80a4b80f8434a
2024-10-09 01:16:30,650 INFO - ContAudITWrapper#85 - Checking environment diff...
2024-10-09 01:16:30,804 INFO - ContAudITWrapper#85 - Environment diff: 
2024-10-09 01:16:30,805 INFO - ContAudITWrapper#85 - Cleaning temporary files...
2024-10-09 01:16:30,838 INFO - ContAudITWrapper#85 - Sending to blockchain...
2024-10-09 01:16:42,778 INFO - ContAudITWrapper#85 - Response 
2024-10-09 01:16:42,781 INFO - ContAudITWrapper#85 - Finishing ContAudIT Wrapper...
