2024-10-09 01:14:42,489 INFO - ContAudITWrapper#75 - Initializing ContAudIT Wrapper...
2024-10-09 01:14:42,684 INFO - ContAudITWrapper#75 - Current directory: /home/ec2-user/Code/ufrgs-poc/contaudit-wrapper.jar
2024-10-09 01:15:02,793 INFO - ContAudITWrapper#75 - Wrapper hash: b7519188ed863d76e5199a8d880bb968bdf9124fad53b871583787e123a7a764
2024-10-09 01:15:02,937 INFO - ContAudITWrapper#75 - Validating Wrapper...
2024-10-09 01:16:01,809 INFO - ContAudITWrapper#75 - Response true
2024-10-09 01:16:01,840 INFO - ContAudITWrapper#75 - Application hash: e36ee2d35f8c4c41bd358782dfb3ac8852b40439d350ff27616f0c18819ce9bf
2024-10-09 01:16:01,848 INFO - ContAudITWrapper#75 - Validating Application...
2024-10-09 01:16:12,400 INFO - ContAudITWrapper#75 - Response true
2024-10-09 01:16:12,415 INFO - ContAudITWrapper#75 - Artifact apache2.workflow hash: bdb4cee855e21446b6ae53ddcb76a1632ef8c4545b5db0517e01ffd552157f6e
2024-10-09 01:16:12,515 INFO - ContAudITWrapper#75 - Validating Artifact...
2024-10-09 01:16:27,631 INFO - ContAudITWrapper#75 - Response true
2024-10-09 01:16:27,635 INFO - ContAudITWrapper#75 - Running pre-command actions...
2024-10-09 01:16:27,636 INFO - ContAudITWrapper#75 - Analyzing current environment state...
2024-10-09 01:16:27,785 INFO - ContAudITWrapper#75 - Saving current environment state...
2024-10-09 01:16:27,786 INFO - ContAudITWrapper#75 - Environment state hash: a7ffc6f8bf1ed76651c14756a061d662f580ff4de43b49fa82d80a4b80f8434a
2024-10-09 01:16:27,786 INFO - ContAudITWrapper#75 - Executing command...
2024-10-09 01:16:29,057 INFO - ContAudITWrapper#75 - Command output: 
2024-10-09 01:16:27.844633739 [executor] Initializing the workflow...
[apache2_workflow] Apache HTTP Server already installed.
[apache2_workflow] UserDir module already loaded.
[apache2_workflow] Configs to UserDir already exist.
[apache2_workflow] public_html directory already exists in /home/ec2-user.
[apache2_workflow] Creating a simple webpage...
[apache2_workflow] Moving webpage to Apache HTTP Server user website folder...
[apache2_workflow] Page moved successfully!
2024-10-09 01:16:29.054600934 [executor] Finished!

2024-10-09 01:16:29,057 INFO - ContAudITWrapper#75 - Running post-command actions...
2024-10-09 01:16:29,057 INFO - ContAudITWrapper#75 - Analyzing current environment state...
2024-10-09 01:16:29,120 INFO - ContAudITWrapper#75 - Saving current environment state...
2024-10-09 01:16:29,121 INFO - ContAudITWrapper#75 - Environment state hash: a7ffc6f8bf1ed76651c14756a061d662f580ff4de43b49fa82d80a4b80f8434a
2024-10-09 01:16:29,121 INFO - ContAudITWrapper#75 - Checking environment diff...
2024-10-09 01:16:29,167 INFO - ContAudITWrapper#75 - Environment diff: 
2024-10-09 01:16:29,167 INFO - ContAudITWrapper#75 - Cleaning temporary files...
2024-10-09 01:16:29,220 INFO - ContAudITWrapper#75 - Sending to blockchain...
2024-10-09 01:16:40,024 INFO - ContAudITWrapper#75 - Response 
2024-10-09 01:16:40,036 INFO - ContAudITWrapper#75 - Finishing ContAudIT Wrapper...
