2024-10-09 01:14:41,999 INFO - ContAudITWrapper#62 - Initializing ContAudIT Wrapper...
2024-10-09 01:14:42,201 INFO - ContAudITWrapper#62 - Current directory: /home/ec2-user/Code/ufrgs-poc/contaudit-wrapper.jar
2024-10-09 01:15:00,614 INFO - ContAudITWrapper#62 - Wrapper hash: b7519188ed863d76e5199a8d880bb968bdf9124fad53b871583787e123a7a764
2024-10-09 01:15:00,656 INFO - ContAudITWrapper#62 - Validating Wrapper...
2024-10-09 01:15:59,435 INFO - ContAudITWrapper#62 - Response true
2024-10-09 01:15:59,467 INFO - ContAudITWrapper#62 - Application hash: e36ee2d35f8c4c41bd358782dfb3ac8852b40439d350ff27616f0c18819ce9bf
2024-10-09 01:15:59,468 INFO - ContAudITWrapper#62 - Validating Application...
2024-10-09 01:16:13,445 INFO - ContAudITWrapper#62 - Response true
2024-10-09 01:16:13,451 INFO - ContAudITWrapper#62 - Artifact apache2.workflow hash: bdb4cee855e21446b6ae53ddcb76a1632ef8c4545b5db0517e01ffd552157f6e
2024-10-09 01:16:13,576 INFO - ContAudITWrapper#62 - Validating Artifact...
2024-10-09 01:16:27,417 INFO - ContAudITWrapper#62 - Response true
2024-10-09 01:16:27,419 INFO - ContAudITWrapper#62 - Running pre-command actions...
2024-10-09 01:16:27,422 INFO - ContAudITWrapper#62 - Analyzing current environment state...
2024-10-09 01:16:27,660 INFO - ContAudITWrapper#62 - Saving current environment state...
2024-10-09 01:16:27,661 INFO - ContAudITWrapper#62 - Environment state hash: a7ffc6f8bf1ed76651c14756a061d662f580ff4de43b49fa82d80a4b80f8434a
2024-10-09 01:16:27,663 INFO - ContAudITWrapper#62 - Executing command...
2024-10-09 01:16:29,398 INFO - ContAudITWrapper#62 - Command output: 
2024-10-09 01:16:27.803302010 [executor] Initializing the workflow...
[apache2_workflow] Apache HTTP Server already installed.
[apache2_workflow] UserDir module already loaded.
[apache2_workflow] Configs to UserDir already exist.
[apache2_workflow] public_html directory already exists in /home/ec2-user.
[apache2_workflow] Creating a simple webpage...
[apache2_workflow] Moving webpage to Apache HTTP Server user website folder...
[apache2_workflow] Page moved successfully!
2024-10-09 01:16:29.397496929 [executor] Finished!

2024-10-09 01:16:29,398 INFO - ContAudITWrapper#62 - Running post-command actions...
2024-10-09 01:16:29,399 INFO - ContAudITWrapper#62 - Analyzing current environment state...
2024-10-09 01:16:29,563 INFO - ContAudITWrapper#62 - Saving current environment state...
2024-10-09 01:16:29,563 INFO - ContAudITWrapper#62 - Environment state hash: a7ffc6f8bf1ed76651c14756a061d662f580ff4de43b49fa82d80a4b80f8434a
2024-10-09 01:16:29,564 INFO - ContAudITWrapper#62 - Checking environment diff...
2024-10-09 01:16:29,735 INFO - ContAudITWrapper#62 - Environment diff: 
2024-10-09 01:16:29,735 INFO - ContAudITWrapper#62 - Cleaning temporary files...
2024-10-09 01:16:29,771 INFO - ContAudITWrapper#62 - Sending to blockchain...
2024-10-09 01:16:40,470 INFO - ContAudITWrapper#62 - Response 
2024-10-09 01:16:40,472 INFO - ContAudITWrapper#62 - Finishing ContAudIT Wrapper...
