2024-10-09 01:14:42,373 INFO - ContAudITWrapper#12 - Initializing ContAudIT Wrapper...
2024-10-09 01:14:42,580 INFO - ContAudITWrapper#12 - Current directory: /home/ec2-user/Code/ufrgs-poc/contaudit-wrapper.jar
2024-10-09 01:15:00,599 INFO - ContAudITWrapper#12 - Wrapper hash: b7519188ed863d76e5199a8d880bb968bdf9124fad53b871583787e123a7a764
2024-10-09 01:15:00,661 INFO - ContAudITWrapper#12 - Validating Wrapper...
2024-10-09 01:16:00,192 INFO - ContAudITWrapper#12 - Response true
2024-10-09 01:16:00,268 INFO - ContAudITWrapper#12 - Application hash: e36ee2d35f8c4c41bd358782dfb3ac8852b40439d350ff27616f0c18819ce9bf
2024-10-09 01:16:00,269 INFO - ContAudITWrapper#12 - Validating Application...
2024-10-09 01:16:11,983 INFO - ContAudITWrapper#12 - Response true
2024-10-09 01:16:12,025 INFO - ContAudITWrapper#12 - Artifact apache2.workflow hash: bdb4cee855e21446b6ae53ddcb76a1632ef8c4545b5db0517e01ffd552157f6e
2024-10-09 01:16:12,046 INFO - ContAudITWrapper#12 - Validating Artifact...
2024-10-09 01:16:22,020 INFO - ContAudITWrapper#12 - Response true
2024-10-09 01:16:22,037 INFO - ContAudITWrapper#12 - Running pre-command actions...
2024-10-09 01:16:22,040 INFO - ContAudITWrapper#12 - Analyzing current environment state...
2024-10-09 01:16:22,222 INFO - ContAudITWrapper#12 - Saving current environment state...
2024-10-09 01:16:22,223 INFO - ContAudITWrapper#12 - Environment state hash: a7ffc6f8bf1ed76651c14756a061d662f580ff4de43b49fa82d80a4b80f8434a
2024-10-09 01:16:22,223 INFO - ContAudITWrapper#12 - Executing command...
2024-10-09 01:16:23,622 INFO - ContAudITWrapper#12 - Command output: 
2024-10-09 01:16:22.356033783 [executor] Initializing the workflow...
[apache2_workflow] Apache HTTP Server already installed.
[apache2_workflow] UserDir module already loaded.
[apache2_workflow] Configs to UserDir already exist.
[apache2_workflow] public_html directory already exists in /home/ec2-user.
[apache2_workflow] Creating a simple webpage...
[apache2_workflow] Moving webpage to Apache HTTP Server user website folder...
[apache2_workflow] Page moved successfully!
2024-10-09 01:16:23.621642702 [executor] Finished!

2024-10-09 01:16:23,622 INFO - ContAudITWrapper#12 - Running post-command actions...
2024-10-09 01:16:23,623 INFO - ContAudITWrapper#12 - Analyzing current environment state...
2024-10-09 01:16:23,760 INFO - ContAudITWrapper#12 - Saving current environment state...
2024-10-09 01:16:23,761 INFO - ContAudITWrapper#12 - Environment state hash: a7ffc6f8bf1ed76651c14756a061d662f580ff4de43b49fa82d80a4b80f8434a
2024-10-09 01:16:23,761 INFO - ContAudITWrapper#12 - Checking environment diff...
2024-10-09 01:16:23,832 INFO - ContAudITWrapper#12 - Environment diff: 
2024-10-09 01:16:23,832 INFO - ContAudITWrapper#12 - Cleaning temporary files...
2024-10-09 01:16:23,910 INFO - ContAudITWrapper#12 - Sending to blockchain...
2024-10-09 01:16:38,257 INFO - ContAudITWrapper#12 - Response 
2024-10-09 01:16:38,258 INFO - ContAudITWrapper#12 - Finishing ContAudIT Wrapper...
