2024-10-09 01:14:42,041 INFO - ContAudITWrapper#6 - Initializing ContAudIT Wrapper...
2024-10-09 01:14:42,268 INFO - ContAudITWrapper#6 - Current directory: /home/ec2-user/Code/ufrgs-poc/contaudit-wrapper.jar
2024-10-09 01:15:02,602 INFO - ContAudITWrapper#6 - Wrapper hash: b7519188ed863d76e5199a8d880bb968bdf9124fad53b871583787e123a7a764
2024-10-09 01:15:02,641 INFO - ContAudITWrapper#6 - Validating Wrapper...
2024-10-09 01:16:03,092 INFO - ContAudITWrapper#6 - Response true
2024-10-09 01:16:03,199 INFO - ContAudITWrapper#6 - Application hash: e36ee2d35f8c4c41bd358782dfb3ac8852b40439d350ff27616f0c18819ce9bf
2024-10-09 01:16:03,200 INFO - ContAudITWrapper#6 - Validating Application...
2024-10-09 01:16:17,562 INFO - ContAudITWrapper#6 - Response true
2024-10-09 01:16:17,570 INFO - ContAudITWrapper#6 - Artifact apache2.workflow hash: bdb4cee855e21446b6ae53ddcb76a1632ef8c4545b5db0517e01ffd552157f6e
2024-10-09 01:16:17,580 INFO - ContAudITWrapper#6 - Validating Artifact...
2024-10-09 01:16:28,569 INFO - ContAudITWrapper#6 - Response true
2024-10-09 01:16:28,578 INFO - ContAudITWrapper#6 - Running pre-command actions...
2024-10-09 01:16:28,579 INFO - ContAudITWrapper#6 - Analyzing current environment state...
2024-10-09 01:16:28,734 INFO - ContAudITWrapper#6 - Saving current environment state...
2024-10-09 01:16:28,735 INFO - ContAudITWrapper#6 - Environment state hash: a7ffc6f8bf1ed76651c14756a061d662f580ff4de43b49fa82d80a4b80f8434a
2024-10-09 01:16:28,735 INFO - ContAudITWrapper#6 - Executing command...
2024-10-09 01:16:30,420 INFO - ContAudITWrapper#6 - Command output: 
2024-10-09 01:16:28.928271573 [executor] Initializing the workflow...
[apache2_workflow] Apache HTTP Server already installed.
[apache2_workflow] UserDir module already loaded.
[apache2_workflow] Configs to UserDir already exist.
[apache2_workflow] public_html directory already exists in /home/ec2-user.
[apache2_workflow] Creating a simple webpage...
[apache2_workflow] Moving webpage to Apache HTTP Server user website folder...
[apache2_workflow] Page moved successfully!
2024-10-09 01:16:30.419048822 [executor] Finished!

2024-10-09 01:16:30,420 INFO - ContAudITWrapper#6 - Running post-command actions...
2024-10-09 01:16:30,420 INFO - ContAudITWrapper#6 - Analyzing current environment state...
2024-10-09 01:16:30,582 INFO - ContAudITWrapper#6 - Saving current environment state...
2024-10-09 01:16:30,583 INFO - ContAudITWrapper#6 - Environment state hash: a7ffc6f8bf1ed76651c14756a061d662f580ff4de43b49fa82d80a4b80f8434a
2024-10-09 01:16:30,583 INFO - ContAudITWrapper#6 - Checking environment diff...
2024-10-09 01:16:30,694 INFO - ContAudITWrapper#6 - Environment diff: 
2024-10-09 01:16:30,695 INFO - ContAudITWrapper#6 - Cleaning temporary files...
2024-10-09 01:16:30,719 INFO - ContAudITWrapper#6 - Sending to blockchain...
2024-10-09 01:16:41,027 INFO - ContAudITWrapper#6 - Response 
2024-10-09 01:16:41,028 INFO - ContAudITWrapper#6 - Finishing ContAudIT Wrapper...
