2024-06-24 00:47:36,796 INFO - ContAudITWrapper#12 - Initializing ContAudIT Wrapper...
2024-06-24 00:47:36,829 INFO - ContAudITWrapper#12 - Current directory: /home/kali/Code/ufrgs-poc/contaudit-wrapper.jar
2024-06-24 00:47:42,057 INFO - ContAudITWrapper#12 - Wrapper hash: c76a1b1bb9edc25f91da61e17225b6709df7b63d34810aab1d42c0f930950c0b
2024-06-24 00:47:42,071 INFO - ContAudITWrapper#12 - Validating Wrapper...
2024-06-24 00:48:00,563 INFO - ContAudITWrapper#12 - Response true
2024-06-24 00:48:00,664 INFO - ContAudITWrapper#12 - Application hash: e36ee2d35f8c4c41bd358782dfb3ac8852b40439d350ff27616f0c18819ce9bf
2024-06-24 00:48:00,670 INFO - ContAudITWrapper#12 - Validating Application...
2024-06-24 00:48:04,631 INFO - ContAudITWrapper#12 - Response true
2024-06-24 00:48:04,657 INFO - ContAudITWrapper#12 - Artifact apache2.workflow hash: 94d5f6758492dbe0e869e1486907a86cb16f7931019b4acb0e7f38c98cf1b06d
2024-06-24 00:48:04,676 INFO - ContAudITWrapper#12 - Validating Artifact...
2024-06-24 00:48:07,323 INFO - ContAudITWrapper#12 - Response true
2024-06-24 00:48:07,340 INFO - ContAudITWrapper#12 - Running pre-command actions...
2024-06-24 00:48:07,341 INFO - ContAudITWrapper#12 - Analyzing current environment state...
2024-06-24 00:48:07,654 INFO - ContAudITWrapper#12 - Saving current environment state...
2024-06-24 00:48:07,669 INFO - ContAudITWrapper#12 - Environment state hash: 1776e4b78f696d486603e30cb7241013e927d69ca8030fa37e187c49ffd758cd
2024-06-24 00:48:07,670 INFO - ContAudITWrapper#12 - Executing command...
2024-06-24 00:48:07,806 INFO - ContAudITWrapper#12 - Command output: 
2024-06-24 00:48:07.700304861 [executor] Initializing the workflow...
[apache2_workflow] Create a simple webpage...
[apache2_workflow] Move webpage to Apache HTTP Server user website folder...
2024-06-24 00:48:07.805447900 [executor] Finished!

2024-06-24 00:48:07,806 INFO - ContAudITWrapper#12 - Running post-command actions...
2024-06-24 00:48:07,807 INFO - ContAudITWrapper#12 - Analyzing current environment state...
2024-06-24 00:48:08,063 INFO - ContAudITWrapper#12 - Saving current environment state...
2024-06-24 00:48:08,096 INFO - ContAudITWrapper#12 - Environment state hash: 1776e4b78f696d486603e30cb7241013e927d69ca8030fa37e187c49ffd758cd
2024-06-24 00:48:08,106 INFO - ContAudITWrapper#12 - Checking environment diff...
2024-06-24 00:48:08,141 INFO - ContAudITWrapper#12 - Environment diff: 
2024-06-24 00:48:08,142 INFO - ContAudITWrapper#12 - Cleaning temporary files...
2024-06-24 00:48:08,179 INFO - ContAudITWrapper#12 - Sending to blockchain...
2024-06-24 00:48:16,008 INFO - ContAudITWrapper#12 - Response 
2024-06-24 00:48:16,013 INFO - ContAudITWrapper#12 - Finishing ContAudIT Wrapper...
