2024-06-24 00:47:36,873 INFO - ContAudITWrapper#7 - Initializing ContAudIT Wrapper...
2024-06-24 00:47:36,932 INFO - ContAudITWrapper#7 - Current directory: /home/kali/Code/ufrgs-poc/contaudit-wrapper.jar
2024-06-24 00:47:41,583 INFO - ContAudITWrapper#7 - Wrapper hash: c76a1b1bb9edc25f91da61e17225b6709df7b63d34810aab1d42c0f930950c0b
2024-06-24 00:47:41,610 INFO - ContAudITWrapper#7 - Validating Wrapper...
2024-06-24 00:47:59,823 INFO - ContAudITWrapper#7 - Response true
2024-06-24 00:47:59,921 INFO - ContAudITWrapper#7 - Application hash: e36ee2d35f8c4c41bd358782dfb3ac8852b40439d350ff27616f0c18819ce9bf
2024-06-24 00:47:59,931 INFO - ContAudITWrapper#7 - Validating Application...
2024-06-24 00:48:04,441 INFO - ContAudITWrapper#7 - Response true
2024-06-24 00:48:04,446 INFO - ContAudITWrapper#7 - Artifact apache2.workflow hash: 94d5f6758492dbe0e869e1486907a86cb16f7931019b4acb0e7f38c98cf1b06d
2024-06-24 00:48:04,474 INFO - ContAudITWrapper#7 - Validating Artifact...
2024-06-24 00:48:06,982 INFO - ContAudITWrapper#7 - Response true
2024-06-24 00:48:06,998 INFO - ContAudITWrapper#7 - Running pre-command actions...
2024-06-24 00:48:07,002 INFO - ContAudITWrapper#7 - Analyzing current environment state...
2024-06-24 00:48:07,293 INFO - ContAudITWrapper#7 - Saving current environment state...
2024-06-24 00:48:07,336 INFO - ContAudITWrapper#7 - Environment state hash: 1776e4b78f696d486603e30cb7241013e927d69ca8030fa37e187c49ffd758cd
2024-06-24 00:48:07,354 INFO - ContAudITWrapper#7 - Executing command...
2024-06-24 00:48:07,695 INFO - ContAudITWrapper#7 - Command output: 
2024-06-24 00:48:07.426125561 [executor] Initializing the workflow...
[apache2_workflow] Create a simple webpage...
[apache2_workflow] Move webpage to Apache HTTP Server user website folder...
2024-06-24 00:48:07.694577343 [executor] Finished!

2024-06-24 00:48:07,696 INFO - ContAudITWrapper#7 - Running post-command actions...
2024-06-24 00:48:07,697 INFO - ContAudITWrapper#7 - Analyzing current environment state...
2024-06-24 00:48:07,877 INFO - ContAudITWrapper#7 - Saving current environment state...
2024-06-24 00:48:07,888 INFO - ContAudITWrapper#7 - Environment state hash: 1776e4b78f696d486603e30cb7241013e927d69ca8030fa37e187c49ffd758cd
2024-06-24 00:48:07,889 INFO - ContAudITWrapper#7 - Checking environment diff...
2024-06-24 00:48:07,959 INFO - ContAudITWrapper#7 - Environment diff: 
2024-06-24 00:48:07,976 INFO - ContAudITWrapper#7 - Cleaning temporary files...
2024-06-24 00:48:08,040 INFO - ContAudITWrapper#7 - Sending to blockchain...
2024-06-24 00:48:16,006 INFO - ContAudITWrapper#7 - Response 
2024-06-24 00:48:16,008 INFO - ContAudITWrapper#7 - Finishing ContAudIT Wrapper...
