2024-06-24 00:47:36,944 INFO - ContAudITWrapper#8 - Initializing ContAudIT Wrapper...
2024-06-24 00:47:36,984 INFO - ContAudITWrapper#8 - Current directory: /home/kali/Code/ufrgs-poc/contaudit-wrapper.jar
2024-06-24 00:47:41,380 INFO - ContAudITWrapper#8 - Wrapper hash: c76a1b1bb9edc25f91da61e17225b6709df7b63d34810aab1d42c0f930950c0b
2024-06-24 00:47:41,399 INFO - ContAudITWrapper#8 - Validating Wrapper...
2024-06-24 00:47:58,322 INFO - ContAudITWrapper#8 - Response true
2024-06-24 00:47:58,424 INFO - ContAudITWrapper#8 - Application hash: e36ee2d35f8c4c41bd358782dfb3ac8852b40439d350ff27616f0c18819ce9bf
2024-06-24 00:47:58,425 INFO - ContAudITWrapper#8 - Validating Application...
2024-06-24 00:48:01,634 INFO - ContAudITWrapper#8 - Response true
2024-06-24 00:48:01,644 INFO - ContAudITWrapper#8 - Artifact apache2.workflow hash: 94d5f6758492dbe0e869e1486907a86cb16f7931019b4acb0e7f38c98cf1b06d
2024-06-24 00:48:01,676 INFO - ContAudITWrapper#8 - Validating Artifact...
2024-06-24 00:48:04,596 INFO - ContAudITWrapper#8 - Response true
2024-06-24 00:48:04,650 INFO - ContAudITWrapper#8 - Running pre-command actions...
2024-06-24 00:48:04,656 INFO - ContAudITWrapper#8 - Analyzing current environment state...
2024-06-24 00:48:04,897 INFO - ContAudITWrapper#8 - Saving current environment state...
2024-06-24 00:48:05,019 INFO - ContAudITWrapper#8 - Environment state hash: 1776e4b78f696d486603e30cb7241013e927d69ca8030fa37e187c49ffd758cd
2024-06-24 00:48:05,026 INFO - ContAudITWrapper#8 - Executing command...
2024-06-24 00:48:05,345 INFO - ContAudITWrapper#8 - Command output: 
2024-06-24 00:48:05.123061763 [executor] Initializing the workflow...
[apache2_workflow] Create a simple webpage...
[apache2_workflow] Move webpage to Apache HTTP Server user website folder...
2024-06-24 00:48:05.321453886 [executor] Finished!

2024-06-24 00:48:05,345 INFO - ContAudITWrapper#8 - Running post-command actions...
2024-06-24 00:48:05,345 INFO - ContAudITWrapper#8 - Analyzing current environment state...
2024-06-24 00:48:05,776 INFO - ContAudITWrapper#8 - Saving current environment state...
2024-06-24 00:48:05,779 INFO - ContAudITWrapper#8 - Environment state hash: 1776e4b78f696d486603e30cb7241013e927d69ca8030fa37e187c49ffd758cd
2024-06-24 00:48:05,782 INFO - ContAudITWrapper#8 - Checking environment diff...
2024-06-24 00:48:05,918 INFO - ContAudITWrapper#8 - Environment diff: 
2024-06-24 00:48:05,927 INFO - ContAudITWrapper#8 - Cleaning temporary files...
2024-06-24 00:48:06,000 INFO - ContAudITWrapper#8 - Sending to blockchain...
2024-06-24 00:48:12,380 INFO - ContAudITWrapper#8 - Response 
2024-06-24 00:48:12,385 INFO - ContAudITWrapper#8 - Finishing ContAudIT Wrapper...
