2024-06-24 00:47:37,003 INFO - ContAudITWrapper#10 - Initializing ContAudIT Wrapper...
2024-06-24 00:47:37,040 INFO - ContAudITWrapper#10 - Current directory: /home/kali/Code/ufrgs-poc/contaudit-wrapper.jar
2024-06-24 00:47:41,396 INFO - ContAudITWrapper#10 - Wrapper hash: c76a1b1bb9edc25f91da61e17225b6709df7b63d34810aab1d42c0f930950c0b
2024-06-24 00:47:41,410 INFO - ContAudITWrapper#10 - Validating Wrapper...
2024-06-24 00:47:57,995 INFO - ContAudITWrapper#10 - Response true
2024-06-24 00:47:58,091 INFO - ContAudITWrapper#10 - Application hash: e36ee2d35f8c4c41bd358782dfb3ac8852b40439d350ff27616f0c18819ce9bf
2024-06-24 00:47:58,094 INFO - ContAudITWrapper#10 - Validating Application...
2024-06-24 00:48:02,068 INFO - ContAudITWrapper#10 - Response true
2024-06-24 00:48:02,088 INFO - ContAudITWrapper#10 - Artifact apache2.workflow hash: 94d5f6758492dbe0e869e1486907a86cb16f7931019b4acb0e7f38c98cf1b06d
2024-06-24 00:48:02,100 INFO - ContAudITWrapper#10 - Validating Artifact...
2024-06-24 00:48:05,753 INFO - ContAudITWrapper#10 - Response true
2024-06-24 00:48:05,763 INFO - ContAudITWrapper#10 - Running pre-command actions...
2024-06-24 00:48:05,765 INFO - ContAudITWrapper#10 - Analyzing current environment state...
2024-06-24 00:48:06,194 INFO - ContAudITWrapper#10 - Saving current environment state...
2024-06-24 00:48:06,276 INFO - ContAudITWrapper#10 - Environment state hash: 1776e4b78f696d486603e30cb7241013e927d69ca8030fa37e187c49ffd758cd
2024-06-24 00:48:06,276 INFO - ContAudITWrapper#10 - Executing command...
2024-06-24 00:48:06,504 INFO - ContAudITWrapper#10 - Command output: 
2024-06-24 00:48:06.361447666 [executor] Initializing the workflow...
[apache2_workflow] Create a simple webpage...
[apache2_workflow] Move webpage to Apache HTTP Server user website folder...
2024-06-24 00:48:06.503812919 [executor] Finished!

2024-06-24 00:48:06,505 INFO - ContAudITWrapper#10 - Running post-command actions...
2024-06-24 00:48:06,505 INFO - ContAudITWrapper#10 - Analyzing current environment state...
2024-06-24 00:48:06,779 INFO - ContAudITWrapper#10 - Saving current environment state...
2024-06-24 00:48:06,802 INFO - ContAudITWrapper#10 - Environment state hash: 1776e4b78f696d486603e30cb7241013e927d69ca8030fa37e187c49ffd758cd
2024-06-24 00:48:06,808 INFO - ContAudITWrapper#10 - Checking environment diff...
2024-06-24 00:48:06,843 INFO - ContAudITWrapper#10 - Environment diff: 
2024-06-24 00:48:06,844 INFO - ContAudITWrapper#10 - Cleaning temporary files...
2024-06-24 00:48:06,862 INFO - ContAudITWrapper#10 - Sending to blockchain...
2024-06-24 00:48:12,367 INFO - ContAudITWrapper#10 - Response 
2024-06-24 00:48:12,369 INFO - ContAudITWrapper#10 - Finishing ContAudIT Wrapper...
