2024-06-24 00:47:36,953 INFO - ContAudITWrapper#3 - Initializing ContAudIT Wrapper...
2024-06-24 00:47:36,999 INFO - ContAudITWrapper#3 - Current directory: /home/kali/Code/ufrgs-poc/contaudit-wrapper.jar
2024-06-24 00:47:42,269 INFO - ContAudITWrapper#3 - Wrapper hash: c76a1b1bb9edc25f91da61e17225b6709df7b63d34810aab1d42c0f930950c0b
2024-06-24 00:47:42,298 INFO - ContAudITWrapper#3 - Validating Wrapper...
2024-06-24 00:48:00,276 INFO - ContAudITWrapper#3 - Response true
2024-06-24 00:48:00,419 INFO - ContAudITWrapper#3 - Application hash: e36ee2d35f8c4c41bd358782dfb3ac8852b40439d350ff27616f0c18819ce9bf
2024-06-24 00:48:00,421 INFO - ContAudITWrapper#3 - Validating Application...
2024-06-24 00:48:03,284 INFO - ContAudITWrapper#3 - Response true
2024-06-24 00:48:03,296 INFO - ContAudITWrapper#3 - Artifact apache2.workflow hash: 94d5f6758492dbe0e869e1486907a86cb16f7931019b4acb0e7f38c98cf1b06d
2024-06-24 00:48:03,305 INFO - ContAudITWrapper#3 - Validating Artifact...
2024-06-24 00:48:05,600 INFO - ContAudITWrapper#3 - Response true
2024-06-24 00:48:05,611 INFO - ContAudITWrapper#3 - Running pre-command actions...
2024-06-24 00:48:05,613 INFO - ContAudITWrapper#3 - Analyzing current environment state...
2024-06-24 00:48:06,098 INFO - ContAudITWrapper#3 - Saving current environment state...
2024-06-24 00:48:06,171 INFO - ContAudITWrapper#3 - Environment state hash: 1776e4b78f696d486603e30cb7241013e927d69ca8030fa37e187c49ffd758cd
2024-06-24 00:48:06,175 INFO - ContAudITWrapper#3 - Executing command...
2024-06-24 00:48:06,400 INFO - ContAudITWrapper#3 - Command output: 
2024-06-24 00:48:06.222093305 [executor] Initializing the workflow...
[apache2_workflow] Create a simple webpage...
[apache2_workflow] Move webpage to Apache HTTP Server user website folder...
2024-06-24 00:48:06.391729867 [executor] Finished!

2024-06-24 00:48:06,401 INFO - ContAudITWrapper#3 - Running post-command actions...
2024-06-24 00:48:06,408 INFO - ContAudITWrapper#3 - Analyzing current environment state...
2024-06-24 00:48:06,693 INFO - ContAudITWrapper#3 - Saving current environment state...
2024-06-24 00:48:06,708 INFO - ContAudITWrapper#3 - Environment state hash: 1776e4b78f696d486603e30cb7241013e927d69ca8030fa37e187c49ffd758cd
2024-06-24 00:48:06,710 INFO - ContAudITWrapper#3 - Checking environment diff...
2024-06-24 00:48:06,758 INFO - ContAudITWrapper#3 - Environment diff: 
2024-06-24 00:48:06,759 INFO - ContAudITWrapper#3 - Cleaning temporary files...
2024-06-24 00:48:06,792 INFO - ContAudITWrapper#3 - Sending to blockchain...
2024-06-24 00:48:12,372 INFO - ContAudITWrapper#3 - Response 
2024-06-24 00:48:12,374 INFO - ContAudITWrapper#3 - Finishing ContAudIT Wrapper...
