2024-06-24 00:47:36,994 INFO - ContAudITWrapper#4 - Initializing ContAudIT Wrapper...
2024-06-24 00:47:37,045 INFO - ContAudITWrapper#4 - Current directory: /home/kali/Code/ufrgs-poc/contaudit-wrapper.jar
2024-06-24 00:47:42,063 INFO - ContAudITWrapper#4 - Wrapper hash: c76a1b1bb9edc25f91da61e17225b6709df7b63d34810aab1d42c0f930950c0b
2024-06-24 00:47:42,077 INFO - ContAudITWrapper#4 - Validating Wrapper...
2024-06-24 00:47:55,014 INFO - ContAudITWrapper#4 - Response true
2024-06-24 00:47:55,069 INFO - ContAudITWrapper#4 - Application hash: e36ee2d35f8c4c41bd358782dfb3ac8852b40439d350ff27616f0c18819ce9bf
2024-06-24 00:47:55,075 INFO - ContAudITWrapper#4 - Validating Application...
2024-06-24 00:47:58,281 INFO - ContAudITWrapper#4 - Response true
2024-06-24 00:47:58,299 INFO - ContAudITWrapper#4 - Artifact apache2.workflow hash: 94d5f6758492dbe0e869e1486907a86cb16f7931019b4acb0e7f38c98cf1b06d
2024-06-24 00:47:58,348 INFO - ContAudITWrapper#4 - Validating Artifact...
2024-06-24 00:48:02,346 INFO - ContAudITWrapper#4 - Response true
2024-06-24 00:48:02,381 INFO - ContAudITWrapper#4 - Running pre-command actions...
2024-06-24 00:48:02,384 INFO - ContAudITWrapper#4 - Analyzing current environment state...
2024-06-24 00:48:02,690 INFO - ContAudITWrapper#4 - Saving current environment state...
2024-06-24 00:48:02,789 INFO - ContAudITWrapper#4 - Environment state hash: 1776e4b78f696d486603e30cb7241013e927d69ca8030fa37e187c49ffd758cd
2024-06-24 00:48:02,790 INFO - ContAudITWrapper#4 - Executing command...
2024-06-24 00:48:03,143 INFO - ContAudITWrapper#4 - Command output: 
2024-06-24 00:48:02.853147464 [executor] Initializing the workflow...
[apache2_workflow] Create a simple webpage...
[apache2_workflow] Move webpage to Apache HTTP Server user website folder...
2024-06-24 00:48:03.142027167 [executor] Finished!

2024-06-24 00:48:03,143 INFO - ContAudITWrapper#4 - Running post-command actions...
2024-06-24 00:48:03,143 INFO - ContAudITWrapper#4 - Analyzing current environment state...
2024-06-24 00:48:03,495 INFO - ContAudITWrapper#4 - Saving current environment state...
2024-06-24 00:48:03,497 INFO - ContAudITWrapper#4 - Environment state hash: 1776e4b78f696d486603e30cb7241013e927d69ca8030fa37e187c49ffd758cd
2024-06-24 00:48:03,498 INFO - ContAudITWrapper#4 - Checking environment diff...
2024-06-24 00:48:03,615 INFO - ContAudITWrapper#4 - Environment diff: 
2024-06-24 00:48:03,616 INFO - ContAudITWrapper#4 - Cleaning temporary files...
2024-06-24 00:48:03,655 INFO - ContAudITWrapper#4 - Sending to blockchain...
2024-06-24 00:48:11,848 INFO - ContAudITWrapper#4 - Response 
2024-06-24 00:48:11,854 INFO - ContAudITWrapper#4 - Finishing ContAudIT Wrapper...
