2024-06-24 00:47:36,929 INFO - ContAudITWrapper#11 - Initializing ContAudIT Wrapper...
2024-06-24 00:47:36,966 INFO - ContAudITWrapper#11 - Current directory: /home/kali/Code/ufrgs-poc/contaudit-wrapper.jar
2024-06-24 00:47:41,533 INFO - ContAudITWrapper#11 - Wrapper hash: c76a1b1bb9edc25f91da61e17225b6709df7b63d34810aab1d42c0f930950c0b
2024-06-24 00:47:41,548 INFO - ContAudITWrapper#11 - Validating Wrapper...
2024-06-24 00:47:53,898 INFO - ContAudITWrapper#11 - Response true
2024-06-24 00:47:53,995 INFO - ContAudITWrapper#11 - Application hash: e36ee2d35f8c4c41bd358782dfb3ac8852b40439d350ff27616f0c18819ce9bf
2024-06-24 00:47:53,996 INFO - ContAudITWrapper#11 - Validating Application...
2024-06-24 00:47:59,692 INFO - ContAudITWrapper#11 - Response true
2024-06-24 00:47:59,720 INFO - ContAudITWrapper#11 - Artifact apache2.workflow hash: 94d5f6758492dbe0e869e1486907a86cb16f7931019b4acb0e7f38c98cf1b06d
2024-06-24 00:47:59,726 INFO - ContAudITWrapper#11 - Validating Artifact...
2024-06-24 00:48:03,642 INFO - ContAudITWrapper#11 - Response true
2024-06-24 00:48:03,677 INFO - ContAudITWrapper#11 - Running pre-command actions...
2024-06-24 00:48:03,678 INFO - ContAudITWrapper#11 - Analyzing current environment state...
2024-06-24 00:48:04,345 INFO - ContAudITWrapper#11 - Saving current environment state...
2024-06-24 00:48:04,386 INFO - ContAudITWrapper#11 - Environment state hash: 1776e4b78f696d486603e30cb7241013e927d69ca8030fa37e187c49ffd758cd
2024-06-24 00:48:04,387 INFO - ContAudITWrapper#11 - Executing command...
2024-06-24 00:48:04,726 INFO - ContAudITWrapper#11 - Command output: 
2024-06-24 00:48:04.459832722 [executor] Initializing the workflow...
[apache2_workflow] Create a simple webpage...
[apache2_workflow] Move webpage to Apache HTTP Server user website folder...
2024-06-24 00:48:04.723602594 [executor] Finished!

2024-06-24 00:48:04,727 INFO - ContAudITWrapper#11 - Running post-command actions...
2024-06-24 00:48:04,727 INFO - ContAudITWrapper#11 - Analyzing current environment state...
2024-06-24 00:48:05,004 INFO - ContAudITWrapper#11 - Saving current environment state...
2024-06-24 00:48:05,009 INFO - ContAudITWrapper#11 - Environment state hash: 1776e4b78f696d486603e30cb7241013e927d69ca8030fa37e187c49ffd758cd
2024-06-24 00:48:05,011 INFO - ContAudITWrapper#11 - Checking environment diff...
2024-06-24 00:48:05,058 INFO - ContAudITWrapper#11 - Environment diff: 
2024-06-24 00:48:05,062 INFO - ContAudITWrapper#11 - Cleaning temporary files...
2024-06-24 00:48:05,079 INFO - ContAudITWrapper#11 - Sending to blockchain...
2024-06-24 00:48:11,844 INFO - ContAudITWrapper#11 - Response 
2024-06-24 00:48:11,847 INFO - ContAudITWrapper#11 - Finishing ContAudIT Wrapper...
