2024-06-24 00:47:36,893 INFO - ContAudITWrapper#6 - Initializing ContAudIT Wrapper...
2024-06-24 00:47:36,931 INFO - ContAudITWrapper#6 - Current directory: /home/kali/Code/ufrgs-poc/contaudit-wrapper.jar
2024-06-24 00:47:41,000 INFO - ContAudITWrapper#6 - Wrapper hash: c76a1b1bb9edc25f91da61e17225b6709df7b63d34810aab1d42c0f930950c0b
2024-06-24 00:47:41,022 INFO - ContAudITWrapper#6 - Validating Wrapper...
2024-06-24 00:47:57,283 INFO - ContAudITWrapper#6 - Response true
2024-06-24 00:47:57,405 INFO - ContAudITWrapper#6 - Application hash: e36ee2d35f8c4c41bd358782dfb3ac8852b40439d350ff27616f0c18819ce9bf
2024-06-24 00:47:57,406 INFO - ContAudITWrapper#6 - Validating Application...
2024-06-24 00:48:02,078 INFO - ContAudITWrapper#6 - Response true
2024-06-24 00:48:02,088 INFO - ContAudITWrapper#6 - Artifact apache2.workflow hash: 94d5f6758492dbe0e869e1486907a86cb16f7931019b4acb0e7f38c98cf1b06d
2024-06-24 00:48:02,094 INFO - ContAudITWrapper#6 - Validating Artifact...
2024-06-24 00:48:05,730 INFO - ContAudITWrapper#6 - Response true
2024-06-24 00:48:05,738 INFO - ContAudITWrapper#6 - Running pre-command actions...
2024-06-24 00:48:05,739 INFO - ContAudITWrapper#6 - Analyzing current environment state...
2024-06-24 00:48:06,311 INFO - ContAudITWrapper#6 - Saving current environment state...
2024-06-24 00:48:06,451 INFO - ContAudITWrapper#6 - Environment state hash: 1776e4b78f696d486603e30cb7241013e927d69ca8030fa37e187c49ffd758cd
2024-06-24 00:48:06,452 INFO - ContAudITWrapper#6 - Executing command...
2024-06-24 00:48:06,645 INFO - ContAudITWrapper#6 - Command output: 
2024-06-24 00:48:06.527613920 [executor] Initializing the workflow...
[apache2_workflow] Create a simple webpage...
[apache2_workflow] Move webpage to Apache HTTP Server user website folder...
2024-06-24 00:48:06.643566841 [executor] Finished!

2024-06-24 00:48:06,645 INFO - ContAudITWrapper#6 - Running post-command actions...
2024-06-24 00:48:06,646 INFO - ContAudITWrapper#6 - Analyzing current environment state...
2024-06-24 00:48:06,997 INFO - ContAudITWrapper#6 - Saving current environment state...
2024-06-24 00:48:07,000 INFO - ContAudITWrapper#6 - Environment state hash: 1776e4b78f696d486603e30cb7241013e927d69ca8030fa37e187c49ffd758cd
2024-06-24 00:48:07,004 INFO - ContAudITWrapper#6 - Checking environment diff...
2024-06-24 00:48:07,057 INFO - ContAudITWrapper#6 - Environment diff: 
2024-06-24 00:48:07,057 INFO - ContAudITWrapper#6 - Cleaning temporary files...
2024-06-24 00:48:07,099 INFO - ContAudITWrapper#6 - Sending to blockchain...
2024-06-24 00:48:16,006 INFO - ContAudITWrapper#6 - Response 
2024-06-24 00:48:16,011 INFO - ContAudITWrapper#6 - Finishing ContAudIT Wrapper...
