2024-10-11 04:48:41,181 INFO - ContAudITWrapper#11 - Initializing ContAudIT Wrapper...
2024-10-11 04:48:41,413 INFO - ContAudITWrapper#11 - Current directory: /home/ec2-user/Code/ufrgs-poc/contaudit-wrapper.jar
2024-10-11 04:49:04,216 INFO - ContAudITWrapper#11 - Wrapper hash: b7519188ed863d76e5199a8d880bb968bdf9124fad53b871583787e123a7a764
2024-10-11 04:49:04,285 INFO - ContAudITWrapper#11 - Validating Wrapper...
2024-10-11 04:50:13,478 INFO - ContAudITWrapper#11 - Response true
2024-10-11 04:50:13,678 INFO - ContAudITWrapper#11 - Application hash: e36ee2d35f8c4c41bd358782dfb3ac8852b40439d350ff27616f0c18819ce9bf
2024-10-11 04:50:13,678 INFO - ContAudITWrapper#11 - Validating Application...
2024-10-11 04:50:27,572 INFO - ContAudITWrapper#11 - Response true
2024-10-11 04:50:27,594 INFO - ContAudITWrapper#11 - Artifact apache2.workflow hash: bdb4cee855e21446b6ae53ddcb76a1632ef8c4545b5db0517e01ffd552157f6e
2024-10-11 04:50:27,735 INFO - ContAudITWrapper#11 - Validating Artifact...
2024-10-11 04:50:36,563 INFO - ContAudITWrapper#11 - Response true
2024-10-11 04:50:36,565 INFO - ContAudITWrapper#11 - Running pre-command actions...
2024-10-11 04:50:36,568 INFO - ContAudITWrapper#11 - Analyzing current environment state...
2024-10-11 04:50:36,751 INFO - ContAudITWrapper#11 - Saving current environment state...
2024-10-11 04:50:36,753 INFO - ContAudITWrapper#11 - Environment state hash: a7ffc6f8bf1ed76651c14756a061d662f580ff4de43b49fa82d80a4b80f8434a
2024-10-11 04:50:36,753 INFO - ContAudITWrapper#11 - Executing command...
2024-10-11 04:50:38,155 INFO - ContAudITWrapper#11 - Command output: 
2024-10-11 04:50:36.885694387 [executor] Initializing the workflow...
[apache2_workflow] Apache HTTP Server already installed.
[apache2_workflow] UserDir module already loaded.
[apache2_workflow] Configs to UserDir already exist.
[apache2_workflow] public_html directory already exists in /home/ec2-user.
[apache2_workflow] Creating a simple webpage...
[apache2_workflow] Moving webpage to Apache HTTP Server user website folder...
[apache2_workflow] Page moved successfully!
2024-10-11 04:50:38.154894207 [executor] Finished!

2024-10-11 04:50:38,156 INFO - ContAudITWrapper#11 - Running post-command actions...
2024-10-11 04:50:38,156 INFO - ContAudITWrapper#11 - Analyzing current environment state...
2024-10-11 04:50:38,340 INFO - ContAudITWrapper#11 - Saving current environment state...
2024-10-11 04:50:38,341 INFO - ContAudITWrapper#11 - Environment state hash: a7ffc6f8bf1ed76651c14756a061d662f580ff4de43b49fa82d80a4b80f8434a
2024-10-11 04:50:38,341 INFO - ContAudITWrapper#11 - Checking environment diff...
2024-10-11 04:50:38,371 INFO - ContAudITWrapper#11 - Environment diff: 
2024-10-11 04:50:38,382 INFO - ContAudITWrapper#11 - Cleaning temporary files...
2024-10-11 04:50:38,479 INFO - ContAudITWrapper#11 - Sending to blockchain...
2024-10-11 04:50:52,632 INFO - ContAudITWrapper#11 - Response 
2024-10-11 04:50:52,633 INFO - ContAudITWrapper#11 - Finishing ContAudIT Wrapper...
