2024-10-11 04:48:41,303 INFO - ContAudITWrapper#19 - Initializing ContAudIT Wrapper...
2024-10-11 04:48:41,552 INFO - ContAudITWrapper#19 - Current directory: /home/ec2-user/Code/ufrgs-poc/contaudit-wrapper.jar
2024-10-11 04:49:07,094 INFO - ContAudITWrapper#19 - Wrapper hash: b7519188ed863d76e5199a8d880bb968bdf9124fad53b871583787e123a7a764
2024-10-11 04:49:07,290 INFO - ContAudITWrapper#19 - Validating Wrapper...
2024-10-11 04:50:19,107 INFO - ContAudITWrapper#19 - Response true
2024-10-11 04:50:19,281 INFO - ContAudITWrapper#19 - Application hash: e36ee2d35f8c4c41bd358782dfb3ac8852b40439d350ff27616f0c18819ce9bf
2024-10-11 04:50:19,282 INFO - ContAudITWrapper#19 - Validating Application...
2024-10-11 04:50:32,883 INFO - ContAudITWrapper#19 - Response true
2024-10-11 04:50:32,892 INFO - ContAudITWrapper#19 - Artifact apache2.workflow hash: bdb4cee855e21446b6ae53ddcb76a1632ef8c4545b5db0517e01ffd552157f6e
2024-10-11 04:50:33,002 INFO - ContAudITWrapper#19 - Validating Artifact...
2024-10-11 04:50:46,053 INFO - ContAudITWrapper#19 - Response true
2024-10-11 04:50:46,067 INFO - ContAudITWrapper#19 - Running pre-command actions...
2024-10-11 04:50:46,069 INFO - ContAudITWrapper#19 - Analyzing current environment state...
2024-10-11 04:50:46,244 INFO - ContAudITWrapper#19 - Saving current environment state...
2024-10-11 04:50:46,245 INFO - ContAudITWrapper#19 - Environment state hash: a7ffc6f8bf1ed76651c14756a061d662f580ff4de43b49fa82d80a4b80f8434a
2024-10-11 04:50:46,246 INFO - ContAudITWrapper#19 - Executing command...
2024-10-11 04:50:46,982 INFO - ContAudITWrapper#19 - Command output: 
2024-10-11 04:50:46.423214419 [executor] Initializing the workflow...
[apache2_workflow] Apache HTTP Server already installed.
[apache2_workflow] UserDir module already loaded.
[apache2_workflow] Configs to UserDir already exist.
[apache2_workflow] public_html directory already exists in /home/ec2-user.
[apache2_workflow] Creating a simple webpage...
[apache2_workflow] Moving webpage to Apache HTTP Server user website folder...
[apache2_workflow] Page moved successfully!
2024-10-11 04:50:46.981399479 [executor] Finished!

2024-10-11 04:50:46,983 INFO - ContAudITWrapper#19 - Running post-command actions...
2024-10-11 04:50:46,983 INFO - ContAudITWrapper#19 - Analyzing current environment state...
2024-10-11 04:50:47,112 INFO - ContAudITWrapper#19 - Saving current environment state...
2024-10-11 04:50:47,113 INFO - ContAudITWrapper#19 - Environment state hash: a7ffc6f8bf1ed76651c14756a061d662f580ff4de43b49fa82d80a4b80f8434a
2024-10-11 04:50:47,113 INFO - ContAudITWrapper#19 - Checking environment diff...
2024-10-11 04:50:47,216 INFO - ContAudITWrapper#19 - Environment diff: 
2024-10-11 04:50:47,217 INFO - ContAudITWrapper#19 - Cleaning temporary files...
2024-10-11 04:50:47,327 INFO - ContAudITWrapper#19 - Sending to blockchain...
2024-10-11 04:50:58,229 INFO - ContAudITWrapper#19 - Response 
2024-10-11 04:50:58,231 INFO - ContAudITWrapper#19 - Finishing ContAudIT Wrapper...
