2024-10-11 04:48:42,189 INFO - ContAudITWrapper#88 - Initializing ContAudIT Wrapper...
2024-10-11 04:48:42,414 INFO - ContAudITWrapper#88 - Current directory: /home/ec2-user/Code/ufrgs-poc/contaudit-wrapper.jar
2024-10-11 04:48:59,815 INFO - ContAudITWrapper#88 - Wrapper hash: b7519188ed863d76e5199a8d880bb968bdf9124fad53b871583787e123a7a764
2024-10-11 04:48:59,855 INFO - ContAudITWrapper#88 - Validating Wrapper...
2024-10-11 04:50:05,264 INFO - ContAudITWrapper#88 - Response true
2024-10-11 04:50:05,468 INFO - ContAudITWrapper#88 - Application hash: e36ee2d35f8c4c41bd358782dfb3ac8852b40439d350ff27616f0c18819ce9bf
2024-10-11 04:50:05,495 INFO - ContAudITWrapper#88 - Validating Application...
2024-10-11 04:50:21,747 INFO - ContAudITWrapper#88 - Response true
2024-10-11 04:50:21,757 INFO - ContAudITWrapper#88 - Artifact apache2.workflow hash: bdb4cee855e21446b6ae53ddcb76a1632ef8c4545b5db0517e01ffd552157f6e
2024-10-11 04:50:21,774 INFO - ContAudITWrapper#88 - Validating Artifact...
2024-10-11 04:50:34,068 INFO - ContAudITWrapper#88 - Response true
2024-10-11 04:50:34,071 INFO - ContAudITWrapper#88 - Running pre-command actions...
2024-10-11 04:50:34,073 INFO - ContAudITWrapper#88 - Analyzing current environment state...
2024-10-11 04:50:34,346 INFO - ContAudITWrapper#88 - Saving current environment state...
2024-10-11 04:50:34,347 INFO - ContAudITWrapper#88 - Environment state hash: a7ffc6f8bf1ed76651c14756a061d662f580ff4de43b49fa82d80a4b80f8434a
2024-10-11 04:50:34,347 INFO - ContAudITWrapper#88 - Executing command...
2024-10-11 04:50:35,864 INFO - ContAudITWrapper#88 - Command output: 
2024-10-11 04:50:34.542682967 [executor] Initializing the workflow...
[apache2_workflow] Apache HTTP Server already installed.
[apache2_workflow] UserDir module already loaded.
[apache2_workflow] Configs to UserDir already exist.
[apache2_workflow] public_html directory already exists in /home/ec2-user.
[apache2_workflow] Creating a simple webpage...
[apache2_workflow] Moving webpage to Apache HTTP Server user website folder...
[apache2_workflow] Page moved successfully!
2024-10-11 04:50:35.863651510 [executor] Finished!

2024-10-11 04:50:35,865 INFO - ContAudITWrapper#88 - Running post-command actions...
2024-10-11 04:50:35,865 INFO - ContAudITWrapper#88 - Analyzing current environment state...
2024-10-11 04:50:35,978 INFO - ContAudITWrapper#88 - Saving current environment state...
2024-10-11 04:50:35,979 INFO - ContAudITWrapper#88 - Environment state hash: a7ffc6f8bf1ed76651c14756a061d662f580ff4de43b49fa82d80a4b80f8434a
2024-10-11 04:50:35,979 INFO - ContAudITWrapper#88 - Checking environment diff...
2024-10-11 04:50:36,113 INFO - ContAudITWrapper#88 - Environment diff: 
2024-10-11 04:50:36,114 INFO - ContAudITWrapper#88 - Cleaning temporary files...
2024-10-11 04:50:36,162 INFO - ContAudITWrapper#88 - Sending to blockchain...
2024-10-11 04:50:50,653 INFO - ContAudITWrapper#88 - Response 
2024-10-11 04:50:50,655 INFO - ContAudITWrapper#88 - Finishing ContAudIT Wrapper...
