2024-10-11 04:48:41,276 INFO - ContAudITWrapper#63 - Initializing ContAudIT Wrapper...
2024-10-11 04:48:41,435 INFO - ContAudITWrapper#63 - Current directory: /home/ec2-user/Code/ufrgs-poc/contaudit-wrapper.jar
2024-10-11 04:49:04,893 INFO - ContAudITWrapper#63 - Wrapper hash: b7519188ed863d76e5199a8d880bb968bdf9124fad53b871583787e123a7a764
2024-10-11 04:49:04,969 INFO - ContAudITWrapper#63 - Validating Wrapper...
2024-10-11 04:50:14,622 INFO - ContAudITWrapper#63 - Response true
2024-10-11 04:50:14,881 INFO - ContAudITWrapper#63 - Application hash: e36ee2d35f8c4c41bd358782dfb3ac8852b40439d350ff27616f0c18819ce9bf
2024-10-11 04:50:14,881 INFO - ContAudITWrapper#63 - Validating Application...
2024-10-11 04:50:28,877 INFO - ContAudITWrapper#63 - Response true
2024-10-11 04:50:28,884 INFO - ContAudITWrapper#63 - Artifact apache2.workflow hash: bdb4cee855e21446b6ae53ddcb76a1632ef8c4545b5db0517e01ffd552157f6e
2024-10-11 04:50:28,970 INFO - ContAudITWrapper#63 - Validating Artifact...
2024-10-11 04:50:41,397 INFO - ContAudITWrapper#63 - Response true
2024-10-11 04:50:41,399 INFO - ContAudITWrapper#63 - Running pre-command actions...
2024-10-11 04:50:41,401 INFO - ContAudITWrapper#63 - Analyzing current environment state...
2024-10-11 04:50:41,611 INFO - ContAudITWrapper#63 - Saving current environment state...
2024-10-11 04:50:41,612 INFO - ContAudITWrapper#63 - Environment state hash: a7ffc6f8bf1ed76651c14756a061d662f580ff4de43b49fa82d80a4b80f8434a
2024-10-11 04:50:41,612 INFO - ContAudITWrapper#63 - Executing command...
2024-10-11 04:50:43,522 INFO - ContAudITWrapper#63 - Command output: 
2024-10-11 04:50:41.710308053 [executor] Initializing the workflow...
[apache2_workflow] Apache HTTP Server already installed.
[apache2_workflow] UserDir module already loaded.
[apache2_workflow] Configs to UserDir already exist.
[apache2_workflow] public_html directory already exists in /home/ec2-user.
[apache2_workflow] Creating a simple webpage...
[apache2_workflow] Moving webpage to Apache HTTP Server user website folder...
[apache2_workflow] Page moved successfully!
2024-10-11 04:50:43.521074567 [executor] Finished!

2024-10-11 04:50:43,522 INFO - ContAudITWrapper#63 - Running post-command actions...
2024-10-11 04:50:43,522 INFO - ContAudITWrapper#63 - Analyzing current environment state...
2024-10-11 04:50:43,627 INFO - ContAudITWrapper#63 - Saving current environment state...
2024-10-11 04:50:43,628 INFO - ContAudITWrapper#63 - Environment state hash: a7ffc6f8bf1ed76651c14756a061d662f580ff4de43b49fa82d80a4b80f8434a
2024-10-11 04:50:43,628 INFO - ContAudITWrapper#63 - Checking environment diff...
2024-10-11 04:50:43,741 INFO - ContAudITWrapper#63 - Environment diff: 
2024-10-11 04:50:43,741 INFO - ContAudITWrapper#63 - Cleaning temporary files...
2024-10-11 04:50:43,821 INFO - ContAudITWrapper#63 - Sending to blockchain...
2024-10-11 04:50:57,226 INFO - ContAudITWrapper#63 - Response 
2024-10-11 04:50:57,228 INFO - ContAudITWrapper#63 - Finishing ContAudIT Wrapper...
