2024-10-11 04:48:40,175 INFO - ContAudITWrapper#37 - Initializing ContAudIT Wrapper...
2024-10-11 04:48:40,248 INFO - ContAudITWrapper#37 - Current directory: /home/ec2-user/Code/ufrgs-poc/contaudit-wrapper.jar
2024-10-11 04:49:03,353 INFO - ContAudITWrapper#37 - Wrapper hash: b7519188ed863d76e5199a8d880bb968bdf9124fad53b871583787e123a7a764
2024-10-11 04:49:03,423 INFO - ContAudITWrapper#37 - Validating Wrapper...
2024-10-11 04:50:14,630 INFO - ContAudITWrapper#37 - Response true
2024-10-11 04:50:14,954 INFO - ContAudITWrapper#37 - Application hash: e36ee2d35f8c4c41bd358782dfb3ac8852b40439d350ff27616f0c18819ce9bf
2024-10-11 04:50:15,021 INFO - ContAudITWrapper#37 - Validating Application...
2024-10-11 04:50:29,169 INFO - ContAudITWrapper#37 - Response true
2024-10-11 04:50:29,175 INFO - ContAudITWrapper#37 - Artifact apache2.workflow hash: bdb4cee855e21446b6ae53ddcb76a1632ef8c4545b5db0517e01ffd552157f6e
2024-10-11 04:50:29,219 INFO - ContAudITWrapper#37 - Validating Artifact...
2024-10-11 04:50:41,412 INFO - ContAudITWrapper#37 - Response true
2024-10-11 04:50:41,418 INFO - ContAudITWrapper#37 - Running pre-command actions...
2024-10-11 04:50:41,419 INFO - ContAudITWrapper#37 - Analyzing current environment state...
2024-10-11 04:50:41,696 INFO - ContAudITWrapper#37 - Saving current environment state...
2024-10-11 04:50:41,697 INFO - ContAudITWrapper#37 - Environment state hash: a7ffc6f8bf1ed76651c14756a061d662f580ff4de43b49fa82d80a4b80f8434a
2024-10-11 04:50:41,697 INFO - ContAudITWrapper#37 - Executing command...
2024-10-11 04:50:43,247 INFO - ContAudITWrapper#37 - Command output: 
2024-10-11 04:50:41.878691107 [executor] Initializing the workflow...
[apache2_workflow] Apache HTTP Server already installed.
[apache2_workflow] UserDir module already loaded.
[apache2_workflow] Configs to UserDir already exist.
[apache2_workflow] public_html directory already exists in /home/ec2-user.
[apache2_workflow] Creating a simple webpage...
[apache2_workflow] Moving webpage to Apache HTTP Server user website folder...
[apache2_workflow] Page moved successfully!
2024-10-11 04:50:43.246120149 [executor] Finished!

2024-10-11 04:50:43,247 INFO - ContAudITWrapper#37 - Running post-command actions...
2024-10-11 04:50:43,247 INFO - ContAudITWrapper#37 - Analyzing current environment state...
2024-10-11 04:50:43,415 INFO - ContAudITWrapper#37 - Saving current environment state...
2024-10-11 04:50:43,416 INFO - ContAudITWrapper#37 - Environment state hash: a7ffc6f8bf1ed76651c14756a061d662f580ff4de43b49fa82d80a4b80f8434a
2024-10-11 04:50:43,416 INFO - ContAudITWrapper#37 - Checking environment diff...
2024-10-11 04:50:43,570 INFO - ContAudITWrapper#37 - Environment diff: 
2024-10-11 04:50:43,570 INFO - ContAudITWrapper#37 - Cleaning temporary files...
2024-10-11 04:50:43,632 INFO - ContAudITWrapper#37 - Sending to blockchain...
2024-10-11 04:50:54,636 INFO - ContAudITWrapper#37 - Response 
2024-10-11 04:50:54,655 INFO - ContAudITWrapper#37 - Finishing ContAudIT Wrapper...
