2024-10-11 04:48:42,100 INFO - ContAudITWrapper#34 - Initializing ContAudIT Wrapper...
2024-10-11 04:48:42,290 INFO - ContAudITWrapper#34 - Current directory: /home/ec2-user/Code/ufrgs-poc/contaudit-wrapper.jar
2024-10-11 04:49:05,941 INFO - ContAudITWrapper#34 - Wrapper hash: b7519188ed863d76e5199a8d880bb968bdf9124fad53b871583787e123a7a764
2024-10-11 04:49:05,998 INFO - ContAudITWrapper#34 - Validating Wrapper...
2024-10-11 04:50:17,609 INFO - ContAudITWrapper#34 - Response true
2024-10-11 04:50:17,754 INFO - ContAudITWrapper#34 - Application hash: e36ee2d35f8c4c41bd358782dfb3ac8852b40439d350ff27616f0c18819ce9bf
2024-10-11 04:50:17,755 INFO - ContAudITWrapper#34 - Validating Application...
2024-10-11 04:50:31,636 INFO - ContAudITWrapper#34 - Response true
2024-10-11 04:50:31,648 INFO - ContAudITWrapper#34 - Artifact apache2.workflow hash: bdb4cee855e21446b6ae53ddcb76a1632ef8c4545b5db0517e01ffd552157f6e
2024-10-11 04:50:31,761 INFO - ContAudITWrapper#34 - Validating Artifact...
2024-10-11 04:50:44,206 INFO - ContAudITWrapper#34 - Response true
2024-10-11 04:50:44,222 INFO - ContAudITWrapper#34 - Running pre-command actions...
2024-10-11 04:50:44,223 INFO - ContAudITWrapper#34 - Analyzing current environment state...
2024-10-11 04:50:44,376 INFO - ContAudITWrapper#34 - Saving current environment state...
2024-10-11 04:50:44,376 INFO - ContAudITWrapper#34 - Environment state hash: a7ffc6f8bf1ed76651c14756a061d662f580ff4de43b49fa82d80a4b80f8434a
2024-10-11 04:50:44,377 INFO - ContAudITWrapper#34 - Executing command...
2024-10-11 04:50:45,552 INFO - ContAudITWrapper#34 - Command output: 
2024-10-11 04:50:44.568224412 [executor] Initializing the workflow...
[apache2_workflow] Apache HTTP Server already installed.
[apache2_workflow] UserDir module already loaded.
[apache2_workflow] Configs to UserDir already exist.
[apache2_workflow] public_html directory already exists in /home/ec2-user.
[apache2_workflow] Creating a simple webpage...
[apache2_workflow] Moving webpage to Apache HTTP Server user website folder...
[apache2_workflow] Page moved successfully!
2024-10-11 04:50:45.551804223 [executor] Finished!

2024-10-11 04:50:45,553 INFO - ContAudITWrapper#34 - Running post-command actions...
2024-10-11 04:50:45,553 INFO - ContAudITWrapper#34 - Analyzing current environment state...
2024-10-11 04:50:45,608 INFO - ContAudITWrapper#34 - Saving current environment state...
2024-10-11 04:50:45,609 INFO - ContAudITWrapper#34 - Environment state hash: a7ffc6f8bf1ed76651c14756a061d662f580ff4de43b49fa82d80a4b80f8434a
2024-10-11 04:50:45,609 INFO - ContAudITWrapper#34 - Checking environment diff...
2024-10-11 04:50:45,736 INFO - ContAudITWrapper#34 - Environment diff: 
2024-10-11 04:50:45,737 INFO - ContAudITWrapper#34 - Cleaning temporary files...
2024-10-11 04:50:45,929 INFO - ContAudITWrapper#34 - Sending to blockchain...
2024-10-11 04:50:57,522 INFO - ContAudITWrapper#34 - Response 
2024-10-11 04:50:57,524 INFO - ContAudITWrapper#34 - Finishing ContAudIT Wrapper...
