2024-10-11 04:48:42,200 INFO - ContAudITWrapper#54 - Initializing ContAudIT Wrapper...
2024-10-11 04:48:42,485 INFO - ContAudITWrapper#54 - Current directory: /home/ec2-user/Code/ufrgs-poc/contaudit-wrapper.jar
2024-10-11 04:49:05,630 INFO - ContAudITWrapper#54 - Wrapper hash: b7519188ed863d76e5199a8d880bb968bdf9124fad53b871583787e123a7a764
2024-10-11 04:49:05,686 INFO - ContAudITWrapper#54 - Validating Wrapper...
2024-10-11 04:50:17,267 INFO - ContAudITWrapper#54 - Response true
2024-10-11 04:50:17,427 INFO - ContAudITWrapper#54 - Application hash: e36ee2d35f8c4c41bd358782dfb3ac8852b40439d350ff27616f0c18819ce9bf
2024-10-11 04:50:17,444 INFO - ContAudITWrapper#54 - Validating Application...
2024-10-11 04:50:30,160 INFO - ContAudITWrapper#54 - Response true
2024-10-11 04:50:30,172 INFO - ContAudITWrapper#54 - Artifact apache2.workflow hash: bdb4cee855e21446b6ae53ddcb76a1632ef8c4545b5db0517e01ffd552157f6e
2024-10-11 04:50:30,321 INFO - ContAudITWrapper#54 - Validating Artifact...
2024-10-11 04:50:44,515 INFO - ContAudITWrapper#54 - Response true
2024-10-11 04:50:44,520 INFO - ContAudITWrapper#54 - Running pre-command actions...
2024-10-11 04:50:44,521 INFO - ContAudITWrapper#54 - Analyzing current environment state...
2024-10-11 04:50:44,815 INFO - ContAudITWrapper#54 - Saving current environment state...
2024-10-11 04:50:44,816 INFO - ContAudITWrapper#54 - Environment state hash: a7ffc6f8bf1ed76651c14756a061d662f580ff4de43b49fa82d80a4b80f8434a
2024-10-11 04:50:44,816 INFO - ContAudITWrapper#54 - Executing command...
2024-10-11 04:50:45,894 INFO - ContAudITWrapper#54 - Command output: 
2024-10-11 04:50:44.954957145 [executor] Initializing the workflow...
[apache2_workflow] Apache HTTP Server already installed.
[apache2_workflow] UserDir module already loaded.
[apache2_workflow] Configs to UserDir already exist.
[apache2_workflow] public_html directory already exists in /home/ec2-user.
[apache2_workflow] Creating a simple webpage...
[apache2_workflow] Moving webpage to Apache HTTP Server user website folder...
[apache2_workflow] Page moved successfully!
2024-10-11 04:50:45.891720947 [executor] Finished!

2024-10-11 04:50:45,895 INFO - ContAudITWrapper#54 - Running post-command actions...
2024-10-11 04:50:45,895 INFO - ContAudITWrapper#54 - Analyzing current environment state...
2024-10-11 04:50:46,007 INFO - ContAudITWrapper#54 - Saving current environment state...
2024-10-11 04:50:46,007 INFO - ContAudITWrapper#54 - Environment state hash: a7ffc6f8bf1ed76651c14756a061d662f580ff4de43b49fa82d80a4b80f8434a
2024-10-11 04:50:46,007 INFO - ContAudITWrapper#54 - Checking environment diff...
2024-10-11 04:50:46,116 INFO - ContAudITWrapper#54 - Environment diff: 
2024-10-11 04:50:46,116 INFO - ContAudITWrapper#54 - Cleaning temporary files...
2024-10-11 04:50:46,194 INFO - ContAudITWrapper#54 - Sending to blockchain...
2024-10-11 04:50:58,001 INFO - ContAudITWrapper#54 - Response 
2024-10-11 04:50:58,006 INFO - ContAudITWrapper#54 - Finishing ContAudIT Wrapper...
