2024-10-11 04:48:42,321 INFO - ContAudITWrapper#21 - Initializing ContAudIT Wrapper...
2024-10-11 04:48:42,536 INFO - ContAudITWrapper#21 - Current directory: /home/ec2-user/Code/ufrgs-poc/contaudit-wrapper.jar
2024-10-11 04:49:01,664 INFO - ContAudITWrapper#21 - Wrapper hash: b7519188ed863d76e5199a8d880bb968bdf9124fad53b871583787e123a7a764
2024-10-11 04:49:01,742 INFO - ContAudITWrapper#21 - Validating Wrapper...
2024-10-11 04:50:08,604 INFO - ContAudITWrapper#21 - Response true
2024-10-11 04:50:08,796 INFO - ContAudITWrapper#21 - Application hash: e36ee2d35f8c4c41bd358782dfb3ac8852b40439d350ff27616f0c18819ce9bf
2024-10-11 04:50:08,811 INFO - ContAudITWrapper#21 - Validating Application...
2024-10-11 04:50:23,746 INFO - ContAudITWrapper#21 - Response true
2024-10-11 04:50:23,759 INFO - ContAudITWrapper#21 - Artifact apache2.workflow hash: bdb4cee855e21446b6ae53ddcb76a1632ef8c4545b5db0517e01ffd552157f6e
2024-10-11 04:50:23,832 INFO - ContAudITWrapper#21 - Validating Artifact...
2024-10-11 04:50:37,610 INFO - ContAudITWrapper#21 - Response true
2024-10-11 04:50:37,611 INFO - ContAudITWrapper#21 - Running pre-command actions...
2024-10-11 04:50:37,613 INFO - ContAudITWrapper#21 - Analyzing current environment state...
2024-10-11 04:50:37,808 INFO - ContAudITWrapper#21 - Saving current environment state...
2024-10-11 04:50:37,808 INFO - ContAudITWrapper#21 - Environment state hash: a7ffc6f8bf1ed76651c14756a061d662f580ff4de43b49fa82d80a4b80f8434a
2024-10-11 04:50:37,809 INFO - ContAudITWrapper#21 - Executing command...
2024-10-11 04:50:39,595 INFO - ContAudITWrapper#21 - Command output: 
2024-10-11 04:50:37.955433344 [executor] Initializing the workflow...
[apache2_workflow] Apache HTTP Server already installed.
[apache2_workflow] UserDir module already loaded.
[apache2_workflow] Configs to UserDir already exist.
[apache2_workflow] public_html directory already exists in /home/ec2-user.
[apache2_workflow] Creating a simple webpage...
[apache2_workflow] Moving webpage to Apache HTTP Server user website folder...
[apache2_workflow] Page moved successfully!
2024-10-11 04:50:39.594736320 [executor] Finished!

2024-10-11 04:50:39,596 INFO - ContAudITWrapper#21 - Running post-command actions...
2024-10-11 04:50:39,596 INFO - ContAudITWrapper#21 - Analyzing current environment state...
2024-10-11 04:50:39,747 INFO - ContAudITWrapper#21 - Saving current environment state...
2024-10-11 04:50:39,747 INFO - ContAudITWrapper#21 - Environment state hash: a7ffc6f8bf1ed76651c14756a061d662f580ff4de43b49fa82d80a4b80f8434a
2024-10-11 04:50:39,747 INFO - ContAudITWrapper#21 - Checking environment diff...
2024-10-11 04:50:39,847 INFO - ContAudITWrapper#21 - Environment diff: 
2024-10-11 04:50:39,847 INFO - ContAudITWrapper#21 - Cleaning temporary files...
2024-10-11 04:50:39,889 INFO - ContAudITWrapper#21 - Sending to blockchain...
2024-10-11 04:50:50,636 INFO - ContAudITWrapper#21 - Response 
2024-10-11 04:50:50,638 INFO - ContAudITWrapper#21 - Finishing ContAudIT Wrapper...
