2024-10-11 04:48:40,848 INFO - ContAudITWrapper#58 - Initializing ContAudIT Wrapper...
2024-10-11 04:48:41,027 INFO - ContAudITWrapper#58 - Current directory: /home/ec2-user/Code/ufrgs-poc/contaudit-wrapper.jar
2024-10-11 04:49:02,808 INFO - ContAudITWrapper#58 - Wrapper hash: b7519188ed863d76e5199a8d880bb968bdf9124fad53b871583787e123a7a764
2024-10-11 04:49:02,816 INFO - ContAudITWrapper#58 - Validating Wrapper...
2024-10-11 04:50:11,228 INFO - ContAudITWrapper#58 - Response true
2024-10-11 04:50:11,546 INFO - ContAudITWrapper#58 - Application hash: e36ee2d35f8c4c41bd358782dfb3ac8852b40439d350ff27616f0c18819ce9bf
2024-10-11 04:50:11,547 INFO - ContAudITWrapper#58 - Validating Application...
2024-10-11 04:50:26,518 INFO - ContAudITWrapper#58 - Response true
2024-10-11 04:50:26,529 INFO - ContAudITWrapper#58 - Artifact apache2.workflow hash: bdb4cee855e21446b6ae53ddcb76a1632ef8c4545b5db0517e01ffd552157f6e
2024-10-11 04:50:26,564 INFO - ContAudITWrapper#58 - Validating Artifact...
2024-10-11 04:50:40,041 INFO - ContAudITWrapper#58 - Response true
2024-10-11 04:50:40,043 INFO - ContAudITWrapper#58 - Running pre-command actions...
2024-10-11 04:50:40,044 INFO - ContAudITWrapper#58 - Analyzing current environment state...
2024-10-11 04:50:40,248 INFO - ContAudITWrapper#58 - Saving current environment state...
2024-10-11 04:50:40,249 INFO - ContAudITWrapper#58 - Environment state hash: a7ffc6f8bf1ed76651c14756a061d662f580ff4de43b49fa82d80a4b80f8434a
2024-10-11 04:50:40,249 INFO - ContAudITWrapper#58 - Executing command...
2024-10-11 04:50:41,676 INFO - ContAudITWrapper#58 - Command output: 
2024-10-11 04:50:40.307912703 [executor] Initializing the workflow...
[apache2_workflow] Apache HTTP Server already installed.
[apache2_workflow] UserDir module already loaded.
[apache2_workflow] Configs to UserDir already exist.
[apache2_workflow] public_html directory already exists in /home/ec2-user.
[apache2_workflow] Creating a simple webpage...
[apache2_workflow] Moving webpage to Apache HTTP Server user website folder...
[apache2_workflow] Page moved successfully!
2024-10-11 04:50:41.673145679 [executor] Finished!

2024-10-11 04:50:41,677 INFO - ContAudITWrapper#58 - Running post-command actions...
2024-10-11 04:50:41,677 INFO - ContAudITWrapper#58 - Analyzing current environment state...
2024-10-11 04:50:41,834 INFO - ContAudITWrapper#58 - Saving current environment state...
2024-10-11 04:50:41,834 INFO - ContAudITWrapper#58 - Environment state hash: a7ffc6f8bf1ed76651c14756a061d662f580ff4de43b49fa82d80a4b80f8434a
2024-10-11 04:50:41,834 INFO - ContAudITWrapper#58 - Checking environment diff...
2024-10-11 04:50:41,947 INFO - ContAudITWrapper#58 - Environment diff: 
2024-10-11 04:50:41,947 INFO - ContAudITWrapper#58 - Cleaning temporary files...
2024-10-11 04:50:42,072 INFO - ContAudITWrapper#58 - Sending to blockchain...
2024-10-11 04:50:52,511 INFO - ContAudITWrapper#58 - Response 
2024-10-11 04:50:52,531 INFO - ContAudITWrapper#58 - Finishing ContAudIT Wrapper...
