2024-10-11 04:48:42,299 INFO - ContAudITWrapper#82 - Initializing ContAudIT Wrapper...
2024-10-11 04:48:42,480 INFO - ContAudITWrapper#82 - Current directory: /home/ec2-user/Code/ufrgs-poc/contaudit-wrapper.jar
2024-10-11 04:49:06,485 INFO - ContAudITWrapper#82 - Wrapper hash: b7519188ed863d76e5199a8d880bb968bdf9124fad53b871583787e123a7a764
2024-10-11 04:49:06,613 INFO - ContAudITWrapper#82 - Validating Wrapper...
2024-10-11 04:50:18,793 INFO - ContAudITWrapper#82 - Response true
2024-10-11 04:50:19,031 INFO - ContAudITWrapper#82 - Application hash: e36ee2d35f8c4c41bd358782dfb3ac8852b40439d350ff27616f0c18819ce9bf
2024-10-11 04:50:19,041 INFO - ContAudITWrapper#82 - Validating Application...
2024-10-11 04:50:33,015 INFO - ContAudITWrapper#82 - Response true
2024-10-11 04:50:33,021 INFO - ContAudITWrapper#82 - Artifact apache2.workflow hash: bdb4cee855e21446b6ae53ddcb76a1632ef8c4545b5db0517e01ffd552157f6e
2024-10-11 04:50:33,151 INFO - ContAudITWrapper#82 - Validating Artifact...
2024-10-11 04:50:48,532 INFO - ContAudITWrapper#82 - Response true
2024-10-11 04:50:48,548 INFO - ContAudITWrapper#82 - Running pre-command actions...
2024-10-11 04:50:48,550 INFO - ContAudITWrapper#82 - Analyzing current environment state...
2024-10-11 04:50:48,727 INFO - ContAudITWrapper#82 - Saving current environment state...
2024-10-11 04:50:48,728 INFO - ContAudITWrapper#82 - Environment state hash: a7ffc6f8bf1ed76651c14756a061d662f580ff4de43b49fa82d80a4b80f8434a
2024-10-11 04:50:48,729 INFO - ContAudITWrapper#82 - Executing command...
2024-10-11 04:50:50,268 INFO - ContAudITWrapper#82 - Command output: 
2024-10-11 04:50:48.858891213 [executor] Initializing the workflow...
[apache2_workflow] Apache HTTP Server already installed.
[apache2_workflow] UserDir module already loaded.
[apache2_workflow] Configs to UserDir already exist.
[apache2_workflow] public_html directory already exists in /home/ec2-user.
[apache2_workflow] Creating a simple webpage...
[apache2_workflow] Moving webpage to Apache HTTP Server user website folder...
[apache2_workflow] Page moved successfully!
2024-10-11 04:50:50.267920797 [executor] Finished!

2024-10-11 04:50:50,269 INFO - ContAudITWrapper#82 - Running post-command actions...
2024-10-11 04:50:50,269 INFO - ContAudITWrapper#82 - Analyzing current environment state...
2024-10-11 04:50:50,408 INFO - ContAudITWrapper#82 - Saving current environment state...
2024-10-11 04:50:50,408 INFO - ContAudITWrapper#82 - Environment state hash: a7ffc6f8bf1ed76651c14756a061d662f580ff4de43b49fa82d80a4b80f8434a
2024-10-11 04:50:50,408 INFO - ContAudITWrapper#82 - Checking environment diff...
2024-10-11 04:50:50,446 INFO - ContAudITWrapper#82 - Environment diff: 
2024-10-11 04:50:50,446 INFO - ContAudITWrapper#82 - Cleaning temporary files...
2024-10-11 04:50:50,463 INFO - ContAudITWrapper#82 - Sending to blockchain...
2024-10-11 04:50:58,237 INFO - ContAudITWrapper#82 - Response 
2024-10-11 04:50:58,239 INFO - ContAudITWrapper#82 - Finishing ContAudIT Wrapper...
