2024-06-23 22:43:32,668 INFO - ContAudITWrapper#1 - Initializing ContAudIT Wrapper...
2024-06-23 22:43:32,677 INFO - ContAudITWrapper#1 - Current directory: /home/kali/Code/ufrgs-poc/contaudit-wrapper.jar
2024-06-23 22:43:34,700 INFO - ContAudITWrapper#1 - Wrapper hash: c76a1b1bb9edc25f91da61e17225b6709df7b63d34810aab1d42c0f930950c0b
2024-06-23 22:43:34,708 INFO - ContAudITWrapper#1 - Validating Wrapper...
2024-06-23 22:43:38,359 INFO - ContAudITWrapper#1 - Response true
2024-06-23 22:43:38,374 INFO - ContAudITWrapper#1 - Application hash: e36ee2d35f8c4c41bd358782dfb3ac8852b40439d350ff27616f0c18819ce9bf
2024-06-23 22:43:38,375 INFO - ContAudITWrapper#1 - Validating Application...
2024-06-23 22:43:39,034 INFO - ContAudITWrapper#1 - Response true
2024-06-23 22:43:39,037 INFO - ContAudITWrapper#1 - Artifact apache2.workflow hash: 94d5f6758492dbe0e869e1486907a86cb16f7931019b4acb0e7f38c98cf1b06d
2024-06-23 22:43:39,041 INFO - ContAudITWrapper#1 - Validating Artifact...
2024-06-23 22:43:39,610 INFO - ContAudITWrapper#1 - Response true
2024-06-23 22:43:39,611 INFO - ContAudITWrapper#1 - Running pre-command actions...
2024-06-23 22:43:39,612 INFO - ContAudITWrapper#1 - Analyzing current environment state...
2024-06-23 22:43:39,683 INFO - ContAudITWrapper#1 - Saving current environment state...
2024-06-23 22:43:39,695 INFO - ContAudITWrapper#1 - Environment state hash: 1776e4b78f696d486603e30cb7241013e927d69ca8030fa37e187c49ffd758cd
2024-06-23 22:43:39,695 INFO - ContAudITWrapper#1 - Executing command...
2024-06-23 22:43:39,752 INFO - ContAudITWrapper#1 - Command output: 
2024-06-23 22:43:39.698624799 [executor] Initializing the workflow...
[apache2_workflow] Create a simple webpage...
[apache2_workflow] Move webpage to Apache HTTP Server user website folder...
2024-06-23 22:43:39.751595432 [executor] Finished!

2024-06-23 22:43:39,752 INFO - ContAudITWrapper#1 - Running post-command actions...
2024-06-23 22:43:39,752 INFO - ContAudITWrapper#1 - Analyzing current environment state...
2024-06-23 22:43:39,842 INFO - ContAudITWrapper#1 - Saving current environment state...
2024-06-23 22:43:39,844 INFO - ContAudITWrapper#1 - Environment state hash: 1776e4b78f696d486603e30cb7241013e927d69ca8030fa37e187c49ffd758cd
2024-06-23 22:43:39,845 INFO - ContAudITWrapper#1 - Checking environment diff...
2024-06-23 22:43:39,847 INFO - ContAudITWrapper#1 - Environment diff: 
2024-06-23 22:43:39,848 INFO - ContAudITWrapper#1 - Cleaning temporary files...
2024-06-23 22:43:39,850 INFO - ContAudITWrapper#1 - Sending to blockchain...
2024-06-23 22:43:44,352 INFO - ContAudITWrapper#1 - Response 
2024-06-23 22:43:44,354 INFO - ContAudITWrapper#1 - Finishing ContAudIT Wrapper...
