2024-10-10 03:39:05,555 INFO - ContAudITWrapper#29 - Initializing ContAudIT Wrapper...
2024-10-10 03:39:05,697 INFO - ContAudITWrapper#29 - Current directory: /home/ec2-user/Code/ufrgs-poc/contaudit-wrapper.jar
2024-10-10 03:39:25,438 INFO - ContAudITWrapper#29 - Wrapper hash: b7519188ed863d76e5199a8d880bb968bdf9124fad53b871583787e123a7a764
2024-10-10 03:39:25,459 INFO - ContAudITWrapper#29 - Validating Wrapper...
2024-10-10 03:40:22,492 INFO - ContAudITWrapper#29 - Response true
2024-10-10 03:40:22,657 INFO - ContAudITWrapper#29 - Application hash: e36ee2d35f8c4c41bd358782dfb3ac8852b40439d350ff27616f0c18819ce9bf
2024-10-10 03:40:22,658 INFO - ContAudITWrapper#29 - Validating Application...
2024-10-10 03:40:31,283 INFO - ContAudITWrapper#29 - Response true
2024-10-10 03:40:31,302 INFO - ContAudITWrapper#29 - Artifact user.workflow hash: 52877374d8c54314b7af92814eaf729121e99a87e9706a2888cd9bcd951b11c9
2024-10-10 03:40:31,308 INFO - ContAudITWrapper#29 - Validating Artifact...
2024-10-10 03:40:39,507 INFO - ContAudITWrapper#29 - Response true
2024-10-10 03:40:39,614 INFO - ContAudITWrapper#29 - Running pre-command actions...
2024-10-10 03:40:39,615 INFO - ContAudITWrapper#29 - Analyzing current environment state...
2024-10-10 03:40:39,759 INFO - ContAudITWrapper#29 - Saving current environment state...
2024-10-10 03:40:39,760 INFO - ContAudITWrapper#29 - Environment state hash: a7ffc6f8bf1ed76651c14756a061d662f580ff4de43b49fa82d80a4b80f8434a
2024-10-10 03:40:39,760 INFO - ContAudITWrapper#29 - Executing command...
2024-10-10 03:40:49,034 INFO - ContAudITWrapper#29 - Command output: 
2024-10-10 03:40:39.817515891 [executor] Initializing the workflow...
[useradd_workflow] User contaudit29 already exists. Removing...
[useradd_workflow] User contaudit29 successfully removed.
[useradd_workflow] User contaudit29 created successfully.
2024-10-10 03:40:49.030872877 [executor] Finished!

2024-10-10 03:40:49,035 INFO - ContAudITWrapper#29 - Running post-command actions...
2024-10-10 03:40:49,035 INFO - ContAudITWrapper#29 - Analyzing current environment state...
2024-10-10 03:40:49,073 INFO - ContAudITWrapper#29 - Saving current environment state...
2024-10-10 03:40:49,074 INFO - ContAudITWrapper#29 - Environment state hash: a7ffc6f8bf1ed76651c14756a061d662f580ff4de43b49fa82d80a4b80f8434a
2024-10-10 03:40:49,075 INFO - ContAudITWrapper#29 - Checking environment diff...
2024-10-10 03:40:49,086 INFO - ContAudITWrapper#29 - Environment diff: 
2024-10-10 03:40:49,086 INFO - ContAudITWrapper#29 - Cleaning temporary files...
2024-10-10 03:40:49,093 INFO - ContAudITWrapper#29 - Sending to blockchain...
2024-10-10 03:40:52,298 INFO - ContAudITWrapper#29 - Response 
2024-10-10 03:40:52,299 INFO - ContAudITWrapper#29 - Finishing ContAudIT Wrapper...
