2024-10-10 03:39:04,070 INFO - ContAudITWrapper#64 - Initializing ContAudIT Wrapper...
2024-10-10 03:39:04,276 INFO - ContAudITWrapper#64 - Current directory: /home/ec2-user/Code/ufrgs-poc/contaudit-wrapper.jar
2024-10-10 03:39:23,829 INFO - ContAudITWrapper#64 - Wrapper hash: b7519188ed863d76e5199a8d880bb968bdf9124fad53b871583787e123a7a764
2024-10-10 03:39:23,836 INFO - ContAudITWrapper#64 - Validating Wrapper...
2024-10-10 03:40:17,947 INFO - ContAudITWrapper#64 - Response true
2024-10-10 03:40:18,056 INFO - ContAudITWrapper#64 - Application hash: e36ee2d35f8c4c41bd358782dfb3ac8852b40439d350ff27616f0c18819ce9bf
2024-10-10 03:40:18,057 INFO - ContAudITWrapper#64 - Validating Application...
2024-10-10 03:40:29,346 INFO - ContAudITWrapper#64 - Response true
2024-10-10 03:40:29,403 INFO - ContAudITWrapper#64 - Artifact user.workflow hash: 52877374d8c54314b7af92814eaf729121e99a87e9706a2888cd9bcd951b11c9
2024-10-10 03:40:29,409 INFO - ContAudITWrapper#64 - Validating Artifact...
2024-10-10 03:40:38,481 INFO - ContAudITWrapper#64 - Response true
2024-10-10 03:40:38,492 INFO - ContAudITWrapper#64 - Running pre-command actions...
2024-10-10 03:40:38,493 INFO - ContAudITWrapper#64 - Analyzing current environment state...
2024-10-10 03:40:38,668 INFO - ContAudITWrapper#64 - Saving current environment state...
2024-10-10 03:40:38,669 INFO - ContAudITWrapper#64 - Environment state hash: a7ffc6f8bf1ed76651c14756a061d662f580ff4de43b49fa82d80a4b80f8434a
2024-10-10 03:40:38,669 INFO - ContAudITWrapper#64 - Executing command...
2024-10-10 03:40:46,932 INFO - ContAudITWrapper#64 - Command output: 
2024-10-10 03:40:38.690446946 [executor] Initializing the workflow...
[useradd_workflow] User contaudit64 already exists. Removing...
[useradd_workflow] User contaudit64 successfully removed.
[useradd_workflow] User contaudit64 created successfully.
2024-10-10 03:40:46.931394718 [executor] Finished!

2024-10-10 03:40:46,932 INFO - ContAudITWrapper#64 - Running post-command actions...
2024-10-10 03:40:46,932 INFO - ContAudITWrapper#64 - Analyzing current environment state...
2024-10-10 03:40:46,937 INFO - ContAudITWrapper#64 - Saving current environment state...
2024-10-10 03:40:46,937 INFO - ContAudITWrapper#64 - Environment state hash: a7ffc6f8bf1ed76651c14756a061d662f580ff4de43b49fa82d80a4b80f8434a
2024-10-10 03:40:46,937 INFO - ContAudITWrapper#64 - Checking environment diff...
2024-10-10 03:40:46,942 INFO - ContAudITWrapper#64 - Environment diff: 
2024-10-10 03:40:46,942 INFO - ContAudITWrapper#64 - Cleaning temporary files...
2024-10-10 03:40:46,945 INFO - ContAudITWrapper#64 - Sending to blockchain...
2024-10-10 03:40:49,698 INFO - ContAudITWrapper#64 - Response 
2024-10-10 03:40:49,700 INFO - ContAudITWrapper#64 - Finishing ContAudIT Wrapper...
