2024-10-10 03:39:05,570 INFO - ContAudITWrapper#71 - Initializing ContAudIT Wrapper...
2024-10-10 03:39:05,708 INFO - ContAudITWrapper#71 - Current directory: /home/ec2-user/Code/ufrgs-poc/contaudit-wrapper.jar
2024-10-10 03:39:22,186 INFO - ContAudITWrapper#71 - Wrapper hash: b7519188ed863d76e5199a8d880bb968bdf9124fad53b871583787e123a7a764
2024-10-10 03:39:22,255 INFO - ContAudITWrapper#71 - Validating Wrapper...
2024-10-10 03:40:16,253 INFO - ContAudITWrapper#71 - Response true
2024-10-10 03:40:16,427 INFO - ContAudITWrapper#71 - Application hash: e36ee2d35f8c4c41bd358782dfb3ac8852b40439d350ff27616f0c18819ce9bf
2024-10-10 03:40:16,441 INFO - ContAudITWrapper#71 - Validating Application...
2024-10-10 03:40:25,947 INFO - ContAudITWrapper#71 - Response true
2024-10-10 03:40:25,949 INFO - ContAudITWrapper#71 - Artifact user.workflow hash: 52877374d8c54314b7af92814eaf729121e99a87e9706a2888cd9bcd951b11c9
2024-10-10 03:40:25,966 INFO - ContAudITWrapper#71 - Validating Artifact...
2024-10-10 03:40:33,691 INFO - ContAudITWrapper#71 - Response true
2024-10-10 03:40:33,696 INFO - ContAudITWrapper#71 - Running pre-command actions...
2024-10-10 03:40:33,697 INFO - ContAudITWrapper#71 - Analyzing current environment state...
2024-10-10 03:40:33,938 INFO - ContAudITWrapper#71 - Saving current environment state...
2024-10-10 03:40:33,939 INFO - ContAudITWrapper#71 - Environment state hash: a7ffc6f8bf1ed76651c14756a061d662f580ff4de43b49fa82d80a4b80f8434a
2024-10-10 03:40:33,940 INFO - ContAudITWrapper#71 - Executing command...
2024-10-10 03:40:40,789 INFO - ContAudITWrapper#71 - Command output: 
2024-10-10 03:40:34.010985766 [executor] Initializing the workflow...
[useradd_workflow] User contaudit71 already exists. Removing...
[useradd_workflow] User contaudit71 successfully removed.
[useradd_workflow] User contaudit71 created successfully.
2024-10-10 03:40:40.785662520 [executor] Finished!

2024-10-10 03:40:40,789 INFO - ContAudITWrapper#71 - Running post-command actions...
2024-10-10 03:40:40,789 INFO - ContAudITWrapper#71 - Analyzing current environment state...
2024-10-10 03:40:40,847 INFO - ContAudITWrapper#71 - Saving current environment state...
2024-10-10 03:40:40,848 INFO - ContAudITWrapper#71 - Environment state hash: a7ffc6f8bf1ed76651c14756a061d662f580ff4de43b49fa82d80a4b80f8434a
2024-10-10 03:40:40,848 INFO - ContAudITWrapper#71 - Checking environment diff...
2024-10-10 03:40:40,885 INFO - ContAudITWrapper#71 - Environment diff: 
2024-10-10 03:40:40,885 INFO - ContAudITWrapper#71 - Cleaning temporary files...
2024-10-10 03:40:40,946 INFO - ContAudITWrapper#71 - Sending to blockchain...
2024-10-10 03:40:43,573 INFO - ContAudITWrapper#71 - Response 
2024-10-10 03:40:43,575 INFO - ContAudITWrapper#71 - Finishing ContAudIT Wrapper...
