2024-10-10 03:39:05,607 INFO - ContAudITWrapper#49 - Initializing ContAudIT Wrapper...
2024-10-10 03:39:05,777 INFO - ContAudITWrapper#49 - Current directory: /home/ec2-user/Code/ufrgs-poc/contaudit-wrapper.jar
2024-10-10 03:39:25,186 INFO - ContAudITWrapper#49 - Wrapper hash: b7519188ed863d76e5199a8d880bb968bdf9124fad53b871583787e123a7a764
2024-10-10 03:39:25,193 INFO - ContAudITWrapper#49 - Validating Wrapper...
2024-10-10 03:40:19,780 INFO - ContAudITWrapper#49 - Response true
2024-10-10 03:40:19,976 INFO - ContAudITWrapper#49 - Application hash: e36ee2d35f8c4c41bd358782dfb3ac8852b40439d350ff27616f0c18819ce9bf
2024-10-10 03:40:19,977 INFO - ContAudITWrapper#49 - Validating Application...
2024-10-10 03:40:31,982 INFO - ContAudITWrapper#49 - Response true
2024-10-10 03:40:31,988 INFO - ContAudITWrapper#49 - Artifact user.workflow hash: 52877374d8c54314b7af92814eaf729121e99a87e9706a2888cd9bcd951b11c9
2024-10-10 03:40:32,064 INFO - ContAudITWrapper#49 - Validating Artifact...
2024-10-10 03:40:40,051 INFO - ContAudITWrapper#49 - Response true
2024-10-10 03:40:40,076 INFO - ContAudITWrapper#49 - Running pre-command actions...
2024-10-10 03:40:40,077 INFO - ContAudITWrapper#49 - Analyzing current environment state...
2024-10-10 03:40:40,167 INFO - ContAudITWrapper#49 - Saving current environment state...
2024-10-10 03:40:40,168 INFO - ContAudITWrapper#49 - Environment state hash: a7ffc6f8bf1ed76651c14756a061d662f580ff4de43b49fa82d80a4b80f8434a
2024-10-10 03:40:40,169 INFO - ContAudITWrapper#49 - Executing command...
2024-10-10 03:40:48,921 INFO - ContAudITWrapper#49 - Command output: 
2024-10-10 03:40:40.243549900 [executor] Initializing the workflow...
[useradd_workflow] User contaudit49 already exists. Removing...
[useradd_workflow] User contaudit49 successfully removed.
[useradd_workflow] User contaudit49 created successfully.
2024-10-10 03:40:48.920552838 [executor] Finished!

2024-10-10 03:40:48,921 INFO - ContAudITWrapper#49 - Running post-command actions...
2024-10-10 03:40:48,921 INFO - ContAudITWrapper#49 - Analyzing current environment state...
2024-10-10 03:40:48,944 INFO - ContAudITWrapper#49 - Saving current environment state...
2024-10-10 03:40:48,944 INFO - ContAudITWrapper#49 - Environment state hash: a7ffc6f8bf1ed76651c14756a061d662f580ff4de43b49fa82d80a4b80f8434a
2024-10-10 03:40:48,945 INFO - ContAudITWrapper#49 - Checking environment diff...
2024-10-10 03:40:48,956 INFO - ContAudITWrapper#49 - Environment diff: 
2024-10-10 03:40:48,957 INFO - ContAudITWrapper#49 - Cleaning temporary files...
2024-10-10 03:40:48,961 INFO - ContAudITWrapper#49 - Sending to blockchain...
2024-10-10 03:40:52,213 INFO - ContAudITWrapper#49 - Response 
2024-10-10 03:40:52,214 INFO - ContAudITWrapper#49 - Finishing ContAudIT Wrapper...
