2024-10-10 03:39:05,379 INFO - ContAudITWrapper#80 - Initializing ContAudIT Wrapper...
2024-10-10 03:39:05,497 INFO - ContAudITWrapper#80 - Current directory: /home/ec2-user/Code/ufrgs-poc/contaudit-wrapper.jar
2024-10-10 03:39:23,635 INFO - ContAudITWrapper#80 - Wrapper hash: b7519188ed863d76e5199a8d880bb968bdf9124fad53b871583787e123a7a764
2024-10-10 03:39:23,685 INFO - ContAudITWrapper#80 - Validating Wrapper...
2024-10-10 03:40:19,409 INFO - ContAudITWrapper#80 - Response true
2024-10-10 03:40:19,704 INFO - ContAudITWrapper#80 - Application hash: e36ee2d35f8c4c41bd358782dfb3ac8852b40439d350ff27616f0c18819ce9bf
2024-10-10 03:40:19,706 INFO - ContAudITWrapper#80 - Validating Application...
2024-10-10 03:40:30,868 INFO - ContAudITWrapper#80 - Response true
2024-10-10 03:40:30,886 INFO - ContAudITWrapper#80 - Artifact user.workflow hash: 52877374d8c54314b7af92814eaf729121e99a87e9706a2888cd9bcd951b11c9
2024-10-10 03:40:30,900 INFO - ContAudITWrapper#80 - Validating Artifact...
2024-10-10 03:40:39,849 INFO - ContAudITWrapper#80 - Response true
2024-10-10 03:40:39,855 INFO - ContAudITWrapper#80 - Running pre-command actions...
2024-10-10 03:40:39,856 INFO - ContAudITWrapper#80 - Analyzing current environment state...
2024-10-10 03:40:39,963 INFO - ContAudITWrapper#80 - Saving current environment state...
2024-10-10 03:40:39,964 INFO - ContAudITWrapper#80 - Environment state hash: a7ffc6f8bf1ed76651c14756a061d662f580ff4de43b49fa82d80a4b80f8434a
2024-10-10 03:40:39,970 INFO - ContAudITWrapper#80 - Executing command...
2024-10-10 03:40:44,361 INFO - ContAudITWrapper#80 - Command output: 
2024-10-10 03:40:40.088951041 [executor] Initializing the workflow...
[useradd_workflow] User contaudit80 does not exist. Creating...
[useradd_workflow] User contaudit80 created successfully.
2024-10-10 03:40:44.360913081 [executor] Finished!

2024-10-10 03:40:44,361 INFO - ContAudITWrapper#80 - Running post-command actions...
2024-10-10 03:40:44,362 INFO - ContAudITWrapper#80 - Analyzing current environment state...
2024-10-10 03:40:44,366 INFO - ContAudITWrapper#80 - Saving current environment state...
2024-10-10 03:40:44,367 INFO - ContAudITWrapper#80 - Environment state hash: a7ffc6f8bf1ed76651c14756a061d662f580ff4de43b49fa82d80a4b80f8434a
2024-10-10 03:40:44,367 INFO - ContAudITWrapper#80 - Checking environment diff...
2024-10-10 03:40:44,370 INFO - ContAudITWrapper#80 - Environment diff: 
2024-10-10 03:40:44,371 INFO - ContAudITWrapper#80 - Cleaning temporary files...
2024-10-10 03:40:44,375 INFO - ContAudITWrapper#80 - Sending to blockchain...
2024-10-10 03:40:45,806 INFO - ContAudITWrapper#80 - Response 
2024-10-10 03:40:45,808 INFO - ContAudITWrapper#80 - Finishing ContAudIT Wrapper...
