2024-10-10 03:39:04,481 INFO - ContAudITWrapper#76 - Initializing ContAudIT Wrapper...
2024-10-10 03:39:04,630 INFO - ContAudITWrapper#76 - Current directory: /home/ec2-user/Code/ufrgs-poc/contaudit-wrapper.jar
2024-10-10 03:39:17,980 INFO - ContAudITWrapper#76 - Wrapper hash: b7519188ed863d76e5199a8d880bb968bdf9124fad53b871583787e123a7a764
2024-10-10 03:39:17,992 INFO - ContAudITWrapper#76 - Validating Wrapper...
2024-10-10 03:40:00,157 INFO - ContAudITWrapper#76 - Response true
2024-10-10 03:40:00,239 INFO - ContAudITWrapper#76 - Application hash: e36ee2d35f8c4c41bd358782dfb3ac8852b40439d350ff27616f0c18819ce9bf
2024-10-10 03:40:00,274 INFO - ContAudITWrapper#76 - Validating Application...
2024-10-10 03:40:12,615 INFO - ContAudITWrapper#76 - Response true
2024-10-10 03:40:12,631 INFO - ContAudITWrapper#76 - Artifact user.workflow hash: 52877374d8c54314b7af92814eaf729121e99a87e9706a2888cd9bcd951b11c9
2024-10-10 03:40:12,646 INFO - ContAudITWrapper#76 - Validating Artifact...
2024-10-10 03:40:22,708 INFO - ContAudITWrapper#76 - Response true
2024-10-10 03:40:22,778 INFO - ContAudITWrapper#76 - Running pre-command actions...
2024-10-10 03:40:22,779 INFO - ContAudITWrapper#76 - Analyzing current environment state...
2024-10-10 03:40:22,991 INFO - ContAudITWrapper#76 - Saving current environment state...
2024-10-10 03:40:22,992 INFO - ContAudITWrapper#76 - Environment state hash: a7ffc6f8bf1ed76651c14756a061d662f580ff4de43b49fa82d80a4b80f8434a
2024-10-10 03:40:22,993 INFO - ContAudITWrapper#76 - Executing command...
2024-10-10 03:40:25,027 INFO - ContAudITWrapper#76 - Command output: 
2024-10-10 03:40:23.103481974 [executor] Initializing the workflow...
[useradd_workflow] User contaudit76 does not exist. Creating...
[useradd_workflow] User contaudit76 created successfully.
2024-10-10 03:40:25.020199188 [executor] Finished!

2024-10-10 03:40:25,027 INFO - ContAudITWrapper#76 - Running post-command actions...
2024-10-10 03:40:25,027 INFO - ContAudITWrapper#76 - Analyzing current environment state...
2024-10-10 03:40:25,080 INFO - ContAudITWrapper#76 - Saving current environment state...
2024-10-10 03:40:25,081 INFO - ContAudITWrapper#76 - Environment state hash: a7ffc6f8bf1ed76651c14756a061d662f580ff4de43b49fa82d80a4b80f8434a
2024-10-10 03:40:25,081 INFO - ContAudITWrapper#76 - Checking environment diff...
2024-10-10 03:40:25,161 INFO - ContAudITWrapper#76 - Environment diff: 
2024-10-10 03:40:25,161 INFO - ContAudITWrapper#76 - Cleaning temporary files...
2024-10-10 03:40:25,317 INFO - ContAudITWrapper#76 - Sending to blockchain...
2024-10-10 03:40:37,030 INFO - ContAudITWrapper#76 - Response 
2024-10-10 03:40:37,032 INFO - ContAudITWrapper#76 - Finishing ContAudIT Wrapper...
