2024-10-10 03:39:04,898 INFO - ContAudITWrapper#14 - Initializing ContAudIT Wrapper...
2024-10-10 03:39:05,070 INFO - ContAudITWrapper#14 - Current directory: /home/ec2-user/Code/ufrgs-poc/contaudit-wrapper.jar
2024-10-10 03:39:23,055 INFO - ContAudITWrapper#14 - Wrapper hash: b7519188ed863d76e5199a8d880bb968bdf9124fad53b871583787e123a7a764
2024-10-10 03:39:23,113 INFO - ContAudITWrapper#14 - Validating Wrapper...
2024-10-10 03:40:19,998 INFO - ContAudITWrapper#14 - Response true
2024-10-10 03:40:20,211 INFO - ContAudITWrapper#14 - Application hash: e36ee2d35f8c4c41bd358782dfb3ac8852b40439d350ff27616f0c18819ce9bf
2024-10-10 03:40:20,290 INFO - ContAudITWrapper#14 - Validating Application...
2024-10-10 03:40:31,628 INFO - ContAudITWrapper#14 - Response true
2024-10-10 03:40:31,649 INFO - ContAudITWrapper#14 - Artifact user.workflow hash: 52877374d8c54314b7af92814eaf729121e99a87e9706a2888cd9bcd951b11c9
2024-10-10 03:40:31,690 INFO - ContAudITWrapper#14 - Validating Artifact...
2024-10-10 03:40:38,436 INFO - ContAudITWrapper#14 - Response true
2024-10-10 03:40:38,464 INFO - ContAudITWrapper#14 - Running pre-command actions...
2024-10-10 03:40:38,465 INFO - ContAudITWrapper#14 - Analyzing current environment state...
2024-10-10 03:40:38,606 INFO - ContAudITWrapper#14 - Saving current environment state...
2024-10-10 03:40:38,607 INFO - ContAudITWrapper#14 - Environment state hash: a7ffc6f8bf1ed76651c14756a061d662f580ff4de43b49fa82d80a4b80f8434a
2024-10-10 03:40:38,607 INFO - ContAudITWrapper#14 - Executing command...
2024-10-10 03:40:47,015 INFO - ContAudITWrapper#14 - Command output: 
2024-10-10 03:40:38.629370931 [executor] Initializing the workflow...
[useradd_workflow] User contaudit14 already exists. Removing...
[useradd_workflow] User contaudit14 successfully removed.
[useradd_workflow] User contaudit14 created successfully.
2024-10-10 03:40:47.014284520 [executor] Finished!

2024-10-10 03:40:47,015 INFO - ContAudITWrapper#14 - Running post-command actions...
2024-10-10 03:40:47,015 INFO - ContAudITWrapper#14 - Analyzing current environment state...
2024-10-10 03:40:47,029 INFO - ContAudITWrapper#14 - Saving current environment state...
2024-10-10 03:40:47,030 INFO - ContAudITWrapper#14 - Environment state hash: a7ffc6f8bf1ed76651c14756a061d662f580ff4de43b49fa82d80a4b80f8434a
2024-10-10 03:40:47,030 INFO - ContAudITWrapper#14 - Checking environment diff...
2024-10-10 03:40:47,036 INFO - ContAudITWrapper#14 - Environment diff: 
2024-10-10 03:40:47,036 INFO - ContAudITWrapper#14 - Cleaning temporary files...
2024-10-10 03:40:47,041 INFO - ContAudITWrapper#14 - Sending to blockchain...
2024-10-10 03:40:49,683 INFO - ContAudITWrapper#14 - Response 
2024-10-10 03:40:49,685 INFO - ContAudITWrapper#14 - Finishing ContAudIT Wrapper...
