2024-10-10 03:39:03,641 INFO - ContAudITWrapper#61 - Initializing ContAudIT Wrapper...
2024-10-10 03:39:03,804 INFO - ContAudITWrapper#61 - Current directory: /home/ec2-user/Code/ufrgs-poc/contaudit-wrapper.jar
2024-10-10 03:39:19,890 INFO - ContAudITWrapper#61 - Wrapper hash: b7519188ed863d76e5199a8d880bb968bdf9124fad53b871583787e123a7a764
2024-10-10 03:39:19,898 INFO - ContAudITWrapper#61 - Validating Wrapper...
2024-10-10 03:40:10,267 INFO - ContAudITWrapper#61 - Response true
2024-10-10 03:40:10,430 INFO - ContAudITWrapper#61 - Application hash: e36ee2d35f8c4c41bd358782dfb3ac8852b40439d350ff27616f0c18819ce9bf
2024-10-10 03:40:10,438 INFO - ContAudITWrapper#61 - Validating Application...
2024-10-10 03:40:22,263 INFO - ContAudITWrapper#61 - Response true
2024-10-10 03:40:22,473 INFO - ContAudITWrapper#61 - Artifact user.workflow hash: 52877374d8c54314b7af92814eaf729121e99a87e9706a2888cd9bcd951b11c9
2024-10-10 03:40:22,479 INFO - ContAudITWrapper#61 - Validating Artifact...
2024-10-10 03:40:33,597 INFO - ContAudITWrapper#61 - Response true
2024-10-10 03:40:33,612 INFO - ContAudITWrapper#61 - Running pre-command actions...
2024-10-10 03:40:33,613 INFO - ContAudITWrapper#61 - Analyzing current environment state...
2024-10-10 03:40:33,761 INFO - ContAudITWrapper#61 - Saving current environment state...
2024-10-10 03:40:33,763 INFO - ContAudITWrapper#61 - Environment state hash: a7ffc6f8bf1ed76651c14756a061d662f580ff4de43b49fa82d80a4b80f8434a
2024-10-10 03:40:33,788 INFO - ContAudITWrapper#61 - Executing command...
2024-10-10 03:40:41,722 INFO - ContAudITWrapper#61 - Command output: 
2024-10-10 03:40:33.945410759 [executor] Initializing the workflow...
[useradd_workflow] User contaudit61 already exists. Removing...
[useradd_workflow] User contaudit61 successfully removed.
[useradd_workflow] User contaudit61 created successfully.
2024-10-10 03:40:41.721981065 [executor] Finished!

2024-10-10 03:40:41,723 INFO - ContAudITWrapper#61 - Running post-command actions...
2024-10-10 03:40:41,723 INFO - ContAudITWrapper#61 - Analyzing current environment state...
2024-10-10 03:40:41,771 INFO - ContAudITWrapper#61 - Saving current environment state...
2024-10-10 03:40:41,771 INFO - ContAudITWrapper#61 - Environment state hash: a7ffc6f8bf1ed76651c14756a061d662f580ff4de43b49fa82d80a4b80f8434a
2024-10-10 03:40:41,772 INFO - ContAudITWrapper#61 - Checking environment diff...
2024-10-10 03:40:41,794 INFO - ContAudITWrapper#61 - Environment diff: 
2024-10-10 03:40:41,794 INFO - ContAudITWrapper#61 - Cleaning temporary files...
2024-10-10 03:40:41,871 INFO - ContAudITWrapper#61 - Sending to blockchain...
2024-10-10 03:40:43,581 INFO - ContAudITWrapper#61 - Response 
2024-10-10 03:40:43,596 INFO - ContAudITWrapper#61 - Finishing ContAudIT Wrapper...
