2024-10-10 03:39:04,667 INFO - ContAudITWrapper#9 - Initializing ContAudIT Wrapper...
2024-10-10 03:39:04,861 INFO - ContAudITWrapper#9 - Current directory: /home/ec2-user/Code/ufrgs-poc/contaudit-wrapper.jar
2024-10-10 03:39:23,913 INFO - ContAudITWrapper#9 - Wrapper hash: b7519188ed863d76e5199a8d880bb968bdf9124fad53b871583787e123a7a764
2024-10-10 03:39:23,994 INFO - ContAudITWrapper#9 - Validating Wrapper...
2024-10-10 03:40:16,056 INFO - ContAudITWrapper#9 - Response true
2024-10-10 03:40:16,138 INFO - ContAudITWrapper#9 - Application hash: e36ee2d35f8c4c41bd358782dfb3ac8852b40439d350ff27616f0c18819ce9bf
2024-10-10 03:40:16,139 INFO - ContAudITWrapper#9 - Validating Application...
2024-10-10 03:40:25,624 INFO - ContAudITWrapper#9 - Response true
2024-10-10 03:40:25,635 INFO - ContAudITWrapper#9 - Artifact user.workflow hash: 52877374d8c54314b7af92814eaf729121e99a87e9706a2888cd9bcd951b11c9
2024-10-10 03:40:25,672 INFO - ContAudITWrapper#9 - Validating Artifact...
2024-10-10 03:40:36,812 INFO - ContAudITWrapper#9 - Response true
2024-10-10 03:40:36,873 INFO - ContAudITWrapper#9 - Running pre-command actions...
2024-10-10 03:40:36,874 INFO - ContAudITWrapper#9 - Analyzing current environment state...
2024-10-10 03:40:37,029 INFO - ContAudITWrapper#9 - Saving current environment state...
2024-10-10 03:40:37,030 INFO - ContAudITWrapper#9 - Environment state hash: a7ffc6f8bf1ed76651c14756a061d662f580ff4de43b49fa82d80a4b80f8434a
2024-10-10 03:40:37,030 INFO - ContAudITWrapper#9 - Executing command...
2024-10-10 03:40:46,493 INFO - ContAudITWrapper#9 - Command output: 
2024-10-10 03:40:37.223245417 [executor] Initializing the workflow...
[useradd_workflow] User contaudit9 already exists. Removing...
[useradd_workflow] User contaudit9 successfully removed.
[useradd_workflow] User contaudit9 created successfully.
2024-10-10 03:40:46.493134267 [executor] Finished!

2024-10-10 03:40:46,493 INFO - ContAudITWrapper#9 - Running post-command actions...
2024-10-10 03:40:46,493 INFO - ContAudITWrapper#9 - Analyzing current environment state...
2024-10-10 03:40:46,499 INFO - ContAudITWrapper#9 - Saving current environment state...
2024-10-10 03:40:46,499 INFO - ContAudITWrapper#9 - Environment state hash: a7ffc6f8bf1ed76651c14756a061d662f580ff4de43b49fa82d80a4b80f8434a
2024-10-10 03:40:46,500 INFO - ContAudITWrapper#9 - Checking environment diff...
2024-10-10 03:40:46,503 INFO - ContAudITWrapper#9 - Environment diff: 
2024-10-10 03:40:46,503 INFO - ContAudITWrapper#9 - Cleaning temporary files...
2024-10-10 03:40:46,507 INFO - ContAudITWrapper#9 - Sending to blockchain...
2024-10-10 03:40:49,837 INFO - ContAudITWrapper#9 - Response 
2024-10-10 03:40:49,839 INFO - ContAudITWrapper#9 - Finishing ContAudIT Wrapper...
