2024-10-10 03:39:04,881 INFO - ContAudITWrapper#62 - Initializing ContAudIT Wrapper...
2024-10-10 03:39:05,002 INFO - ContAudITWrapper#62 - Current directory: /home/ec2-user/Code/ufrgs-poc/contaudit-wrapper.jar
2024-10-10 03:39:24,828 INFO - ContAudITWrapper#62 - Wrapper hash: b7519188ed863d76e5199a8d880bb968bdf9124fad53b871583787e123a7a764
2024-10-10 03:39:24,899 INFO - ContAudITWrapper#62 - Validating Wrapper...
2024-10-10 03:40:17,589 INFO - ContAudITWrapper#62 - Response true
2024-10-10 03:40:17,673 INFO - ContAudITWrapper#62 - Application hash: e36ee2d35f8c4c41bd358782dfb3ac8852b40439d350ff27616f0c18819ce9bf
2024-10-10 03:40:17,674 INFO - ContAudITWrapper#62 - Validating Application...
2024-10-10 03:40:28,424 INFO - ContAudITWrapper#62 - Response true
2024-10-10 03:40:28,435 INFO - ContAudITWrapper#62 - Artifact user.workflow hash: 52877374d8c54314b7af92814eaf729121e99a87e9706a2888cd9bcd951b11c9
2024-10-10 03:40:28,452 INFO - ContAudITWrapper#62 - Validating Artifact...
2024-10-10 03:40:40,199 INFO - ContAudITWrapper#62 - Response true
2024-10-10 03:40:40,233 INFO - ContAudITWrapper#62 - Running pre-command actions...
2024-10-10 03:40:40,236 INFO - ContAudITWrapper#62 - Analyzing current environment state...
2024-10-10 03:40:40,305 INFO - ContAudITWrapper#62 - Saving current environment state...
2024-10-10 03:40:40,309 INFO - ContAudITWrapper#62 - Environment state hash: a7ffc6f8bf1ed76651c14756a061d662f580ff4de43b49fa82d80a4b80f8434a
2024-10-10 03:40:40,310 INFO - ContAudITWrapper#62 - Executing command...
2024-10-10 03:40:49,240 INFO - ContAudITWrapper#62 - Command output: 
2024-10-10 03:40:40.390734723 [executor] Initializing the workflow...
[useradd_workflow] User contaudit62 already exists. Removing...
[useradd_workflow] User contaudit62 successfully removed.
[useradd_workflow] User contaudit62 created successfully.
2024-10-10 03:40:49.239269819 [executor] Finished!

2024-10-10 03:40:49,240 INFO - ContAudITWrapper#62 - Running post-command actions...
2024-10-10 03:40:49,241 INFO - ContAudITWrapper#62 - Analyzing current environment state...
2024-10-10 03:40:49,256 INFO - ContAudITWrapper#62 - Saving current environment state...
2024-10-10 03:40:49,256 INFO - ContAudITWrapper#62 - Environment state hash: a7ffc6f8bf1ed76651c14756a061d662f580ff4de43b49fa82d80a4b80f8434a
2024-10-10 03:40:49,257 INFO - ContAudITWrapper#62 - Checking environment diff...
2024-10-10 03:40:49,267 INFO - ContAudITWrapper#62 - Environment diff: 
2024-10-10 03:40:49,268 INFO - ContAudITWrapper#62 - Cleaning temporary files...
2024-10-10 03:40:49,274 INFO - ContAudITWrapper#62 - Sending to blockchain...
2024-10-10 03:40:52,259 INFO - ContAudITWrapper#62 - Response 
2024-10-10 03:40:52,260 INFO - ContAudITWrapper#62 - Finishing ContAudIT Wrapper...
