2024-10-10 03:39:04,932 INFO - ContAudITWrapper#3 - Initializing ContAudIT Wrapper...
2024-10-10 03:39:05,156 INFO - ContAudITWrapper#3 - Current directory: /home/ec2-user/Code/ufrgs-poc/contaudit-wrapper.jar
2024-10-10 03:39:24,816 INFO - ContAudITWrapper#3 - Wrapper hash: b7519188ed863d76e5199a8d880bb968bdf9124fad53b871583787e123a7a764
2024-10-10 03:39:24,886 INFO - ContAudITWrapper#3 - Validating Wrapper...
2024-10-10 03:40:20,265 INFO - ContAudITWrapper#3 - Response true
2024-10-10 03:40:20,293 INFO - ContAudITWrapper#3 - Application hash: e36ee2d35f8c4c41bd358782dfb3ac8852b40439d350ff27616f0c18819ce9bf
2024-10-10 03:40:20,294 INFO - ContAudITWrapper#3 - Validating Application...
2024-10-10 03:40:32,109 INFO - ContAudITWrapper#3 - Response true
2024-10-10 03:40:32,131 INFO - ContAudITWrapper#3 - Artifact user.workflow hash: 52877374d8c54314b7af92814eaf729121e99a87e9706a2888cd9bcd951b11c9
2024-10-10 03:40:32,149 INFO - ContAudITWrapper#3 - Validating Artifact...
2024-10-10 03:40:41,042 INFO - ContAudITWrapper#3 - Response true
2024-10-10 03:40:41,060 INFO - ContAudITWrapper#3 - Running pre-command actions...
2024-10-10 03:40:41,062 INFO - ContAudITWrapper#3 - Analyzing current environment state...
2024-10-10 03:40:41,141 INFO - ContAudITWrapper#3 - Saving current environment state...
2024-10-10 03:40:41,142 INFO - ContAudITWrapper#3 - Environment state hash: a7ffc6f8bf1ed76651c14756a061d662f580ff4de43b49fa82d80a4b80f8434a
2024-10-10 03:40:41,143 INFO - ContAudITWrapper#3 - Executing command...
2024-10-10 03:40:50,060 INFO - ContAudITWrapper#3 - Command output: 
2024-10-10 03:40:41.205311626 [executor] Initializing the workflow...
[useradd_workflow] User contaudit3 already exists. Removing...
[useradd_workflow] User contaudit3 successfully removed.
[useradd_workflow] User contaudit3 created successfully.
2024-10-10 03:40:50.055233435 [executor] Finished!

2024-10-10 03:40:50,060 INFO - ContAudITWrapper#3 - Running post-command actions...
2024-10-10 03:40:50,060 INFO - ContAudITWrapper#3 - Analyzing current environment state...
2024-10-10 03:40:50,087 INFO - ContAudITWrapper#3 - Saving current environment state...
2024-10-10 03:40:50,087 INFO - ContAudITWrapper#3 - Environment state hash: a7ffc6f8bf1ed76651c14756a061d662f580ff4de43b49fa82d80a4b80f8434a
2024-10-10 03:40:50,088 INFO - ContAudITWrapper#3 - Checking environment diff...
2024-10-10 03:40:50,095 INFO - ContAudITWrapper#3 - Environment diff: 
2024-10-10 03:40:50,095 INFO - ContAudITWrapper#3 - Cleaning temporary files...
2024-10-10 03:40:50,200 INFO - ContAudITWrapper#3 - Sending to blockchain...
2024-10-10 03:40:52,826 INFO - ContAudITWrapper#3 - Response 
2024-10-10 03:40:52,828 INFO - ContAudITWrapper#3 - Finishing ContAudIT Wrapper...
