2024-10-10 03:39:05,145 INFO - ContAudITWrapper#22 - Initializing ContAudIT Wrapper...
2024-10-10 03:39:05,366 INFO - ContAudITWrapper#22 - Current directory: /home/ec2-user/Code/ufrgs-poc/contaudit-wrapper.jar
2024-10-10 03:39:22,713 INFO - ContAudITWrapper#22 - Wrapper hash: b7519188ed863d76e5199a8d880bb968bdf9124fad53b871583787e123a7a764
2024-10-10 03:39:22,787 INFO - ContAudITWrapper#22 - Validating Wrapper...
2024-10-10 03:40:16,409 INFO - ContAudITWrapper#22 - Response true
2024-10-10 03:40:16,647 INFO - ContAudITWrapper#22 - Application hash: e36ee2d35f8c4c41bd358782dfb3ac8852b40439d350ff27616f0c18819ce9bf
2024-10-10 03:40:16,648 INFO - ContAudITWrapper#22 - Validating Application...
2024-10-10 03:40:28,006 INFO - ContAudITWrapper#22 - Response true
2024-10-10 03:40:28,009 INFO - ContAudITWrapper#22 - Artifact user.workflow hash: 52877374d8c54314b7af92814eaf729121e99a87e9706a2888cd9bcd951b11c9
2024-10-10 03:40:28,014 INFO - ContAudITWrapper#22 - Validating Artifact...
2024-10-10 03:40:37,577 INFO - ContAudITWrapper#22 - Response true
2024-10-10 03:40:37,581 INFO - ContAudITWrapper#22 - Running pre-command actions...
2024-10-10 03:40:37,583 INFO - ContAudITWrapper#22 - Analyzing current environment state...
2024-10-10 03:40:37,771 INFO - ContAudITWrapper#22 - Saving current environment state...
2024-10-10 03:40:37,772 INFO - ContAudITWrapper#22 - Environment state hash: a7ffc6f8bf1ed76651c14756a061d662f580ff4de43b49fa82d80a4b80f8434a
2024-10-10 03:40:37,773 INFO - ContAudITWrapper#22 - Executing command...
2024-10-10 03:40:46,688 INFO - ContAudITWrapper#22 - Command output: 
2024-10-10 03:40:38.061075351 [executor] Initializing the workflow...
[useradd_workflow] User contaudit22 already exists. Removing...
[useradd_workflow] User contaudit22 successfully removed.
[useradd_workflow] User contaudit22 created successfully.
2024-10-10 03:40:46.687098840 [executor] Finished!

2024-10-10 03:40:46,688 INFO - ContAudITWrapper#22 - Running post-command actions...
2024-10-10 03:40:46,689 INFO - ContAudITWrapper#22 - Analyzing current environment state...
2024-10-10 03:40:46,712 INFO - ContAudITWrapper#22 - Saving current environment state...
2024-10-10 03:40:46,712 INFO - ContAudITWrapper#22 - Environment state hash: a7ffc6f8bf1ed76651c14756a061d662f580ff4de43b49fa82d80a4b80f8434a
2024-10-10 03:40:46,713 INFO - ContAudITWrapper#22 - Checking environment diff...
2024-10-10 03:40:46,716 INFO - ContAudITWrapper#22 - Environment diff: 
2024-10-10 03:40:46,717 INFO - ContAudITWrapper#22 - Cleaning temporary files...
2024-10-10 03:40:46,721 INFO - ContAudITWrapper#22 - Sending to blockchain...
2024-10-10 03:40:49,681 INFO - ContAudITWrapper#22 - Response 
2024-10-10 03:40:49,683 INFO - ContAudITWrapper#22 - Finishing ContAudIT Wrapper...
