2024-10-10 03:39:04,029 INFO - ContAudITWrapper#12 - Initializing ContAudIT Wrapper...
2024-10-10 03:39:04,209 INFO - ContAudITWrapper#12 - Current directory: /home/ec2-user/Code/ufrgs-poc/contaudit-wrapper.jar
2024-10-10 03:39:22,953 INFO - ContAudITWrapper#12 - Wrapper hash: b7519188ed863d76e5199a8d880bb968bdf9124fad53b871583787e123a7a764
2024-10-10 03:39:23,011 INFO - ContAudITWrapper#12 - Validating Wrapper...
2024-10-10 03:40:14,106 INFO - ContAudITWrapper#12 - Response true
2024-10-10 03:40:14,218 INFO - ContAudITWrapper#12 - Application hash: e36ee2d35f8c4c41bd358782dfb3ac8852b40439d350ff27616f0c18819ce9bf
2024-10-10 03:40:14,219 INFO - ContAudITWrapper#12 - Validating Application...
2024-10-10 03:40:28,978 INFO - ContAudITWrapper#12 - Response true
2024-10-10 03:40:29,080 INFO - ContAudITWrapper#12 - Artifact user.workflow hash: 52877374d8c54314b7af92814eaf729121e99a87e9706a2888cd9bcd951b11c9
2024-10-10 03:40:29,086 INFO - ContAudITWrapper#12 - Validating Artifact...
2024-10-10 03:40:39,917 INFO - ContAudITWrapper#12 - Response true
2024-10-10 03:40:39,926 INFO - ContAudITWrapper#12 - Running pre-command actions...
2024-10-10 03:40:39,927 INFO - ContAudITWrapper#12 - Analyzing current environment state...
2024-10-10 03:40:40,031 INFO - ContAudITWrapper#12 - Saving current environment state...
2024-10-10 03:40:40,032 INFO - ContAudITWrapper#12 - Environment state hash: a7ffc6f8bf1ed76651c14756a061d662f580ff4de43b49fa82d80a4b80f8434a
2024-10-10 03:40:40,034 INFO - ContAudITWrapper#12 - Executing command...
2024-10-10 03:40:48,761 INFO - ContAudITWrapper#12 - Command output: 
2024-10-10 03:40:40.107709574 [executor] Initializing the workflow...
[useradd_workflow] User contaudit12 already exists. Removing...
[useradd_workflow] User contaudit12 successfully removed.
[useradd_workflow] User contaudit12 created successfully.
2024-10-10 03:40:48.759433534 [executor] Finished!

2024-10-10 03:40:48,762 INFO - ContAudITWrapper#12 - Running post-command actions...
2024-10-10 03:40:48,763 INFO - ContAudITWrapper#12 - Analyzing current environment state...
2024-10-10 03:40:48,774 INFO - ContAudITWrapper#12 - Saving current environment state...
2024-10-10 03:40:48,775 INFO - ContAudITWrapper#12 - Environment state hash: a7ffc6f8bf1ed76651c14756a061d662f580ff4de43b49fa82d80a4b80f8434a
2024-10-10 03:40:48,775 INFO - ContAudITWrapper#12 - Checking environment diff...
2024-10-10 03:40:48,782 INFO - ContAudITWrapper#12 - Environment diff: 
2024-10-10 03:40:48,782 INFO - ContAudITWrapper#12 - Cleaning temporary files...
2024-10-10 03:40:48,787 INFO - ContAudITWrapper#12 - Sending to blockchain...
2024-10-10 03:40:52,206 INFO - ContAudITWrapper#12 - Response 
2024-10-10 03:40:52,217 INFO - ContAudITWrapper#12 - Finishing ContAudIT Wrapper...
