2024-10-10 03:39:04,550 INFO - ContAudITWrapper#2 - Initializing ContAudIT Wrapper...
2024-10-10 03:39:04,743 INFO - ContAudITWrapper#2 - Current directory: /home/ec2-user/Code/ufrgs-poc/contaudit-wrapper.jar
2024-10-10 03:39:24,196 INFO - ContAudITWrapper#2 - Wrapper hash: b7519188ed863d76e5199a8d880bb968bdf9124fad53b871583787e123a7a764
2024-10-10 03:39:24,203 INFO - ContAudITWrapper#2 - Validating Wrapper...
2024-10-10 03:40:19,526 INFO - ContAudITWrapper#2 - Response true
2024-10-10 03:40:19,638 INFO - ContAudITWrapper#2 - Application hash: e36ee2d35f8c4c41bd358782dfb3ac8852b40439d350ff27616f0c18819ce9bf
2024-10-10 03:40:19,640 INFO - ContAudITWrapper#2 - Validating Application...
2024-10-10 03:40:27,770 INFO - ContAudITWrapper#2 - Response true
2024-10-10 03:40:27,781 INFO - ContAudITWrapper#2 - Artifact user.workflow hash: 52877374d8c54314b7af92814eaf729121e99a87e9706a2888cd9bcd951b11c9
2024-10-10 03:40:27,808 INFO - ContAudITWrapper#2 - Validating Artifact...
2024-10-10 03:40:39,207 INFO - ContAudITWrapper#2 - Response true
2024-10-10 03:40:39,213 INFO - ContAudITWrapper#2 - Running pre-command actions...
2024-10-10 03:40:39,214 INFO - ContAudITWrapper#2 - Analyzing current environment state...
2024-10-10 03:40:39,395 INFO - ContAudITWrapper#2 - Saving current environment state...
2024-10-10 03:40:39,396 INFO - ContAudITWrapper#2 - Environment state hash: a7ffc6f8bf1ed76651c14756a061d662f580ff4de43b49fa82d80a4b80f8434a
2024-10-10 03:40:39,397 INFO - ContAudITWrapper#2 - Executing command...
2024-10-10 03:40:48,388 INFO - ContAudITWrapper#2 - Command output: 
2024-10-10 03:40:39.464705006 [executor] Initializing the workflow...
[useradd_workflow] User contaudit2 already exists. Removing...
[useradd_workflow] User contaudit2 successfully removed.
[useradd_workflow] User contaudit2 created successfully.
2024-10-10 03:40:48.387791571 [executor] Finished!

2024-10-10 03:40:48,389 INFO - ContAudITWrapper#2 - Running post-command actions...
2024-10-10 03:40:48,389 INFO - ContAudITWrapper#2 - Analyzing current environment state...
2024-10-10 03:40:48,437 INFO - ContAudITWrapper#2 - Saving current environment state...
2024-10-10 03:40:48,437 INFO - ContAudITWrapper#2 - Environment state hash: a7ffc6f8bf1ed76651c14756a061d662f580ff4de43b49fa82d80a4b80f8434a
2024-10-10 03:40:48,438 INFO - ContAudITWrapper#2 - Checking environment diff...
2024-10-10 03:40:48,478 INFO - ContAudITWrapper#2 - Environment diff: 
2024-10-10 03:40:48,478 INFO - ContAudITWrapper#2 - Cleaning temporary files...
2024-10-10 03:40:48,511 INFO - ContAudITWrapper#2 - Sending to blockchain...
2024-10-10 03:40:52,258 INFO - ContAudITWrapper#2 - Response 
2024-10-10 03:40:52,259 INFO - ContAudITWrapper#2 - Finishing ContAudIT Wrapper...
