2024-10-10 03:39:05,662 INFO - ContAudITWrapper#39 - Initializing ContAudIT Wrapper...
2024-10-10 03:39:05,877 INFO - ContAudITWrapper#39 - Current directory: /home/ec2-user/Code/ufrgs-poc/contaudit-wrapper.jar
2024-10-10 03:39:27,134 INFO - ContAudITWrapper#39 - Wrapper hash: b7519188ed863d76e5199a8d880bb968bdf9124fad53b871583787e123a7a764
2024-10-10 03:39:27,166 INFO - ContAudITWrapper#39 - Validating Wrapper...
2024-10-10 03:40:23,588 INFO - ContAudITWrapper#39 - Response true
2024-10-10 03:40:23,804 INFO - ContAudITWrapper#39 - Application hash: e36ee2d35f8c4c41bd358782dfb3ac8852b40439d350ff27616f0c18819ce9bf
2024-10-10 03:40:23,870 INFO - ContAudITWrapper#39 - Validating Application...
2024-10-10 03:40:33,380 INFO - ContAudITWrapper#39 - Response true
2024-10-10 03:40:33,387 INFO - ContAudITWrapper#39 - Artifact user.workflow hash: 52877374d8c54314b7af92814eaf729121e99a87e9706a2888cd9bcd951b11c9
2024-10-10 03:40:33,400 INFO - ContAudITWrapper#39 - Validating Artifact...
2024-10-10 03:40:41,180 INFO - ContAudITWrapper#39 - Response true
2024-10-10 03:40:41,188 INFO - ContAudITWrapper#39 - Running pre-command actions...
2024-10-10 03:40:41,189 INFO - ContAudITWrapper#39 - Analyzing current environment state...
2024-10-10 03:40:41,265 INFO - ContAudITWrapper#39 - Saving current environment state...
2024-10-10 03:40:41,266 INFO - ContAudITWrapper#39 - Environment state hash: a7ffc6f8bf1ed76651c14756a061d662f580ff4de43b49fa82d80a4b80f8434a
2024-10-10 03:40:41,266 INFO - ContAudITWrapper#39 - Executing command...
2024-10-10 03:40:50,284 INFO - ContAudITWrapper#39 - Command output: 
2024-10-10 03:40:41.374826604 [executor] Initializing the workflow...
[useradd_workflow] User contaudit39 already exists. Removing...
[useradd_workflow] User contaudit39 successfully removed.
[useradd_workflow] User contaudit39 created successfully.
2024-10-10 03:40:50.283626962 [executor] Finished!

2024-10-10 03:40:50,284 INFO - ContAudITWrapper#39 - Running post-command actions...
2024-10-10 03:40:50,284 INFO - ContAudITWrapper#39 - Analyzing current environment state...
2024-10-10 03:40:50,300 INFO - ContAudITWrapper#39 - Saving current environment state...
2024-10-10 03:40:50,301 INFO - ContAudITWrapper#39 - Environment state hash: a7ffc6f8bf1ed76651c14756a061d662f580ff4de43b49fa82d80a4b80f8434a
2024-10-10 03:40:50,301 INFO - ContAudITWrapper#39 - Checking environment diff...
2024-10-10 03:40:50,411 INFO - ContAudITWrapper#39 - Environment diff: 
2024-10-10 03:40:50,411 INFO - ContAudITWrapper#39 - Cleaning temporary files...
2024-10-10 03:40:50,456 INFO - ContAudITWrapper#39 - Sending to blockchain...
2024-10-10 03:40:52,820 INFO - ContAudITWrapper#39 - Response 
2024-10-10 03:40:52,821 INFO - ContAudITWrapper#39 - Finishing ContAudIT Wrapper...
