2024-10-10 03:39:04,740 INFO - ContAudITWrapper#18 - Initializing ContAudIT Wrapper...
2024-10-10 03:39:04,852 INFO - ContAudITWrapper#18 - Current directory: /home/ec2-user/Code/ufrgs-poc/contaudit-wrapper.jar
2024-10-10 03:39:22,938 INFO - ContAudITWrapper#18 - Wrapper hash: b7519188ed863d76e5199a8d880bb968bdf9124fad53b871583787e123a7a764
2024-10-10 03:39:23,004 INFO - ContAudITWrapper#18 - Validating Wrapper...
2024-10-10 03:40:18,788 INFO - ContAudITWrapper#18 - Response true
2024-10-10 03:40:18,900 INFO - ContAudITWrapper#18 - Application hash: e36ee2d35f8c4c41bd358782dfb3ac8852b40439d350ff27616f0c18819ce9bf
2024-10-10 03:40:18,910 INFO - ContAudITWrapper#18 - Validating Application...
2024-10-10 03:40:30,191 INFO - ContAudITWrapper#18 - Response true
2024-10-10 03:40:30,199 INFO - ContAudITWrapper#18 - Artifact user.workflow hash: 52877374d8c54314b7af92814eaf729121e99a87e9706a2888cd9bcd951b11c9
2024-10-10 03:40:30,205 INFO - ContAudITWrapper#18 - Validating Artifact...
2024-10-10 03:40:38,901 INFO - ContAudITWrapper#18 - Response true
2024-10-10 03:40:38,923 INFO - ContAudITWrapper#18 - Running pre-command actions...
2024-10-10 03:40:38,939 INFO - ContAudITWrapper#18 - Analyzing current environment state...
2024-10-10 03:40:39,076 INFO - ContAudITWrapper#18 - Saving current environment state...
2024-10-10 03:40:39,077 INFO - ContAudITWrapper#18 - Environment state hash: a7ffc6f8bf1ed76651c14756a061d662f580ff4de43b49fa82d80a4b80f8434a
2024-10-10 03:40:39,077 INFO - ContAudITWrapper#18 - Executing command...
2024-10-10 03:40:47,562 INFO - ContAudITWrapper#18 - Command output: 
2024-10-10 03:40:39.184619541 [executor] Initializing the workflow...
[useradd_workflow] User contaudit18 already exists. Removing...
[useradd_workflow] User contaudit18 successfully removed.
[useradd_workflow] User contaudit18 created successfully.
2024-10-10 03:40:47.561523419 [executor] Finished!

2024-10-10 03:40:47,563 INFO - ContAudITWrapper#18 - Running post-command actions...
2024-10-10 03:40:47,563 INFO - ContAudITWrapper#18 - Analyzing current environment state...
2024-10-10 03:40:47,588 INFO - ContAudITWrapper#18 - Saving current environment state...
2024-10-10 03:40:47,589 INFO - ContAudITWrapper#18 - Environment state hash: a7ffc6f8bf1ed76651c14756a061d662f580ff4de43b49fa82d80a4b80f8434a
2024-10-10 03:40:47,589 INFO - ContAudITWrapper#18 - Checking environment diff...
2024-10-10 03:40:47,599 INFO - ContAudITWrapper#18 - Environment diff: 
2024-10-10 03:40:47,600 INFO - ContAudITWrapper#18 - Cleaning temporary files...
2024-10-10 03:40:47,626 INFO - ContAudITWrapper#18 - Sending to blockchain...
2024-10-10 03:40:50,994 INFO - ContAudITWrapper#18 - Response 
2024-10-10 03:40:50,995 INFO - ContAudITWrapper#18 - Finishing ContAudIT Wrapper...
