2024-10-10 03:39:05,293 INFO - ContAudITWrapper#45 - Initializing ContAudIT Wrapper...
2024-10-10 03:39:05,468 INFO - ContAudITWrapper#45 - Current directory: /home/ec2-user/Code/ufrgs-poc/contaudit-wrapper.jar
2024-10-10 03:39:24,425 INFO - ContAudITWrapper#45 - Wrapper hash: b7519188ed863d76e5199a8d880bb968bdf9124fad53b871583787e123a7a764
2024-10-10 03:39:24,529 INFO - ContAudITWrapper#45 - Validating Wrapper...
2024-10-10 03:40:18,744 INFO - ContAudITWrapper#45 - Response true
2024-10-10 03:40:18,897 INFO - ContAudITWrapper#45 - Application hash: e36ee2d35f8c4c41bd358782dfb3ac8852b40439d350ff27616f0c18819ce9bf
2024-10-10 03:40:18,898 INFO - ContAudITWrapper#45 - Validating Application...
2024-10-10 03:40:29,904 INFO - ContAudITWrapper#45 - Response true
2024-10-10 03:40:29,915 INFO - ContAudITWrapper#45 - Artifact user.workflow hash: 52877374d8c54314b7af92814eaf729121e99a87e9706a2888cd9bcd951b11c9
2024-10-10 03:40:29,940 INFO - ContAudITWrapper#45 - Validating Artifact...
2024-10-10 03:40:38,227 INFO - ContAudITWrapper#45 - Response true
2024-10-10 03:40:38,246 INFO - ContAudITWrapper#45 - Running pre-command actions...
2024-10-10 03:40:38,247 INFO - ContAudITWrapper#45 - Analyzing current environment state...
2024-10-10 03:40:38,390 INFO - ContAudITWrapper#45 - Saving current environment state...
2024-10-10 03:40:38,391 INFO - ContAudITWrapper#45 - Environment state hash: a7ffc6f8bf1ed76651c14756a061d662f580ff4de43b49fa82d80a4b80f8434a
2024-10-10 03:40:38,391 INFO - ContAudITWrapper#45 - Executing command...
2024-10-10 03:40:47,281 INFO - ContAudITWrapper#45 - Command output: 
2024-10-10 03:40:38.528596347 [executor] Initializing the workflow...
[useradd_workflow] User contaudit45 already exists. Removing...
[useradd_workflow] User contaudit45 successfully removed.
[useradd_workflow] User contaudit45 created successfully.
2024-10-10 03:40:47.280688932 [executor] Finished!

2024-10-10 03:40:47,282 INFO - ContAudITWrapper#45 - Running post-command actions...
2024-10-10 03:40:47,282 INFO - ContAudITWrapper#45 - Analyzing current environment state...
2024-10-10 03:40:47,324 INFO - ContAudITWrapper#45 - Saving current environment state...
2024-10-10 03:40:47,324 INFO - ContAudITWrapper#45 - Environment state hash: a7ffc6f8bf1ed76651c14756a061d662f580ff4de43b49fa82d80a4b80f8434a
2024-10-10 03:40:47,325 INFO - ContAudITWrapper#45 - Checking environment diff...
2024-10-10 03:40:47,340 INFO - ContAudITWrapper#45 - Environment diff: 
2024-10-10 03:40:47,340 INFO - ContAudITWrapper#45 - Cleaning temporary files...
2024-10-10 03:40:47,348 INFO - ContAudITWrapper#45 - Sending to blockchain...
2024-10-10 03:40:51,063 INFO - ContAudITWrapper#45 - Response 
2024-10-10 03:40:51,064 INFO - ContAudITWrapper#45 - Finishing ContAudIT Wrapper...
