2024-10-10 03:39:05,186 INFO - ContAudITWrapper#77 - Initializing ContAudIT Wrapper...
2024-10-10 03:39:05,328 INFO - ContAudITWrapper#77 - Current directory: /home/ec2-user/Code/ufrgs-poc/contaudit-wrapper.jar
2024-10-10 03:39:17,966 INFO - ContAudITWrapper#77 - Wrapper hash: b7519188ed863d76e5199a8d880bb968bdf9124fad53b871583787e123a7a764
2024-10-10 03:39:17,974 INFO - ContAudITWrapper#77 - Validating Wrapper...
2024-10-10 03:39:58,583 INFO - ContAudITWrapper#77 - Response true
2024-10-10 03:39:58,797 INFO - ContAudITWrapper#77 - Application hash: e36ee2d35f8c4c41bd358782dfb3ac8852b40439d350ff27616f0c18819ce9bf
2024-10-10 03:39:58,798 INFO - ContAudITWrapper#77 - Validating Application...
2024-10-10 03:40:11,926 INFO - ContAudITWrapper#77 - Response true
2024-10-10 03:40:11,939 INFO - ContAudITWrapper#77 - Artifact user.workflow hash: 52877374d8c54314b7af92814eaf729121e99a87e9706a2888cd9bcd951b11c9
2024-10-10 03:40:11,954 INFO - ContAudITWrapper#77 - Validating Artifact...
2024-10-10 03:40:21,396 INFO - ContAudITWrapper#77 - Response true
2024-10-10 03:40:21,400 INFO - ContAudITWrapper#77 - Running pre-command actions...
2024-10-10 03:40:21,404 INFO - ContAudITWrapper#77 - Analyzing current environment state...
2024-10-10 03:40:21,657 INFO - ContAudITWrapper#77 - Saving current environment state...
2024-10-10 03:40:21,658 INFO - ContAudITWrapper#77 - Environment state hash: a7ffc6f8bf1ed76651c14756a061d662f580ff4de43b49fa82d80a4b80f8434a
2024-10-10 03:40:21,658 INFO - ContAudITWrapper#77 - Executing command...
2024-10-10 03:40:23,487 INFO - ContAudITWrapper#77 - Command output: 
2024-10-10 03:40:21.816730786 [executor] Initializing the workflow...
[useradd_workflow] User contaudit77 does not exist. Creating...
[useradd_workflow] User contaudit77 created successfully.
2024-10-10 03:40:23.486022770 [executor] Finished!

2024-10-10 03:40:23,487 INFO - ContAudITWrapper#77 - Running post-command actions...
2024-10-10 03:40:23,488 INFO - ContAudITWrapper#77 - Analyzing current environment state...
2024-10-10 03:40:23,691 INFO - ContAudITWrapper#77 - Saving current environment state...
2024-10-10 03:40:23,692 INFO - ContAudITWrapper#77 - Environment state hash: a7ffc6f8bf1ed76651c14756a061d662f580ff4de43b49fa82d80a4b80f8434a
2024-10-10 03:40:23,692 INFO - ContAudITWrapper#77 - Checking environment diff...
2024-10-10 03:40:23,805 INFO - ContAudITWrapper#77 - Environment diff: 
2024-10-10 03:40:23,806 INFO - ContAudITWrapper#77 - Cleaning temporary files...
2024-10-10 03:40:23,851 INFO - ContAudITWrapper#77 - Sending to blockchain...
2024-10-10 03:40:36,895 INFO - ContAudITWrapper#77 - Response 
2024-10-10 03:40:36,904 INFO - ContAudITWrapper#77 - Finishing ContAudIT Wrapper...
