2024-10-10 03:39:05,602 INFO - ContAudITWrapper#8 - Initializing ContAudIT Wrapper...
2024-10-10 03:39:05,752 INFO - ContAudITWrapper#8 - Current directory: /home/ec2-user/Code/ufrgs-poc/contaudit-wrapper.jar
2024-10-10 03:39:24,861 INFO - ContAudITWrapper#8 - Wrapper hash: b7519188ed863d76e5199a8d880bb968bdf9124fad53b871583787e123a7a764
2024-10-10 03:39:24,890 INFO - ContAudITWrapper#8 - Validating Wrapper...
2024-10-10 03:40:21,909 INFO - ContAudITWrapper#8 - Response true
2024-10-10 03:40:22,185 INFO - ContAudITWrapper#8 - Application hash: e36ee2d35f8c4c41bd358782dfb3ac8852b40439d350ff27616f0c18819ce9bf
2024-10-10 03:40:22,186 INFO - ContAudITWrapper#8 - Validating Application...
2024-10-10 03:40:34,727 INFO - ContAudITWrapper#8 - Response true
2024-10-10 03:40:34,747 INFO - ContAudITWrapper#8 - Artifact user.workflow hash: 52877374d8c54314b7af92814eaf729121e99a87e9706a2888cd9bcd951b11c9
2024-10-10 03:40:34,763 INFO - ContAudITWrapper#8 - Validating Artifact...
2024-10-10 03:40:41,019 INFO - ContAudITWrapper#8 - Response true
2024-10-10 03:40:41,024 INFO - ContAudITWrapper#8 - Running pre-command actions...
2024-10-10 03:40:41,025 INFO - ContAudITWrapper#8 - Analyzing current environment state...
2024-10-10 03:40:41,124 INFO - ContAudITWrapper#8 - Saving current environment state...
2024-10-10 03:40:41,125 INFO - ContAudITWrapper#8 - Environment state hash: a7ffc6f8bf1ed76651c14756a061d662f580ff4de43b49fa82d80a4b80f8434a
2024-10-10 03:40:41,125 INFO - ContAudITWrapper#8 - Executing command...
2024-10-10 03:40:50,463 INFO - ContAudITWrapper#8 - Command output: 
2024-10-10 03:40:41.158024009 [executor] Initializing the workflow...
[useradd_workflow] User contaudit8 already exists. Removing...
[useradd_workflow] User contaudit8 successfully removed.
[useradd_workflow] User contaudit8 created successfully.
2024-10-10 03:40:50.458756702 [executor] Finished!

2024-10-10 03:40:50,464 INFO - ContAudITWrapper#8 - Running post-command actions...
2024-10-10 03:40:50,464 INFO - ContAudITWrapper#8 - Analyzing current environment state...
2024-10-10 03:40:50,485 INFO - ContAudITWrapper#8 - Saving current environment state...
2024-10-10 03:40:50,486 INFO - ContAudITWrapper#8 - Environment state hash: a7ffc6f8bf1ed76651c14756a061d662f580ff4de43b49fa82d80a4b80f8434a
2024-10-10 03:40:50,486 INFO - ContAudITWrapper#8 - Checking environment diff...
2024-10-10 03:40:50,556 INFO - ContAudITWrapper#8 - Environment diff: 
2024-10-10 03:40:50,556 INFO - ContAudITWrapper#8 - Cleaning temporary files...
2024-10-10 03:40:50,576 INFO - ContAudITWrapper#8 - Sending to blockchain...
2024-10-10 03:40:52,876 INFO - ContAudITWrapper#8 - Response 
2024-10-10 03:40:52,880 INFO - ContAudITWrapper#8 - Finishing ContAudIT Wrapper...
