2024-10-10 03:39:05,107 INFO - ContAudITWrapper#48 - Initializing ContAudIT Wrapper...
2024-10-10 03:39:05,314 INFO - ContAudITWrapper#48 - Current directory: /home/ec2-user/Code/ufrgs-poc/contaudit-wrapper.jar
2024-10-10 03:39:23,524 INFO - ContAudITWrapper#48 - Wrapper hash: b7519188ed863d76e5199a8d880bb968bdf9124fad53b871583787e123a7a764
2024-10-10 03:39:23,534 INFO - ContAudITWrapper#48 - Validating Wrapper...
2024-10-10 03:40:20,596 INFO - ContAudITWrapper#48 - Response true
2024-10-10 03:40:20,726 INFO - ContAudITWrapper#48 - Application hash: e36ee2d35f8c4c41bd358782dfb3ac8852b40439d350ff27616f0c18819ce9bf
2024-10-10 03:40:20,727 INFO - ContAudITWrapper#48 - Validating Application...
2024-10-10 03:40:30,001 INFO - ContAudITWrapper#48 - Response true
2024-10-10 03:40:30,009 INFO - ContAudITWrapper#48 - Artifact user.workflow hash: 52877374d8c54314b7af92814eaf729121e99a87e9706a2888cd9bcd951b11c9
2024-10-10 03:40:30,015 INFO - ContAudITWrapper#48 - Validating Artifact...
2024-10-10 03:40:38,097 INFO - ContAudITWrapper#48 - Response true
2024-10-10 03:40:38,112 INFO - ContAudITWrapper#48 - Running pre-command actions...
2024-10-10 03:40:38,114 INFO - ContAudITWrapper#48 - Analyzing current environment state...
2024-10-10 03:40:38,225 INFO - ContAudITWrapper#48 - Saving current environment state...
2024-10-10 03:40:38,226 INFO - ContAudITWrapper#48 - Environment state hash: a7ffc6f8bf1ed76651c14756a061d662f580ff4de43b49fa82d80a4b80f8434a
2024-10-10 03:40:38,226 INFO - ContAudITWrapper#48 - Executing command...
2024-10-10 03:40:47,661 INFO - ContAudITWrapper#48 - Command output: 
2024-10-10 03:40:38.261262360 [executor] Initializing the workflow...
[useradd_workflow] User contaudit48 already exists. Removing...
[useradd_workflow] User contaudit48 successfully removed.
[useradd_workflow] User contaudit48 created successfully.
2024-10-10 03:40:47.660956223 [executor] Finished!

2024-10-10 03:40:47,662 INFO - ContAudITWrapper#48 - Running post-command actions...
2024-10-10 03:40:47,662 INFO - ContAudITWrapper#48 - Analyzing current environment state...
2024-10-10 03:40:47,699 INFO - ContAudITWrapper#48 - Saving current environment state...
2024-10-10 03:40:47,699 INFO - ContAudITWrapper#48 - Environment state hash: a7ffc6f8bf1ed76651c14756a061d662f580ff4de43b49fa82d80a4b80f8434a
2024-10-10 03:40:47,700 INFO - ContAudITWrapper#48 - Checking environment diff...
2024-10-10 03:40:47,706 INFO - ContAudITWrapper#48 - Environment diff: 
2024-10-10 03:40:47,707 INFO - ContAudITWrapper#48 - Cleaning temporary files...
2024-10-10 03:40:47,716 INFO - ContAudITWrapper#48 - Sending to blockchain...
2024-10-10 03:40:51,099 INFO - ContAudITWrapper#48 - Response 
2024-10-10 03:40:51,101 INFO - ContAudITWrapper#48 - Finishing ContAudIT Wrapper...
