2024-10-10 03:39:04,330 INFO - ContAudITWrapper#28 - Initializing ContAudIT Wrapper...
2024-10-10 03:39:04,462 INFO - ContAudITWrapper#28 - Current directory: /home/ec2-user/Code/ufrgs-poc/contaudit-wrapper.jar
2024-10-10 03:39:24,389 INFO - ContAudITWrapper#28 - Wrapper hash: b7519188ed863d76e5199a8d880bb968bdf9124fad53b871583787e123a7a764
2024-10-10 03:39:24,415 INFO - ContAudITWrapper#28 - Validating Wrapper...
2024-10-10 03:40:16,741 INFO - ContAudITWrapper#28 - Response true
2024-10-10 03:40:16,928 INFO - ContAudITWrapper#28 - Application hash: e36ee2d35f8c4c41bd358782dfb3ac8852b40439d350ff27616f0c18819ce9bf
2024-10-10 03:40:16,929 INFO - ContAudITWrapper#28 - Validating Application...
2024-10-10 03:40:30,574 INFO - ContAudITWrapper#28 - Response true
2024-10-10 03:40:30,610 INFO - ContAudITWrapper#28 - Artifact user.workflow hash: 52877374d8c54314b7af92814eaf729121e99a87e9706a2888cd9bcd951b11c9
2024-10-10 03:40:30,620 INFO - ContAudITWrapper#28 - Validating Artifact...
2024-10-10 03:40:40,694 INFO - ContAudITWrapper#28 - Response true
2024-10-10 03:40:40,711 INFO - ContAudITWrapper#28 - Running pre-command actions...
2024-10-10 03:40:40,713 INFO - ContAudITWrapper#28 - Analyzing current environment state...
2024-10-10 03:40:40,839 INFO - ContAudITWrapper#28 - Saving current environment state...
2024-10-10 03:40:40,840 INFO - ContAudITWrapper#28 - Environment state hash: a7ffc6f8bf1ed76651c14756a061d662f580ff4de43b49fa82d80a4b80f8434a
2024-10-10 03:40:40,840 INFO - ContAudITWrapper#28 - Executing command...
2024-10-10 03:40:49,356 INFO - ContAudITWrapper#28 - Command output: 
2024-10-10 03:40:40.910101806 [executor] Initializing the workflow...
[useradd_workflow] User contaudit28 already exists. Removing...
[useradd_workflow] User contaudit28 successfully removed.
[useradd_workflow] User contaudit28 created successfully.
2024-10-10 03:40:49.341181417 [executor] Finished!

2024-10-10 03:40:49,357 INFO - ContAudITWrapper#28 - Running post-command actions...
2024-10-10 03:40:49,357 INFO - ContAudITWrapper#28 - Analyzing current environment state...
2024-10-10 03:40:49,403 INFO - ContAudITWrapper#28 - Saving current environment state...
2024-10-10 03:40:49,404 INFO - ContAudITWrapper#28 - Environment state hash: a7ffc6f8bf1ed76651c14756a061d662f580ff4de43b49fa82d80a4b80f8434a
2024-10-10 03:40:49,404 INFO - ContAudITWrapper#28 - Checking environment diff...
2024-10-10 03:40:49,458 INFO - ContAudITWrapper#28 - Environment diff: 
2024-10-10 03:40:49,458 INFO - ContAudITWrapper#28 - Cleaning temporary files...
2024-10-10 03:40:49,584 INFO - ContAudITWrapper#28 - Sending to blockchain...
2024-10-10 03:40:52,765 INFO - ContAudITWrapper#28 - Response 
2024-10-10 03:40:52,767 INFO - ContAudITWrapper#28 - Finishing ContAudIT Wrapper...
