2024-10-10 03:39:05,041 INFO - ContAudITWrapper#52 - Initializing ContAudIT Wrapper...
2024-10-10 03:39:05,258 INFO - ContAudITWrapper#52 - Current directory: /home/ec2-user/Code/ufrgs-poc/contaudit-wrapper.jar
2024-10-10 03:39:18,815 INFO - ContAudITWrapper#52 - Wrapper hash: b7519188ed863d76e5199a8d880bb968bdf9124fad53b871583787e123a7a764
2024-10-10 03:39:18,843 INFO - ContAudITWrapper#52 - Validating Wrapper...
2024-10-10 03:40:06,357 INFO - ContAudITWrapper#52 - Response true
2024-10-10 03:40:06,513 INFO - ContAudITWrapper#52 - Application hash: e36ee2d35f8c4c41bd358782dfb3ac8852b40439d350ff27616f0c18819ce9bf
2024-10-10 03:40:06,529 INFO - ContAudITWrapper#52 - Validating Application...
2024-10-10 03:40:19,849 INFO - ContAudITWrapper#52 - Response true
2024-10-10 03:40:19,932 INFO - ContAudITWrapper#52 - Artifact user.workflow hash: 52877374d8c54314b7af92814eaf729121e99a87e9706a2888cd9bcd951b11c9
2024-10-10 03:40:19,937 INFO - ContAudITWrapper#52 - Validating Artifact...
2024-10-10 03:40:31,070 INFO - ContAudITWrapper#52 - Response true
2024-10-10 03:40:31,074 INFO - ContAudITWrapper#52 - Running pre-command actions...
2024-10-10 03:40:31,076 INFO - ContAudITWrapper#52 - Analyzing current environment state...
2024-10-10 03:40:31,272 INFO - ContAudITWrapper#52 - Saving current environment state...
2024-10-10 03:40:31,273 INFO - ContAudITWrapper#52 - Environment state hash: a7ffc6f8bf1ed76651c14756a061d662f580ff4de43b49fa82d80a4b80f8434a
2024-10-10 03:40:31,273 INFO - ContAudITWrapper#52 - Executing command...
2024-10-10 03:40:36,471 INFO - ContAudITWrapper#52 - Command output: 
2024-10-10 03:40:31.372845549 [executor] Initializing the workflow...
[useradd_workflow] User contaudit52 already exists. Removing...
[useradd_workflow] User contaudit52 successfully removed.
[useradd_workflow] User contaudit52 created successfully.
2024-10-10 03:40:36.461266867 [executor] Finished!

2024-10-10 03:40:36,471 INFO - ContAudITWrapper#52 - Running post-command actions...
2024-10-10 03:40:36,472 INFO - ContAudITWrapper#52 - Analyzing current environment state...
2024-10-10 03:40:36,656 INFO - ContAudITWrapper#52 - Saving current environment state...
2024-10-10 03:40:36,656 INFO - ContAudITWrapper#52 - Environment state hash: a7ffc6f8bf1ed76651c14756a061d662f580ff4de43b49fa82d80a4b80f8434a
2024-10-10 03:40:36,656 INFO - ContAudITWrapper#52 - Checking environment diff...
2024-10-10 03:40:36,748 INFO - ContAudITWrapper#52 - Environment diff: 
2024-10-10 03:40:36,748 INFO - ContAudITWrapper#52 - Cleaning temporary files...
2024-10-10 03:40:36,759 INFO - ContAudITWrapper#52 - Sending to blockchain...
2024-10-10 03:40:42,561 INFO - ContAudITWrapper#52 - Response 
2024-10-10 03:40:42,563 INFO - ContAudITWrapper#52 - Finishing ContAudIT Wrapper...
