2024-10-10 03:39:03,994 INFO - ContAudITWrapper#34 - Initializing ContAudIT Wrapper...
2024-10-10 03:39:04,187 INFO - ContAudITWrapper#34 - Current directory: /home/ec2-user/Code/ufrgs-poc/contaudit-wrapper.jar
2024-10-10 03:39:22,920 INFO - ContAudITWrapper#34 - Wrapper hash: b7519188ed863d76e5199a8d880bb968bdf9124fad53b871583787e123a7a764
2024-10-10 03:39:22,927 INFO - ContAudITWrapper#34 - Validating Wrapper...
2024-10-10 03:40:18,850 INFO - ContAudITWrapper#34 - Response true
2024-10-10 03:40:19,008 INFO - ContAudITWrapper#34 - Application hash: e36ee2d35f8c4c41bd358782dfb3ac8852b40439d350ff27616f0c18819ce9bf
2024-10-10 03:40:19,016 INFO - ContAudITWrapper#34 - Validating Application...
2024-10-10 03:40:30,651 INFO - ContAudITWrapper#34 - Response true
2024-10-10 03:40:30,670 INFO - ContAudITWrapper#34 - Artifact user.workflow hash: 52877374d8c54314b7af92814eaf729121e99a87e9706a2888cd9bcd951b11c9
2024-10-10 03:40:30,675 INFO - ContAudITWrapper#34 - Validating Artifact...
2024-10-10 03:40:39,093 INFO - ContAudITWrapper#34 - Response true
2024-10-10 03:40:39,099 INFO - ContAudITWrapper#34 - Running pre-command actions...
2024-10-10 03:40:39,100 INFO - ContAudITWrapper#34 - Analyzing current environment state...
2024-10-10 03:40:39,211 INFO - ContAudITWrapper#34 - Saving current environment state...
2024-10-10 03:40:39,212 INFO - ContAudITWrapper#34 - Environment state hash: a7ffc6f8bf1ed76651c14756a061d662f580ff4de43b49fa82d80a4b80f8434a
2024-10-10 03:40:39,212 INFO - ContAudITWrapper#34 - Executing command...
2024-10-10 03:40:48,029 INFO - ContAudITWrapper#34 - Command output: 
2024-10-10 03:40:39.335922213 [executor] Initializing the workflow...
[useradd_workflow] User contaudit34 already exists. Removing...
[useradd_workflow] User contaudit34 successfully removed.
[useradd_workflow] User contaudit34 created successfully.
2024-10-10 03:40:48.028691772 [executor] Finished!

2024-10-10 03:40:48,029 INFO - ContAudITWrapper#34 - Running post-command actions...
2024-10-10 03:40:48,029 INFO - ContAudITWrapper#34 - Analyzing current environment state...
2024-10-10 03:40:48,053 INFO - ContAudITWrapper#34 - Saving current environment state...
2024-10-10 03:40:48,054 INFO - ContAudITWrapper#34 - Environment state hash: a7ffc6f8bf1ed76651c14756a061d662f580ff4de43b49fa82d80a4b80f8434a
2024-10-10 03:40:48,055 INFO - ContAudITWrapper#34 - Checking environment diff...
2024-10-10 03:40:48,076 INFO - ContAudITWrapper#34 - Environment diff: 
2024-10-10 03:40:48,076 INFO - ContAudITWrapper#34 - Cleaning temporary files...
2024-10-10 03:40:48,129 INFO - ContAudITWrapper#34 - Sending to blockchain...
2024-10-10 03:40:51,080 INFO - ContAudITWrapper#34 - Response 
2024-10-10 03:40:51,081 INFO - ContAudITWrapper#34 - Finishing ContAudIT Wrapper...
