2024-10-10 03:39:04,339 INFO - ContAudITWrapper#70 - Initializing ContAudIT Wrapper...
2024-10-10 03:39:04,486 INFO - ContAudITWrapper#70 - Current directory: /home/ec2-user/Code/ufrgs-poc/contaudit-wrapper.jar
2024-10-10 03:39:22,856 INFO - ContAudITWrapper#70 - Wrapper hash: b7519188ed863d76e5199a8d880bb968bdf9124fad53b871583787e123a7a764
2024-10-10 03:39:22,913 INFO - ContAudITWrapper#70 - Validating Wrapper...
2024-10-10 03:40:18,276 INFO - ContAudITWrapper#70 - Response true
2024-10-10 03:40:18,369 INFO - ContAudITWrapper#70 - Application hash: e36ee2d35f8c4c41bd358782dfb3ac8852b40439d350ff27616f0c18819ce9bf
2024-10-10 03:40:18,370 INFO - ContAudITWrapper#70 - Validating Application...
2024-10-10 03:40:25,142 INFO - ContAudITWrapper#70 - Response true
2024-10-10 03:40:25,207 INFO - ContAudITWrapper#70 - Artifact user.workflow hash: 52877374d8c54314b7af92814eaf729121e99a87e9706a2888cd9bcd951b11c9
2024-10-10 03:40:25,318 INFO - ContAudITWrapper#70 - Validating Artifact...
2024-10-10 03:40:34,717 INFO - ContAudITWrapper#70 - Response true
2024-10-10 03:40:34,726 INFO - ContAudITWrapper#70 - Running pre-command actions...
2024-10-10 03:40:34,727 INFO - ContAudITWrapper#70 - Analyzing current environment state...
2024-10-10 03:40:34,964 INFO - ContAudITWrapper#70 - Saving current environment state...
2024-10-10 03:40:34,965 INFO - ContAudITWrapper#70 - Environment state hash: a7ffc6f8bf1ed76651c14756a061d662f580ff4de43b49fa82d80a4b80f8434a
2024-10-10 03:40:34,965 INFO - ContAudITWrapper#70 - Executing command...
2024-10-10 03:40:43,017 INFO - ContAudITWrapper#70 - Command output: 
2024-10-10 03:40:35.248787524 [executor] Initializing the workflow...
[useradd_workflow] User contaudit70 already exists. Removing...
[useradd_workflow] User contaudit70 successfully removed.
[useradd_workflow] User contaudit70 created successfully.
2024-10-10 03:40:43.016386549 [executor] Finished!

2024-10-10 03:40:43,017 INFO - ContAudITWrapper#70 - Running post-command actions...
2024-10-10 03:40:43,017 INFO - ContAudITWrapper#70 - Analyzing current environment state...
2024-10-10 03:40:43,047 INFO - ContAudITWrapper#70 - Saving current environment state...
2024-10-10 03:40:43,048 INFO - ContAudITWrapper#70 - Environment state hash: a7ffc6f8bf1ed76651c14756a061d662f580ff4de43b49fa82d80a4b80f8434a
2024-10-10 03:40:43,048 INFO - ContAudITWrapper#70 - Checking environment diff...
2024-10-10 03:40:43,054 INFO - ContAudITWrapper#70 - Environment diff: 
2024-10-10 03:40:43,054 INFO - ContAudITWrapper#70 - Cleaning temporary files...
2024-10-10 03:40:43,059 INFO - ContAudITWrapper#70 - Sending to blockchain...
2024-10-10 03:40:45,823 INFO - ContAudITWrapper#70 - Response 
2024-10-10 03:40:45,825 INFO - ContAudITWrapper#70 - Finishing ContAudIT Wrapper...
