2024-10-10 03:39:05,336 INFO - ContAudITWrapper#15 - Initializing ContAudIT Wrapper...
2024-10-10 03:39:05,462 INFO - ContAudITWrapper#15 - Current directory: /home/ec2-user/Code/ufrgs-poc/contaudit-wrapper.jar
2024-10-10 03:39:23,505 INFO - ContAudITWrapper#15 - Wrapper hash: b7519188ed863d76e5199a8d880bb968bdf9124fad53b871583787e123a7a764
2024-10-10 03:39:23,583 INFO - ContAudITWrapper#15 - Validating Wrapper...
2024-10-10 03:40:21,436 INFO - ContAudITWrapper#15 - Response true
2024-10-10 03:40:21,483 INFO - ContAudITWrapper#15 - Application hash: e36ee2d35f8c4c41bd358782dfb3ac8852b40439d350ff27616f0c18819ce9bf
2024-10-10 03:40:21,531 INFO - ContAudITWrapper#15 - Validating Application...
2024-10-10 03:40:30,154 INFO - ContAudITWrapper#15 - Response true
2024-10-10 03:40:30,165 INFO - ContAudITWrapper#15 - Artifact user.workflow hash: 52877374d8c54314b7af92814eaf729121e99a87e9706a2888cd9bcd951b11c9
2024-10-10 03:40:30,182 INFO - ContAudITWrapper#15 - Validating Artifact...
2024-10-10 03:40:40,757 INFO - ContAudITWrapper#15 - Response true
2024-10-10 03:40:40,780 INFO - ContAudITWrapper#15 - Running pre-command actions...
2024-10-10 03:40:40,781 INFO - ContAudITWrapper#15 - Analyzing current environment state...
2024-10-10 03:40:40,884 INFO - ContAudITWrapper#15 - Saving current environment state...
2024-10-10 03:40:40,885 INFO - ContAudITWrapper#15 - Environment state hash: a7ffc6f8bf1ed76651c14756a061d662f580ff4de43b49fa82d80a4b80f8434a
2024-10-10 03:40:40,885 INFO - ContAudITWrapper#15 - Executing command...
2024-10-10 03:40:49,896 INFO - ContAudITWrapper#15 - Command output: 
2024-10-10 03:40:41.009126958 [executor] Initializing the workflow...
[useradd_workflow] User contaudit15 already exists. Removing...
[useradd_workflow] User contaudit15 successfully removed.
[useradd_workflow] User contaudit15 created successfully.
2024-10-10 03:40:49.896002079 [executor] Finished!

2024-10-10 03:40:49,897 INFO - ContAudITWrapper#15 - Running post-command actions...
2024-10-10 03:40:49,897 INFO - ContAudITWrapper#15 - Analyzing current environment state...
2024-10-10 03:40:49,978 INFO - ContAudITWrapper#15 - Saving current environment state...
2024-10-10 03:40:49,979 INFO - ContAudITWrapper#15 - Environment state hash: a7ffc6f8bf1ed76651c14756a061d662f580ff4de43b49fa82d80a4b80f8434a
2024-10-10 03:40:49,979 INFO - ContAudITWrapper#15 - Checking environment diff...
2024-10-10 03:40:50,005 INFO - ContAudITWrapper#15 - Environment diff: 
2024-10-10 03:40:50,005 INFO - ContAudITWrapper#15 - Cleaning temporary files...
2024-10-10 03:40:50,036 INFO - ContAudITWrapper#15 - Sending to blockchain...
2024-10-10 03:40:52,782 INFO - ContAudITWrapper#15 - Response 
2024-10-10 03:40:52,784 INFO - ContAudITWrapper#15 - Finishing ContAudIT Wrapper...
