2024-10-10 03:39:05,592 INFO - ContAudITWrapper#65 - Initializing ContAudIT Wrapper...
2024-10-10 03:39:05,809 INFO - ContAudITWrapper#65 - Current directory: /home/ec2-user/Code/ufrgs-poc/contaudit-wrapper.jar
2024-10-10 03:39:24,841 INFO - ContAudITWrapper#65 - Wrapper hash: b7519188ed863d76e5199a8d880bb968bdf9124fad53b871583787e123a7a764
2024-10-10 03:39:24,926 INFO - ContAudITWrapper#65 - Validating Wrapper...
2024-10-10 03:40:19,319 INFO - ContAudITWrapper#65 - Response true
2024-10-10 03:40:19,544 INFO - ContAudITWrapper#65 - Application hash: e36ee2d35f8c4c41bd358782dfb3ac8852b40439d350ff27616f0c18819ce9bf
2024-10-10 03:40:19,570 INFO - ContAudITWrapper#65 - Validating Application...
2024-10-10 03:40:26,720 INFO - ContAudITWrapper#65 - Response true
2024-10-10 03:40:26,726 INFO - ContAudITWrapper#65 - Artifact user.workflow hash: 52877374d8c54314b7af92814eaf729121e99a87e9706a2888cd9bcd951b11c9
2024-10-10 03:40:26,734 INFO - ContAudITWrapper#65 - Validating Artifact...
2024-10-10 03:40:33,627 INFO - ContAudITWrapper#65 - Response true
2024-10-10 03:40:33,634 INFO - ContAudITWrapper#65 - Running pre-command actions...
2024-10-10 03:40:33,635 INFO - ContAudITWrapper#65 - Analyzing current environment state...
2024-10-10 03:40:33,925 INFO - ContAudITWrapper#65 - Saving current environment state...
2024-10-10 03:40:33,926 INFO - ContAudITWrapper#65 - Environment state hash: a7ffc6f8bf1ed76651c14756a061d662f580ff4de43b49fa82d80a4b80f8434a
2024-10-10 03:40:33,926 INFO - ContAudITWrapper#65 - Executing command...
2024-10-10 03:40:44,120 INFO - ContAudITWrapper#65 - Command output: 
2024-10-10 03:40:34.001238597 [executor] Initializing the workflow...
[useradd_workflow] User contaudit65 already exists. Removing...
[useradd_workflow] User contaudit65 successfully removed.
[useradd_workflow] User contaudit65 created successfully.
2024-10-10 03:40:44.119807841 [executor] Finished!

2024-10-10 03:40:44,120 INFO - ContAudITWrapper#65 - Running post-command actions...
2024-10-10 03:40:44,120 INFO - ContAudITWrapper#65 - Analyzing current environment state...
2024-10-10 03:40:44,125 INFO - ContAudITWrapper#65 - Saving current environment state...
2024-10-10 03:40:44,125 INFO - ContAudITWrapper#65 - Environment state hash: a7ffc6f8bf1ed76651c14756a061d662f580ff4de43b49fa82d80a4b80f8434a
2024-10-10 03:40:44,125 INFO - ContAudITWrapper#65 - Checking environment diff...
2024-10-10 03:40:44,128 INFO - ContAudITWrapper#65 - Environment diff: 
2024-10-10 03:40:44,128 INFO - ContAudITWrapper#65 - Cleaning temporary files...
2024-10-10 03:40:44,133 INFO - ContAudITWrapper#65 - Sending to blockchain...
2024-10-10 03:40:45,831 INFO - ContAudITWrapper#65 - Response 
2024-10-10 03:40:45,835 INFO - ContAudITWrapper#65 - Finishing ContAudIT Wrapper...
