2024-10-10 03:25:08,792 INFO - ContAudITWrapper#9 - Initializing ContAudIT Wrapper...
2024-10-10 03:25:08,850 INFO - ContAudITWrapper#9 - Current directory: /home/ec2-user/Code/ufrgs-poc/contaudit-wrapper.jar
2024-10-10 03:25:13,283 INFO - ContAudITWrapper#9 - Wrapper hash: b7519188ed863d76e5199a8d880bb968bdf9124fad53b871583787e123a7a764
2024-10-10 03:25:13,292 INFO - ContAudITWrapper#9 - Validating Wrapper...
2024-10-10 03:25:26,657 INFO - ContAudITWrapper#9 - Response true
2024-10-10 03:25:26,711 INFO - ContAudITWrapper#9 - Application hash: e36ee2d35f8c4c41bd358782dfb3ac8852b40439d350ff27616f0c18819ce9bf
2024-10-10 03:25:26,712 INFO - ContAudITWrapper#9 - Validating Application...
2024-10-10 03:25:29,185 INFO - ContAudITWrapper#9 - Response true
2024-10-10 03:25:29,196 INFO - ContAudITWrapper#9 - Artifact user.workflow hash: 52877374d8c54314b7af92814eaf729121e99a87e9706a2888cd9bcd951b11c9
2024-10-10 03:25:29,220 INFO - ContAudITWrapper#9 - Validating Artifact...
2024-10-10 03:25:31,309 INFO - ContAudITWrapper#9 - Response true
2024-10-10 03:25:31,318 INFO - ContAudITWrapper#9 - Running pre-command actions...
2024-10-10 03:25:31,321 INFO - ContAudITWrapper#9 - Analyzing current environment state...
2024-10-10 03:25:31,344 INFO - ContAudITWrapper#9 - Saving current environment state...
2024-10-10 03:25:31,344 INFO - ContAudITWrapper#9 - Environment state hash: a7ffc6f8bf1ed76651c14756a061d662f580ff4de43b49fa82d80a4b80f8434a
2024-10-10 03:25:31,344 INFO - ContAudITWrapper#9 - Executing command...
2024-10-10 03:25:32,943 INFO - ContAudITWrapper#9 - Command output: 
2024-10-10 03:25:31.349644857 [executor] Initializing the workflow...
[useradd_workflow] User contaudit9 already exists. Removing...
[useradd_workflow] User contaudit9 successfully removed.
[useradd_workflow] User contaudit9 created successfully.
2024-10-10 03:25:32.941435231 [executor] Finished!

2024-10-10 03:25:32,943 INFO - ContAudITWrapper#9 - Running post-command actions...
2024-10-10 03:25:32,943 INFO - ContAudITWrapper#9 - Analyzing current environment state...
2024-10-10 03:25:32,956 INFO - ContAudITWrapper#9 - Saving current environment state...
2024-10-10 03:25:32,957 INFO - ContAudITWrapper#9 - Environment state hash: a7ffc6f8bf1ed76651c14756a061d662f580ff4de43b49fa82d80a4b80f8434a
2024-10-10 03:25:32,957 INFO - ContAudITWrapper#9 - Checking environment diff...
2024-10-10 03:25:32,963 INFO - ContAudITWrapper#9 - Environment diff: 
2024-10-10 03:25:32,964 INFO - ContAudITWrapper#9 - Cleaning temporary files...
2024-10-10 03:25:32,979 INFO - ContAudITWrapper#9 - Sending to blockchain...
2024-10-10 03:25:34,734 INFO - ContAudITWrapper#9 - Response 
2024-10-10 03:25:34,750 INFO - ContAudITWrapper#9 - Finishing ContAudIT Wrapper...
