2024-10-10 03:25:08,967 INFO - ContAudITWrapper#19 - Initializing ContAudIT Wrapper...
2024-10-10 03:25:09,004 INFO - ContAudITWrapper#19 - Current directory: /home/ec2-user/Code/ufrgs-poc/contaudit-wrapper.jar
2024-10-10 03:25:13,484 INFO - ContAudITWrapper#19 - Wrapper hash: b7519188ed863d76e5199a8d880bb968bdf9124fad53b871583787e123a7a764
2024-10-10 03:25:13,492 INFO - ContAudITWrapper#19 - Validating Wrapper...
2024-10-10 03:25:27,795 INFO - ContAudITWrapper#19 - Response true
2024-10-10 03:25:27,847 INFO - ContAudITWrapper#19 - Application hash: e36ee2d35f8c4c41bd358782dfb3ac8852b40439d350ff27616f0c18819ce9bf
2024-10-10 03:25:27,848 INFO - ContAudITWrapper#19 - Validating Application...
2024-10-10 03:25:30,587 INFO - ContAudITWrapper#19 - Response true
2024-10-10 03:25:30,608 INFO - ContAudITWrapper#19 - Artifact user.workflow hash: 52877374d8c54314b7af92814eaf729121e99a87e9706a2888cd9bcd951b11c9
2024-10-10 03:25:30,624 INFO - ContAudITWrapper#19 - Validating Artifact...
2024-10-10 03:25:31,906 INFO - ContAudITWrapper#19 - Response true
2024-10-10 03:25:31,909 INFO - ContAudITWrapper#19 - Running pre-command actions...
2024-10-10 03:25:31,910 INFO - ContAudITWrapper#19 - Analyzing current environment state...
2024-10-10 03:25:31,920 INFO - ContAudITWrapper#19 - Saving current environment state...
2024-10-10 03:25:31,920 INFO - ContAudITWrapper#19 - Environment state hash: a7ffc6f8bf1ed76651c14756a061d662f580ff4de43b49fa82d80a4b80f8434a
2024-10-10 03:25:31,920 INFO - ContAudITWrapper#19 - Executing command...
2024-10-10 03:25:33,233 INFO - ContAudITWrapper#19 - Command output: 
2024-10-10 03:25:31.926023883 [executor] Initializing the workflow...
[useradd_workflow] User contaudit19 already exists. Removing...
[useradd_workflow] User contaudit19 successfully removed.
[useradd_workflow] User contaudit19 created successfully.
2024-10-10 03:25:33.232315024 [executor] Finished!

2024-10-10 03:25:33,233 INFO - ContAudITWrapper#19 - Running post-command actions...
2024-10-10 03:25:33,233 INFO - ContAudITWrapper#19 - Analyzing current environment state...
2024-10-10 03:25:33,258 INFO - ContAudITWrapper#19 - Saving current environment state...
2024-10-10 03:25:33,259 INFO - ContAudITWrapper#19 - Environment state hash: a7ffc6f8bf1ed76651c14756a061d662f580ff4de43b49fa82d80a4b80f8434a
2024-10-10 03:25:33,260 INFO - ContAudITWrapper#19 - Checking environment diff...
2024-10-10 03:25:33,266 INFO - ContAudITWrapper#19 - Environment diff: 
2024-10-10 03:25:33,268 INFO - ContAudITWrapper#19 - Cleaning temporary files...
2024-10-10 03:25:33,273 INFO - ContAudITWrapper#19 - Sending to blockchain...
2024-10-10 03:25:34,680 INFO - ContAudITWrapper#19 - Response 
2024-10-10 03:25:34,684 INFO - ContAudITWrapper#19 - Finishing ContAudIT Wrapper...
