2024-10-10 03:25:08,371 INFO - ContAudITWrapper#18 - Initializing ContAudIT Wrapper...
2024-10-10 03:25:08,409 INFO - ContAudITWrapper#18 - Current directory: /home/ec2-user/Code/ufrgs-poc/contaudit-wrapper.jar
2024-10-10 03:25:12,891 INFO - ContAudITWrapper#18 - Wrapper hash: b7519188ed863d76e5199a8d880bb968bdf9124fad53b871583787e123a7a764
2024-10-10 03:25:12,900 INFO - ContAudITWrapper#18 - Validating Wrapper...
2024-10-10 03:25:26,288 INFO - ContAudITWrapper#18 - Response true
2024-10-10 03:25:26,328 INFO - ContAudITWrapper#18 - Application hash: e36ee2d35f8c4c41bd358782dfb3ac8852b40439d350ff27616f0c18819ce9bf
2024-10-10 03:25:26,331 INFO - ContAudITWrapper#18 - Validating Application...
2024-10-10 03:25:28,390 INFO - ContAudITWrapper#18 - Response true
2024-10-10 03:25:28,397 INFO - ContAudITWrapper#18 - Artifact user.workflow hash: 52877374d8c54314b7af92814eaf729121e99a87e9706a2888cd9bcd951b11c9
2024-10-10 03:25:28,416 INFO - ContAudITWrapper#18 - Validating Artifact...
2024-10-10 03:25:30,267 INFO - ContAudITWrapper#18 - Response true
2024-10-10 03:25:30,275 INFO - ContAudITWrapper#18 - Running pre-command actions...
2024-10-10 03:25:30,276 INFO - ContAudITWrapper#18 - Analyzing current environment state...
2024-10-10 03:25:30,323 INFO - ContAudITWrapper#18 - Saving current environment state...
2024-10-10 03:25:30,324 INFO - ContAudITWrapper#18 - Environment state hash: a7ffc6f8bf1ed76651c14756a061d662f580ff4de43b49fa82d80a4b80f8434a
2024-10-10 03:25:30,325 INFO - ContAudITWrapper#18 - Executing command...
2024-10-10 03:25:31,544 INFO - ContAudITWrapper#18 - Command output: 
2024-10-10 03:25:30.350431052 [executor] Initializing the workflow...
[useradd_workflow] User contaudit18 already exists. Removing...
[useradd_workflow] User contaudit18 successfully removed.
[useradd_workflow] User contaudit18 created successfully.
2024-10-10 03:25:31.544166666 [executor] Finished!

2024-10-10 03:25:31,545 INFO - ContAudITWrapper#18 - Running post-command actions...
2024-10-10 03:25:31,545 INFO - ContAudITWrapper#18 - Analyzing current environment state...
2024-10-10 03:25:31,552 INFO - ContAudITWrapper#18 - Saving current environment state...
2024-10-10 03:25:31,553 INFO - ContAudITWrapper#18 - Environment state hash: a7ffc6f8bf1ed76651c14756a061d662f580ff4de43b49fa82d80a4b80f8434a
2024-10-10 03:25:31,553 INFO - ContAudITWrapper#18 - Checking environment diff...
2024-10-10 03:25:31,561 INFO - ContAudITWrapper#18 - Environment diff: 
2024-10-10 03:25:31,561 INFO - ContAudITWrapper#18 - Cleaning temporary files...
2024-10-10 03:25:31,570 INFO - ContAudITWrapper#18 - Sending to blockchain...
2024-10-10 03:25:33,528 INFO - ContAudITWrapper#18 - Response 
2024-10-10 03:25:33,536 INFO - ContAudITWrapper#18 - Finishing ContAudIT Wrapper...
