2024-10-10 03:25:08,776 INFO - ContAudITWrapper#17 - Initializing ContAudIT Wrapper...
2024-10-10 03:25:08,823 INFO - ContAudITWrapper#17 - Current directory: /home/ec2-user/Code/ufrgs-poc/contaudit-wrapper.jar
2024-10-10 03:25:13,012 INFO - ContAudITWrapper#17 - Wrapper hash: b7519188ed863d76e5199a8d880bb968bdf9124fad53b871583787e123a7a764
2024-10-10 03:25:13,020 INFO - ContAudITWrapper#17 - Validating Wrapper...
2024-10-10 03:25:25,625 INFO - ContAudITWrapper#17 - Response true
2024-10-10 03:25:25,671 INFO - ContAudITWrapper#17 - Application hash: e36ee2d35f8c4c41bd358782dfb3ac8852b40439d350ff27616f0c18819ce9bf
2024-10-10 03:25:25,681 INFO - ContAudITWrapper#17 - Validating Application...
2024-10-10 03:25:28,248 INFO - ContAudITWrapper#17 - Response true
2024-10-10 03:25:28,260 INFO - ContAudITWrapper#17 - Artifact user.workflow hash: 52877374d8c54314b7af92814eaf729121e99a87e9706a2888cd9bcd951b11c9
2024-10-10 03:25:28,281 INFO - ContAudITWrapper#17 - Validating Artifact...
2024-10-10 03:25:30,253 INFO - ContAudITWrapper#17 - Response true
2024-10-10 03:25:30,262 INFO - ContAudITWrapper#17 - Running pre-command actions...
2024-10-10 03:25:30,263 INFO - ContAudITWrapper#17 - Analyzing current environment state...
2024-10-10 03:25:30,361 INFO - ContAudITWrapper#17 - Saving current environment state...
2024-10-10 03:25:30,362 INFO - ContAudITWrapper#17 - Environment state hash: a7ffc6f8bf1ed76651c14756a061d662f580ff4de43b49fa82d80a4b80f8434a
2024-10-10 03:25:30,362 INFO - ContAudITWrapper#17 - Executing command...
2024-10-10 03:25:31,599 INFO - ContAudITWrapper#17 - Command output: 
2024-10-10 03:25:30.430474272 [executor] Initializing the workflow...
[useradd_workflow] User contaudit17 already exists. Removing...
[useradd_workflow] User contaudit17 successfully removed.
[useradd_workflow] User contaudit17 created successfully.
2024-10-10 03:25:31.599156352 [executor] Finished!

2024-10-10 03:25:31,600 INFO - ContAudITWrapper#17 - Running post-command actions...
2024-10-10 03:25:31,600 INFO - ContAudITWrapper#17 - Analyzing current environment state...
2024-10-10 03:25:31,606 INFO - ContAudITWrapper#17 - Saving current environment state...
2024-10-10 03:25:31,606 INFO - ContAudITWrapper#17 - Environment state hash: a7ffc6f8bf1ed76651c14756a061d662f580ff4de43b49fa82d80a4b80f8434a
2024-10-10 03:25:31,606 INFO - ContAudITWrapper#17 - Checking environment diff...
2024-10-10 03:25:31,610 INFO - ContAudITWrapper#17 - Environment diff: 
2024-10-10 03:25:31,610 INFO - ContAudITWrapper#17 - Cleaning temporary files...
2024-10-10 03:25:31,613 INFO - ContAudITWrapper#17 - Sending to blockchain...
2024-10-10 03:25:33,611 INFO - ContAudITWrapper#17 - Response 
2024-10-10 03:25:33,615 INFO - ContAudITWrapper#17 - Finishing ContAudIT Wrapper...
