2024-10-10 03:25:08,727 INFO - ContAudITWrapper#12 - Initializing ContAudIT Wrapper...
2024-10-10 03:25:08,758 INFO - ContAudITWrapper#12 - Current directory: /home/ec2-user/Code/ufrgs-poc/contaudit-wrapper.jar
2024-10-10 03:25:13,758 INFO - ContAudITWrapper#12 - Wrapper hash: b7519188ed863d76e5199a8d880bb968bdf9124fad53b871583787e123a7a764
2024-10-10 03:25:13,767 INFO - ContAudITWrapper#12 - Validating Wrapper...
2024-10-10 03:25:27,248 INFO - ContAudITWrapper#12 - Response true
2024-10-10 03:25:27,256 INFO - ContAudITWrapper#12 - Application hash: e36ee2d35f8c4c41bd358782dfb3ac8852b40439d350ff27616f0c18819ce9bf
2024-10-10 03:25:27,256 INFO - ContAudITWrapper#12 - Validating Application...
2024-10-10 03:25:29,651 INFO - ContAudITWrapper#12 - Response true
2024-10-10 03:25:29,702 INFO - ContAudITWrapper#12 - Artifact user.workflow hash: 52877374d8c54314b7af92814eaf729121e99a87e9706a2888cd9bcd951b11c9
2024-10-10 03:25:29,724 INFO - ContAudITWrapper#12 - Validating Artifact...
2024-10-10 03:25:31,542 INFO - ContAudITWrapper#12 - Response true
2024-10-10 03:25:31,561 INFO - ContAudITWrapper#12 - Running pre-command actions...
2024-10-10 03:25:31,562 INFO - ContAudITWrapper#12 - Analyzing current environment state...
2024-10-10 03:25:31,573 INFO - ContAudITWrapper#12 - Saving current environment state...
2024-10-10 03:25:31,573 INFO - ContAudITWrapper#12 - Environment state hash: a7ffc6f8bf1ed76651c14756a061d662f580ff4de43b49fa82d80a4b80f8434a
2024-10-10 03:25:31,573 INFO - ContAudITWrapper#12 - Executing command...
2024-10-10 03:25:33,158 INFO - ContAudITWrapper#12 - Command output: 
2024-10-10 03:25:31.577852201 [executor] Initializing the workflow...
[useradd_workflow] User contaudit12 already exists. Removing...
[useradd_workflow] User contaudit12 successfully removed.
[useradd_workflow] User contaudit12 created successfully.
2024-10-10 03:25:33.157244223 [executor] Finished!

2024-10-10 03:25:33,158 INFO - ContAudITWrapper#12 - Running post-command actions...
2024-10-10 03:25:33,158 INFO - ContAudITWrapper#12 - Analyzing current environment state...
2024-10-10 03:25:33,184 INFO - ContAudITWrapper#12 - Saving current environment state...
2024-10-10 03:25:33,185 INFO - ContAudITWrapper#12 - Environment state hash: a7ffc6f8bf1ed76651c14756a061d662f580ff4de43b49fa82d80a4b80f8434a
2024-10-10 03:25:33,185 INFO - ContAudITWrapper#12 - Checking environment diff...
2024-10-10 03:25:33,197 INFO - ContAudITWrapper#12 - Environment diff: 
2024-10-10 03:25:33,198 INFO - ContAudITWrapper#12 - Cleaning temporary files...
2024-10-10 03:25:33,220 INFO - ContAudITWrapper#12 - Sending to blockchain...
2024-10-10 03:25:34,657 INFO - ContAudITWrapper#12 - Response 
2024-10-10 03:25:34,678 INFO - ContAudITWrapper#12 - Finishing ContAudIT Wrapper...
