2024-10-11 04:58:24,360 INFO - ContAudITWrapper#41 - Initializing ContAudIT Wrapper...
2024-10-11 04:58:24,603 INFO - ContAudITWrapper#41 - Current directory: /home/ec2-user/Code/ufrgs-poc/contaudit-wrapper.jar
2024-10-11 04:58:45,677 INFO - ContAudITWrapper#41 - Wrapper hash: b7519188ed863d76e5199a8d880bb968bdf9124fad53b871583787e123a7a764
2024-10-11 04:58:45,685 INFO - ContAudITWrapper#41 - Validating Wrapper...
2024-10-11 04:59:52,315 INFO - ContAudITWrapper#41 - Response true
2024-10-11 04:59:52,630 INFO - ContAudITWrapper#41 - Application hash: e36ee2d35f8c4c41bd358782dfb3ac8852b40439d350ff27616f0c18819ce9bf
2024-10-11 04:59:52,683 INFO - ContAudITWrapper#41 - Validating Application...
2024-10-11 05:00:04,489 INFO - ContAudITWrapper#41 - Response true
2024-10-11 05:00:04,498 INFO - ContAudITWrapper#41 - Artifact apache2.workflow hash: bdb4cee855e21446b6ae53ddcb76a1632ef8c4545b5db0517e01ffd552157f6e
2024-10-11 05:00:04,523 INFO - ContAudITWrapper#41 - Validating Artifact...
2024-10-11 05:00:17,351 INFO - ContAudITWrapper#41 - Response true
2024-10-11 05:00:17,354 INFO - ContAudITWrapper#41 - Running pre-command actions...
2024-10-11 05:00:17,355 INFO - ContAudITWrapper#41 - Analyzing current environment state...
2024-10-11 05:00:17,607 INFO - ContAudITWrapper#41 - Saving current environment state...
2024-10-11 05:00:17,608 INFO - ContAudITWrapper#41 - Environment state hash: a7ffc6f8bf1ed76651c14756a061d662f580ff4de43b49fa82d80a4b80f8434a
2024-10-11 05:00:17,608 INFO - ContAudITWrapper#41 - Executing command...
2024-10-11 05:00:19,391 INFO - ContAudITWrapper#41 - Command output: 
2024-10-11 05:00:17.734608798 [executor] Initializing the workflow...
[apache2_workflow] Apache HTTP Server already installed.
[apache2_workflow] UserDir module already loaded.
[apache2_workflow] Configs to UserDir already exist.
[apache2_workflow] public_html directory already exists in /home/ec2-user.
[apache2_workflow] Creating a simple webpage...
[apache2_workflow] Moving webpage to Apache HTTP Server user website folder...
[apache2_workflow] Page moved successfully!
2024-10-11 05:00:19.390457159 [executor] Finished!

2024-10-11 05:00:19,391 INFO - ContAudITWrapper#41 - Running post-command actions...
2024-10-11 05:00:19,392 INFO - ContAudITWrapper#41 - Analyzing current environment state...
2024-10-11 05:00:19,478 INFO - ContAudITWrapper#41 - Saving current environment state...
2024-10-11 05:00:19,478 INFO - ContAudITWrapper#41 - Environment state hash: a7ffc6f8bf1ed76651c14756a061d662f580ff4de43b49fa82d80a4b80f8434a
2024-10-11 05:00:19,479 INFO - ContAudITWrapper#41 - Checking environment diff...
2024-10-11 05:00:19,527 INFO - ContAudITWrapper#41 - Environment diff: 
2024-10-11 05:00:19,527 INFO - ContAudITWrapper#41 - Cleaning temporary files...
2024-10-11 05:00:19,612 INFO - ContAudITWrapper#41 - Sending to blockchain...
2024-10-11 05:00:30,011 INFO - ContAudITWrapper#41 - Response 
2024-10-11 05:00:30,013 INFO - ContAudITWrapper#41 - Finishing ContAudIT Wrapper...
