2024-10-11 04:58:24,139 INFO - ContAudITWrapper#96 - Initializing ContAudIT Wrapper...
2024-10-11 04:58:24,378 INFO - ContAudITWrapper#96 - Current directory: /home/ec2-user/Code/ufrgs-poc/contaudit-wrapper.jar
2024-10-11 04:58:47,273 INFO - ContAudITWrapper#96 - Wrapper hash: b7519188ed863d76e5199a8d880bb968bdf9124fad53b871583787e123a7a764
2024-10-11 04:58:47,382 INFO - ContAudITWrapper#96 - Validating Wrapper...
2024-10-11 04:59:56,050 INFO - ContAudITWrapper#96 - Response true
2024-10-11 04:59:56,237 INFO - ContAudITWrapper#96 - Application hash: e36ee2d35f8c4c41bd358782dfb3ac8852b40439d350ff27616f0c18819ce9bf
2024-10-11 04:59:56,238 INFO - ContAudITWrapper#96 - Validating Application...
2024-10-11 05:00:10,590 INFO - ContAudITWrapper#96 - Response true
2024-10-11 05:00:10,600 INFO - ContAudITWrapper#96 - Artifact apache2.workflow hash: bdb4cee855e21446b6ae53ddcb76a1632ef8c4545b5db0517e01ffd552157f6e
2024-10-11 05:00:10,643 INFO - ContAudITWrapper#96 - Validating Artifact...
2024-10-11 05:00:21,225 INFO - ContAudITWrapper#96 - Response true
2024-10-11 05:00:21,235 INFO - ContAudITWrapper#96 - Running pre-command actions...
2024-10-11 05:00:21,237 INFO - ContAudITWrapper#96 - Analyzing current environment state...
2024-10-11 05:00:21,501 INFO - ContAudITWrapper#96 - Saving current environment state...
2024-10-11 05:00:21,502 INFO - ContAudITWrapper#96 - Environment state hash: a7ffc6f8bf1ed76651c14756a061d662f580ff4de43b49fa82d80a4b80f8434a
2024-10-11 05:00:21,502 INFO - ContAudITWrapper#96 - Executing command...
2024-10-11 05:00:22,932 INFO - ContAudITWrapper#96 - Command output: 
2024-10-11 05:00:21.639856328 [executor] Initializing the workflow...
[apache2_workflow] Apache HTTP Server already installed.
[apache2_workflow] UserDir module already loaded.
[apache2_workflow] Configs to UserDir already exist.
[apache2_workflow] public_html directory already exists in /home/ec2-user.
[apache2_workflow] Creating a simple webpage...
[apache2_workflow] Moving webpage to Apache HTTP Server user website folder...
[apache2_workflow] Page moved successfully!
2024-10-11 05:00:22.909519944 [executor] Finished!

2024-10-11 05:00:22,932 INFO - ContAudITWrapper#96 - Running post-command actions...
2024-10-11 05:00:22,932 INFO - ContAudITWrapper#96 - Analyzing current environment state...
2024-10-11 05:00:23,141 INFO - ContAudITWrapper#96 - Saving current environment state...
2024-10-11 05:00:23,141 INFO - ContAudITWrapper#96 - Environment state hash: a7ffc6f8bf1ed76651c14756a061d662f580ff4de43b49fa82d80a4b80f8434a
2024-10-11 05:00:23,142 INFO - ContAudITWrapper#96 - Checking environment diff...
2024-10-11 05:00:23,226 INFO - ContAudITWrapper#96 - Environment diff: 
2024-10-11 05:00:23,226 INFO - ContAudITWrapper#96 - Cleaning temporary files...
2024-10-11 05:00:23,371 INFO - ContAudITWrapper#96 - Sending to blockchain...
2024-10-11 05:00:34,217 INFO - ContAudITWrapper#96 - Response 
2024-10-11 05:00:34,222 INFO - ContAudITWrapper#96 - Finishing ContAudIT Wrapper...
