2024-10-11 04:58:24,122 INFO - ContAudITWrapper#29 - Initializing ContAudIT Wrapper...
2024-10-11 04:58:24,335 INFO - ContAudITWrapper#29 - Current directory: /home/ec2-user/Code/ufrgs-poc/contaudit-wrapper.jar
2024-10-11 04:58:47,560 INFO - ContAudITWrapper#29 - Wrapper hash: b7519188ed863d76e5199a8d880bb968bdf9124fad53b871583787e123a7a764
2024-10-11 04:58:47,568 INFO - ContAudITWrapper#29 - Validating Wrapper...
2024-10-11 04:59:57,121 INFO - ContAudITWrapper#29 - Response true
2024-10-11 04:59:57,251 INFO - ContAudITWrapper#29 - Application hash: e36ee2d35f8c4c41bd358782dfb3ac8852b40439d350ff27616f0c18819ce9bf
2024-10-11 04:59:57,252 INFO - ContAudITWrapper#29 - Validating Application...
2024-10-11 05:00:11,362 INFO - ContAudITWrapper#29 - Response true
2024-10-11 05:00:11,376 INFO - ContAudITWrapper#29 - Artifact apache2.workflow hash: bdb4cee855e21446b6ae53ddcb76a1632ef8c4545b5db0517e01ffd552157f6e
2024-10-11 05:00:11,423 INFO - ContAudITWrapper#29 - Validating Artifact...
2024-10-11 05:00:21,436 INFO - ContAudITWrapper#29 - Response true
2024-10-11 05:00:21,444 INFO - ContAudITWrapper#29 - Running pre-command actions...
2024-10-11 05:00:21,445 INFO - ContAudITWrapper#29 - Analyzing current environment state...
2024-10-11 05:00:21,677 INFO - ContAudITWrapper#29 - Saving current environment state...
2024-10-11 05:00:21,678 INFO - ContAudITWrapper#29 - Environment state hash: a7ffc6f8bf1ed76651c14756a061d662f580ff4de43b49fa82d80a4b80f8434a
2024-10-11 05:00:21,678 INFO - ContAudITWrapper#29 - Executing command...
2024-10-11 05:00:22,562 INFO - ContAudITWrapper#29 - Command output: 
2024-10-11 05:00:21.874179416 [executor] Initializing the workflow...
[apache2_workflow] Apache HTTP Server already installed.
[apache2_workflow] UserDir module already loaded.
[apache2_workflow] Configs to UserDir already exist.
[apache2_workflow] public_html directory already exists in /home/ec2-user.
[apache2_workflow] Creating a simple webpage...
[apache2_workflow] Moving webpage to Apache HTTP Server user website folder...
[apache2_workflow] Page moved successfully!
2024-10-11 05:00:22.561419378 [executor] Finished!

2024-10-11 05:00:22,563 INFO - ContAudITWrapper#29 - Running post-command actions...
2024-10-11 05:00:22,563 INFO - ContAudITWrapper#29 - Analyzing current environment state...
2024-10-11 05:00:22,744 INFO - ContAudITWrapper#29 - Saving current environment state...
2024-10-11 05:00:22,744 INFO - ContAudITWrapper#29 - Environment state hash: a7ffc6f8bf1ed76651c14756a061d662f580ff4de43b49fa82d80a4b80f8434a
2024-10-11 05:00:22,744 INFO - ContAudITWrapper#29 - Checking environment diff...
2024-10-11 05:00:22,861 INFO - ContAudITWrapper#29 - Environment diff: 
2024-10-11 05:00:22,862 INFO - ContAudITWrapper#29 - Cleaning temporary files...
2024-10-11 05:00:22,933 INFO - ContAudITWrapper#29 - Sending to blockchain...
2024-10-11 05:00:34,224 INFO - ContAudITWrapper#29 - Response 
2024-10-11 05:00:34,225 INFO - ContAudITWrapper#29 - Finishing ContAudIT Wrapper...
