2024-10-11 04:58:23,087 INFO - ContAudITWrapper#85 - Initializing ContAudIT Wrapper...
2024-10-11 04:58:23,374 INFO - ContAudITWrapper#85 - Current directory: /home/ec2-user/Code/ufrgs-poc/contaudit-wrapper.jar
2024-10-11 04:58:50,774 INFO - ContAudITWrapper#85 - Wrapper hash: b7519188ed863d76e5199a8d880bb968bdf9124fad53b871583787e123a7a764
2024-10-11 04:58:50,868 INFO - ContAudITWrapper#85 - Validating Wrapper...
2024-10-11 05:00:02,615 INFO - ContAudITWrapper#85 - Response true
2024-10-11 05:00:02,825 INFO - ContAudITWrapper#85 - Application hash: e36ee2d35f8c4c41bd358782dfb3ac8852b40439d350ff27616f0c18819ce9bf
2024-10-11 05:00:02,826 INFO - ContAudITWrapper#85 - Validating Application...
2024-10-11 05:00:16,493 INFO - ContAudITWrapper#85 - Response true
2024-10-11 05:00:16,663 INFO - ContAudITWrapper#85 - Artifact apache2.workflow hash: bdb4cee855e21446b6ae53ddcb76a1632ef8c4545b5db0517e01ffd552157f6e
2024-10-11 05:00:16,674 INFO - ContAudITWrapper#85 - Validating Artifact...
2024-10-11 05:00:28,717 INFO - ContAudITWrapper#85 - Response true
2024-10-11 05:00:28,727 INFO - ContAudITWrapper#85 - Running pre-command actions...
2024-10-11 05:00:28,728 INFO - ContAudITWrapper#85 - Analyzing current environment state...
2024-10-11 05:00:28,830 INFO - ContAudITWrapper#85 - Saving current environment state...
2024-10-11 05:00:28,831 INFO - ContAudITWrapper#85 - Environment state hash: a7ffc6f8bf1ed76651c14756a061d662f580ff4de43b49fa82d80a4b80f8434a
2024-10-11 05:00:28,832 INFO - ContAudITWrapper#85 - Executing command...
2024-10-11 05:00:30,122 INFO - ContAudITWrapper#85 - Command output: 
2024-10-11 05:00:28.937848845 [executor] Initializing the workflow...
[apache2_workflow] Apache HTTP Server already installed.
[apache2_workflow] UserDir module already loaded.
[apache2_workflow] Configs to UserDir already exist.
[apache2_workflow] public_html directory already exists in /home/ec2-user.
[apache2_workflow] Creating a simple webpage...
[apache2_workflow] Moving webpage to Apache HTTP Server user website folder...
[apache2_workflow] Page moved successfully!
2024-10-11 05:00:30.121106543 [executor] Finished!

2024-10-11 05:00:30,122 INFO - ContAudITWrapper#85 - Running post-command actions...
2024-10-11 05:00:30,122 INFO - ContAudITWrapper#85 - Analyzing current environment state...
2024-10-11 05:00:30,290 INFO - ContAudITWrapper#85 - Saving current environment state...
2024-10-11 05:00:30,291 INFO - ContAudITWrapper#85 - Environment state hash: a7ffc6f8bf1ed76651c14756a061d662f580ff4de43b49fa82d80a4b80f8434a
2024-10-11 05:00:30,291 INFO - ContAudITWrapper#85 - Checking environment diff...
2024-10-11 05:00:30,347 INFO - ContAudITWrapper#85 - Environment diff: 
2024-10-11 05:00:30,348 INFO - ContAudITWrapper#85 - Cleaning temporary files...
2024-10-11 05:00:30,424 INFO - ContAudITWrapper#85 - Sending to blockchain...
2024-10-11 05:00:39,231 INFO - ContAudITWrapper#85 - Response 
2024-10-11 05:00:39,233 INFO - ContAudITWrapper#85 - Finishing ContAudIT Wrapper...
