2024-10-11 04:58:24,121 INFO - ContAudITWrapper#95 - Initializing ContAudIT Wrapper...
2024-10-11 04:58:24,175 INFO - ContAudITWrapper#95 - Current directory: /home/ec2-user/Code/ufrgs-poc/contaudit-wrapper.jar
2024-10-11 04:58:50,935 INFO - ContAudITWrapper#95 - Wrapper hash: b7519188ed863d76e5199a8d880bb968bdf9124fad53b871583787e123a7a764
2024-10-11 04:58:51,024 INFO - ContAudITWrapper#95 - Validating Wrapper...
2024-10-11 05:00:01,956 INFO - ContAudITWrapper#95 - Response true
2024-10-11 05:00:02,222 INFO - ContAudITWrapper#95 - Application hash: e36ee2d35f8c4c41bd358782dfb3ac8852b40439d350ff27616f0c18819ce9bf
2024-10-11 05:00:02,223 INFO - ContAudITWrapper#95 - Validating Application...
2024-10-11 05:00:15,693 INFO - ContAudITWrapper#95 - Response true
2024-10-11 05:00:15,706 INFO - ContAudITWrapper#95 - Artifact apache2.workflow hash: bdb4cee855e21446b6ae53ddcb76a1632ef8c4545b5db0517e01ffd552157f6e
2024-10-11 05:00:15,940 INFO - ContAudITWrapper#95 - Validating Artifact...
2024-10-11 05:00:27,704 INFO - ContAudITWrapper#95 - Response true
2024-10-11 05:00:27,706 INFO - ContAudITWrapper#95 - Running pre-command actions...
2024-10-11 05:00:27,707 INFO - ContAudITWrapper#95 - Analyzing current environment state...
2024-10-11 05:00:27,808 INFO - ContAudITWrapper#95 - Saving current environment state...
2024-10-11 05:00:27,809 INFO - ContAudITWrapper#95 - Environment state hash: a7ffc6f8bf1ed76651c14756a061d662f580ff4de43b49fa82d80a4b80f8434a
2024-10-11 05:00:27,809 INFO - ContAudITWrapper#95 - Executing command...
2024-10-11 05:00:29,452 INFO - ContAudITWrapper#95 - Command output: 
2024-10-11 05:00:27.895601801 [executor] Initializing the workflow...
[apache2_workflow] Apache HTTP Server already installed.
[apache2_workflow] UserDir module already loaded.
[apache2_workflow] Configs to UserDir already exist.
[apache2_workflow] public_html directory already exists in /home/ec2-user.
[apache2_workflow] Creating a simple webpage...
[apache2_workflow] Moving webpage to Apache HTTP Server user website folder...
[apache2_workflow] Page moved successfully!
2024-10-11 05:00:29.451208732 [executor] Finished!

2024-10-11 05:00:29,452 INFO - ContAudITWrapper#95 - Running post-command actions...
2024-10-11 05:00:29,452 INFO - ContAudITWrapper#95 - Analyzing current environment state...
2024-10-11 05:00:29,553 INFO - ContAudITWrapper#95 - Saving current environment state...
2024-10-11 05:00:29,554 INFO - ContAudITWrapper#95 - Environment state hash: a7ffc6f8bf1ed76651c14756a061d662f580ff4de43b49fa82d80a4b80f8434a
2024-10-11 05:00:29,554 INFO - ContAudITWrapper#95 - Checking environment diff...
2024-10-11 05:00:29,594 INFO - ContAudITWrapper#95 - Environment diff: 
2024-10-11 05:00:29,595 INFO - ContAudITWrapper#95 - Cleaning temporary files...
2024-10-11 05:00:29,677 INFO - ContAudITWrapper#95 - Sending to blockchain...
2024-10-11 05:00:39,439 INFO - ContAudITWrapper#95 - Response 
2024-10-11 05:00:39,441 INFO - ContAudITWrapper#95 - Finishing ContAudIT Wrapper...
