2024-10-11 04:58:23,921 INFO - ContAudITWrapper#37 - Initializing ContAudIT Wrapper...
2024-10-11 04:58:24,094 INFO - ContAudITWrapper#37 - Current directory: /home/ec2-user/Code/ufrgs-poc/contaudit-wrapper.jar
2024-10-11 04:58:44,554 INFO - ContAudITWrapper#37 - Wrapper hash: b7519188ed863d76e5199a8d880bb968bdf9124fad53b871583787e123a7a764
2024-10-11 04:58:44,631 INFO - ContAudITWrapper#37 - Validating Wrapper...
2024-10-11 04:59:52,479 INFO - ContAudITWrapper#37 - Response true
2024-10-11 04:59:52,727 INFO - ContAudITWrapper#37 - Application hash: e36ee2d35f8c4c41bd358782dfb3ac8852b40439d350ff27616f0c18819ce9bf
2024-10-11 04:59:52,734 INFO - ContAudITWrapper#37 - Validating Application...
2024-10-11 05:00:08,861 INFO - ContAudITWrapper#37 - Response true
2024-10-11 05:00:08,879 INFO - ContAudITWrapper#37 - Artifact apache2.workflow hash: bdb4cee855e21446b6ae53ddcb76a1632ef8c4545b5db0517e01ffd552157f6e
2024-10-11 05:00:08,889 INFO - ContAudITWrapper#37 - Validating Artifact...
2024-10-11 05:00:20,182 INFO - ContAudITWrapper#37 - Response true
2024-10-11 05:00:20,187 INFO - ContAudITWrapper#37 - Running pre-command actions...
2024-10-11 05:00:20,188 INFO - ContAudITWrapper#37 - Analyzing current environment state...
2024-10-11 05:00:20,609 INFO - ContAudITWrapper#37 - Saving current environment state...
2024-10-11 05:00:20,611 INFO - ContAudITWrapper#37 - Environment state hash: a7ffc6f8bf1ed76651c14756a061d662f580ff4de43b49fa82d80a4b80f8434a
2024-10-11 05:00:20,611 INFO - ContAudITWrapper#37 - Executing command...
2024-10-11 05:00:21,541 INFO - ContAudITWrapper#37 - Command output: 
2024-10-11 05:00:20.785281537 [executor] Initializing the workflow...
[apache2_workflow] Apache HTTP Server already installed.
[apache2_workflow] UserDir module already loaded.
[apache2_workflow] Configs to UserDir already exist.
[apache2_workflow] public_html directory already exists in /home/ec2-user.
[apache2_workflow] Creating a simple webpage...
[apache2_workflow] Moving webpage to Apache HTTP Server user website folder...
[apache2_workflow] Page moved successfully!
2024-10-11 05:00:21.540698137 [executor] Finished!

2024-10-11 05:00:21,542 INFO - ContAudITWrapper#37 - Running post-command actions...
2024-10-11 05:00:21,542 INFO - ContAudITWrapper#37 - Analyzing current environment state...
2024-10-11 05:00:21,655 INFO - ContAudITWrapper#37 - Saving current environment state...
2024-10-11 05:00:21,655 INFO - ContAudITWrapper#37 - Environment state hash: a7ffc6f8bf1ed76651c14756a061d662f580ff4de43b49fa82d80a4b80f8434a
2024-10-11 05:00:21,656 INFO - ContAudITWrapper#37 - Checking environment diff...
2024-10-11 05:00:21,814 INFO - ContAudITWrapper#37 - Environment diff: 
2024-10-11 05:00:21,815 INFO - ContAudITWrapper#37 - Cleaning temporary files...
2024-10-11 05:00:21,930 INFO - ContAudITWrapper#37 - Sending to blockchain...
2024-10-11 05:00:36,862 INFO - ContAudITWrapper#37 - Response 
2024-10-11 05:00:36,863 INFO - ContAudITWrapper#37 - Finishing ContAudIT Wrapper...
